SUMMARY OF C0NVERGENCE INFORMATION
  STEP   INC  ATT   ITER     CONT.   RESID.        CORR.      RESID.      CORR.
                              EL.    FORCE         DISP       FLUX        TEMP.
                              (#)     (%)           (%)        (%)         (%)
     1     1     1     1        0  0.0000E+00  0.1000E-29  0.2387E+04  0.1000E+03
     1     1     1     2        0  0.7015E+04  0.1000E-29  0.0000E+00  0.2285E-05
     1     1     1     3        0  0.3171E-02  0.1000E+03  0.0000E+00  0.9984E-10
     1     1     1     4        0  0.6361E+01  0.2799E-03  0.0000E+00  0.1469E-03
     1     1     1     5        0  0.2043E+00  0.3691E-02  0.0000E+00  0.8224E-10
     1     2     1     1        0  0.0000E+00  0.7013E+02  0.3386E+04  0.1000E+03
     1     2     1     2        0  0.1468E+05  0.7392E-04  0.0000E+00  0.4648E-03
     1     2     1     3        0  0.5427E+00  0.6447E+02  0.0000E+00  0.5007E-10
     1     2     1     4        0  0.1030E+02  0.2044E-03  0.0000E+00  0.3066E-03
     1     2     1     5        0  0.3661E+00  0.6413E-02  0.0000E+00  0.1350E-08
     1     3     1     1        0  0.0000E+00  0.2065E+02  0.3663E+04  0.1000E+03
     1     3     1     2        0  0.2092E+05  0.7623E-04  0.0000E+00  0.1821E-03
     1     3     1     3        0  0.1772E+00  0.3925E+02  0.0000E+00  0.9286E-10
     1     3     1     4        0  0.1041E+02  0.7403E-04  0.0000E+00  0.4234E-03
     1     3     1     5        0  0.3823E+00  0.6783E-02  0.0000E+00  0.7040E-09
     1     4     1     1        0  0.0000E+00  0.2487E+02  0.3487E+04  0.1000E+03
     1     4     1     2        0  0.2480E+05  0.3745E-04  0.0000E+00  0.7780E-03
     1     4     1     3        0  0.4918E+00  0.2193E+02  0.0000E+00  0.8913E-10
     1     4     1     4        0  0.8095E+01  0.1152E-03  0.0000E+00  0.4540E-03
     1     4     1     5        0  0.3000E+00  0.5280E-02  0.0000E+00  0.3030E-08
     1     5     1     1        0  0.0000E+00  0.7777E+01  0.2957E+04  0.1000E+03
     1     5     1     2        0  0.2512E+05  0.2151E-04  0.0000E+00  0.1401E-03
     1     5     1     3        0  0.6441E-01  0.1241E+02  0.0000E+00  0.8157E-10
     1     5     1     4        0  0.4749E+01  0.1150E-04  0.0000E+00  0.3800E-03
     1     5     1     5        0  0.1740E+00  0.3573E-02  0.0000E+00  0.4750E-09
     1     6     1     1        0  0.0000E+00  0.8356E+01  0.2049E+04  0.1000E+03
     1     6     1     2        0  0.1981E+05  0.1028E-04  0.0000E+00  0.5734E-03
     1     6     1     3        0  0.1508E+00  0.5731E+01  0.0000E+00  0.8616E-10
     1     6     1     4        0  0.1792E+01  0.1804E-04  0.0000E+00  0.2108E-03
     1     6     1     5        0  0.6239E-01  0.1731E-02  0.0000E+00  0.1323E-08
     1     7     1     1        0  0.0000E+00  0.2602E+01  0.7269E+03  0.1000E+03
     1     7     1     2        0  0.7116E+04  0.5999E-05  0.0000E+00  0.1181E-03
     1     7     1     3        0  0.1236E-01  0.1712E+01  0.0000E+00  0.9510E-10
     1     7     1     4        0  0.1975E+00  0.7379E-05  0.0000E+00  0.3756E-04
     1     8     1     1        0  0.0000E+00  0.1537E+01  0.7793E+03  0.1000E+03
     1     8     1     2        0  0.6229E+04  0.2362E-05  0.0000E+00  0.6363E-04
     1     8     1     3        0  0.5094E-02  0.1422E+01  0.0000E+00  0.1421E-09
     1     8     1     4        0  0.1594E+00  0.3579E-05  0.0000E+00  0.5361E-04
     1     9     1     1        0  0.0000E+00  0.7434E+01  0.2990E+04  0.1000E+03
     1     9     1     2        0  0.2477E+05  0.3856E-05  0.0000E+00  0.5522E-03
     1     9     1     3        0  0.1980E+00  0.8170E+01  0.0000E+00  0.9173E-10
     1     9     1     4        0  0.5614E+01  0.7106E-04  0.0000E+00  0.4378E-03
     1     9     1     5        0  0.1617E+00  0.3520E-02  0.0000E+00  0.2407E-08
     1    10     1     1        0  0.0000E+00  0.2312E+02  0.3794E+04  0.1000E+03
     1    10     1     2        0  0.2983E+05  0.5252E-04  0.0000E+00  0.6109E-03
     1    10     1     3        0  0.2832E+00  0.1866E+02  0.0000E+00  0.1706E-09
     1    10     1     4        0  0.9458E+01  0.1290E-03  0.0000E+00  0.6490E-03
     1    10     1     5        0  0.2771E+00  0.1048E-01  0.0000E+00  0.3676E-08
     1    11     1     1        0  0.0000E+00  0.9461E+02  0.3197E+04  0.1000E+03
     1    11     1     2        0  0.2756E+05  0.1212E-03  0.0000E+00  0.6662E-03
     1    11     1     3        0  0.2369E+00  0.5653E+02  0.0000E+00  0.2744E-09
     1    11     1     4        0  0.6887E+01  0.2824E-03  0.0000E+00  0.5426E-03
     1    11     1     5        0  0.1987E+00  0.3935E-01  0.0000E+00  0.3441E-08
     1    12     1     1        0  0.0000E+00  0.1314E+02  0.1472E+04  0.1000E+03
     1    12     1     2        0  0.1506E+05  0.3023E-04  0.0000E+00  0.3313E-03
     1    12     1     3        0  0.7327E-01  0.4370E+01  0.0000E+00  0.1617E-09
     1    12     1     4        0  0.1478E+01  0.2251E-04  0.0000E+00  0.1903E-03
     1    12     1     5        0  0.3812E-01  0.3328E-02  0.0000E+00  0.8010E-09
     1    13     1     1        0  0.0000E+00  0.3328E+01  0.6569E+03  0.1000E+03
     1    13     1     2        0  0.7096E+04  0.2634E-05  0.0000E+00  0.3781E-03
     1    13     1     3        0  0.4251E-01  0.1362E+01  0.0000E+00  0.2334E-09
     1    13     1     4        0  0.4358E+00  0.6022E-05  0.0000E+00  0.6623E-04
     1    14     1     1        0  0.0000E+00  0.4285E+01  0.2800E+04  0.1000E+03
     1    14     1     2        0  0.2575E+05  0.1340E-04  0.0000E+00  0.8555E-03
     1    14     1     3        0  0.2577E+00  0.4214E+01  0.0000E+00  0.2950E-09
     1    14     1     4        0  0.5209E+01  0.4129E-04  0.0000E+00  0.4468E-03
     1    14     1     5        0  0.1428E+00  0.3728E-02  0.0000E+00  0.3659E-08
     1    15     1     1        0  0.0000E+00  0.1306E+02  0.3638E+04  0.1000E+03
     1    15     1     2        0  0.3243E+05  0.2853E-04  0.0000E+00  0.3214E-03
     1    15     1     3        0  0.1358E+00  0.7117E+01  0.0000E+00  0.2369E-09
     1    15     1     4        0  0.8940E+01  0.1259E-04  0.0000E+00  0.6572E-03
     1    15     1     5        0  0.2534E+00  0.7078E-02  0.0000E+00  0.2043E-08
     1    16     1     1        0  0.0000E+00  0.4944E+02  0.3067E+04  0.1000E+03
     1    16     1     2        0  0.2891E+05  0.1131E-03  0.0000E+00  0.1006E-02
     1    16     1     3        0  0.3011E+00  0.1692E+02  0.0000E+00  0.2844E-09
     1    16     1     4        0  0.6470E+01  0.1100E-03  0.0000E+00  0.5581E-03
     1    16     1     5        0  0.1805E+00  0.1840E-01  0.0000E+00  0.5053E-08
     1    17     1     1        0  0.0000E+00  0.3843E+02  0.1335E+04  0.1000E+03
     1    17     1     2        0  0.1388E+05  0.4322E-04  0.0000E+00  0.1405E-03
     1    17     1     3        0  0.2356E-01  0.6132E+01  0.0000E+00  0.3139E-09
     1    17     1     4        0  0.1355E+01  0.6658E-05  0.0000E+00  0.1768E-03
     1    17     1     5        0  0.3244E-01  0.6846E-02  0.0000E+00  0.3059E-09
     1    18     1     1        0  0.0000E+00  0.8687E+01  0.6506E+03  0.1000E+03
     1    18     1     2        0  0.6664E+04  0.7104E-05  0.0000E+00  0.5138E-04
     1    18     1     3        0  0.3517E-02  0.1186E+01  0.0000E+00  0.3107E-09
     1    18     1     4        0  0.3991E+00  0.9476E-06  0.0000E+00  0.6442E-04
     1    19     1     1        0  0.0000E+00  0.1501E+01  0.2723E+04  0.1000E+03
     1    19     1     2        0  0.2444E+05  0.2271E-05  0.0000E+00  0.4170E-03
     1    19     1     3        0  0.1119E+00  0.3126E+01  0.0000E+00  0.5791E-09
     1    19     1     4        0  0.4601E+01  0.6990E-05  0.0000E+00  0.4502E-03
     1    19     1     5        0  0.1268E+00  0.3412E-02  0.0000E+00  0.1843E-08
     1    20     1     1        0  0.0000E+00  0.8465E+01  0.3547E+04  0.1000E+03
     1    20     1     2        0  0.3051E+05  0.3103E-04  0.0000E+00  0.7549E-03
     1    20     1     3        0  0.2534E+00  0.4386E+01  0.0000E+00  0.4704E-09
     1    20     1     4        0  0.7751E+01  0.2405E-04  0.0000E+00  0.6598E-03
     1    20     1     5        0  0.2201E+00  0.4746E-02  0.0000E+00  0.4465E-08
     1    21     1     1        0  0.0000E+00  0.2356E+02  0.2989E+04  0.1000E+03
     1    21     1     2        0  0.2625E+05  0.2768E-04  0.0000E+00  0.5801E-03
     1    21     1     3        0  0.1565E+00  0.6143E+01  0.0000E+00  0.5131E-09
     1    21     1     4        0  0.5539E+01  0.2985E-04  0.0000E+00  0.5586E-03
     1    21     1     5        0  0.1543E+00  0.6648E-02  0.0000E+00  0.3011E-08
     1    22     1     1        0  0.0000E+00  0.1000E+03  0.1285E+04  0.1000E+03
     1    22     1     2        0  0.1188E+05  0.4006E-03  0.0000E+00  0.3673E-03
     1    22     1     3        0  0.5829E-01  0.1103E+02  0.0000E+00  0.2105E-09
     1    22     1     4        0  0.1155E+01  0.7474E-04  0.0000E+00  0.1755E-03
     1    22     1     5        0  0.2718E-01  0.1241E-01  0.0000E+00  0.8692E-09
     1    23     1     1        0  0.0000E+00  0.1925E+02  0.5805E+03  0.1000E+03
     1    23     1     2        0  0.5103E+04  0.2368E-04  0.0000E+00  0.1777E-03
     1    23     1     3        0  0.1613E-01  0.1377E+01  0.0000E+00  0.3011E-09
     1    23     1     4        0  0.3227E+00  0.4428E-05  0.0000E+00  0.6171E-04
     1    24     1     1        0  0.0000E+00  0.4066E+01  0.2560E+04  0.1000E+03
     1    24     1     2        0  0.2192E+05  0.9243E-05  0.0000E+00  0.6101E-03
     1    24     1     3        0  0.1369E+00  0.2859E+01  0.0000E+00  0.7546E-09
     1    24     1     4        0  0.3865E+01  0.1549E-04  0.0000E+00  0.4542E-03
     1    24     1     5        0  0.1065E+00  0.4125E-02  0.0000E+00  0.2641E-08
     1    25     1     1        0  0.0000E+00  0.4969E+01  0.3371E+04  0.1000E+03
     1    25     1     2        0  0.2828E+05  0.1111E-04  0.0000E+00  0.5614E-03
     1    25     1     3        0  0.1676E+00  0.3398E+01  0.0000E+00  0.8379E-09
     1    25     1     4        0  0.6660E+01  0.1063E-04  0.0000E+00  0.6640E-03
     1    25     1     5        0  0.1901E+00  0.5333E-02  0.0000E+00  0.3398E-08
     1    26     1     1        0  0.0000E+00  0.1488E+02  0.2824E+04  0.1000E+03
     1    26     1     2        0  0.2417E+05  0.3380E-04  0.0000E+00  0.7968E-03
     1    26     1     3        0  0.1778E+00  0.3715E+01  0.0000E+00  0.5817E-09
     1    26     1     4        0  0.4806E+01  0.2914E-04  0.0000E+00  0.5720E-03
     1    26     1     5        0  0.1347E+00  0.5896E-02  0.0000E+00  0.4008E-08
     1    27     1     1        0  0.0000E+00  0.4844E+02  0.1154E+04  0.1000E+03
     1    27     1     2        0  0.1022E+05  0.2154E-04  0.0000E+00  0.2518E-03
     1    27     1     3        0  0.3422E-01  0.4284E+01  0.0000E+00  0.3174E-09
     1    27     1     4        0  0.9661E+00  0.1341E-04  0.0000E+00  0.1675E-03
     1    27     1     5        0  0.2279E-01  0.6669E-02  0.0000E+00  0.5706E-09
     1    28     1     1        0  0.0000E+00  0.5217E+02  0.5707E+03  0.1000E+03
     1    28     1     2        0  0.4794E+04  0.4057E-04  0.0000E+00  0.4861E-04
     1    28     1     3        0  0.3692E-02  0.2855E+01  0.0000E+00  0.2069E-09
     1    28     1     4        0  0.3370E+00  0.8727E-05  0.0000E+00  0.6132E-04
     1    29     1     1        0  0.0000E+00  0.1059E+02  0.2488E+04  0.1000E+03
     1    29     1     2        0  0.2044E+05  0.1038E-04  0.0000E+00  0.4270E-03
     1    29     1     3        0  0.8837E-01  0.3320E+01  0.0000E+00  0.6317E-09
     1    29     1     4        0  0.3629E+01  0.2145E-04  0.0000E+00  0.4573E-03
     1    29     1     5        0  0.9789E-01  0.5666E-02  0.0000E+00  0.1877E-08
     1    30     1     1        0  0.0000E+00  0.1954E+01  0.3274E+04  0.1000E+03
     1    30     1     2        0  0.2638E+05  0.7203E-05  0.0000E+00  0.7513E-03
     1    30     1     3        0  0.1960E+00  0.3251E+01  0.0000E+00  0.1003E-08
     1    30     1     4        0  0.6157E+01  0.2941E-04  0.0000E+00  0.6663E-03
     1    30     1     5        0  0.1734E+00  0.5712E-02  0.0000E+00  0.4443E-08
     1    31     1     1        0  0.0000E+00  0.9492E+01  0.2740E+04  0.1000E+03
     1    31     1     2        0  0.2236E+05  0.4109E-04  0.0000E+00  0.6174E-03
     1    31     1     3        0  0.1292E+00  0.2981E+01  0.0000E+00  0.8090E-09
     1    31     1     4        0  0.4430E+01  0.1926E-04  0.0000E+00  0.5734E-03
     1    31     1     5        0  0.1223E+00  0.4957E-02  0.0000E+00  0.3170E-08
     1    32     1     1        0  0.0000E+00  0.2509E+02  0.1109E+04  0.1000E+03
     1    32     1     2        0  0.9248E+04  0.1038E-03  0.0000E+00  0.3399E-03
     1    32     1     3        0  0.4293E-01  0.2202E+01  0.0000E+00  0.3170E-09
     1    32     1     4        0  0.8971E+00  0.1084E-04  0.0000E+00  0.1652E-03
     1    32     1     5        0  0.2043E-01  0.3340E-02  0.0000E+00  0.7822E-09
     1    33     1     1        0  0.0000E+00  0.1000E+03  0.5618E+03  0.1000E+03
     1    33     1     2        0  0.3945E+04  0.3454E-04  0.0000E+00  0.1156E-03
     1    33     1     3        0  0.9471E-02  0.4735E+01  0.0000E+00  0.1921E-09
     1    33     1     4        0  0.2948E+00  0.4423E-05  0.0000E+00  0.5969E-04
     1    34     1     1        0  0.0000E+00  0.2276E+02  0.2358E+04  0.1000E+03
     1    34     1     2        0  0.1849E+05  0.3309E-04  0.0000E+00  0.5313E-03
     1    34     1     3        0  0.9875E-01  0.4849E+01  0.0000E+00  0.4727E-09
     1    34     1     4        0  0.3217E+01  0.4406E-04  0.0000E+00  0.4605E-03
     1    34     1     5        0  0.8644E-01  0.8450E-02  0.0000E+00  0.2315E-08
     1    35     1     1        0  0.0000E+00  0.4282E+01  0.3124E+04  0.1000E+03
     1    35     1     2        0  0.2426E+05  0.6918E-05  0.0000E+00  0.6498E-03
     1    35     1     3        0  0.1518E+00  0.3625E+01  0.0000E+00  0.8676E-09
     1    35     1     4        0  0.5435E+01  0.1917E-04  0.0000E+00  0.6692E-03
     1    35     1     5        0  0.1539E+00  0.7295E-02  0.0000E+00  0.3868E-08
     1    36     1     1        0  0.0000E+00  0.5488E+01  0.2596E+04  0.1000E+03
     1    36     1     2        0  0.2045E+05  0.5297E-05  0.0000E+00  0.7361E-03
     1    36     1     3        0  0.1331E+00  0.2781E+01  0.0000E+00  0.9843E-09
     1    36     1     4        0  0.3877E+01  0.2534E-04  0.0000E+00  0.5817E-03
     1    36     1     5        0  0.1088E+00  0.5904E-02  0.0000E+00  0.3719E-08
     1    37     1     1        0  0.0000E+00  0.1616E+02  0.1018E+04  0.1000E+03
     1    37     1     2        0  0.8007E+04  0.4477E-04  0.0000E+00  0.2782E-03
     1    37     1     3        0  0.3094E-01  0.1544E+01  0.0000E+00  0.5069E-09
     1    37     1     4        0  0.7398E+00  0.4798E-05  0.0000E+00  0.1586E-03
     1    37     1     5        0  0.1747E-01  0.3175E-02  0.0000E+00  0.6846E-09
     1    38     1     1        0  0.0000E+00  0.4850E+02  0.5618E+03  0.1000E+03
     1    38     1     2        0  0.3775E+04  0.2423E-04  0.0000E+00  0.6112E-04
     1    38     1     3        0  0.4785E-02  0.2599E+01  0.0000E+00  0.2713E-09
     1    38     1     4        0  0.3264E+00  0.5637E-05  0.0000E+00  0.6041E-04
     1    39     1     1        0  0.0000E+00  0.6701E+02  0.2298E+04  0.1000E+03
     1    39     1     2        0  0.1746E+05  0.5112E-03  0.0000E+00  0.4579E-03
     1    39     1     3        0  0.8062E-01  0.1251E+02  0.0000E+00  0.2400E-09
     1    39     1     4        0  0.3150E+01  0.7124E-04  0.0000E+00  0.4638E-03
     1    39     1     5        0  0.8148E-01  0.2606E-01  0.0000E+00  0.2016E-08
     1    40     1     1        0  0.0000E+00  0.1202E+02  0.3040E+04  0.1000E+03
     1    40     1     2        0  0.2292E+05  0.2113E-04  0.0000E+00  0.7288E-03
     1    40     1     3        0  0.1566E+00  0.5161E+01  0.0000E+00  0.5306E-09
     1    40     1     4        0  0.5239E+01  0.2064E-04  0.0000E+00  0.6715E-03
     1    40     1     5        0  0.1444E+00  0.1161E-01  0.0000E+00  0.4315E-08
     1    41     1     1        0  0.0000E+00  0.2423E+01  0.2523E+04  0.1000E+03
     1    41     1     2        0  0.1925E+05  0.6559E-05  0.0000E+00  0.6645E-03
     1    41     1     3        0  0.1138E+00  0.3252E+01  0.0000E+00  0.8041E-09
     1    41     1     4        0  0.3725E+01  0.8493E-05  0.0000E+00  0.5835E-03
     1    41     1     5        0  0.1017E+00  0.7467E-02  0.0000E+00  0.3397E-08
     1    42     1     1        0  0.0000E+00  0.1063E+02  0.9979E+03  0.1000E+03
     1    42     1     2        0  0.7445E+04  0.3266E-04  0.0000E+00  0.3107E-03
     1    42     1     3        0  0.3260E-01  0.1518E+01  0.0000E+00  0.4711E-09
     1    42     1     4        0  0.7213E+00  0.3014E-05  0.0000E+00  0.1563E-03
     1    42     1     5        0  0.1613E-01  0.3299E-02  0.0000E+00  0.7200E-09
     1    43     1     1        0  0.0000E+00  0.2651E+02  0.5482E+03  0.1000E+03
     1    43     1     2        0  0.3264E+04  0.7221E-04  0.0000E+00  0.9424E-04
     1    43     1     3        0  0.7221E-02  0.1692E+01  0.0000E+00  0.2809E-09
     1    43     1     4        0  0.2936E+00  0.7818E-05  0.0000E+00  0.5937E-04
     1    44     1     1        0  0.0000E+00  0.1000E+03  0.2195E+04  0.1000E+03
     1    44     1     2        0  0.1626E+05  0.2462E-03  0.0000E+00  0.5097E-03
     1    44     1     3        0  0.8242E-01  0.1918E+02  0.0000E+00  0.3936E-09
     1    44     1     4        0  0.2920E+01  0.5387E-04  0.0000E+00  0.4663E-03
     1    44     1     5        0  0.7524E-01  0.3973E-01  0.0000E+00  0.2249E-08
     1    45     1     1        0  0.0000E+00  0.2868E+02  0.2916E+04  0.1000E+03
     1    45     1     2        0  0.2142E+05  0.5727E-04  0.0000E+00  0.6797E-03
     1    45     1     3        0  0.1347E+00  0.9905E+01  0.0000E+00  0.1980E-09
     1    45     1     4        0  0.4844E+01  0.5590E-04  0.0000E+00  0.6735E-03
     1    45     1     5        0  0.1329E+00  0.2249E-01  0.0000E+00  0.4029E-08
     1    46     1     1        0  0.0000E+00  0.4861E+01  0.2403E+04  0.1000E+03
     1    46     1     2        0  0.1784E+05  0.9456E-05  0.0000E+00  0.7260E-03
     1    46     1     3        0  0.1118E+00  0.4608E+01  0.0000E+00  0.4600E-09
     1    46     1     4        0  0.3400E+01  0.2926E-04  0.0000E+00  0.5886E-03
     1    46     1     5        0  0.9284E-01  0.1128E-01  0.0000E+00  0.3647E-08
     1    47     1     1        0  0.0000E+00  0.6230E+01  0.9443E+03  0.1000E+03
     1    47     1     2        0  0.6556E+04  0.1801E-04  0.0000E+00  0.2786E-03
     1    47     1     3        0  0.2637E-01  0.1753E+01  0.0000E+00  0.3744E-09
     1    47     1     4        0  0.6193E+00  0.3279E-05  0.0000E+00  0.1506E-03
     1    47     1     5        0  0.1408E-01  0.4366E-02  0.0000E+00  0.6561E-09
     1    48     1     1        0  0.0000E+00  0.1775E+02  0.5550E+03  0.1000E+03
     1    48     1     2        0  0.3329E+04  0.3380E-04  0.0000E+00  0.6938E-04
     1    48     1     3        0  0.5227E-02  0.1791E+01  0.0000E+00  0.2385E-09
     1    48     1     4        0  0.3235E+00  0.3021E-05  0.0000E+00  0.6090E-04
     1    49     1     1        0  0.0000E+00  0.4538E+02  0.2148E+04  0.1000E+03
     1    49     1     2        0  0.1554E+05  0.1177E-03  0.0000E+00  0.4825E-03
     1    49     1     3        0  0.7371E-01  0.1107E+02  0.0000E+00  0.2604E-09
     1    49     1     4        0  0.2904E+01  0.8263E-04  0.0000E+00  0.4698E-03
     1    49     1     5        0  0.7205E-01  0.2743E-01  0.0000E+00  0.2159E-08
     1    50     1     1        0  0.0000E+00  0.1000E+03  0.2847E+04  0.1000E+03
     1    50     1     2        0  0.2050E+05  0.3987E-03  0.0000E+00  0.7126E-03
     1    50     1     3        0  0.1334E+00  0.3728E+02  0.0000E+00  0.1082E-09
     1    50     1     4        0  0.4773E+01  0.2824E-03  0.0000E+00  0.6759E-03
     1    50     1     5        0  0.1268E+00  0.9651E-01  0.0000E+00  0.4209E-08
     1    51     1     1        0  0.0000E+00  0.1665E+02  0.2341E+04  0.1000E+03
     1    51     1     2        0  0.1703E+05  0.3333E-05  0.0000E+00  0.7000E-03
     1    51     1     3        0  0.1030E+00  0.9967E+01  0.0000E+00  0.1276E-09
     1    51     1     4        0  0.3371E+01  0.7978E-04  0.0000E+00  0.5904E-03
     1    51     1     5        0  0.8833E-01  0.2661E-01  0.0000E+00  0.3529E-08
     1    52     1     1        0  0.0000E+00  0.3163E+01  0.9294E+03  0.1000E+03
     1    52     1     2        0  0.6190E+04  0.7021E-05  0.0000E+00  0.2884E-03
     1    52     1     3        0  0.2605E-01  0.3159E+01  0.0000E+00  0.1411E-09
     1    52     1     4        0  0.6387E+00  0.7719E-05  0.0000E+00  0.1486E-03
     1    52     1     5        0  0.1322E-01  0.8374E-02  0.0000E+00  0.6504E-09
     1    53     1     1        0  0.0000E+00  0.1289E+02  0.5394E+03  0.1000E+03
     1    53     1     2        0  0.3183E+04  0.9624E-05  0.0000E+00  0.8549E-04
     1    53     1     3        0  0.6442E-02  0.2437E+01  0.0000E+00  0.1023E-09
     1    53     1     4        0  0.2837E+00  0.3831E-05  0.0000E+00  0.6026E-04
     1    54     1     1        0  0.0000E+00  0.2792E+02  0.2065E+04  0.1000E+03
     1    54     1     2        0  0.1474E+05  0.7952E-04  0.0000E+00  0.5075E-03
     1    54     1     3        0  0.7214E-01  0.1101E+02  0.0000E+00  0.1257E-09
     1    54     1     4        0  0.2717E+01  0.5168E-04  0.0000E+00  0.4717E-03
     1    54     1     5        0  0.6814E-01  0.2851E-01  0.0000E+00  0.2260E-08
     1    55     1     1        0  0.0000E+00  0.6596E+02  0.2745E+04  0.1000E+03
     1    55     1     2        0  0.1951E+05  0.2488E-04  0.0000E+00  0.6900E-03
     1    55     1     3        0  0.1219E+00  0.3562E+02  0.0000E+00  0.6283E-10
     1    55     1     4        0  0.4498E+01  0.1209E-03  0.0000E+00  0.6772E-03
     1    55     1     5        0  0.1197E+00  0.9528E-01  0.0000E+00  0.4080E-08
     1    56     1     1        0  0.0000E+00  0.1000E+03  0.2250E+04  0.1000E+03
     1    56     1     2        0  0.1605E+05  0.4315E-03  0.0000E+00  0.7321E-03
     1    56     1     3        0  0.9995E-01  0.6997E+02  0.0000E+00  0.7103E-10
     1    56     1     4        0  0.3164E+01  0.2741E-03  0.0000E+00  0.5935E-03
     1    56     1     5        0  0.8261E-01  0.1915E+00  0.0000E+00  0.3675E-08
     1    57     1     1        0  0.0000E+00  0.1648E+02  0.8809E+03  0.1000E+03
     1    57     1     2        0  0.5551E+04  0.1254E-04  0.0000E+00  0.2705E-03
     1    57     1     3        0  0.2252E-01  0.1590E+02  0.0000E+00  0.7921E-10
     1    57     1     4        0  0.5801E+00  0.8735E-04  0.0000E+00  0.1434E-03
     1    57     1     5        0  0.1178E-01  0.4333E-01  0.0000E+00  0.6086E-09
     1    58     1     1        0  0.0000E+00  0.1351E+02  0.5503E+03  0.1000E+03
     1    58     1     2        0  0.3303E+04  0.3443E-04  0.0000E+00  0.7301E-04
     1    58     1     3        0  0.5737E-02  0.1026E+02  0.0000E+00  0.7143E-10
     1    58     1     4        0  0.2955E+00  0.2121E-04  0.0000E+00  0.6248E-04
     1    59     1     1        0  0.0000E+00  0.2869E+02  0.2031E+04  0.1000E+03
     1    59     1     2        0  0.1417E+05  0.1976E-04  0.0000E+00  0.4990E-03
     1    59     1     3        0  0.6742E-01  0.3386E+02  0.0000E+00  0.4039E-10
     1    59     1     4        0  0.2673E+01  0.1261E-03  0.0000E+00  0.4753E-03
     1    59     1     5        0  0.6576E-01  0.9353E-01  0.0000E+00  0.2245E-08
     1    60     1     1        0  0.0000E+00  0.2601E+02  0.2688E+04  0.1000E+03
     1    60     1     2        0  0.1872E+05  0.9034E-05  0.0000E+00  0.7040E-03
     1    60     1     3        0  0.1187E+00  0.3911E+02  0.0000E+00  0.5280E-10
     1    60     1     4        0  0.4412E+01  0.2333E-03  0.0000E+00  0.6796E-03
     1    60     1     5        0  0.1149E+00  0.1126E+00  0.0000E+00  0.4154E-08
     1    61     1     1        0  0.0000E+00  0.1575E+02  0.2215E+04  0.1000E+03
     1    61     1     2        0  0.1537E+05  0.2377E-04  0.0000E+00  0.7249E-03
     1    61     1     3        0  0.9469E-01  0.2256E+02  0.0000E+00  0.1433E-09
     1    61     1     4        0  0.3138E+01  0.2184E-03  0.0000E+00  0.5951E-03
     1    61     1     5        0  0.7902E-01  0.6653E-01  0.0000E+00  0.3626E-08
     1    62     1     1        0  0.0000E+00  0.6005E+01  0.8697E+03  0.1000E+03
     1    62     1     2        0  0.5266E+04  0.1139E-04  0.0000E+00  0.2715E-03
     1    62     1     3        0  0.2164E-01  0.6913E+01  0.0000E+00  0.9227E-10
     1    62     1     4        0  0.6088E+00  0.9215E-05  0.0000E+00  0.1416E-03
     1    62     1     5        0  0.1112E-01  0.2021E-01  0.0000E+00  0.6175E-09
     1    63     1     1        0  0.0000E+00  0.1549E+01  0.5344E+03  0.1000E+03
     1    63     1     2        0  0.3169E+04  0.5938E-05  0.0000E+00  0.8107E-04
     1    63     1     3        0  0.6212E-02  0.3482E+01  0.0000E+00  0.7245E-10
     1    63     1     4        0  0.2489E+00  0.3204E-05  0.0000E+00  0.6238E-04
     1    64     1     1        0  0.0000E+00  0.9092E+01  0.1979E+04  0.1000E+03
     1    64     1     2        0  0.1354E+05  0.5994E-04  0.0000E+00  0.5111E-03
     1    64     1     3        0  0.6569E-01  0.1264E+02  0.0000E+00  0.7517E-10
     1    64     1     4        0  0.2472E+01  0.3960E-04  0.0000E+00  0.4768E-03
     1    64     1     5        0  0.6274E-01  0.3700E-01  0.0000E+00  0.2285E-08
     1    65     1     1        0  0.0000E+00  0.3630E+02  0.2604E+04  0.1000E+03
     1    65     1     2        0  0.1793E+05  0.1685E-03  0.0000E+00  0.6935E-03
     1    65     1     3        0  0.1113E+00  0.3734E+02  0.0000E+00  0.2683E-09
     1    65     1     4        0  0.4126E+01  0.1307E-03  0.0000E+00  0.6805E-03
     1    65     1     5        0  0.1095E+00  0.1129E+00  0.0000E+00  0.4096E-08
     1    66     1     1        0  0.0000E+00  0.3727E+02  0.2150E+04  0.1000E+03
     1    66     1     2        0  0.1460E+05  0.1220E-03  0.0000E+00  0.7427E-03
     1    66     1     3        0  0.9133E-01  0.2817E+02  0.0000E+00  0.3104E-09
     1    66     1     4        0  0.2931E+01  0.1305E-03  0.0000E+00  0.5968E-03
     1    66     1     5        0  0.7469E-01  0.8676E-01  0.0000E+00  0.3714E-08
     1    67     1     1        0  0.0000E+00  0.9168E+01  0.8260E+03  0.1000E+03
     1    67     1     2        0  0.4776E+04  0.1590E-04  0.0000E+00  0.2608E-03
     1    67     1     3        0  0.1939E-01  0.4044E+01  0.0000E+00  0.1759E-09
     1    67     1     4        0  0.5526E+00  0.1911E-04  0.0000E+00  0.1366E-03
     1    67     1     5        0  0.1003E-01  0.1224E-01  0.0000E+00  0.5839E-09
     1    68     1     1        0  0.0000E+00  0.1517E+01  0.5475E+03  0.1000E+03
     1    68     1     2        0  0.3264E+04  0.5304E-05  0.0000E+00  0.7348E-04
     1    68     1     3        0  0.5643E-02  0.1659E+01  0.0000E+00  0.1776E-09
     1    68     1     4        0  0.2578E+00  0.6637E-06  0.0000E+00  0.6492E-04
     1    69     1     1        0  0.0000E+00  0.5437E+01  0.1963E+04  0.1000E+03
     1    69     1     2        0  0.1310E+05  0.1804E-04  0.0000E+00  0.5101E-03
     1    69     1     3        0  0.6332E-01  0.5025E+01  0.0000E+00  0.2383E-09
     1    69     1     4        0  0.2419E+01  0.2225E-04  0.0000E+00  0.4803E-03
     1    69     1     5        0  0.6098E-01  0.1470E-01  0.0000E+00  0.2300E-08
     1    70     1     1        0  0.0000E+00  0.1571E+02  0.2563E+04  0.1000E+03
     1    70     1     2        0  0.1727E+05  0.9740E-04  0.0000E+00  0.6996E-03
     1    70     1     3        0  0.1078E+00  0.9038E+01  0.0000E+00  0.1565E-09
     1    70     1     4        0  0.4005E+01  0.6367E-04  0.0000E+00  0.6828E-03
     1    70     1     5        0  0.1055E+00  0.2683E-01  0.0000E+00  0.4133E-08
     1    71     1     1        0  0.0000E+00  0.9240E+02  0.2121E+04  0.1000E+03
     1    71     1     2        0  0.1400E+05  0.1246E-03  0.0000E+00  0.7426E-03
     1    71     1     3        0  0.8742E-01  0.3526E+02  0.0000E+00  0.4853E-09
     1    71     1     4        0  0.2852E+01  0.1901E-03  0.0000E+00  0.5981E-03
     1    71     1     5        0  0.7159E-01  0.1070E+00  0.0000E+00  0.3686E-08
     1    72     1     1        0  0.0000E+00  0.2472E+02  0.8175E+03  0.1000E+03
     1    72     1     2        0  0.4528E+04  0.3364E-04  0.0000E+00  0.2577E-03
     1    72     1     3        0  0.1834E-01  0.4682E+01  0.0000E+00  0.2965E-09
     1    72     1     4        0  0.5587E+00  0.7073E-05  0.0000E+00  0.1351E-03
     1    72     1     5        0  0.9484E-02  0.1434E-01  0.0000E+00  0.5785E-09
     1    73     1     1        0  0.0000E+00  0.6446E+01  0.5322E+03  0.1000E+03
     1    73     1     2        0  0.3123E+04  0.1559E-04  0.0000E+00  0.7883E-04
     1    73     1     3        0  0.5584E-02  0.1202E+01  0.0000E+00  0.2865E-09
     1    73     1     4        0  0.2205E+00  0.6953E-05  0.0000E+00  0.6499E-04
     1    74     1     1        0  0.0000E+00  0.2457E+01  0.1917E+04  0.1000E+03
     1    74     1     2        0  0.1253E+05  0.1804E-05  0.0000E+00  0.5165E-03
     1    74     1     3        0  0.6114E-01  0.3263E+01  0.0000E+00  0.5503E-09
     1    74     1     4        0  0.2226E+01  0.1404E-04  0.0000E+00  0.4816E-03
     1    74     1     5        0  0.5828E-01  0.1033E-01  0.0000E+00  0.2320E-08
     1    75     1     1        0  0.0000E+00  0.9971E+01  0.2502E+04  0.1000E+03
     1    75     1     2        0  0.1657E+05  0.4862E-04  0.0000E+00  0.6945E-03
     1    75     1     3        0  0.1021E+00  0.4775E+01  0.0000E+00  0.4585E-09
     1    75     1     4        0  0.3712E+01  0.3094E-04  0.0000E+00  0.6833E-03
     1    75     1     5        0  0.1008E+00  0.1533E-01  0.0000E+00  0.4093E-08
     1    76     1     1        0  0.0000E+00  0.2830E+02  0.2063E+04  0.1000E+03
     1    76     1     2        0  0.1334E+05  0.4684E-04  0.0000E+00  0.7535E-03
     1    76     1     3        0  0.8396E-01  0.7438E+01  0.0000E+00  0.6615E-09
     1    76     1     4        0  0.2620E+01  0.3640E-04  0.0000E+00  0.5988E-03
     1    76     1     5        0  0.6789E-01  0.2402E-01  0.0000E+00  0.3729E-08
     1    77     1     1        0  0.0000E+00  0.1000E+03  0.7780E+03  0.1000E+03
     1    77     1     2        0  0.4123E+04  0.1277E-03  0.0000E+00  0.2499E-03
     1    77     1     3        0  0.1666E-01  0.1096E+02  0.0000E+00  0.4144E-09
     1    77     1     4        0  0.4849E+00  0.5012E-04  0.0000E+00  0.1305E-03
     1    78     1     1        0  0.0000E+00  0.1526E+02  0.5466E+03  0.1000E+03
     1    78     1     2        0  0.3190E+04  0.5688E-04  0.0000E+00  0.7522E-04
     1    78     1     3        0  0.5008E-02  0.1424E+01  0.0000E+00  0.2951E-09
     1    78     1     4        0  0.2415E+00  0.1668E-05  0.0000E+00  0.6779E-04
     1    79     1     1        0  0.0000E+00  0.2855E+01  0.2318E+04  0.1000E+03
     1    79     1     2        0  0.2221E+05  0.8586E-04  0.0000E+00  0.8928E-03
     1    79     1     3        0  0.1940E+00  0.5218E+01  0.0000E+00  0.1550E-08
     1    79     1     4        0  0.9654E+01  0.5825E-04  0.0000E+00  0.8512E-03
     1    79     1     5        0  0.1916E+00  0.2589E-01  0.0000E+00  0.7303E-08
     1    80     1     1        0  0.0000E+00  0.1910E+02  0.2049E+04  0.1000E+03
     1    80     1     2        0  0.1913E+05  0.3651E-03  0.2556E-01  0.1487E-02
     1    80     1     3        0  0.2561E+00  0.5260E+01  0.0000E+00  0.6771E-08
     1    80     1     4        0  0.7730E+01  0.4629E-04  0.0000E+00  0.8508E-03
     1    80     1     5        0  0.1480E+00  0.2520E-01  0.0000E+00  0.1174E-07
     1    81     1     1        0  0.0000E+00  0.1000E+03  0.4520E+03  0.1000E+03
     1    81     1     2        0  0.4465E+04  0.9316E-03  0.0000E+00  0.1683E-04
     1    81     1     3        0  0.1146E-02  0.1363E+01  0.0000E+00  0.4675E-09
     1    81     1     4        0  0.3109E-01  0.7980E-05  0.0000E+00  0.1520E-04
     1    82     1     1        0  0.0000E+00  0.1958E+02  0.1879E+04  0.1000E+03
     1    82     1     2        0  0.1753E+05  0.3163E-03  0.0000E+00  0.1694E-03
     1    82     1     3        0  0.3013E-01  0.6930E+01  0.0000E+00  0.2745E-08
     1    82     1     4        0  0.6523E+01  0.1835E-04  0.0000E+00  0.6825E-03
     1    82     1     5        0  0.1244E+00  0.3444E-01  0.0000E+00  0.1235E-08
     1    83     1     1        0  0.0000E+00  0.6667E+01  0.2349E+04  0.1000E+03
     1    83     1     2        0  0.2205E+05  0.1595E-03  0.4993E-01  0.2495E-02
     1    83     1     3        0  0.4951E+00  0.5080E+01  0.0000E+00  0.3269E-08
     1    83     1     4        0  0.9736E+01  0.1039E-03  0.0000E+00  0.9706E-03
     1    83     1     5        0  0.1968E+00  0.2676E-01  0.0000E+00  0.2197E-07
     1    84     1     1        0  0.0000E+00  0.2728E+02  0.7429E+03  0.1000E+03
     1    84     1     2        0  0.5405E+04  0.4118E-03  0.0000E+00  0.9384E-03
     1    84     1     3        0  0.6844E-01  0.2295E+01  0.0000E+00  0.6566E-08
     1    84     1     4        0  0.1194E+01  0.1764E-04  0.0000E+00  0.2050E-03
     1    84     1     5        0  0.1684E-01  0.1168E-01  0.0000E+00  0.2451E-08
     1    85     1     1        0  0.0000E+00  0.1000E+03  0.1283E+04  0.1000E+03
     1    85     1     2        0  0.1117E+05  0.1439E-02  0.0000E+00  0.8467E-03
     1    85     1     3        0  0.9886E-01  0.1480E+02  0.0000E+00  0.5294E-08
     1    85     1     4        0  0.3457E+01  0.1841E-03  0.0000E+00  0.4759E-03
     1    85     1     5        0  0.5536E-01  0.7508E-01  0.0000E+00  0.3715E-08
     1    86     1     1        0  0.0000E+00  0.1307E+02  0.2433E+04  0.1000E+03
     1    86     1     2        0  0.2275E+05  0.6314E-04  0.0000E+00  0.6235E-03
     1    86     1     3        0  0.1438E+00  0.8345E+01  0.0000E+00  0.1398E-08
     1    86     1     4        0  0.1070E+02  0.5061E-04  0.2139E-01  0.9603E-03
     1    86     1     5        0  0.2101E+00  0.4481E-01  0.0000E+00  0.5946E-08
     1    87     1     1        0  0.0000E+00  0.1121E+02  0.1447E+04  0.1000E+03
     1    87     1     2        0  0.1257E+05  0.2933E-03  0.0000E+00  0.1670E-02
     1    87     1     3        0  0.1967E+00  0.3656E+01  0.0000E+00  0.4935E-08
     1    87     1     4        0  0.3945E+01  0.2857E-04  0.0000E+00  0.5823E-03
     1    87     1     5        0  0.7073E-01  0.1923E-01  0.0000E+00  0.9175E-08
     1    88     1     1        0  0.0000E+00  0.3652E+02  0.5385E+03  0.1000E+03
     1    88     1     2        0  0.4554E+04  0.4480E-03  0.0000E+00  0.9126E-03
     1    88     1     3        0  0.8276E-01  0.3091E+01  0.0000E+00  0.3650E-08
     1    88     1     4        0  0.8640E+00  0.2378E-04  0.0000E+00  0.1005E-03
     1    88     1     5        0  0.7772E-02  0.1509E-01  0.0000E+00  0.2050E-08
     1    89     1     1        0  0.0000E+00  0.1000E+03  0.2241E+04  0.1000E+03
     1    89     1     2        0  0.2069E+05  0.1410E-02  0.4410E-01  0.2064E-02
     1    89     1     3        0  0.4287E+00  0.3013E+02  0.0000E+00  0.3945E-08
     1    89     1     4        0  0.9434E+01  0.8246E-03  0.0000E+00  0.8624E-03
     1    89     1     5        0  0.1779E+00  0.1553E+00  0.0000E+00  0.1729E-07
     1    90     1     1        0  0.0000E+00  0.5745E+01  0.1956E+04  0.1000E+03
     1    90     1     2        0  0.1756E+05  0.5746E-04  0.0000E+00  0.1345E-03
     1    90     1     3        0  0.2194E-01  0.7888E+01  0.0000E+00  0.7624E-09
     1    90     1     4        0  0.7002E+01  0.1655E-04  0.0000E+00  0.8477E-03
     1    90     1     5        0  0.1339E+00  0.4307E-01  0.0000E+00  0.1060E-08
     1    91     1     1        0  0.0000E+00  0.1620E+02  0.4510E+03  0.1000E+03
     1    91     1     2        0  0.4335E+04  0.2011E-03  0.0000E+00  0.3145E-04
     1    91     1     3        0  0.1814E-02  0.1400E+00  0.0000E+00  0.2367E-09
     1    92     1     1        0  0.0000E+00  0.4778E+02  0.1853E+04  0.1000E+03
     1    92     1     2        0  0.1668E+05  0.5629E-03  0.0000E+00  0.1668E-03
     1    92     1     3        0  0.2764E-01  0.1385E+02  0.0000E+00  0.3292E-08
     1    92     1     4        0  0.6972E+01  0.2957E-04  0.0000E+00  0.6911E-03
     1    92     1     5        0  0.1193E+00  0.7430E-01  0.0000E+00  0.9847E-09
     1    93     1     1        0  0.0000E+00  0.1000E+03  0.2285E+04  0.1000E+03
     1    93     1     2        0  0.2075E+05  0.1602E-02  0.4771E-01  0.2375E-02
     1    93     1     3        0  0.4600E+00  0.4997E+02  0.0000E+00  0.1893E-08
     1    93     1     4        0  0.9911E+01  0.1423E-02  0.0000E+00  0.9717E-03
     1    93     1     5        0  0.1839E+00  0.2775E+00  0.0000E+00  0.2023E-07
     1    94     1     1        0  0.0000E+00  0.6592E+01  0.7076E+03  0.1000E+03
     1    94     1     2        0  0.4743E+04  0.9341E-04  0.0000E+00  0.7776E-03
     1    94     1     3        0  0.5408E-01  0.5837E+01  0.0000E+00  0.5941E-09
     1    94     1     4        0  0.1178E+01  0.5726E-04  0.0000E+00  0.1938E-03
     1    94     1     5        0  0.1447E-01  0.3206E-01  0.0000E+00  0.1965E-08
     1    95     1     1        0  0.0000E+00  0.2245E+02  0.1254E+04  0.1000E+03
     1    95     1     2        0  0.1051E+05  0.3148E-03  0.2310E-01  0.1925E-02
     1    95     1     3        0  0.2211E+00  0.1018E+02  0.0000E+00  0.1546E-08
     1    95     1     4        0  0.3441E+01  0.1873E-03  0.0000E+00  0.4839E-03
     1    95     1     5        0  0.5292E-01  0.5500E-01  0.0000E+00  0.9243E-08
     1    96     1     1        0  0.0000E+00  0.4237E+02  0.2348E+04  0.1000E+03
     1    96     1     2        0  0.2135E+05  0.5005E-03  0.0000E+00  0.5388E-03
     1    96     1     3        0  0.1211E+00  0.2810E+02  0.0000E+00  0.1406E-08
     1    96     1     4        0  0.1059E+02  0.7172E-04  0.2048E-01  0.9623E-03
     1    96     1     5        0  0.1961E+00  0.1557E+00  0.0000E+00  0.5241E-08
     1    97     1     1        0  0.0000E+00  0.5931E+02  0.1368E+04  0.1000E+03
     1    97     1     2        0  0.1139E+05  0.1622E-03  0.3263E-01  0.2974E-02
     1    97     1     3        0  0.3114E+00  0.3820E+02  0.0000E+00  0.3538E-09
     1    97     1     4        0  0.3866E+01  0.8690E-03  0.0000E+00  0.5731E-03
     1    97     1     5        0  0.6301E-01  0.2108E+00  0.0000E+00  0.1619E-07
     1    98     1     1        0  0.0000E+00  0.6420E+02  0.5618E+03  0.1000E+03
     1    98     1     2        0  0.4634E+04  0.9516E-03  0.0000E+00  0.7435E-03
     1    98     1     3        0  0.7089E-01  0.1000E+03  0.0000E+00  0.1809E-09
     1    98     1     4        0  0.8869E+00  0.6730E-03  0.0000E+00  0.1118E-03
     1    98     1     5        0  0.8349E-02  0.5389E+00  0.0000E+00  0.1679E-08
     1    99     1     1        0  0.0000E+00  0.2419E+02  0.2201E+04  0.1000E+03
     1    99     1     2        0  0.1976E+05  0.6740E-03  0.3756E-01  0.1789E-02
     1    99     1     3        0  0.3568E+00  0.7512E+02  0.0000E+00  0.8601E-09
     1    99     1     4        0  0.9446E+01  0.1608E-02  0.0000E+00  0.8701E-03
     1    99     1     5        0  0.1705E+00  0.4228E+00  0.0000E+00  0.1465E-07
     1   100     1     1        0  0.0000E+00  0.1311E+02  0.1899E+04  0.1000E+03
     1   100     1     2        0  0.1650E+05  0.2366E-03  0.0000E+00  0.5279E-03
     1   100     1     3        0  0.7816E-01  0.2164E+02  0.0000E+00  0.1145E-08
     1   100     1     4        0  0.7272E+01  0.6823E-04  0.0000E+00  0.8451E-03
     1   100     1     5        0  0.1250E+00  0.1247E+00  0.0000E+00  0.4030E-08
     1   101     1     1        0  0.0000E+00  0.6152E+01  0.4725E+03  0.1000E+03
     1   101     1     2        0  0.4446E+04  0.2978E-04  0.0000E+00  0.5547E-04
     1   101     1     3        0  0.5627E-02  0.8886E+00  0.0000E+00  0.5316E-10
     1   102     1     1        0  0.0000E+00  0.1488E+02  0.1804E+04  0.1000E+03
     1   102     1     2        0  0.1583E+05  0.3523E-03  0.0000E+00  0.8865E-03
     1   102     1     3        0  0.1696E+00  0.1301E+02  0.0000E+00  0.2015E-08
     1   102     1     4        0  0.6270E+01  0.4802E-04  0.0000E+00  0.6970E-03
     1   102     1     5        0  0.1139E+00  0.7314E-01  0.0000E+00  0.6415E-08
     1   103     1     1        0  0.0000E+00  0.1000E+03  0.2202E+04  0.1000E+03
     1   103     1     2        0  0.1950E+05  0.1981E-02  0.6214E-01  0.3329E-02
     1   103     1     3        0  0.5862E+00  0.7396E+02  0.0000E+00  0.3406E-08
     1   103     1     4        0  0.9285E+01  0.2302E-02  0.0000E+00  0.9710E-03
     1   103     1     5        0  0.1716E+00  0.4284E+00  0.0000E+00  0.2867E-07
     1   104     1     1        0  0.0000E+00  0.1306E+02  0.6479E+03  0.1000E+03
     1   104     1     2        0  0.4324E+04  0.3970E-03  0.0000E+00  0.1541E-02
     1   104     1     3        0  0.1000E+00  0.5581E+01  0.0000E+00  0.2251E-08
     1   104     1     4        0  0.1174E+01  0.2847E-04  0.0000E+00  0.1771E-03
     1   104     1     5        0  0.1188E-01  0.3158E-01  0.0000E+00  0.4059E-08
     1   105     1     1        0  0.0000E+00  0.4226E+01  0.1255E+04  0.1000E+03
     1   105     1     2        0  0.1022E+05  0.6870E-04  0.2035E-01  0.1689E-02
     1   105     1     3        0  0.1907E+00  0.4600E+01  0.0000E+00  0.1049E-08
     1   105     1     4        0  0.3122E+01  0.8612E-04  0.0000E+00  0.4947E-03
     1   105     1     5        0  0.5247E-01  0.2555E-01  0.0000E+00  0.8016E-08
     1   106     1     1        0  0.0000E+00  0.2010E+02  0.2301E+04  0.1000E+03
     1   106     1     2        0  0.2036E+05  0.4456E-03  0.0000E+00  0.5406E-03
     1   106     1     3        0  0.8561E-01  0.1009E+02  0.0000E+00  0.4314E-08
     1   106     1     4        0  0.9852E+01  0.3289E-04  0.1998E-01  0.9666E-03
     1   106     1     5        0  0.1872E+00  0.5643E-01  0.0000E+00  0.3396E-08
     1   107     1     1        0  0.0000E+00  0.1000E+03  0.1324E+04  0.1000E+03
     1   107     1     2        0  0.1061E+05  0.6145E-03  0.2818E-01  0.2689E-02
     1   107     1     3        0  0.2632E+00  0.2535E+02  0.0000E+00  0.4490E-08
     1   107     1     4        0  0.3744E+01  0.5411E-03  0.0000E+00  0.5674E-03
     1   107     1     5        0  0.5814E-01  0.1432E+00  0.0000E+00  0.1421E-07
     1   108     1     1        0  0.0000E+00  0.1178E+02  0.5591E+03  0.1000E+03
     1   108     1     2        0  0.4443E+04  0.2509E-03  0.0000E+00  0.1195E-02
     1   108     1     3        0  0.1028E+00  0.2269E+01  0.0000E+00  0.1354E-08
     1   108     1     4        0  0.6884E+00  0.3094E-04  0.0000E+00  0.1195E-03
     1   108     1     5        0  0.8317E-02  0.1295E-01  0.0000E+00  0.2858E-08
     1   109     1     1        0  0.0000E+00  0.7414E+01  0.2140E+04  0.1000E+03
     1   109     1     2        0  0.1879E+05  0.2169E-03  0.4841E-01  0.2412E-02
     1   109     1     3        0  0.4504E+00  0.5639E+01  0.0000E+00  0.3038E-08
     1   109     1     4        0  0.8225E+01  0.1193E-03  0.0000E+00  0.8744E-03
     1   109     1     5        0  0.1622E+00  0.3307E-01  0.0000E+00  0.2017E-07
     1   110     1     1        0  0.0000E+00  0.2839E+02  0.1823E+04  0.1000E+03
     1   110     1     2        0  0.1540E+05  0.1572E-03  0.0000E+00  0.5280E-03
     1   110     1     3        0  0.5569E-01  0.7219E+01  0.0000E+00  0.5080E-08
     1   110     1     4        0  0.6236E+01  0.1107E-04  0.0000E+00  0.8414E-03
     1   110     1     5        0  0.1157E+00  0.4224E-01  0.0000E+00  0.2821E-08
     1   111     1     1        0  0.0000E+00  0.1000E+03  0.4680E+03  0.1000E+03
     1   111     1     2        0  0.4278E+04  0.1552E-02  0.0000E+00  0.5101E-04
     1   111     1     3        0  0.5088E-02  0.1016E+01  0.0000E+00  0.3615E-09
     1   111     1     4        0  0.3650E-02  0.1995E-04  0.0000E+00  0.1457E-04
     1   112     1     1        0  0.0000E+00  0.7451E+01  0.1789E+04  0.1000E+03
     1   112     1     2        0  0.1530E+05  0.6521E-04  0.0000E+00  0.7670E-03
     1   112     1     3        0  0.1409E+00  0.5446E+01  0.0000E+00  0.1486E-08
     1   112     1     4        0  0.5910E+01  0.1997E-04  0.0000E+00  0.7051E-03
     1   112     1     5        0  0.1109E+00  0.3173E-01  0.0000E+00  0.5453E-08
     1   113     1     1        0  0.0000E+00  0.1160E+02  0.2153E+04  0.1000E+03
     1   113     1     2        0  0.1857E+05  0.2975E-03  0.5844E-01  0.3210E-02
     1   113     1     3        0  0.5396E+00  0.5265E+01  0.0000E+00  0.5313E-08
     1   113     1     4        0  0.8374E+01  0.1290E-03  0.0000E+00  0.9719E-03
     1   113     1     5        0  0.1629E+00  0.3035E-01  0.0000E+00  0.2732E-07
     1   114     1     1        0  0.0000E+00  0.4114E+02  0.6189E+03  0.1000E+03
     1   114     1     2        0  0.4362E+04  0.6576E-03  0.0000E+00  0.1541E-02
     1   114     1     3        0  0.9061E-01  0.3295E+01  0.0000E+00  0.6747E-08
     1   114     1     4        0  0.9475E+00  0.5187E-04  0.0000E+00  0.1668E-03
     1   114     1     5        0  0.1037E-01  0.1808E-01  0.0000E+00  0.3657E-08
     1   115     1     1        0  0.0000E+00  0.6707E+02  0.1233E+04  0.1000E+03
     1   115     1     2        0  0.9807E+04  0.8529E-03  0.2617E-01  0.2177E-02
     1   115     1     3        0  0.2399E+00  0.1176E+02  0.0000E+00  0.4512E-08
     1   115     1     4        0  0.3037E+01  0.2400E-03  0.0000E+00  0.5013E-03
     1   115     1     5        0  0.5091E-01  0.6630E-01  0.0000E+00  0.1066E-07
     1   116     1     1        0  0.0000E+00  0.2937E+01  0.2235E+04  0.1000E+03
     1   116     1     2        0  0.1938E+05  0.5395E-04  0.0000E+00  0.7855E-03
     1   116     1     3        0  0.1565E+00  0.6114E+01  0.0000E+00  0.1422E-08
     1   116     1     4        0  0.8873E+01  0.2223E-04  0.1931E-01  0.9675E-03
     1   116     1     5        0  0.1772E+00  0.3687E-01  0.0000E+00  0.7025E-08
     1   117     1     1        0  0.0000E+00  0.1712E+02  0.1259E+04  0.1000E+03
     1   117     1     2        0  0.9762E+04  0.3493E-03  0.3161E-01  0.3224E-02
     1   117     1     3        0  0.2893E+00  0.3398E+01  0.0000E+00  0.6436E-08
     1   117     1     4        0  0.2981E+01  0.7702E-04  0.0000E+00  0.5583E-03
     1   117     1     5        0  0.5267E-01  0.2030E-01  0.0000E+00  0.1682E-07
     1   118     1     1        0  0.0000E+00  0.6327E+02  0.5831E+03  0.1000E+03
     1   118     1     2        0  0.4448E+04  0.5006E-03  0.0000E+00  0.1176E-02
     1   118     1     3        0  0.9765E-01  0.5311E+01  0.0000E+00  0.3767E-08
     1   118     1     4        0  0.9556E+00  0.4434E-04  0.0000E+00  0.1320E-03
     1   118     1     5        0  0.8923E-02  0.3042E-01  0.0000E+00  0.2931E-08
     1   119     1     1        0  0.0000E+00  0.3861E+02  0.2112E+04  0.1000E+03
     1   119     1     2        0  0.1814E+05  0.3129E-03  0.4781E-01  0.2374E-02
     1   119     1     3        0  0.4361E+00  0.1432E+02  0.0000E+00  0.2508E-08
     1   119     1     4        0  0.8356E+01  0.4460E-03  0.0000E+00  0.8806E-03
     1   119     1     5        0  0.1568E+00  0.8614E-01  0.0000E+00  0.1972E-07
     1   120     1     1        0  0.0000E+00  0.4598E+01  0.1779E+04  0.1000E+03
     1   120     1     2        0  0.1465E+05  0.8575E-04  0.0000E+00  0.4200E-03
     1   120     1     3        0  0.4204E-01  0.5518E+01  0.0000E+00  0.2165E-08
     1   120     1     4        0  0.5831E+01  0.3458E-04  0.0000E+00  0.8371E-03
     1   120     1     5        0  0.1091E+00  0.3367E-01  0.0000E+00  0.2189E-08
     1   121     1     1        0  0.0000E+00  0.2396E+02  0.4859E+03  0.1000E+03
     1   121     1     2        0  0.4327E+04  0.3989E-03  0.0000E+00  0.7383E-04
     1   121     1     3        0  0.7313E-02  0.2977E+00  0.0000E+00  0.2728E-09
     1   122     1     1        0  0.0000E+00  0.1000E+03  0.1753E+04  0.1000E+03
     1   122     1     2        0  0.1471E+05  0.1066E-02  0.2011E-01  0.1045E-02
     1   122     1     3        0  0.1822E+00  0.2545E+02  0.0000E+00  0.3636E-08
     1   122     1     4        0  0.6132E+01  0.1195E-03  0.0000E+00  0.7097E-03
     1   122     1     5        0  0.1071E+00  0.1453E+00  0.0000E+00  0.7727E-08
     1   123     1     1        0  0.0000E+00  0.2591E+02  0.2087E+04  0.1000E+03
     1   123     1     2        0  0.1767E+05  0.2148E-03  0.6397E-01  0.3602E-02
     1   123     1     3        0  0.5799E+00  0.1540E+02  0.0000E+00  0.1203E-08
     1   123     1     4        0  0.8108E+01  0.4495E-03  0.0000E+00  0.9694E-03
     1   123     1     5        0  0.1536E+00  0.9244E-01  0.0000E+00  0.3051E-07
     1   124     1     1        0  0.0000E+00  0.8679E+01  0.5681E+03  0.1000E+03
     1   124     1     2        0  0.4206E+04  0.1567E-03  0.0000E+00  0.1791E-02
     1   124     1     3        0  0.9993E-01  0.2681E+01  0.0000E+00  0.1850E-08
     1   124     1     4        0  0.7358E+00  0.6516E-04  0.0000E+00  0.1495E-03
     1   124     1     5        0  0.8518E-02  0.1614E-01  0.0000E+00  0.4375E-08
     1   125     1     1        0  0.0000E+00  0.3194E+02  0.1240E+04  0.1000E+03
     1   125     1     2        0  0.9674E+04  0.4211E-03  0.2654E-01  0.2206E-02
     1   125     1     3        0  0.2394E+00  0.8787E+01  0.0000E+00  0.2936E-08
     1   125     1     4        0  0.3456E+01  0.1608E-03  0.0000E+00  0.5113E-03
     1   125     1     5        0  0.5106E-01  0.5225E-01  0.0000E+00  0.1095E-07
     1   126     1     1        0  0.0000E+00  0.1000E+03  0.2200E+04  0.1000E+03
     1   126     1     2        0  0.1872E+05  0.7500E-03  0.0000E+00  0.7982E-03
     1   126     1     3        0  0.1533E+00  0.4878E+02  0.0000E+00  0.1840E-08
     1   126     1     4        0  0.9399E+01  0.2966E-03  0.1894E-01  0.9704E-03
     1   126     1     5        0  0.1710E+00  0.2987E+00  0.0000E+00  0.7157E-08
     1   127     1     1        0  0.0000E+00  0.2710E+02  0.1223E+04  0.1000E+03
     1   127     1     2        0  0.9228E+04  0.7713E-04  0.3119E-01  0.3242E-02
     1   127     1     3        0  0.2810E+00  0.2129E+02  0.0000E+00  0.1299E-09
     1   127     1     4        0  0.3119E+01  0.5497E-03  0.0000E+00  0.5494E-03
     1   127     1     5        0  0.4903E-01  0.1304E+00  0.0000E+00  0.1652E-07
     1   128     1     1        0  0.0000E+00  0.1537E+02  0.5830E+03  0.1000E+03
     1   128     1     2        0  0.4281E+04  0.2019E-03  0.0000E+00  0.1402E-02
     1   128     1     3        0  0.1128E+00  0.8285E+01  0.0000E+00  0.6664E-09
     1   128     1     4        0  0.9481E+00  0.8212E-04  0.0000E+00  0.1428E-03
     1   128     1     5        0  0.9196E-02  0.4928E-01  0.0000E+00  0.3647E-08
     1   129     1     1        0  0.0000E+00  0.3411E+02  0.2066E+04  0.1000E+03
     1   129     1     2        0  0.1749E+05  0.7474E-04  0.5147E-01  0.2636E-02
     1   129     1     3        0  0.4627E+00  0.2907E+02  0.0000E+00  0.4560E-09
     1   129     1     4        0  0.8422E+01  0.5319E-03  0.0000E+00  0.8842E-03
     1   129     1     5        0  0.1514E+00  0.1775E+00  0.0000E+00  0.2204E-07
     1   130     1     1        0  0.0000E+00  0.3185E+02  0.1717E+04  0.1000E+03
     1   130     1     2        0  0.1389E+05  0.8128E-04  0.0000E+00  0.5950E-03
     1   130     1     3        0  0.7268E-01  0.3079E+02  0.0000E+00  0.1112E-09
     1   130     1     4        0  0.5935E+01  0.2469E-03  0.0000E+00  0.8308E-03
     1   130     1     5        0  0.1023E+00  0.1889E+00  0.0000E+00  0.4073E-08
     1   131     1     1        0  0.0000E+00  0.1515E+02  0.4954E+03  0.1000E+03
     1   131     1     2        0  0.4358E+04  0.4280E-04  0.0000E+00  0.8961E-04
     1   131     1     3        0  0.8820E-02  0.2982E+00  0.0000E+00  0.4783E-10
     1   132     1     1        0  0.0000E+00  0.2772E+02  0.1744E+04  0.1000E+03
     1   132     1     2        0  0.1441E+05  0.8405E-03  0.2114E-01  0.1099E-02
     1   132     1     3        0  0.1891E+00  0.5973E+02  0.0000E+00  0.1218E-08
     1   132     1     4        0  0.6122E+01  0.5618E-03  0.0000E+00  0.7188E-03
     1   132     1     5        0  0.1059E+00  0.3574E+00  0.0000E+00  0.7937E-08
     1   133     1     1        0  0.0000E+00  0.3112E+02  0.2050E+04  0.1000E+03
     1   133     1     2        0  0.1707E+05  0.1040E-02  0.6296E-01  0.3654E-02
     1   133     1     3        0  0.5632E+00  0.5366E+02  0.0000E+00  0.2155E-08
     1   133     1     4        0  0.8330E+01  0.1257E-02  0.0000E+00  0.9703E-03
     1   133     1     5        0  0.1479E+00  0.3316E+00  0.0000E+00  0.3081E-07
     1   134     1     1        0  0.0000E+00  0.4226E+01  0.5428E+03  0.1000E+03
     1   134     1     2        0  0.4227E+04  0.1143E-03  0.0000E+00  0.1795E-02
     1   134     1     3        0  0.9516E-01  0.5505E+01  0.0000E+00  0.8507E-09
     1   134     1     4        0  0.9082E+00  0.6788E-04  0.0000E+00  0.1381E-03
     1   134     1     5        0  0.7440E-02  0.3338E-01  0.0000E+00  0.4245E-08
     1   135     1     1        0  0.0000E+00  0.8037E+01  0.1225E+04  0.1000E+03
     1   135     1     2        0  0.9449E+04  0.2178E-03  0.2782E-01  0.2367E-02
     1   135     1     3        0  0.2477E+00  0.6909E+01  0.0000E+00  0.1595E-08
     1   135     1     4        0  0.3026E+01  0.1274E-03  0.0000E+00  0.5184E-03
     1   135     1     5        0  0.5062E-01  0.4180E-01  0.0000E+00  0.1195E-07
     1   136     1     1        0  0.0000E+00  0.2897E+02  0.2148E+04  0.1000E+03
     1   136     1     2        0  0.1805E+05  0.3622E-03  0.1987E-01  0.9888E-03
     1   136     1     3        0  0.1771E+00  0.1950E+02  0.0000E+00  0.3504E-08
     1   136     1     4        0  0.8788E+01  0.6916E-04  0.1847E-01  0.9712E-03
     1   136     1     5        0  0.1645E+00  0.1209E+00  0.0000E+00  0.8287E-08
     1   137     1     1        0  0.0000E+00  0.5468E+02  0.1169E+04  0.1000E+03
     1   137     1     2        0  0.8618E+04  0.7080E-03  0.3071E-01  0.3395E-02
     1   137     1     3        0  0.2731E+00  0.2182E+02  0.0000E+00  0.3901E-08
     1   137     1     4        0  0.3030E+01  0.5468E-03  0.0000E+00  0.5386E-03
     1   137     1     5        0  0.4510E-01  0.1352E+00  0.0000E+00  0.1705E-07
     1   138     1     1        0  0.0000E+00  0.3486E+01  0.6068E+03  0.1000E+03
     1   138     1     2        0  0.4283E+04  0.4961E-04  0.0000E+00  0.1428E-02
     1   138     1     3        0  0.1127E+00  0.2638E+01  0.0000E+00  0.6720E-09
     1   138     1     4        0  0.8352E+00  0.5019E-04  0.0000E+00  0.1580E-03
     1   138     1     5        0  0.9976E-02  0.1597E-01  0.0000E+00  0.3851E-08
     1   139     1     1        0  0.0000E+00  0.1158E+02  0.2047E+04  0.1000E+03
     1   139     1     2        0  0.1706E+05  0.2573E-03  0.5041E-01  0.2645E-02
     1   139     1     3        0  0.4473E+00  0.7300E+01  0.0000E+00  0.3427E-08
     1   139     1     4        0  0.7829E+01  0.1496E-03  0.0000E+00  0.8904E-03
     1   139     1     5        0  0.1484E+00  0.4409E-01  0.0000E+00  0.2220E-07
     1   140     1     1        0  0.0000E+00  0.4421E+02  0.1682E+04  0.1000E+03
     1   140     1     2        0  0.1335E+05  0.1357E-02  0.0000E+00  0.7505E-03
     1   140     1     3        0  0.7825E-01  0.1320E+02  0.0000E+00  0.7671E-08
     1   140     1     4        0  0.5602E+01  0.4303E-04  0.0000E+00  0.8261E-03
     1   140     1     5        0  0.9772E-01  0.7980E-01  0.0000E+00  0.4313E-08
     1   141     1     1        0  0.0000E+00  0.3889E+02  0.4840E+03  0.1000E+03
     1   141     1     2        0  0.4204E+04  0.3918E-03  0.0000E+00  0.8996E-04
     1   141     1     3        0  0.8345E-02  0.4544E+00  0.0000E+00  0.2596E-09
     1   142     1     1        0  0.0000E+00  0.1904E+01  0.1718E+04  0.1000E+03
     1   142     1     2        0  0.1402E+05  0.4704E-04  0.2163E-01  0.1139E-02
     1   142     1     3        0  0.1910E+00  0.5131E+01  0.0000E+00  0.1185E-08
     1   142     1     4        0  0.5438E+01  0.8795E-04  0.0000E+00  0.7248E-03
     1   142     1     5        0  0.1036E+00  0.3164E-01  0.0000E+00  0.8398E-08
     1   143     1     1        0  0.0000E+00  0.1687E+02  0.1996E+04  0.1000E+03
     1   143     1     2        0  0.1639E+05  0.1325E-03  0.6178E-01  0.3727E-02
     1   143     1     3        0  0.5455E+00  0.6138E+01  0.0000E+00  0.4750E-08
     1   143     1     4        0  0.7316E+01  0.1879E-03  0.0000E+00  0.9690E-03
     1   143     1     5        0  0.1413E+00  0.3808E-01  0.0000E+00  0.3131E-07
     1   144     1     1        0  0.0000E+00  0.7744E+02  0.4985E+03  0.1000E+03
     1   144     1     2        0  0.4086E+04  0.1681E-02  0.0000E+00  0.1875E-02
     1   144     1     3        0  0.9229E-01  0.6205E+01  0.0000E+00  0.6383E-08
     1   144     1     4        0  0.6892E+00  0.1027E-03  0.0000E+00  0.1233E-03
     1   144     1     5        0  0.6146E-02  0.3747E-01  0.0000E+00  0.4107E-08
     1   145     1     1        0  0.0000E+00  0.2511E+02  0.1234E+04  0.1000E+03
     1   145     1     2        0  0.9397E+04  0.5381E-03  0.2777E-01  0.2322E-02
     1   145     1     3        0  0.2442E+00  0.6377E+01  0.0000E+00  0.3791E-08
     1   145     1     4        0  0.3024E+01  0.9445E-04  0.0000E+00  0.5276E-03
     1   145     1     5        0  0.5104E-01  0.3923E-01  0.0000E+00  0.1185E-07
     1   146     1     1        0  0.0000E+00  0.5029E+01  0.2122E+04  0.1000E+03
     1   146     1     2        0  0.1756E+05  0.1289E-03  0.1803E-01  0.9017E-03
     1   146     1     3        0  0.1586E+00  0.5634E+01  0.0000E+00  0.2384E-08
     1   146     1     4        0  0.8168E+01  0.2555E-04  0.1819E-01  0.9739E-03
     1   146     1     5        0  0.1600E+00  0.3520E-01  0.0000E+00  0.7711E-08
     1   147     1     1        0  0.0000E+00  0.2403E+02  0.1138E+04  0.1000E+03
     1   147     1     2        0  0.8197E+04  0.3996E-03  0.2859E-01  0.3289E-02
     1   147     1     3        0  0.2509E+00  0.3919E+01  0.0000E+00  0.7174E-08
     1   147     1     4        0  0.2601E+01  0.7106E-04  0.0000E+00  0.5292E-03
     1   147     1     5        0  0.4232E-01  0.2350E-01  0.0000E+00  0.1623E-07
     1   148     1     1        0  0.0000E+00  0.1000E+03  0.6094E+03  0.1000E+03
     1   148     1     2        0  0.4131E+04  0.8860E-03  0.0000E+00  0.1467E-02
     1   148     1     3        0  0.1094E+00  0.8878E+01  0.0000E+00  0.3993E-08
     1   148     1     4        0  0.9343E+00  0.1633E-03  0.0000E+00  0.1698E-03
     1   148     1     5        0  0.1027E-01  0.5193E-01  0.0000E+00  0.4075E-08
     1   149     1     1        0  0.0000E+00  0.1514E+02  0.2012E+04  0.1000E+03
     1   149     1     2        0  0.1657E+05  0.9813E-04  0.4999E-01  0.2640E-02
     1   149     1     3        0  0.4379E+00  0.8313E+01  0.0000E+00  0.1505E-08
     1   149     1     4        0  0.7455E+01  0.2647E-03  0.0000E+00  0.8934E-03
     1   149     1     5        0  0.1441E+00  0.5200E-01  0.0000E+00  0.2219E-07
     1   150     1     1        0  0.0000E+00  0.9291E+01  0.1630E+04  0.1000E+03
     1   150     1     2        0  0.1275E+05  0.1770E-03  0.0000E+00  0.6874E-03
     1   150     1     3        0  0.7117E-01  0.4597E+01  0.0000E+00  0.4141E-08
     1   150     1     4        0  0.4876E+01  0.1985E-04  0.0000E+00  0.8193E-03
     1   150     1     5        0  0.9232E-01  0.2931E-01  0.0000E+00  0.4027E-08
     1   151     1     1        0  0.0000E+00  0.3386E+02  0.4888E+03  0.1000E+03
     1   151     1     2        0  0.4199E+04  0.6160E-03  0.0000E+00  0.8780E-04
     1   151     1     3        0  0.7986E-02  0.6856E+00  0.0000E+00  0.4174E-09
     1   152     1     1        0  0.0000E+00  0.1000E+03  0.1715E+04  0.1000E+03
     1   152     1     2        0  0.1381E+05  0.1561E-02  0.1950E-01  0.1040E-02
     1   152     1     3        0  0.1701E+00  0.2627E+02  0.0000E+00  0.4000E-08
     1   152     1     4        0  0.5860E+01  0.1197E-03  0.0000E+00  0.7328E-03
     1   152     1     5        0  0.1028E+00  0.1615E+00  0.0000E+00  0.7859E-08
     1   153     1     1        0  0.0000E+00  0.7987E+01  0.1967E+04  0.1000E+03
     1   153     1     2        0  0.1593E+05  0.1041E-04  0.5980E-01  0.3649E-02
     1   153     1     3        0  0.5218E+00  0.8696E+01  0.0000E+00  0.8126E-09
     1   153     1     4        0  0.7221E+01  0.3100E-03  0.0000E+00  0.9688E-03
     1   153     1     5        0  0.1365E+00  0.5541E-01  0.0000E+00  0.3050E-07
     1   154     1     1        0  0.0000E+00  0.1498E+02  0.4754E+03  0.1000E+03
     1   154     1     2        0  0.4089E+04  0.1633E-03  0.0000E+00  0.1699E-02
     1   154     1     3        0  0.8213E-01  0.1920E+01  0.0000E+00  0.2793E-08
     1   154     1     4        0  0.5552E+00  0.1728E-04  0.0000E+00  0.1092E-03
     1   154     1     5        0  0.5301E-02  0.1191E-01  0.0000E+00  0.3651E-08
     1   155     1     1        0  0.0000E+00  0.4771E+02  0.1225E+04  0.1000E+03
     1   155     1     2        0  0.9247E+04  0.8195E-03  0.2705E-01  0.2265E-02
     1   155     1     3        0  0.2351E+00  0.1024E+02  0.0000E+00  0.4193E-08
     1   155     1     4        0  0.3316E+01  0.1388E-03  0.0000E+00  0.5342E-03
     1   155     1     5        0  0.5084E-01  0.6160E-01  0.0000E+00  0.1172E-07
     1   156     1     1        0  0.0000E+00  0.1000E+03  0.2081E+04  0.1000E+03
     1   156     1     2        0  0.1704E+05  0.4727E-03  0.0000E+00  0.7682E-03
     1   156     1     3        0  0.1339E+00  0.4651E+02  0.0000E+00  0.1706E-08
     1   156     1     4        0  0.8314E+01  0.2821E-03  0.1779E-01  0.9738E-03
     1   156     1     5        0  0.1547E+00  0.2901E+00  0.0000E+00  0.6967E-08
     1   157     1     1        0  0.0000E+00  0.4907E+01  0.1092E+04  0.1000E+03
     1   157     1     2        0  0.7710E+04  0.1004E-03  0.2684E-01  0.3188E-02
     1   157     1     3        0  0.2330E+00  0.7366E+01  0.0000E+00  0.1052E-08
     1   157     1     4        0  0.2426E+01  0.2149E-03  0.0000E+00  0.5167E-03
     1   157     1     5        0  0.3904E-01  0.4651E-01  0.0000E+00  0.1542E-07
     1   158     1     1        0  0.0000E+00  0.2256E+02  0.6325E+03  0.1000E+03
     1   158     1     2        0  0.4129E+04  0.3865E-03  0.0000E+00  0.1411E-02
     1   158     1     3        0  0.1047E+00  0.5590E+01  0.0000E+00  0.1904E-08
     1   158     1     4        0  0.1136E+01  0.3584E-04  0.0000E+00  0.1863E-03
     1   158     1     5        0  0.1114E-01  0.3448E-01  0.0000E+00  0.4041E-08
     1   159     1     1        0  0.0000E+00  0.5795E+02  0.1999E+04  0.1000E+03
     1   159     1     2        0  0.1629E+05  0.2802E-03  0.4769E-01  0.2548E-02
     1   159     1     3        0  0.4135E+00  0.3010E+02  0.0000E+00  0.1469E-08
     1   159     1     4        0  0.8013E+01  0.7814E-03  0.0000E+00  0.8987E-03
     1   159     1     5        0  0.1420E+00  0.1910E+00  0.0000E+00  0.2151E-07
     1   160     1     1        0  0.0000E+00  0.1000E+03  0.1600E+04  0.1000E+03
     1   160     1     2        0  0.1235E+05  0.3617E-03  0.0000E+00  0.4909E-03
     1   160     1     3        0  0.5278E-01  0.7476E+02  0.0000E+00  0.2238E-09
     1   160     1     4        0  0.5205E+01  0.7070E-03  0.0000E+00  0.8131E-03
     1   160     1     5        0  0.8855E-01  0.4790E+00  0.0000E+00  0.3259E-08
     1   161     1     1        0  0.0000E+00  0.7883E+01  0.4785E+03  0.1000E+03
     1   161     1     2        0  0.4075E+04  0.1595E-03  0.0000E+00  0.8104E-04
     1   161     1     3        0  0.7326E-02  0.2936E+01  0.0000E+00  0.4880E-10
     1   161     1     4        0  0.1771E-01  0.2730E-04  0.0000E+00  0.1807E-04
     1   162     1     1        0  0.0000E+00  0.7395E+01  0.4699E+03  0.1000E+03
     1   162     1     2        0  0.4519E+03  0.1922E-06  0.0000E+00  0.1130E-04
     1   162     1     3        0  0.7339E-04  0.1979E+01  0.0000E+00  0.4693E-09
     1   162     1     4        0  0.4826E-03  0.7538E-06  0.0000E+00  0.4283E-05
