SUMMARY OF C0NVERGENCE INFORMATION
  STEP   INC  ATT   ITER     CONT.   RESID.        CORR.      RESID.      CORR.
                              EL.    FORCE         DISP       FLUX        TEMP.
                              (#)     (%)           (%)        (%)         (%)
     1     1     1     1        0  0.0000E+00  0.1000E-29  0.2620E+04  0.1000E+03
     1     1     1     2        0  0.7404E+04  0.1000E-29  0.0000E+00  0.3294E-05
     1     1     1     3        0  0.4671E-02  0.1000E+03  0.0000E+00  0.5304E-10
     1     1     1     4        0  0.8922E+01  0.2790E-03  0.0000E+00  0.2141E-03
     1     1     1     5        0  0.3017E+00  0.5176E-02  0.0000E+00  0.5898E-10
     1     2     1     1        0  0.0000E+00  0.7013E+02  0.3423E+04  0.1000E+03
     1     2     1     2        0  0.1488E+05  0.1155E-03  0.0000E+00  0.6814E-03
     1     2     1     3        0  0.7430E+00  0.5789E+02  0.0000E+00  0.4472E-10
     1     2     1     4        0  0.1220E+02  0.2756E-03  0.0000E+00  0.3952E-03
     1     2     1     5        0  0.4431E+00  0.7512E-02  0.0000E+00  0.2474E-08
     1     3     1     1        0  0.0000E+00  0.1835E+02  0.3219E+04  0.1000E+03
     1     3     1     2        0  0.2023E+05  0.7678E-04  0.0000E+00  0.1176E-03
     1     3     1     3        0  0.9371E-01  0.3114E+02  0.0000E+00  0.1343E-09
     1     3     1     4        0  0.8544E+01  0.8236E-04  0.0000E+00  0.4459E-03
     1     3     1     5        0  0.3166E+00  0.6243E-02  0.0000E+00  0.4933E-09
     1     4     1     1        0  0.0000E+00  0.2114E+02  0.2250E+04  0.1000E+03
     1     4     1     2        0  0.2042E+05  0.2574E-04  0.0000E+00  0.8206E-03
     1     4     1     3        0  0.2942E+00  0.1235E+02  0.0000E+00  0.8570E-10
     1     4     1     4        0  0.2994E+01  0.6326E-04  0.0000E+00  0.2689E-03
     1     4     1     5        0  0.1084E+00  0.2899E-02  0.0000E+00  0.2062E-08
     1     5     1     1        0  0.0000E+00  0.7937E+01  0.3603E+03  0.1000E+03
     1     5     1     2        0  0.4383E+04  0.2089E-04  0.0000E+00  0.9575E-04
     1     5     1     3        0  0.1259E-01  0.1392E+01  0.0000E+00  0.1139E-09
     1     5     1     4        0  0.6027E-01  0.6354E-05  0.0000E+00  0.1226E-04
     1     6     1     1        0  0.0000E+00  0.3017E+01  0.1986E+04  0.1000E+03
     1     6     1     2        0  0.1633E+05  0.6865E-05  0.0000E+00  0.6937E-04
     1     6     1     3        0  0.1633E-01  0.5164E+01  0.0000E+00  0.6572E-10
     1     6     1     4        0  0.1298E+01  0.9981E-05  0.0000E+00  0.1751E-03
     1     6     1     5        0  0.4452E-01  0.1208E-02  0.0000E+00  0.1558E-09
     1     7     1     1        0  0.0000E+00  0.1145E+02  0.3564E+04  0.1000E+03
     1     7     1     2        0  0.2477E+05  0.8920E-05  0.0000E+00  0.6624E-03
     1     7     1     3        0  0.2619E+00  0.9582E+01  0.0000E+00  0.5424E-10
     1     7     1     4        0  0.4083E+01  0.4072E-04  0.0000E+00  0.3743E-03
     1     7     1     5        0  0.1527E+00  0.2780E-02  0.0000E+00  0.2319E-08
     1     8     1     1        0  0.0000E+00  0.1133E+02  0.3697E+04  0.1000E+03
     1     8     1     2        0  0.2694E+05  0.2965E-04  0.0000E+00  0.1345E-03
     1     8     1     3        0  0.6325E-01  0.1328E+02  0.0000E+00  0.1220E-09
     1     8     1     4        0  0.4610E+01  0.1285E-04  0.0000E+00  0.4547E-03
     1     8     1     5        0  0.1769E+00  0.4665E-02  0.0000E+00  0.5295E-09
     1     9     1     1        0  0.0000E+00  0.2619E+02  0.2682E+04  0.1000E+03
     1     9     1     2        0  0.2249E+05  0.8105E-04  0.0000E+00  0.8642E-03
     1     9     1     3        0  0.2181E+00  0.1803E+02  0.0000E+00  0.1759E-09
     1     9     1     4        0  0.2323E+01  0.8888E-04  0.0000E+00  0.3167E-03
     1     9     1     5        0  0.8886E-01  0.6948E-02  0.0000E+00  0.2442E-08
     1    10     1     1        0  0.0000E+00  0.1000E+03  0.7526E+03  0.1000E+03
     1    10     1     2        0  0.7438E+04  0.2123E-03  0.0000E+00  0.1631E-03
     1    10     1     3        0  0.1722E-01  0.1284E+02  0.0000E+00  0.1097E-09
     1    10     1     4        0  0.1563E+00  0.4857E-04  0.0000E+00  0.3849E-04
     1    11     1     1        0  0.0000E+00  0.2247E+02  0.1451E+04  0.1000E+03
     1    11     1     2        0  0.1305E+05  0.5822E-04  0.0000E+00  0.1571E-03
     1    11     1     3        0  0.2194E-01  0.6720E+01  0.0000E+00  0.9729E-10
     1    11     1     4        0  0.7295E+00  0.2387E-04  0.0000E+00  0.1400E-03
     1    11     1     5        0  0.2190E-01  0.2696E-02  0.0000E+00  0.2825E-09
     1    12     1     1        0  0.0000E+00  0.1276E+02  0.3269E+04  0.1000E+03
     1    12     1     2        0  0.2612E+05  0.9247E-05  0.0000E+00  0.5949E-03
     1    12     1     3        0  0.1859E+00  0.8472E+01  0.0000E+00  0.6081E-10
     1    12     1     4        0  0.3167E+01  0.2997E-04  0.0000E+00  0.3524E-03
     1    12     1     5        0  0.1127E+00  0.3899E-02  0.0000E+00  0.1959E-08
     1    13     1     1        0  0.0000E+00  0.5800E+01  0.3717E+04  0.1000E+03
     1    13     1     2        0  0.2997E+05  0.2136E-04  0.0000E+00  0.2198E-03
     1    13     1     3        0  0.8662E-01  0.8224E+01  0.0000E+00  0.7935E-10
     1    13     1     4        0  0.4214E+01  0.1396E-04  0.0000E+00  0.4567E-03
     1    13     1     5        0  0.1561E+00  0.4355E-02  0.0000E+00  0.8392E-09
     1    14     1     1        0  0.0000E+00  0.9800E+01  0.2887E+04  0.1000E+03
     1    14     1     2        0  0.2513E+05  0.2032E-04  0.0000E+00  0.7518E-03
     1    14     1     3        0  0.1835E+00  0.6698E+01  0.0000E+00  0.1410E-09
     1    14     1     4        0  0.2535E+01  0.2817E-04  0.0000E+00  0.3592E-03
     1    14     1     5        0  0.9396E-01  0.3842E-02  0.0000E+00  0.2365E-08
     1    15     1     1        0  0.0000E+00  0.1121E+02  0.1057E+04  0.1000E+03
     1    15     1     2        0  0.9992E+04  0.4365E-04  0.0000E+00  0.7104E-04
     1    15     1     3        0  0.5540E-02  0.2985E+01  0.0000E+00  0.1003E-09
     1    15     1     4        0  0.3382E+00  0.5139E-05  0.0000E+00  0.7335E-04
     1    16     1     1        0  0.0000E+00  0.3108E+02  0.1018E+04  0.1000E+03
     1    16     1     2        0  0.9163E+04  0.1458E-03  0.0000E+00  0.2754E-03
     1    16     1     3        0  0.2524E-01  0.5996E+01  0.0000E+00  0.1318E-09
     1    16     1     4        0  0.3826E+00  0.2786E-04  0.0000E+00  0.9412E-04
     1    17     1     1        0  0.0000E+00  0.1000E+03  0.3521E+04  0.1000E+03
     1    17     1     2        0  0.3772E+05  0.1429E-03  0.3630E-01  0.1125E-02
     1    17     1     3        0  0.5327E+00  0.5667E+02  0.0000E+00  0.1395E-09
     1    17     1     4        0  0.1029E+02  0.5638E-03  0.0000E+00  0.5642E-03
     1    17     1     5        0  0.2828E+00  0.5422E-01  0.0000E+00  0.6092E-08
     1    18     1     1        0  0.0000E+00  0.3900E+02  0.3105E+04  0.1000E+03
     1    18     1     2        0  0.3520E+05  0.2285E-04  0.0000E+00  0.3859E-03
     1    18     1     3        0  0.1725E+00  0.2636E+02  0.0000E+00  0.5322E-10
     1    18     1     4        0  0.8093E+01  0.1680E-03  0.0000E+00  0.5563E-03
     1    18     1     5        0  0.2265E+00  0.2775E-01  0.0000E+00  0.2051E-08
     1    19     1     1        0  0.0000E+00  0.5733E+01  0.2741E+03  0.1000E+03
     1    19     1     2        0  0.3717E+04  0.1354E-04  0.0000E+00  0.1092E-03
     1    19     1     3        0  0.1631E-01  0.1836E+01  0.0000E+00  0.8318E-10
     1    19     1     4        0  0.9879E-01  0.2653E-05  0.0000E+00  0.1571E-04
     1    20     1     1        0  0.0000E+00  0.2151E+02  0.2618E+04  0.1000E+03
     1    20     1     2        0  0.3005E+05  0.1625E-04  0.0000E+00  0.2845E-03
     1    20     1     3        0  0.1014E+00  0.1557E+02  0.0000E+00  0.4051E-10
     1    20     1     4        0  0.5869E+01  0.6756E-04  0.0000E+00  0.4146E-03
     1    20     1     5        0  0.1511E+00  0.1680E-01  0.0000E+00  0.1219E-08
     1    21     1     1        0  0.0000E+00  0.2871E+02  0.3552E+04  0.1000E+03
     1    21     1     2        0  0.3904E+05  0.3950E-04  0.3589E-01  0.1093E-02
     1    21     1     3        0  0.4935E+00  0.2619E+02  0.0000E+00  0.3428E-10
     1    21     1     4        0  0.1038E+02  0.1781E-03  0.0000E+00  0.6453E-03
     1    21     1     5        0  0.2853E+00  0.3111E-01  0.0000E+00  0.6293E-08
     1    22     1     1        0  0.0000E+00  0.1715E+02  0.1667E+04  0.1000E+03
     1    22     1     2        0  0.2020E+05  0.2847E-04  0.0000E+00  0.1092E-03
     1    22     1     3        0  0.1357E-01  0.1462E+02  0.0000E+00  0.9388E-10
     1    22     1     4        0  0.2368E+01  0.6052E-04  0.0000E+00  0.2702E-03
     1    22     1     5        0  0.6056E-01  0.1744E-01  0.0000E+00  0.2251E-09
     1    23     1     1        0  0.0000E+00  0.8430E+01  0.1277E+04  0.1000E+03
     1    23     1     2        0  0.1493E+05  0.5677E-06  0.0000E+00  0.7072E-03
     1    23     1     3        0  0.1119E+00  0.1343E+02  0.0000E+00  0.6763E-10
     1    23     1     4        0  0.1605E+01  0.1208E-03  0.0000E+00  0.2093E-03
     1    23     1     5        0  0.3570E-01  0.1616E-01  0.0000E+00  0.1483E-08
     1    24     1     1        0  0.0000E+00  0.4619E+02  0.3450E+04  0.1000E+03
     1    24     1     2        0  0.3590E+05  0.8935E-04  0.0000E+00  0.1516E-03
     1    24     1     3        0  0.4388E-01  0.6612E+02  0.0000E+00  0.1647E-09
     1    24     1     4        0  0.9137E+01  0.1295E-03  0.0000E+00  0.5980E-03
     1    24     1     5        0  0.2482E+00  0.8806E-01  0.0000E+00  0.7006E-09
     1    25     1     1        0  0.0000E+00  0.4245E+02  0.2749E+04  0.1000E+03
     1    25     1     2        0  0.2975E+05  0.1397E-03  0.3835E-01  0.1703E-02
     1    25     1     3        0  0.4783E+00  0.4768E+02  0.0000E+00  0.2256E-09
     1    25     1     4        0  0.5879E+01  0.7853E-03  0.0000E+00  0.5257E-03
     1    25     1     5        0  0.1592E+00  0.6771E-01  0.0000E+00  0.7695E-08
     1    26     1     1        0  0.0000E+00  0.1288E+02  0.3275E+03  0.1000E+03
     1    26     1     2        0  0.3734E+04  0.1664E-04  0.0000E+00  0.7282E-04
     1    26     1     3        0  0.1236E-01  0.1256E+00  0.0000E+00  0.7627E-10
     1    27     1     1        0  0.0000E+00  0.5955E+01  0.2712E+04  0.1000E+03
     1    27     1     2        0  0.2847E+05  0.3871E-05  0.0000E+00  0.8386E-03
     1    27     1     3        0  0.2705E+00  0.9776E+01  0.0000E+00  0.7738E-10
     1    27     1     4        0  0.5639E+01  0.7637E-04  0.0000E+00  0.4570E-03
     1    27     1     5        0  0.1475E+00  0.1434E-01  0.0000E+00  0.3778E-08
     1    28     1     1        0  0.0000E+00  0.9856E+01  0.3304E+04  0.1000E+03
     1    28     1     2        0  0.3409E+05  0.1731E-04  0.0000E+00  0.5435E-03
     1    28     1     3        0  0.1886E+00  0.1270E+02  0.0000E+00  0.2161E-09
     1    28     1     4        0  0.8159E+01  0.3722E-04  0.0000E+00  0.6447E-03
     1    28     1     5        0  0.2246E+00  0.2011E-01  0.0000E+00  0.3148E-08
     1    29     1     1        0  0.0000E+00  0.3087E+02  0.1227E+04  0.1000E+03
     1    29     1     2        0  0.1353E+05  0.9521E-04  0.0000E+00  0.4443E-03
     1    29     1     3        0  0.7257E-01  0.9780E+01  0.0000E+00  0.2116E-09
     1    29     1     4        0  0.1289E+01  0.5656E-04  0.0000E+00  0.1905E-03
     1    29     1     5        0  0.3127E-01  0.1542E-01  0.0000E+00  0.1067E-08
     1    30     1     1        0  0.0000E+00  0.1000E+03  0.1511E+04  0.1000E+03
     1    30     1     2        0  0.1601E+05  0.5050E-04  0.0000E+00  0.1220E-03
     1    30     1     3        0  0.2405E-01  0.2770E+02  0.0000E+00  0.1131E-09
     1    30     1     4        0  0.2045E+01  0.8031E-04  0.0000E+00  0.2656E-03
     1    30     1     5        0  0.4666E-01  0.4454E-01  0.0000E+00  0.3885E-09
     1    31     1     1        0  0.0000E+00  0.2129E+02  0.3343E+04  0.1000E+03
     1    31     1     2        0  0.3313E+05  0.5558E-04  0.0000E+00  0.6020E-03
     1    31     1     3        0  0.2031E+00  0.1635E+02  0.0000E+00  0.6740E-10
     1    31     1     4        0  0.8127E+01  0.1274E-03  0.0000E+00  0.6214E-03
     1    31     1     5        0  0.2193E+00  0.2816E-01  0.0000E+00  0.3459E-08
     1    32     1     1        0  0.0000E+00  0.7955E+01  0.2375E+04  0.1000E+03
     1    32     1     2        0  0.2434E+05  0.1518E-04  0.0000E+00  0.9697E-03
     1    32     1     3        0  0.2148E+00  0.9057E+01  0.0000E+00  0.1366E-09
     1    32     1     4        0  0.4227E+01  0.4563E-04  0.0000E+00  0.4874E-03
     1    32     1     5        0  0.1126E+00  0.1603E-01  0.0000E+00  0.4170E-08
     1    33     1     1        0  0.0000E+00  0.1577E+02  0.3832E+03  0.1000E+03
     1    33     1     2        0  0.3952E+04  0.2611E-04  0.0000E+00  0.3856E-04
     1    33     1     3        0  0.4459E-02  0.1644E+01  0.0000E+00  0.7398E-10
     1    33     1     4        0  0.8799E-01  0.2398E-05  0.0000E+00  0.1099E-04
     1    34     1     1        0  0.0000E+00  0.4874E+02  0.2761E+04  0.1000E+03
     1    34     1     2        0  0.2701E+05  0.1901E-03  0.0000E+00  0.3109E-03
     1    34     1     3        0  0.8632E-01  0.2447E+02  0.0000E+00  0.1180E-09
     1    34     1     4        0  0.5622E+01  0.3983E-04  0.0000E+00  0.5013E-03
     1    34     1     5        0  0.1453E+00  0.4332E-01  0.0000E+00  0.1534E-08
     1    35     1     1        0  0.0000E+00  0.1000E+03  0.3025E+04  0.1000E+03
     1    35     1     2        0  0.2942E+05  0.1207E-03  0.3135E-01  0.1226E-02
     1    35     1     3        0  0.3321E+00  0.6358E+02  0.0000E+00  0.5465E-10
     1    35     1     4        0  0.6626E+01  0.6194E-03  0.0000E+00  0.6424E-03
     1    35     1     5        0  0.1790E+00  0.1185E+00  0.0000E+00  0.6740E-08
     1    36     1     1        0  0.0000E+00  0.2195E+02  0.8117E+03  0.1000E+03
     1    36     1     2        0  0.8070E+04  0.4599E-04  0.0000E+00  0.1442E-03
     1    36     1     3        0  0.1365E-01  0.1578E+02  0.0000E+00  0.7544E-10
     1    36     1     4        0  0.6376E+00  0.4680E-04  0.0000E+00  0.1103E-03
     1    36     1     5        0  0.1373E-01  0.2904E-01  0.0000E+00  0.2861E-09
     1    37     1     1        0  0.0000E+00  0.1324E+02  0.1712E+04  0.1000E+03
     1    37     1     2        0  0.1653E+05  0.3699E-04  0.0000E+00  0.3583E-03
     1    37     1     3        0  0.6123E-01  0.2247E+02  0.0000E+00  0.5082E-10
     1    37     1     4        0  0.2455E+01  0.8021E-04  0.0000E+00  0.3202E-03
     1    37     1     5        0  0.5670E-01  0.4277E-01  0.0000E+00  0.1129E-08
     1    38     1     1        0  0.0000E+00  0.2314E+02  0.3206E+04  0.1000E+03
     1    38     1     2        0  0.2976E+05  0.2123E-04  0.0000E+00  0.5658E-03
     1    38     1     3        0  0.1768E+00  0.3004E+02  0.0000E+00  0.8583E-10
     1    38     1     4        0  0.7258E+01  0.9315E-04  0.0000E+00  0.6394E-03
     1    38     1     5        0  0.1922E+00  0.6096E-01  0.0000E+00  0.3421E-08
     1    39     1     1        0  0.0000E+00  0.1267E+02  0.1998E+04  0.1000E+03
     1    39     1     2        0  0.1911E+05  0.2331E-04  0.0000E+00  0.8956E-03
     1    39     1     3        0  0.1492E+00  0.1485E+02  0.0000E+00  0.1655E-09
     1    39     1     4        0  0.3048E+01  0.1185E-03  0.0000E+00  0.4264E-03
     1    39     1     5        0  0.7688E-01  0.3076E-01  0.0000E+00  0.3365E-08
     1    40     1     1        0  0.0000E+00  0.1820E+01  0.4232E+03  0.1000E+03
     1    40     1     2        0  0.3855E+04  0.1761E-05  0.0000E+00  0.1868E-03
     1    40     1     3        0  0.1977E-01  0.3645E+01  0.0000E+00  0.7993E-10
     1    40     1     4        0  0.2691E+00  0.7476E-05  0.0000E+00  0.2975E-04
     1    41     1     1        0  0.0000E+00  0.1110E+02  0.2780E+04  0.1000E+03
     1    41     1     2        0  0.2540E+05  0.2020E-04  0.0000E+00  0.6397E-03
     1    41     1     3        0  0.1668E+00  0.1838E+02  0.0000E+00  0.1219E-09
     1    41     1     4        0  0.5453E+01  0.1343E-03  0.0000E+00  0.5412E-03
     1    41     1     5        0  0.1425E+00  0.3914E-01  0.0000E+00  0.3341E-08
     1    42     1     1        0  0.0000E+00  0.3680E+02  0.2740E+04  0.1000E+03
     1    42     1     2        0  0.2513E+05  0.1248E-03  0.0000E+00  0.9349E-03
     1    42     1     3        0  0.2051E+00  0.3881E+02  0.0000E+00  0.2003E-09
     1    42     1     4        0  0.5346E+01  0.3214E-03  0.0000E+00  0.6354E-03
     1    42     1     5        0  0.1430E+00  0.8589E-01  0.0000E+00  0.4929E-08
     1    43     1     1        0  0.0000E+00  0.4280E+02  0.4734E+03  0.1000E+03
     1    43     1     2        0  0.3727E+04  0.1506E-03  0.0000E+00  0.6465E-04
     1    43     1     3        0  0.5115E-02  0.8708E+01  0.0000E+00  0.1332E-09
     1    43     1     4        0  0.2638E+00  0.5053E-05  0.0000E+00  0.4519E-04
     1    44     1     1        0  0.0000E+00  0.1545E+02  0.1883E+04  0.1000E+03
     1    44     1     2        0  0.1699E+05  0.1736E-04  0.0000E+00  0.3627E-03
     1    44     1     3        0  0.6495E-01  0.9710E+01  0.0000E+00  0.7513E-10
     1    44     1     4        0  0.2770E+01  0.3918E-04  0.0000E+00  0.3711E-03
     1    44     1     5        0  0.6630E-01  0.2147E-01  0.0000E+00  0.1365E-08
     1    45     1     1        0  0.0000E+00  0.7638E+01  0.3051E+04  0.1000E+03
     1    45     1     2        0  0.2686E+05  0.6567E-05  0.0000E+00  0.7393E-03
     1    45     1     3        0  0.1880E+00  0.1143E+02  0.0000E+00  0.1074E-09
     1    45     1     4        0  0.6374E+01  0.5316E-04  0.0000E+00  0.6511E-03
     1    45     1     5        0  0.1700E+00  0.2632E-01  0.0000E+00  0.4317E-08
     1    46     1     1        0  0.0000E+00  0.1339E+02  0.1629E+04  0.1000E+03
     1    46     1     2        0  0.1465E+05  0.4508E-04  0.0000E+00  0.6079E-03
     1    46     1     3        0  0.8303E-01  0.7776E+01  0.0000E+00  0.3681E-09
     1    46     1     4        0  0.2059E+01  0.3969E-04  0.0000E+00  0.3595E-03
     1    46     1     5        0  0.5093E-01  0.1787E-01  0.0000E+00  0.2106E-08
     1    47     1     1        0  0.0000E+00  0.5712E+02  0.7051E+03  0.1000E+03
     1    47     1     2        0  0.5380E+04  0.5359E-04  0.0000E+00  0.5324E-04
     1    47     1     3        0  0.5360E-02  0.1007E+02  0.0000E+00  0.1635E-09
     1    47     1     4        0  0.5452E+00  0.8436E-05  0.0000E+00  0.9148E-04
     1    47     1     5        0  0.8926E-02  0.2280E-01  0.0000E+00  0.1186E-09
     1    48     1     1        0  0.0000E+00  0.8158E+02  0.2775E+04  0.1000E+03
     1    48     1     2        0  0.2390E+05  0.2357E-03  0.0000E+00  0.3374E-03
     1    48     1     3        0  0.8136E-01  0.4438E+02  0.0000E+00  0.6193E-10
     1    48     1     4        0  0.5316E+01  0.2129E-03  0.0000E+00  0.5756E-03
     1    48     1     5        0  0.1384E+00  0.1047E+00  0.0000E+00  0.1886E-08
     1    49     1     1        0  0.0000E+00  0.1700E+02  0.2456E+04  0.1000E+03
     1    49     1     2        0  0.2130E+05  0.1327E-04  0.2622E-01  0.1326E-02
     1    49     1     3        0  0.2364E+00  0.1552E+02  0.0000E+00  0.9902E-10
     1    49     1     4        0  0.4251E+01  0.1734E-03  0.0000E+00  0.6072E-03
     1    49     1     5        0  0.1126E+00  0.3793E-01  0.0000E+00  0.6581E-08
     1    50     1     1        0  0.0000E+00  0.7306E+01  0.3863E+03  0.1000E+03
     1    50     1     2        0  0.3423E+04  0.1549E-04  0.0000E+00  0.1076E-03
     1    50     1     3        0  0.6743E-02  0.1395E+01  0.0000E+00  0.1044E-09
     1    50     1     4        0  0.5317E-01  0.5423E-05  0.0000E+00  0.1120E-04
     1    51     1     1        0  0.0000E+00  0.2537E+02  0.2028E+04  0.1000E+03
     1    51     1     2        0  0.1718E+05  0.6970E-04  0.0000E+00  0.4025E-03
     1    51     1     3        0  0.6905E-01  0.1465E+02  0.0000E+00  0.6094E-10
     1    51     1     4        0  0.3144E+01  0.8182E-04  0.0000E+00  0.4180E-03
     1    51     1     5        0  0.7452E-01  0.3603E-01  0.0000E+00  0.1644E-08
     1    52     1     1        0  0.0000E+00  0.4243E+02  0.2882E+04  0.1000E+03
     1    52     1     2        0  0.2415E+05  0.1763E-04  0.0000E+00  0.8862E-03
     1    52     1     3        0  0.1988E+00  0.3173E+02  0.0000E+00  0.4018E-10
     1    52     1     4        0  0.5728E+01  0.2535E-03  0.0000E+00  0.6563E-03
     1    52     1     5        0  0.1491E+00  0.8127E-01  0.0000E+00  0.5155E-08
     1    53     1     1        0  0.0000E+00  0.4224E+02  0.1322E+04  0.1000E+03
     1    53     1     2        0  0.1083E+05  0.2217E-04  0.0000E+00  0.3162E-03
     1    53     1     3        0  0.3558E-01  0.2793E+02  0.0000E+00  0.7862E-10
     1    53     1     4        0  0.1388E+01  0.3409E-04  0.0000E+00  0.2800E-03
     1    53     1     5        0  0.3167E-01  0.7128E-01  0.0000E+00  0.9797E-09
     1    54     1     1        0  0.0000E+00  0.1172E+02  0.9601E+03  0.1000E+03
     1    54     1     2        0  0.7285E+04  0.5475E-05  0.0000E+00  0.1147E-03
     1    54     1     3        0  0.9788E-02  0.4930E+02  0.0000E+00  0.7851E-10
     1    54     1     4        0  0.8501E+00  0.1229E-03  0.0000E+00  0.1869E-03
     1    54     1     5        0  0.1624E-01  0.1258E+00  0.0000E+00  0.2603E-09
     1    55     1     1        0  0.0000E+00  0.8285E+02  0.2751E+04  0.1000E+03
     1    55     1     2        0  0.2260E+05  0.1202E-03  0.0000E+00  0.4359E-03
     1    55     1     3        0  0.9907E-01  0.1000E+03  0.0000E+00  0.1415E-09
     1    55     1     4        0  0.5192E+01  0.3976E-03  0.0000E+00  0.6044E-03
     1    55     1     5        0  0.1344E+00  0.2642E+00  0.0000E+00  0.2529E-08
     1    56     1     1        0  0.0000E+00  0.1912E+02  0.2184E+04  0.1000E+03
     1    56     1     2        0  0.1801E+05  0.3503E-04  0.0000E+00  0.1244E-02
     1    56     1     3        0  0.1851E+00  0.2667E+02  0.0000E+00  0.1929E-09
     1    56     1     4        0  0.3443E+01  0.3255E-03  0.0000E+00  0.5707E-03
     1    56     1     5        0  0.8803E-01  0.7164E-01  0.0000E+00  0.5721E-08
     1    57     1     1        0  0.0000E+00  0.6512E+01  0.4214E+03  0.1000E+03
     1    57     1     2        0  0.3411E+04  0.2433E-04  0.0000E+00  0.4247E-04
     1    57     1     3        0  0.4420E-02  0.1513E+00  0.0000E+00  0.6857E-10
     1    58     1     1        0  0.0000E+00  0.6024E+01  0.2149E+04  0.1000E+03
     1    58     1     2        0  0.1734E+05  0.7030E-05  0.0000E+00  0.4590E-03
     1    58     1     3        0  0.8008E-01  0.1084E+02  0.0000E+00  0.7497E-10
     1    58     1     4        0  0.3346E+01  0.7273E-04  0.0000E+00  0.4602E-03
     1    58     1     5        0  0.8205E-01  0.2870E-01  0.0000E+00  0.2073E-08
     1    59     1     1        0  0.0000E+00  0.1290E+02  0.2703E+04  0.1000E+03
     1    59     1     2        0  0.2169E+05  0.3072E-04  0.2332E-01  0.1004E-02
     1    59     1     3        0  0.1941E+00  0.1605E+02  0.0000E+00  0.2138E-09
     1    59     1     4        0  0.4984E+01  0.1636E-03  0.0000E+00  0.6554E-03
     1    59     1     5        0  0.1303E+00  0.4376E-01  0.0000E+00  0.5671E-08
     1    60     1     1        0  0.0000E+00  0.5804E+02  0.1023E+04  0.1000E+03
     1    60     1     2        0  0.7494E+04  0.1591E-03  0.0000E+00  0.1208E-03
     1    60     1     3        0  0.9792E-02  0.1991E+02  0.0000E+00  0.2956E-09
     1    60     1     4        0  0.8505E+00  0.5943E-04  0.0000E+00  0.1933E-03
     1    60     1     5        0  0.1783E-01  0.5362E-01  0.0000E+00  0.2893E-09
     1    61     1     1        0  0.0000E+00  0.4638E+02  0.1190E+04  0.1000E+03
     1    61     1     2        0  0.8835E+04  0.1240E-03  0.0000E+00  0.4492E-03
     1    61     1     3        0  0.4183E-01  0.1450E+02  0.0000E+00  0.9117E-10
     1    61     1     4        0  0.1166E+01  0.3576E-04  0.0000E+00  0.2665E-03
     1    61     1     5        0  0.2449E-01  0.3946E-01  0.0000E+00  0.1186E-08
     1    62     1     1        0  0.0000E+00  0.1405E+02  0.2709E+04  0.1000E+03
     1    62     1     2        0  0.2131E+05  0.1792E-04  0.0000E+00  0.2827E-03
     1    62     1     3        0  0.5980E-01  0.1317E+02  0.0000E+00  0.8730E-10
     1    62     1     4        0  0.4913E+01  0.5512E-04  0.0000E+00  0.6271E-03
     1    62     1     5        0  0.1288E+00  0.3726E-01  0.0000E+00  0.1698E-08
     1    63     1     1        0  0.0000E+00  0.6880E+01  0.1938E+04  0.1000E+03
     1    63     1     2        0  0.1501E+05  0.3007E-04  0.0000E+00  0.1453E-02
     1    63     1     3        0  0.1750E+00  0.8452E+01  0.0000E+00  0.2712E-09
     1    63     1     4        0  0.2612E+01  0.6513E-04  0.0000E+00  0.5279E-03
     1    63     1     5        0  0.6691E-01  0.2431E-01  0.0000E+00  0.6109E-08
     1    64     1     1        0  0.0000E+00  0.2096E+02  0.4741E+03  0.1000E+03
     1    64     1     2        0  0.3688E+04  0.5166E-04  0.0000E+00  0.8847E-04
     1    64     1     3        0  0.7108E-02  0.1812E+01  0.0000E+00  0.6760E-10
     1    64     1     4        0  0.5719E-01  0.6454E-05  0.0000E+00  0.1169E-04
     1    65     1     1        0  0.0000E+00  0.8421E+02  0.2241E+04  0.1000E+03
     1    65     1     2        0  0.1735E+05  0.8436E-04  0.0000E+00  0.6602E-03
     1    65     1     3        0  0.1137E+00  0.3954E+02  0.0000E+00  0.8646E-10
     1    65     1     4        0  0.3619E+01  0.1961E-03  0.0000E+00  0.5037E-03
     1    65     1     5        0  0.8811E-01  0.1136E+00  0.0000E+00  0.3174E-08
     1    66     1     1        0  0.0000E+00  0.8070E+02  0.2517E+04  0.1000E+03
     1    66     1     2        0  0.1945E+05  0.2528E-03  0.0000E+00  0.8500E-03
     1    66     1     3        0  0.1453E+00  0.5479E+02  0.0000E+00  0.5500E-10
     1    66     1     4        0  0.4374E+01  0.4980E-03  0.0000E+00  0.6524E-03
     1    66     1     5        0  0.1126E+00  0.1619E+00  0.0000E+00  0.4718E-08
     1    67     1     1        0  0.0000E+00  0.1098E+02  0.7294E+03  0.1000E+03
     1    67     1     2        0  0.4590E+04  0.1392E-04  0.0000E+00  0.1570E-03
     1    67     1     3        0  0.1179E-01  0.8533E+01  0.0000E+00  0.9953E-10
     1    67     1     4        0  0.4597E+00  0.2779E-04  0.0000E+00  0.1104E-03
     1    68     1     1        0  0.0000E+00  0.1587E+02  0.1395E+04  0.1000E+03
     1    68     1     2        0  0.1013E+05  0.2827E-04  0.0000E+00  0.1748E-03
     1    68     1     3        0  0.1754E-01  0.1445E+02  0.0000E+00  0.5360E-10
     1    68     1     4        0  0.1550E+01  0.2440E-04  0.0000E+00  0.3203E-03
     1    68     1     5        0  0.3337E-01  0.4228E-01  0.0000E+00  0.5728E-09
     1    69     1     1        0  0.0000E+00  0.2526E+02  0.2645E+04  0.1000E+03
     1    69     1     2        0  0.2012E+05  0.2159E-04  0.0000E+00  0.7312E-03
     1    69     1     3        0  0.1375E+00  0.2631E+02  0.0000E+00  0.6695E-10
     1    69     1     4        0  0.4778E+01  0.9329E-04  0.0000E+00  0.6445E-03
     1    69     1     5        0  0.1226E+00  0.7908E-01  0.0000E+00  0.4270E-08
     1    70     1     1        0  0.0000E+00  0.1691E+02  0.1687E+04  0.1000E+03
     1    70     1     2        0  0.1232E+05  0.1324E-04  0.0000E+00  0.8046E-03
     1    70     1     3        0  0.8156E-01  0.1698E+02  0.0000E+00  0.1167E-09
     1    70     1     4        0  0.2042E+01  0.8953E-04  0.0000E+00  0.4646E-03
     1    70     1     5        0  0.4925E-01  0.5105E-01  0.0000E+00  0.3117E-08
     1    71     1     1        0  0.0000E+00  0.3435E+01  0.4788E+03  0.1000E+03
     1    71     1     2        0  0.3600E+04  0.2039E-04  0.0000E+00  0.7101E-04
     1    71     1     3        0  0.5895E-02  0.4899E+01  0.0000E+00  0.6828E-10
     1    71     1     4        0  0.1829E+00  0.2750E-05  0.0000E+00  0.2016E-04
     1    72     1     1        0  0.0000E+00  0.1606E+02  0.2311E+04  0.1000E+03
     1    72     1     2        0  0.1725E+05  0.3246E-04  0.0000E+00  0.4044E-03
     1    72     1     3        0  0.6872E-01  0.2961E+02  0.0000E+00  0.1352E-09
     1    72     1     4        0  0.3755E+01  0.1471E-03  0.0000E+00  0.5436E-03
     1    72     1     5        0  0.9292E-01  0.8953E-01  0.0000E+00  0.2131E-08
     1    73     1     1        0  0.0000E+00  0.8339E+02  0.2346E+04  0.1000E+03
     1    73     1     2        0  0.1730E+05  0.1385E-03  0.2305E-01  0.1224E-02
     1    73     1     3        0  0.1764E+00  0.1000E+03  0.0000E+00  0.2312E-09
     1    73     1     4        0  0.3781E+01  0.8146E-03  0.0000E+00  0.6453E-03
     1    73     1     5        0  0.9581E-01  0.3097E+00  0.0000E+00  0.6413E-08
     1    74     1     1        0  0.0000E+00  0.2133E+02  0.4438E+03  0.1000E+03
     1    74     1     2        0  0.3323E+04  0.2377E-04  0.0000E+00  0.1561E-03
     1    74     1     3        0  0.7215E-02  0.6094E+01  0.0000E+00  0.1176E-09
     1    74     1     4        0  0.2189E+00  0.8329E-05  0.0000E+00  0.4298E-04
     1    75     1     1        0  0.0000E+00  0.1051E+02  0.1576E+04  0.1000E+03
     1    75     1     2        0  0.1117E+05  0.6055E-05  0.0000E+00  0.4575E-03
     1    75     1     3        0  0.5102E-01  0.8642E+01  0.0000E+00  0.1020E-09
     1    75     1     4        0  0.1832E+01  0.3184E-04  0.0000E+00  0.3707E-03
     1    75     1     5        0  0.4223E-01  0.2676E-01  0.0000E+00  0.1651E-08
     1    76     1     1        0  0.0000E+00  0.7544E+01  0.2566E+04  0.1000E+03
     1    76     1     2        0  0.1888E+05  0.1715E-04  0.0000E+00  0.6407E-03
     1    76     1     3        0  0.1122E+00  0.1168E+02  0.0000E+00  0.1426E-09
     1    76     1     4        0  0.4396E+01  0.7704E-04  0.0000E+00  0.6559E-03
     1    76     1     5        0  0.1149E+00  0.3721E-01  0.0000E+00  0.3786E-08
     1    77     1     1        0  0.0000E+00  0.1727E+02  0.1433E+04  0.1000E+03
     1    77     1     2        0  0.9801E+04  0.1917E-04  0.0000E+00  0.7919E-03
     1    77     1     3        0  0.6557E-01  0.9178E+01  0.0000E+00  0.2632E-09
     1    77     1     4        0  0.1450E+01  0.6233E-04  0.0000E+00  0.3915E-03
     1    77     1     5        0  0.3446E-01  0.2922E-01  0.0000E+00  0.2690E-08
     1    78     1     1        0  0.0000E+00  0.1000E+03  0.6010E+03  0.1000E+03
     1    78     1     2        0  0.3505E+04  0.2318E-03  0.0000E+00  0.8155E-04
     1    78     1     3        0  0.6271E-02  0.1773E+02  0.0000E+00  0.9321E-10
     1    78     1     4        0  0.3880E+00  0.1360E-04  0.0000E+00  0.7395E-04
     1    79     1     1        0  0.0000E+00  0.4345E+02  0.2364E+04  0.1000E+03
     1    79     1     2        0  0.1707E+05  0.1000E-03  0.0000E+00  0.5033E-03
     1    79     1     3        0  0.8250E-01  0.2515E+02  0.0000E+00  0.8870E-10
     1    79     1     4        0  0.3847E+01  0.9622E-04  0.0000E+00  0.5780E-03
     1    79     1     5        0  0.9607E-01  0.8113E-01  0.0000E+00  0.2732E-08
     1    80     1     1        0  0.0000E+00  0.1085E+02  0.2163E+04  0.1000E+03
     1    80     1     2        0  0.1528E+05  0.1197E-04  0.0000E+00  0.1178E-02
     1    80     1     3        0  0.1460E+00  0.1256E+02  0.0000E+00  0.1271E-09
     1    80     1     4        0  0.3155E+01  0.9979E-04  0.0000E+00  0.6295E-03
     1    80     1     5        0  0.8002E-01  0.4117E-01  0.0000E+00  0.5859E-08
     1    81     1     1        0  0.0000E+00  0.9543E+01  0.4462E+03  0.1000E+03
     1    81     1     2        0  0.3283E+04  0.1627E-04  0.0000E+00  0.7326E-04
     1    81     1     3        0  0.3361E-02  0.1485E+01  0.0000E+00  0.9481E-10
     1    81     1     4        0  0.5259E-01  0.3916E-05  0.0000E+00  0.1268E-04
     1    82     1     1        0  0.0000E+00  0.3128E+02  0.1735E+04  0.1000E+03
     1    82     1     2        0  0.1203E+05  0.7275E-04  0.0000E+00  0.3508E-03
     1    82     1     3        0  0.4129E-01  0.1540E+02  0.0000E+00  0.7413E-10
     1    82     1     4        0  0.2222E+01  0.2801E-04  0.0000E+00  0.4171E-03
     1    82     1     5        0  0.5085E-01  0.4941E-01  0.0000E+00  0.1438E-08
     1    83     1     1        0  0.0000E+00  0.7198E+02  0.2484E+04  0.1000E+03
     1    83     1     2        0  0.1766E+05  0.2181E-03  0.0000E+00  0.9346E-03
     1    83     1     3        0  0.1475E+00  0.4869E+02  0.0000E+00  0.5437E-10
     1    83     1     4        0  0.4162E+01  0.3523E-03  0.0000E+00  0.6610E-03
     1    83     1     5        0  0.1063E+00  0.1598E+00  0.0000E+00  0.5397E-08
     1    84     1     1        0  0.0000E+00  0.1000E+03  0.1178E+04  0.1000E+03
     1    84     1     2        0  0.7468E+04  0.2963E-03  0.0000E+00  0.3119E-03
     1    84     1     3        0  0.2356E-01  0.6520E+02  0.0000E+00  0.1104E-09
     1    84     1     4        0  0.1018E+01  0.1548E-03  0.0000E+00  0.3038E-03
     1    84     1     5        0  0.2242E-01  0.2125E+00  0.0000E+00  0.9871E-09
     1    85     1     1        0  0.0000E+00  0.9638E+01  0.8361E+03  0.1000E+03
     1    85     1     2        0  0.4793E+04  0.3512E-04  0.0000E+00  0.1761E-03
     1    85     1     3        0  0.1107E-01  0.3884E+02  0.0000E+00  0.8369E-10
     1    85     1     4        0  0.6407E+00  0.5886E-04  0.0000E+00  0.1639E-03
     1    85     1     5        0  0.1056E-01  0.1266E+00  0.0000E+00  0.3912E-09
     1    86     1     1        0  0.0000E+00  0.3038E+02  0.2394E+04  0.1000E+03
     1    86     1     2        0  0.1677E+05  0.3458E-04  0.0000E+00  0.3438E-03
     1    86     1     3        0  0.5645E-01  0.4673E+02  0.0000E+00  0.1154E-09
     1    86     1     4        0  0.3945E+01  0.1054E-03  0.0000E+00  0.6069E-03
     1    86     1     5        0  0.9763E-01  0.1564E+00  0.0000E+00  0.1995E-08
     1    87     1     1        0  0.0000E+00  0.1727E+02  0.1969E+04  0.1000E+03
     1    87     1     2        0  0.1332E+05  0.2640E-04  0.0000E+00  0.1397E-02
     1    87     1     3        0  0.1491E+00  0.2184E+02  0.0000E+00  0.1596E-09
     1    87     1     4        0  0.2688E+01  0.2315E-03  0.0000E+00  0.5917E-03
     1    87     1     5        0  0.6519E-01  0.7414E-01  0.0000E+00  0.6439E-08
     1    88     1     1        0  0.0000E+00  0.3968E+01  0.4521E+03  0.1000E+03
     1    88     1     2        0  0.3232E+04  0.1281E-04  0.0000E+00  0.4581E-04
     1    88     1     3        0  0.3707E-02  0.5138E+00  0.0000E+00  0.7541E-10
     1    89     1     1        0  0.0000E+00  0.6348E+01  0.1872E+04  0.1000E+03
     1    89     1     2        0  0.1272E+05  0.1588E-04  0.0000E+00  0.4837E-03
     1    89     1     3        0  0.6001E-01  0.1228E+02  0.0000E+00  0.9304E-10
     1    89     1     4        0  0.2459E+01  0.2611E-04  0.0000E+00  0.4592E-03
     1    89     1     5        0  0.5889E-01  0.4127E-01  0.0000E+00  0.2139E-08
     1    90     1     1        0  0.0000E+00  0.1708E+02  0.2385E+04  0.1000E+03
     1    90     1     2        0  0.1641E+05  0.1857E-04  0.0000E+00  0.9765E-03
     1    90     1     3        0  0.1407E+00  0.2108E+02  0.0000E+00  0.1445E-09
     1    90     1     4        0  0.3772E+01  0.1702E-03  0.0000E+00  0.6600E-03
     1    90     1     5        0  0.9691E-01  0.7244E-01  0.0000E+00  0.5534E-08
     1    91     1     1        0  0.0000E+00  0.1000E+03  0.9215E+03  0.1000E+03
     1    91     1     2        0  0.5286E+04  0.1057E-03  0.0000E+00  0.1391E-03
     1    91     1     3        0  0.8712E-02  0.3735E+02  0.0000E+00  0.2079E-09
     1    91     1     4        0  0.6568E+00  0.2021E-04  0.0000E+00  0.2024E-03
     1    91     1     5        0  0.1307E-01  0.1266E+00  0.0000E+00  0.3468E-09
     1    92     1     1        0  0.0000E+00  0.2858E+02  0.1052E+04  0.1000E+03
     1    92     1     2        0  0.6307E+04  0.2237E-03  0.0000E+00  0.3737E-03
     1    92     1     3        0  0.2490E-01  0.1028E+02  0.0000E+00  0.1986E-09
     1    92     1     4        0  0.8970E+00  0.1980E-04  0.0000E+00  0.2659E-03
     1    92     1     5        0  0.1725E-01  0.3502E-01  0.0000E+00  0.9825E-09
     1    93     1     1        0  0.0000E+00  0.1014E+02  0.2402E+04  0.1000E+03
     1    93     1     2        0  0.1641E+05  0.1614E-04  0.0000E+00  0.3399E-03
     1    93     1     3        0  0.5409E-01  0.1214E+02  0.0000E+00  0.9756E-10
     1    93     1     4        0  0.3851E+01  0.2218E-04  0.0000E+00  0.6297E-03
     1    93     1     5        0  0.9764E-01  0.4219E-01  0.0000E+00  0.2022E-08
     1    94     1     1        0  0.0000E+00  0.8585E+01  0.1766E+04  0.1000E+03
     1    94     1     2        0  0.1147E+05  0.1050E-04  0.0000E+00  0.1422E-02
     1    94     1     3        0  0.1293E+00  0.8750E+01  0.0000E+00  0.1794E-09
     1    94     1     4        0  0.2110E+01  0.8454E-04  0.0000E+00  0.5472E-03
     1    94     1     5        0  0.5158E-01  0.3051E-01  0.0000E+00  0.6012E-08
     1    95     1     1        0  0.0000E+00  0.2704E+02  0.4823E+03  0.1000E+03
     1    95     1     2        0  0.3287E+04  0.1080E-03  0.0000E+00  0.7132E-04
     1    95     1     3        0  0.4590E-02  0.1777E+01  0.0000E+00  0.7241E-10
     1    95     1     4        0  0.3145E-01  0.5947E-05  0.0000E+00  0.1188E-04
     1    96     1     1        0  0.0000E+00  0.1000E+03  0.1986E+04  0.1000E+03
     1    96     1     2        0  0.1324E+05  0.2953E-03  0.0000E+00  0.6299E-03
     1    96     1     3        0  0.8179E-01  0.4587E+02  0.0000E+00  0.1476E-09
     1    96     1     4        0  0.2754E+01  0.1820E-03  0.0000E+00  0.5021E-03
     1    96     1     5        0  0.6603E-01  0.1574E+00  0.0000E+00  0.3001E-08
     1    97     1     1        0  0.0000E+00  0.4022E+02  0.2267E+04  0.1000E+03
     1    97     1     2        0  0.1514E+05  0.9384E-04  0.0000E+00  0.8920E-03
     1    97     1     3        0  0.1164E+00  0.2918E+02  0.0000E+00  0.5196E-10
     1    97     1     4        0  0.3401E+01  0.1990E-03  0.0000E+00  0.6567E-03
     1    97     1     5        0  0.8672E-01  0.1024E+00  0.0000E+00  0.4913E-08
     1    98     1     1        0  0.0000E+00  0.7398E+01  0.6659E+03  0.1000E+03
     1    98     1     2        0  0.3230E+04  0.1136E-04  0.0000E+00  0.1414E-03
     1    98     1     3        0  0.7658E-02  0.5972E+01  0.0000E+00  0.1408E-09
     1    98     1     4        0  0.3586E+00  0.2731E-05  0.0000E+00  0.1126E-03
     1    99     1     1        0  0.0000E+00  0.1806E+02  0.1250E+04  0.1000E+03
     1    99     1     2        0  0.7623E+04  0.1283E-04  0.0000E+00  0.2361E-03
     1    99     1     3        0  0.1746E-01  0.1196E+02  0.0000E+00  0.9192E-10
     1    99     1     4        0  0.1243E+01  0.5678E-04  0.0000E+00  0.3192E-03
     1    99     1     5        0  0.2477E-01  0.4176E-01  0.0000E+00  0.7425E-09
     1   100     1     1        0  0.0000E+00  0.3077E+02  0.2388E+04  0.1000E+03
     1   100     1     2        0  0.1592E+05  0.8258E-04  0.0000E+00  0.6598E-03
     1   100     1     3        0  0.9709E-01  0.2618E+02  0.0000E+00  0.5469E-10
     1   100     1     4        0  0.3872E+01  0.7775E-04  0.0000E+00  0.6472E-03
     1   100     1     5        0  0.9592E-01  0.9369E-01  0.0000E+00  0.3848E-08
     1   101     1     1        0  0.0000E+00  0.2579E+02  0.1554E+04  0.1000E+03
     1   101     1     2        0  0.9660E+04  0.7024E-04  0.0000E+00  0.9416E-03
     1   101     1     3        0  0.7228E-01  0.2149E+02  0.0000E+00  0.8035E-10
     1   101     1     4        0  0.1707E+01  0.1345E-03  0.0000E+00  0.4887E-03
     1   101     1     5        0  0.3917E-01  0.7705E-01  0.0000E+00  0.3664E-08
     1   102     1     1        0  0.0000E+00  0.7058E+01  0.4822E+03  0.1000E+03
     1   102     1     2        0  0.3231E+04  0.3811E-05  0.0000E+00  0.8689E-04
     1   102     1     3        0  0.6061E-02  0.6782E+01  0.0000E+00  0.7077E-10
     1   102     1     4        0  0.1247E+00  0.4189E-04  0.0000E+00  0.1375E-04
     1   103     1     1        0  0.0000E+00  0.3066E+02  0.2077E+04  0.1000E+03
     1   103     1     2        0  0.1360E+05  0.6900E-04  0.0000E+00  0.4418E-03
     1   103     1     3        0  0.5765E-01  0.5586E+02  0.0000E+00  0.1250E-09
     1   103     1     4        0  0.2965E+01  0.1220E-03  0.0000E+00  0.5422E-03
     1   103     1     5        0  0.7215E-01  0.2003E+00  0.0000E+00  0.2274E-08
     1   104     1     1        0  0.0000E+00  0.6521E+02  0.2133E+04  0.1000E+03
     1   104     1     2        0  0.1384E+05  0.1106E-03  0.1995E-01  0.1186E-02
     1   104     1     3        0  0.1360E+00  0.9355E+02  0.0000E+00  0.1616E-09
     1   104     1     4        0  0.3050E+01  0.8474E-03  0.0000E+00  0.6499E-03
     1   104     1     5        0  0.7617E-01  0.3406E+00  0.0000E+00  0.6228E-08
     1   105     1     1        0  0.0000E+00  0.1385E+02  0.4526E+03  0.1000E+03
     1   105     1     2        0  0.3076E+04  0.2559E-04  0.0000E+00  0.1495E-03
     1   105     1     3        0  0.5212E-02  0.5124E+01  0.0000E+00  0.1475E-09
     1   105     1     4        0  0.1801E+00  0.2010E-04  0.0000E+00  0.4161E-04
     1   106     1     1        0  0.0000E+00  0.7708E+01  0.1427E+04  0.1000E+03
     1   106     1     2        0  0.8766E+04  0.1217E-04  0.0000E+00  0.4129E-03
     1   106     1     3        0  0.3549E-01  0.8649E+01  0.0000E+00  0.8491E-10
     1   106     1     4        0  0.1498E+01  0.3697E-04  0.0000E+00  0.3695E-03
     1   106     1     5        0  0.3272E-01  0.3106E-01  0.0000E+00  0.1466E-08
     1   107     1     1        0  0.0000E+00  0.8039E+01  0.2352E+04  0.1000E+03
     1   107     1     2        0  0.1535E+05  0.1568E-04  0.0000E+00  0.6769E-03
     1   107     1     3        0  0.9491E-01  0.1294E+02  0.0000E+00  0.1479E-09
     1   107     1     4        0  0.3657E+01  0.4362E-04  0.0000E+00  0.6588E-03
     1   107     1     5        0  0.9267E-01  0.4725E-01  0.0000E+00  0.3956E-08
     1   108     1     1        0  0.0000E+00  0.2260E+02  0.1335E+04  0.1000E+03
     1   108     1     2        0  0.7876E+04  0.2949E-04  0.0000E+00  0.7952E-03
     1   108     1     3        0  0.5193E-01  0.1208E+02  0.0000E+00  0.3616E-09
     1   108     1     4        0  0.1257E+01  0.6894E-04  0.0000E+00  0.4129E-03
     1   108     1     5        0  0.2823E-01  0.4384E-01  0.0000E+00  0.2733E-08
     1   109     1     1        0  0.0000E+00  0.1000E+03  0.5174E+03  0.1000E+03
     1   109     1     2        0  0.3172E+04  0.2934E-03  0.0000E+00  0.7800E-04
     1   109     1     3        0  0.5348E-02  0.1739E+02  0.0000E+00  0.1421E-09
     1   109     1     4        0  0.2823E+00  0.8362E-05  0.0000E+00  0.6246E-04
     1   110     1     1        0  0.0000E+00  0.2819E+02  0.2145E+04  0.1000E+03
     1   110     1     2        0  0.1381E+05  0.1869E-04  0.0000E+00  0.4840E-03
     1   110     1     3        0  0.6348E-01  0.1791E+02  0.0000E+00  0.6980E-10
     1   110     1     4        0  0.3094E+01  0.1005E-03  0.0000E+00  0.5768E-03
     1   110     1     5        0  0.7680E-01  0.6564E-01  0.0000E+00  0.2605E-08
     1   111     1     1        0  0.0000E+00  0.8961E+01  0.1984E+04  0.1000E+03
     1   111     1     2        0  0.1248E+05  0.9444E-05  0.0000E+00  0.1209E-02
     1   111     1     3        0  0.1216E+00  0.1093E+02  0.0000E+00  0.1321E-09
     1   111     1     4        0  0.2585E+01  0.9789E-04  0.0000E+00  0.6347E-03
     1   111     1     5        0  0.6523E-01  0.4074E-01  0.0000E+00  0.6023E-08
     1   112     1     1        0  0.0000E+00  0.1187E+02  0.4554E+03  0.1000E+03
     1   112     1     2        0  0.3040E+04  0.2766E-04  0.0000E+00  0.8517E-04
     1   112     1     3        0  0.3360E-02  0.1408E+01  0.0000E+00  0.1064E-09
     1   112     1     4        0  0.4321E-01  0.3645E-05  0.0000E+00  0.1424E-04
     1   113     1     1        0  0.0000E+00  0.3910E+02  0.1586E+04  0.1000E+03
     1   113     1     2        0  0.9736E+04  0.2672E-03  0.0000E+00  0.3771E-03
     1   113     1     3        0  0.3552E-01  0.1745E+02  0.0000E+00  0.1402E-09
     1   113     1     4        0  0.1859E+01  0.3021E-04  0.0000E+00  0.4159E-03
     1   113     1     5        0  0.4068E-01  0.6415E-01  0.0000E+00  0.1507E-08
     1   114     1     1        0  0.0000E+00  0.1000E+03  0.2296E+04  0.1000E+03
     1   114     1     2        0  0.1467E+05  0.2613E-03  0.0000E+00  0.8986E-03
     1   114     1     3        0  0.1172E+00  0.6503E+02  0.0000E+00  0.4672E-10
     1   114     1     4        0  0.3532E+01  0.5092E-03  0.0000E+00  0.6641E-03
     1   114     1     5        0  0.8785E-01  0.2440E+00  0.0000E+00  0.5174E-08
     1   115     1     1        0  0.0000E+00  0.4948E+02  0.1109E+04  0.1000E+03
     1   115     1     2        0  0.6124E+04  0.6606E-04  0.0000E+00  0.3785E-03
     1   115     1     3        0  0.2245E-01  0.3498E+02  0.0000E+00  0.7829E-10
     1   115     1     4        0  0.9014E+00  0.3534E-04  0.0000E+00  0.3245E-03
     1   115     1     5        0  0.1886E-01  0.1303E+00  0.0000E+00  0.1161E-08
     1   116     1     1        0  0.0000E+00  0.9742E+01  0.7392E+03  0.1000E+03
     1   116     1     2        0  0.3564E+04  0.7281E-05  0.0000E+00  0.1339E-03
     1   116     1     3        0  0.6759E-02  0.1615E+02  0.0000E+00  0.7658E-10
     1   116     1     4        0  0.5009E+00  0.1356E-04  0.0000E+00  0.1477E-03
     1   116     1     5        0  0.7736E-02  0.5978E-01  0.0000E+00  0.2994E-09
     1   117     1     1        0  0.0000E+00  0.2334E+02  0.2191E+04  0.1000E+03
     1   117     1     2        0  0.1390E+05  0.1711E-04  0.0000E+00  0.3632E-03
     1   117     1     3        0  0.4824E-01  0.3281E+02  0.0000E+00  0.7120E-10
     1   117     1     4        0  0.3270E+01  0.5499E-04  0.0000E+00  0.6059E-03
     1   117     1     5        0  0.8009E-01  0.1235E+00  0.0000E+00  0.2078E-08
     1   118     1     1        0  0.0000E+00  0.1749E+02  0.1820E+04  0.1000E+03
     1   118     1     2        0  0.1110E+05  0.1861E-04  0.0000E+00  0.1397E-02
     1   118     1     3        0  0.1232E+00  0.2092E+02  0.0000E+00  0.1237E-09
     1   118     1     4        0  0.2262E+01  0.1964E-03  0.0000E+00  0.6034E-03
     1   118     1     5        0  0.5440E-01  0.7919E-01  0.0000E+00  0.6457E-08
     1   119     1     1        0  0.0000E+00  0.3973E+01  0.4573E+03  0.1000E+03
     1   119     1     2        0  0.3004E+04  0.8186E-05  0.0000E+00  0.4480E-04
     1   119     1     3        0  0.3132E-02  0.5562E+00  0.0000E+00  0.7375E-10
     1   120     1     1        0  0.0000E+00  0.7694E+01  0.1725E+04  0.1000E+03
     1   120     1     2        0  0.1056E+05  0.1579E-04  0.0000E+00  0.4659E-03
     1   120     1     3        0  0.4755E-01  0.1530E+02  0.0000E+00  0.1066E-09
     1   120     1     4        0  0.2103E+01  0.9134E-04  0.0000E+00  0.4581E-03
     1   120     1     5        0  0.4841E-01  0.5689E-01  0.0000E+00  0.2033E-08
     1   121     1     1        0  0.0000E+00  0.2417E+02  0.2221E+04  0.1000E+03
     1   121     1     2        0  0.1390E+05  0.6144E-04  0.0000E+00  0.9875E-03
     1   121     1     3        0  0.1199E+00  0.3158E+02  0.0000E+00  0.2069E-09
     1   121     1     4        0  0.3281E+01  0.3756E-03  0.0000E+00  0.6633E-03
     1   121     1     5        0  0.8181E-01  0.1196E+00  0.0000E+00  0.5571E-08
     1   122     1     1        0  0.0000E+00  0.9801E+02  0.8794E+03  0.1000E+03
     1   122     1     2        0  0.4407E+04  0.5275E-03  0.0000E+00  0.1436E-03
     1   122     1     3        0  0.7414E-02  0.4315E+02  0.0000E+00  0.2793E-09
     1   122     1     4        0  0.6082E+00  0.1996E-04  0.0000E+00  0.2197E-03
     1   122     1     5        0  0.1127E-01  0.1614E+00  0.0000E+00  0.3824E-09
     1   123     1     1        0  0.0000E+00  0.1958E+02  0.9463E+03  0.1000E+03
     1   123     1     2        0  0.4984E+04  0.2246E-04  0.0000E+00  0.3698E-03
     1   123     1     3        0  0.1953E-01  0.8096E+01  0.0000E+00  0.8728E-10
     1   123     1     4        0  0.7142E+00  0.2341E-04  0.0000E+00  0.2620E-03
     1   123     1     5        0  0.1343E-01  0.3047E-01  0.0000E+00  0.9362E-09
     1   124     1     1        0  0.0000E+00  0.8028E+01  0.2216E+04  0.1000E+03
     1   124     1     2        0  0.1385E+05  0.1076E-04  0.0000E+00  0.3330E-03
     1   124     1     3        0  0.4415E-01  0.1152E+02  0.0000E+00  0.1124E-09
     1   124     1     4        0  0.3236E+01  0.5266E-04  0.0000E+00  0.6291E-03
     1   124     1     5        0  0.8177E-01  0.4424E-01  0.0000E+00  0.1971E-08
     1   125     1     1        0  0.0000E+00  0.1033E+02  0.1644E+04  0.1000E+03
     1   125     1     2        0  0.9691E+04  0.2065E-04  0.0000E+00  0.1454E-02
     1   125     1     3        0  0.1110E+00  0.9153E+01  0.0000E+00  0.3033E-09
     1   125     1     4        0  0.1804E+01  0.9402E-04  0.0000E+00  0.5584E-03
     1   125     1     5        0  0.4387E-01  0.3532E-01  0.0000E+00  0.6180E-08
     1   126     1     1        0  0.0000E+00  0.3514E+02  0.4913E+03  0.1000E+03
     1   126     1     2        0  0.3112E+04  0.9614E-04  0.0000E+00  0.5782E-04
     1   126     1     3        0  0.3194E-02  0.2146E+01  0.0000E+00  0.7283E-10
     1   126     1     4        0  0.2626E-01  0.1194E-04  0.0000E+00  0.1220E-04
     1   127     1     1        0  0.0000E+00  0.1000E+03  0.1844E+04  0.1000E+03
     1   127     1     2        0  0.1122E+05  0.1267E-03  0.0000E+00  0.6214E-03
     1   127     1     3        0  0.6783E-01  0.4649E+02  0.0000E+00  0.1046E-09
     1   127     1     4        0  0.2382E+01  0.2017E-03  0.0000E+00  0.5006E-03
     1   127     1     5        0  0.5551E-01  0.1773E+00  0.0000E+00  0.2915E-08
     1   128     1     1        0  0.0000E+00  0.2592E+02  0.2126E+04  0.1000E+03
     1   128     1     2        0  0.1304E+05  0.8277E-05  0.0000E+00  0.9048E-03
     1   128     1     3        0  0.1013E+00  0.2082E+02  0.0000E+00  0.5441E-10
     1   128     1     4        0  0.2991E+01  0.1247E-03  0.0000E+00  0.6599E-03
     1   128     1     5        0  0.7463E-01  0.8077E-01  0.0000E+00  0.4975E-08
     1   129     1     1        0  0.0000E+00  0.6005E+01  0.6463E+03  0.1000E+03
     1   129     1     2        0  0.2998E+04  0.1892E-04  0.0000E+00  0.1399E-03
     1   129     1     3        0  0.6314E-02  0.5222E+01  0.0000E+00  0.1257E-09
     1   129     1     4        0  0.3403E+00  0.1383E-04  0.0000E+00  0.1192E-03
     1   130     1     1        0  0.0000E+00  0.2069E+02  0.1138E+04  0.1000E+03
     1   130     1     2        0  0.6262E+04  0.4987E-04  0.0000E+00  0.2531E-03
     1   130     1     3        0  0.1527E-01  0.1093E+02  0.0000E+00  0.9483E-10
     1   130     1     4        0  0.1028E+01  0.3834E-04  0.0000E+00  0.3152E-03
     1   130     1     5        0  0.2007E-01  0.4163E-01  0.0000E+00  0.7978E-09
     1   131     1     1        0  0.0000E+00  0.3905E+02  0.2218E+04  0.1000E+03
     1   131     1     2        0  0.1368E+05  0.3424E-04  0.0000E+00  0.6250E-03
     1   131     1     3        0  0.7864E-01  0.2902E+02  0.0000E+00  0.3826E-10
     1   131     1     4        0  0.3316E+01  0.1569E-03  0.0000E+00  0.6468E-03
     1   131     1     5        0  0.8186E-01  0.1123E+00  0.0000E+00  0.3634E-08
     1   132     1     1        0  0.0000E+00  0.4268E+02  0.1457E+04  0.1000E+03
     1   132     1     2        0  0.8264E+04  0.1132E-03  0.0000E+00  0.1023E-02
     1   132     1     3        0  0.6614E-01  0.3216E+02  0.0000E+00  0.8537E-10
     1   132     1     4        0  0.1479E+01  0.1702E-03  0.0000E+00  0.5045E-03
     1   132     1     5        0  0.3392E-01  0.1242E+00  0.0000E+00  0.3972E-08
     1   133     1     1        0  0.0000E+00  0.1351E+02  0.4888E+03  0.1000E+03
     1   133     1     2        0  0.3067E+04  0.4002E-04  0.0000E+00  0.9306E-04
     1   133     1     3        0  0.5851E-02  0.1513E+02  0.0000E+00  0.6930E-10
     1   133     1     4        0  0.1097E+00  0.1572E-04  0.0000E+00  0.1222E-04
     1   134     1     1        0  0.0000E+00  0.9022E+02  0.1941E+04  0.1000E+03
     1   134     1     2        0  0.1174E+05  0.1440E-03  0.0000E+00  0.4682E-03
     1   134     1     3        0  0.5222E-01  0.1000E+03  0.0000E+00  0.8415E-10
     1   134     1     4        0  0.2619E+01  0.3519E-03  0.0000E+00  0.5408E-03
     1   134     1     5        0  0.6178E-01  0.3862E+00  0.0000E+00  0.2382E-08
     1   135     1     1        0  0.0000E+00  0.3144E+02  0.2013E+04  0.1000E+03
     1   135     1     2        0  0.1209E+05  0.4930E-04  0.0000E+00  0.1154E-02
     1   135     1     3        0  0.1154E+00  0.4478E+02  0.0000E+00  0.1893E-09
     1   135     1     4        0  0.2741E+01  0.2866E-03  0.0000E+00  0.6533E-03
     1   135     1     5        0  0.6660E-01  0.1757E+00  0.0000E+00  0.6062E-08
     1   136     1     1        0  0.0000E+00  0.9519E+01  0.4653E+03  0.1000E+03
     1   136     1     2        0  0.2964E+04  0.3055E-04  0.0000E+00  0.1344E-03
     1   136     1     3        0  0.3955E-02  0.4998E+01  0.0000E+00  0.1378E-09
     1   136     1     4        0  0.1823E+00  0.2150E-05  0.0000E+00  0.4524E-04
     1   137     1     1        0  0.0000E+00  0.5442E+01  0.1312E+04  0.1000E+03
     1   137     1     2        0  0.7396E+04  0.1257E-04  0.0000E+00  0.3884E-03
     1   137     1     3        0  0.2805E-01  0.8753E+01  0.0000E+00  0.7581E-10
     1   137     1     4        0  0.1260E+01  0.3631E-04  0.0000E+00  0.3656E-03
     1   137     1     5        0  0.2727E-01  0.3403E-01  0.0000E+00  0.1356E-08
     1   138     1     1        0  0.0000E+00  0.9050E+01  0.2199E+04  0.1000E+03
     1   138     1     2        0  0.1337E+05  0.3618E-04  0.0000E+00  0.6871E-03
     1   138     1     3        0  0.8345E-01  0.1452E+02  0.0000E+00  0.9394E-10
     1   138     1     4        0  0.3182E+01  0.4659E-04  0.0000E+00  0.6587E-03
     1   138     1     5        0  0.8036E-01  0.5743E-01  0.0000E+00  0.3998E-08
     1   139     1     1        0  0.0000E+00  0.3028E+02  0.1260E+04  0.1000E+03
     1   139     1     2        0  0.6825E+04  0.1153E-03  0.0000E+00  0.8137E-03
     1   139     1     3        0  0.4558E-01  0.1638E+02  0.0000E+00  0.3743E-09
     1   139     1     4        0  0.1113E+01  0.1391E-03  0.0000E+00  0.4272E-03
     1   139     1     5        0  0.2485E-01  0.6445E-01  0.0000E+00  0.2798E-08
     1   140     1     1        0  0.0000E+00  0.9844E+02  0.4861E+03  0.1000E+03
     1   140     1     2        0  0.3021E+04  0.3073E-03  0.0000E+00  0.7634E-04
     1   140     1     3        0  0.4775E-02  0.1806E+02  0.0000E+00  0.1148E-09
     1   140     1     4        0  0.2453E+00  0.6992E-05  0.0000E+00  0.5589E-04
     1   141     1     1        0  0.0000E+00  0.2083E+02  0.2017E+04  0.1000E+03
     1   141     1     2        0  0.1211E+05  0.1752E-04  0.0000E+00  0.4731E-03
     1   141     1     3        0  0.5401E-01  0.1496E+02  0.0000E+00  0.7573E-10
     1   141     1     4        0  0.2752E+01  0.7914E-04  0.0000E+00  0.5758E-03
     1   141     1     5        0  0.6689E-01  0.5916E-01  0.0000E+00  0.2523E-08
     1   142     1     1        0  0.0000E+00  0.8118E+01  0.1884E+04  0.1000E+03
     1   142     1     2        0  0.1105E+05  0.1488E-04  0.0000E+00  0.1223E-02
     1   142     1     3        0  0.1089E+00  0.1043E+02  0.0000E+00  0.1700E-09
     1   142     1     4        0  0.2347E+01  0.9566E-04  0.0000E+00  0.6388E-03
     1   142     1     5        0  0.5794E-01  0.4161E-01  0.0000E+00  0.6087E-08
     1   143     1     1        0  0.0000E+00  0.1443E+02  0.4654E+03  0.1000E+03
     1   143     1     2        0  0.2933E+04  0.4690E-04  0.0000E+00  0.9750E-04
     1   143     1     3        0  0.3362E-02  0.1697E+01  0.0000E+00  0.1375E-09
     1   143     1     4        0  0.5017E-01  0.5391E-05  0.0000E+00  0.1460E-04
     1   144     1     1        0  0.0000E+00  0.5220E+02  0.1470E+04  0.1000E+03
     1   144     1     2        0  0.8391E+04  0.2084E-03  0.0000E+00  0.3882E-03
     1   144     1     3        0  0.3140E-01  0.2162E+02  0.0000E+00  0.9805E-10
     1   144     1     4        0  0.1591E+01  0.1159E-03  0.0000E+00  0.4122E-03
     1   144     1     5        0  0.3467E-01  0.8419E-01  0.0000E+00  0.1523E-08
     1   145     1     1        0  0.0000E+00  0.1000E+03  0.2159E+04  0.1000E+03
     1   145     1     2        0  0.1294E+05  0.3428E-03  0.0000E+00  0.8729E-03
     1   145     1     3        0  0.1003E+00  0.6439E+02  0.0000E+00  0.6426E-10
     1   145     1     4        0  0.3101E+01  0.6651E-03  0.0000E+00  0.6644E-03
     1   145     1     5        0  0.7727E-01  0.2552E+00  0.0000E+00  0.5012E-08
     1   146     1     1        0  0.0000E+00  0.2224E+02  0.1054E+04  0.1000E+03
     1   146     1     2        0  0.5366E+04  0.7704E-04  0.0000E+00  0.4353E-03
     1   146     1     3        0  0.2176E-01  0.1801E+02  0.0000E+00  0.8872E-10
     1   146     1     4        0  0.7995E+00  0.6437E-04  0.0000E+00  0.3398E-03
     1   146     1     5        0  0.1685E-01  0.7097E-01  0.0000E+00  0.1353E-08
     1   147     1     1        0  0.0000E+00  0.1137E+02  0.6858E+03  0.1000E+03
     1   147     1     2        0  0.2974E+04  0.6666E-04  0.0000E+00  0.1029E-03
     1   147     1     3        0  0.4396E-02  0.1086E+02  0.0000E+00  0.7046E-10
     1   147     1     4        0  0.4486E+00  0.9680E-05  0.0000E+00  0.1369E-03
     1   148     1     1        0  0.0000E+00  0.2497E+02  0.2071E+04  0.1000E+03
     1   148     1     2        0  0.1233E+05  0.3324E-04  0.0000E+00  0.3816E-03
     1   148     1     3        0  0.4443E-01  0.2729E+02  0.0000E+00  0.5113E-10
     1   148     1     4        0  0.2954E+01  0.1246E-03  0.0000E+00  0.6052E-03
     1   148     1     5        0  0.7070E-01  0.1090E+00  0.0000E+00  0.2150E-08
     1   149     1     1        0  0.0000E+00  0.1888E+02  0.1739E+04  0.1000E+03
     1   149     1     2        0  0.9947E+04  0.1971E-04  0.0000E+00  0.1384E-02
     1   149     1     3        0  0.1089E+00  0.2163E+02  0.0000E+00  0.9338E-10
     1   149     1     4        0  0.2084E+01  0.1791E-03  0.0000E+00  0.6113E-03
     1   149     1     5        0  0.4896E-01  0.8707E-01  0.0000E+00  0.6436E-08
     1   150     1     1        0  0.0000E+00  0.5335E+01  0.4650E+03  0.1000E+03
     1   150     1     2        0  0.2899E+04  0.2443E-04  0.0000E+00  0.4566E-04
     1   150     1     3        0  0.2830E-02  0.9985E+00  0.0000E+00  0.7123E-10
     1   151     1     1        0  0.0000E+00  0.9750E+01  0.1611E+04  0.1000E+03
     1   151     1     2        0  0.9252E+04  0.2541E-04  0.0000E+00  0.4526E-03
     1   151     1     3        0  0.4033E-01  0.1974E+02  0.0000E+00  0.6565E-10
     1   151     1     4        0  0.1837E+01  0.1109E-03  0.0000E+00  0.4546E-03
     1   151     1     5        0  0.4201E-01  0.7828E-01  0.0000E+00  0.1953E-08
     1   152     1     1        0  0.0000E+00  0.3590E+02  0.2098E+04  0.1000E+03
     1   152     1     2        0  0.1241E+05  0.1058E-03  0.0000E+00  0.9889E-03
     1   152     1     3        0  0.1070E+00  0.5057E+02  0.0000E+00  0.1677E-09
     1   152     1     4        0  0.2932E+01  0.3206E-03  0.0000E+00  0.6641E-03
     1   152     1     5        0  0.7289E-01  0.2038E+00  0.0000E+00  0.5564E-08
     1   153     1     1        0  0.0000E+00  0.4100E+02  0.8413E+03  0.1000E+03
     1   153     1     2        0  0.3898E+04  0.1206E-03  0.0000E+00  0.1536E-03
     1   153     1     3        0  0.6937E-02  0.2087E+02  0.0000E+00  0.2280E-09
     1   153     1     4        0  0.5534E+00  0.1167E-04  0.0000E+00  0.2328E-03
     1   153     1     5        0  0.1022E-01  0.8287E-01  0.0000E+00  0.4058E-09
     1   154     1     1        0  0.0000E+00  0.1466E+02  0.8857E+03  0.1000E+03
     1   154     1     2        0  0.4293E+04  0.3272E-04  0.0000E+00  0.3551E-03
     1   154     1     3        0  0.1641E-01  0.7316E+01  0.0000E+00  0.1175E-09
     1   154     1     4        0  0.6394E+00  0.2996E-04  0.0000E+00  0.2538E-03
     1   154     1     5        0  0.1141E-01  0.2915E-01  0.0000E+00  0.8958E-09
     1   155     1     1        0  0.0000E+00  0.7813E+01  0.2104E+04  0.1000E+03
     1   155     1     2        0  0.1244E+05  0.8605E-05  0.0000E+00  0.3321E-03
     1   155     1     3        0  0.3913E-01  0.1171E+02  0.0000E+00  0.1176E-09
     1   155     1     4        0  0.2949E+01  0.4411E-04  0.0000E+00  0.6287E-03
     1   155     1     5        0  0.7312E-01  0.4726E-01  0.0000E+00  0.1961E-08
     1   156     1     1        0  0.0000E+00  0.1241E+02  0.1580E+04  0.1000E+03
     1   156     1     2        0  0.8779E+04  0.2244E-04  0.0000E+00  0.1464E-02
     1   156     1     3        0  0.1009E+00  0.1028E+02  0.0000E+00  0.3012E-09
     1   156     1     4        0  0.1688E+01  0.8856E-04  0.0000E+00  0.5662E-03
     1   156     1     5        0  0.4001E-01  0.4148E-01  0.0000E+00  0.6240E-08
     1   157     1     1        0  0.0000E+00  0.4916E+02  0.4802E+03  0.1000E+03
     1   157     1     2        0  0.2902E+04  0.1632E-03  0.0000E+00  0.4520E-04
     1   157     1     3        0  0.2520E-02  0.2358E+01  0.0000E+00  0.6679E-10
     1   157     1     4        0  0.1565E-01  0.1456E-04  0.0000E+00  0.1231E-04
     1   158     1     1        0  0.0000E+00  0.8449E+02  0.1732E+04  0.1000E+03
     1   158     1     2        0  0.9970E+04  0.1574E-04  0.0000E+00  0.6069E-03
     1   158     1     3        0  0.5866E-01  0.4041E+02  0.0000E+00  0.6163E-10
     1   158     1     4        0  0.2094E+01  0.2519E-03  0.0000E+00  0.4968E-03
     1   158     1     5        0  0.4888E-01  0.1607E+00  0.0000E+00  0.2826E-08
     1   159     1     1        0  0.0000E+00  0.1786E+02  0.2019E+04  0.1000E+03
     1   159     1     2        0  0.1175E+05  0.4752E-04  0.0000E+00  0.9197E-03
     1   159     1     3        0  0.9271E-01  0.1632E+02  0.0000E+00  0.8064E-10
     1   159     1     4        0  0.2684E+01  0.1099E-03  0.0000E+00  0.6607E-03
     1   159     1     5        0  0.6724E-01  0.6609E-01  0.0000E+00  0.5051E-08
     1   160     1     1        0  0.0000E+00  0.7063E+01  0.6236E+03  0.1000E+03
     1   160     1     2        0  0.2822E+04  0.2254E-04  0.0000E+00  0.1332E-03
     1   160     1     3        0  0.5254E-02  0.4619E+01  0.0000E+00  0.1705E-09
     1   160     1     4        0  0.3096E+00  0.1001E-04  0.0000E+00  0.1258E-03
     1   161     1     1        0  0.0000E+00  0.2377E+02  0.1072E+04  0.1000E+03
     1   161     1     2        0  0.5517E+04  0.5095E-04  0.0000E+00  0.2738E-03
     1   161     1     3        0  0.1459E-01  0.1071E+02  0.0000E+00  0.8903E-10
     1   161     1     4        0  0.9327E+00  0.5417E-04  0.0000E+00  0.3120E-03
     1   161     1     5        0  0.1746E-01  0.4284E-01  0.0000E+00  0.8170E-09
     1   162     1     1        0  0.0000E+00  0.5118E+02  0.2116E+04  0.1000E+03
     1   162     1     2        0  0.1240E+05  0.2150E-03  0.0000E+00  0.5894E-03
     1   162     1     3        0  0.6714E-01  0.3479E+02  0.0000E+00  0.7232E-10
     1   162     1     4        0  0.3047E+01  0.2113E-03  0.0000E+00  0.6467E-03
     1   162     1     5        0  0.7399E-01  0.1416E+00  0.0000E+00  0.3418E-08
     1   163     1     1        0  0.0000E+00  0.9250E+02  0.1408E+04  0.1000E+03
     1   163     1     2        0  0.7551E+04  0.4284E-03  0.0000E+00  0.1092E-02
     1   163     1     3        0  0.6409E-01  0.6707E+02  0.0000E+00  0.9013E-10
     1   163     1     4        0  0.1393E+01  0.4267E-03  0.0000E+00  0.5163E-03
     1   163     1     5        0  0.3132E-01  0.2729E+00  0.0000E+00  0.4233E-08
     1   164     1     1        0  0.0000E+00  0.1000E+03  0.4774E+03  0.1000E+03
     1   164     1     2        0  0.2869E+04  0.8506E-04  0.0000E+00  0.1004E-03
     1   164     1     3        0  0.5758E-02  0.1000E+03  0.0000E+00  0.6881E-10
     1   164     1     4        0  0.8592E-01  0.3472E-03  0.0000E+00  0.1233E-04
     1   165     1     1        0  0.0000E+00  0.4832E+02  0.1833E+04  0.1000E+03
     1   165     1     2        0  0.1055E+05  0.4556E-04  0.0000E+00  0.4946E-03
     1   165     1     3        0  0.4944E-01  0.8125E+02  0.0000E+00  0.6583E-10
     1   165     1     4        0  0.2345E+01  0.2185E-03  0.0000E+00  0.5374E-03
     1   165     1     5        0  0.5512E-01  0.3291E+00  0.0000E+00  0.2489E-08
     1   166     1     1        0  0.0000E+00  0.2462E+02  0.1920E+04  0.1000E+03
     1   166     1     2        0  0.1100E+05  0.1798E-04  0.0000E+00  0.1119E-02
     1   166     1     3        0  0.1018E+00  0.3347E+02  0.0000E+00  0.1253E-09
     1   166     1     4        0  0.2497E+01  0.2680E-03  0.0000E+00  0.6544E-03
     1   166     1     5        0  0.6064E-01  0.1371E+00  0.0000E+00  0.5901E-08
     1   167     1     1        0  0.0000E+00  0.7103E+01  0.4576E+03  0.1000E+03
     1   167     1     2        0  0.2796E+04  0.2720E-04  0.0000E+00  0.1165E-03
     1   167     1     3        0  0.2966E-02  0.4975E+01  0.0000E+00  0.1368E-09
     1   167     1     4        0  0.1693E+00  0.2061E-05  0.0000E+00  0.4734E-04
     1   168     1     1        0  0.0000E+00  0.4645E+01  0.1243E+04  0.1000E+03
     1   168     1     2        0  0.6622E+04  0.7144E-05  0.0000E+00  0.3637E-03
     1   168     1     3        0  0.2334E-01  0.9594E+01  0.0000E+00  0.6718E-10
     1   168     1     4        0  0.1155E+01  0.3975E-04  0.0000E+00  0.3625E-03
     1   168     1     5        0  0.2416E-01  0.3866E-01  0.0000E+00  0.1263E-08
     1   169     1     1        0  0.0000E+00  0.1121E+02  0.2107E+04  0.1000E+03
     1   169     1     2        0  0.1223E+05  0.2395E-04  0.0000E+00  0.6985E-03
     1   169     1     3        0  0.7732E-01  0.1749E+02  0.0000E+00  0.1888E-09
     1   169     1     4        0  0.2960E+01  0.1276E-03  0.0000E+00  0.6591E-03
     1   169     1     5        0  0.7337E-01  0.7148E-01  0.0000E+00  0.4053E-08
     1   170     1     1        0  0.0000E+00  0.4575E+02  0.1224E+04  0.1000E+03
     1   170     1     2        0  0.6294E+04  0.1671E-03  0.0000E+00  0.8197E-03
     1   170     1     3        0  0.4207E-01  0.2653E+02  0.0000E+00  0.3451E-09
     1   170     1     4        0  0.1072E+01  0.1675E-03  0.0000E+00  0.4384E-03
     1   170     1     5        0  0.2323E-01  0.1078E+00  0.0000E+00  0.2854E-08
     1   171     1     1        0  0.0000E+00  0.4904E+02  0.4745E+03  0.1000E+03
     1   171     1     2        0  0.2835E+04  0.2731E-03  0.0000E+00  0.7565E-04
     1   171     1     3        0  0.4385E-02  0.9300E+01  0.0000E+00  0.1113E-09
     1   171     1     4        0  0.2001E+00  0.1197E-04  0.0000E+00  0.4883E-04
     1   172     1     1        0  0.0000E+00  0.1570E+02  0.1914E+04  0.1000E+03
     1   172     1     2        0  0.1099E+05  0.5051E-04  0.0000E+00  0.4588E-03
     1   172     1     3        0  0.4739E-01  0.1302E+02  0.0000E+00  0.9762E-10
     1   172     1     4        0  0.2475E+01  0.3421E-04  0.0000E+00  0.5727E-03
     1   172     1     5        0  0.6032E-01  0.5327E-01  0.0000E+00  0.2434E-08
     1   173     1     1        0  0.0000E+00  0.7493E+01  0.1804E+04  0.1000E+03
     1   173     1     2        0  0.1014E+05  0.1353E-04  0.0000E+00  0.1237E-02
     1   173     1     3        0  0.1012E+00  0.1010E+02  0.0000E+00  0.2229E-09
     1   173     1     4        0  0.2149E+01  0.7532E-04  0.0000E+00  0.6407E-03
     1   173     1     5        0  0.5326E-01  0.4179E-01  0.0000E+00  0.6173E-08
     1   174     1     1        0  0.0000E+00  0.1735E+02  0.4570E+03  0.1000E+03
     1   174     1     2        0  0.2771E+04  0.1587E-03  0.0000E+00  0.1107E-03
     1   174     1     3        0  0.3474E-02  0.1843E+01  0.0000E+00  0.1562E-09
     1   174     1     4        0  0.4799E-01  0.2586E-05  0.0000E+00  0.1520E-04
     1   175     1     1        0  0.0000E+00  0.7539E+02  0.1399E+04  0.1000E+03
     1   175     1     2        0  0.7606E+04  0.2119E-03  0.0000E+00  0.4011E-03
     1   175     1     3        0  0.2935E-01  0.3006E+02  0.0000E+00  0.9895E-10
     1   175     1     4        0  0.1462E+01  0.1034E-03  0.0000E+00  0.4093E-03
     1   175     1     5        0  0.3113E-01  0.1222E+00  0.0000E+00  0.1555E-08
     1   176     1     1        0  0.0000E+00  0.8292E+02  0.2076E+04  0.1000E+03
     1   176     1     2        0  0.1193E+05  0.1923E-03  0.0000E+00  0.8459E-03
     1   176     1     3        0  0.8968E-01  0.5454E+02  0.0000E+00  0.4872E-10
     1   176     1     4        0  0.2892E+01  0.3460E-03  0.0000E+00  0.6652E-03
     1   176     1     5        0  0.7120E-01  0.2255E+00  0.0000E+00  0.4862E-08
     1   177     1     1        0  0.0000E+00  0.1374E+02  0.1031E+04  0.1000E+03
     1   177     1     2        0  0.5001E+04  0.1788E-04  0.0000E+00  0.4911E-03
     1   177     1     3        0  0.2218E-01  0.1287E+02  0.0000E+00  0.1258E-09
     1   177     1     4        0  0.7736E+00  0.7684E-04  0.0000E+00  0.3536E-03
     1   177     1     5        0  0.1598E-01  0.5284E-01  0.0000E+00  0.1507E-08
     1   178     1     1        0  0.0000E+00  0.1299E+02  0.6314E+03  0.1000E+03
     1   178     1     2        0  0.2801E+04  0.7065E-04  0.0000E+00  0.7241E-04
     1   178     1     3        0  0.2566E-02  0.8527E+01  0.0000E+00  0.8437E-10
     1   178     1     4        0  0.3867E+00  0.1208E-04  0.0000E+00  0.1261E-03
     1   179     1     1        0  0.0000E+00  0.2814E+02  0.1974E+04  0.1000E+03
     1   179     1     2        0  0.1129E+05  0.5968E-04  0.0000E+00  0.3983E-03
     1   179     1     3        0  0.4220E-01  0.2544E+02  0.0000E+00  0.4869E-10
     1   179     1     4        0  0.2690E+01  0.9395E-04  0.0000E+00  0.6026E-03
     1   179     1     5        0  0.6439E-01  0.1048E+00  0.0000E+00  0.2228E-08
     1   180     1     1        0  0.0000E+00  0.2525E+02  0.1672E+04  0.1000E+03
     1   180     1     2        0  0.9190E+04  0.6048E-04  0.0000E+00  0.1368E-02
     1   180     1     3        0  0.9936E-01  0.2436E+02  0.0000E+00  0.7755E-10
     1   180     1     4        0  0.1924E+01  0.1922E-03  0.0000E+00  0.6165E-03
     1   180     1     5        0  0.4541E-01  0.1007E+00  0.0000E+00  0.6390E-08
     1   181     1     1        0  0.0000E+00  0.8210E+01  0.4561E+03  0.1000E+03
     1   181     1     2        0  0.2746E+04  0.1285E-04  0.0000E+00  0.4559E-04
     1   181     1     3        0  0.2598E-02  0.1271E+01  0.0000E+00  0.6486E-10
     1   181     1     4        0  0.4316E-02  0.1281E-04  0.0000E+00  0.1015E-04
     1   182     1     1        0  0.0000E+00  0.1489E+02  0.1540E+04  0.1000E+03
     1   182     1     2        0  0.8470E+04  0.3361E-04  0.0000E+00  0.4400E-03
     1   182     1     3        0  0.3577E-01  0.2988E+02  0.0000E+00  0.1214E-09
     1   182     1     4        0  0.1711E+01  0.6839E-04  0.0000E+00  0.4520E-03
     1   182     1     5        0  0.3815E-01  0.1215E+00  0.0000E+00  0.1875E-08
     1   183     1     1        0  0.0000E+00  0.6250E+02  0.2026E+04  0.1000E+03
     1   183     1     2        0  0.1152E+05  0.1280E-03  0.0000E+00  0.9889E-03
     1   183     1     3        0  0.9932E-01  0.9838E+02  0.0000E+00  0.1428E-09
     1   183     1     4        0  0.2771E+01  0.8470E-03  0.0000E+00  0.6653E-03
     1   183     1     5        0  0.6770E-01  0.4069E+00  0.0000E+00  0.5580E-08
     1   184     1     1        0  0.0000E+00  0.2397E+02  0.8300E+03  0.1000E+03
     1   184     1     2        0  0.3678E+04  0.4031E-04  0.0000E+00  0.1670E-03
     1   184     1     3        0  0.6990E-02  0.1492E+02  0.0000E+00  0.1317E-09
     1   184     1     4        0  0.5500E+00  0.1174E-04  0.0000E+00  0.2460E-03
     1   184     1     5        0  0.9856E-02  0.6095E-01  0.0000E+00  0.4700E-09
     1   185     1     1        0  0.0000E+00  0.1087E+02  0.8266E+03  0.1000E+03
     1   185     1     2        0  0.3783E+04  0.3208E-04  0.0000E+00  0.3331E-03
     1   185     1     3        0  0.1416E-01  0.6682E+01  0.0000E+00  0.1220E-09
     1   185     1     4        0  0.5589E+00  0.1183E-04  0.0000E+00  0.2392E-03
     1   185     1     5        0  0.9882E-02  0.2742E-01  0.0000E+00  0.7966E-09
     1   186     1     1        0  0.0000E+00  0.7701E+01  0.2013E+04  0.1000E+03
     1   186     1     2        0  0.1147E+05  0.7767E-05  0.0000E+00  0.3284E-03
     1   186     1     3        0  0.3550E-01  0.1204E+02  0.0000E+00  0.1161E-09
     1   186     1     4        0  0.2705E+01  0.4664E-04  0.0000E+00  0.6266E-03
     1   186     1     5        0  0.6716E-01  0.5008E-01  0.0000E+00  0.1917E-08
     1   187     1     1        0  0.0000E+00  0.1482E+02  0.1525E+04  0.1000E+03
     1   187     1     2        0  0.8167E+04  0.2277E-04  0.0000E+00  0.1474E-02
     1   187     1     3        0  0.9445E-01  0.1165E+02  0.0000E+00  0.2812E-09
     1   187     1     4        0  0.1575E+01  0.9459E-04  0.0000E+00  0.5716E-03
     1   187     1     5        0  0.3743E-01  0.4857E-01  0.0000E+00  0.6347E-08
     1   188     1     1        0  0.0000E+00  0.7791E+02  0.4788E+03  0.1000E+03
     1   188     1     2        0  0.2803E+04  0.1691E-03  0.0000E+00  0.4104E-04
     1   188     1     3        0  0.2389E-02  0.3515E+01  0.0000E+00  0.6684E-10
     1   188     1     4        0  0.1313E-01  0.5047E-05  0.0000E+00  0.1257E-04
     1   189     1     1        0  0.0000E+00  0.5077E+02  0.1662E+04  0.1000E+03
     1   189     1     2        0  0.9207E+04  0.2550E-04  0.0000E+00  0.5926E-03
     1   189     1     3        0  0.5264E-01  0.2566E+02  0.0000E+00  0.5777E-10
     1   189     1     4        0  0.1949E+01  0.1497E-03  0.0000E+00  0.4938E-03
     1   189     1     5        0  0.4483E-01  0.1056E+00  0.0000E+00  0.2739E-08
     1   190     1     1        0  0.0000E+00  0.1313E+02  0.1956E+04  0.1000E+03
     1   190     1     2        0  0.1099E+05  0.1498E-04  0.0000E+00  0.9334E-03
     1   190     1     3        0  0.8796E-01  0.1417E+02  0.0000E+00  0.8612E-10
     1   190     1     4        0  0.2542E+01  0.1329E-03  0.0000E+00  0.6618E-03
     1   190     1     5        0  0.6295E-01  0.5919E-01  0.0000E+00  0.5144E-08
     1   191     1     1        0  0.0000E+00  0.8360E+01  0.6226E+03  0.1000E+03
     1   191     1     2        0  0.2740E+04  0.3241E-04  0.0000E+00  0.1277E-03
     1   191     1     3        0  0.4653E-02  0.4556E+01  0.0000E+00  0.1246E-09
     1   191     1     4        0  0.3138E+00  0.1259E-04  0.0000E+00  0.1367E-03
     1   192     1     1        0  0.0000E+00  0.2784E+02  0.1010E+04  0.1000E+03
     1   192     1     2        0  0.4966E+04  0.8659E-05  0.0000E+00  0.2926E-03
     1   192     1     3        0  0.1430E-01  0.1097E+02  0.0000E+00  0.1004E-09
     1   192     1     4        0  0.8308E+00  0.1630E-04  0.0000E+00  0.3070E-03
     1   192     1     5        0  0.1549E-01  0.4485E-01  0.0000E+00  0.8480E-09
     1   193     1     1        0  0.0000E+00  0.7613E+02  0.2032E+04  0.1000E+03
     1   193     1     2        0  0.1152E+05  0.1196E-03  0.0000E+00  0.5522E-03
     1   193     1     3        0  0.5845E-01  0.4862E+02  0.0000E+00  0.4794E-10
     1   193     1     4        0  0.2809E+01  0.2339E-03  0.0000E+00  0.6450E-03
     1   193     1     5        0  0.6849E-01  0.2016E+00  0.0000E+00  0.3191E-08
     1   194     1     1        0  0.0000E+00  0.1000E+03  0.1364E+04  0.1000E+03
     1   194     1     2        0  0.7072E+04  0.4716E-03  0.0000E+00  0.1154E-02
     1   194     1     3        0  0.6349E-01  0.7246E+02  0.0000E+00  0.9375E-10
     1   194     1     4        0  0.1300E+01  0.6386E-03  0.0000E+00  0.5221E-03
     1   194     1     5        0  0.2954E-01  0.3003E+00  0.0000E+00  0.4534E-08
     1   195     1     1        0  0.0000E+00  0.5075E+01  0.4757E+03  0.1000E+03
     1   195     1     2        0  0.2775E+04  0.9956E-05  0.0000E+00  0.1044E-03
     1   195     1     3        0  0.5620E-02  0.1229E+02  0.0000E+00  0.7180E-10
     1   195     1     4        0  0.7955E-01  0.1915E-04  0.0000E+00  0.1261E-04
     1   196     1     1        0  0.0000E+00  0.2611E+02  0.1765E+04  0.1000E+03
     1   196     1     2        0  0.9810E+04  0.2372E-04  0.0000E+00  0.5222E-03
     1   196     1     3        0  0.4848E-01  0.4185E+02  0.0000E+00  0.9043E-10
     1   196     1     4        0  0.2210E+01  0.2013E-03  0.0000E+00  0.5347E-03
     1   196     1     5        0  0.5096E-01  0.1731E+00  0.0000E+00  0.2596E-08
     1   197     1     1        0  0.0000E+00  0.2188E+02  0.1867E+04  0.1000E+03
     1   197     1     2        0  0.1034E+05  0.7255E-04  0.0000E+00  0.1081E-02
     1   197     1     3        0  0.9263E-01  0.2853E+02  0.0000E+00  0.1312E-09
     1   197     1     4        0  0.2388E+01  0.2395E-03  0.0000E+00  0.6558E-03
     1   197     1     5        0  0.5717E-01  0.1195E+00  0.0000E+00  0.5715E-08
     1   198     1     1        0  0.0000E+00  0.6764E+01  0.4578E+03  0.1000E+03
     1   198     1     2        0  0.2717E+04  0.8345E-05  0.0000E+00  0.9546E-04
     1   198     1     3        0  0.2024E-02  0.5398E+01  0.0000E+00  0.1225E-09
     1   198     1     4        0  0.1775E+00  0.1336E-04  0.0000E+00  0.5227E-04
     1   199     1     1        0  0.0000E+00  0.4788E+01  0.1179E+04  0.1000E+03
     1   199     1     2        0  0.6045E+04  0.6801E-05  0.0000E+00  0.3371E-03
     1   199     1     3        0  0.1964E-01  0.1063E+02  0.0000E+00  0.5437E-10
     1   199     1     4        0  0.1045E+01  0.5511E-04  0.0000E+00  0.3578E-03
     1   199     1     5        0  0.2178E-01  0.4397E-01  0.0000E+00  0.1148E-08
     1   200     1     1        0  0.0000E+00  0.1392E+02  0.2029E+04  0.1000E+03
     1   200     1     2        0  0.1143E+05  0.3154E-04  0.0000E+00  0.7081E-03
     1   200     1     3        0  0.7315E-01  0.2168E+02  0.0000E+00  0.1897E-09
     1   200     1     4        0  0.2759E+01  0.1084E-03  0.0000E+00  0.6578E-03
     1   200     1     5        0  0.6840E-01  0.9097E-01  0.0000E+00  0.4103E-08
     1   201     1     1        0  0.0000E+00  0.7812E+02  0.1191E+04  0.1000E+03
     1   201     1     2        0  0.5924E+04  0.7504E-03  0.0000E+00  0.8240E-03
     1   201     1     3        0  0.3964E-01  0.4860E+02  0.0000E+00  0.2086E-09
     1   201     1     4        0  0.1017E+01  0.3633E-03  0.0000E+00  0.4470E-03
     1   201     1     5        0  0.2211E-01  0.2029E+00  0.0000E+00  0.2899E-08
     1   202     1     1        0  0.0000E+00  0.3224E+02  0.4727E+03  0.1000E+03
     1   202     1     2        0  0.2748E+04  0.7011E-04  0.0000E+00  0.7220E-04
     1   202     1     3        0  0.4000E-02  0.6750E+01  0.0000E+00  0.1019E-09
     1   202     1     4        0  0.1830E+00  0.7503E-05  0.0000E+00  0.4388E-04
     1   203     1     1        0  0.0000E+00  0.1238E+02  0.1849E+04  0.1000E+03
     1   203     1     2        0  0.1028E+05  0.1033E-04  0.0000E+00  0.4458E-03
     1   203     1     3        0  0.4302E-01  0.1217E+02  0.0000E+00  0.8955E-10
     1   203     1     4        0  0.2335E+01  0.2655E-04  0.0000E+00  0.5705E-03
     1   203     1     5        0  0.5620E-01  0.5091E-01  0.0000E+00  0.2350E-08
     1   204     1     1        0  0.0000E+00  0.7335E+01  0.1760E+04  0.1000E+03
     1   204     1     2        0  0.9590E+04  0.3161E-04  0.0000E+00  0.1248E-02
     1   204     1     3        0  0.9666E-01  0.1035E+02  0.0000E+00  0.2578E-09
     1   204     1     4        0  0.2068E+01  0.8209E-04  0.0000E+00  0.6429E-03
     1   204     1     5        0  0.5058E-01  0.4361E-01  0.0000E+00  0.6256E-08
     1   205     1     1        0  0.0000E+00  0.2097E+02  0.4567E+03  0.1000E+03
     1   205     1     2        0  0.2696E+04  0.7655E-04  0.0000E+00  0.1256E-03
     1   205     1     3        0  0.3594E-02  0.2356E+01  0.0000E+00  0.1060E-09
     1   205     1     4        0  0.5634E-01  0.1076E-04  0.0000E+00  0.1515E-04
     1   206     1     1        0  0.0000E+00  0.3167E+02  0.4666E+03  0.1000E+03
     1   206     1     2        0  0.9051E+03  0.4390E-04  0.0000E+00  0.2163E-04
     1   206     1     3        0  0.2185E-03  0.3905E+01  0.0000E+00  0.1808E-09
     1   206     1     4        0  0.3521E-02  0.1331E-05  0.0000E+00  0.5946E-05
