SUMMARY OF C0NVERGENCE INFORMATION
  STEP   INC  ATT   ITER     CONT.   RESID.        CORR.      RESID.      CORR.
                              EL.    FORCE         DISP       FLUX        TEMP.
                              (#)     (%)           (%)        (%)         (%)
     1     1     1     1        0  0.0000E+00  0.1000E-29  0.2559E+04  0.1000E+03
     1     1     1     2        0  0.7304E+04  0.1000E-29  0.0000E+00  0.2970E-05
     1     1     1     3        0  0.4189E-02  0.1000E+03  0.0000E+00  0.7200E-10
     1     1     1     4        0  0.8099E+01  0.2793E-03  0.0000E+00  0.1925E-03
     1     1     1     5        0  0.2704E+00  0.4699E-02  0.0000E+00  0.6859E-10
     1     2     1     1        0  0.0000E+00  0.7013E+02  0.3436E+04  0.1000E+03
     1     2     1     2        0  0.1485E+05  0.4727E-04  0.0000E+00  0.6108E-03
     1     2     1     3        0  0.6845E+00  0.6033E+02  0.0000E+00  0.4559E-10
     1     2     1     4        0  0.1182E+02  0.2436E-03  0.0000E+00  0.3713E-03
     1     2     1     5        0  0.4271E+00  0.7303E-02  0.0000E+00  0.2087E-08
     1     3     1     1        0  0.0000E+00  0.1833E+02  0.3418E+04  0.1000E+03
     1     3     1     2        0  0.2058E+05  0.7361E-04  0.0000E+00  0.1437E-03
     1     3     1     3        0  0.1304E+00  0.3418E+02  0.0000E+00  0.1261E-09
     1     3     1     4        0  0.9609E+01  0.5679E-04  0.0000E+00  0.4555E-03
     1     3     1     5        0  0.3558E+00  0.6686E-02  0.0000E+00  0.6278E-09
     1     4     1     1        0  0.0000E+00  0.2259E+02  0.2770E+04  0.1000E+03
     1     4     1     2        0  0.2254E+05  0.3598E-04  0.0000E+00  0.8420E-03
     1     4     1     3        0  0.3862E+00  0.1596E+02  0.0000E+00  0.9111E-10
     1     4     1     4        0  0.4871E+01  0.7944E-04  0.0000E+00  0.3609E-03
     1     4     1     5        0  0.1790E+00  0.3913E-02  0.0000E+00  0.2705E-08
     1     5     1     1        0  0.0000E+00  0.6172E+01  0.1461E+04  0.1000E+03
     1     5     1     2        0  0.1596E+05  0.1404E-04  0.0000E+00  0.1878E-03
     1     5     1     3        0  0.2959E-01  0.5538E+01  0.0000E+00  0.8554E-10
     1     5     1     4        0  0.9747E+00  0.1718E-04  0.0000E+00  0.1318E-03
     1     5     1     5        0  0.3288E-01  0.1397E-02  0.0000E+00  0.3273E-09
     1     6     1     1        0  0.0000E+00  0.4313E+01  0.4188E+03  0.1000E+03
     1     6     1     2        0  0.4383E+04  0.9875E-05  0.0000E+00  0.3480E-04
     1     6     1     3        0  0.5630E-02  0.1253E+01  0.0000E+00  0.1243E-09
     1     6     1     4        0  0.8935E-01  0.1006E-05  0.0000E+00  0.1410E-04
     1     7     1     1        0  0.0000E+00  0.7130E+01  0.2549E+04  0.1000E+03
     1     7     1     2        0  0.1881E+05  0.4418E-05  0.0000E+00  0.1913E-03
     1     7     1     3        0  0.5349E-01  0.5714E+01  0.0000E+00  0.5964E-10
     1     7     1     4        0  0.1831E+01  0.1341E-04  0.0000E+00  0.2413E-03
     1     7     1     5        0  0.6615E-01  0.1473E-02  0.0000E+00  0.5047E-09
     1     8     1     1        0  0.0000E+00  0.6697E+01  0.3671E+04  0.1000E+03
     1     8     1     2        0  0.2484E+05  0.1837E-04  0.0000E+00  0.4824E-03
     1     8     1     3        0  0.1878E+00  0.9512E+01  0.0000E+00  0.9536E-10
     1     8     1     4        0  0.3845E+01  0.3505E-04  0.0000E+00  0.4045E-03
     1     8     1     5        0  0.1460E+00  0.2991E-02  0.0000E+00  0.1743E-08
     1     9     1     1        0  0.0000E+00  0.1660E+02  0.3636E+04  0.1000E+03
     1     9     1     2        0  0.2581E+05  0.3658E-04  0.0000E+00  0.3667E-03
     1     9     1     3        0  0.1286E+00  0.1409E+02  0.0000E+00  0.1592E-09
     1     9     1     4        0  0.3945E+01  0.2640E-04  0.0000E+00  0.4570E-03
     1     9     1     5        0  0.1521E+00  0.5249E-02  0.0000E+00  0.1491E-08
     1    10     1     1        0  0.0000E+00  0.5270E+02  0.2714E+04  0.1000E+03
     1    10     1     2        0  0.2141E+05  0.8284E-04  0.0000E+00  0.5694E-03
     1    10     1     3        0  0.1482E+00  0.3060E+02  0.0000E+00  0.1185E-09
     1    10     1     4        0  0.2122E+01  0.1237E-03  0.0000E+00  0.3180E-03
     1    10     1     5        0  0.8116E-01  0.1254E-01  0.0000E+00  0.1652E-08
     1    11     1     1        0  0.0000E+00  0.3428E+02  0.1048E+04  0.1000E+03
     1    11     1     2        0  0.9335E+04  0.7082E-04  0.0000E+00  0.7849E-04
     1    11     1     3        0  0.7477E-02  0.6664E+01  0.0000E+00  0.1165E-09
     1    11     1     4        0  0.2880E+00  0.2057E-04  0.0000E+00  0.6953E-04
     1    12     1     1        0  0.0000E+00  0.1436E+02  0.8544E+03  0.1000E+03
     1    12     1     2        0  0.7421E+04  0.7040E-04  0.0000E+00  0.5578E-03
     1    12     1     3        0  0.5200E-01  0.2733E+01  0.0000E+00  0.1346E-09
     1    12     1     4        0  0.2782E+00  0.1132E-04  0.0000E+00  0.6898E-04
     1    13     1     1        0  0.0000E+00  0.8186E+01  0.3345E+04  0.1000E+03
     1    13     1     2        0  0.3360E+05  0.1668E-04  0.0000E+00  0.9495E-03
     1    13     1     3        0  0.4137E+00  0.8892E+01  0.0000E+00  0.1324E-09
     1    13     1     4        0  0.8996E+01  0.6678E-04  0.0000E+00  0.5249E-03
     1    13     1     5        0  0.2462E+00  0.6797E-02  0.0000E+00  0.4992E-08
     1    14     1     1        0  0.0000E+00  0.1002E+02  0.3489E+04  0.1000E+03
     1    14     1     2        0  0.3604E+05  0.2634E-04  0.7149E-01  0.2483E-02
     1    14     1     3        0  0.1036E+01  0.8819E+01  0.0000E+00  0.2982E-09
     1    14     1     4        0  0.1001E+02  0.1765E-03  0.0000E+00  0.6279E-03
     1    14     1     5        0  0.2824E+00  0.7892E-02  0.0000E+00  0.1355E-07
     1    15     1     1        0  0.0000E+00  0.2058E+02  0.1486E+04  0.1000E+03
     1    15     1     2        0  0.1814E+05  0.3194E-04  0.0000E+00  0.1101E-02
     1    15     1     3        0  0.2103E+00  0.5092E+01  0.0000E+00  0.1431E-09
     1    15     1     4        0  0.1827E+01  0.5007E-04  0.0000E+00  0.2065E-03
     1    15     1     5        0  0.4727E-01  0.4610E-02  0.0000E+00  0.2601E-08
     1    16     1     1        0  0.0000E+00  0.1000E+03  0.1317E+04  0.1000E+03
     1    16     1     2        0  0.1546E+05  0.1210E-03  0.0000E+00  0.4177E-03
     1    16     1     3        0  0.7883E-01  0.2003E+02  0.0000E+00  0.2201E-09
     1    16     1     4        0  0.1608E+01  0.7999E-04  0.0000E+00  0.1993E-03
     1    16     1     5        0  0.3695E-01  0.1838E-01  0.0000E+00  0.8015E-09
     1    17     1     1        0  0.0000E+00  0.4049E+02  0.3460E+04  0.1000E+03
     1    17     1     2        0  0.3516E+05  0.2751E-04  0.0000E+00  0.2849E-03
     1    17     1     3        0  0.1400E+00  0.2047E+02  0.0000E+00  0.8265E-10
     1    17     1     4        0  0.9284E+01  0.1869E-04  0.0000E+00  0.5742E-03
     1    17     1     5        0  0.2560E+00  0.2134E-01  0.0000E+00  0.1628E-08
     1    18     1     1        0  0.0000E+00  0.8496E+01  0.3245E+04  0.1000E+03
     1    18     1     2        0  0.3431E+05  0.1112E-04  0.3462E-01  0.1173E-02
     1    18     1     3        0  0.4689E+00  0.1063E+02  0.0000E+00  0.1140E-09
     1    18     1     4        0  0.8289E+01  0.1153E-03  0.0000E+00  0.5919E-03
     1    18     1     5        0  0.2323E+00  0.1217E-01  0.0000E+00  0.6053E-08
     1    19     1     1        0  0.0000E+00  0.8734E+01  0.9986E+03  0.1000E+03
     1    19     1     2        0  0.1210E+05  0.1067E-04  0.0000E+00  0.1864E-03
     1    19     1     3        0  0.2151E-01  0.3312E+01  0.0000E+00  0.1110E-09
     1    19     1     4        0  0.8548E+00  0.3891E-05  0.0000E+00  0.1105E-03
     1    19     1     5        0  0.2019E-01  0.3684E-02  0.0000E+00  0.2283E-09
     1    20     1     1        0  0.0000E+00  0.2835E+02  0.1670E+04  0.1000E+03
     1    20     1     2        0  0.1888E+05  0.2803E-03  0.0000E+00  0.1316E-02
     1    20     1     3        0  0.2668E+00  0.8306E+01  0.0000E+00  0.1463E-09
     1    20     1     4        0  0.2455E+01  0.8163E-04  0.0000E+00  0.2720E-03
     1    20     1     5        0  0.5897E-01  0.9381E-02  0.0000E+00  0.3610E-08
     1    21     1     1        0  0.0000E+00  0.8581E+02  0.3451E+04  0.1000E+03
     1    21     1     2        0  0.3542E+05  0.3095E-03  0.0000E+00  0.4830E-03
     1    21     1     3        0  0.1661E+00  0.5054E+02  0.0000E+00  0.6333E-10
     1    21     1     4        0  0.9040E+01  0.9652E-04  0.0000E+00  0.6104E-03
     1    21     1     5        0  0.2478E+00  0.6262E-01  0.0000E+00  0.2888E-08
     1    22     1     1        0  0.0000E+00  0.9322E+02  0.2886E+04  0.1000E+03
     1    22     1     2        0  0.3070E+05  0.9138E-04  0.4530E-01  0.1952E-02
     1    22     1     3        0  0.5601E+00  0.6354E+02  0.0000E+00  0.5681E-10
     1    22     1     4        0  0.6358E+01  0.9713E-03  0.0000E+00  0.5566E-03
     1    22     1     5        0  0.1751E+00  0.8421E-01  0.0000E+00  0.9413E-08
     1    23     1     1        0  0.0000E+00  0.7752E+01  0.4393E+03  0.1000E+03
     1    23     1     2        0  0.4948E+04  0.1428E-04  0.0000E+00  0.3660E-03
     1    23     1     3        0  0.4006E-01  0.6054E+01  0.0000E+00  0.8690E-10
     1    23     1     4        0  0.2339E+00  0.3137E-04  0.0000E+00  0.3476E-04
     1    24     1     1        0  0.0000E+00  0.1952E+02  0.2039E+04  0.1000E+03
     1    24     1     2        0  0.2116E+05  0.4609E-04  0.0000E+00  0.8105E-04
     1    24     1     3        0  0.2000E-01  0.2024E+02  0.0000E+00  0.5140E-10
     1    24     1     4        0  0.3310E+01  0.2022E-04  0.0000E+00  0.3399E-03
     1    24     1     5        0  0.8171E-01  0.2769E-01  0.0000E+00  0.2773E-09
     1    25     1     1        0  0.0000E+00  0.2932E+02  0.3444E+04  0.1000E+03
     1    25     1     2        0  0.3382E+05  0.1574E-04  0.3408E-01  0.1088E-02
     1    25     1     3        0  0.3964E+00  0.3205E+02  0.0000E+00  0.7323E-10
     1    25     1     4        0  0.8635E+01  0.2829E-03  0.0000E+00  0.6361E-03
     1    25     1     5        0  0.2350E+00  0.4819E-01  0.0000E+00  0.6386E-08
     1    26     1     1        0  0.0000E+00  0.1178E+02  0.2551E+04  0.1000E+03
     1    26     1     2        0  0.2625E+05  0.2240E-04  0.0000E+00  0.1841E-03
     1    26     1     3        0  0.5151E-01  0.2007E+02  0.0000E+00  0.1244E-09
     1    26     1     4        0  0.4878E+01  0.1726E-04  0.0000E+00  0.5002E-03
     1    26     1     5        0  0.1302E+00  0.3163E-01  0.0000E+00  0.8389E-09
     1    27     1     1        0  0.0000E+00  0.8778E+01  0.3232E+03  0.1000E+03
     1    27     1     2        0  0.3584E+04  0.6927E-05  0.0000E+00  0.4507E-04
     1    27     1     3        0  0.3951E-02  0.9298E+00  0.0000E+00  0.8821E-10
     1    28     1     1        0  0.0000E+00  0.1141E+02  0.2306E+04  0.1000E+03
     1    28     1     2        0  0.2309E+05  0.1636E-04  0.0000E+00  0.1906E-03
     1    28     1     3        0  0.3440E-01  0.1484E+02  0.0000E+00  0.8280E-10
     1    28     1     4        0  0.4000E+01  0.8807E-05  0.0000E+00  0.4018E-03
     1    28     1     5        0  0.1025E+00  0.2352E-01  0.0000E+00  0.4851E-09
     1    29     1     1        0  0.0000E+00  0.2492E+02  0.3339E+04  0.1000E+03
     1    29     1     2        0  0.3238E+05  0.4118E-04  0.4585E-01  0.1477E-02
     1    29     1     3        0  0.5045E+00  0.3514E+02  0.0000E+00  0.1738E-09
     1    29     1     4        0  0.7925E+01  0.4617E-03  0.0000E+00  0.6522E-03
     1    29     1     5        0  0.2173E+00  0.5991E-01  0.0000E+00  0.8432E-08
     1    30     1     1        0  0.0000E+00  0.7348E+02  0.2134E+04  0.1000E+03
     1    30     1     2        0  0.2158E+05  0.3582E-03  0.0000E+00  0.5495E-03
     1    30     1     3        0  0.1014E+00  0.5191E+02  0.0000E+00  0.2981E-09
     1    30     1     4        0  0.3423E+01  0.9960E-04  0.0000E+00  0.4238E-03
     1    30     1     5        0  0.8999E-01  0.9078E-01  0.0000E+00  0.1889E-08
     1    31     1     1        0  0.0000E+00  0.1473E+02  0.4022E+03  0.1000E+03
     1    31     1     2        0  0.4068E+04  0.4297E-04  0.0000E+00  0.2453E-03
     1    31     1     3        0  0.2841E-01  0.1421E+01  0.0000E+00  0.7199E-10
     1    31     1     4        0  0.6749E-01  0.1601E-04  0.0000E+00  0.1119E-04
     1    32     1     1        0  0.0000E+00  0.5210E+01  0.2562E+04  0.1000E+03
     1    32     1     2        0  0.2435E+05  0.1001E-04  0.4145E-01  0.1595E-02
     1    32     1     3        0  0.4317E+00  0.8134E+01  0.0000E+00  0.1202E-09
     1    32     1     4        0  0.4699E+01  0.1091E-03  0.0000E+00  0.4622E-03
     1    32     1     5        0  0.1218E+00  0.1428E-01  0.0000E+00  0.7376E-08
     1    33     1     1        0  0.0000E+00  0.8241E+01  0.3219E+04  0.1000E+03
     1    33     1     2        0  0.3002E+05  0.1725E-04  0.9448E-01  0.3372E-02
     1    33     1     3        0  0.9793E+00  0.1033E+02  0.0000E+00  0.2743E-09
     1    33     1     4        0  0.7181E+01  0.3161E-03  0.0000E+00  0.6606E-03
     1    33     1     5        0  0.1960E+00  0.1906E-01  0.0000E+00  0.1929E-07
     1    34     1     1        0  0.0000E+00  0.2482E+02  0.1742E+04  0.1000E+03
     1    34     1     2        0  0.1683E+05  0.4618E-04  0.3577E-01  0.2393E-02
     1    34     1     3        0  0.3638E+00  0.9819E+01  0.0000E+00  0.3038E-09
     1    34     1     4        0  0.2297E+01  0.1320E-03  0.0000E+00  0.3338E-03
     1    34     1     5        0  0.5802E-01  0.1817E-01  0.0000E+00  0.7747E-08
     1    35     1     1        0  0.0000E+00  0.1000E+03  0.4917E+03  0.1000E+03
     1    35     1     2        0  0.3959E+04  0.5527E-03  0.0000E+00  0.1138E-02
     1    35     1     3        0  0.1290E+00  0.1140E+02  0.0000E+00  0.1517E-09
     1    35     1     4        0  0.3241E+00  0.2466E-03  0.0000E+00  0.4245E-04
     1    36     1     1        0  0.0000E+00  0.2199E+02  0.2711E+04  0.1000E+03
     1    36     1     2        0  0.2479E+05  0.2399E-04  0.5552E-01  0.2015E-02
     1    36     1     3        0  0.5468E+00  0.1211E+02  0.0000E+00  0.1045E-09
     1    36     1     4        0  0.5078E+01  0.1760E-03  0.0000E+00  0.5185E-03
     1    36     1     5        0  0.1340E+00  0.2346E-01  0.0000E+00  0.1016E-07
     1    37     1     1        0  0.0000E+00  0.6301E+01  0.3004E+04  0.1000E+03
     1    37     1     2        0  0.2737E+05  0.8292E-05  0.1021E+00  0.3973E-02
     1    37     1     3        0  0.1003E+01  0.9156E+01  0.0000E+00  0.1571E-09
     1    37     1     4        0  0.6161E+01  0.2880E-03  0.0000E+00  0.6621E-03
     1    37     1     5        0  0.1689E+00  0.1888E-01  0.0000E+00  0.2209E-07
     1    38     1     1        0  0.0000E+00  0.1041E+02  0.1284E+04  0.1000E+03
     1    38     1     2        0  0.1204E+05  0.2247E-04  0.3389E-01  0.2682E-02
     1    38     1     3        0  0.3270E+00  0.4543E+01  0.0000E+00  0.1757E-09
     1    38     1     4        0  0.1316E+01  0.9735E-04  0.0000E+00  0.2358E-03
     1    38     1     5        0  0.3226E-01  0.9395E-02  0.0000E+00  0.6878E-08
     1    39     1     1        0  0.0000E+00  0.3465E+02  0.8803E+03  0.1000E+03
     1    39     1     2        0  0.7712E+04  0.1448E-04  0.3073E-01  0.2851E-02
     1    39     1     3        0  0.2910E+00  0.6437E+01  0.0000E+00  0.1098E-09
     1    39     1     4        0  0.8056E+00  0.1881E-03  0.0000E+00  0.1460E-03
     1    39     1     5        0  0.1486E-01  0.1322E-01  0.0000E+00  0.5088E-08
     1    40     1     1        0  0.0000E+00  0.1000E+03  0.2842E+04  0.1000E+03
     1    40     1     2        0  0.2505E+05  0.5795E-04  0.7530E-01  0.2741E-02
     1    40     1     3        0  0.7114E+00  0.4721E+02  0.0000E+00  0.1153E-09
     1    40     1     4        0  0.5555E+01  0.1231E-02  0.0000E+00  0.5673E-03
     1    40     1     5        0  0.1448E+00  0.1015E+00  0.0000E+00  0.1479E-07
     1    41     1     1        0  0.0000E+00  0.3013E+02  0.2789E+04  0.1000E+03
     1    41     1     2        0  0.2473E+05  0.4847E-04  0.1098E+00  0.4798E-02
     1    41     1     3        0  0.1034E+01  0.2224E+02  0.0000E+00  0.5309E-10
     1    41     1     4        0  0.5380E+01  0.7878E-03  0.0000E+00  0.6449E-03
     1    41     1     5        0  0.1437E+00  0.4984E-01  0.0000E+00  0.2550E-07
     1    42     1     1        0  0.0000E+00  0.6512E+01  0.8923E+03  0.1000E+03
     1    42     1     2        0  0.7759E+04  0.7796E-05  0.2877E-01  0.2655E-02
     1    42     1     3        0  0.2662E+00  0.5612E+01  0.0000E+00  0.8133E-10
     1    42     1     4        0  0.7062E+00  0.1705E-03  0.0000E+00  0.1321E-03
     1    42     1     5        0  0.1496E-01  0.1241E-01  0.0000E+00  0.4914E-08
     1    43     1     1        0  0.0000E+00  0.1778E+02  0.1223E+04  0.1000E+03
     1    43     1     2        0  0.1055E+05  0.2470E-04  0.3912E-01  0.3159E-02
     1    43     1     3        0  0.3574E+00  0.8634E+01  0.0000E+00  0.7558E-10
     1    43     1     4        0  0.1313E+01  0.2388E-03  0.0000E+00  0.2524E-03
     1    43     1     5        0  0.2801E-01  0.1908E-01  0.0000E+00  0.7899E-08
     1    44     1     1        0  0.0000E+00  0.3432E+02  0.2884E+04  0.1000E+03
     1    44     1     2        0  0.2479E+05  0.4094E-04  0.6396E-01  0.2311E-02
     1    44     1     3        0  0.5828E+00  0.2555E+02  0.0000E+00  0.4043E-10
     1    44     1     4        0  0.5668E+01  0.4337E-03  0.0000E+00  0.6064E-03
     1    44     1     5        0  0.1490E+00  0.5868E-01  0.0000E+00  0.1311E-07
     1    45     1     1        0  0.0000E+00  0.3949E+02  0.2504E+04  0.1000E+03
     1    45     1     2        0  0.2171E+05  0.2750E-04  0.8622E-01  0.4230E-02
     1    45     1     3        0  0.7807E+00  0.3497E+02  0.0000E+00  0.6685E-10
     1    45     1     4        0  0.4399E+01  0.1140E-02  0.0000E+00  0.6052E-03
     1    45     1     5        0  0.1160E+00  0.8238E-01  0.0000E+00  0.2098E-07
     1    46     1     1        0  0.0000E+00  0.2246E+02  0.4804E+03  0.1000E+03
     1    46     1     2        0  0.3389E+04  0.1604E-04  0.0000E+00  0.1590E-02
     1    46     1     3        0  0.1239E+00  0.1104E+02  0.0000E+00  0.8684E-10
     1    46     1     4        0  0.2553E+00  0.2619E-03  0.0000E+00  0.4641E-04
     1    47     1     1        0  0.0000E+00  0.2521E+02  0.1542E+04  0.1000E+03
     1    47     1     2        0  0.1304E+05  0.2880E-04  0.4299E-01  0.2752E-02
     1    47     1     3        0  0.3778E+00  0.4476E+02  0.0000E+00  0.6533E-10
     1    47     1     4        0  0.1931E+01  0.1005E-02  0.0000E+00  0.3224E-03
     1    47     1     5        0  0.4383E-01  0.1045E+00  0.0000E+00  0.8669E-08
     1    48     1     1        0  0.0000E+00  0.9242E+02  0.2908E+04  0.1000E+03
     1    48     1     2        0  0.2415E+05  0.3176E-03  0.4689E-01  0.1739E-02
     1    48     1     3        0  0.4111E+00  0.1000E+03  0.0000E+00  0.2016E-09
     1    48     1     4        0  0.5704E+01  0.1352E-02  0.0000E+00  0.6363E-03
     1    48     1     5        0  0.1494E+00  0.2447E+00  0.0000E+00  0.1020E-07
     1    49     1     1        0  0.0000E+00  0.2074E+02  0.2222E+04  0.1000E+03
     1    49     1     2        0  0.1868E+05  0.3578E-04  0.6043E-01  0.3437E-02
     1    49     1     3        0  0.5266E+00  0.2794E+02  0.0000E+00  0.1891E-09
     1    49     1     4        0  0.3552E+01  0.7420E-03  0.0000E+00  0.5536E-03
     1    49     1     5        0  0.9051E-01  0.7021E-01  0.0000E+00  0.1555E-07
     1    50     1     1        0  0.0000E+00  0.7200E+01  0.4001E+03  0.1000E+03
     1    50     1     2        0  0.3431E+04  0.1948E-04  0.0000E+00  0.3989E-03
     1    50     1     3        0  0.2651E-01  0.1609E+01  0.0000E+00  0.8274E-10
     1    50     1     4        0  0.4868E-01  0.2490E-04  0.0000E+00  0.1010E-04
     1    51     1     1        0  0.0000E+00  0.3866E+01  0.1807E+04  0.1000E+03
     1    51     1     2        0  0.1490E+05  0.3813E-05  0.2861E-01  0.1575E-02
     1    51     1     3        0  0.2436E+00  0.8008E+01  0.0000E+00  0.9524E-10
     1    51     1     4        0  0.2435E+01  0.1211E-03  0.0000E+00  0.3854E-03
     1    51     1     5        0  0.5937E-01  0.2006E-01  0.0000E+00  0.5885E-08
     1    52     1     1        0  0.0000E+00  0.1014E+02  0.2856E+04  0.1000E+03
     1    52     1     2        0  0.2323E+05  0.2334E-04  0.0000E+00  0.3192E-03
     1    52     1     3        0  0.6868E-01  0.1337E+02  0.0000E+00  0.1870E-09
     1    52     1     4        0  0.5393E+01  0.7341E-04  0.0000E+00  0.6549E-03
     1    52     1     5        0  0.1442E+00  0.3482E-01  0.0000E+00  0.1953E-08
     1    53     1     1        0  0.0000E+00  0.3683E+02  0.1902E+04  0.1000E+03
     1    53     1     2        0  0.1548E+05  0.1025E-03  0.2369E-01  0.1603E-02
     1    53     1     3        0  0.1998E+00  0.2053E+02  0.0000E+00  0.3688E-09
     1    53     1     4        0  0.2592E+01  0.3044E-03  0.0000E+00  0.4816E-03
     1    53     1     5        0  0.6595E-01  0.5415E-01  0.0000E+00  0.6392E-08
     1    54     1     1        0  0.0000E+00  0.5537E+02  0.4615E+03  0.1000E+03
     1    54     1     2        0  0.3721E+04  0.1664E-03  0.0000E+00  0.3774E-04
     1    54     1     3        0  0.3284E-02  0.1566E+01  0.0000E+00  0.6617E-10
     1    54     1     4        0  0.1276E-01  0.7270E-05  0.0000E+00  0.1163E-04
     1    55     1     1        0  0.0000E+00  0.1464E+02  0.2066E+04  0.1000E+03
     1    55     1     2        0  0.1652E+05  0.9411E-05  0.0000E+00  0.3701E-03
     1    55     1     3        0  0.6078E-01  0.8990E+01  0.0000E+00  0.1225E-09
     1    55     1     4        0  0.3051E+01  0.2364E-04  0.0000E+00  0.4454E-03
     1    55     1     5        0  0.7528E-01  0.2357E-01  0.0000E+00  0.1634E-08
     1    56     1     1        0  0.0000E+00  0.5866E+01  0.2785E+04  0.1000E+03
     1    56     1     2        0  0.2210E+05  0.9038E-05  0.3128E-01  0.1227E-02
     1    56     1     3        0  0.2583E+00  0.9021E+01  0.0000E+00  0.1576E-09
     1    56     1     4        0  0.5128E+01  0.1028E-03  0.0000E+00  0.6656E-03
     1    56     1     5        0  0.1362E+00  0.2440E-01  0.0000E+00  0.7069E-08
     1    57     1     1        0  0.0000E+00  0.1256E+02  0.1600E+04  0.1000E+03
     1    57     1     2        0  0.1243E+05  0.3496E-04  0.0000E+00  0.4023E-03
     1    57     1     3        0  0.3868E-01  0.6419E+01  0.0000E+00  0.3923E-09
     1    57     1     4        0  0.1847E+01  0.1380E-04  0.0000E+00  0.3894E-03
     1    57     1     5        0  0.4515E-01  0.1730E-01  0.0000E+00  0.1240E-08
     1    58     1     1        0  0.0000E+00  0.4787E+02  0.4510E+03  0.1000E+03
     1    58     1     2        0  0.3552E+04  0.1244E-03  0.0000E+00  0.3414E-03
     1    58     1     3        0  0.3051E-01  0.4280E+01  0.0000E+00  0.1008E-09
     1    58     1     4        0  0.1518E+00  0.3318E-04  0.0000E+00  0.1505E-04
     1    59     1     1        0  0.0000E+00  0.8841E+02  0.2247E+04  0.1000E+03
     1    59     1     2        0  0.1752E+05  0.1877E-03  0.2365E-01  0.9687E-03
     1    59     1     3        0  0.1901E+00  0.3707E+02  0.0000E+00  0.1000E-09
     1    59     1     4        0  0.3501E+01  0.2528E-03  0.0000E+00  0.5036E-03
     1    59     1     5        0  0.8824E-01  0.1000E+00  0.0000E+00  0.4839E-08
     1    60     1     1        0  0.0000E+00  0.1671E+02  0.2639E+04  0.1000E+03
     1    60     1     2        0  0.2054E+05  0.2802E-04  0.6519E-01  0.2819E-02
     1    60     1     3        0  0.5232E+00  0.1385E+02  0.0000E+00  0.8639E-10
     1    60     1     4        0  0.4626E+01  0.2848E-03  0.0000E+00  0.6696E-03
     1    60     1     5        0  0.1231E+00  0.3895E-01  0.0000E+00  0.1582E-07
     1    61     1     1        0  0.0000E+00  0.5791E+01  0.1256E+04  0.1000E+03
     1    61     1     2        0  0.9172E+04  0.1935E-04  0.0000E+00  0.1899E-02
     1    61     1     3        0  0.1651E+00  0.5636E+01  0.0000E+00  0.1891E-09
     1    61     1     4        0  0.1147E+01  0.8097E-04  0.0000E+00  0.2770E-03
     1    61     1     5        0  0.2704E-01  0.1591E-01  0.0000E+00  0.5321E-08
     1    62     1     1        0  0.0000E+00  0.1907E+02  0.6623E+03  0.1000E+03
     1    62     1     2        0  0.3997E+04  0.1032E-03  0.0000E+00  0.1404E-02
     1    62     1     3        0  0.1160E+00  0.4649E+01  0.0000E+00  0.9059E-10
     1    62     1     4        0  0.4670E+00  0.8591E-04  0.0000E+00  0.8878E-04
     1    63     1     1        0  0.0000E+00  0.4863E+02  0.2402E+04  0.1000E+03
     1    63     1     2        0  0.1832E+05  0.1184E-03  0.4260E-01  0.1724E-02
     1    63     1     3        0  0.3348E+00  0.2589E+02  0.0000E+00  0.5102E-10
     1    63     1     4        0  0.4003E+01  0.3493E-03  0.0000E+00  0.5558E-03
     1    63     1     5        0  0.9988E-01  0.7447E-01  0.0000E+00  0.9161E-08
     1    64     1     1        0  0.0000E+00  0.1000E+03  0.2485E+04  0.1000E+03
     1    64     1     2        0  0.1890E+05  0.3002E-03  0.7790E-01  0.3744E-02
     1    64     1     3        0  0.6112E+00  0.7060E+02  0.0000E+00  0.5570E-10
     1    64     1     4        0  0.4222E+01  0.1964E-02  0.0000E+00  0.6660E-03
     1    64     1     5        0  0.1088E+00  0.2085E+00  0.0000E+00  0.2020E-07
     1    65     1     1        0  0.0000E+00  0.3790E+02  0.9214E+03  0.1000E+03
     1    65     1     2        0  0.6146E+04  0.2104E-04  0.0000E+00  0.2248E-02
     1    65     1     3        0  0.1668E+00  0.2877E+02  0.0000E+00  0.8126E-10
     1    65     1     4        0  0.6868E+00  0.4866E-03  0.0000E+00  0.1637E-03
     1    65     1     5        0  0.1374E-01  0.8398E-01  0.0000E+00  0.4733E-08
     1    66     1     1        0  0.0000E+00  0.1663E+02  0.9793E+03  0.1000E+03
     1    66     1     2        0  0.6520E+04  0.4130E-04  0.2661E-01  0.2746E-02
     1    66     1     3        0  0.2052E+00  0.2191E+02  0.0000E+00  0.8716E-10
     1    66     1     4        0  0.8195E+00  0.4731E-03  0.0000E+00  0.2229E-03
     1    66     1     5        0  0.1565E-01  0.6376E-01  0.0000E+00  0.6158E-08
     1    67     1     1        0  0.0000E+00  0.2757E+02  0.2485E+04  0.1000E+03
     1    67     1     2        0  0.1863E+05  0.2297E-04  0.4937E-01  0.1992E-02
     1    67     1     3        0  0.3804E+00  0.4052E+02  0.0000E+00  0.5915E-10
     1    67     1     4        0  0.4207E+01  0.7892E-03  0.0000E+00  0.5978E-03
     1    67     1     5        0  0.1073E+00  0.1212E+00  0.0000E+00  0.1118E-07
     1    68     1     1        0  0.0000E+00  0.2075E+02  0.2287E+04  0.1000E+03
     1    68     1     2        0  0.1692E+05  0.1573E-04  0.7393E-01  0.4030E-02
     1    68     1     3        0  0.5682E+00  0.2625E+02  0.0000E+00  0.1375E-09
     1    68     1     4        0  0.3578E+01  0.8606E-03  0.0000E+00  0.6393E-03
     1    68     1     5        0  0.9155E-01  0.7993E-01  0.0000E+00  0.2050E-07
     1    69     1     1        0  0.0000E+00  0.6829E+01  0.5563E+03  0.1000E+03
     1    69     1     2        0  0.3196E+04  0.2808E-04  0.0000E+00  0.1828E-02
     1    69     1     3        0  0.1087E+00  0.5325E+01  0.0000E+00  0.9423E-10
     1    69     1     4        0  0.2997E+00  0.1180E-03  0.0000E+00  0.6744E-04
     1    70     1     1        0  0.0000E+00  0.5068E+01  0.1287E+04  0.1000E+03
     1    70     1     2        0  0.8869E+04  0.4410E-05  0.3162E-01  0.2495E-02
     1    70     1     3        0  0.2390E+00  0.9172E+01  0.0000E+00  0.7625E-10
     1    70     1     4        0  0.1287E+01  0.1996E-03  0.0000E+00  0.3018E-03
     1    70     1     5        0  0.2742E-01  0.2736E-01  0.0000E+00  0.7310E-08
     1    71     1     1        0  0.0000E+00  0.1335E+02  0.2543E+04  0.1000E+03
     1    71     1     2        0  0.1870E+05  0.1418E-04  0.3821E-01  0.1533E-02
     1    71     1     3        0  0.2885E+00  0.2125E+02  0.0000E+00  0.1072E-09
     1    71     1     4        0  0.4355E+01  0.2860E-03  0.0000E+00  0.6314E-03
     1    71     1     5        0  0.1118E+00  0.6509E-01  0.0000E+00  0.8959E-08
     1    72     1     1        0  0.0000E+00  0.7728E+02  0.2080E+04  0.1000E+03
     1    72     1     2        0  0.1491E+05  0.1650E-03  0.5448E-01  0.3368E-02
     1    72     1     3        0  0.4098E+00  0.6481E+02  0.0000E+00  0.2741E-09
     1    72     1     4        0  0.2969E+01  0.1642E-02  0.0000E+00  0.5903E-03
     1    72     1     5        0  0.7420E-01  0.2019E+00  0.0000E+00  0.1577E-07
     1    73     1     1        0  0.0000E+00  0.2500E+02  0.4373E+03  0.1000E+03
     1    73     1     2        0  0.3264E+04  0.1075E-03  0.0000E+00  0.7232E-03
     1    73     1     3        0  0.3561E-01  0.3452E+01  0.0000E+00  0.1043E-09
     1    73     1     4        0  0.8516E-01  0.6007E-04  0.0000E+00  0.1272E-04
     1    74     1     1        0  0.0000E+00  0.9742E+01  0.1543E+04  0.1000E+03
     1    74     1     2        0  0.1072E+05  0.5608E-05  0.2656E-01  0.1736E-02
     1    74     1     3        0  0.1969E+00  0.7022E+01  0.0000E+00  0.1271E-09
     1    74     1     4        0  0.1717E+01  0.1215E-03  0.0000E+00  0.3664E-03
     1    74     1     5        0  0.3996E-01  0.2180E-01  0.0000E+00  0.6101E-08
     1    75     1     1        0  0.0000E+00  0.5778E+01  0.2539E+04  0.1000E+03
     1    75     1     2        0  0.1836E+05  0.3366E-04  0.0000E+00  0.5573E-03
     1    75     1     3        0  0.1011E+00  0.9392E+01  0.0000E+00  0.1470E-09
     1    75     1     4        0  0.4238E+01  0.4288E-04  0.0000E+00  0.6534E-03
     1    75     1     5        0  0.1115E+00  0.3004E-01  0.0000E+00  0.3394E-08
     1    76     1     1        0  0.0000E+00  0.1505E+02  0.1822E+04  0.1000E+03
     1    76     1     2        0  0.1265E+05  0.4642E-04  0.2792E-01  0.2064E-02
     1    76     1     3        0  0.2061E+00  0.8917E+01  0.0000E+00  0.2602E-09
     1    76     1     4        0  0.2238E+01  0.1155E-03  0.0000E+00  0.5319E-03
     1    76     1     5        0  0.5630E-01  0.2874E-01  0.0000E+00  0.8609E-08
     1    77     1     1        0  0.0000E+00  0.7892E+02  0.4588E+03  0.1000E+03
     1    77     1     2        0  0.3268E+04  0.1280E-03  0.0000E+00  0.6099E-04
     1    77     1     3        0  0.5272E-02  0.2888E+00  0.0000E+00  0.6436E-10
     1    78     1     1        0  0.0000E+00  0.4341E+02  0.1786E+04  0.1000E+03
     1    78     1     2        0  0.1240E+05  0.8057E-04  0.0000E+00  0.5147E-03
     1    78     1     3        0  0.6194E-01  0.1706E+02  0.0000E+00  0.1233E-09
     1    78     1     4        0  0.2273E+01  0.3465E-04  0.0000E+00  0.4261E-03
     1    78     1     5        0  0.5344E-01  0.5418E-01  0.0000E+00  0.2094E-08
     1    79     1     1        0  0.0000E+00  0.1120E+02  0.2519E+04  0.1000E+03
     1    79     1     2        0  0.1786E+05  0.5471E-05  0.2282E-01  0.1009E-02
     1    79     1     3        0  0.1663E+00  0.1109E+02  0.0000E+00  0.1225E-09
     1    79     1     4        0  0.4177E+01  0.5417E-04  0.0000E+00  0.6661E-03
     1    79     1     5        0  0.1085E+00  0.3622E-01  0.0000E+00  0.5856E-08
     1    80     1     1        0  0.0000E+00  0.6853E+01  0.1561E+04  0.1000E+03
     1    80     1     2        0  0.1041E+05  0.5874E-05  0.0000E+00  0.1638E-03
     1    80     1     3        0  0.6226E-02  0.6328E+01  0.0000E+00  0.1598E-09
     1    80     1     4        0  0.1672E+01  0.1314E-04  0.0000E+00  0.4416E-03
     1    80     1     5        0  0.4024E-01  0.2067E-01  0.0000E+00  0.3957E-09
     1    81     1     1        0  0.0000E+00  0.2151E+02  0.4739E+03  0.1000E+03
     1    81     1     2        0  0.3340E+04  0.3366E-04  0.0000E+00  0.1509E-03
     1    81     1     3        0  0.1108E-01  0.1934E+01  0.0000E+00  0.7076E-10
     1    81     1     4        0  0.7194E-01  0.9598E-05  0.0000E+00  0.1182E-04
     1    82     1     1        0  0.0000E+00  0.8188E+02  0.1973E+04  0.1000E+03
     1    82     1     2        0  0.1362E+05  0.2246E-03  0.0000E+00  0.7793E-03
     1    82     1     3        0  0.1219E+00  0.3391E+02  0.0000E+00  0.6923E-10
     1    82     1     4        0  0.2720E+01  0.2536E-03  0.0000E+00  0.4860E-03
     1    82     1     5        0  0.6560E-01  0.1088E+00  0.0000E+00  0.3816E-08
     1    83     1     1        0  0.0000E+00  0.7307E+02  0.2436E+04  0.1000E+03
     1    83     1     2        0  0.1695E+05  0.1386E-03  0.5512E-01  0.2581E-02
     1    83     1     3        0  0.3953E+00  0.4709E+02  0.0000E+00  0.5004E-10
     1    83     1     4        0  0.3912E+01  0.8765E-03  0.0000E+00  0.6728E-03
     1    83     1     5        0  0.1012E+00  0.1553E+00  0.0000E+00  0.1457E-07
     1    84     1     1        0  0.0000E+00  0.1228E+02  0.1258E+04  0.1000E+03
     1    84     1     2        0  0.7947E+04  0.1081E-04  0.0000E+00  0.1812E-02
     1    84     1     3        0  0.1290E+00  0.1176E+02  0.0000E+00  0.1116E-09
     1    84     1     4        0  0.1118E+01  0.1248E-03  0.0000E+00  0.3350E-03
     1    84     1     5        0  0.2555E-01  0.3883E-01  0.0000E+00  0.5550E-08
     1    85     1     1        0  0.0000E+00  0.1173E+02  0.4919E+03  0.1000E+03
     1    85     1     2        0  0.3357E+04  0.4014E-04  0.0000E+00  0.1065E-02
     1    85     1     3        0  0.7466E-01  0.5708E+01  0.0000E+00  0.8050E-10
     1    85     1     4        0  0.2833E+00  0.9418E-04  0.0000E+00  0.5123E-04
     1    86     1     1        0  0.0000E+00  0.2777E+02  0.2141E+04  0.1000E+03
     1    86     1     2        0  0.1462E+05  0.3076E-04  0.3861E-01  0.1750E-02
     1    86     1     3        0  0.2732E+00  0.2289E+02  0.0000E+00  0.4307E-10
     1    86     1     4        0  0.3180E+01  0.3867E-03  0.0000E+00  0.5411E-03
     1    86     1     5        0  0.7691E-01  0.7652E-01  0.0000E+00  0.9077E-08
     1    87     1     1        0  0.0000E+00  0.3075E+02  0.2334E+04  0.1000E+03
     1    87     1     2        0  0.1589E+05  0.8390E-04  0.7323E-01  0.3758E-02
     1    87     1     3        0  0.5179E+00  0.3058E+02  0.0000E+00  0.6818E-10
     1    87     1     4        0  0.3655E+01  0.8631E-03  0.0000E+00  0.6726E-03
     1    87     1     5        0  0.9194E-01  0.1045E+00  0.0000E+00  0.2060E-07
     1    88     1     1        0  0.0000E+00  0.1654E+02  0.9587E+03  0.1000E+03
     1    88     1     2        0  0.5555E+04  0.1371E-04  0.2243E-01  0.2584E-02
     1    88     1     3        0  0.1577E+00  0.1439E+02  0.0000E+00  0.7941E-10
     1    88     1     4        0  0.7211E+00  0.2887E-03  0.0000E+00  0.2019E-03
     1    88     1     5        0  0.1405E-01  0.4860E-01  0.0000E+00  0.6106E-08
     1    89     1     1        0  0.0000E+00  0.1119E+02  0.7934E+03  0.1000E+03
     1    89     1     2        0  0.4307E+04  0.4144E-05  0.2199E-01  0.2360E-02
     1    89     1     3        0  0.1537E+00  0.1271E+02  0.0000E+00  0.7411E-10
     1    89     1     4        0  0.5435E+00  0.3583E-03  0.0000E+00  0.1586E-03
     1    89     1     5        0  0.9315E-02  0.4277E-01  0.0000E+00  0.4700E-08
     1    90     1     1        0  0.0000E+00  0.2893E+02  0.2247E+04  0.1000E+03
     1    90     1     2        0  0.1521E+05  0.5018E-04  0.4841E-01  0.2152E-02
     1    90     1     3        0  0.3384E+00  0.4928E+02  0.0000E+00  0.1137E-09
     1    90     1     4        0  0.3397E+01  0.6967E-03  0.0000E+00  0.5862E-03
     1    90     1     5        0  0.8521E-01  0.1692E+00  0.0000E+00  0.1185E-07
     1    91     1     1        0  0.0000E+00  0.7605E+02  0.2174E+04  0.1000E+03
     1    91     1     2        0  0.1448E+05  0.2116E-03  0.7366E-01  0.4290E-02
     1    91     1     3        0  0.5143E+00  0.1000E+03  0.0000E+00  0.2441E-09
     1    91     1     4        0  0.3151E+01  0.3006E-02  0.0000E+00  0.6615E-03
     1    91     1     5        0  0.7959E-01  0.3492E+00  0.0000E+00  0.2236E-07
     1    92     1     1        0  0.0000E+00  0.1395E+02  0.6282E+03  0.1000E+03
     1    92     1     2        0  0.3087E+04  0.1474E-04  0.0000E+00  0.2333E-02
     1    92     1     3        0  0.1178E+00  0.6484E+01  0.0000E+00  0.1244E-09
     1    92     1     4        0  0.3520E+00  0.1660E-03  0.0000E+00  0.9574E-04
     1    93     1     1        0  0.0000E+00  0.6375E+01  0.1092E+04  0.1000E+03
     1    93     1     2        0  0.6474E+04  0.9222E-05  0.2971E-01  0.2863E-02
     1    93     1     3        0  0.2052E+00  0.5948E+01  0.0000E+00  0.1052E-09
     1    93     1     4        0  0.9207E+00  0.1566E-03  0.0000E+00  0.2793E-03
     1    93     1     5        0  0.1847E-01  0.2039E-01  0.0000E+00  0.7686E-08
     1    94     1     1        0  0.0000E+00  0.6378E+01  0.2332E+04  0.1000E+03
     1    94     1     2        0  0.1559E+05  0.1908E-04  0.4351E-01  0.1913E-02
     1    94     1     3        0  0.3004E+00  0.1085E+02  0.0000E+00  0.1827E-09
     1    94     1     4        0  0.3593E+01  0.1275E-03  0.0000E+00  0.6233E-03
     1    94     1     5        0  0.9128E-01  0.3779E-01  0.0000E+00  0.1101E-07
     1    95     1     1        0  0.0000E+00  0.1868E+02  0.2000E+04  0.1000E+03
     1    95     1     2        0  0.1296E+05  0.4650E-04  0.5978E-01  0.3910E-02
     1    95     1     3        0  0.4119E+00  0.1373E+02  0.0000E+00  0.3868E-09
     1    95     1     4        0  0.2662E+01  0.3633E-03  0.0000E+00  0.6186E-03
     1    95     1     5        0  0.6640E-01  0.4824E-01  0.0000E+00  0.1891E-07
     1    96     1     1        0  0.0000E+00  0.1000E+03  0.4559E+03  0.1000E+03
     1    96     1     2        0  0.3130E+04  0.2114E-03  0.0000E+00  0.1331E-02
     1    96     1     3        0  0.5304E-01  0.1164E+02  0.0000E+00  0.1767E-09
     1    96     1     4        0  0.1227E+00  0.2439E-03  0.0000E+00  0.2218E-04
     1    97     1     1        0  0.0000E+00  0.2644E+02  0.1344E+04  0.1000E+03
     1    97     1     2        0  0.8274E+04  0.1047E-03  0.2859E-01  0.2184E-02
     1    97     1     3        0  0.1950E+00  0.9834E+01  0.0000E+00  0.1137E-09
     1    97     1     4        0  0.1312E+01  0.1857E-03  0.0000E+00  0.3456E-03
     1    97     1     5        0  0.2895E-01  0.3418E-01  0.0000E+00  0.7254E-08
     1    98     1     1        0  0.0000E+00  0.7626E+01  0.2357E+04  0.1000E+03
     1    98     1     2        0  0.1558E+05  0.6310E-05  0.2414E-01  0.1068E-02
     1    98     1     3        0  0.1647E+00  0.9602E+01  0.0000E+00  0.1538E-09
     1    98     1     4        0  0.3604E+01  0.1099E-03  0.0000E+00  0.6488E-03
     1    98     1     5        0  0.9338E-01  0.3434E-01  0.0000E+00  0.6419E-08
     1    99     1     1        0  0.0000E+00  0.7999E+01  0.1777E+04  0.1000E+03
     1    99     1     2        0  0.1120E+05  0.3782E-04  0.3631E-01  0.2778E-02
     1    99     1     3        0  0.2472E+00  0.7120E+01  0.0000E+00  0.2481E-09
     1    99     1     4        0  0.2076E+01  0.1317E-03  0.0000E+00  0.5629E-03
     1    99     1     5        0  0.5200E-01  0.2571E-01  0.0000E+00  0.1209E-07
     1   100     1     1        0  0.0000E+00  0.2482E+02  0.4502E+03  0.1000E+03
     1   100     1     2        0  0.3052E+04  0.9369E-04  0.0000E+00  0.1124E-03
     1   100     1     3        0  0.7642E-02  0.4442E+00  0.0000E+00  0.8402E-10
     1   101     1     1        0  0.0000E+00  0.1000E+03  0.1586E+04  0.1000E+03
     1   101     1     2        0  0.9935E+04  0.1609E-03  0.0000E+00  0.1069E-02
     1   101     1     3        0  0.1086E+00  0.3393E+02  0.0000E+00  0.7323E-10
     1   101     1     4        0  0.1820E+01  0.3126E-03  0.0000E+00  0.4075E-03
     1   101     1     5        0  0.4069E-01  0.1200E+00  0.0000E+00  0.4093E-08
     1   102     1     1        0  0.0000E+00  0.3628E+02  0.2360E+04  0.1000E+03
     1   102     1     2        0  0.1539E+05  0.1254E-03  0.0000E+00  0.3382E-03
     1   102     1     3        0  0.4971E-01  0.2310E+02  0.0000E+00  0.9748E-10
     1   102     1     4        0  0.3661E+01  0.1114E-03  0.0000E+00  0.6653E-03
     1   102     1     5        0  0.9300E-01  0.8376E-01  0.0000E+00  0.2063E-08
     1   103     1     1        0  0.0000E+00  0.8215E+01  0.1547E+04  0.1000E+03
     1   103     1     2        0  0.9410E+04  0.1085E-04  0.0000E+00  0.8909E-03
     1   103     1     3        0  0.6702E-01  0.9393E+01  0.0000E+00  0.1559E-09
     1   103     1     4        0  0.1622E+01  0.6437E-04  0.0000E+00  0.4862E-03
     1   103     1     5        0  0.3849E-01  0.3420E-01  0.0000E+00  0.3471E-08
     1   104     1     1        0  0.0000E+00  0.1187E+02  0.4820E+03  0.1000E+03
     1   104     1     2        0  0.3165E+04  0.8687E-04  0.0000E+00  0.1187E-04
     1   104     1     3        0  0.6752E-03  0.1404E+01  0.0000E+00  0.6646E-10
     1   104     1     4        0  0.2792E-01  0.3374E-05  0.0000E+00  0.1204E-04
     1   105     1     1        0  0.0000E+00  0.3230E+02  0.1778E+04  0.1000E+03
     1   105     1     2        0  0.1123E+05  0.1308E-03  0.0000E+00  0.2876E-03
     1   105     1     3        0  0.3893E-01  0.1740E+02  0.0000E+00  0.9366E-10
     1   105     1     4        0  0.2235E+01  0.1746E-04  0.0000E+00  0.4666E-03
     1   105     1     5        0  0.5195E-01  0.6209E-01  0.0000E+00  0.1252E-08
     1   106     1     1        0  0.0000E+00  0.6607E+02  0.2305E+04  0.1000E+03
     1   106     1     2        0  0.1485E+05  0.2060E-03  0.3940E-01  0.1943E-02
     1   106     1     3        0  0.2633E+00  0.4781E+02  0.0000E+00  0.7195E-10
     1   106     1     4        0  0.3513E+01  0.8083E-03  0.0000E+00  0.6735E-03
     1   106     1     5        0  0.8882E-01  0.1739E+00  0.0000E+00  0.1099E-07
     1   107     1     1        0  0.0000E+00  0.1000E+03  0.1275E+04  0.1000E+03
     1   107     1     2        0  0.7395E+04  0.6886E-04  0.0000E+00  0.1144E-02
     1   107     1     3        0  0.7526E-01  0.7966E+02  0.0000E+00  0.6889E-10
     1   107     1     4        0  0.1149E+01  0.8245E-03  0.0000E+00  0.3853E-03
     1   107     1     5        0  0.2566E-01  0.2886E+00  0.0000E+00  0.3775E-08
     1   108     1     1        0  0.0000E+00  0.7958E+02  0.4870E+03  0.1000E+03
     1   108     1     2        0  0.3179E+04  0.1371E-03  0.0000E+00  0.6060E-03
     1   108     1     3        0  0.3823E-01  0.9007E+02  0.0000E+00  0.6576E-10
     1   108     1     4        0  0.1660E+00  0.1065E-02  0.0000E+00  0.2517E-04
     1   109     1     1        0  0.0000E+00  0.5879E+02  0.1955E+04  0.1000E+03
     1   109     1     2        0  0.1233E+05  0.5231E-04  0.2812E-01  0.1364E-02
     1   109     1     3        0  0.1862E+00  0.9680E+02  0.0000E+00  0.7294E-10
     1   109     1     4        0  0.2642E+01  0.1519E-02  0.0000E+00  0.5242E-03
     1   109     1     5        0  0.6279E-01  0.3520E+00  0.0000E+00  0.6946E-08
     1   110     1     1        0  0.0000E+00  0.2936E+02  0.2229E+04  0.1000E+03
     1   110     1     2        0  0.1412E+05  0.3765E-04  0.6191E-01  0.3300E-02
     1   110     1     3        0  0.4099E+00  0.4143E+02  0.0000E+00  0.1457E-09
     1   110     1     4        0  0.3313E+01  0.9240E-03  0.0000E+00  0.6763E-03
     1   110     1     5        0  0.8241E-01  0.1540E+00  0.0000E+00  0.1831E-07
     1   111     1     1        0  0.0000E+00  0.9262E+01  0.1002E+04  0.1000E+03
     1   111     1     2        0  0.5381E+04  0.1740E-04  0.1995E-01  0.2410E-02
     1   111     1     3        0  0.1315E+00  0.1033E+02  0.0000E+00  0.1248E-09
     1   111     1     4        0  0.7740E+00  0.1879E-03  0.0000E+00  0.2553E-03
     1   111     1     5        0  0.1510E-01  0.3804E-01  0.0000E+00  0.6310E-08
     1   112     1     1        0  0.0000E+00  0.4487E+01  0.6412E+03  0.1000E+03
     1   112     1     2        0  0.3094E+04  0.3421E-05  0.0000E+00  0.1783E-02
     1   112     1     3        0  0.1062E+00  0.4782E+01  0.0000E+00  0.7339E-10
     1   112     1     4        0  0.3669E+00  0.1043E-03  0.0000E+00  0.1089E-03
     1   113     1     1        0  0.0000E+00  0.7495E+01  0.2076E+04  0.1000E+03
     1   113     1     2        0  0.1307E+05  0.1823E-04  0.4198E-01  0.1999E-02
     1   113     1     3        0  0.2757E+00  0.1347E+02  0.0000E+00  0.1569E-09
     1   113     1     4        0  0.2868E+01  0.1782E-03  0.0000E+00  0.5724E-03
     1   113     1     5        0  0.7141E-01  0.5014E-01  0.0000E+00  0.1078E-07
     1   114     1     1        0  0.0000E+00  0.2486E+02  0.2098E+04  0.1000E+03
     1   114     1     2        0  0.1307E+05  0.3662E-04  0.6874E-01  0.4104E-02
     1   114     1     3        0  0.4511E+00  0.2336E+02  0.0000E+00  0.2904E-09
     1   114     1     4        0  0.2889E+01  0.6861E-03  0.0000E+00  0.6696E-03
     1   114     1     5        0  0.7299E-01  0.8820E-01  0.0000E+00  0.2178E-07
     1   115     1     1        0  0.0000E+00  0.9674E+02  0.6981E+03  0.1000E+03
     1   115     1     2        0  0.3205E+04  0.2189E-03  0.0000E+00  0.2547E-02
     1   115     1     3        0  0.1172E+00  0.2758E+02  0.0000E+00  0.2598E-09
     1   115     1     4        0  0.4043E+00  0.6258E-03  0.0000E+00  0.1299E-03
     1   116     1     1        0  0.0000E+00  0.1786E+02  0.9317E+03  0.1000E+03
     1   116     1     2        0  0.4889E+04  0.8375E-04  0.2524E-01  0.2931E-02
     1   116     1     3        0  0.1644E+00  0.6409E+01  0.0000E+00  0.1972E-09
     1   116     1     4        0  0.6882E+00  0.1269E-03  0.0000E+00  0.2553E-03
     1   116     1     5        0  0.1279E-01  0.2384E-01  0.0000E+00  0.7161E-08
     1   117     1     1        0  0.0000E+00  0.6334E+01  0.2176E+04  0.1000E+03
     1   117     1     2        0  0.1361E+05  0.7392E-05  0.4263E-01  0.1996E-02
     1   117     1     3        0  0.2776E+00  0.9154E+01  0.0000E+00  0.1442E-09
     1   117     1     4        0  0.3110E+01  0.1576E-03  0.0000E+00  0.6128E-03
     1   117     1     5        0  0.7826E-01  0.3456E-01  0.0000E+00  0.1135E-07
     1   118     1     1        0  0.0000E+00  0.9323E+01  0.1951E+04  0.1000E+03
     1   118     1     2        0  0.1188E+05  0.2075E-04  0.6073E-01  0.4085E-02
     1   118     1     3        0  0.3952E+00  0.8616E+01  0.0000E+00  0.2688E-09
     1   118     1     4        0  0.2490E+01  0.2541E-03  0.0000E+00  0.6418E-03
     1   118     1     5        0  0.6233E-01  0.3274E-01  0.0000E+00  0.2034E-07
     1   119     1     1        0  0.0000E+00  0.2981E+02  0.4629E+03  0.1000E+03
     1   119     1     2        0  0.3007E+04  0.3864E-04  0.0000E+00  0.1760E-02
     1   119     1     3        0  0.6573E-01  0.3910E+01  0.0000E+00  0.2902E-09
     1   119     1     4        0  0.1626E+00  0.8880E-04  0.0000E+00  0.3989E-04
     1   120     1     1        0  0.0000E+00  0.1000E+03  0.1182E+04  0.1000E+03
     1   120     1     2        0  0.6635E+04  0.4540E-04  0.2761E-01  0.2431E-02
     1   120     1     3        0  0.1783E+00  0.2760E+02  0.0000E+00  0.1632E-09
     1   120     1     4        0  0.1051E+01  0.4765E-03  0.0000E+00  0.3234E-03
     1   120     1     5        0  0.2171E-01  0.1024E+00  0.0000E+00  0.7521E-08
     1   121     1     1        0  0.0000E+00  0.2275E+02  0.2220E+04  0.1000E+03
     1   121     1     2        0  0.1380E+05  0.1452E-04  0.2940E-01  0.1376E-02
     1   121     1     3        0  0.1899E+00  0.1498E+02  0.0000E+00  0.8334E-10
     1   121     1     4        0  0.3219E+01  0.1255E-03  0.0000E+00  0.6420E-03
     1   121     1     5        0  0.8180E-01  0.5702E-01  0.0000E+00  0.8122E-08
     1   122     1     1        0  0.0000E+00  0.6832E+01  0.1755E+04  0.1000E+03
     1   122     1     2        0  0.1041E+05  0.9227E-05  0.4177E-01  0.3225E-02
     1   122     1     3        0  0.2695E+00  0.8432E+01  0.0000E+00  0.1521E-09
     1   122     1     4        0  0.2017E+01  0.2006E-03  0.0000E+00  0.5888E-03
     1   122     1     5        0  0.5015E-01  0.3252E-01  0.0000E+00  0.1459E-07
     1   123     1     1        0  0.0000E+00  0.1279E+02  0.4573E+03  0.1000E+03
     1   123     1     2        0  0.2946E+04  0.3287E-04  0.0000E+00  0.3431E-03
     1   123     1     3        0  0.1498E-01  0.8562E+00  0.0000E+00  0.9151E-10
     1   124     1     1        0  0.0000E+00  0.3903E+02  0.1424E+04  0.1000E+03
     1   124     1     2        0  0.8266E+04  0.1295E-03  0.1986E-01  0.1459E-02
     1   124     1     3        0  0.1273E+00  0.1490E+02  0.0000E+00  0.1932E-09
     1   124     1     4        0  0.1507E+01  0.2051E-03  0.0000E+00  0.3875E-03
     1   124     1     5        0  0.3213E-01  0.5635E-01  0.0000E+00  0.5332E-08
     1   125     1     1        0  0.0000E+00  0.1000E+03  0.2241E+04  0.1000E+03
     1   125     1     2        0  0.1381E+05  0.5496E-03  0.0000E+00  0.2008E-03
     1   125     1     3        0  0.2641E-01  0.6037E+02  0.0000E+00  0.9037E-10
     1   125     1     4        0  0.3340E+01  0.8429E-04  0.0000E+00  0.6622E-03
     1   125     1     5        0  0.8306E-01  0.2330E+00  0.0000E+00  0.1230E-08
     1   126     1     1        0  0.0000E+00  0.3932E+02  0.1548E+04  0.1000E+03
     1   126     1     2        0  0.8890E+04  0.6068E-04  0.0000E+00  0.1605E-02
     1   126     1     3        0  0.1108E+00  0.3189E+02  0.0000E+00  0.7611E-10
     1   126     1     4        0  0.1638E+01  0.2111E-03  0.0000E+00  0.5265E-03
     1   126     1     5        0  0.3826E-01  0.1236E+00  0.0000E+00  0.6434E-08
     1   127     1     1        0  0.0000E+00  0.6186E+01  0.4833E+03  0.1000E+03
     1   127     1     2        0  0.3024E+04  0.2715E-04  0.0000E+00  0.3090E-04
     1   127     1     3        0  0.1780E-02  0.1362E+01  0.0000E+00  0.7149E-10
     1   127     1     4        0  0.5248E-02  0.3395E-05  0.0000E+00  0.1218E-04
     1   128     1     1        0  0.0000E+00  0.2440E+02  0.1622E+04  0.1000E+03
     1   128     1     2        0  0.9594E+04  0.5206E-04  0.0000E+00  0.1811E-03
     1   128     1     3        0  0.1562E-01  0.2467E+02  0.0000E+00  0.4144E-10
     1   128     1     4        0  0.1878E+01  0.9696E-04  0.0000E+00  0.4456E-03
     1   128     1     5        0  0.4256E-01  0.9389E-01  0.0000E+00  0.7814E-09
     1   129     1     1        0  0.0000E+00  0.2629E+02  0.2209E+04  0.1000E+03
     1   129     1     2        0  0.1350E+05  0.1457E-03  0.2782E-01  0.1434E-02
     1   129     1     3        0  0.1773E+00  0.3277E+02  0.0000E+00  0.6689E-10
     1   129     1     4        0  0.3243E+01  0.4194E-03  0.0000E+00  0.6719E-03
     1   129     1     5        0  0.8089E-01  0.1270E+00  0.0000E+00  0.8182E-08
     1   130     1     1        0  0.0000E+00  0.1526E+02  0.1302E+04  0.1000E+03
     1   130     1     2        0  0.7169E+04  0.1432E-04  0.0000E+00  0.6053E-03
     1   130     1     3        0  0.3667E-01  0.1689E+02  0.0000E+00  0.1260E-09
     1   130     1     4        0  0.1204E+01  0.4220E-04  0.0000E+00  0.4294E-03
     1   130     1     5        0  0.2659E-01  0.6512E-01  0.0000E+00  0.1936E-08
     1   131     1     1        0  0.0000E+00  0.3323E+01  0.4862E+03  0.1000E+03
     1   131     1     2        0  0.3034E+04  0.2206E-05  0.0000E+00  0.3152E-03
     1   131     1     3        0  0.1825E-01  0.3662E+01  0.0000E+00  0.6236E-10
     1   131     1     4        0  0.8888E-01  0.2101E-04  0.0000E+00  0.1231E-04
     1   132     1     1        0  0.0000E+00  0.1093E+02  0.1805E+04  0.1000E+03
     1   132     1     2        0  0.1075E+05  0.1534E-04  0.2092E-01  0.1072E-02
     1   132     1     3        0  0.1323E+00  0.2080E+02  0.0000E+00  0.7741E-10
     1   132     1     4        0  0.2246E+01  0.2132E-03  0.0000E+00  0.5055E-03
     1   132     1     5        0  0.5296E-01  0.7958E-01  0.0000E+00  0.5353E-08
     1   133     1     1        0  0.0000E+00  0.4175E+02  0.2153E+04  0.1000E+03
     1   133     1     2        0  0.1299E+05  0.1490E-03  0.5385E-01  0.2946E-02
     1   133     1     3        0  0.3408E+00  0.5506E+02  0.0000E+00  0.2720E-09
     1   133     1     4        0  0.3071E+01  0.1313E-02  0.0000E+00  0.6778E-03
     1   133     1     5        0  0.7646E-01  0.2146E+00  0.0000E+00  0.1651E-07
     1   134     1     1        0  0.0000E+00  0.3371E+02  0.1050E+04  0.1000E+03
     1   134     1     2        0  0.5408E+04  0.7947E-04  0.0000E+00  0.2238E-02
     1   134     1     3        0  0.1141E+00  0.1974E+02  0.0000E+00  0.3391E-09
     1   134     1     4        0  0.8285E+00  0.2566E-03  0.0000E+00  0.3127E-03
     1   134     1     5        0  0.1658E-01  0.7645E-01  0.0000E+00  0.6447E-08
     1   135     1     1        0  0.0000E+00  0.1148E+02  0.5095E+03  0.1000E+03
     1   135     1     2        0  0.2964E+04  0.4262E-04  0.0000E+00  0.1353E-02
     1   135     1     3        0  0.7540E-01  0.3771E+01  0.0000E+00  0.7683E-10
     1   135     1     4        0  0.2491E+00  0.7972E-04  0.0000E+00  0.6996E-04
     1   136     1     1        0  0.0000E+00  0.5681E+01  0.1938E+04  0.1000E+03
     1   136     1     2        0  0.1158E+05  0.7858E-05  0.3770E-01  0.1908E-02
     1   136     1     3        0  0.2371E+00  0.9047E+01  0.0000E+00  0.1269E-09
     1   136     1     4        0  0.2495E+01  0.1614E-03  0.0000E+00  0.5568E-03
     1   136     1     5        0  0.6171E-01  0.3537E-01  0.0000E+00  0.1009E-07
     1   137     1     1        0  0.0000E+00  0.1082E+02  0.2047E+04  0.1000E+03
     1   137     1     2        0  0.1218E+05  0.3249E-04  0.6589E-01  0.3976E-02
     1   137     1     3        0  0.4144E+00  0.1068E+02  0.0000E+00  0.2018E-09
     1   137     1     4        0  0.2718E+01  0.3120E-03  0.0000E+00  0.6741E-03
     1   137     1     5        0  0.6906E-01  0.4233E-01  0.0000E+00  0.2147E-07
     1   138     1     1        0  0.0000E+00  0.3822E+02  0.7666E+03  0.1000E+03
     1   138     1     2        0  0.3480E+04  0.1145E-03  0.1917E-01  0.2755E-02
     1   138     1     3        0  0.1201E+00  0.9578E+01  0.0000E+00  0.1540E-09
     1   138     1     4        0  0.4565E+00  0.2029E-03  0.0000E+00  0.1699E-03
     1   139     1     1        0  0.0000E+00  0.7213E+02  0.7941E+03  0.1000E+03
     1   139     1     2        0  0.3720E+04  0.2900E-03  0.2188E-01  0.2589E-02
     1   139     1     3        0  0.1367E+00  0.1599E+02  0.0000E+00  0.1360E-09
     1   139     1     4        0  0.5299E+00  0.3728E-03  0.0000E+00  0.1937E-03
     1   139     1     5        0  0.8841E-02  0.6223E-01  0.0000E+00  0.5683E-08
     1   140     1     1        0  0.0000E+00  0.1619E+02  0.2050E+04  0.1000E+03
     1   140     1     2        0  0.1223E+05  0.3728E-04  0.4298E-01  0.2126E-02
     1   140     1     3        0  0.2687E+00  0.1156E+02  0.0000E+00  0.1099E-09
     1   140     1     4        0  0.2786E+01  0.2003E-03  0.0000E+00  0.6004E-03
     1   140     1     5        0  0.6904E-01  0.4574E-01  0.0000E+00  0.1187E-07
     1   141     1     1        0  0.0000E+00  0.6297E+01  0.1920E+04  0.1000E+03
     1   141     1     2        0  0.1121E+05  0.1007E-04  0.6302E-01  0.4289E-02
     1   141     1     3        0  0.3939E+00  0.8427E+01  0.0000E+00  0.1902E-09
     1   141     1     4        0  0.2404E+01  0.2535E-03  0.0000E+00  0.6599E-03
     1   141     1     5        0  0.6018E-01  0.3369E-01  0.0000E+00  0.2188E-07
     1   142     1     1        0  0.0000E+00  0.1417E+02  0.4865E+03  0.1000E+03
     1   142     1     2        0  0.2898E+04  0.3716E-04  0.0000E+00  0.2215E-02
     1   142     1     3        0  0.8006E-01  0.2934E+01  0.0000E+00  0.2320E-09
     1   142     1     4        0  0.2092E+00  0.7079E-04  0.0000E+00  0.6729E-04
     1   143     1     1        0  0.0000E+00  0.5114E+02  0.1044E+04  0.1000E+03
     1   143     1     2        0  0.5423E+04  0.3400E-04  0.2693E-01  0.2729E-02
     1   143     1     3        0  0.1674E+00  0.1388E+02  0.0000E+00  0.1912E-09
     1   143     1     4        0  0.8596E+00  0.2807E-03  0.0000E+00  0.3001E-03
     1   143     1     5        0  0.1650E-01  0.5382E-01  0.0000E+00  0.7810E-08
     1   144     1     1        0  0.0000E+00  0.1000E+03  0.2111E+04  0.1000E+03
     1   144     1     2        0  0.1256E+05  0.2477E-03  0.3495E-01  0.1716E-02
     1   144     1     3        0  0.2172E+00  0.5380E+02  0.0000E+00  0.1397E-09
     1   144     1     4        0  0.2961E+01  0.8729E-03  0.0000E+00  0.6333E-03
     1   144     1     5        0  0.7359E-01  0.2126E+00  0.0000E+00  0.1002E-07
     1   145     1     1        0  0.0000E+00  0.1864E+02  0.1748E+04  0.1000E+03
     1   145     1     2        0  0.9977E+04  0.1104E-04  0.4795E-01  0.3695E-02
     1   145     1     3        0  0.2979E+00  0.1656E+02  0.0000E+00  0.9006E-10
     1   145     1     4        0  0.2021E+01  0.3947E-03  0.0000E+00  0.6114E-03
     1   145     1     5        0  0.4959E-01  0.6622E-01  0.0000E+00  0.1734E-07
     1   146     1     1        0  0.0000E+00  0.6646E+01  0.4583E+03  0.1000E+03
     1   146     1     2        0  0.2849E+04  0.1429E-04  0.0000E+00  0.8048E-03
     1   146     1     3        0  0.2875E-01  0.2032E+01  0.0000E+00  0.9277E-10
     1   146     1     4        0  0.5050E-01  0.3799E-04  0.0000E+00  0.1554E-04
     1   147     1     1        0  0.0000E+00  0.2311E+02  0.1286E+04  0.1000E+03
     1   147     1     2        0  0.7026E+04  0.2945E-04  0.2320E-01  0.1891E-02
     1   147     1     3        0  0.1434E+00  0.1347E+02  0.0000E+00  0.6270E-10
     1   147     1     4        0  0.1258E+01  0.1820E-03  0.0000E+00  0.3661E-03
     1   147     1     5        0  0.2582E-01  0.5305E-01  0.0000E+00  0.6552E-08
     1   148     1     1        0  0.0000E+00  0.3949E+02  0.2148E+04  0.1000E+03
     1   148     1     2        0  0.1271E+05  0.4322E-04  0.0000E+00  0.6952E-03
     1   148     1     3        0  0.8923E-01  0.3170E+02  0.0000E+00  0.3270E-10
     1   148     1     4        0  0.3104E+01  0.1703E-03  0.0000E+00  0.6571E-03
     1   148     1     5        0  0.7605E-01  0.1273E+00  0.0000E+00  0.4256E-08
     1   149     1     1        0  0.0000E+00  0.3822E+02  0.1560E+04  0.1000E+03
     1   149     1     2        0  0.8640E+04  0.1475E-03  0.2559E-01  0.2321E-02
     1   149     1     3        0  0.1581E+00  0.3506E+02  0.0000E+00  0.9490E-10
     1   149     1     4        0  0.1684E+01  0.5108E-03  0.0000E+00  0.5535E-03
     1   149     1     5        0  0.3886E-01  0.1413E+00  0.0000E+00  0.9721E-08
     1   150     1     1        0  0.0000E+00  0.1138E+02  0.4637E+03  0.1000E+03
     1   150     1     2        0  0.2865E+04  0.1790E-04  0.0000E+00  0.7387E-04
     1   150     1     3        0  0.4755E-02  0.8620E+00  0.0000E+00  0.6201E-10
     1   151     1     1        0  0.0000E+00  0.2944E+02  0.1489E+04  0.1000E+03
     1   151     1     2        0  0.8374E+04  0.4858E-04  0.0000E+00  0.6618E-03
     1   151     1     3        0  0.5456E-01  0.5735E+02  0.0000E+00  0.7524E-10
     1   151     1     4        0  0.1589E+01  0.1720E-03  0.0000E+00  0.4246E-03
     1   151     1     5        0  0.3553E-01  0.2267E+00  0.0000E+00  0.2643E-08
     1   152     1     1        0  0.0000E+00  0.8572E+02  0.2134E+04  0.1000E+03
     1   152     1     2        0  0.1256E+05  0.1935E-03  0.0000E+00  0.8483E-03
     1   152     1     3        0  0.9668E-01  0.1000E+03  0.0000E+00  0.1509E-09
     1   152     1     4        0  0.3028E+01  0.5000E-03  0.0000E+00  0.6693E-03
     1   152     1     5        0  0.7534E-01  0.4028E+00  0.0000E+00  0.4916E-08
     1   153     1     1        0  0.0000E+00  0.1778E+02  0.1334E+04  0.1000E+03
     1   153     1     2        0  0.7117E+04  0.3428E-04  0.0000E+00  0.2206E-03
     1   153     1     3        0  0.1447E-01  0.1964E+02  0.0000E+00  0.1920E-09
     1   153     1     4        0  0.1261E+01  0.4296E-04  0.0000E+00  0.4698E-03
     1   153     1     5        0  0.2801E-01  0.7892E-01  0.0000E+00  0.9281E-09
     1   154     1     1        0  0.0000E+00  0.6510E+01  0.4829E+03  0.1000E+03
     1   154     1     2        0  0.2914E+04  0.6728E-05  0.0000E+00  0.1018E-03
     1   154     1     3        0  0.5493E-02  0.1624E+01  0.0000E+00  0.6135E-10
     1   154     1     4        0  0.4109E-01  0.1098E-04  0.0000E+00  0.1247E-04
     1   155     1     1        0  0.0000E+00  0.5359E+01  0.1678E+04  0.1000E+03
     1   155     1     2        0  0.9568E+04  0.9222E-05  0.0000E+00  0.6959E-03
     1   155     1     3        0  0.7864E-01  0.9777E+01  0.0000E+00  0.8815E-10
     1   155     1     4        0  0.1940E+01  0.5530E-04  0.0000E+00  0.4855E-03
     1   155     1     5        0  0.4550E-01  0.3877E-01  0.0000E+00  0.3283E-08
     1   156     1     1        0  0.0000E+00  0.1289E+02  0.2096E+04  0.1000E+03
     1   156     1     2        0  0.1222E+05  0.2154E-04  0.4427E-01  0.2463E-02
     1   156     1     3        0  0.2711E+00  0.1462E+02  0.0000E+00  0.1846E-09
     1   156     1     4        0  0.2888E+01  0.2717E-03  0.0000E+00  0.6775E-03
     1   156     1     5        0  0.7240E-01  0.5880E-01  0.0000E+00  0.1390E-07
     1   157     1     1        0  0.0000E+00  0.6076E+02  0.1100E+04  0.1000E+03
     1   157     1     2        0  0.5541E+04  0.1591E-03  0.0000E+00  0.1786E-02
     1   157     1     3        0  0.8983E-01  0.2559E+02  0.0000E+00  0.4859E-09
     1   157     1     4        0  0.8807E+00  0.2926E-03  0.0000E+00  0.3641E-03
     1   157     1     5        0  0.1835E-01  0.1022E+00  0.0000E+00  0.5571E-08
     1   158     1     1        0  0.0000E+00  0.3767E+02  0.4743E+03  0.1000E+03
     1   158     1     2        0  0.2856E+04  0.1514E-03  0.0000E+00  0.9264E-03
     1   158     1     3        0  0.4916E-01  0.5732E+01  0.0000E+00  0.1104E-09
     1   158     1     4        0  0.1693E+00  0.1126E-03  0.0000E+00  0.3994E-04
     1   159     1     1        0  0.0000E+00  0.1171E+02  0.1822E+04  0.1000E+03
     1   159     1     2        0  0.1047E+05  0.5640E-05  0.3179E-01  0.1690E-02
     1   159     1     3        0  0.1937E+00  0.9427E+01  0.0000E+00  0.1308E-09
     1   159     1     4        0  0.2225E+01  0.1782E-03  0.0000E+00  0.5396E-03
     1   159     1     5        0  0.5428E-01  0.3791E-01  0.0000E+00  0.8720E-08
     1   160     1     1        0  0.0000E+00  0.5931E+01  0.2010E+04  0.1000E+03
     1   160     1     2        0  0.1158E+05  0.9577E-05  0.6124E-01  0.3701E-02
     1   160     1     3        0  0.3732E+00  0.8691E+01  0.0000E+00  0.1934E-09
     1   160     1     4        0  0.2614E+01  0.2590E-03  0.0000E+00  0.6768E-03
     1   160     1     5        0  0.6656E-01  0.3553E-01  0.0000E+00  0.2033E-07
     1   161     1     1        0  0.0000E+00  0.1599E+02  0.8341E+03  0.1000E+03
     1   161     1     2        0  0.3796E+04  0.7368E-04  0.1928E-01  0.2767E-02
     1   161     1     3        0  0.1172E+00  0.5000E+01  0.0000E+00  0.1674E-09
     1   161     1     4        0  0.5144E+00  0.1101E-03  0.0000E+00  0.2209E-03
     1   161     1     5        0  0.1002E-01  0.2018E-01  0.0000E+00  0.6598E-08
     1   162     1     1        0  0.0000E+00  0.7506E+02  0.6708E+03  0.1000E+03
     1   162     1     2        0  0.2863E+04  0.3183E-03  0.1802E-01  0.2154E-02
     1   162     1     3        0  0.1093E+00  0.1413E+02  0.0000E+00  0.1343E-09
     1   162     1     4        0  0.4128E+00  0.2971E-03  0.0000E+00  0.1412E-03
     1   163     1     1        0  0.0000E+00  0.5628E+02  0.1944E+04  0.1000E+03
     1   163     1     2        0  0.1120E+05  0.1568E-03  0.4125E-01  0.2135E-02
     1   163     1     3        0  0.2503E+00  0.2840E+02  0.0000E+00  0.1068E-09
     1   163     1     4        0  0.2555E+01  0.5044E-03  0.0000E+00  0.5865E-03
     1   163     1     5        0  0.6196E-01  0.1152E+00  0.0000E+00  0.1172E-07
     1   164     1     1        0  0.0000E+00  0.1214E+02  0.1902E+04  0.1000E+03
     1   164     1     2        0  0.1079E+05  0.9535E-05  0.6355E-01  0.4289E-02
     1   164     1     3        0  0.3856E+00  0.1249E+02  0.0000E+00  0.1076E-09
     1   164     1     4        0  0.2378E+01  0.3089E-03  0.0000E+00  0.6678E-03
     1   164     1     5        0  0.5908E-01  0.5136E-01  0.0000E+00  0.2238E-07
     1   165     1     1        0  0.0000E+00  0.7501E+01  0.5676E+03  0.1000E+03
     1   165     1     2        0  0.2803E+04  0.2285E-04  0.0000E+00  0.2554E-02
     1   165     1     3        0  0.9134E-01  0.3725E+01  0.0000E+00  0.2017E-09
     1   165     1     4        0  0.2675E+00  0.9150E-04  0.0000E+00  0.9997E-04
     1   166     1     1        0  0.0000E+00  0.2455E+02  0.9210E+03  0.1000E+03
     1   166     1     2        0  0.4452E+04  0.8416E-04  0.2508E-01  0.2934E-02
     1   166     1     3        0  0.1515E+00  0.8673E+01  0.0000E+00  0.1468E-09
     1   166     1     4        0  0.7008E+00  0.1867E-03  0.0000E+00  0.2759E-03
     1   166     1     5        0  0.1251E-01  0.3472E-01  0.0000E+00  0.7659E-08
     1   167     1     1        0  0.0000E+00  0.6233E+02  0.2019E+04  0.1000E+03
     1   167     1     2        0  0.1164E+05  0.2839E-03  0.3823E-01  0.1949E-02
     1   167     1     3        0  0.2311E+00  0.3768E+02  0.0000E+00  0.7461E-10
     1   167     1     4        0  0.2760E+01  0.5717E-03  0.0000E+00  0.6229E-03
     1   167     1     5        0  0.6729E-01  0.1531E+00  0.0000E+00  0.1118E-07
     1   168     1     1        0  0.0000E+00  0.1000E+03  0.1749E+04  0.1000E+03
     1   168     1     2        0  0.9729E+04  0.2283E-03  0.5269E-01  0.4027E-02
     1   168     1     3        0  0.3183E+00  0.7677E+02  0.0000E+00  0.6427E-10
     1   168     1     4        0  0.2057E+01  0.2103E-02  0.0000E+00  0.6317E-03
     1   168     1     5        0  0.4975E-01  0.3145E+00  0.0000E+00  0.1951E-07
     1   169     1     1        0  0.0000E+00  0.2767E+02  0.4565E+03  0.1000E+03
     1   169     1     2        0  0.2762E+04  0.3752E-04  0.0000E+00  0.1420E-02
     1   169     1     3        0  0.4338E-01  0.1495E+02  0.0000E+00  0.1059E-09
     1   169     1     4        0  0.9255E-01  0.2653E-03  0.0000E+00  0.1640E-04
     1   170     1     1        0  0.0000E+00  0.2703E+02  0.1164E+04  0.1000E+03
     1   170     1     2        0  0.6035E+04  0.7386E-04  0.2484E-01  0.2249E-02
     1   170     1     3        0  0.1494E+00  0.3840E+02  0.0000E+00  0.5920E-10
     1   170     1     4        0  0.1044E+01  0.7863E-03  0.0000E+00  0.3437E-03
     1   170     1     5        0  0.2086E-01  0.1548E+00  0.0000E+00  0.7347E-08
     1   171     1     1        0  0.0000E+00  0.3247E+02  0.2070E+04  0.1000E+03
     1   171     1     2        0  0.1189E+05  0.7208E-04  0.2254E-01  0.1131E-02
     1   171     1     3        0  0.1357E+00  0.4703E+02  0.0000E+00  0.8115E-10
     1   171     1     4        0  0.2901E+01  0.2966E-03  0.0000E+00  0.6503E-03
     1   171     1     5        0  0.7068E-01  0.1933E+00  0.0000E+00  0.6777E-08
     1   172     1     1        0  0.0000E+00  0.1767E+02  0.1579E+04  0.1000E+03
     1   172     1     2        0  0.8550E+04  0.2726E-04  0.3295E-01  0.2911E-02
     1   172     1     3        0  0.1982E+00  0.2231E+02  0.0000E+00  0.1440E-09
     1   172     1     4        0  0.1732E+01  0.3513E-03  0.0000E+00  0.5766E-03
     1   172     1     5        0  0.3995E-01  0.9218E-01  0.0000E+00  0.1279E-07
     1   173     1     1        0  0.0000E+00  0.4035E+01  0.4610E+03  0.1000E+03
     1   173     1     2        0  0.2776E+04  0.1305E-04  0.0000E+00  0.1228E-03
     1   173     1     3        0  0.6604E-02  0.1374E+01  0.0000E+00  0.7195E-10
     1   173     1     4        0  0.1210E-01  0.1369E-04  0.0000E+00  0.1072E-04
     1   174     1     1        0  0.0000E+00  0.5614E+01  0.1371E+04  0.1000E+03
     1   174     1     2        0  0.7395E+04  0.1088E-04  0.0000E+00  0.1148E-02
     1   174     1     3        0  0.8755E-01  0.1134E+02  0.0000E+00  0.8167E-10
     1   174     1     4        0  0.1348E+01  0.8470E-04  0.0000E+00  0.4045E-03
     1   174     1     5        0  0.2991E-01  0.4602E-01  0.0000E+00  0.4359E-08
     1   175     1     1        0  0.0000E+00  0.1616E+02  0.2073E+04  0.1000E+03
     1   175     1     2        0  0.1187E+05  0.2768E-04  0.0000E+00  0.2512E-03
     1   175     1     3        0  0.2799E-01  0.2239E+02  0.0000E+00  0.1389E-09
     1   175     1     4        0  0.2843E+01  0.7328E-04  0.0000E+00  0.6663E-03
     1   175     1     5        0  0.7114E-01  0.9236E-01  0.0000E+00  0.1517E-08
     1   176     1     1        0  0.0000E+00  0.1000E+03  0.1370E+04  0.1000E+03
     1   176     1     2        0  0.7163E+04  0.3316E-03  0.0000E+00  0.1051E-02
     1   176     1     3        0  0.5876E-01  0.6568E+02  0.0000E+00  0.3666E-09
     1   176     1     4        0  0.1311E+01  0.2635E-03  0.0000E+00  0.5064E-03
     1   176     1     5        0  0.2972E-01  0.2709E+00  0.0000E+00  0.4069E-08
     1   177     1     1        0  0.0000E+00  0.2268E+02  0.4790E+03  0.1000E+03
     1   177     1     2        0  0.2818E+04  0.6197E-04  0.0000E+00  0.8060E-05
     1   177     1     3        0  0.4054E-03  0.1231E+01  0.0000E+00  0.7083E-10
     1   177     1     4        0  0.1463E-01  0.5923E-05  0.0000E+00  0.1259E-04
     1   178     1     1        0  0.0000E+00  0.8670E+01  0.1565E+04  0.1000E+03
     1   178     1     2        0  0.8620E+04  0.3558E-05  0.0000E+00  0.2303E-03
     1   178     1     3        0  0.2454E-01  0.8304E+01  0.0000E+00  0.1199E-09
     1   178     1     4        0  0.1703E+01  0.1440E-04  0.0000E+00  0.4645E-03
     1   178     1     5        0  0.3944E-01  0.3381E-01  0.0000E+00  0.9623E-09
     1   179     1     1        0  0.0000E+00  0.6264E+01  0.2051E+04  0.1000E+03
     1   179     1     2        0  0.1166E+05  0.2504E-04  0.3294E-01  0.1858E-02
     1   179     1     3        0  0.1968E+00  0.9626E+01  0.0000E+00  0.2531E-09
     1   179     1     4        0  0.2753E+01  0.1664E-03  0.0000E+00  0.6758E-03
     1   179     1     5        0  0.6941E-01  0.3970E-01  0.0000E+00  0.1049E-07
     1   180     1     1        0  0.0000E+00  0.1856E+02  0.1151E+04  0.1000E+03
     1   180     1     2        0  0.5731E+04  0.9711E-04  0.0000E+00  0.1120E-02
     1   180     1     3        0  0.5625E-01  0.8045E+01  0.0000E+00  0.3474E-09
     1   180     1     4        0  0.9358E+00  0.5050E-04  0.0000E+00  0.4049E-03
     1   180     1     5        0  0.2032E-01  0.3290E-01  0.0000E+00  0.3620E-08
     1   181     1     1        0  0.0000E+00  0.1000E+03  0.4708E+03  0.1000E+03
     1   181     1     2        0  0.2768E+04  0.4401E-03  0.0000E+00  0.5324E-03
     1   181     1     3        0  0.2716E-01  0.1044E+02  0.0000E+00  0.9601E-10
     1   181     1     4        0  0.1128E+00  0.1324E-03  0.0000E+00  0.1826E-04
     1   182     1     1        0  0.0000E+00  0.3376E+02  0.1719E+04  0.1000E+03
     1   182     1     2        0  0.9579E+04  0.5197E-04  0.2409E-01  0.1330E-02
     1   182     1     3        0  0.1433E+00  0.1641E+02  0.0000E+00  0.1283E-09
     1   182     1     4        0  0.2023E+01  0.1779E-03  0.0000E+00  0.5212E-03
     1   182     1     5        0  0.4821E-01  0.6690E-01  0.0000E+00  0.6728E-08
     1   183     1     1        0  0.0000E+00  0.8499E+01  0.1983E+04  0.1000E+03
     1   183     1     2        0  0.1116E+05  0.7336E-05  0.5411E-01  0.3263E-02
     1   183     1     3        0  0.3221E+00  0.1050E+02  0.0000E+00  0.1351E-09
     1   183     1     4        0  0.2562E+01  0.2472E-03  0.0000E+00  0.6781E-03
     1   183     1     5        0  0.6486E-01  0.4364E-01  0.0000E+00  0.1812E-07
     1   184     1     1        0  0.0000E+00  0.8471E+01  0.9004E+03  0.1000E+03
     1   184     1     2        0  0.4128E+04  0.4031E-04  0.1778E-01  0.2528E-02
     1   184     1     3        0  0.1056E+00  0.4849E+01  0.0000E+00  0.2346E-09
     1   184     1     4        0  0.5847E+00  0.6692E-04  0.0000E+00  0.2749E-03
     1   184     1     5        0  0.1192E-01  0.2001E-01  0.0000E+00  0.6739E-08
     1   185     1     1        0  0.0000E+00  0.2715E+02  0.5571E+03  0.1000E+03
     1   185     1     2        0  0.2774E+04  0.1546E-04  0.0000E+00  0.1656E-02
     1   185     1     3        0  0.8144E-01  0.5695E+01  0.0000E+00  0.9381E-10
     1   185     1     4        0  0.3163E+00  0.1160E-03  0.0000E+00  0.9759E-04
     1   186     1     1        0  0.0000E+00  0.1000E+03  0.1852E+04  0.1000E+03
     1   186     1     2        0  0.1037E+05  0.3001E-03  0.3714E-01  0.1995E-02
     1   186     1     3        0  0.2203E+00  0.4926E+02  0.0000E+00  0.1066E-09
     1   186     1     4        0  0.2369E+01  0.9151E-03  0.0000E+00  0.5711E-03
     1   186     1     5        0  0.5616E-01  0.2031E+00  0.0000E+00  0.1072E-07
     1   187     1     1        0  0.0000E+00  0.5681E+02  0.1891E+04  0.1000E+03
     1   187     1     2        0  0.1050E+05  0.6457E-04  0.6160E-01  0.4104E-02
     1   187     1     3        0  0.3654E+00  0.4094E+02  0.0000E+00  0.5134E-10
     1   187     1     4        0  0.2388E+01  0.1203E-02  0.0000E+00  0.6730E-03
     1   187     1     5        0  0.5857E-01  0.1711E+00  0.0000E+00  0.2183E-07
     1   188     1     1        0  0.0000E+00  0.1065E+02  0.6457E+03  0.1000E+03
     1   188     1     2        0  0.2721E+04  0.1105E-04  0.0000E+00  0.2713E-02
     1   188     1     3        0  0.9723E-01  0.8684E+01  0.0000E+00  0.1194E-09
     1   188     1     4        0  0.3399E+00  0.2056E-03  0.0000E+00  0.1368E-03
     1   189     1     1        0  0.0000E+00  0.1714E+02  0.8077E+03  0.1000E+03
     1   189     1     2        0  0.3626E+04  0.2835E-04  0.2207E-01  0.2832E-02
     1   189     1     3        0  0.1304E+00  0.1155E+02  0.0000E+00  0.6938E-10
     1   189     1     4        0  0.5592E+00  0.2821E-03  0.0000E+00  0.2357E-03
     1   189     1     5        0  0.9337E-02  0.4724E-01  0.0000E+00  0.6726E-08
     1   190     1     1        0  0.0000E+00  0.3113E+02  0.1939E+04  0.1000E+03
     1   190     1     2        0  0.1090E+05  0.4928E-04  0.3890E-01  0.2043E-02
     1   190     1     3        0  0.2300E+00  0.2990E+02  0.0000E+00  0.3449E-10
     1   190     1     4        0  0.2577E+01  0.4212E-03  0.0000E+00  0.6110E-03
     1   190     1     5        0  0.6210E-01  0.1241E+00  0.0000E+00  0.1156E-07
     1   191     1     1        0  0.0000E+00  0.2572E+02  0.1755E+04  0.1000E+03
     1   191     1     2        0  0.9589E+04  0.1408E-04  0.5539E-01  0.4188E-02
     1   191     1     3        0  0.3275E+00  0.2959E+02  0.0000E+00  0.9287E-10
     1   191     1     4        0  0.2096E+01  0.8186E-03  0.0000E+00  0.6503E-03
     1   191     1     5        0  0.5031E-01  0.1237E+00  0.0000E+00  0.2088E-07
     1   192     1     1        0  0.0000E+00  0.1086E+02  0.4534E+03  0.1000E+03
     1   192     1     2        0  0.2686E+04  0.1725E-04  0.0000E+00  0.1939E-02
     1   192     1     3        0  0.5685E-01  0.7151E+01  0.0000E+00  0.1054E-09
     1   192     1     4        0  0.1458E+00  0.1400E-03  0.0000E+00  0.3982E-04
     1   193     1     1        0  0.0000E+00  0.8413E+01  0.1052E+04  0.1000E+03
     1   193     1     2        0  0.5195E+04  0.1748E-04  0.2477E-01  0.2503E-02
     1   193     1     3        0  0.1460E+00  0.1678E+02  0.0000E+00  0.8419E-10
     1   193     1     4        0  0.8577E+00  0.3374E-03  0.0000E+00  0.3204E-03
     1   193     1     5        0  0.1679E-01  0.6868E-01  0.0000E+00  0.7596E-08
     1   194     1     1        0  0.0000E+00  0.2863E+02  0.2003E+04  0.1000E+03
     1   194     1     2        0  0.1125E+05  0.7473E-04  0.2806E-01  0.1448E-02
     1   194     1     3        0  0.1654E+00  0.4812E+02  0.0000E+00  0.1109E-09
     1   194     1     4        0  0.2710E+01  0.5895E-03  0.0000E+00  0.6420E-03
     1   194     1     5        0  0.6626E-01  0.2003E+00  0.0000E+00  0.8539E-08
     1   195     1     1        0  0.0000E+00  0.6422E+02  0.1601E+04  0.1000E+03
     1   195     1     2        0  0.8540E+04  0.2098E-03  0.3892E-01  0.3349E-02
     1   195     1     3        0  0.2293E+00  0.6849E+02  0.0000E+00  0.3261E-09
     1   195     1     4        0  0.1770E+01  0.1409E-02  0.0000E+00  0.5982E-03
     1   195     1     5        0  0.4130E-01  0.2870E+00  0.0000E+00  0.1528E-07
     1   196     1     1        0  0.0000E+00  0.1305E+02  0.4574E+03  0.1000E+03
     1   196     1     2        0  0.2700E+04  0.5842E-04  0.0000E+00  0.4032E-03
     1   196     1     3        0  0.1448E-01  0.2266E+01  0.0000E+00  0.8039E-10
     1   196     1     4        0  0.3427E-01  0.3562E-04  0.0000E+00  0.1413E-04
     1   197     1     1        0  0.0000E+00  0.6109E+01  0.1264E+04  0.1000E+03
     1   197     1     2        0  0.6566E+04  0.6290E-05  0.1854E-01  0.1552E-02
     1   197     1     3        0  0.1089E+00  0.7457E+01  0.0000E+00  0.1076E-09
     1   197     1     4        0  0.1152E+01  0.1228E-03  0.0000E+00  0.3834E-03
     1   197     1     5        0  0.2520E-01  0.3081E-01  0.0000E+00  0.5628E-08
     1   198     1     1        0  0.0000E+00  0.7207E+01  0.2021E+04  0.1000E+03
     1   198     1     2        0  0.1132E+05  0.2269E-04  0.0000E+00  0.3148E-03
     1   198     1     3        0  0.3506E-01  0.1109E+02  0.0000E+00  0.1957E-09
     1   198     1     4        0  0.2689E+01  0.5742E-04  0.0000E+00  0.6617E-03
     1   198     1     5        0  0.6771E-01  0.4653E-01  0.0000E+00  0.1844E-08
     1   199     1     1        0  0.0000E+00  0.2231E+02  0.1408E+04  0.1000E+03
     1   199     1     2        0  0.7280E+04  0.4229E-04  0.0000E+00  0.1773E-02
     1   199     1     3        0  0.9965E-01  0.1268E+02  0.0000E+00  0.3924E-09
     1   199     1     4        0  0.1358E+01  0.1571E-03  0.0000E+00  0.5374E-03
     1   199     1     5        0  0.3161E-01  0.5318E-01  0.0000E+00  0.7162E-08
     1   200     1     1        0  0.0000E+00  0.1000E+03  0.4748E+03  0.1000E+03
     1   200     1     2        0  0.2738E+04  0.7357E-03  0.0000E+00  0.3821E-04
     1   200     1     3        0  0.2047E-02  0.1500E+01  0.0000E+00  0.5817E-10
     1   200     1     4        0  0.2558E-02  0.9190E-05  0.0000E+00  0.1268E-04
     1   201     1     1        0  0.0000E+00  0.2339E+02  0.1463E+04  0.1000E+03
     1   201     1     2        0  0.7820E+04  0.1988E-04  0.0000E+00  0.2655E-03
     1   201     1     3        0  0.1889E-01  0.1132E+02  0.0000E+00  0.1025E-09
     1   201     1     4        0  0.1517E+01  0.1185E-04  0.0000E+00  0.4423E-03
     1   201     1     5        0  0.3431E-01  0.4673E-01  0.0000E+00  0.1111E-08
     1   202     1     1        0  0.0000E+00  0.7103E+01  0.2014E+04  0.1000E+03
     1   202     1     2        0  0.1123E+05  0.9072E-05  0.2340E-01  0.1337E-02
     1   202     1     3        0  0.1371E+00  0.9725E+01  0.0000E+00  0.1427E-09
     1   202     1     4        0  0.2663E+01  0.1231E-03  0.0000E+00  0.6726E-03
     1   202     1     5        0  0.6702E-01  0.4082E-01  0.0000E+00  0.7592E-08
     1   203     1     1        0  0.0000E+00  0.9606E+01  0.1202E+04  0.1000E+03
     1   203     1     2        0  0.5951E+04  0.3440E-04  0.0000E+00  0.5289E-03
     1   203     1     3        0  0.2586E-01  0.6202E+01  0.0000E+00  0.4133E-09
     1   203     1     4        0  0.1002E+01  0.1301E-04  0.0000E+00  0.4443E-03
     1   203     1     5        0  0.2243E-01  0.2589E-01  0.0000E+00  0.1710E-08
     1   204     1     1        0  0.0000E+00  0.3141E+02  0.4670E+03  0.1000E+03
     1   204     1     2        0  0.2693E+04  0.4487E-03  0.0000E+00  0.2653E-03
     1   204     1     3        0  0.1300E-01  0.2975E+01  0.0000E+00  0.2023E-09
     1   204     1     4        0  0.7015E-01  0.3197E-04  0.0000E+00  0.1311E-04
