SUMMARY OF C0NVERGENCE INFORMATION
  STEP   INC  ATT   ITER     CONT.   RESID.        CORR.      RESID.      CORR.
                              EL.    FORCE         DISP       FLUX        TEMP.
                              (#)     (%)           (%)        (%)         (%)
     1     1     1     1        0  0.0000E+00  0.1000E-29  0.2826E+04  0.1000E+03
     1     1     1     2        0  0.7680E+04  0.1000E-29  0.0000E+00  0.4909E-05
     1     1     1     3        0  0.7076E-02  0.1000E+03  0.0000E+00  0.4022E-10
     1     1     1     4        0  0.1301E+02  0.4412E-03  0.0000E+00  0.3215E-03
     1     1     1     5        0  0.4578E+00  0.7548E-02  0.0000E+00  0.5526E-10
     1     2     1     1        0  0.0000E+00  0.7013E+02  0.2930E+04  0.1000E+03
     1     2     1     2        0  0.1456E+05  0.1431E-03  0.2661E-01  0.1077E-02
     1     2     1     3        0  0.8617E+00  0.3882E+02  0.0000E+00  0.5311E-10
     1     2     1     4        0  0.9257E+01  0.2922E-03  0.0000E+00  0.4052E-03
     1     2     1     5        0  0.3396E+00  0.5773E-02  0.0000E+00  0.3853E-08
     1     3     1     1        0  0.0000E+00  0.1918E+02  0.7193E+03  0.1000E+03
     1     3     1     2        0  0.9578E+04  0.8469E-04  0.0000E+00  0.2731E-03
     1     3     1     3        0  0.5035E-01  0.5295E+01  0.0000E+00  0.1371E-09
     1     3     1     4        0  0.2789E+00  0.2892E-04  0.0000E+00  0.3877E-04
     1     4     1     1        0  0.0000E+00  0.1353E+02  0.2874E+04  0.1000E+03
     1     4     1     2        0  0.2041E+05  0.1827E-04  0.0000E+00  0.5516E-04
     1     4     1     3        0  0.3207E-01  0.1913E+02  0.0000E+00  0.4358E-10
     1     4     1     4        0  0.4589E+01  0.8124E-04  0.0000E+00  0.2675E-03
     1     4     1     5        0  0.1589E+00  0.3807E-02  0.0000E+00  0.1752E-09
     1     5     1     1        0  0.0000E+00  0.5212E+02  0.3626E+04  0.1000E+03
     1     5     1     2        0  0.2644E+05  0.8047E-04  0.3087E-01  0.9734E-03
     1     5     1     3        0  0.6459E+00  0.2477E+02  0.0000E+00  0.9745E-10
     1     5     1     4        0  0.7765E+01  0.1546E-03  0.0000E+00  0.4188E-03
     1     5     1     5        0  0.2884E+00  0.6649E-02  0.0000E+00  0.3715E-08
     1     6     1     1        0  0.0000E+00  0.1272E+02  0.1411E+04  0.1000E+03
     1     6     1     2        0  0.1716E+05  0.2715E-04  0.0000E+00  0.2550E-03
     1     6     1     3        0  0.4835E-01  0.8387E+01  0.0000E+00  0.1182E-09
     1     6     1     4        0  0.9423E+00  0.3653E-04  0.0000E+00  0.1220E-03
     1     6     1     5        0  0.3419E-01  0.2278E-02  0.0000E+00  0.3596E-09
     1     7     1     1        0  0.0000E+00  0.3823E+02  0.2231E+04  0.1000E+03
     1     7     1     2        0  0.2342E+05  0.7171E-04  0.0000E+00  0.3768E-03
     1     7     1     3        0  0.1336E+00  0.2215E+02  0.0000E+00  0.6525E-10
     1     7     1     4        0  0.2618E+01  0.1273E-03  0.0000E+00  0.2156E-03
     1     7     1     5        0  0.8401E-01  0.6778E-02  0.0000E+00  0.8321E-09
     1     8     1     1        0  0.0000E+00  0.9864E+02  0.3768E+04  0.1000E+03
     1     8     1     2        0  0.3376E+05  0.1447E-03  0.3592E-01  0.1087E-02
     1     8     1     3        0  0.6118E+00  0.5744E+02  0.0000E+00  0.3890E-10
     1     8     1     4        0  0.6963E+01  0.4213E-03  0.0000E+00  0.4261E-03
     1     8     1     5        0  0.2504E+00  0.2122E-01  0.0000E+00  0.4227E-08
     1     9     1     1        0  0.0000E+00  0.7375E+02  0.1995E+04  0.1000E+03
     1     9     1     2        0  0.2296E+05  0.3362E-03  0.0000E+00  0.2456E-03
     1     9     1     3        0  0.4851E-01  0.6496E+02  0.0000E+00  0.7832E-10
     1     9     1     4        0  0.1754E+01  0.2824E-03  0.0000E+00  0.2100E-03
     1     9     1     5        0  0.6203E-01  0.2515E-01  0.0000E+00  0.4925E-09
     1    10     1     1        0  0.0000E+00  0.1000E+03  0.1530E+04  0.1000E+03
     1    10     1     2        0  0.1721E+05  0.1272E-03  0.0000E+00  0.4717E-03
     1    10     1     3        0  0.9189E-01  0.5774E+02  0.0000E+00  0.8428E-10
     1    10     1     4        0  0.1113E+01  0.2421E-03  0.0000E+00  0.1494E-03
     1    10     1     5        0  0.3372E-01  0.2329E-01  0.0000E+00  0.7212E-09
     1    11     1     1        0  0.0000E+00  0.7251E+02  0.3737E+04  0.1000E+03
     1    11     1     2        0  0.3394E+05  0.9888E-04  0.3196E-01  0.9595E-03
     1    11     1     3        0  0.4607E+00  0.4287E+02  0.0000E+00  0.4214E-10
     1    11     1     4        0  0.5738E+01  0.2877E-03  0.0000E+00  0.4124E-03
     1    11     1     5        0  0.2070E+00  0.2014E-01  0.0000E+00  0.3681E-08
     1    12     1     1        0  0.0000E+00  0.1936E+02  0.2515E+04  0.1000E+03
     1    12     1     2        0  0.2640E+05  0.8696E-04  0.0000E+00  0.7769E-04
     1    12     1     3        0  0.2196E-01  0.2108E+02  0.0000E+00  0.1442E-09
     1    12     1     4        0  0.2511E+01  0.8195E-05  0.0000E+00  0.3030E-03
     1    12     1     5        0  0.9161E-01  0.1057E-01  0.0000E+00  0.2029E-09
     1    13     1     1        0  0.0000E+00  0.1890E+02  0.7683E+03  0.1000E+03
     1    13     1     2        0  0.9257E+04  0.2461E-04  0.0000E+00  0.4007E-03
     1    13     1     3        0  0.5431E-01  0.7304E+01  0.0000E+00  0.1178E-09
     1    13     1     4        0  0.3577E+00  0.4918E-04  0.0000E+00  0.4643E-04
     1    14     1     1        0  0.0000E+00  0.4432E+02  0.3527E+04  0.1000E+03
     1    14     1     2        0  0.3362E+05  0.6498E-04  0.0000E+00  0.8202E-03
     1    14     1     3        0  0.3462E+00  0.2556E+02  0.0000E+00  0.5757E-10
     1    14     1     4        0  0.4781E+01  0.1334E-03  0.0000E+00  0.3840E-03
     1    14     1     5        0  0.1677E+00  0.1425E-01  0.0000E+00  0.3018E-08
     1    15     1     1        0  0.0000E+00  0.1238E+02  0.2922E+04  0.1000E+03
     1    15     1     2        0  0.2963E+05  0.4117E-04  0.0000E+00  0.2318E-03
     1    15     1     3        0  0.7973E-01  0.2027E+02  0.0000E+00  0.8431E-10
     1    15     1     4        0  0.3232E+01  0.3898E-04  0.0000E+00  0.3768E-03
     1    15     1     5        0  0.1168E+00  0.1213E-01  0.0000E+00  0.6860E-09
     1    16     1     1        0  0.0000E+00  0.2320E+02  0.3225E+03  0.1000E+03
     1    16     1     2        0  0.3563E+04  0.6759E-04  0.0000E+00  0.5214E-04
     1    16     1     3        0  0.5421E-02  0.2703E+01  0.0000E+00  0.1218E-09
     1    16     1     4        0  0.2559E-01  0.6118E-05  0.0000E+00  0.7380E-05
     1    17     1     1        0  0.0000E+00  0.9497E+02  0.3236E+04  0.1000E+03
     1    17     1     2        0  0.3030E+05  0.2137E-03  0.0000E+00  0.6779E-03
     1    17     1     3        0  0.2417E+00  0.6900E+02  0.0000E+00  0.5066E-10
     1    17     1     4        0  0.3678E+01  0.3073E-03  0.0000E+00  0.3415E-03
     1    17     1     5        0  0.1268E+00  0.4332E-01  0.0000E+00  0.2257E-08
     1    18     1     1        0  0.0000E+00  0.9664E+02  0.3281E+04  0.1000E+03
     1    18     1     2        0  0.3118E+05  0.1887E-03  0.0000E+00  0.3365E-03
     1    18     1     3        0  0.1266E+00  0.7642E+02  0.0000E+00  0.4754E-10
     1    18     1     4        0  0.3753E+01  0.1472E-03  0.0000E+00  0.4128E-03
     1    18     1     5        0  0.1359E+00  0.5182E-01  0.0000E+00  0.1154E-08
     1    19     1     1        0  0.0000E+00  0.8345E+02  0.4109E+03  0.1000E+03
     1    19     1     2        0  0.4240E+04  0.1810E-03  0.0000E+00  0.9472E-04
     1    19     1     3        0  0.1190E-01  0.9845E+01  0.0000E+00  0.1241E-09
     1    19     1     4        0  0.6839E-01  0.2947E-04  0.0000E+00  0.1806E-04
     1    20     1     1        0  0.0000E+00  0.4271E+02  0.2750E+04  0.1000E+03
     1    20     1     2        0  0.2585E+05  0.5191E-04  0.0000E+00  0.6593E-03
     1    20     1     3        0  0.1875E+00  0.3290E+02  0.0000E+00  0.5011E-10
     1    20     1     4        0  0.2608E+01  0.1471E-03  0.0000E+00  0.2924E-03
     1    20     1     5        0  0.8672E-01  0.2314E-01  0.0000E+00  0.1892E-08
     1    21     1     1        0  0.0000E+00  0.2984E+02  0.3493E+04  0.1000E+03
     1    21     1     2        0  0.3197E+05  0.1021E-03  0.0000E+00  0.2126E-03
     1    21     1     3        0  0.8175E-01  0.3063E+02  0.0000E+00  0.7517E-10
     1    21     1     4        0  0.4017E+01  0.3708E-04  0.0000E+00  0.4287E-03
     1    21     1     5        0  0.1438E+00  0.2318E-01  0.0000E+00  0.7751E-09
     1    22     1     1        0  0.0000E+00  0.2695E+02  0.1059E+04  0.1000E+03
     1    22     1     2        0  0.1050E+05  0.3469E-04  0.0000E+00  0.4459E-03
     1    22     1     3        0  0.5484E-01  0.8976E+01  0.0000E+00  0.1193E-09
     1    22     1     4        0  0.3880E+00  0.2536E-04  0.0000E+00  0.8789E-04
     1    23     1     1        0  0.0000E+00  0.2431E+02  0.2178E+04  0.1000E+03
     1    23     1     2        0  0.2002E+05  0.7030E-04  0.0000E+00  0.3647E-03
     1    23     1     3        0  0.7767E-01  0.1778E+02  0.0000E+00  0.6236E-10
     1    23     1     4        0  0.1629E+01  0.2409E-04  0.0000E+00  0.2355E-03
     1    23     1     5        0  0.5196E-01  0.1389E-01  0.0000E+00  0.8563E-09
     1    24     1     1        0  0.0000E+00  0.1618E+02  0.3584E+04  0.1000E+03
     1    24     1     2        0  0.3115E+05  0.6605E-04  0.0000E+00  0.3497E-03
     1    24     1     3        0  0.1270E+00  0.2641E+02  0.0000E+00  0.4990E-10
     1    24     1     4        0  0.3979E+01  0.4932E-04  0.0000E+00  0.4320E-03
     1    24     1     5        0  0.1416E+00  0.2210E-01  0.0000E+00  0.1378E-08
     1    25     1     1        0  0.0000E+00  0.3616E+02  0.1674E+04  0.1000E+03
     1    25     1     2        0  0.1546E+05  0.8758E-04  0.0000E+00  0.5393E-03
     1    25     1     3        0  0.7466E-01  0.1762E+02  0.0000E+00  0.1090E-09
     1    25     1     4        0  0.8825E+00  0.4255E-04  0.0000E+00  0.1894E-03
     1    25     1     5        0  0.3010E-01  0.1480E-01  0.0000E+00  0.1046E-08
     1    26     1     1        0  0.0000E+00  0.6774E+02  0.1495E+04  0.1000E+03
     1    26     1     2        0  0.1354E+05  0.2147E-03  0.0000E+00  0.3617E-03
     1    26     1     3        0  0.4910E-01  0.4184E+02  0.0000E+00  0.9890E-10
     1    26     1     4        0  0.8436E+00  0.1207E-03  0.0000E+00  0.1706E-03
     1    26     1     5        0  0.2456E-01  0.3596E-01  0.0000E+00  0.6305E-09
     1    27     1     1        0  0.0000E+00  0.1000E+03  0.3504E+04  0.1000E+03
     1    27     1     2        0  0.2951E+05  0.1964E-03  0.0000E+00  0.1789E-03
     1    27     1     3        0  0.6378E-01  0.7732E+02  0.0000E+00  0.4945E-10
     1    27     1     4        0  0.3674E+01  0.6403E-04  0.0000E+00  0.4213E-03
     1    27     1     5        0  0.1289E+00  0.7038E-01  0.0000E+00  0.7169E-09
     1    28     1     1        0  0.0000E+00  0.6916E+02  0.2168E+04  0.1000E+03
     1    28     1     2        0  0.1894E+05  0.2280E-03  0.0000E+00  0.9146E-03
     1    28     1     3        0  0.1358E+00  0.3515E+02  0.0000E+00  0.1076E-09
     1    28     1     4        0  0.1424E+01  0.1749E-03  0.0000E+00  0.3000E-03
     1    28     1     5        0  0.4972E-01  0.3263E-01  0.0000E+00  0.2261E-08
     1    29     1     1        0  0.0000E+00  0.1051E+02  0.8182E+03  0.1000E+03
     1    29     1     2        0  0.7156E+04  0.2936E-04  0.0000E+00  0.4169E-04
     1    29     1     3        0  0.5234E-02  0.1243E+02  0.0000E+00  0.9807E-10
     1    29     1     4        0  0.3260E+00  0.5877E-04  0.0000E+00  0.6546E-04
     1    30     1     1        0  0.0000E+00  0.3014E+02  0.3331E+04  0.1000E+03
     1    30     1     2        0  0.2689E+05  0.1289E-03  0.0000E+00  0.2633E-03
     1    30     1     3        0  0.8029E-01  0.3061E+02  0.0000E+00  0.5629E-10
     1    30     1     4        0  0.3217E+01  0.4669E-04  0.0000E+00  0.3957E-03
     1    30     1     5        0  0.1107E+00  0.3020E-01  0.0000E+00  0.9986E-09
     1    31     1     1        0  0.0000E+00  0.3309E+02  0.2602E+04  0.1000E+03
     1    31     1     2        0  0.2145E+05  0.6229E-04  0.0000E+00  0.8554E-03
     1    31     1     3        0  0.1475E+00  0.2318E+02  0.0000E+00  0.7530E-10
     1    31     1     4        0  0.1979E+01  0.9953E-04  0.0000E+00  0.3733E-03
     1    31     1     5        0  0.6939E-01  0.2360E-01  0.0000E+00  0.2587E-08
     1    32     1     1        0  0.0000E+00  0.5425E+01  0.3571E+03  0.1000E+03
     1    32     1     2        0  0.2846E+04  0.1600E-04  0.0000E+00  0.2413E-04
     1    32     1     3        0  0.2000E-02  0.3246E+01  0.0000E+00  0.9233E-10
     1    32     1     4        0  0.4578E-01  0.1276E-04  0.0000E+00  0.7672E-05
     1    33     1     1        0  0.0000E+00  0.1506E+02  0.3018E+04  0.1000E+03
     1    33     1     2        0  0.2368E+05  0.3293E-04  0.0000E+00  0.8737E-04
     1    33     1     3        0  0.2488E-01  0.2463E+02  0.0000E+00  0.4197E-10
     1    33     1     4        0  0.2592E+01  0.1167E-04  0.0000E+00  0.3564E-03
     1    33     1     5        0  0.8763E-01  0.2577E-01  0.0000E+00  0.3190E-09
     1    34     1     1        0  0.0000E+00  0.3880E+02  0.2915E+04  0.1000E+03
     1    34     1     2        0  0.2303E+05  0.7604E-04  0.0000E+00  0.1038E-02
     1    34     1     3        0  0.2006E+00  0.2994E+02  0.0000E+00  0.9638E-10
     1    34     1     4        0  0.2398E+01  0.1896E-03  0.0000E+00  0.4122E-03
     1    34     1     5        0  0.8476E-01  0.3254E-01  0.0000E+00  0.3520E-08
     1    35     1     1        0  0.0000E+00  0.4245E+02  0.3140E+03  0.1000E+03
     1    35     1     2        0  0.2571E+04  0.1233E-03  0.0000E+00  0.8384E-04
     1    35     1     3        0  0.4887E-02  0.4815E+01  0.0000E+00  0.1448E-09
     1    35     1     4        0  0.1529E-01  0.2833E-04  0.0000E+00  0.5765E-05
     1    36     1     1        0  0.0000E+00  0.1000E+03  0.2616E+04  0.1000E+03
     1    36     1     2        0  0.1990E+05  0.2047E-03  0.0000E+00  0.2154E-03
     1    36     1     3        0  0.4711E-01  0.6891E+02  0.0000E+00  0.4528E-10
     1    36     1     4        0  0.1956E+01  0.8728E-04  0.0000E+00  0.3081E-03
     1    36     1     5        0  0.6373E-01  0.7602E-01  0.0000E+00  0.6701E-09
     1    37     1     1        0  0.0000E+00  0.6597E+02  0.3166E+04  0.1000E+03
     1    37     1     2        0  0.2389E+05  0.2547E-03  0.0000E+00  0.7349E-03
     1    37     1     3        0  0.1568E+00  0.4715E+02  0.0000E+00  0.6081E-10
     1    37     1     4        0  0.2720E+01  0.2216E-03  0.0000E+00  0.4290E-03
     1    37     1     5        0  0.9532E-01  0.5426E-01  0.0000E+00  0.2728E-08
     1    38     1     1        0  0.0000E+00  0.1736E+02  0.7473E+03  0.1000E+03
     1    38     1     2        0  0.5687E+04  0.3709E-04  0.0000E+00  0.3836E-04
     1    38     1     3        0  0.1899E-02  0.9971E+01  0.0000E+00  0.1294E-09
     1    38     1     4        0  0.1965E+00  0.3557E-04  0.0000E+00  0.6073E-04
     1    39     1     1        0  0.0000E+00  0.2065E+02  0.2080E+04  0.1000E+03
     1    39     1     2        0  0.1552E+05  0.5475E-04  0.0000E+00  0.3172E-04
     1    39     1     3        0  0.5756E-02  0.2136E+02  0.0000E+00  0.5489E-10
     1    39     1     4        0  0.1297E+01  0.4599E-04  0.0000E+00  0.2535E-03
     1    39     1     5        0  0.4044E-01  0.2495E-01  0.0000E+00  0.1071E-09
     1    40     1     1        0  0.0000E+00  0.3387E+02  0.3259E+04  0.1000E+03
     1    40     1     2        0  0.2382E+05  0.8735E-04  0.0000E+00  0.7461E-03
     1    40     1     3        0  0.1617E+00  0.3019E+02  0.0000E+00  0.5523E-10
     1    40     1     4        0  0.2818E+01  0.1428E-03  0.0000E+00  0.4357E-03
     1    40     1     5        0  0.9821E-01  0.3667E-01  0.0000E+00  0.2884E-08
     1    41     1     1        0  0.0000E+00  0.1785E+02  0.1317E+04  0.1000E+03
     1    41     1     2        0  0.9772E+04  0.5485E-04  0.0000E+00  0.1279E-03
     1    41     1     3        0  0.1329E-01  0.1215E+02  0.0000E+00  0.1133E-09
     1    41     1     4        0  0.5216E+00  0.1485E-04  0.0000E+00  0.1664E-03
     1    41     1     5        0  0.1669E-01  0.1462E-01  0.0000E+00  0.2639E-09
     1    42     1     1        0  0.0000E+00  0.6111E+01  0.1495E+04  0.1000E+03
     1    42     1     2        0  0.1090E+05  0.1560E-04  0.0000E+00  0.1247E-04
     1    42     1     3        0  0.6712E-03  0.1519E+02  0.0000E+00  0.7591E-10
     1    42     1     4        0  0.7430E+00  0.4580E-04  0.0000E+00  0.1905E-03
     1    42     1     5        0  0.2132E-01  0.1870E-01  0.0000E+00  0.7946E-10
     1    43     1     1        0  0.0000E+00  0.3695E+02  0.3246E+04  0.1000E+03
     1    43     1     2        0  0.2292E+05  0.7246E-04  0.0000E+00  0.5877E-03
     1    43     1     3        0  0.1262E+00  0.3538E+02  0.0000E+00  0.9154E-10
     1    43     1     4        0  0.2747E+01  0.1075E-03  0.0000E+00  0.4282E-03
     1    43     1     5        0  0.9465E-01  0.4526E-01  0.0000E+00  0.2297E-08
     1    44     1     1        0  0.0000E+00  0.4175E+02  0.1840E+04  0.1000E+03
     1    44     1     2        0  0.1320E+05  0.1129E-03  0.0000E+00  0.4146E-03
     1    44     1     3        0  0.4432E-01  0.3244E+02  0.0000E+00  0.1359E-09
     1    44     1     4        0  0.9447E+00  0.6911E-04  0.0000E+00  0.2833E-03
     1    44     1     5        0  0.3155E-01  0.4174E-01  0.0000E+00  0.1007E-08
     1    45     1     1        0  0.0000E+00  0.1000E+03  0.8654E+03  0.1000E+03
     1    45     1     2        0  0.5956E+04  0.4240E-03  0.0000E+00  0.1273E-03
     1    45     1     3        0  0.8805E-02  0.4650E+02  0.0000E+00  0.1032E-09
     1    45     1     4        0  0.3175E+00  0.1275E-03  0.0000E+00  0.8894E-04
     1    46     1     1        0  0.0000E+00  0.7001E+02  0.3091E+04  0.1000E+03
     1    46     1     2        0  0.2126E+05  0.2032E-03  0.0000E+00  0.4982E-03
     1    46     1     3        0  0.1009E+00  0.5107E+02  0.0000E+00  0.4717E-10
     1    46     1     4        0  0.2473E+01  0.1399E-03  0.0000E+00  0.4062E-03
     1    46     1     5        0  0.8418E-01  0.6819E-01  0.0000E+00  0.1896E-08
     1    47     1     1        0  0.0000E+00  0.3234E+02  0.2252E+04  0.1000E+03
     1    47     1     2        0  0.1565E+05  0.9744E-04  0.0000E+00  0.6051E-03
     1    47     1     3        0  0.7413E-01  0.2611E+02  0.0000E+00  0.7576E-10
     1    47     1     4        0  0.1359E+01  0.7483E-04  0.0000E+00  0.3690E-03
     1    47     1     5        0  0.4668E-01  0.3543E-01  0.0000E+00  0.1773E-08
     1    48     1     1        0  0.0000E+00  0.6825E+01  0.4127E+03  0.1000E+03
     1    48     1     2        0  0.2741E+04  0.1555E-04  0.0000E+00  0.8172E-04
     1    48     1     3        0  0.5754E-02  0.5421E+01  0.0000E+00  0.9268E-10
     1    48     1     4        0  0.7547E-01  0.2516E-04  0.0000E+00  0.7823E-05
     1    49     1     1        0  0.0000E+00  0.2602E+02  0.2849E+04  0.1000E+03
     1    49     1     2        0  0.1904E+05  0.8068E-04  0.0000E+00  0.3738E-03
     1    49     1     3        0  0.6936E-01  0.2704E+02  0.0000E+00  0.4869E-10
     1    49     1     4        0  0.2116E+01  0.6965E-04  0.0000E+00  0.3702E-03
     1    49     1     5        0  0.6991E-01  0.3756E-01  0.0000E+00  0.1319E-08
     1    50     1     1        0  0.0000E+00  0.2880E+02  0.2601E+04  0.1000E+03
     1    50     1     2        0  0.1750E+05  0.5968E-04  0.0000E+00  0.7256E-03
     1    50     1     3        0  0.1050E+00  0.2401E+02  0.0000E+00  0.7234E-10
     1    50     1     4        0  0.1771E+01  0.9985E-04  0.0000E+00  0.4074E-03
     1    50     1     5        0  0.6069E-01  0.3416E-01  0.0000E+00  0.2407E-08
     1    51     1     1        0  0.0000E+00  0.1274E+02  0.3700E+03  0.1000E+03
     1    51     1     2        0  0.2521E+04  0.3618E-04  0.0000E+00  0.2996E-04
     1    51     1     3        0  0.2153E-02  0.7545E+00  0.0000E+00  0.1176E-09
     1    52     1     1        0  0.0000E+00  0.2673E+02  0.2481E+04  0.1000E+03
     1    52     1     2        0  0.1622E+05  0.4732E-04  0.0000E+00  0.2950E-03
     1    52     1     3        0  0.4722E-01  0.3203E+02  0.0000E+00  0.5338E-10
     1    52     1     4        0  0.1628E+01  0.4092E-04  0.0000E+00  0.3226E-03
     1    52     1     5        0  0.5260E-01  0.4584E-01  0.0000E+00  0.9503E-09
     1    53     1     1        0  0.0000E+00  0.4878E+02  0.2846E+04  0.1000E+03
     1    53     1     2        0  0.1861E+05  0.1015E-03  0.0000E+00  0.7229E-03
     1    53     1     3        0  0.1170E+00  0.4432E+02  0.0000E+00  0.9027E-10
     1    53     1     4        0  0.2042E+01  0.2141E-03  0.0000E+00  0.4280E-03
     1    53     1     5        0  0.7059E-01  0.6522E-01  0.0000E+00  0.2619E-08
     1    54     1     1        0  0.0000E+00  0.9690E+02  0.5051E+03  0.1000E+03
     1    54     1     2        0  0.2907E+04  0.3186E-03  0.0000E+00  0.6170E-04
     1    54     1     3        0  0.2219E-02  0.3533E+02  0.0000E+00  0.1322E-09
     1    54     1     4        0  0.9884E-01  0.7480E-04  0.0000E+00  0.3605E-04
     1    55     1     1        0  0.0000E+00  0.7349E+02  0.2031E+04  0.1000E+03
     1    55     1     2        0  0.1302E+05  0.1901E-03  0.0000E+00  0.3183E-03
     1    55     1     3        0  0.4053E-01  0.4904E+02  0.0000E+00  0.6747E-10
     1    55     1     4        0  0.1155E+01  0.6826E-04  0.0000E+00  0.2705E-03
     1    55     1     5        0  0.3545E-01  0.7277E-01  0.0000E+00  0.8372E-09
     1    56     1     1        0  0.0000E+00  0.3930E+02  0.2993E+04  0.1000E+03
     1    56     1     2        0  0.1904E+05  0.6559E-04  0.0000E+00  0.4813E-03
     1    56     1     3        0  0.8302E-01  0.3451E+02  0.0000E+00  0.4682E-10
     1    56     1     4        0  0.2220E+01  0.1090E-03  0.0000E+00  0.4376E-03
     1    56     1     5        0  0.7605E-01  0.5273E-01  0.0000E+00  0.1858E-08
     1    57     1     1        0  0.0000E+00  0.2087E+02  0.1057E+04  0.1000E+03
     1    57     1     2        0  0.6595E+04  0.3506E-04  0.0000E+00  0.3598E-03
     1    57     1     3        0  0.2315E-01  0.1171E+02  0.0000E+00  0.1245E-09
     1    57     1     4        0  0.3386E+00  0.2269E-04  0.0000E+00  0.1358E-03
     1    58     1     1        0  0.0000E+00  0.1629E+02  0.1484E+04  0.1000E+03
     1    58     1     2        0  0.9360E+04  0.3682E-04  0.0000E+00  0.4047E-04
     1    58     1     3        0  0.2856E-02  0.1621E+02  0.0000E+00  0.7868E-10
     1    58     1     4        0  0.6952E+00  0.3534E-04  0.0000E+00  0.2095E-03
     1    58     1     5        0  0.1979E-01  0.2492E-01  0.0000E+00  0.1052E-09
     1    59     1     1        0  0.0000E+00  0.3236E+02  0.3000E+04  0.1000E+03
     1    59     1     2        0  0.1868E+05  0.4833E-04  0.0000E+00  0.6564E-03
     1    59     1     3        0  0.1125E+00  0.2873E+02  0.0000E+00  0.4173E-10
     1    59     1     4        0  0.2219E+01  0.1124E-03  0.0000E+00  0.4336E-03
     1    59     1     5        0  0.7541E-01  0.4531E-01  0.0000E+00  0.2548E-08
     1    60     1     1        0  0.0000E+00  0.2838E+02  0.1538E+04  0.1000E+03
     1    60     1     2        0  0.9587E+04  0.7517E-04  0.0000E+00  0.3098E-03
     1    60     1     3        0  0.2499E-01  0.1745E+02  0.0000E+00  0.1091E-09
     1    60     1     4        0  0.6592E+00  0.1899E-04  0.0000E+00  0.2646E-03
     1    60     1     5        0  0.2118E-01  0.2744E-01  0.0000E+00  0.7175E-09
     1    61     1     1        0  0.0000E+00  0.5581E+01  0.9596E+03  0.1000E+03
     1    61     1     2        0  0.5586E+04  0.1510E-04  0.0000E+00  0.9676E-04
     1    61     1     3        0  0.6410E-02  0.1704E+02  0.0000E+00  0.1038E-09
     1    61     1     4        0  0.3395E+00  0.2665E-04  0.0000E+00  0.1186E-03
     1    62     1     1        0  0.0000E+00  0.4751E+02  0.2910E+04  0.1000E+03
     1    62     1     2        0  0.1770E+05  0.1139E-03  0.0000E+00  0.3135E-03
     1    62     1     3        0  0.5347E-01  0.5064E+02  0.0000E+00  0.6915E-10
     1    62     1     4        0  0.2088E+01  0.7391E-04  0.0000E+00  0.4154E-03
     1    62     1     5        0  0.6987E-01  0.8240E-01  0.0000E+00  0.1221E-08
     1    63     1     1        0  0.0000E+00  0.8114E+02  0.1972E+04  0.1000E+03
     1    63     1     2        0  0.1208E+05  0.2395E-03  0.0000E+00  0.8513E-03
     1    63     1     3        0  0.7561E-01  0.6563E+02  0.0000E+00  0.1596E-09
     1    63     1     4        0  0.1030E+01  0.2405E-03  0.0000E+00  0.3588E-03
     1    63     1     5        0  0.3407E-01  0.1076E+00  0.0000E+00  0.2319E-08
     1    64     1     1        0  0.0000E+00  0.4575E+02  0.4308E+03  0.1000E+03
     1    64     1     2        0  0.2529E+04  0.1334E-03  0.0000E+00  0.1232E-03
     1    64     1     3        0  0.7870E-02  0.1732E+02  0.0000E+00  0.8996E-10
     1    64     1     4        0  0.9663E-01  0.9960E-04  0.0000E+00  0.1800E-04
     1    65     1     1        0  0.0000E+00  0.4056E+02  0.2694E+04  0.1000E+03
     1    65     1     2        0  0.1608E+05  0.6333E-04  0.0000E+00  0.4576E-03
     1    65     1     3        0  0.6953E-01  0.3434E+02  0.0000E+00  0.4366E-10
     1    65     1     4        0  0.1804E+01  0.9309E-04  0.0000E+00  0.3825E-03
     1    65     1     5        0  0.5950E-01  0.5728E-01  0.0000E+00  0.1637E-08
     1    66     1     1        0  0.0000E+00  0.2960E+02  0.2314E+04  0.1000E+03
     1    66     1     2        0  0.1390E+05  0.4819E-04  0.0000E+00  0.6431E-03
     1    66     1     3        0  0.7122E-01  0.2332E+02  0.0000E+00  0.1035E-09
     1    66     1     4        0  0.1357E+01  0.7594E-04  0.0000E+00  0.4013E-03
     1    66     1     5        0  0.4605E-01  0.3948E-01  0.0000E+00  0.2075E-08
     1    67     1     1        0  0.0000E+00  0.9563E+01  0.4469E+03  0.1000E+03
     1    67     1     2        0  0.2556E+04  0.3439E-04  0.0000E+00  0.8362E-05
     1    67     1     3        0  0.5373E-03  0.1081E+01  0.0000E+00  0.9085E-10
     1    67     1     4        0  0.2977E-02  0.1811E-05  0.0000E+00  0.8025E-05
     1    68     1     1        0  0.0000E+00  0.2841E+02  0.2396E+04  0.1000E+03
     1    68     1     2        0  0.1402E+05  0.2734E-04  0.0000E+00  0.1309E-03
     1    68     1     3        0  0.1878E-01  0.2395E+02  0.0000E+00  0.5641E-10
     1    68     1     4        0  0.1477E+01  0.2755E-04  0.0000E+00  0.3367E-03
     1    68     1     5        0  0.4673E-01  0.4071E-01  0.0000E+00  0.4493E-09
     1    69     1     1        0  0.0000E+00  0.3733E+02  0.2592E+04  0.1000E+03
     1    69     1     2        0  0.1524E+05  0.1141E-03  0.0000E+00  0.9672E-03
     1    69     1     3        0  0.1240E+00  0.2938E+02  0.0000E+00  0.6974E-10
     1    69     1     4        0  0.1665E+01  0.1650E-03  0.0000E+00  0.4260E-03
     1    69     1     5        0  0.5605E-01  0.5098E-01  0.0000E+00  0.3402E-08
     1    70     1     1        0  0.0000E+00  0.2133E+02  0.4018E+03  0.1000E+03
     1    70     1     2        0  0.2379E+04  0.6812E-04  0.0000E+00  0.1767E-03
     1    70     1     3        0  0.6656E-02  0.6886E+01  0.0000E+00  0.1520E-09
     1    70     1     4        0  0.5172E-01  0.3277E-04  0.0000E+00  0.1923E-04
     1    71     1     1        0  0.0000E+00  0.3457E+02  0.1982E+04  0.1000E+03
     1    71     1     2        0  0.1143E+05  0.7845E-04  0.0000E+00  0.4470E-03
     1    71     1     3        0  0.5033E-01  0.4712E+02  0.0000E+00  0.5474E-10
     1    71     1     4        0  0.1062E+01  0.1005E-03  0.0000E+00  0.2862E-03
     1    71     1     5        0  0.3258E-01  0.8206E-01  0.0000E+00  0.1229E-08
     1    72     1     1        0  0.0000E+00  0.7895E+02  0.2751E+04  0.1000E+03
     1    72     1     2        0  0.1586E+05  0.1817E-03  0.0000E+00  0.3903E-03
     1    72     1     3        0  0.5609E-01  0.7604E+02  0.0000E+00  0.8307E-10
     1    72     1     4        0  0.1827E+01  0.1569E-03  0.0000E+00  0.4380E-03
     1    72     1     5        0  0.6196E-01  0.1353E+00  0.0000E+00  0.1523E-08
     1    73     1     1        0  0.0000E+00  0.4871E+02  0.8587E+03  0.1000E+03
     1    73     1     2        0  0.4434E+04  0.1395E-03  0.0000E+00  0.4054E-03
     1    73     1     3        0  0.1924E-01  0.2968E+02  0.0000E+00  0.1401E-09
     1    73     1     4        0  0.2192E+00  0.6391E-04  0.0000E+00  0.1032E-03
     1    74     1     1        0  0.0000E+00  0.3305E+02  0.1529E+04  0.1000E+03
     1    74     1     2        0  0.8561E+04  0.1151E-03  0.0000E+00  0.1454E-03
     1    74     1     3        0  0.1341E-01  0.2472E+02  0.0000E+00  0.7730E-10
     1    74     1     4        0  0.6878E+00  0.8310E-04  0.0000E+00  0.2279E-03
     1    74     1     5        0  0.1951E-01  0.4421E-01  0.0000E+00  0.3872E-09
     1    75     1     1        0  0.0000E+00  0.3150E+02  0.2810E+04  0.1000E+03
     1    75     1     2        0  0.1591E+05  0.9870E-04  0.0000E+00  0.8402E-03
     1    75     1     3        0  0.1198E+00  0.2880E+02  0.0000E+00  0.5645E-10
     1    75     1     4        0  0.1897E+01  0.1686E-03  0.0000E+00  0.4378E-03
     1    75     1     5        0  0.6368E-01  0.5262E-01  0.0000E+00  0.3235E-08
     1    76     1     1        0  0.0000E+00  0.2129E+02  0.1345E+04  0.1000E+03
     1    76     1     2        0  0.7287E+04  0.5519E-04  0.0000E+00  0.1007E-03
     1    76     1     3        0  0.6342E-02  0.1365E+02  0.0000E+00  0.1402E-09
     1    76     1     4        0  0.4853E+00  0.1979E-04  0.0000E+00  0.2376E-03
     1    77     1     1        0  0.0000E+00  0.1747E+02  0.1037E+04  0.1000E+03
     1    77     1     2        0  0.5355E+04  0.6409E-04  0.0000E+00  0.2337E-03
     1    77     1     3        0  0.1305E-01  0.1227E+02  0.0000E+00  0.1194E-09
     1    77     1     4        0  0.3578E+00  0.1272E-04  0.0000E+00  0.1540E-03
     1    78     1     1        0  0.0000E+00  0.5727E+02  0.2581E+04  0.1000E+03
     1    78     1     2        0  0.2137E+05  0.1031E-03  0.0000E+00  0.3446E-03
     1    78     1     3        0  0.7327E-01  0.4689E+02  0.0000E+00  0.4941E-10
     1    78     1     4        0  0.4845E+01  0.2039E-03  0.0000E+00  0.5936E-03
     1    78     1     5        0  0.1225E+00  0.1280E+00  0.0000E+00  0.1960E-08
     1    79     1     1        0  0.0000E+00  0.4068E+02  0.5288E+03  0.1000E+03
     1    79     1     2        0  0.3654E+04  0.5364E-04  0.0000E+00  0.2516E-03
     1    79     1     3        0  0.2295E-01  0.2057E+02  0.0000E+00  0.8071E-10
     1    79     1     4        0  0.3765E+00  0.1189E-03  0.0000E+00  0.5159E-04
     1    80     1     1        0  0.0000E+00  0.8960E+02  0.2715E+04  0.1000E+03
     1    80     1     2        0  0.2219E+05  0.2526E-03  0.0000E+00  0.3188E-03
     1    80     1     3        0  0.5541E-01  0.6769E+02  0.0000E+00  0.1739E-09
     1    80     1     4        0  0.5318E+01  0.2384E-03  0.0000E+00  0.6141E-03
     1    80     1     5        0  0.1336E+00  0.1890E+00  0.0000E+00  0.1300E-08
     1    81     1     1        0  0.0000E+00  0.2417E+02  0.4515E+03  0.1000E+03
     1    81     1     2        0  0.3619E+04  0.1041E-03  0.0000E+00  0.1973E-03
     1    81     1     3        0  0.1433E-01  0.3408E+01  0.0000E+00  0.8187E-10
     1    81     1     4        0  0.2720E-01  0.4816E-04  0.0000E+00  0.1161E-04
     1    82     1     1        0  0.0000E+00  0.3878E+02  0.2740E+04  0.1000E+03
     1    82     1     2        0  0.2213E+05  0.1277E-03  0.6999E-01  0.2462E-02
     1    82     1     3        0  0.5820E+00  0.3876E+02  0.0000E+00  0.1593E-09
     1    82     1     4        0  0.5288E+01  0.9418E-03  0.0000E+00  0.6016E-03
     1    82     1     5        0  0.1342E+00  0.1091E+00  0.0000E+00  0.1462E-07
     1    83     1     1        0  0.0000E+00  0.3383E+02  0.4151E+03  0.1000E+03
     1    83     1     2        0  0.3426E+04  0.4339E-04  0.0000E+00  0.2132E-02
     1    83     1     3        0  0.9728E-01  0.3963E+01  0.0000E+00  0.1234E-09
     1    83     1     4        0  0.6203E-01  0.1836E-03  0.0000E+00  0.1326E-04
     1    84     1     1        0  0.0000E+00  0.6149E+02  0.2656E+04  0.1000E+03
     1    84     1     2        0  0.2125E+05  0.2190E-03  0.1098E+00  0.3854E-02
     1    84     1     3        0  0.9031E+00  0.3758E+02  0.0000E+00  0.8251E-10
     1    84     1     4        0  0.5092E+01  0.1518E-02  0.0000E+00  0.5805E-03
     1    84     1     5        0  0.1256E+00  0.1071E+00  0.0000E+00  0.2217E-07
     1    85     1     1        0  0.0000E+00  0.8768E+02  0.7025E+03  0.1000E+03
     1    85     1     2        0  0.4529E+04  0.2674E-03  0.4821E-01  0.7453E-02
     1    85     1     3        0  0.3931E+00  0.3321E+02  0.0000E+00  0.1112E-09
     1    85     1     4        0  0.4666E+00  0.1844E-02  0.0000E+00  0.1311E-03
     1    86     1     1        0  0.0000E+00  0.9990E+02  0.2455E+04  0.1000E+03
     1    86     1     2        0  0.1951E+05  0.1779E-03  0.1804E+00  0.7042E-02
     1    86     1     3        0  0.1470E+01  0.1000E+03  0.0000E+00  0.5202E-10
     1    86     1     4        0  0.4401E+01  0.6272E-02  0.0000E+00  0.5440E-03
     1    86     1     5        0  0.1081E+00  0.2900E+00  0.0000E+00  0.3783E-07
     1    87     1     1        0  0.0000E+00  0.5972E+02  0.1179E+04  0.1000E+03
     1    87     1     2        0  0.8573E+04  0.4764E-04  0.1158E+00  0.1381E-01
     1    87     1     3        0  0.9373E+00  0.2457E+02  0.0000E+00  0.1926E-09
     1    87     1     4        0  0.1121E+01  0.2068E-02  0.0000E+00  0.3322E-03
     1    87     1     5        0  0.2433E-01  0.7063E-01  0.0000E+00  0.3690E-07
     1    88     1     1        0  0.0000E+00  0.4270E+02  0.2165E+04  0.1000E+03
     1    88     1     2        0  0.1706E+05  0.4267E-04  0.1871E+00  0.8247E-02
     1    88     1     3        0  0.1511E+01  0.3177E+02  0.0000E+00  0.3808E-10
     1    88     1     4        0  0.3567E+01  0.2439E-02  0.0000E+00  0.4911E-03
     1    88     1     5        0  0.8507E-01  0.9408E-01  0.0000E+00  0.3972E-07
     1    89     1     1        0  0.0000E+00  0.4772E+02  0.1613E+04  0.1000E+03
     1    89     1     2        0  0.1211E+05  0.7244E-04  0.1695E+00  0.1426E-01
     1    89     1     3        0  0.1362E+01  0.2354E+02  0.0000E+00  0.2126E-09
     1    89     1     4        0  0.1969E+01  0.2142E-02  0.0000E+00  0.4713E-03
     1    89     1     5        0  0.4615E-01  0.6990E-01  0.0000E+00  0.5143E-07
     1    90     1     1        0  0.0000E+00  0.5829E+02  0.1812E+04  0.1000E+03
     1    90     1     2        0  0.1392E+05  0.2143E-04  0.1984E+00  0.1089E-01
     1    90     1     3        0  0.1587E+01  0.3325E+02  0.0000E+00  0.7530E-10
     1    90     1     4        0  0.2597E+01  0.3041E-02  0.0000E+00  0.4207E-03
     1    90     1     5        0  0.5917E-01  0.1000E+00  0.0000E+00  0.4462E-07
     1    91     1     1        0  0.0000E+00  0.9282E+02  0.1966E+04  0.1000E+03
     1    91     1     2        0  0.1500E+05  0.3556E-04  0.2394E+00  0.1501E-01
     1    91     1     3        0  0.1909E+01  0.4606E+02  0.0000E+00  0.1317E-09
     1    91     1     4        0  0.2852E+01  0.4813E-02  0.0000E+00  0.5390E-03
     1    91     1     5        0  0.6948E-01  0.1399E+00  0.0000E+00  0.6618E-07
     1    92     1     1        0  0.0000E+00  0.9989E+02  0.1406E+04  0.1000E+03
     1    92     1     2        0  0.1030E+05  0.4753E-04  0.1518E+00  0.1123E-01
     1    92     1     3        0  0.1204E+01  0.4416E+02  0.0000E+00  0.5592E-10
     1    92     1     4        0  0.1671E+01  0.3879E-02  0.0000E+00  0.3366E-03
     1    92     1     5        0  0.3478E-01  0.1354E+00  0.0000E+00  0.3620E-07
     1    93     1     1        0  0.0000E+00  0.7221E+02  0.2252E+04  0.1000E+03
     1    93     1     2        0  0.1725E+05  0.6050E-04  0.2544E+00  0.1275E-01
     1    93     1     3        0  0.2012E+01  0.4654E+02  0.0000E+00  0.1170E-09
     1    93     1     4        0  0.3715E+01  0.4471E-02  0.0000E+00  0.5818E-03
     1    93     1     5        0  0.9116E-01  0.1453E+00  0.0000E+00  0.6430E-07
     1    94     1     1        0  0.0000E+00  0.4957E+02  0.9393E+03  0.1000E+03
     1    94     1     2        0  0.6224E+04  0.3281E-04  0.1082E+00  0.1051E-01
     1    94     1     3        0  0.8502E+00  0.1627E+02  0.0000E+00  0.7324E-10
     1    94     1     4        0  0.8320E+00  0.1494E-02  0.0000E+00  0.1876E-03
     1    94     1     5        0  0.1494E-01  0.5067E-01  0.0000E+00  0.2351E-07
     1    95     1     1        0  0.0000E+00  0.4844E+02  0.2441E+04  0.1000E+03
     1    95     1     2        0  0.1870E+05  0.8703E-04  0.2682E+00  0.1179E-01
     1    95     1     3        0  0.2105E+01  0.3311E+02  0.0000E+00  0.1481E-09
     1    95     1     4        0  0.4276E+01  0.3109E-02  0.0000E+00  0.6076E-03
     1    95     1     5        0  0.1074E+00  0.1052E+00  0.0000E+00  0.6487E-07
     1    96     1     1        0  0.0000E+00  0.4570E+02  0.4778E+03  0.1000E+03
     1    96     1     2        0  0.3603E+04  0.2006E-03  0.4577E-01  0.4488E-02
     1    96     1     3        0  0.3559E+00  0.1058E+02  0.0000E+00  0.8794E-10
     1    96     1     4        0  0.2899E+00  0.7543E-03  0.0000E+00  0.3631E-04
     1    97     1     1        0  0.0000E+00  0.1000E+03  0.2550E+04  0.1000E+03
     1    97     1     2        0  0.1942E+05  0.2462E-03  0.2123E+00  0.8527E-02
     1    97     1     3        0  0.1652E+01  0.7394E+02  0.0000E+00  0.5708E-10
     1    97     1     4        0  0.4701E+01  0.5060E-02  0.0000E+00  0.6153E-03
     1    97     1     5        0  0.1164E+00  0.2371E+00  0.0000E+00  0.4899E-07
     1    98     1     1        0  0.0000E+00  0.1000E+03  0.4760E+03  0.1000E+03
     1    98     1     2        0  0.3551E+04  0.1278E-03  0.0000E+00  0.4789E-03
     1    98     1     3        0  0.4270E-01  0.7114E+01  0.0000E+00  0.7006E-10
     1    98     1     4        0  0.1519E-01  0.3292E-03  0.0000E+00  0.1184E-04
     1    99     1     1        0  0.0000E+00  0.6821E+02  0.2563E+04  0.1000E+03
     1    99     1     2        0  0.1934E+05  0.1254E-03  0.1549E+00  0.6089E-02
     1    99     1     3        0  0.1194E+01  0.5800E+02  0.0000E+00  0.1089E-09
     1    99     1     4        0  0.4715E+01  0.2866E-02  0.0000E+00  0.6018E-03
     1    99     1     5        0  0.1165E+00  0.1863E+00  0.0000E+00  0.3519E-07
     1   100     1     1        0  0.0000E+00  0.1559E+02  0.4394E+03  0.1000E+03
     1   100     1     2        0  0.3371E+04  0.8664E-04  0.0000E+00  0.2014E-02
     1   100     1     3        0  0.7960E-01  0.5079E+01  0.0000E+00  0.1603E-09
     1   100     1     4        0  0.8276E-01  0.1586E-03  0.0000E+00  0.1391E-04
     1   101     1     1        0  0.0000E+00  0.3209E+02  0.2475E+04  0.1000E+03
     1   101     1     2        0  0.1853E+05  0.5951E-04  0.5537E-01  0.2287E-02
     1   101     1     3        0  0.4232E+00  0.3627E+02  0.0000E+00  0.9085E-10
     1   101     1     4        0  0.4421E+01  0.7646E-03  0.0000E+00  0.5791E-03
     1   101     1     5        0  0.1084E+00  0.1173E+00  0.0000E+00  0.1268E-07
     1   102     1     1        0  0.0000E+00  0.3361E+02  0.7154E+03  0.1000E+03
     1   102     1     2        0  0.4033E+04  0.5507E-04  0.0000E+00  0.4065E-03
     1   102     1     3        0  0.2094E-01  0.1375E+02  0.0000E+00  0.1567E-09
     1   102     1     4        0  0.4545E+00  0.1345E-04  0.0000E+00  0.1567E-03
     1   103     1     1        0  0.0000E+00  0.8841E+02  0.2292E+04  0.1000E+03
     1   103     1     2        0  0.1694E+05  0.2164E-03  0.0000E+00  0.5493E-03
     1   103     1     3        0  0.1006E+00  0.5870E+02  0.0000E+00  0.4619E-10
     1   103     1     4        0  0.3855E+01  0.4227E-03  0.0000E+00  0.5410E-03
     1   103     1     5        0  0.9265E-01  0.1915E+00  0.0000E+00  0.2545E-08
     1   104     1     1        0  0.0000E+00  0.1000E+03  0.1167E+04  0.1000E+03
     1   104     1     2        0  0.7632E+04  0.1706E-03  0.3645E-01  0.4372E-02
     1   104     1     3        0  0.2749E+00  0.5240E+02  0.0000E+00  0.9992E-10
     1   104     1     4        0  0.1061E+01  0.1317E-02  0.0000E+00  0.3622E-03
     1   104     1     5        0  0.2262E-01  0.1695E+00  0.0000E+00  0.1210E-07
     1   105     1     1        0  0.0000E+00  0.3829E+02  0.2034E+04  0.1000E+03
     1   105     1     2        0  0.1473E+05  0.3386E-04  0.7706E-01  0.3530E-02
     1   105     1     3        0  0.5801E+00  0.5619E+02  0.0000E+00  0.7166E-10
     1   105     1     4        0  0.3117E+01  0.1691E-02  0.0000E+00  0.4864E-03
     1   105     1     5        0  0.7219E-01  0.1863E+00  0.0000E+00  0.1692E-07
     1   106     1     1        0  0.0000E+00  0.3980E+02  0.1575E+04  0.1000E+03
     1   106     1     2        0  0.1081E+05  0.9058E-04  0.9304E-01  0.7992E-02
     1   106     1     3        0  0.6978E+00  0.2493E+02  0.0000E+00  0.1982E-09
     1   106     1     4        0  0.1859E+01  0.1223E-02  0.0000E+00  0.4854E-03
     1   106     1     5        0  0.4224E-01  0.8276E-01  0.0000E+00  0.2951E-07
     1   107     1     1        0  0.0000E+00  0.2631E+02  0.1693E+04  0.1000E+03
     1   107     1     2        0  0.1189E+05  0.1399E-04  0.9323E-01  0.5341E-02
     1   107     1     3        0  0.6970E+00  0.2527E+02  0.0000E+00  0.4464E-10
     1   107     1     4        0  0.2206E+01  0.1296E-02  0.0000E+00  0.4144E-03
     1   107     1     5        0  0.4948E-01  0.8509E-01  0.0000E+00  0.2151E-07
     1   108     1     1        0  0.0000E+00  0.3697E+02  0.1908E+04  0.1000E+03
     1   108     1     2        0  0.1342E+05  0.7014E-04  0.1346E+00  0.8512E-02
     1   108     1     3        0  0.1004E+01  0.3071E+02  0.0000E+00  0.2073E-09
     1   108     1     4        0  0.2611E+01  0.1870E-02  0.0000E+00  0.5467E-03
     1   108     1     5        0  0.6304E-01  0.1042E+00  0.0000E+00  0.3803E-07
     1   109     1     1        0  0.0000E+00  0.5940E+02  0.1300E+04  0.1000E+03
     1   109     1     2        0  0.8621E+04  0.1182E-03  0.9116E-01  0.7349E-02
     1   109     1     3        0  0.6767E+00  0.3881E+02  0.0000E+00  0.7213E-10
     1   109     1     4        0  0.1416E+01  0.2271E-02  0.0000E+00  0.3291E-03
     1   109     1     5        0  0.2832E-01  0.1321E+00  0.0000E+00  0.2303E-07
     1   110     1     1        0  0.0000E+00  0.1000E+03  0.2174E+04  0.1000E+03
     1   110     1     2        0  0.1544E+05  0.5832E-04  0.1696E+00  0.8754E-02
     1   110     1     3        0  0.1257E+01  0.6300E+02  0.0000E+00  0.9354E-10
     1   110     1     4        0  0.3380E+01  0.4305E-02  0.0000E+00  0.5874E-03
     1   110     1     5        0  0.8217E-01  0.2173E+00  0.0000E+00  0.4455E-07
     1   111     1     1        0  0.0000E+00  0.6764E+02  0.8509E+03  0.1000E+03
     1   111     1     2        0  0.4958E+04  0.2293E-04  0.6008E-01  0.5843E-02
     1   111     1     3        0  0.4426E+00  0.3263E+02  0.0000E+00  0.6628E-10
     1   111     1     4        0  0.7003E+00  0.1822E-02  0.0000E+00  0.1621E-03
     1   111     1     5        0  0.1147E-01  0.1120E+00  0.0000E+00  0.1242E-07
     1   112     1     1        0  0.0000E+00  0.4140E+02  0.2349E+04  0.1000E+03
     1   112     1     2        0  0.1674E+05  0.2192E-03  0.1637E+00  0.7358E-02
     1   112     1     3        0  0.1205E+01  0.3754E+02  0.0000E+00  0.1849E-09
     1   112     1     4        0  0.3932E+01  0.2309E-02  0.0000E+00  0.6110E-03
     1   112     1     5        0  0.9632E-01  0.1309E+00  0.0000E+00  0.4062E-07
     1   113     1     1        0  0.0000E+00  0.2514E+02  0.4910E+03  0.1000E+03
     1   113     1     2        0  0.3491E+04  0.4426E-04  0.2659E-01  0.2661E-02
     1   113     1     3        0  0.1943E+00  0.7804E+01  0.0000E+00  0.7316E-10
     1   113     1     4        0  0.2139E+00  0.3873E-03  0.0000E+00  0.2539E-04
     1   114     1     1        0  0.0000E+00  0.4276E+02  0.2444E+04  0.1000E+03
     1   114     1     2        0  0.1737E+05  0.3999E-04  0.1365E+00  0.5691E-02
     1   114     1     3        0  0.9978E+00  0.3870E+02  0.0000E+00  0.7359E-10
     1   114     1     4        0  0.4221E+01  0.1888E-02  0.0000E+00  0.6163E-03
     1   114     1     5        0  0.1040E+00  0.1358E+00  0.0000E+00  0.3266E-07
     1   115     1     1        0  0.0000E+00  0.3631E+02  0.4877E+03  0.1000E+03
     1   115     1     2        0  0.3435E+04  0.6051E-04  0.0000E+00  0.2752E-03
     1   115     1     3        0  0.2277E-01  0.2549E+01  0.0000E+00  0.7114E-10
     1   115     1     4        0  0.6456E-02  0.5292E-04  0.0000E+00  0.1200E-04
     1   116     1     1        0  0.0000E+00  0.1000E+03  0.2442E+04  0.1000E+03
     1   116     1     2        0  0.1728E+05  0.2645E-03  0.7006E-01  0.2834E-02
     1   116     1     3        0  0.5087E+00  0.7138E+02  0.0000E+00  0.5889E-10
     1   116     1     4        0  0.4232E+01  0.1696E-02  0.0000E+00  0.6006E-03
     1   116     1     5        0  0.1035E+00  0.2491E+00  0.0000E+00  0.1619E-07
     1   117     1     1        0  0.0000E+00  0.5425E+02  0.4546E+03  0.1000E+03
     1   117     1     2        0  0.3291E+04  0.8300E-04  0.0000E+00  0.3408E-03
     1   117     1     3        0  0.1334E-01  0.1249E+02  0.0000E+00  0.1483E-09
     1   117     1     4        0  0.9219E-01  0.1041E-03  0.0000E+00  0.1419E-04
     1   118     1     1        0  0.0000E+00  0.3744E+02  0.2356E+04  0.1000E+03
     1   118     1     2        0  0.1652E+05  0.3277E-04  0.0000E+00  0.1570E-03
     1   118     1     3        0  0.2284E-01  0.4085E+02  0.0000E+00  0.6740E-10
     1   118     1     4        0  0.3997E+01  0.5115E-04  0.0000E+00  0.5771E-03
     1   118     1     5        0  0.9580E-01  0.1435E+00  0.0000E+00  0.8718E-09
     1   119     1     1        0  0.0000E+00  0.2285E+02  0.7297E+03  0.1000E+03
     1   119     1     2        0  0.3756E+04  0.6230E-04  0.0000E+00  0.3406E-02
     1   119     1     3        0  0.1323E+00  0.1143E+02  0.0000E+00  0.1867E-09
     1   119     1     4        0  0.4721E+00  0.2218E-03  0.0000E+00  0.1837E-03
     1   120     1     1        0  0.0000E+00  0.2795E+02  0.2175E+04  0.1000E+03
     1   120     1     2        0  0.1504E+05  0.4390E-04  0.6586E-01  0.2839E-02
     1   120     1     3        0  0.4721E+00  0.3632E+02  0.0000E+00  0.7529E-10
     1   120     1     4        0  0.3408E+01  0.9672E-03  0.0000E+00  0.5373E-03
     1   120     1     5        0  0.8131E-01  0.1288E+00  0.0000E+00  0.1512E-07
     1   121     1     1        0  0.0000E+00  0.4543E+02  0.1159E+04  0.1000E+03
     1   121     1     2        0  0.7012E+04  0.1801E-03  0.6292E-01  0.8284E-02
     1   121     1     3        0  0.4492E+00  0.2739E+02  0.0000E+00  0.3967E-09
     1   121     1     4        0  0.1025E+01  0.1217E-02  0.0000E+00  0.3890E-03
     1   121     1     5        0  0.2164E-01  0.9628E-01  0.0000E+00  0.2369E-07
     1   122     1     1        0  0.0000E+00  0.1000E+03  0.1921E+04  0.1000E+03
     1   122     1     2        0  0.1300E+05  0.1334E-03  0.1031E+00  0.5198E-02
     1   122     1     3        0  0.7352E+00  0.6757E+02  0.0000E+00  0.3931E-10
     1   122     1     4        0  0.2746E+01  0.3250E-02  0.0000E+00  0.4809E-03
     1   122     1     5        0  0.6271E-01  0.2420E+00  0.0000E+00  0.2442E-07
     1   123     1     1        0  0.0000E+00  0.7610E+02  0.1546E+04  0.1000E+03
     1   123     1     2        0  0.9935E+04  0.1400E-03  0.1133E+00  0.1003E-01
     1   123     1     3        0  0.8053E+00  0.4745E+02  0.0000E+00  0.1443E-09
     1   123     1     4        0  0.1744E+01  0.2886E-02  0.0000E+00  0.4950E-03
     1   123     1     5        0  0.3965E-01  0.1699E+00  0.0000E+00  0.3784E-07
     1   124     1     1        0  0.0000E+00  0.4063E+02  0.1588E+04  0.1000E+03
     1   124     1     2        0  0.1039E+05  0.5466E-04  0.1154E+00  0.7331E-02
     1   124     1     3        0  0.8183E+00  0.3234E+02  0.0000E+00  0.4751E-10
     1   124     1     4        0  0.1962E+01  0.1900E-02  0.0000E+00  0.4075E-03
     1   124     1     5        0  0.4233E-01  0.1169E+00  0.0000E+00  0.2884E-07
     1   125     1     1        0  0.0000E+00  0.3808E+02  0.1861E+04  0.1000E+03
     1   125     1     2        0  0.1231E+05  0.5639E-04  0.1600E+00  0.1053E-01
     1   125     1     3        0  0.1132E+01  0.2690E+02  0.0000E+00  0.1417E-09
     1   125     1     4        0  0.2486E+01  0.1985E-02  0.0000E+00  0.5532E-03
     1   125     1     5        0  0.5857E-01  0.9776E-01  0.0000E+00  0.4784E-07
     1   126     1     1        0  0.0000E+00  0.3687E+02  0.1206E+04  0.1000E+03
     1   126     1     2        0  0.7382E+04  0.3321E-05  0.9745E-01  0.8710E-02
     1   126     1     3        0  0.6869E+00  0.2093E+02  0.0000E+00  0.5646E-10
     1   126     1     4        0  0.1204E+01  0.1506E-02  0.0000E+00  0.3210E-03
     1   126     1     5        0  0.2358E-01  0.7632E-01  0.0000E+00  0.2642E-07
     1   127     1     1        0  0.0000E+00  0.5133E+02  0.2110E+04  0.1000E+03
     1   127     1     2        0  0.1413E+05  0.2915E-04  0.1827E+00  0.9794E-02
     1   127     1     3        0  0.1286E+01  0.4299E+02  0.0000E+00  0.1278E-09
     1   127     1     4        0  0.3137E+01  0.3279E-02  0.0000E+00  0.5920E-03
     1   127     1     5        0  0.7581E-01  0.1585E+00  0.0000E+00  0.5039E-07
     1   128     1     1        0  0.0000E+00  0.9996E+02  0.7723E+03  0.1000E+03
     1   128     1     2        0  0.4021E+04  0.2076E-03  0.6387E-01  0.6506E-02
     1   128     1     3        0  0.4475E+00  0.4155E+02  0.0000E+00  0.7945E-10
     1   128     1     4        0  0.5818E+00  0.2725E-02  0.0000E+00  0.1403E-03
     1   128     1     5        0  0.8933E-02  0.1521E+00  0.0000E+00  0.1314E-07
     1   129     1     1        0  0.0000E+00  0.9532E+02  0.2272E+04  0.1000E+03
     1   129     1     2        0  0.1530E+05  0.3050E-03  0.1793E+00  0.8452E-02
     1   129     1     3        0  0.1256E+01  0.6707E+02  0.0000E+00  0.9928E-10
     1   129     1     4        0  0.3614E+01  0.4545E-02  0.0000E+00  0.6136E-03
     1   129     1     5        0  0.8833E-01  0.2489E+00  0.0000E+00  0.4693E-07
     1   130     1     1        0  0.0000E+00  0.3912E+02  0.4961E+03  0.1000E+03
     1   130     1     2        0  0.3367E+04  0.3855E-04  0.2492E-01  0.2609E-02
     1   130     1     3        0  0.1734E+00  0.1091E+02  0.0000E+00  0.6583E-10
     1   130     1     4        0  0.1733E+00  0.5424E-03  0.0000E+00  0.1665E-04
     1   131     1     1        0  0.0000E+00  0.3862E+02  0.2356E+04  0.1000E+03
     1   131     1     2        0  0.1586E+05  0.5647E-04  0.1410E+00  0.6163E-02
     1   131     1     3        0  0.9823E+00  0.3441E+02  0.0000E+00  0.9474E-10
     1   131     1     4        0  0.3929E+01  0.1801E-02  0.0000E+00  0.6166E-03
     1   131     1     5        0  0.9485E-01  0.1282E+00  0.0000E+00  0.3547E-07
     1   132     1     1        0  0.0000E+00  0.1769E+02  0.4920E+03  0.1000E+03
     1   132     1     2        0  0.3312E+04  0.5926E-04  0.0000E+00  0.3024E-03
     1   132     1     3        0  0.2292E-01  0.4481E+00  0.0000E+00  0.7737E-10
     1   133     1     1        0  0.0000E+00  0.4485E+02  0.2346E+04  0.1000E+03
     1   133     1     2        0  0.1575E+05  0.1249E-03  0.7763E-01  0.3353E-02
     1   133     1     3        0  0.5378E+00  0.4743E+02  0.0000E+00  0.1939E-09
     1   133     1     4        0  0.3865E+01  0.1276E-02  0.0000E+00  0.5988E-03
     1   133     1     5        0  0.9398E-01  0.1759E+00  0.0000E+00  0.1919E-07
     1   134     1     1        0  0.0000E+00  0.6402E+02  0.4637E+03  0.1000E+03
     1   134     1     2        0  0.3208E+04  0.4202E-03  0.0000E+00  0.6545E-03
     1   134     1     3        0  0.2279E-01  0.1837E+02  0.0000E+00  0.1634E-09
     1   134     1     4        0  0.1092E+00  0.1919E-03  0.0000E+00  0.1469E-04
     1   135     1     1        0  0.0000E+00  0.1000E+03  0.2256E+04  0.1000E+03
     1   135     1     2        0  0.1501E+05  0.1598E-03  0.0000E+00  0.2946E-03
     1   135     1     3        0  0.4057E-01  0.7381E+02  0.0000E+00  0.4600E-10
     1   135     1     4        0  0.3618E+01  0.6155E-04  0.0000E+00  0.5743E-03
     1   135     1     5        0  0.8641E-01  0.2744E+00  0.0000E+00  0.1634E-08
     1   136     1     1        0  0.0000E+00  0.3959E+02  0.7457E+03  0.1000E+03
     1   136     1     2        0  0.3617E+04  0.1499E-03  0.0000E+00  0.3458E-02
     1   136     1     3        0  0.1248E+00  0.1862E+02  0.0000E+00  0.2541E-09
     1   136     1     4        0  0.4675E+00  0.3146E-03  0.0000E+00  0.2137E-03
     1   137     1     1        0  0.0000E+00  0.3425E+02  0.2075E+04  0.1000E+03
     1   137     1     2        0  0.1362E+05  0.1092E-03  0.5829E-01  0.2570E-02
     1   137     1     3        0  0.3998E+00  0.3300E+02  0.0000E+00  0.4558E-10
     1   137     1     4        0  0.3125E+01  0.8648E-03  0.0000E+00  0.5330E-03
     1   137     1     5        0  0.7278E-01  0.1234E+00  0.0000E+00  0.1359E-07
     1   138     1     1        0  0.0000E+00  0.3113E+02  0.1157E+04  0.1000E+03
     1   138     1     2        0  0.6628E+04  0.7592E-04  0.6020E-01  0.8005E-02
     1   138     1     3        0  0.4116E+00  0.1804E+02  0.0000E+00  0.2208E-09
     1   138     1     4        0  0.1026E+01  0.7398E-03  0.0000E+00  0.4126E-03
     1   138     1     5        0  0.2115E-01  0.6676E-01  0.0000E+00  0.2364E-07
     1   139     1     1        0  0.0000E+00  0.3443E+02  0.1823E+04  0.1000E+03
     1   139     1     2        0  0.1169E+05  0.3078E-04  0.9715E-01  0.5141E-02
     1   139     1     3        0  0.6633E+00  0.4053E+02  0.0000E+00  0.3934E-10
     1   139     1     4        0  0.2456E+01  0.1937E-02  0.0000E+00  0.4749E-03
     1   139     1     5        0  0.5556E-01  0.1528E+00  0.0000E+00  0.2380E-07
     1   140     1     1        0  0.0000E+00  0.7072E+02  0.1525E+04  0.1000E+03
     1   140     1     2        0  0.9327E+04  0.2154E-03  0.1105E+00  0.9799E-02
     1   140     1     3        0  0.7526E+00  0.5013E+02  0.0000E+00  0.2564E-09
     1   140     1     4        0  0.1687E+01  0.3015E-02  0.0000E+00  0.5036E-03
     1   140     1     5        0  0.3801E-01  0.1888E+00  0.0000E+00  0.3776E-07
     1   141     1     1        0  0.0000E+00  0.1000E+03  0.1498E+04  0.1000E+03
     1   141     1     2        0  0.9246E+04  0.4718E-04  0.1058E+00  0.7137E-02
     1   141     1     3        0  0.7194E+00  0.6909E+02  0.0000E+00  0.6888E-10
     1   141     1     4        0  0.1729E+01  0.4091E-02  0.0000E+00  0.4000E-03
     1   141     1     5        0  0.3689E-01  0.2623E+00  0.0000E+00  0.2745E-07
     1   142     1     1        0  0.0000E+00  0.5598E+02  0.1824E+04  0.1000E+03
     1   142     1     2        0  0.1151E+05  0.1315E-03  0.1523E+00  0.1013E-01
     1   142     1     3        0  0.1034E+01  0.3954E+02  0.0000E+00  0.1699E-09
     1   142     1     4        0  0.2343E+01  0.2989E-02  0.0000E+00  0.5589E-03
     1   142     1     5        0  0.5548E-01  0.1510E+00  0.0000E+00  0.4666E-07
     1   143     1     1        0  0.0000E+00  0.3654E+02  0.1124E+04  0.1000E+03
     1   143     1     2        0  0.6435E+04  0.9466E-04  0.8947E-01  0.8675E-02
     1   143     1     3        0  0.6054E+00  0.2090E+02  0.0000E+00  0.8123E-10
     1   143     1     4        0  0.1075E+01  0.1371E-02  0.0000E+00  0.3124E-03
     1   143     1     5        0  0.1996E-01  0.7986E-01  0.0000E+00  0.2545E-07
     1   144     1     1        0  0.0000E+00  0.4034E+02  0.2058E+04  0.1000E+03
     1   144     1     2        0  0.1318E+05  0.4525E-04  0.1743E+00  0.9518E-02
     1   144     1     3        0  0.1179E+01  0.3050E+02  0.0000E+00  0.1806E-09
     1   144     1     4        0  0.2999E+01  0.2250E-02  0.0000E+00  0.5959E-03
     1   144     1     5        0  0.7123E-01  0.1178E+00  0.0000E+00  0.4939E-07
     1   145     1     1        0  0.0000E+00  0.4094E+02  0.7022E+03  0.1000E+03
     1   145     1     2        0  0.3300E+04  0.1270E-04  0.5626E-01  0.5850E-02
     1   145     1     3        0  0.3789E+00  0.1642E+02  0.0000E+00  0.7226E-10
     1   145     1     4        0  0.4869E+00  0.1070E-02  0.0000E+00  0.1211E-03
     1   146     1     1        0  0.0000E+00  0.6868E+02  0.2208E+04  0.1000E+03
     1   146     1     2        0  0.1424E+05  0.8073E-04  0.1666E+00  0.8033E-02
     1   146     1     3        0  0.1122E+01  0.6231E+02  0.0000E+00  0.1298E-09
     1   146     1     4        0  0.3402E+01  0.4072E-02  0.0000E+00  0.6155E-03
     1   146     1     5        0  0.8250E-01  0.2421E+00  0.0000E+00  0.4483E-07
     1   147     1     1        0  0.0000E+00  0.9979E+02  0.4967E+03  0.1000E+03
     1   147     1     2        0  0.3247E+04  0.2250E-03  0.2032E-01  0.2190E-02
     1   147     1     3        0  0.1360E+00  0.2540E+02  0.0000E+00  0.7982E-10
     1   147     1     4        0  0.1292E+00  0.1234E-02  0.0000E+00  0.1203E-04
     1   148     1     1        0  0.0000E+00  0.6635E+02  0.2283E+04  0.1000E+03
     1   148     1     2        0  0.1473E+05  0.4908E-04  0.1290E+00  0.5796E-02
     1   148     1     3        0  0.8651E+00  0.5205E+02  0.0000E+00  0.4514E-10
     1   148     1     4        0  0.3637E+01  0.2593E-02  0.0000E+00  0.6163E-03
     1   148     1     5        0  0.8804E-01  0.2022E+00  0.0000E+00  0.3337E-07
     1   149     1     1        0  0.0000E+00  0.1901E+02  0.4695E+03  0.1000E+03
     1   149     1     2        0  0.3144E+04  0.8602E-04  0.0000E+00  0.3110E-03
     1   149     1     3        0  0.2126E-01  0.3467E+00  0.0000E+00  0.7819E-10
     1   150     1     1        0  0.0000E+00  0.4218E+02  0.2266E+04  0.1000E+03
     1   150     1     2        0  0.1459E+05  0.1090E-03  0.6527E-01  0.2915E-02
     1   150     1     3        0  0.4358E+00  0.3439E+02  0.0000E+00  0.7095E-10
     1   150     1     4        0  0.3630E+01  0.8878E-03  0.0000E+00  0.5974E-03
     1   150     1     5        0  0.8671E-01  0.1326E+00  0.0000E+00  0.1658E-07
     1   151     1     1        0  0.0000E+00  0.2613E+02  0.4673E+03  0.1000E+03
     1   151     1     2        0  0.3119E+04  0.7624E-04  0.0000E+00  0.3834E-03
     1   151     1     3        0  0.1292E-01  0.7958E+01  0.0000E+00  0.1155E-09
     1   151     1     4        0  0.1290E+00  0.6450E-04  0.0000E+00  0.1990E-04
     1   152     1     1        0  0.0000E+00  0.5332E+02  0.2171E+04  0.1000E+03
     1   152     1     2        0  0.1386E+05  0.1273E-03  0.0000E+00  0.2384E-03
     1   152     1     3        0  0.3108E-01  0.6590E+02  0.0000E+00  0.1359E-09
     1   152     1     4        0  0.3344E+01  0.3303E-03  0.0000E+00  0.5715E-03
     1   152     1     5        0  0.7921E-01  0.2547E+00  0.0000E+00  0.9823E-09
     1   153     1     1        0  0.0000E+00  0.8825E+02  0.7634E+03  0.1000E+03
     1   153     1     2        0  0.3567E+04  0.1283E-03  0.2123E-01  0.4162E-02
     1   153     1     3        0  0.1406E+00  0.5001E+02  0.0000E+00  0.2160E-09
     1   153     1     4        0  0.4898E+00  0.1035E-02  0.0000E+00  0.2403E-03
     1   154     1     1        0  0.0000E+00  0.6918E+02  0.1988E+04  0.1000E+03
     1   154     1     2        0  0.1252E+05  0.1053E-03  0.6287E-01  0.2945E-02
     1   154     1     3        0  0.4163E+00  0.5491E+02  0.0000E+00  0.4488E-10
     1   154     1     4        0  0.2840E+01  0.1564E-02  0.0000E+00  0.5284E-03
     1   154     1     5        0  0.6616E-01  0.2132E+00  0.0000E+00  0.1538E-07
     1   155     1     1        0  0.0000E+00  0.3714E+02  0.1158E+04  0.1000E+03
     1   155     1     2        0  0.6392E+04  0.2288E-04  0.6377E-01  0.8616E-02
     1   155     1     3        0  0.4212E+00  0.2202E+02  0.0000E+00  0.1730E-09
     1   155     1     4        0  0.9995E+00  0.1087E-02  0.0000E+00  0.4339E-03
     1   155     1     5        0  0.2101E-01  0.8489E-01  0.0000E+00  0.2631E-07
     1   156     1     1        0  0.0000E+00  0.3334E+02  0.1738E+04  0.1000E+03
     1   156     1     2        0  0.1068E+05  0.2056E-04  0.9668E-01  0.5418E-02
     1   156     1     3        0  0.6380E+00  0.2847E+02  0.0000E+00  0.5014E-10
     1   156     1     4        0  0.2264E+01  0.1359E-02  0.0000E+00  0.4685E-03
     1   156     1     5        0  0.4994E-01  0.1113E+00  0.0000E+00  0.2468E-07
     1   157     1     1        0  0.0000E+00  0.4336E+02  0.1510E+04  0.1000E+03
     1   157     1     2        0  0.8900E+04  0.4176E-04  0.1120E+00  0.9971E-02
     1   157     1     3        0  0.7379E+00  0.2686E+02  0.0000E+00  0.1308E-09
     1   157     1     4        0  0.1662E+01  0.1724E-02  0.0000E+00  0.5115E-03
     1   157     1     5        0  0.3697E-01  0.1049E+00  0.0000E+00  0.3928E-07
     1   158     1     1        0  0.0000E+00  0.6790E+02  0.1418E+04  0.1000E+03
     1   158     1     2        0  0.8351E+04  0.3839E-04  0.1027E+00  0.7396E-02
     1   158     1     3        0  0.6754E+00  0.5101E+02  0.0000E+00  0.4307E-10
     1   158     1     4        0  0.1556E+01  0.3013E-02  0.0000E+00  0.3922E-03
     1   158     1     5        0  0.3262E-01  0.2008E+00  0.0000E+00  0.2781E-07
     1   159     1     1        0  0.0000E+00  0.9627E+02  0.1796E+04  0.1000E+03
     1   159     1     2        0  0.1092E+05  0.2034E-03  0.1515E+00  0.1019E-01
     1   159     1     3        0  0.9954E+00  0.7461E+02  0.0000E+00  0.1853E-09
     1   159     1     4        0  0.2279E+01  0.5520E-02  0.0000E+00  0.5640E-03
     1   159     1     5        0  0.5336E-01  0.2952E+00  0.0000E+00  0.4766E-07
     1   160     1     1        0  0.0000E+00  0.6979E+02  0.1051E+04  0.1000E+03
     1   160     1     2        0  0.5685E+04  0.1846E-03  0.8419E-01  0.8878E-02
     1   160     1     3        0  0.5515E+00  0.3793E+02  0.0000E+00  0.1152E-09
     1   160     1     4        0  0.9328E+00  0.2513E-02  0.0000E+00  0.3034E-03
     1   160     1     5        0  0.1710E-01  0.1500E+00  0.0000E+00  0.2518E-07
     1   161     1     1        0  0.0000E+00  0.4722E+02  0.2017E+04  0.1000E+03
     1   161     1     2        0  0.1246E+05  0.2572E-03  0.1699E+00  0.9445E-02
     1   161     1     3        0  0.1113E+01  0.3684E+02  0.0000E+00  0.1363E-09
     1   161     1     4        0  0.2836E+01  0.2742E-02  0.0000E+00  0.5992E-03
     1   161     1     5        0  0.6789E-01  0.1471E+00  0.0000E+00  0.4947E-07
     1   162     1     1        0  0.0000E+00  0.3305E+02  0.6386E+03  0.1000E+03
     1   162     1     2        0  0.3137E+04  0.2709E-04  0.5116E-01  0.5463E-02
     1   162     1     3        0  0.3337E+00  0.1324E+02  0.0000E+00  0.9920E-10
     1   162     1     4        0  0.4277E+00  0.7682E-03  0.0000E+00  0.1037E-03
     1   163     1     1        0  0.0000E+00  0.5148E+02  0.2156E+04  0.1000E+03
     1   163     1     2        0  0.1343E+05  0.1339E-04  0.1599E+00  0.7888E-02
     1   163     1     3        0  0.1044E+01  0.3721E+02  0.0000E+00  0.6199E-10
     1   163     1     4        0  0.3261E+01  0.2495E-02  0.0000E+00  0.6169E-03
     1   163     1     5        0  0.7808E-01  0.1487E+00  0.0000E+00  0.4421E-07
     1   164     1     1        0  0.0000E+00  0.4631E+02  0.4948E+03  0.1000E+03
     1   164     1     2        0  0.3140E+04  0.1228E-04  0.0000E+00  0.1849E-02
     1   164     1     3        0  0.1076E+00  0.1093E+02  0.0000E+00  0.6340E-10
     1   164     1     4        0  0.9863E-01  0.5304E-03  0.0000E+00  0.1221E-04
     1   165     1     1        0  0.0000E+00  0.9958E+02  0.2221E+04  0.1000E+03
     1   165     1     2        0  0.1386E+05  0.9142E-04  0.1200E+00  0.5545E-02
     1   165     1     3        0  0.7803E+00  0.9886E+02  0.0000E+00  0.1158E-09
     1   165     1     4        0  0.3455E+01  0.4487E-02  0.0000E+00  0.6156E-03
     1   165     1     5        0  0.8281E-01  0.3951E+00  0.0000E+00  0.3195E-07
     1   166     1     1        0  0.0000E+00  0.3533E+02  0.4704E+03  0.1000E+03
     1   166     1     2        0  0.3058E+04  0.1362E-03  0.0000E+00  0.3135E-03
     1   166     1     3        0  0.1891E-01  0.1816E+01  0.0000E+00  0.7534E-10
     1   166     1     4        0  0.2097E-02  0.7565E-04  0.0000E+00  0.1035E-04
     1   167     1     1        0  0.0000E+00  0.4810E+02  0.2197E+04  0.1000E+03
     1   167     1     2        0  0.1369E+05  0.9625E-04  0.5716E-01  0.2659E-02
     1   167     1     3        0  0.3704E+00  0.4256E+02  0.0000E+00  0.9693E-10
     1   167     1     4        0  0.3375E+01  0.9599E-03  0.0000E+00  0.5959E-03
     1   167     1     5        0  0.8104E-01  0.1691E+00  0.0000E+00  0.1506E-07
     1   168     1     1        0  0.0000E+00  0.2164E+02  0.4678E+03  0.1000E+03
     1   168     1     2        0  0.3033E+04  0.5592E-04  0.0000E+00  0.1967E-03
     1   168     1     3        0  0.6043E-02  0.7688E+01  0.0000E+00  0.1293E-09
     1   168     1     4        0  0.1396E+00  0.1883E-04  0.0000E+00  0.3074E-04
     1   169     1     1        0  0.0000E+00  0.4828E+02  0.2097E+04  0.1000E+03
     1   169     1     2        0  0.1295E+05  0.1224E-03  0.0000E+00  0.4321E-03
     1   169     1     3        0  0.6739E-01  0.3655E+02  0.0000E+00  0.4409E-10
     1   169     1     4        0  0.3148E+01  0.1624E-03  0.0000E+00  0.5683E-03
     1   169     1     5        0  0.7349E-01  0.1453E+00  0.0000E+00  0.2222E-08
     1   170     1     1        0  0.0000E+00  0.4918E+02  0.7826E+03  0.1000E+03
     1   170     1     2        0  0.3574E+04  0.5033E-04  0.2388E-01  0.4711E-02
     1   170     1     3        0  0.1538E+00  0.2183E+02  0.0000E+00  0.2046E-09
     1   170     1     4        0  0.5095E+00  0.5611E-03  0.0000E+00  0.2662E-03
     1   170     1     5        0  0.8703E-02  0.8530E-01  0.0000E+00  0.1024E-07
     1   171     1     1        0  0.0000E+00  0.8343E+02  0.1913E+04  0.1000E+03
     1   171     1     2        0  0.1164E+05  0.1164E-03  0.6497E-01  0.3174E-02
     1   171     1     3        0  0.4183E+00  0.1000E+03  0.0000E+00  0.7331E-10
     1   171     1     4        0  0.2647E+01  0.2872E-02  0.0000E+00  0.5234E-03
     1   171     1     5        0  0.6087E-01  0.3995E+00  0.0000E+00  0.1638E-07
     1   172     1     1        0  0.0000E+00  0.6624E+02  0.1164E+04  0.1000E+03
     1   172     1     2        0  0.6248E+04  0.1808E-03  0.6619E-01  0.8810E-02
     1   172     1     3        0  0.4252E+00  0.4302E+02  0.0000E+00  0.2794E-09
     1   172     1     4        0  0.1021E+01  0.2070E-02  0.0000E+00  0.4456E-03
     1   172     1     5        0  0.2112E-01  0.1704E+00  0.0000E+00  0.2770E-07
     1   173     1     1        0  0.0000E+00  0.4156E+02  0.1664E+04  0.1000E+03
     1   173     1     2        0  0.9864E+04  0.9575E-04  0.9538E-01  0.5612E-02
     1   173     1     3        0  0.6123E+00  0.3733E+02  0.0000E+00  0.4555E-10
     1   173     1     4        0  0.2052E+01  0.1764E-02  0.0000E+00  0.4618E-03
     1   173     1     5        0  0.4540E-01  0.1500E+00  0.0000E+00  0.2518E-07
     1   174     1     1        0  0.0000E+00  0.3816E+02  0.1502E+04  0.1000E+03
     1   174     1     2        0  0.8597E+04  0.1105E-03  0.1129E+00  0.1003E-01
     1   174     1     3        0  0.7240E+00  0.2616E+02  0.0000E+00  0.2172E-09
     1   174     1     4        0  0.1612E+01  0.1663E-02  0.0000E+00  0.5189E-03
     1   174     1     5        0  0.3640E-01  0.1051E+00  0.0000E+00  0.4026E-07
     1   175     1     1        0  0.0000E+00  0.3500E+02  0.1347E+04  0.1000E+03
     1   175     1     2        0  0.7626E+04  0.2075E-03  0.9860E-01  0.7533E-02
     1   175     1     3        0  0.6311E+00  0.2583E+02  0.0000E+00  0.8428E-10
     1   175     1     4        0  0.1431E+01  0.1618E-02  0.0000E+00  0.3840E-03
     1   175     1     5        0  0.2912E-01  0.1041E+00  0.0000E+00  0.2768E-07
     1   176     1     1        0  0.0000E+00  0.6659E+02  0.1774E+04  0.1000E+03
     1   176     1     2        0  0.1049E+05  0.8710E-04  0.1498E+00  0.1012E-01
     1   176     1     3        0  0.9581E+00  0.4223E+02  0.0000E+00  0.9411E-10
     1   176     1     4        0  0.2230E+01  0.3064E-02  0.0000E+00  0.5686E-03
     1   176     1     5        0  0.5186E-01  0.1709E+00  0.0000E+00  0.4795E-07
     1   177     1     1        0  0.0000E+00  0.1000E+03  0.9850E+03  0.1000E+03
     1   177     1     2        0  0.5070E+04  0.1683E-04  0.7893E-01  0.8584E-02
     1   177     1     3        0  0.5035E+00  0.5339E+02  0.0000E+00  0.6691E-10
     1   177     1     4        0  0.8372E+00  0.3491E-02  0.0000E+00  0.2804E-03
     1   177     1     5        0  0.1478E-01  0.2159E+00  0.0000E+00  0.2347E-07
     1   178     1     1        0  0.0000E+00  0.8609E+02  0.1984E+04  0.1000E+03
     1   178     1     2        0  0.1192E+05  0.3642E-03  0.1652E+00  0.9297E-02
     1   178     1     3        0  0.1054E+01  0.7206E+02  0.0000E+00  0.2408E-09
     1   178     1     4        0  0.2767E+01  0.5319E-02  0.0000E+00  0.6022E-03
     1   178     1     5        0  0.6541E-01  0.2943E+00  0.0000E+00  0.4910E-07
     1   179     1     1        0  0.0000E+00  0.4122E+02  0.5804E+03  0.1000E+03
     1   179     1     2        0  0.3044E+04  0.5339E-04  0.4606E-01  0.5028E-02
     1   179     1     3        0  0.2928E+00  0.1537E+02  0.0000E+00  0.7207E-10
     1   179     1     4        0  0.3541E+00  0.9916E-03  0.0000E+00  0.8787E-04
     1   180     1     1        0  0.0000E+00  0.4131E+02  0.2113E+04  0.1000E+03
     1   180     1     2        0  0.1280E+05  0.8772E-04  0.1524E+00  0.7653E-02
     1   180     1     3        0  0.9699E+00  0.3588E+02  0.0000E+00  0.1341E-09
     1   180     1     4        0  0.3095E+01  0.2244E-02  0.0000E+00  0.6179E-03
     1   180     1     5        0  0.7468E-01  0.1470E+00  0.0000E+00  0.4308E-07
     1   181     1     1        0  0.0000E+00  0.2722E+02  0.4918E+03  0.1000E+03
     1   181     1     2        0  0.3045E+04  0.1261E-03  0.0000E+00  0.1513E-02
     1   181     1     3        0  0.8303E-01  0.6310E+01  0.0000E+00  0.7432E-10
     1   181     1     4        0  0.7825E-01  0.2684E-03  0.0000E+00  0.1235E-04
     1   182     1     1        0  0.0000E+00  0.6964E+02  0.2169E+04  0.1000E+03
     1   182     1     2        0  0.1317E+05  0.2306E-03  0.1110E+00  0.5245E-02
     1   182     1     3        0  0.7044E+00  0.4910E+02  0.0000E+00  0.8233E-10
     1   182     1     4        0  0.3308E+01  0.2203E-02  0.0000E+00  0.6145E-03
     1   182     1     5        0  0.7866E-01  0.2003E+00  0.0000E+00  0.3021E-07
     1   183     1     1        0  0.0000E+00  0.6985E+02  0.4694E+03  0.1000E+03
     1   183     1     2        0  0.2979E+04  0.3495E-03  0.0000E+00  0.3104E-03
     1   183     1     3        0  0.1667E-01  0.5252E+01  0.0000E+00  0.7546E-10
     1   183     1     4        0  0.5629E-02  0.2061E-03  0.0000E+00  0.1125E-04
     1   184     1     1        0  0.0000E+00  0.8633E+02  0.2138E+04  0.1000E+03
     1   184     1     2        0  0.1296E+05  0.1766E-03  0.4858E-01  0.2343E-02
     1   184     1     3        0  0.3072E+00  0.9524E+02  0.0000E+00  0.1112E-09
     1   184     1     4        0  0.3227E+01  0.1876E-02  0.0000E+00  0.5942E-03
     1   184     1     5        0  0.7648E-01  0.3865E+00  0.0000E+00  0.1320E-07
     1   185     1     1        0  0.0000E+00  0.2681E+02  0.4666E+03  0.1000E+03
     1   185     1     2        0  0.2954E+04  0.6393E-04  0.0000E+00  0.1191E-03
     1   185     1     3        0  0.4088E-02  0.1086E+02  0.0000E+00  0.1887E-09
     1   185     1     4        0  0.1668E+00  0.9258E-05  0.0000E+00  0.4352E-04
     1   186     1     1        0  0.0000E+00  0.3645E+02  0.2033E+04  0.1000E+03
     1   186     1     2        0  0.1222E+05  0.6412E-04  0.0000E+00  0.7127E-03
     1   186     1     3        0  0.1040E+00  0.3718E+02  0.0000E+00  0.7218E-10
     1   186     1     4        0  0.2930E+01  0.2782E-03  0.0000E+00  0.5648E-03
     1   186     1     5        0  0.6883E-01  0.1511E+00  0.0000E+00  0.3773E-08
     1   187     1     1        0  0.0000E+00  0.2866E+02  0.8029E+03  0.1000E+03
     1   187     1     2        0  0.3627E+04  0.4219E-04  0.2683E-01  0.5306E-02
     1   187     1     3        0  0.1688E+00  0.1597E+02  0.0000E+00  0.2830E-09
     1   187     1     4        0  0.5190E+00  0.4444E-03  0.0000E+00  0.2916E-03
     1   187     1     5        0  0.9211E-02  0.6388E-01  0.0000E+00  0.1203E-07
     1   188     1     1        0  0.0000E+00  0.6010E+02  0.1847E+04  0.1000E+03
     1   188     1     2        0  0.1093E+05  0.5299E-05  0.6757E-01  0.3445E-02
     1   188     1     3        0  0.4250E+00  0.4292E+02  0.0000E+00  0.3488E-10
     1   188     1     4        0  0.2487E+01  0.1352E-02  0.0000E+00  0.5181E-03
     1   188     1     5        0  0.5649E-01  0.1746E+00  0.0000E+00  0.1750E-07
     1   189     1     1        0  0.0000E+00  0.1000E+03  0.1172E+04  0.1000E+03
     1   189     1     2        0  0.6166E+04  0.2947E-03  0.6924E-01  0.9049E-02
     1   189     1     3        0  0.4348E+00  0.5330E+02  0.0000E+00  0.1673E-09
     1   189     1     4        0  0.1027E+01  0.2839E-02  0.0000E+00  0.4565E-03
     1   189     1     5        0  0.2139E-01  0.2151E+00  0.0000E+00  0.2929E-07
     1   190     1     1        0  0.0000E+00  0.9981E+02  0.1597E+04  0.1000E+03
     1   190     1     2        0  0.9192E+04  0.2522E-03  0.9463E-01  0.5831E-02
     1   190     1     3        0  0.5938E+00  0.1000E+03  0.0000E+00  0.4464E-10
     1   190     1     4        0  0.1919E+01  0.5252E-02  0.0000E+00  0.4548E-03
     1   190     1     5        0  0.4163E-01  0.4091E+00  0.0000E+00  0.2568E-07
     1   191     1     1        0  0.0000E+00  0.4883E+02  0.1497E+04  0.1000E+03
     1   191     1     2        0  0.8383E+04  0.3215E-04  0.1145E+00  0.1010E-01
     1   191     1     3        0  0.7174E+00  0.3472E+02  0.0000E+00  0.1706E-09
     1   191     1     4        0  0.1626E+01  0.2299E-02  0.0000E+00  0.5260E-03
     1   191     1     5        0  0.3614E-01  0.1420E+00  0.0000E+00  0.4136E-07
     1   192     1     1        0  0.0000E+00  0.3564E+02  0.1283E+04  0.1000E+03
     1   192     1     2        0  0.7021E+04  0.1609E-04  0.9524E-01  0.7701E-02
     1   192     1     3        0  0.5961E+00  0.2497E+02  0.0000E+00  0.5331E-10
     1   192     1     4        0  0.1286E+01  0.1460E-02  0.0000E+00  0.3756E-03
     1   192     1     5        0  0.2620E-01  0.1027E+00  0.0000E+00  0.2760E-07
     1   193     1     1        0  0.0000E+00  0.4051E+02  0.1758E+04  0.1000E+03
     1   193     1     2        0  0.1016E+05  0.5606E-04  0.1488E+00  0.1008E-01
     1   193     1     3        0  0.9311E+00  0.3092E+02  0.0000E+00  0.1773E-09
     1   193     1     4        0  0.2166E+01  0.2386E-02  0.0000E+00  0.5730E-03
     1   193     1     5        0  0.5086E-01  0.1278E+00  0.0000E+00  0.4834E-07
     1   194     1     1        0  0.0000E+00  0.4592E+02  0.9245E+03  0.1000E+03
     1   194     1     2        0  0.4550E+04  0.1217E-03  0.7418E-01  0.8214E-02
     1   194     1     3        0  0.4631E+00  0.2402E+02  0.0000E+00  0.1168E-09
     1   194     1     4        0  0.7563E+00  0.1538E-02  0.0000E+00  0.2552E-03
     1   194     1     5        0  0.1282E-01  0.9889E-01  0.0000E+00  0.2164E-07
     1   195     1     1        0  0.0000E+00  0.1000E+03  0.1957E+04  0.1000E+03
     1   195     1     2        0  0.1149E+05  0.2741E-03  0.1614E+00  0.9164E-02
     1   195     1     3        0  0.1008E+01  0.6593E+02  0.0000E+00  0.8079E-10
     1   195     1     4        0  0.2691E+01  0.4734E-02  0.0000E+00  0.6048E-03
     1   195     1     5        0  0.6353E-01  0.2738E+00  0.0000E+00  0.4878E-07
     1   196     1     1        0  0.0000E+00  0.1000E+03  0.5264E+03  0.1000E+03
     1   196     1     2        0  0.2962E+04  0.6920E-04  0.4153E-01  0.4626E-02
     1   196     1     3        0  0.2584E+00  0.3688E+02  0.0000E+00  0.6772E-10
     1   196     1     4        0  0.3110E+00  0.2230E-02  0.0000E+00  0.7346E-04
     1   197     1     1        0  0.0000E+00  0.5702E+02  0.2077E+04  0.1000E+03
     1   197     1     2        0  0.1230E+05  0.1408E-03  0.1460E+00  0.7436E-02
     1   197     1     3        0  0.9095E+00  0.5140E+02  0.0000E+00  0.2483E-09
     1   197     1     4        0  0.3028E+01  0.2967E-02  0.0000E+00  0.6186E-03
     1   197     1     5        0  0.7200E-01  0.2138E+00  0.0000E+00  0.4202E-07
     1   198     1     1        0  0.0000E+00  0.2516E+02  0.4881E+03  0.1000E+03
     1   198     1     2        0  0.2961E+04  0.9445E-04  0.0000E+00  0.1202E-02
     1   198     1     3        0  0.6234E-01  0.4824E+01  0.0000E+00  0.7432E-10
     1   198     1     4        0  0.5300E-01  0.2067E-03  0.0000E+00  0.1250E-04
     1   199     1     1        0  0.0000E+00  0.3837E+02  0.2124E+04  0.1000E+03
     1   199     1     2        0  0.1262E+05  0.7683E-04  0.1028E+00  0.4956E-02
     1   199     1     3        0  0.6390E+00  0.3742E+02  0.0000E+00  0.7754E-10
     1   199     1     4        0  0.3147E+01  0.1506E-02  0.0000E+00  0.6131E-03
     1   199     1     5        0  0.7531E-01  0.1552E+00  0.0000E+00  0.2857E-07
     1   200     1     1        0  0.0000E+00  0.2646E+02  0.4673E+03  0.1000E+03
     1   200     1     2        0  0.2907E+04  0.5451E-04  0.0000E+00  0.3554E-03
     1   200     1     3        0  0.1469E-01  0.2653E+01  0.0000E+00  0.8552E-10
     1   200     1     4        0  0.1051E-01  0.8417E-04  0.0000E+00  0.1227E-04
     1   201     1     1        0  0.0000E+00  0.1000E+03  0.2087E+04  0.1000E+03
     1   201     1     2        0  0.1237E+05  0.2360E-03  0.4089E-01  0.2041E-02
     1   201     1     3        0  0.2534E+00  0.7005E+02  0.0000E+00  0.4400E-10
     1   201     1     4        0  0.3080E+01  0.1054E-02  0.0000E+00  0.5921E-03
     1   201     1     5        0  0.7270E-01  0.2880E+00  0.0000E+00  0.1144E-07
     1   202     1     1        0  0.0000E+00  0.1000E+03  0.4643E+03  0.1000E+03
     1   202     1     2        0  0.2882E+04  0.3240E-03  0.0000E+00  0.4055E-03
     1   202     1     3        0  0.1300E-01  0.3458E+02  0.0000E+00  0.1330E-09
     1   202     1     4        0  0.1819E+00  0.5331E-04  0.0000E+00  0.5827E-04
     1   203     1     1        0  0.0000E+00  0.4540E+02  0.1977E+04  0.1000E+03
     1   203     1     2        0  0.1162E+05  0.6900E-04  0.2207E-01  0.9862E-03
     1   203     1     3        0  0.1365E+00  0.5523E+02  0.0000E+00  0.7621E-10
     1   203     1     4        0  0.2809E+01  0.6237E-03  0.0000E+00  0.5610E-03
     1   203     1     5        0  0.6493E-01  0.2275E+00  0.0000E+00  0.5330E-08
     1   204     1     1        0  0.0000E+00  0.2914E+02  0.8242E+03  0.1000E+03
     1   204     1     2        0  0.3710E+04  0.3357E-04  0.2990E-01  0.5877E-02
     1   204     1     3        0  0.1844E+00  0.1622E+02  0.0000E+00  0.1884E-09
     1   204     1     4        0  0.5578E+00  0.5080E-03  0.0000E+00  0.3164E-03
     1   204     1     5        0  0.9779E-02  0.6578E-01  0.0000E+00  0.1382E-07
     1   205     1     1        0  0.0000E+00  0.2684E+02  0.1788E+04  0.1000E+03
     1   205     1     2        0  0.1033E+05  0.4571E-04  0.7001E-01  0.3706E-02
     1   205     1     3        0  0.4319E+00  0.3326E+02  0.0000E+00  0.7139E-10
     1   205     1     4        0  0.2313E+01  0.1174E-02  0.0000E+00  0.5125E-03
     1   205     1     5        0  0.5279E-01  0.1376E+00  0.0000E+00  0.1861E-07
     1   206     1     1        0  0.0000E+00  0.3882E+02  0.1182E+04  0.1000E+03
     1   206     1     2        0  0.6128E+04  0.7458E-04  0.7227E-01  0.9243E-02
     1   206     1     3        0  0.4452E+00  0.2562E+02  0.0000E+00  0.3117E-09
     1   206     1     4        0  0.1032E+01  0.1352E-02  0.0000E+00  0.4660E-03
     1   206     1     5        0  0.2182E-01  0.1053E+00  0.0000E+00  0.3075E-07
     1   207     1     1        0  0.0000E+00  0.8642E+02  0.1537E+04  0.1000E+03
     1   207     1     2        0  0.8624E+04  0.1719E-03  0.9382E-01  0.6041E-02
     1   207     1     3        0  0.5776E+00  0.5881E+02  0.0000E+00  0.6865E-10
     1   207     1     4        0  0.1788E+01  0.3110E-02  0.0000E+00  0.4475E-03
     1   207     1     5        0  0.3839E-01  0.2441E+00  0.0000E+00  0.2616E-07
     1   208     1     1        0  0.0000E+00  0.1000E+03  0.1496E+04  0.1000E+03
     1   208     1     2        0  0.8233E+04  0.3169E-03  0.1162E+00  0.1017E-01
     1   208     1     3        0  0.7147E+00  0.6117E+02  0.0000E+00  0.1630E-09
     1   208     1     4        0  0.1609E+01  0.4222E-02  0.0000E+00  0.5327E-03
     1   208     1     5        0  0.3610E-01  0.2539E+00  0.0000E+00  0.4239E-07
     1   209     1     1        0  0.0000E+00  0.6318E+02  0.1224E+04  0.1000E+03
     1   209     1     2        0  0.6503E+04  0.7363E-04  0.9205E-01  0.7861E-02
     1   209     1     3        0  0.5655E+00  0.4370E+02  0.0000E+00  0.4870E-10
     1   209     1     4        0  0.1202E+01  0.2687E-02  0.0000E+00  0.3670E-03
     1   209     1     5        0  0.2370E-01  0.1820E+00  0.0000E+00  0.2744E-07
     1   210     1     1        0  0.0000E+00  0.4297E+02  0.1747E+04  0.1000E+03
     1   210     1     2        0  0.9912E+04  0.1257E-03  0.1481E+00  0.1002E-01
     1   210     1     3        0  0.9098E+00  0.3266E+02  0.0000E+00  0.1677E-09
     1   210     1     4        0  0.2171E+01  0.2417E-02  0.0000E+00  0.5770E-03
     1   210     1     5        0  0.5019E-01  0.1366E+00  0.0000E+00  0.4868E-07
     1   211     1     1        0  0.0000E+00  0.3487E+02  0.8684E+03  0.1000E+03
     1   211     1     2        0  0.4098E+04  0.1236E-04  0.6978E-01  0.7846E-02
     1   211     1     3        0  0.4277E+00  0.1727E+02  0.0000E+00  0.7074E-10
     1   211     1     4        0  0.6647E+00  0.1214E-02  0.0000E+00  0.2315E-03
     1   211     1     5        0  0.1116E-01  0.7212E-01  0.0000E+00  0.1988E-07
     1   212     1     1        0  0.0000E+00  0.4517E+02  0.1935E+04  0.1000E+03
     1   212     1     2        0  0.1116E+05  0.1088E-03  0.1579E+00  0.9022E-02
     1   212     1     3        0  0.9679E+00  0.3819E+02  0.0000E+00  0.2481E-09
     1   212     1     4        0  0.2616E+01  0.2680E-02  0.0000E+00  0.6071E-03
     1   212     1     5        0  0.6211E-01  0.1608E+00  0.0000E+00  0.4840E-07
     1   213     1     1        0  0.0000E+00  0.6452E+02  0.4830E+03  0.1000E+03
     1   213     1     2        0  0.2890E+04  0.1021E-03  0.3728E-01  0.4233E-02
     1   213     1     3        0  0.2278E+00  0.2292E+02  0.0000E+00  0.1080E-09
     1   213     1     4        0  0.2669E+00  0.1253E-02  0.0000E+00  0.6030E-04
     1   214     1     1        0  0.0000E+00  0.1000E+03  0.2046E+04  0.1000E+03
     1   214     1     2        0  0.1190E+05  0.3520E-04  0.1400E+00  0.7212E-02
     1   214     1     3        0  0.8569E+00  0.6947E+02  0.0000E+00  0.9998E-10
     1   214     1     4        0  0.2929E+01  0.4272E-02  0.0000E+00  0.6189E-03
     1   214     1     5        0  0.6983E-01  0.2920E+00  0.0000E+00  0.4091E-07
     1   215     1     1        0  0.0000E+00  0.5276E+02  0.4841E+03  0.1000E+03
     1   215     1     2        0  0.2886E+04  0.5048E-04  0.0000E+00  0.9105E-03
     1   215     1     3        0  0.4447E-01  0.9969E+01  0.0000E+00  0.6772E-10
     1   215     1     4        0  0.4103E-01  0.3878E-03  0.0000E+00  0.1263E-04
     1   216     1     1        0  0.0000E+00  0.4177E+02  0.2085E+04  0.1000E+03
     1   216     1     2        0  0.1216E+05  0.4980E-04  0.9514E-01  0.4663E-02
     1   216     1     3        0  0.5809E+00  0.4075E+02  0.0000E+00  0.8987E-10
     1   216     1     4        0  0.3076E+01  0.1540E-02  0.0000E+00  0.6114E-03
     1   216     1     5        0  0.7252E-01  0.1706E+00  0.0000E+00  0.2686E-07
     1   217     1     1        0  0.0000E+00  0.1794E+02  0.4645E+03  0.1000E+03
     1   217     1     2        0  0.2842E+04  0.1855E-04  0.0000E+00  0.4931E-03
     1   217     1     3        0  0.1665E-01  0.2981E+01  0.0000E+00  0.9563E-10
     1   217     1     4        0  0.2028E-01  0.7241E-04  0.0000E+00  0.1340E-04
     1   218     1     1        0  0.0000E+00  0.3646E+02  0.2042E+04  0.1000E+03
     1   218     1     2        0  0.1188E+05  0.1074E-03  0.3342E-01  0.1733E-02
     1   218     1     3        0  0.2036E+00  0.4078E+02  0.0000E+00  0.1619E-09
     1   218     1     4        0  0.2934E+01  0.4832E-03  0.0000E+00  0.5897E-03
     1   218     1     5        0  0.6953E-01  0.1700E+00  0.0000E+00  0.9629E-08
     1   219     1     1        0  0.0000E+00  0.3864E+02  0.4614E+03  0.1000E+03
     1   219     1     2        0  0.2817E+04  0.1006E-03  0.0000E+00  0.7773E-03
     1   219     1     3        0  0.2348E-01  0.1702E+02  0.0000E+00  0.1765E-09
     1   219     1     4        0  0.2026E+00  0.7860E-04  0.0000E+00  0.7586E-04
     1   220     1     1        0  0.0000E+00  0.1000E+03  0.1926E+04  0.1000E+03
     1   220     1     2        0  0.1110E+05  0.3176E-03  0.2735E-01  0.1257E-02
     1   220     1     3        0  0.1663E+00  0.7086E+02  0.0000E+00  0.5752E-10
     1   220     1     4        0  0.2665E+01  0.9459E-03  0.0000E+00  0.5569E-03
     1   220     1     5        0  0.6157E-01  0.2952E+00  0.0000E+00  0.6914E-08
     1   221     1     1        0  0.0000E+00  0.6206E+02  0.8462E+03  0.1000E+03
     1   221     1     2        0  0.3809E+04  0.6764E-04  0.3312E-01  0.6442E-02
     1   221     1     3        0  0.2010E+00  0.3233E+02  0.0000E+00  0.2258E-09
     1   221     1     4        0  0.5703E+00  0.1053E-02  0.0000E+00  0.3406E-03
     1   221     1     5        0  0.1040E-01  0.1328E+00  0.0000E+00  0.1588E-07
     1   222     1     1        0  0.0000E+00  0.3374E+02  0.1735E+04  0.1000E+03
     1   222     1     2        0  0.9825E+04  0.3303E-04  0.7235E-01  0.3968E-02
     1   222     1     3        0  0.4391E+00  0.3808E+02  0.0000E+00  0.3867E-10
     1   222     1     4        0  0.2218E+01  0.1364E-02  0.0000E+00  0.5067E-03
     1   222     1     5        0  0.4959E-01  0.1591E+00  0.0000E+00  0.1967E-07
     1   223     1     1        0  0.0000E+00  0.3350E+02  0.1194E+04  0.1000E+03
     1   223     1     2        0  0.6124E+04  0.5431E-04  0.7552E-01  0.9384E-02
     1   223     1     3        0  0.4578E+00  0.2105E+02  0.0000E+00  0.2480E-09
     1   223     1     4        0  0.1072E+01  0.1080E-02  0.0000E+00  0.4728E-03
     1   223     1     5        0  0.2234E-01  0.8731E-01  0.0000E+00  0.3212E-07
     1   224     1     1        0  0.0000E+00  0.3312E+02  0.1482E+04  0.1000E+03
     1   224     1     2        0  0.8133E+04  0.1954E-04  0.9319E-01  0.6253E-02
     1   224     1     3        0  0.5646E+00  0.3132E+02  0.0000E+00  0.4384E-10
     1   224     1     4        0  0.1656E+01  0.1733E-02  0.0000E+00  0.4400E-03
     1   224     1     5        0  0.3559E-01  0.1314E+00  0.0000E+00  0.2658E-07
     1   225     1     1        0  0.0000E+00  0.5345E+02  0.1498E+04  0.1000E+03
     1   225     1     2        0  0.8130E+04  0.1968E-03  0.1180E+00  0.1021E-01
     1   225     1     3        0  0.7145E+00  0.3956E+02  0.0000E+00  0.2565E-09
     1   225     1     4        0  0.1608E+01  0.2754E-02  0.0000E+00  0.5386E-03
     1   225     1     5        0  0.3626E-01  0.1660E+00  0.0000E+00  0.4334E-07
     1   226     1     1        0  0.0000E+00  0.9985E+02  0.4841E+03  0.1000E+03
     1   226     1     2        0  0.1900E+04  0.3269E-03  0.0000E+00  0.1040E-02
     1   226     1     3        0  0.3552E-01  0.1647E+02  0.0000E+00  0.9979E-10
     1   226     1     4        0  0.2725E-01  0.4116E-03  0.0000E+00  0.8839E-05
