SUMMARY OF C0NVERGENCE INFORMATION
  STEP   INC  ATT   ITER     CONT.   RESID.        CORR.      RESID.      CORR.
                              EL.    FORCE         DISP       FLUX        TEMP.
                              (#)     (%)           (%)        (%)         (%)
     1     1     1     1        0  0.0000E+00  0.1000E-29  0.1637E+04  0.1000E+03
     1     1     1     2        0  0.5691E+04  0.1000E-29  0.0000E+00  0.7651E-06
     1     1     1     3        0  0.2312E-02  0.1000E+03  0.0000E+00  0.1380E-09
     1     1     1     4        0  0.2886E+01  0.9243E-03  0.0000E+00  0.5086E-04
     1     1     1     5        0  0.1429E+00  0.4030E-03  0.0000E+00  0.1131E-09
     1     2     1     1        0  0.0000E+00  0.3913E+02  0.2924E+04  0.1000E+03
     1     2     1     2        0  0.1327E+05  0.9340E-04  0.0000E+00  0.1722E-03
     1     2     1     3        0  0.4253E+00  0.6874E+02  0.0000E+00  0.7162E-10
     1     2     1     4        0  0.5327E+01  0.5810E-03  0.0000E+00  0.1337E-03
     1     2     1     5        0  0.3315E+00  0.8016E-03  0.0000E+00  0.2772E-09
     1     3     1     1        0  0.0000E+00  0.1024E+02  0.3656E+04  0.1000E+03
     1     3     1     2        0  0.2015E+05  0.1452E-04  0.0000E+00  0.1318E-03
     1     3     1     3        0  0.2650E+00  0.4034E+02  0.0000E+00  0.6323E-10
     1     3     1     4        0  0.6491E+01  0.5015E-03  0.0000E+00  0.2201E-03
     1     3     1     5        0  0.4375E+00  0.9015E-03  0.0000E+00  0.3179E-09
     1     4     1     1        0  0.0000E+00  0.1262E+02  0.4076E+04  0.1000E+03
     1     4     1     2        0  0.2601E+05  0.5336E-04  0.1322E-01  0.3843E-03
     1     4     1     3        0  0.5851E+00  0.2448E+02  0.0000E+00  0.4862E-10
     1     4     1     4        0  0.6633E+01  0.2705E-03  0.1051E-01  0.3039E-03
     1     4     1     5        0  0.4670E+00  0.8679E-03  0.0000E+00  0.1026E-08
     1     5     1     1        0  0.0000E+00  0.1266E+02  0.4291E+04  0.1000E+03
     1     5     1     2        0  0.3060E+05  0.1283E-03  0.9221E-02  0.2686E-03
     1     5     1     3        0  0.3229E+00  0.1883E+02  0.0000E+00  0.5844E-10
     1     5     1     4        0  0.6197E+01  0.2453E-03  0.1293E-01  0.3800E-03
     1     5     1     5        0  0.4490E+00  0.9466E-03  0.0000E+00  0.8525E-09
     1     6     1     1        0  0.0000E+00  0.1618E+02  0.4354E+04  0.1000E+03
     1     6     1     2        0  0.3371E+05  0.1273E-03  0.1819E-01  0.5633E-03
     1     6     1     3        0  0.5094E+00  0.1658E+02  0.0000E+00  0.6779E-10
     1     6     1     4        0  0.5493E+01  0.2315E-03  0.1445E-01  0.4444E-03
     1     6     1     5        0  0.4062E+00  0.1094E-02  0.0000E+00  0.1968E-08
     1     7     1     1        0  0.0000E+00  0.1921E+02  0.4294E+04  0.1000E+03
     1     7     1     2        0  0.3525E+05  0.1416E-03  0.1133E-01  0.3594E-03
     1     7     1     3        0  0.2682E+00  0.1651E+02  0.0000E+00  0.6431E-10
     1     7     1     4        0  0.4675E+01  0.2054E-03  0.1496E-01  0.4808E-03
     1     7     1     5        0  0.3513E+00  0.1353E-02  0.0000E+00  0.1341E-08
     1     8     1     1        0  0.0000E+00  0.2447E+02  0.4129E+04  0.1000E+03
     1     8     1     2        0  0.3527E+05  0.2487E-03  0.1857E-01  0.6221E-03
     1     8     1     3        0  0.3725E+00  0.1787E+02  0.0000E+00  0.7470E-10
     1     8     1     4        0  0.3826E+01  0.2855E-03  0.1446E-01  0.4806E-03
     1     8     1     5        0  0.2913E+00  0.1741E-02  0.0000E+00  0.2326E-08
     1     9     1     1        0  0.0000E+00  0.2732E+02  0.3867E+04  0.1000E+03
     1     9     1     2        0  0.3388E+05  0.3018E-03  0.9975E-02  0.3444E-03
     1     9     1     3        0  0.1781E+00  0.2176E+02  0.0000E+00  0.8064E-10
     1     9     1     4        0  0.2991E+01  0.2558E-03  0.1303E-01  0.4571E-03
     1     9     1     5        0  0.2303E+00  0.2435E-02  0.0000E+00  0.1312E-08
     1    10     1     1        0  0.0000E+00  0.3208E+02  0.3515E+04  0.1000E+03
     1    10     1     2        0  0.3117E+05  0.3052E-03  0.1466E-01  0.5641E-03
     1    10     1     3        0  0.2290E+00  0.2583E+02  0.0000E+00  0.6871E-10
     1    10     1     4        0  0.2203E+01  0.3779E-03  0.1088E-01  0.4142E-03
     1    10     1     5        0  0.1713E+00  0.3220E-02  0.0000E+00  0.1949E-08
     1    11     1     1        0  0.0000E+00  0.2988E+02  0.3073E+04  0.1000E+03
     1    11     1     2        0  0.2722E+05  0.2933E-03  0.0000E+00  0.2644E-03
     1    11     1     3        0  0.8731E-01  0.2943E+02  0.0000E+00  0.6449E-10
     1    11     1     4        0  0.1494E+01  0.3746E-03  0.8271E-02  0.3540E-03
     1    11     1     5        0  0.1172E+00  0.3978E-02  0.0000E+00  0.8281E-09
     1    12     1     1        0  0.0000E+00  0.2438E+02  0.2542E+04  0.1000E+03
     1    12     1     2        0  0.2212E+05  0.1837E-03  0.8318E-02  0.4028E-03
     1    12     1     3        0  0.1054E+00  0.2598E+02  0.0000E+00  0.5727E-10
     1    12     1     4        0  0.8968E+00  0.3290E-03  0.0000E+00  0.2731E-03
     1    12     1     5        0  0.7096E-01  0.3712E-02  0.0000E+00  0.1031E-08
     1    13     1     1        0  0.0000E+00  0.1961E+02  0.1919E+04  0.1000E+03
     1    13     1     2        0  0.1596E+05  0.2111E-03  0.0000E+00  0.1174E-03
     1    13     1     3        0  0.2120E-01  0.1817E+02  0.0000E+00  0.7890E-10
     1    13     1     4        0  0.4404E+00  0.1991E-03  0.0000E+00  0.1847E-03
     1    14     1     1        0  0.0000E+00  0.1892E+02  0.1200E+04  0.1000E+03
     1    14     1     2        0  0.9004E+04  0.1908E-03  0.0000E+00  0.1857E-03
     1    14     1     3        0  0.2486E-01  0.1094E+02  0.0000E+00  0.9312E-10
     1    14     1     4        0  0.1433E+00  0.1273E-03  0.0000E+00  0.9494E-04
     1    15     1     1        0  0.0000E+00  0.2423E+02  0.4738E+03  0.1000E+03
     1    15     1     2        0  0.1836E+04  0.3413E-03  0.0000E+00  0.2894E-04
     1    15     1     3        0  0.1893E-02  0.3551E+01  0.0000E+00  0.1192E-09
     1    15     1     4        0  0.9685E-02  0.2612E-04  0.0000E+00  0.1612E-04
     1    16     1     1        0  0.0000E+00  0.6460E+02  0.4568E+03  0.1000E+03
     1    16     1     2        0  0.3480E+04  0.6861E-03  0.0000E+00  0.2048E-04
     1    16     1     3        0  0.7892E-03  0.2251E+02  0.0000E+00  0.9727E-10
     1    16     1     4        0  0.3014E-01  0.1933E-03  0.0000E+00  0.8104E-05
     1    17     1     1        0  0.0000E+00  0.1786E+02  0.1927E+04  0.1000E+03
     1    17     1     2        0  0.9760E+04  0.2144E-03  0.0000E+00  0.6519E-04
     1    17     1     3        0  0.9551E-02  0.2855E+02  0.0000E+00  0.5510E-10
     1    17     1     4        0  0.1878E+00  0.2134E-03  0.0000E+00  0.5786E-04
     1    18     1     1        0  0.0000E+00  0.5969E+01  0.3717E+04  0.1000E+03
     1    18     1     2        0  0.1657E+05  0.3483E-04  0.0000E+00  0.1154E-03
     1    18     1     3        0  0.2454E-01  0.1796E+02  0.0000E+00  0.3553E-10
     1    18     1     4        0  0.4477E+00  0.1851E-03  0.0000E+00  0.1378E-03
     1    19     1     1        0  0.0000E+00  0.1311E+02  0.5290E+04  0.1000E+03
     1    19     1     2        0  0.2214E+05  0.6977E-04  0.1038E-01  0.2040E-03
     1    19     1     3        0  0.5161E-01  0.1609E+02  0.0000E+00  0.3016E-10
     1    19     1     4        0  0.7679E+00  0.1634E-03  0.1143E-01  0.2186E-03
     1    19     1     5        0  0.5595E-01  0.2712E-02  0.0000E+00  0.4752E-09
     1    20     1     1        0  0.0000E+00  0.1804E+02  0.6552E+04  0.1000E+03
     1    20     1     2        0  0.2654E+05  0.1431E-03  0.1837E-01  0.3041E-03
     1    20     1     3        0  0.8853E-01  0.1684E+02  0.0000E+00  0.2969E-10
     1    20     1     4        0  0.1099E+01  0.1861E-03  0.1760E-01  0.2940E-03
     1    20     1     5        0  0.8542E-01  0.3155E-02  0.0000E+00  0.8950E-09
     1    21     1     1        0  0.0000E+00  0.2213E+02  0.7454E+04  0.1000E+03
     1    21     1     2        0  0.2977E+05  0.1566E-03  0.2071E-01  0.3289E-03
     1    21     1     3        0  0.1021E+00  0.1929E+02  0.0000E+00  0.2600E-10
     1    21     1     4        0  0.1391E+01  0.2124E-03  0.2307E-01  0.3597E-03
     1    21     1     5        0  0.1125E+00  0.4036E-02  0.0000E+00  0.1094E-08
     1    22     1     1        0  0.0000E+00  0.2513E+02  0.7982E+04  0.1000E+03
     1    22     1     2        0  0.3186E+05  0.2636E-03  0.2986E-01  0.4557E-03
     1    22     1     3        0  0.1464E+00  0.2281E+02  0.0000E+00  0.3713E-10
     1    22     1     4        0  0.1600E+01  0.2484E-03  0.2690E-01  0.4128E-03
     1    22     1     5        0  0.1327E+00  0.5315E-02  0.0000E+00  0.1671E-08
     1    23     1     1        0  0.0000E+00  0.2597E+02  0.8147E+04  0.1000E+03
     1    23     1     2        0  0.3281E+05  0.2968E-03  0.2564E-01  0.4111E-03
     1    23     1     3        0  0.1297E+00  0.2586E+02  0.0000E+00  0.4159E-10
     1    23     1     4        0  0.1693E+01  0.3018E-03  0.2855E-01  0.4515E-03
     1    23     1     5        0  0.1430E+00  0.6665E-02  0.0000E+00  0.1557E-08
     1    24     1     1        0  0.0000E+00  0.2309E+02  0.7974E+04  0.1000E+03
     1    24     1     2        0  0.3256E+05  0.2129E-03  0.3224E-01  0.5472E-03
     1    24     1     3        0  0.1631E+00  0.2624E+02  0.0000E+00  0.3324E-10
     1    24     1     4        0  0.1657E+01  0.3713E-03  0.2782E-01  0.4744E-03
     1    24     1     5        0  0.1416E+00  0.7403E-02  0.0000E+00  0.2094E-08
     1    25     1     1        0  0.0000E+00  0.2038E+02  0.7494E+04  0.1000E+03
     1    25     1     2        0  0.3111E+05  0.2334E-03  0.2227E-01  0.4340E-03
     1    25     1     3        0  0.1163E+00  0.2293E+02  0.0000E+00  0.5546E-10
     1    25     1     4        0  0.1496E+01  0.2990E-03  0.2492E-01  0.4798E-03
     1    25     1     5        0  0.1288E+00  0.6997E-02  0.0000E+00  0.1587E-08
     1    26     1     1        0  0.0000E+00  0.1855E+02  0.6741E+04  0.1000E+03
     1    26     1     2        0  0.2842E+05  0.1706E-03  0.2499E-01  0.5728E-03
     1    26     1     3        0  0.1297E+00  0.1901E+02  0.0000E+00  0.4203E-10
     1    26     1     4        0  0.1235E+01  0.2852E-03  0.2036E-01  0.4699E-03
     1    26     1     5        0  0.1065E+00  0.6190E-02  0.0000E+00  0.1942E-08
     1    27     1     1        0  0.0000E+00  0.1958E+02  0.5746E+04  0.1000E+03
     1    27     1     2        0  0.2450E+05  0.1991E-03  0.1292E-01  0.3885E-03
     1    27     1     3        0  0.6909E-01  0.1582E+02  0.0000E+00  0.5005E-10
     1    27     1     4        0  0.9127E+00  0.2183E-03  0.1486E-01  0.4401E-03
     1    27     1     5        0  0.7842E-01  0.5421E-02  0.0000E+00  0.1148E-08
     1    28     1     1        0  0.0000E+00  0.2292E+02  0.4539E+04  0.1000E+03
     1    28     1     2        0  0.1936E+05  0.2083E-03  0.1279E-01  0.5141E-03
     1    28     1     3        0  0.6685E-01  0.1402E+02  0.0000E+00  0.6345E-10
     1    28     1     4        0  0.5793E+00  0.1711E-03  0.9244E-02  0.3773E-03
     1    28     1     5        0  0.4901E-01  0.4983E-02  0.0000E+00  0.1221E-08
     1    29     1     1        0  0.0000E+00  0.2980E+02  0.3148E+04  0.1000E+03
     1    29     1     2        0  0.1310E+05  0.3849E-03  0.0000E+00  0.2435E-03
     1    29     1     3        0  0.1842E-01  0.1379E+02  0.0000E+00  0.1018E-09
     1    29     1     4        0  0.2876E+00  0.1071E-03  0.0000E+00  0.3086E-03
     1    30     1     1        0  0.0000E+00  0.5137E+02  0.1608E+04  0.1000E+03
     1    30     1     2        0  0.5888E+04  0.5769E-03  0.0000E+00  0.1759E-03
     1    30     1     3        0  0.1325E-01  0.1658E+02  0.0000E+00  0.1020E-09
     1    30     1     4        0  0.8442E-01  0.2190E-03  0.0000E+00  0.8083E-04
     1    31     1     1        0  0.0000E+00  0.1000E+03  0.4309E+03  0.1000E+03
     1    31     1     2        0  0.2391E+04  0.1384E-02  0.0000E+00  0.9006E-05
     1    31     1     3        0  0.1304E-02  0.7613E+01  0.0000E+00  0.8094E-10
     1    31     1     4        0  0.1252E-02  0.4905E-04  0.0000E+00  0.3676E-05
     1    32     1     1        0  0.0000E+00  0.3674E+01  0.8279E+03  0.1000E+03
     1    32     1     2        0  0.5367E+04  0.6466E-05  0.0000E+00  0.1178E-04
     1    32     1     3        0  0.1626E-02  0.1007E+02  0.0000E+00  0.6268E-10
     1    32     1     4        0  0.4809E-01  0.8293E-04  0.0000E+00  0.7974E-05
     1    33     1     1        0  0.0000E+00  0.1377E+02  0.1018E+04  0.1000E+03
     1    33     1     2        0  0.6981E+04  0.1517E-03  0.0000E+00  0.1161E-04
     1    33     1     3        0  0.1050E-02  0.1473E+02  0.0000E+00  0.6078E-10
     1    33     1     4        0  0.2113E+00  0.1047E-03  0.0000E+00  0.6113E-04
     1    34     1     1        0  0.0000E+00  0.2092E+02  0.1860E+04  0.1000E+03
     1    34     1     2        0  0.1220E+05  0.2356E-03  0.0000E+00  0.2149E-03
     1    34     1     3        0  0.2920E-01  0.2010E+02  0.0000E+00  0.6698E-10
     1    34     1     4        0  0.4640E+00  0.2217E-03  0.0000E+00  0.1699E-03
     1    35     1     1        0  0.0000E+00  0.2449E+02  0.2599E+04  0.1000E+03
     1    35     1     2        0  0.1667E+05  0.2155E-03  0.0000E+00  0.1830E-03
     1    35     1     3        0  0.3151E-01  0.2613E+02  0.0000E+00  0.5472E-10
     1    35     1     4        0  0.7640E+00  0.3028E-03  0.0000E+00  0.2561E-03
     1    35     1     5        0  0.4368E-01  0.9487E-02  0.0000E+00  0.4627E-09
     1    36     1     1        0  0.0000E+00  0.2328E+02  0.3200E+04  0.1000E+03
     1    36     1     2        0  0.2027E+05  0.2333E-03  0.1008E-01  0.3879E-03
     1    36     1     3        0  0.7463E-01  0.2962E+02  0.0000E+00  0.5305E-10
     1    36     1     4        0  0.1063E+01  0.4037E-03  0.8808E-02  0.3377E-03
     1    36     1     5        0  0.6546E-01  0.1099E-01  0.0000E+00  0.1152E-08
     1    37     1     1        0  0.0000E+00  0.1958E+02  0.3637E+04  0.1000E+03
     1    37     1     2        0  0.2289E+05  0.1675E-03  0.9679E-02  0.3481E-03
     1    37     1     3        0  0.7290E-01  0.2764E+02  0.0000E+00  0.4993E-10
     1    37     1     4        0  0.1312E+01  0.3250E-03  0.1131E-01  0.4094E-03
     1    37     1     5        0  0.8468E-01  0.1052E-01  0.0000E+00  0.1171E-08
     1    38     1     1        0  0.0000E+00  0.1691E+02  0.3900E+04  0.1000E+03
     1    38     1     2        0  0.2447E+05  0.9040E-04  0.1453E-01  0.5212E-03
     1    38     1     3        0  0.1092E+00  0.2309E+02  0.0000E+00  0.4544E-10
     1    38     1     4        0  0.1470E+01  0.3507E-03  0.1299E-01  0.4646E-03
     1    38     1     5        0  0.9794E-01  0.9013E-02  0.0000E+00  0.1882E-08
     1    39     1     1        0  0.0000E+00  0.1658E+02  0.3988E+04  0.1000E+03
     1    39     1     2        0  0.2494E+05  0.1371E-03  0.1249E-01  0.4424E-03
     1    39     1     3        0  0.9505E-01  0.1918E+02  0.0000E+00  0.6563E-10
     1    39     1     4        0  0.1512E+01  0.2419E-03  0.1358E-01  0.4851E-03
     1    39     1     5        0  0.1029E+00  0.7674E-02  0.0000E+00  0.1671E-08
     1    40     1     1        0  0.0000E+00  0.1833E+02  0.3905E+04  0.1000E+03
     1    40     1     2        0  0.2431E+05  0.2159E-03  0.1462E-01  0.5445E-03
     1    40     1     3        0  0.1107E+00  0.1684E+02  0.0000E+00  0.8770E-10
     1    40     1     4        0  0.1431E+01  0.2031E-03  0.1302E-01  0.4833E-03
     1    40     1     5        0  0.9888E-01  0.6887E-02  0.0000E+00  0.2032E-08
     1    41     1     1        0  0.0000E+00  0.2125E+02  0.3665E+04  0.1000E+03
     1    41     1     2        0  0.2261E+05  0.2244E-03  0.1094E-01  0.4252E-03
     1    41     1     3        0  0.8335E-01  0.1616E+02  0.0000E+00  0.1082E-09
     1    41     1     4        0  0.1244E+01  0.1817E-03  0.1142E-01  0.4476E-03
     1    41     1     5        0  0.8664E-01  0.6730E-02  0.0000E+00  0.1543E-08
     1    42     1     1        0  0.0000E+00  0.2566E+02  0.3281E+04  0.1000E+03
     1    42     1     2        0  0.1991E+05  0.2463E-03  0.1044E-01  0.4388E-03
     1    42     1     3        0  0.7859E-01  0.1711E+02  0.0000E+00  0.7330E-10
     1    42     1     4        0  0.9814E+00  0.2208E-03  0.9059E-02  0.3789E-03
     1    42     1     5        0  0.6846E-01  0.7219E-02  0.0000E+00  0.1438E-08
     1    43     1     1        0  0.0000E+00  0.3199E+02  0.2770E+04  0.1000E+03
     1    43     1     2        0  0.1636E+05  0.3626E-03  0.0000E+00  0.3010E-03
     1    43     1     3        0  0.4723E-01  0.2029E+02  0.0000E+00  0.7958E-10
     1    43     1     4        0  0.6868E+00  0.2521E-03  0.0000E+00  0.3022E-03
     1    43     1     5        0  0.4754E-01  0.8622E-02  0.0000E+00  0.8333E-09
     1    44     1     1        0  0.0000E+00  0.4167E+02  0.2149E+04  0.1000E+03
     1    44     1     2        0  0.1209E+05  0.3537E-03  0.0000E+00  0.2607E-03
     1    44     1     3        0  0.3381E-01  0.2740E+02  0.0000E+00  0.7854E-10
     1    44     1     4        0  0.4059E+00  0.3229E-03  0.0000E+00  0.2164E-03
     1    45     1     1        0  0.0000E+00  0.5786E+02  0.1436E+04  0.1000E+03
     1    45     1     2        0  0.7288E+04  0.7264E-03  0.0000E+00  0.1310E-03
     1    45     1     3        0  0.1172E-01  0.4239E+02  0.0000E+00  0.8495E-10
     1    45     1     4        0  0.1797E+00  0.4543E-03  0.0000E+00  0.1259E-03
     1    46     1     1        0  0.0000E+00  0.8313E+02  0.7207E+03  0.1000E+03
     1    46     1     2        0  0.2895E+04  0.8302E-03  0.0000E+00  0.5995E-04
     1    46     1     3        0  0.3629E-02  0.6682E+02  0.0000E+00  0.9951E-10
     1    46     1     4        0  0.3917E-01  0.6428E-03  0.0000E+00  0.3587E-04
     1    47     1     1        0  0.0000E+00  0.1000E+03  0.7207E+03  0.1000E+03
     1    47     1     2        0  0.3194E+04  0.4230E-03  0.0000E+00  0.4862E-05
     1    47     1     3        0  0.3492E-03  0.1000E+03  0.0000E+00  0.8333E-10
     1    47     1     4        0  0.1057E-02  0.7175E-03  0.0000E+00  0.4062E-05
     1    48     1     1        0  0.0000E+00  0.4654E+02  0.7783E+03  0.1000E+03
     1    48     1     2        0  0.3739E+04  0.2073E-03  0.0000E+00  0.3570E-04
     1    48     1     3        0  0.2087E-02  0.1000E+03  0.0000E+00  0.8819E-10
     1    48     1     4        0  0.6983E-01  0.8612E-03  0.0000E+00  0.2634E-04
     1    49     1     1        0  0.0000E+00  0.2436E+02  0.2423E+04  0.1000E+03
     1    49     1     2        0  0.9432E+04  0.5194E-04  0.0000E+00  0.1634E-03
     1    49     1     3        0  0.1948E-01  0.6232E+02  0.0000E+00  0.4277E-10
     1    49     1     4        0  0.2334E+00  0.5694E-03  0.0000E+00  0.1062E-03
     1    50     1     1        0  0.0000E+00  0.1340E+02  0.3927E+04  0.1000E+03
     1    50     1     2        0  0.1492E+05  0.4647E-04  0.0000E+00  0.7409E-04
     1    50     1     3        0  0.1185E-01  0.3480E+02  0.0000E+00  0.4282E-10
     1    50     1     4        0  0.4643E+00  0.3173E-03  0.7245E-02  0.1912E-03
     1    51     1     1        0  0.0000E+00  0.1107E+02  0.5216E+04  0.1000E+03
     1    51     1     2        0  0.1946E+05  0.8800E-04  0.1813E-01  0.3861E-03
     1    51     1     3        0  0.7548E-01  0.2374E+02  0.0000E+00  0.2731E-10
     1    51     1     4        0  0.7250E+00  0.2699E-03  0.1260E-01  0.2726E-03
     1    51     1     5        0  0.5311E-01  0.9976E-02  0.0000E+00  0.1025E-08
     1    52     1     1        0  0.0000E+00  0.1346E+02  0.6234E+04  0.1000E+03
     1    52     1     2        0  0.2298E+05  0.9611E-04  0.9669E-02  0.1928E-03
     1    52     1     3        0  0.4190E-01  0.1886E+02  0.0000E+00  0.2888E-10
     1    52     1     4        0  0.9735E+00  0.2256E-03  0.1794E-01  0.3447E-03
     1    52     1     5        0  0.7524E-01  0.8229E-02  0.0000E+00  0.6195E-09
     1    53     1     1        0  0.0000E+00  0.1645E+02  0.6944E+04  0.1000E+03
     1    53     1     2        0  0.2541E+05  0.1460E-03  0.3153E-01  0.5667E-03
     1    53     1     3        0  0.1309E+00  0.1697E+02  0.0000E+00  0.3285E-10
     1    53     1     4        0  0.1170E+01  0.2527E-03  0.2231E-01  0.4057E-03
     1    53     1     5        0  0.9355E-01  0.7725E-02  0.0000E+00  0.2006E-08
     1    54     1     1        0  0.0000E+00  0.1986E+02  0.7327E+04  0.1000E+03
     1    54     1     2        0  0.2670E+05  0.2348E-03  0.1504E-01  0.2795E-03
     1    54     1     3        0  0.6479E-01  0.1697E+02  0.0000E+00  0.4921E-10
     1    54     1     4        0  0.1285E+01  0.1723E-03  0.2497E-01  0.4522E-03
     1    54     1     5        0  0.1050E+00  0.8065E-02  0.0000E+00  0.1054E-08
     1    55     1     1        0  0.0000E+00  0.2366E+02  0.7380E+04  0.1000E+03
     1    55     1     2        0  0.2685E+05  0.2436E-03  0.3661E-01  0.6866E-03
     1    55     1     3        0  0.1532E+00  0.1852E+02  0.0000E+00  0.5033E-10
     1    55     1     4        0  0.1299E+01  0.2455E-03  0.2550E-01  0.4831E-03
     1    55     1     5        0  0.1077E+00  0.9184E-02  0.0000E+00  0.2628E-08
     1    56     1     1        0  0.0000E+00  0.2727E+02  0.7113E+04  0.1000E+03
     1    56     1     2        0  0.2583E+05  0.2395E-03  0.1447E-01  0.3093E-03
     1    56     1     3        0  0.6289E-01  0.2158E+02  0.0000E+00  0.5347E-10
     1    56     1     4        0  0.1211E+01  0.3118E-03  0.2386E-01  0.4976E-03
     1    56     1     5        0  0.1013E+00  0.1112E-01  0.0000E+00  0.1171E-08
     1    57     1     1        0  0.0000E+00  0.2956E+02  0.6548E+04  0.1000E+03
     1    57     1     2        0  0.2369E+05  0.2745E-03  0.3088E-01  0.7465E-03
     1    57     1     3        0  0.1304E+00  0.2529E+02  0.0000E+00  0.5328E-10
     1    57     1     4        0  0.1035E+01  0.3644E-03  0.2035E-01  0.4968E-03
     1    57     1     5        0  0.8675E-01  0.1348E-01  0.0000E+00  0.2606E-08
     1    58     1     1        0  0.0000E+00  0.2833E+02  0.5713E+04  0.1000E+03
     1    58     1     2        0  0.2050E+05  0.2801E-03  0.8339E-02  0.2692E-03
     1    58     1     3        0  0.3687E-01  0.2708E+02  0.0000E+00  0.4884E-10
     1    58     1     4        0  0.7985E+00  0.3323E-03  0.1556E-01  0.4852E-03
     1    58     1     5        0  0.6657E-01  0.1483E-01  0.0000E+00  0.8612E-09
     1    59     1     1        0  0.0000E+00  0.2383E+02  0.4642E+04  0.1000E+03
     1    59     1     2        0  0.1635E+05  0.1877E-03  0.1808E-01  0.7504E-03
     1    59     1     3        0  0.7659E-01  0.2415E+02  0.0000E+00  0.6283E-10
     1    59     1     4        0  0.5397E+00  0.3469E-03  0.1029E-01  0.4340E-03
     1    59     1     5        0  0.4417E-01  0.1349E-01  0.0000E+00  0.1970E-08
     1    60     1     1        0  0.0000E+00  0.2030E+02  0.3372E+04  0.1000E+03
     1    60     1     2        0  0.1139E+05  0.1599E-03  0.0000E+00  0.1032E-03
     1    60     1     3        0  0.6428E-02  0.1801E+02  0.0000E+00  0.8805E-10
     1    60     1     4        0  0.2991E+00  0.1037E-03  0.0000E+00  0.3787E-03
     1    61     1     1        0  0.0000E+00  0.2044E+02  0.1947E+04  0.1000E+03
     1    61     1     2        0  0.5792E+04  0.2277E-03  0.0000E+00  0.3884E-03
     1    61     1     3        0  0.2294E-01  0.1182E+02  0.0000E+00  0.8790E-10
     1    61     1     4        0  0.1142E+00  0.1377E-03  0.0000E+00  0.1352E-03
     1    62     1     1        0  0.0000E+00  0.2625E+02  0.6363E+03  0.1000E+03
     1    62     1     2        0  0.2742E+04  0.2762E-03  0.0000E+00  0.5687E-04
     1    62     1     3        0  0.4275E-02  0.5374E+01  0.0000E+00  0.8163E-10
     1    62     1     4        0  0.1354E-01  0.3712E-04  0.0000E+00  0.6880E-05
     1    63     1     1        0  0.0000E+00  0.6541E+02  0.9503E+03  0.1000E+03
     1    63     1     2        0  0.5423E+04  0.8332E-03  0.0000E+00  0.3106E-05
     1    63     1     3        0  0.5744E-03  0.1717E+02  0.0000E+00  0.4468E-10
     1    63     1     4        0  0.1196E-01  0.1518E-03  0.0000E+00  0.9650E-05
     1    64     1     1        0  0.0000E+00  0.1842E+02  0.9393E+03  0.1000E+03
     1    64     1     2        0  0.5164E+04  0.1869E-03  0.0000E+00  0.5217E-04
     1    64     1     3        0  0.5675E-02  0.2669E+02  0.0000E+00  0.6294E-10
     1    64     1     4        0  0.1040E+00  0.2378E-03  0.0000E+00  0.2281E-04
     1    65     1     1        0  0.0000E+00  0.7168E+01  0.1366E+04  0.1000E+03
     1    65     1     2        0  0.7055E+04  0.4312E-04  0.0000E+00  0.2306E-03
     1    65     1     3        0  0.2438E-01  0.1697E+02  0.0000E+00  0.5897E-10
     1    65     1     4        0  0.2737E+00  0.1820E-03  0.0000E+00  0.1035E-03
     1    66     1     1        0  0.0000E+00  0.1328E+02  0.2086E+04  0.1000E+03
     1    66     1     2        0  0.1089E+05  0.7345E-04  0.0000E+00  0.3352E-04
     1    66     1     3        0  0.2178E-02  0.1571E+02  0.0000E+00  0.5678E-10
     1    66     1     4        0  0.4922E+00  0.1470E-03  0.0000E+00  0.2205E-03
     1    67     1     1        0  0.0000E+00  0.1844E+02  0.2700E+04  0.1000E+03
     1    67     1     2        0  0.1411E+05  0.1293E-03  0.1165E-01  0.5424E-03
     1    67     1     3        0  0.7002E-01  0.1683E+02  0.0000E+00  0.5982E-10
     1    67     1     4        0  0.7246E+00  0.2457E-03  0.6676E-02  0.3059E-03
     1    67     1     5        0  0.4077E-01  0.9172E-02  0.0000E+00  0.1470E-08
     1    68     1     1        0  0.0000E+00  0.2276E+02  0.3181E+04  0.1000E+03
     1    68     1     2        0  0.1660E+05  0.2025E-03  0.0000E+00  0.1505E-03
     1    68     1     3        0  0.1840E-01  0.1964E+02  0.0000E+00  0.6331E-10
     1    68     1     4        0  0.9340E+00  0.1817E-03  0.9179E-02  0.3835E-03
     1    68     1     5        0  0.5621E-01  0.1082E-01  0.0000E+00  0.4270E-09
     1    69     1     1        0  0.0000E+00  0.2571E+02  0.3512E+04  0.1000E+03
     1    69     1     2        0  0.1828E+05  0.2046E-03  0.1808E-01  0.7461E-03
     1    69     1     3        0  0.1094E+00  0.2358E+02  0.0000E+00  0.5989E-10
     1    69     1     4        0  0.1088E+01  0.4235E-03  0.1112E-01  0.4489E-03
     1    69     1     5        0  0.6836E-01  0.1315E-01  0.0000E+00  0.2585E-08
     1    70     1     1        0  0.0000E+00  0.2586E+02  0.3683E+04  0.1000E+03
     1    70     1     2        0  0.1909E+05  0.2744E-03  0.0000E+00  0.2479E-03
     1    70     1     3        0  0.3307E-01  0.2675E+02  0.0000E+00  0.8117E-10
     1    70     1     4        0  0.1161E+01  0.2446E-03  0.1217E-01  0.4889E-03
     1    70     1     5        0  0.7513E-01  0.1510E-01  0.0000E+00  0.8523E-09
     1    71     1     1        0  0.0000E+00  0.2280E+02  0.3693E+04  0.1000E+03
     1    71     1     2        0  0.1903E+05  0.1416E-03  0.1973E-01  0.8289E-03
     1    71     1     3        0  0.1201E+00  0.2643E+02  0.0000E+00  0.4908E-10
     1    71     1     4        0  0.1144E+01  0.4566E-03  0.1217E-01  0.4982E-03
     1    71     1     5        0  0.7539E-01  0.1510E-01  0.0000E+00  0.3066E-08
     1    72     1     1        0  0.0000E+00  0.1949E+02  0.3545E+04  0.1000E+03
     1    72     1     2        0  0.1808E+05  0.1561E-03  0.0000E+00  0.2675E-03
     1    72     1     3        0  0.3142E-01  0.2275E+02  0.0000E+00  0.6187E-10
     1    72     1     4        0  0.1039E+01  0.2438E-03  0.1113E-01  0.4828E-03
     1    72     1     5        0  0.6913E-01  0.1312E-01  0.0000E+00  0.8808E-09
     1    73     1     1        0  0.0000E+00  0.1824E+02  0.3250E+04  0.1000E+03
     1    73     1     2        0  0.1631E+05  0.1211E-03  0.1590E-01  0.7546E-03
     1    73     1     3        0  0.9688E-01  0.1858E+02  0.0000E+00  0.6331E-10
     1    73     1     4        0  0.8632E+00  0.2448E-03  0.9230E-02  0.4244E-03
     1    73     1     5        0  0.5747E-01  0.1078E-01  0.0000E+00  0.2477E-08
     1    74     1     1        0  0.0000E+00  0.1949E+02  0.2821E+04  0.1000E+03
     1    74     1     2        0  0.1377E+05  0.1682E-03  0.0000E+00  0.1809E-03
     1    74     1     3        0  0.1508E-01  0.1558E+02  0.0000E+00  0.7387E-10
     1    74     1     4        0  0.6443E+00  0.1853E-03  0.6801E-02  0.3401E-03
     1    74     1     5        0  0.4244E-01  0.9056E-02  0.0000E+00  0.4604E-09
     1    75     1     1        0  0.0000E+00  0.2307E+02  0.2275E+04  0.1000E+03
     1    75     1     2        0  0.1059E+05  0.2623E-03  0.8835E-02  0.5327E-03
     1    75     1     3        0  0.5351E-01  0.1407E+02  0.0000E+00  0.8825E-10
     1    75     1     4        0  0.4168E+00  0.1780E-03  0.0000E+00  0.2500E-03
     1    76     1     1        0  0.0000E+00  0.3032E+02  0.1631E+04  0.1000E+03
     1    76     1     2        0  0.6895E+04  0.2316E-03  0.0000E+00  0.7532E-04
     1    76     1     3        0  0.1801E-02  0.1426E+02  0.0000E+00  0.7472E-10
     1    76     1     4        0  0.2157E+00  0.9502E-04  0.0000E+00  0.1591E-03
     1    77     1     1        0  0.0000E+00  0.5228E+02  0.9112E+03  0.1000E+03
     1    77     1     2        0  0.3211E+04  0.6761E-03  0.0000E+00  0.2587E-03
     1    77     1     3        0  0.1403E-01  0.1838E+02  0.0000E+00  0.1062E-09
     1    77     1     4        0  0.7111E-01  0.2267E-03  0.0000E+00  0.6643E-04
     1    78     1     1        0  0.0000E+00  0.1000E+03  0.8106E+03  0.1000E+03
     1    78     1     2        0  0.3193E+04  0.7720E-03  0.0000E+00  0.4774E-04
     1    78     1     3        0  0.2502E-02  0.1475E+02  0.0000E+00  0.1000E-09
     1    78     1     4        0  0.3659E-02  0.8287E-04  0.0000E+00  0.8097E-05
     1    79     1     1        0  0.0000E+00  0.2874E+01  0.6213E+03  0.1000E+03
     1    79     1     2        0  0.3740E+04  0.5272E-05  0.0000E+00  0.3624E-04
     1    79     1     3        0  0.1770E-02  0.9047E+01  0.0000E+00  0.1037E-09
     1    79     1     4        0  0.2232E-01  0.8884E-04  0.0000E+00  0.1015E-04
     1    80     1     1        0  0.0000E+00  0.1448E+02  0.1495E+04  0.1000E+03
     1    80     1     2        0  0.4946E+04  0.1416E-03  0.0000E+00  0.8330E-04
     1    80     1     3        0  0.5918E-02  0.1525E+02  0.0000E+00  0.6778E-10
     1    80     1     4        0  0.1258E+00  0.1338E-03  0.0000E+00  0.7004E-04
     1    81     1     1        0  0.0000E+00  0.2162E+02  0.2956E+04  0.1000E+03
     1    81     1     2        0  0.9881E+04  0.2077E-03  0.8329E-02  0.2801E-03
     1    81     1     3        0  0.3167E-01  0.2194E+02  0.0000E+00  0.4316E-10
     1    81     1     4        0  0.2964E+00  0.2624E-03  0.0000E+00  0.1559E-03
     1    82     1     1        0  0.0000E+00  0.2418E+02  0.4250E+04  0.1000E+03
     1    82     1     2        0  0.1417E+05  0.1801E-03  0.0000E+00  0.7946E-04
     1    82     1     3        0  0.1139E-01  0.2838E+02  0.0000E+00  0.3457E-10
     1    82     1     4        0  0.5071E+00  0.3301E-03  0.9175E-02  0.2405E-03
     1    82     1     5        0  0.3467E-01  0.1563E-01  0.0000E+00  0.2186E-09
     1    83     1     1        0  0.0000E+00  0.2182E+02  0.5321E+04  0.1000E+03
     1    83     1     2        0  0.1766E+05  0.1571E-03  0.2068E-01  0.4615E-03
     1    83     1     3        0  0.7757E-01  0.3034E+02  0.0000E+00  0.2522E-10
     1    83     1     4        0  0.7237E+00  0.3454E-03  0.1421E-01  0.3185E-03
     1    83     1     5        0  0.5335E-01  0.1708E-01  0.0000E+00  0.1357E-08
     1    84     1     1        0  0.0000E+00  0.1795E+02  0.6127E+04  0.1000E+03
     1    84     1     2        0  0.2023E+05  0.1922E-03  0.1088E-01  0.2251E-03
     1    84     1     3        0  0.4142E-01  0.2687E+02  0.0000E+00  0.3087E-10
     1    84     1     4        0  0.9115E+00  0.3266E-03  0.1875E-01  0.3852E-03
     1    84     1     5        0  0.7026E-01  0.1554E-01  0.0000E+00  0.7952E-09
     1    85     1     1        0  0.0000E+00  0.1611E+02  0.6640E+04  0.1000E+03
     1    85     1     2        0  0.2183E+05  0.1434E-03  0.3004E-01  0.5982E-03
     1    85     1     3        0  0.1127E+00  0.2203E+02  0.0000E+00  0.3462E-10
     1    85     1     4        0  0.1041E+01  0.3363E-03  0.2201E-01  0.4393E-03
     1    85     1     5        0  0.8251E-01  0.1313E-01  0.0000E+00  0.2203E-08
     1    86     1     1        0  0.0000E+00  0.1658E+02  0.6845E+04  0.1000E+03
     1    86     1     2        0  0.2242E+05  0.1517E-03  0.1596E-01  0.3255E-03
     1    86     1     3        0  0.6048E-01  0.1848E+02  0.0000E+00  0.4208E-10
     1    86     1     4        0  0.1091E+01  0.1863E-03  0.2345E-01  0.4776E-03
     1    86     1     5        0  0.8804E-01  0.1135E-01  0.0000E+00  0.1245E-08
     1    87     1     1        0  0.0000E+00  0.1865E+02  0.6742E+04  0.1000E+03
     1    87     1     2        0  0.2198E+05  0.1897E-03  0.3099E-01  0.6775E-03
     1    87     1     3        0  0.1168E+00  0.1664E+02  0.0000E+00  0.6092E-10
     1    87     1     4        0  0.1054E+01  0.2328E-03  0.2283E-01  0.5004E-03
     1    87     1     5        0  0.8595E-01  0.1052E-01  0.0000E+00  0.2577E-08
     1    88     1     1        0  0.0000E+00  0.2191E+02  0.6343E+04  0.1000E+03
     1    88     1     2        0  0.2054E+05  0.2270E-03  0.1446E-01  0.3603E-03
     1    88     1     3        0  0.5497E-01  0.1639E+02  0.0000E+00  0.5611E-10
     1    88     1     4        0  0.9360E+00  0.2249E-03  0.2029E-01  0.5068E-03
     1    88     1     5        0  0.7661E-01  0.1063E-01  0.0000E+00  0.1332E-08
     1    89     1     1        0  0.0000E+00  0.2643E+02  0.5669E+04  0.1000E+03
     1    89     1     2        0  0.1816E+05  0.2823E-03  0.2311E-01  0.7095E-03
     1    89     1     3        0  0.8755E-01  0.1780E+02  0.0000E+00  0.7485E-10
     1    89     1     4        0  0.7559E+00  0.2353E-03  0.1627E-01  0.5014E-03
     1    89     1     5        0  0.6159E-01  0.1179E-01  0.0000E+00  0.2319E-08
     1    90     1     1        0  0.0000E+00  0.3254E+02  0.4749E+04  0.1000E+03
     1    90     1     2        0  0.1490E+05  0.2650E-03  0.7726E-02  0.3197E-03
     1    90     1     3        0  0.2967E-01  0.2145E+02  0.0000E+00  0.5588E-10
     1    90     1     4        0  0.5424E+00  0.2802E-03  0.1145E-01  0.4726E-03
     1    90     1     5        0  0.4348E-01  0.1443E-01  0.0000E+00  0.9359E-09
     1    91     1     1        0  0.0000E+00  0.4073E+02  0.3619E+04  0.1000E+03
     1    91     1     2        0  0.1091E+05  0.4466E-03  0.1107E-01  0.6946E-03
     1    91     1     3        0  0.4214E-01  0.2841E+02  0.0000E+00  0.9041E-10
     1    91     1     4        0  0.3299E+00  0.3409E-03  0.6649E-02  0.4227E-03
     1    92     1     1        0  0.0000E+00  0.4902E+02  0.2320E+04  0.1000E+03
     1    92     1     2        0  0.6337E+04  0.5349E-03  0.0000E+00  0.9724E-04
     1    92     1     3        0  0.4497E-02  0.3846E+02  0.0000E+00  0.9591E-10
     1    92     1     4        0  0.1519E+00  0.4097E-03  0.0000E+00  0.2303E-03
     1    93     1     1        0  0.0000E+00  0.4502E+02  0.1008E+04  0.1000E+03
     1    93     1     2        0  0.2784E+04  0.4515E-03  0.0000E+00  0.1326E-03
     1    93     1     3        0  0.7038E-02  0.3692E+02  0.0000E+00  0.7973E-10
     1    93     1     4        0  0.3620E-01  0.3468E-03  0.0000E+00  0.3183E-04
     1    94     1     1        0  0.0000E+00  0.2193E+02  0.6488E+03  0.1000E+03
     1    94     1     2        0  0.3936E+04  0.1942E-03  0.0000E+00  0.7642E-05
     1    94     1     3        0  0.8263E-03  0.1084E+02  0.0000E+00  0.5693E-10
     1    94     1     4        0  0.4877E-03  0.8937E-04  0.0000E+00  0.4205E-05
     1    95     1     1        0  0.0000E+00  0.7237E+02  0.9859E+03  0.1000E+03
     1    95     1     2        0  0.5047E+04  0.5611E-03  0.0000E+00  0.7783E-05
     1    95     1     3        0  0.4451E-03  0.1000E+03  0.0000E+00  0.4635E-10
     1    95     1     4        0  0.4736E-01  0.9761E-03  0.0000E+00  0.9306E-05
     1    96     1     1        0  0.0000E+00  0.2123E+02  0.9726E+03  0.1000E+03
     1    96     1     2        0  0.4813E+04  0.4634E-04  0.0000E+00  0.4290E-04
     1    96     1     3        0  0.3629E-02  0.6186E+02  0.0000E+00  0.4532E-10
     1    96     1     4        0  0.1665E+00  0.6656E-03  0.0000E+00  0.5774E-04
     1    97     1     1        0  0.0000E+00  0.1205E+02  0.1677E+04  0.1000E+03
     1    97     1     2        0  0.7572E+04  0.3132E-04  0.0000E+00  0.1372E-03
     1    97     1     3        0  0.1251E-01  0.3138E+02  0.0000E+00  0.6342E-10
     1    97     1     4        0  0.3384E+00  0.2477E-03  0.0000E+00  0.1584E-03
     1    98     1     1        0  0.0000E+00  0.1096E+02  0.2301E+04  0.1000E+03
     1    98     1     2        0  0.1060E+05  0.7961E-04  0.0000E+00  0.2882E-03
     1    98     1     3        0  0.2924E-01  0.2186E+02  0.0000E+00  0.5200E-10
     1    98     1     4        0  0.5352E+00  0.3168E-03  0.0000E+00  0.2739E-03
     1    98     1     5        0  0.2787E-01  0.1411E-01  0.0000E+00  0.7510E-09
     1    99     1     1        0  0.0000E+00  0.1395E+02  0.2812E+04  0.1000E+03
     1    99     1     2        0  0.1304E+05  0.9082E-04  0.6379E-02  0.3056E-03
     1    99     1     3        0  0.3523E-01  0.1803E+02  0.0000E+00  0.4915E-10
     1    99     1     4        0  0.7261E+00  0.2200E-03  0.7518E-02  0.3561E-03
     1    99     1     5        0  0.4133E-01  0.1171E-01  0.0000E+00  0.9232E-09
     1   100     1     1        0  0.0000E+00  0.1725E+02  0.3191E+04  0.1000E+03
     1   100     1     2        0  0.1483E+05  0.2278E-03  0.1086E-01  0.4838E-03
     1   100     1     3        0  0.5959E-01  0.1685E+02  0.0000E+00  0.9003E-10
     1   100     1     4        0  0.8810E+00  0.2696E-03  0.9615E-02  0.4278E-03
     1   100     1     5        0  0.5300E-01  0.1102E-01  0.0000E+00  0.1635E-08
