SUMMARY OF C0NVERGENCE INFORMATION
  STEP   INC  ATT   ITER     CONT.   RESID.        CORR.      RESID.      CORR.
                              EL.    FORCE         DISP       FLUX        TEMP.
                              (#)     (%)           (%)        (%)         (%)
     1     1     1     1        0  0.0000E+00  0.1000E-29  0.2906E+04  0.1000E+03
     1     1     1     2        0  0.7773E+04  0.1000E-29  0.0000E+00  0.5931E-05
     1     1     1     3        0  0.8599E-02  0.1000E+03  0.0000E+00  0.3209E-10
     1     1     1     4        0  0.1561E+02  0.4401E-03  0.0000E+00  0.3895E-03
     1     1     1     5        0  0.5568E+00  0.9049E-02  0.0000E+00  0.7380E-10
     1     1     2     1        0  0.0000E+00  0.1000E-29  0.2504E+04  0.1000E+03
     1     1     2     2        0  0.6949E+04  0.1000E-29  0.0000E+00  0.1189E-06
     1     1     2     3        0  0.0000E+00  0.1000E+03  0.0000E+00  0.2498E-09
     1     2     1     1        0  0.0000E+00  0.7586E+02  0.3510E+04  0.1000E+03
     1     2     1     2        0  0.1456E+05  0.1362E-04  0.0000E+00  0.1189E-03
     1     2     1     3        0  0.1371E+00  0.6382E+02  0.0000E+00  0.1791E-09
     1     2     1     4        0  0.1018E+01  0.4768E-04  0.0000E+00  0.8026E-04
     1     2     1     5        0  0.9415E-01  0.2309E-03  0.0000E+00  0.1695E-09
     1     3     1     1        0  0.0000E+00  0.4439E+02  0.3819E+04  0.1000E+03
     1     3     1     2        0  0.2086E+05  0.1582E-04  0.0000E+00  0.4876E-04
     1     3     1     3        0  0.4733E-01  0.8053E+02  0.0000E+00  0.1415E-09
     1     3     1     4        0  0.1045E+01  0.1599E-04  0.0000E+00  0.1111E-03
     1     3     1     5        0  0.1010E+00  0.5244E-03  0.0000E+00  0.1301E-09
     1     4     1     1        0  0.0000E+00  0.5731E+02  0.3680E+04  0.1000E+03
     1     4     1     2        0  0.2511E+05  0.1064E-04  0.0000E+00  0.2050E-03
     1     4     1     3        0  0.1297E+00  0.4329E+02  0.0000E+00  0.1428E-09
     1     4     1     4        0  0.8255E+00  0.5851E-04  0.0000E+00  0.1253E-03
     1     4     1     5        0  0.8166E-01  0.4117E-03  0.0000E+00  0.2373E-09
     1     5     1     1        0  0.0000E+00  0.2086E+02  0.3193E+04  0.1000E+03
     1     5     1     2        0  0.2604E+05  0.7237E-05  0.0000E+00  0.3958E-04
     1     5     1     3        0  0.2112E-01  0.3145E+02  0.0000E+00  0.1478E-09
     1     5     1     4        0  0.5074E+00  0.6354E-05  0.0000E+00  0.1169E-03
     1     5     1     5        0  0.5077E-01  0.3800E-03  0.0000E+00  0.1523E-09
     1     6     1     1        0  0.0000E+00  0.3023E+02  0.2362E+04  0.1000E+03
     1     6     1     2        0  0.2197E+05  0.4989E-05  0.0000E+00  0.2065E-03
     1     6     1     3        0  0.4689E-01  0.1775E+02  0.0000E+00  0.2246E-09
     1     6     1     4        0  0.2184E+00  0.1956E-04  0.0000E+00  0.8755E-04
     1     7     1     1        0  0.0000E+00  0.7257E+01  0.1196E+04  0.1000E+03
     1     7     1     2        0  0.1172E+05  0.3800E-05  0.0000E+00  0.5058E-04
     1     7     1     3        0  0.3677E-02  0.7497E+01  0.0000E+00  0.4728E-09
     1     7     1     4        0  0.4010E-01  0.3826E-05  0.0000E+00  0.2804E-04
     1     8     1     1        0  0.0000E+00  0.2061E+02  0.1106E+04  0.1000E+03
     1     8     1     2        0  0.1290E+05  0.1557E-04  0.0000E+00  0.3116E-04
     1     8     1     3        0  0.5664E-02  0.8809E+01  0.0000E+00  0.2815E-09
     1     8     1     4        0  0.1141E+00  0.4514E-05  0.0000E+00  0.3309E-04
     1     9     1     1        0  0.0000E+00  0.5924E+02  0.3745E+04  0.1000E+03
     1     9     1     2        0  0.3869E+05  0.2298E-04  0.0000E+00  0.2743E-03
     1     9     1     3        0  0.2090E+00  0.4514E+02  0.0000E+00  0.5479E-10
     1     9     1     4        0  0.3136E+01  0.1198E-03  0.0000E+00  0.2107E-03
     1     9     1     5        0  0.1631E+00  0.3082E-02  0.0000E+00  0.5592E-09
     1    10     1     1        0  0.0000E+00  0.3408E+02  0.3334E+04  0.1000E+03
     1    10     1     2        0  0.3864E+05  0.4685E-04  0.0000E+00  0.2846E-03
     1    10     1     3        0  0.1880E+00  0.2844E+02  0.0000E+00  0.6909E-10
     1    10     1     4        0  0.2441E+01  0.8021E-04  0.0000E+00  0.2206E-03
     1    10     1     5        0  0.1330E+00  0.2384E-02  0.0000E+00  0.5797E-09
     1    11     1     1        0  0.0000E+00  0.4424E+02  0.5173E+03  0.1000E+03
     1    11     1     2        0  0.8349E+04  0.4397E-04  0.0000E+00  0.5109E-04
     1    11     1     3        0  0.7519E-02  0.4613E+01  0.0000E+00  0.2670E-09
     1    11     1     4        0  0.4507E-01  0.2540E-05  0.0000E+00  0.1223E-04
     1    12     1     1        0  0.0000E+00  0.1385E+02  0.2857E+04  0.1000E+03
     1    12     1     2        0  0.3488E+05  0.1581E-04  0.0000E+00  0.3135E-03
     1    12     1     3        0  0.1474E+00  0.2047E+02  0.0000E+00  0.7587E-10
     1    12     1     4        0  0.1585E+01  0.5822E-04  0.0000E+00  0.1558E-03
     1    12     1     5        0  0.7827E-01  0.1921E-02  0.0000E+00  0.4821E-09
     1    13     1     1        0  0.0000E+00  0.1980E+02  0.3938E+04  0.1000E+03
     1    13     1     2        0  0.4401E+05  0.1489E-04  0.0000E+00  0.1703E-03
     1    13     1     3        0  0.1195E+00  0.1675E+02  0.0000E+00  0.7206E-10
     1    13     1     4        0  0.2829E+01  0.4260E-04  0.0000E+00  0.2489E-03
     1    13     1     5        0  0.1512E+00  0.1855E-02  0.0000E+00  0.4059E-09
     1    14     1     1        0  0.0000E+00  0.2874E+02  0.2062E+04  0.1000E+03
     1    14     1     2        0  0.2691E+05  0.4402E-04  0.0000E+00  0.2970E-03
     1    14     1     3        0  0.7273E-01  0.9584E+01  0.0000E+00  0.1432E-09
     1    14     1     4        0  0.6982E+00  0.2184E-04  0.0000E+00  0.1319E-03
     1    14     1     5        0  0.3662E-01  0.1091E-02  0.0000E+00  0.4239E-09
     1    15     1     1        0  0.0000E+00  0.1601E+02  0.1340E+04  0.1000E+03
     1    15     1     2        0  0.1707E+05  0.2429E-04  0.0000E+00  0.1509E-03
     1    15     1     3        0  0.2799E-01  0.1682E+02  0.0000E+00  0.1817E-09
     1    15     1     4        0  0.3304E+00  0.3332E-04  0.0000E+00  0.7047E-04
     1    16     1     1        0  0.0000E+00  0.3440E+02  0.3834E+04  0.1000E+03
     1    16     1     2        0  0.3954E+05  0.3319E-04  0.0000E+00  0.5882E-04
     1    16     1     3        0  0.3484E-01  0.2930E+02  0.0000E+00  0.5886E-10
     1    16     1     4        0  0.2166E+01  0.2676E-04  0.0000E+00  0.2266E-03
     1    16     1     5        0  0.1144E+00  0.3940E-02  0.0000E+00  0.1377E-09
     1    17     1     1        0  0.0000E+00  0.5873E+02  0.3212E+04  0.1000E+03
     1    17     1     2        0  0.3481E+05  0.7258E-04  0.0000E+00  0.5793E-03
     1    17     1     3        0  0.1990E+00  0.3064E+02  0.0000E+00  0.8717E-10
     1    17     1     4        0  0.1480E+01  0.1513E-03  0.0000E+00  0.2210E-03
     1    17     1     5        0  0.8093E-01  0.4490E-02  0.0000E+00  0.1082E-08
     1    18     1     1        0  0.0000E+00  0.2342E+02  0.2569E+03  0.1000E+03
     1    18     1     2        0  0.2606E+04  0.2122E-04  0.0000E+00  0.3529E-04
     1    18     1     3        0  0.3165E-02  0.2426E+01  0.0000E+00  0.2621E-09
     1    18     1     4        0  0.5380E-02  0.4493E-05  0.0000E+00  0.2956E-05
     1    19     1     1        0  0.0000E+00  0.3276E+02  0.3010E+04  0.1000E+03
     1    19     1     2        0  0.3087E+05  0.2687E-04  0.0000E+00  0.1707E-03
     1    19     1     3        0  0.6454E-01  0.2274E+02  0.0000E+00  0.7826E-10
     1    19     1     4        0  0.1208E+01  0.4548E-04  0.0000E+00  0.1684E-03
     1    19     1     5        0  0.5989E-01  0.3482E-02  0.0000E+00  0.3148E-09
     1    20     1     1        0  0.0000E+00  0.7006E+02  0.3879E+04  0.1000E+03
     1    20     1     2        0  0.3800E+05  0.6908E-04  0.0000E+00  0.3304E-03
     1    20     1     3        0  0.1287E+00  0.4497E+02  0.0000E+00  0.6249E-10
     1    20     1     4        0  0.1899E+01  0.1336E-03  0.0000E+00  0.2501E-03
     1    20     1     5        0  0.1014E+00  0.7581E-02  0.0000E+00  0.7227E-09
     1    21     1     1        0  0.0000E+00  0.1000E+03  0.1806E+04  0.1000E+03
     1    21     1     2        0  0.1906E+05  0.9949E-04  0.0000E+00  0.1264E-03
     1    21     1     3        0  0.2353E-01  0.5682E+02  0.0000E+00  0.1629E-09
     1    21     1     4        0  0.3868E+00  0.7541E-04  0.0000E+00  0.1087E-03
     1    22     1     1        0  0.0000E+00  0.2001E+02  0.1570E+04  0.1000E+03
     1    22     1     2        0  0.1583E+05  0.2850E-04  0.0000E+00  0.3291E-04
     1    22     1     3        0  0.6752E-02  0.2536E+02  0.0000E+00  0.1517E-09
     1    22     1     4        0  0.3324E+00  0.2526E-04  0.0000E+00  0.8718E-04
     1    23     1     1        0  0.0000E+00  0.6278E+02  0.3858E+04  0.1000E+03
     1    23     1     2        0  0.4755E+05  0.5512E-04  0.0000E+00  0.3422E-03
     1    23     1     3        0  0.1881E+00  0.5780E+02  0.0000E+00  0.5568E-10
     1    23     1     4        0  0.5021E+01  0.1707E-03  0.0000E+00  0.3457E-03
     1    23     1     5        0  0.2004E+00  0.2228E-01  0.0000E+00  0.1095E-08
     1    24     1     1        0  0.0000E+00  0.4010E+02  0.2892E+03  0.1000E+03
     1    24     1     2        0  0.3905E+04  0.3477E-04  0.0000E+00  0.4344E-04
     1    24     1     3        0  0.9440E-02  0.1320E+01  0.0000E+00  0.1558E-09
     1    24     1     4        0  0.4205E-02  0.5101E-05  0.0000E+00  0.6023E-05
     1    25     1     1        0  0.0000E+00  0.7586E+02  0.3902E+04  0.1000E+03
     1    25     1     2        0  0.4651E+05  0.8511E-05  0.0000E+00  0.2996E-03
     1    25     1     3        0  0.1815E+00  0.4855E+02  0.0000E+00  0.4852E-10
     1    25     1     4        0  0.4810E+01  0.1394E-03  0.0000E+00  0.3340E-03
     1    25     1     5        0  0.1874E+00  0.2001E-01  0.0000E+00  0.1003E-08
     1    26     1     1        0  0.0000E+00  0.3011E+02  0.1530E+04  0.1000E+03
     1    26     1     2        0  0.2035E+05  0.5247E-04  0.0000E+00  0.1585E-02
     1    26     1     3        0  0.2824E+00  0.1924E+02  0.0000E+00  0.1462E-09
     1    26     1     4        0  0.7358E+00  0.2414E-03  0.0000E+00  0.1283E-03
     1    26     1     5        0  0.2725E-01  0.7920E-02  0.0000E+00  0.2095E-08
     1    27     1     1        0  0.0000E+00  0.3456E+02  0.3195E+04  0.1000E+03
     1    27     1     2        0  0.3772E+05  0.5846E-04  0.4752E-01  0.1531E-02
     1    27     1     3        0  0.6687E+00  0.4734E+02  0.0000E+00  0.6130E-10
     1    27     1     4        0  0.3110E+01  0.6746E-03  0.0000E+00  0.2709E-03
     1    27     1     5        0  0.1184E+00  0.2153E-01  0.0000E+00  0.4136E-08
     1    28     1     1        0  0.0000E+00  0.4936E+02  0.2837E+04  0.1000E+03
     1    28     1     2        0  0.3406E+05  0.2829E-04  0.7030E-01  0.3128E-02
     1    28     1     3        0  0.9650E+00  0.1770E+02  0.0000E+00  0.7090E-10
     1    28     1     4        0  0.2384E+01  0.4204E-03  0.0000E+00  0.2894E-03
     1    28     1     5        0  0.9476E-01  0.8510E-02  0.0000E+00  0.7643E-08
     1    29     1     1        0  0.0000E+00  0.3023E+02  0.1862E+04  0.1000E+03
     1    29     1     2        0  0.2271E+05  0.7196E-04  0.3615E-01  0.2083E-02
     1    29     1     3        0  0.4796E+00  0.1848E+02  0.0000E+00  0.8829E-10
     1    29     1     4        0  0.1165E+01  0.3445E-03  0.0000E+00  0.1644E-03
     1    29     1     5        0  0.3969E-01  0.9222E-02  0.0000E+00  0.3426E-08
     1    30     1     1        0  0.0000E+00  0.5184E+02  0.3642E+04  0.1000E+03
     1    30     1     2        0  0.4079E+05  0.6379E-04  0.9016E-01  0.2774E-02
     1    30     1     3        0  0.1175E+01  0.4125E+02  0.0000E+00  0.6173E-10
     1    30     1     4        0  0.3767E+01  0.9749E-03  0.0000E+00  0.3466E-03
     1    30     1     5        0  0.1486E+00  0.2208E-01  0.0000E+00  0.8752E-08
     1    31     1     1        0  0.0000E+00  0.7943E+02  0.3286E+03  0.1000E+03
     1    31     1     2        0  0.3714E+04  0.1120E-03  0.0000E+00  0.6888E-03
     1    31     1     3        0  0.9029E-01  0.6206E+01  0.0000E+00  0.1309E-09
     1    31     1     4        0  0.6522E-01  0.1120E-03  0.0000E+00  0.6295E-05
     1    32     1     1        0  0.0000E+00  0.6746E+02  0.3859E+04  0.1000E+03
     1    32     1     2        0  0.4064E+05  0.2430E-04  0.9224E-01  0.2565E-02
     1    32     1     3        0  0.1130E+01  0.3537E+02  0.0000E+00  0.4202E-10
     1    32     1     4        0  0.3948E+01  0.8308E-03  0.0000E+00  0.3438E-03
     1    32     1     5        0  0.1541E+00  0.1995E-01  0.0000E+00  0.8459E-08
     1    33     1     1        0  0.0000E+00  0.7909E+02  0.1094E+04  0.1000E+03
     1    33     1     2        0  0.1234E+05  0.1277E-03  0.0000E+00  0.1703E-02
     1    33     1     3        0  0.1933E+00  0.1196E+02  0.0000E+00  0.1673E-09
     1    33     1     4        0  0.3345E+00  0.1722E-03  0.0000E+00  0.7987E-04
     1    34     1     1        0  0.0000E+00  0.1543E+02  0.3305E+04  0.1000E+03
     1    34     1     2        0  0.3427E+05  0.1103E-04  0.3668E-01  0.1162E-02
     1    34     1     3        0  0.4258E+00  0.3092E+02  0.0000E+00  0.4659E-10
     1    34     1     4        0  0.2875E+01  0.3257E-03  0.0000E+00  0.2925E-03
     1    34     1     5        0  0.1084E+00  0.1859E-01  0.0000E+00  0.3273E-08
     1    35     1     1        0  0.0000E+00  0.4582E+02  0.2451E+04  0.1000E+03
     1    35     1     2        0  0.2597E+05  0.4533E-04  0.0000E+00  0.2342E-03
     1    35     1     3        0  0.3836E-01  0.1182E+02  0.0000E+00  0.1694E-09
     1    35     1     4        0  0.1565E+01  0.2052E-04  0.0000E+00  0.2663E-03
     1    35     1     5        0  0.6043E-01  0.7291E-02  0.0000E+00  0.4459E-09
     1    36     1     1        0  0.0000E+00  0.3079E+02  0.2149E+04  0.1000E+03
     1    36     1     2        0  0.2214E+05  0.7507E-04  0.0000E+00  0.7131E-03
     1    36     1     3        0  0.1511E+00  0.3601E+02  0.0000E+00  0.7532E-10
     1    36     1     4        0  0.1279E+01  0.2110E-03  0.0000E+00  0.1950E-03
     1    36     1     5        0  0.4497E-01  0.2303E-01  0.0000E+00  0.1387E-08
     1    37     1     1        0  0.0000E+00  0.6316E+02  0.3397E+04  0.1000E+03
     1    37     1     2        0  0.3350E+05  0.8178E-04  0.0000E+00  0.1373E-03
     1    37     1     3        0  0.5279E-01  0.2469E+02  0.0000E+00  0.1430E-09
     1    37     1     4        0  0.2826E+01  0.2963E-04  0.0000E+00  0.3394E-03
     1    37     1     5        0  0.1110E+00  0.1660E-01  0.0000E+00  0.4178E-09
     1    38     1     1        0  0.0000E+00  0.4614E+02  0.6006E+03  0.1000E+03
     1    38     1     2        0  0.6169E+04  0.7522E-04  0.0000E+00  0.1009E-03
     1    38     1     3        0  0.1162E-01  0.1178E+02  0.0000E+00  0.1187E-09
     1    38     1     4        0  0.1729E+00  0.5496E-05  0.0000E+00  0.2392E-04
     1    39     1     1        0  0.0000E+00  0.4208E+02  0.3732E+04  0.1000E+03
     1    39     1     2        0  0.3504E+05  0.5216E-04  0.0000E+00  0.4251E-03
     1    39     1     3        0  0.1566E+00  0.1841E+02  0.0000E+00  0.1290E-09
     1    39     1     4        0  0.3268E+01  0.7539E-04  0.0000E+00  0.3511E-03
     1    39     1     5        0  0.1264E+00  0.1292E-01  0.0000E+00  0.1438E-08
     1    40     1     1        0  0.0000E+00  0.5715E+02  0.6295E+03  0.1000E+03
     1    40     1     2        0  0.5966E+04  0.8317E-04  0.0000E+00  0.2967E-03
     1    40     1     3        0  0.2698E-01  0.7842E+01  0.0000E+00  0.1696E-09
     1    40     1     4        0  0.1196E+00  0.4014E-04  0.0000E+00  0.3346E-04
     1    41     1     1        0  0.0000E+00  0.5747E+02  0.3395E+04  0.1000E+03
     1    41     1     2        0  0.3070E+05  0.7732E-04  0.0000E+00  0.6455E-03
     1    41     1     3        0  0.1967E+00  0.3686E+02  0.0000E+00  0.9610E-10
     1    41     1     4        0  0.2636E+01  0.2029E-03  0.0000E+00  0.3103E-03
     1    41     1     5        0  0.9956E-01  0.2699E-01  0.0000E+00  0.2044E-08
     1    42     1     1        0  0.0000E+00  0.9025E+02  0.2073E+04  0.1000E+03
     1    42     1     2        0  0.1915E+05  0.1098E-03  0.3194E-01  0.2210E-02
     1    42     1     3        0  0.3067E+00  0.2616E+02  0.0000E+00  0.1720E-09
     1    42     1     4        0  0.1003E+01  0.3849E-03  0.0000E+00  0.2380E-03
     1    42     1     5        0  0.3789E-01  0.1936E-01  0.0000E+00  0.4262E-08
     1    43     1     1        0  0.0000E+00  0.6284E+02  0.2371E+04  0.1000E+03
     1    43     1     2        0  0.2129E+05  0.2210E-04  0.0000E+00  0.1133E-02
     1    43     1     3        0  0.2386E+00  0.3545E+02  0.0000E+00  0.6628E-10
     1    43     1     4        0  0.1362E+01  0.3577E-03  0.0000E+00  0.2236E-03
     1    43     1     5        0  0.4845E-01  0.2738E-01  0.0000E+00  0.2540E-08
     1    44     1     1        0  0.0000E+00  0.9270E+02  0.3089E+04  0.1000E+03
     1    44     1     2        0  0.2719E+05  0.1157E-03  0.5587E-01  0.2181E-02
     1    44     1     3        0  0.5184E+00  0.4192E+02  0.0000E+00  0.1216E-09
     1    44     1     4        0  0.2113E+01  0.7415E-03  0.0000E+00  0.3293E-03
     1    44     1     5        0  0.8217E-01  0.3335E-01  0.0000E+00  0.6233E-08
     1    45     1     1        0  0.0000E+00  0.2413E+02  0.9484E+03  0.1000E+03
     1    45     1     2        0  0.8416E+04  0.4822E-05  0.0000E+00  0.1574E-02
     1    45     1     3        0  0.1584E+00  0.1386E+02  0.0000E+00  0.1308E-09
     1    45     1     4        0  0.3019E+00  0.2096E-03  0.0000E+00  0.6663E-04
     1    46     1     1        0  0.0000E+00  0.4966E+02  0.3595E+04  0.1000E+03
     1    46     1     2        0  0.3006E+05  0.4468E-04  0.7003E-01  0.2200E-02
     1    46     1     3        0  0.6263E+00  0.2516E+02  0.0000E+00  0.9161E-10
     1    46     1     4        0  0.2732E+01  0.4643E-03  0.0000E+00  0.3546E-03
     1    46     1     5        0  0.1054E+00  0.2102E-01  0.0000E+00  0.7282E-08
     1    47     1     1        0  0.0000E+00  0.2549E+02  0.3281E+03  0.1000E+03
     1    47     1     2        0  0.2870E+04  0.4950E-04  0.0000E+00  0.4736E-03
     1    47     1     3        0  0.2835E-01  0.4042E+01  0.0000E+00  0.1986E-09
     1    47     1     4        0  0.2451E-01  0.5195E-04  0.0000E+00  0.8762E-05
     1    48     1     1        0  0.0000E+00  0.5048E+02  0.3413E+04  0.1000E+03
     1    48     1     2        0  0.2768E+05  0.4022E-04  0.3354E-01  0.1053E-02
     1    48     1     3        0  0.2885E+00  0.4284E+02  0.0000E+00  0.4212E-10
     1    48     1     4        0  0.2418E+01  0.4047E-03  0.0000E+00  0.3247E-03
     1    48     1     5        0  0.9133E-01  0.3664E-01  0.0000E+00  0.3280E-08
     1    49     1     1        0  0.0000E+00  0.7044E+02  0.1656E+04  0.1000E+03
     1    49     1     2        0  0.1366E+05  0.8812E-04  0.0000E+00  0.1025E-03
     1    49     1     3        0  0.8570E-02  0.2483E+02  0.0000E+00  0.1244E-09
     1    49     1     4        0  0.6145E+00  0.5981E-05  0.0000E+00  0.2008E-03
     1    49     1     5        0  0.2239E-01  0.2117E-01  0.0000E+00  0.1947E-09
     1    50     1     1        0  0.0000E+00  0.3184E+02  0.2581E+04  0.1000E+03
     1    50     1     2        0  0.2059E+05  0.1788E-04  0.0000E+00  0.2904E-03
     1    50     1     3        0  0.5865E-01  0.3247E+02  0.0000E+00  0.5756E-10
     1    50     1     4        0  0.1445E+01  0.6666E-04  0.0000E+00  0.2495E-03
     1    50     1     5        0  0.5185E-01  0.2905E-01  0.0000E+00  0.7131E-09
     1    51     1     1        0  0.0000E+00  0.5029E+02  0.2781E+04  0.1000E+03
     1    51     1     2        0  0.2210E+05  0.5697E-04  0.0000E+00  0.7988E-03
     1    51     1     3        0  0.1630E+00  0.2764E+02  0.0000E+00  0.7340E-10
     1    51     1     4        0  0.1603E+01  0.1689E-03  0.0000E+00  0.3160E-03
     1    51     1     5        0  0.6142E-01  0.2533E-01  0.0000E+00  0.2111E-08
     1    52     1     1        0  0.0000E+00  0.3957E+02  0.1239E+04  0.1000E+03
     1    52     1     2        0  0.9808E+04  0.5412E-04  0.0000E+00  0.7163E-03
     1    52     1     3        0  0.6956E-01  0.3784E+02  0.0000E+00  0.1126E-09
     1    52     1     4        0  0.4286E+00  0.2267E-03  0.0000E+00  0.1291E-03
     1    53     1     1        0  0.0000E+00  0.7050E+02  0.3402E+04  0.1000E+03
     1    53     1     2        0  0.2598E+05  0.5703E-04  0.3810E-01  0.1204E-02
     1    53     1     3        0  0.3042E+00  0.4322E+02  0.0000E+00  0.6468E-10
     1    53     1     4        0  0.2284E+01  0.4340E-03  0.0000E+00  0.3545E-03
     1    53     1     5        0  0.8777E-01  0.4124E-01  0.0000E+00  0.3880E-08
     1    54     1     1        0  0.0000E+00  0.3840E+02  0.3932E+03  0.1000E+03
     1    54     1     2        0  0.2795E+04  0.1061E-03  0.0000E+00  0.4088E-04
     1    54     1     3        0  0.4509E-02  0.1170E+01  0.0000E+00  0.1281E-09
     1    54     1     4        0  0.1212E-02  0.1629E-05  0.0000E+00  0.6108E-05
     1    55     1     1        0  0.0000E+00  0.6042E+02  0.3417E+04  0.1000E+03
     1    55     1     2        0  0.2517E+05  0.2104E-04  0.0000E+00  0.3972E-03
     1    55     1     3        0  0.1102E+00  0.5603E+02  0.0000E+00  0.4648E-10
     1    55     1     4        0  0.2250E+01  0.1900E-03  0.0000E+00  0.3354E-03
     1    55     1     5        0  0.8461E-01  0.5418E-01  0.0000E+00  0.1266E-08
     1    56     1     1        0  0.0000E+00  0.6687E+02  0.1266E+04  0.1000E+03
     1    56     1     2        0  0.9427E+04  0.9152E-04  0.0000E+00  0.8475E-03
     1    56     1     3        0  0.5857E-01  0.1636E+02  0.0000E+00  0.1907E-09
     1    56     1     4        0  0.3625E+00  0.7949E-04  0.0000E+00  0.1478E-03
     1    57     1     1        0  0.0000E+00  0.2277E+02  0.2730E+04  0.1000E+03
     1    57     1     2        0  0.1984E+05  0.1693E-04  0.0000E+00  0.3831E-03
     1    57     1     3        0  0.7591E-01  0.2861E+02  0.0000E+00  0.5577E-10
     1    57     1     4        0  0.1493E+01  0.9807E-04  0.0000E+00  0.2726E-03
     1    57     1     5        0  0.5400E-01  0.2868E-01  0.0000E+00  0.1107E-08
     1    58     1     1        0  0.0000E+00  0.3698E+02  0.2440E+04  0.1000E+03
     1    58     1     2        0  0.1780E+05  0.4580E-04  0.3221E-01  0.1705E-02
     1    58     1     3        0  0.2391E+00  0.1423E+02  0.0000E+00  0.1369E-09
     1    58     1     4        0  0.1187E+01  0.1786E-03  0.0000E+00  0.2976E-03
     1    58     1     5        0  0.4479E-01  0.1448E-01  0.0000E+00  0.4165E-08
     1    59     1     1        0  0.0000E+00  0.2205E+02  0.1537E+04  0.1000E+03
     1    59     1     2        0  0.1105E+05  0.5299E-04  0.0000E+00  0.1383E-02
     1    59     1     3        0  0.1394E+00  0.2298E+02  0.0000E+00  0.1205E-09
     1    59     1     4        0  0.5684E+00  0.2459E-03  0.0000E+00  0.1650E-03
     1    59     1     5        0  0.1802E-01  0.2370E-01  0.0000E+00  0.2203E-08
     1    60     1     1        0  0.0000E+00  0.6467E+02  0.3207E+04  0.1000E+03
     1    60     1     2        0  0.2253E+05  0.7702E-04  0.5558E-01  0.2009E-02
     1    60     1     3        0  0.4033E+00  0.3066E+02  0.0000E+00  0.1091E-09
     1    60     1     4        0  0.1926E+01  0.4973E-03  0.0000E+00  0.3506E-03
     1    60     1     5        0  0.7334E-01  0.3250E-01  0.0000E+00  0.6333E-08
     1    61     1     1        0  0.0000E+00  0.6214E+02  0.4082E+03  0.1000E+03
     1    61     1     2        0  0.2677E+04  0.1839E-03  0.0000E+00  0.2858E-03
     1    61     1     3        0  0.2037E-01  0.8601E+01  0.0000E+00  0.1202E-09
     1    61     1     4        0  0.2946E-01  0.7973E-04  0.0000E+00  0.6694E-05
     1    62     1     1        0  0.0000E+00  0.4729E+02  0.3355E+04  0.1000E+03
     1    62     1     2        0  0.2288E+05  0.4652E-04  0.4068E-01  0.1319E-02
     1    62     1     3        0  0.2873E+00  0.2624E+02  0.0000E+00  0.7993E-10
     1    62     1     4        0  0.2059E+01  0.2922E-03  0.0000E+00  0.3461E-03
     1    62     1     5        0  0.7740E-01  0.2821E-01  0.0000E+00  0.4329E-08
     1    63     1     1        0  0.0000E+00  0.7639E+02  0.8562E+03  0.1000E+03
     1    63     1     2        0  0.5798E+04  0.1213E-03  0.0000E+00  0.4202E-03
     1    63     1     3        0  0.2140E-01  0.1297E+02  0.0000E+00  0.2347E-09
     1    63     1     4        0  0.1828E+00  0.4452E-04  0.0000E+00  0.8088E-04
     1    64     1     1        0  0.0000E+00  0.4431E+02  0.2861E+04  0.1000E+03
     1    64     1     2        0  0.1913E+05  0.5505E-04  0.0000E+00  0.4690E-03
     1    64     1     3        0  0.8450E-01  0.3513E+02  0.0000E+00  0.4676E-10
     1    64     1     4        0  0.1537E+01  0.1348E-03  0.0000E+00  0.2936E-03
     1    64     1     5        0  0.5569E-01  0.3884E-01  0.0000E+00  0.1324E-08
     1    65     1     1        0  0.0000E+00  0.5143E+02  0.2111E+04  0.1000E+03
     1    65     1     2        0  0.1422E+05  0.1044E-03  0.0000E+00  0.7471E-03
     1    65     1     3        0  0.8687E-01  0.1908E+02  0.0000E+00  0.1922E-09
     1    65     1     4        0  0.8709E+00  0.9688E-04  0.0000E+00  0.2737E-03
     1    65     1     5        0  0.3203E-01  0.2129E-01  0.0000E+00  0.1641E-08
     1    66     1     1        0  0.0000E+00  0.3452E+02  0.1788E+04  0.1000E+03
     1    66     1     2        0  0.1185E+05  0.5453E-04  0.0000E+00  0.5159E-03
     1    66     1     3        0  0.6382E-01  0.3892E+02  0.0000E+00  0.9484E-10
     1    66     1     4        0  0.6887E+00  0.1701E-03  0.0000E+00  0.1956E-03
     1    66     1     5        0  0.2279E-01  0.4437E-01  0.0000E+00  0.9959E-09
     1    67     1     1        0  0.0000E+00  0.7205E+02  0.2963E+04  0.1000E+03
     1    67     1     2        0  0.1943E+05  0.7522E-04  0.3571E-01  0.1366E-02
     1    67     1     3        0  0.2389E+00  0.3181E+02  0.0000E+00  0.1024E-09
     1    67     1     4        0  0.1586E+01  0.3539E-03  0.0000E+00  0.3439E-03
     1    67     1     5        0  0.6019E-01  0.3683E-01  0.0000E+00  0.4137E-08
     1    68     1     1        0  0.0000E+00  0.1748E+02  0.4583E+03  0.1000E+03
     1    68     1     2        0  0.2637E+04  0.3739E-04  0.0000E+00  0.3948E-03
     1    68     1     3        0  0.2966E-01  0.9737E+01  0.0000E+00  0.1092E-09
     1    68     1     4        0  0.9456E-01  0.6797E-04  0.0000E+00  0.1714E-04
     1    69     1     1        0  0.0000E+00  0.3795E+02  0.3277E+04  0.1000E+03
     1    69     1     2        0  0.2086E+05  0.4501E-04  0.3128E-01  0.1004E-02
     1    69     1     3        0  0.2048E+00  0.2113E+02  0.0000E+00  0.7149E-10
     1    69     1     4        0  0.1890E+01  0.1835E-03  0.0000E+00  0.3535E-03
     1    69     1     5        0  0.7072E-01  0.2504E-01  0.0000E+00  0.3267E-08
     1    70     1     1        0  0.0000E+00  0.3778E+02  0.5052E+03  0.1000E+03
     1    70     1     2        0  0.2920E+04  0.5728E-04  0.0000E+00  0.1466E-03
     1    70     1     3        0  0.6342E-02  0.7004E+01  0.0000E+00  0.1877E-09
     1    70     1     4        0  0.7694E-01  0.1291E-04  0.0000E+00  0.3142E-04
     1    71     1     1        0  0.0000E+00  0.5439E+02  0.2934E+04  0.1000E+03
     1    71     1     2        0  0.1835E+05  0.5011E-04  0.0000E+00  0.2391E-03
     1    71     1     3        0  0.4319E-01  0.4129E+02  0.0000E+00  0.6177E-10
     1    71     1     4        0  0.1535E+01  0.7677E-04  0.0000E+00  0.3115E-03
     1    71     1     5        0  0.5613E-01  0.4969E-01  0.0000E+00  0.7363E-09
     1    72     1     1        0  0.0000E+00  0.7893E+02  0.1757E+04  0.1000E+03
     1    72     1     2        0  0.1105E+05  0.9200E-04  0.0000E+00  0.1119E-02
     1    72     1     3        0  0.8888E-01  0.3162E+02  0.0000E+00  0.1123E-09
     1    72     1     4        0  0.6040E+00  0.2152E-03  0.0000E+00  0.2481E-03
     1    72     1     5        0  0.2172E-01  0.3803E-01  0.0000E+00  0.2117E-08
     1    73     1     1        0  0.0000E+00  0.4207E+02  0.2024E+04  0.1000E+03
     1    73     1     2        0  0.1253E+05  0.2544E-04  0.0000E+00  0.7148E-03
     1    73     1     3        0  0.8645E-01  0.3874E+02  0.0000E+00  0.6988E-10
     1    73     1     4        0  0.8158E+00  0.2393E-03  0.0000E+00  0.2241E-03
     1    73     1     5        0  0.2754E-01  0.4800E-01  0.0000E+00  0.1599E-08
     1    74     1     1        0  0.0000E+00  0.7742E+02  0.2716E+04  0.1000E+03
     1    74     1     2        0  0.1675E+05  0.5547E-04  0.3930E-01  0.1738E-02
     1    74     1     3        0  0.2455E+00  0.3772E+02  0.0000E+00  0.7900E-10
     1    74     1     4        0  0.1311E+01  0.4885E-03  0.0000E+00  0.3339E-03
     1    74     1     5        0  0.4905E-01  0.4735E-01  0.0000E+00  0.4980E-08
     1    75     1     1        0  0.0000E+00  0.9821E+02  0.7652E+03  0.1000E+03
     1    75     1     2        0  0.4295E+04  0.1500E-03  0.0000E+00  0.8713E-03
     1    75     1     3        0  0.5851E-01  0.7928E+02  0.0000E+00  0.1368E-09
     1    75     1     4        0  0.1748E+00  0.7370E-03  0.0000E+00  0.5428E-04
     1    76     1     1        0  0.0000E+00  0.5114E+02  0.3150E+04  0.1000E+03
     1    76     1     2        0  0.1895E+05  0.5440E-04  0.4302E-01  0.1507E-02
     1    76     1     3        0  0.2641E+00  0.3273E+02  0.0000E+00  0.7765E-10
     1    76     1     4        0  0.1696E+01  0.4005E-03  0.0000E+00  0.3572E-03
     1    76     1     5        0  0.6359E-01  0.4192E-01  0.0000E+00  0.4944E-08
     1    77     1     1        0  0.0000E+00  0.3634E+02  0.3895E+03  0.1000E+03
     1    77     1     2        0  0.2377E+04  0.8344E-04  0.0000E+00  0.2628E-03
     1    77     1     3        0  0.9994E-02  0.3664E+01  0.0000E+00  0.1698E-09
     1    77     1     4        0  0.1681E-01  0.2794E-04  0.0000E+00  0.7007E-05
     1    78     1     1        0  0.0000E+00  0.5523E+02  0.2990E+04  0.1000E+03
     1    78     1     2        0  0.1762E+05  0.1569E-04  0.0000E+00  0.7213E-03
     1    78     1     3        0  0.1198E+00  0.4567E+02  0.0000E+00  0.5108E-10
     1    78     1     4        0  0.1536E+01  0.3414E-03  0.0000E+00  0.3260E-03
     1    78     1     5        0  0.5608E-01  0.5903E-01  0.0000E+00  0.2204E-08
     1    79     1     1        0  0.0000E+00  0.5998E+02  0.1429E+04  0.1000E+03
     1    79     1     2        0  0.8378E+04  0.9093E-04  0.0000E+00  0.5000E-03
     1    79     1     3        0  0.3085E-01  0.2039E+02  0.0000E+00  0.2042E-09
     1    79     1     4        0  0.4089E+00  0.7819E-04  0.0000E+00  0.2140E-03
     1    80     1     1        0  0.0000E+00  0.1706E+02  0.2212E+04  0.1000E+03
     1    80     1     2        0  0.1291E+05  0.1980E-04  0.0000E+00  0.2785E-03
     1    80     1     3        0  0.3956E-01  0.2651E+02  0.0000E+00  0.6388E-10
     1    80     1     4        0  0.9146E+00  0.9196E-04  0.0000E+00  0.2499E-03
     1    80     1     5        0  0.3156E-01  0.3514E-01  0.0000E+00  0.7013E-09
     1    81     1     1        0  0.0000E+00  0.4031E+02  0.2433E+04  0.1000E+03
     1    81     1     2        0  0.1424E+05  0.5167E-04  0.2913E-01  0.1440E-02
     1    81     1     3        0  0.1715E+00  0.1798E+02  0.0000E+00  0.1366E-09
     1    81     1     4        0  0.1048E+01  0.1938E-03  0.0000E+00  0.3210E-03
     1    81     1     5        0  0.3884E-01  0.2406E-01  0.0000E+00  0.3837E-08
     1    82     1     1        0  0.0000E+00  0.2627E+02  0.1061E+04  0.1000E+03
     1    82     1     2        0  0.5811E+04  0.6036E-04  0.0000E+00  0.9332E-03
     1    82     1     3        0  0.6096E-01  0.2163E+02  0.0000E+00  0.1217E-09
     1    82     1     4        0  0.2768E+00  0.1587E-03  0.0000E+00  0.1119E-03
     1    83     1     1        0  0.0000E+00  0.7036E+02  0.3014E+04  0.1000E+03
     1    83     1     2        0  0.1722E+05  0.8769E-04  0.4041E-01  0.1469E-02
     1    83     1     3        0  0.2345E+00  0.4045E+02  0.0000E+00  0.8243E-10
     1    83     1     4        0  0.1525E+01  0.5198E-03  0.0000E+00  0.3573E-03
     1    83     1     5        0  0.5676E-01  0.5534E-01  0.0000E+00  0.4751E-08
     1    84     1     1        0  0.0000E+00  0.8808E+02  0.4158E+03  0.1000E+03
     1    84     1     2        0  0.2356E+04  0.2200E-03  0.0000E+00  0.7282E-04
     1    84     1     3        0  0.5118E-02  0.2119E+01  0.0000E+00  0.1419E-09
     1    84     1     4        0  0.7373E-03  0.1159E-04  0.0000E+00  0.5045E-05
     1    85     1     1        0  0.0000E+00  0.6615E+02  0.2996E+04  0.1000E+03
     1    85     1     2        0  0.1678E+05  0.3879E-04  0.0000E+00  0.7675E-03
     1    85     1     3        0  0.1255E+00  0.4434E+02  0.0000E+00  0.4626E-10
     1    85     1     4        0  0.1497E+01  0.2881E-03  0.0000E+00  0.3367E-03
     1    85     1     5        0  0.5482E-01  0.6078E-01  0.0000E+00  0.2444E-08
     1    86     1     1        0  0.0000E+00  0.9140E+02  0.1107E+04  0.1000E+03
     1    86     1     2        0  0.5899E+04  0.1312E-03  0.0000E+00  0.4089E-03
     1    86     1     3        0  0.1854E-01  0.2089E+02  0.0000E+00  0.2284E-09
     1    86     1     4        0  0.2486E+00  0.5831E-04  0.0000E+00  0.1606E-03
     1    87     1     1        0  0.0000E+00  0.2620E+02  0.2384E+04  0.1000E+03
     1    87     1     2        0  0.1321E+05  0.2359E-04  0.0000E+00  0.2276E-03
     1    87     1     3        0  0.3198E-01  0.2888E+02  0.0000E+00  0.5456E-10
     1    87     1     4        0  0.1014E+01  0.9041E-04  0.0000E+00  0.2731E-03
     1    87     1     5        0  0.3523E-01  0.4051E-01  0.0000E+00  0.6467E-09
     1    88     1     1        0  0.0000E+00  0.4174E+02  0.2155E+04  0.1000E+03
     1    88     1     2        0  0.1202E+05  0.6535E-04  0.2622E-01  0.1543E-02
     1    88     1     3        0  0.1465E+00  0.1635E+02  0.0000E+00  0.1668E-09
     1    88     1     4        0  0.8311E+00  0.1838E-03  0.0000E+00  0.3031E-03
     1    88     1     5        0  0.3011E-01  0.2315E-01  0.0000E+00  0.3764E-08
     1    89     1     1        0  0.0000E+00  0.2273E+02  0.1320E+04  0.1000E+03
     1    89     1     2        0  0.7029E+04  0.6097E-04  0.0000E+00  0.1134E-02
     1    89     1     3        0  0.7675E-01  0.3056E+02  0.0000E+00  0.1155E-09
     1    89     1     4        0  0.3777E+00  0.2706E-03  0.0000E+00  0.1650E-03
     1    90     1     1        0  0.0000E+00  0.6304E+02  0.2838E+04  0.1000E+03
     1    90     1     2        0  0.1551E+05  0.7970E-04  0.4389E-01  0.1746E-02
     1    90     1     3        0  0.2424E+00  0.3102E+02  0.0000E+00  0.1008E-09
     1    90     1     4        0  0.1333E+01  0.4410E-03  0.0000E+00  0.3535E-03
     1    90     1     5        0  0.4961E-01  0.4480E-01  0.0000E+00  0.5520E-08
     1    91     1     1        0  0.0000E+00  0.4521E+02  0.4647E+03  0.1000E+03
     1    91     1     2        0  0.2384E+04  0.1050E-03  0.0000E+00  0.2190E-03
     1    91     1     3        0  0.1157E-01  0.7000E+01  0.0000E+00  0.1337E-09
     1    91     1     4        0  0.1966E-01  0.5025E-04  0.0000E+00  0.6930E-05
     1    92     1     1        0  0.0000E+00  0.3942E+02  0.2980E+04  0.1000E+03
     1    92     1     2        0  0.1597E+05  0.4255E-04  0.3315E-01  0.1189E-02
     1    92     1     3        0  0.1805E+00  0.2262E+02  0.0000E+00  0.5394E-10
     1    92     1     4        0  0.1456E+01  0.2230E-03  0.0000E+00  0.3475E-03
     1    92     1     5        0  0.5309E-01  0.3298E-01  0.0000E+00  0.3887E-08
     1    93     1     1        0  0.0000E+00  0.4970E+02  0.7965E+03  0.1000E+03
     1    93     1     2        0  0.3776E+04  0.7158E-04  0.0000E+00  0.2893E-03
     1    93     1     3        0  0.1011E-01  0.1064E+02  0.0000E+00  0.2092E-09
     1    93     1     4        0  0.1386E+00  0.2705E-04  0.0000E+00  0.8841E-04
     1    94     1     1        0  0.0000E+00  0.5656E+02  0.2507E+04  0.1000E+03
     1    94     1     2        0  0.1329E+05  0.4481E-04  0.0000E+00  0.2483E-03
     1    94     1     3        0  0.3120E-01  0.4917E+02  0.0000E+00  0.5408E-10
     1    94     1     4        0  0.1075E+01  0.1009E-03  0.0000E+00  0.2940E-03
     1    94     1     5        0  0.3799E-01  0.7269E-01  0.0000E+00  0.7032E-09
     1    95     1     1        0  0.0000E+00  0.7863E+02  0.1877E+04  0.1000E+03
     1    95     1     2        0  0.9878E+04  0.1306E-03  0.0000E+00  0.1045E-02
     1    95     1     3        0  0.8022E-01  0.3142E+02  0.0000E+00  0.1538E-09
     1    95     1     4        0  0.6259E+00  0.2201E-03  0.0000E+00  0.2793E-03
     1    95     1     5        0  0.2234E-01  0.4654E-01  0.0000E+00  0.2290E-08
     1    96     1     1        0  0.0000E+00  0.6517E+02  0.1565E+04  0.1000E+03
     1    96     1     2        0  0.8097E+04  0.7870E-04  0.0000E+00  0.6595E-03
     1    96     1     3        0  0.5419E-01  0.7375E+02  0.0000E+00  0.8756E-10
     1    96     1     4        0  0.4922E+00  0.3788E-03  0.0000E+00  0.1956E-03
     1    97     1     1        0  0.0000E+00  0.8130E+02  0.2650E+04  0.1000E+03
     1    97     1     2        0  0.1392E+05  0.7399E-04  0.3475E-01  0.1495E-02
     1    97     1     3        0  0.1837E+00  0.3957E+02  0.0000E+00  0.1133E-09
     1    97     1     4        0  0.1164E+01  0.4660E-03  0.0000E+00  0.3470E-03
     1    97     1     5        0  0.4282E-01  0.6017E-01  0.0000E+00  0.4522E-08
     1    98     1     1        0  0.0000E+00  0.4068E+02  0.4639E+03  0.1000E+03
     1    98     1     2        0  0.2292E+04  0.8877E-04  0.0000E+00  0.4390E-03
     1    98     1     3        0  0.2417E-01  0.1676E+02  0.0000E+00  0.1211E-09
     1    98     1     4        0  0.6228E-01  0.1323E-03  0.0000E+00  0.1241E-04
     1    99     1     1        0  0.0000E+00  0.3930E+02  0.2917E+04  0.1000E+03
     1    99     1     2        0  0.1506E+05  0.3439E-04  0.3157E-01  0.1155E-02
     1    99     1     3        0  0.1649E+00  0.2476E+02  0.0000E+00  0.8134E-10
     1    99     1     4        0  0.1373E+01  0.2430E-03  0.0000E+00  0.3549E-03
     1    99     1     5        0  0.5033E-01  0.3801E-01  0.0000E+00  0.3803E-08
     1   100     1     1        0  0.0000E+00  0.3376E+02  0.4757E+03  0.1000E+03
     1   100     1     2        0  0.2194E+04  0.5337E-04  0.0000E+00  0.2552E-03
     1   100     1     3        0  0.7773E-02  0.6271E+01  0.0000E+00  0.2101E-09
     1   100     1     4        0  0.5859E-01  0.1429E-04  0.0000E+00  0.2994E-04
     1   101     1     1        0  0.0000E+00  0.4743E+02  0.2610E+04  0.1000E+03
     1   101     1     2        0  0.1330E+05  0.3589E-04  0.0000E+00  0.2961E-03
     1   101     1     3        0  0.3716E-01  0.4134E+02  0.0000E+00  0.4904E-10
     1   101     1     4        0  0.1134E+01  0.9191E-04  0.0000E+00  0.3121E-03
     1   101     1     5        0  0.4020E-01  0.6398E-01  0.0000E+00  0.8744E-09
     1   102     1     1        0  0.0000E+00  0.6489E+02  0.1611E+04  0.1000E+03
     1   102     1     2        0  0.7946E+04  0.7880E-04  0.0000E+00  0.1069E-02
     1   102     1     3        0  0.6204E-01  0.2469E+02  0.0000E+00  0.1325E-09
     1   102     1     4        0  0.4626E+00  0.1575E-03  0.0000E+00  0.2540E-03
     1   103     1     1        0  0.0000E+00  0.1998E+02  0.1772E+04  0.1000E+03
     1   103     1     2        0  0.8898E+04  0.3261E-04  0.0000E+00  0.6371E-03
     1   103     1     3        0  0.5742E-01  0.2815E+02  0.0000E+00  0.6456E-10
     1   103     1     4        0  0.5924E+00  0.1536E-03  0.0000E+00  0.2238E-03
     1   103     1     5        0  0.1933E-01  0.4441E-01  0.0000E+00  0.1433E-08
     1   104     1     1        0  0.0000E+00  0.5095E+02  0.2428E+04  0.1000E+03
     1   104     1     2        0  0.1232E+05  0.4034E-04  0.3414E-01  0.1654E-02
     1   104     1     3        0  0.1737E+00  0.2406E+02  0.0000E+00  0.9356E-10
     1   104     1     4        0  0.9829E+00  0.3015E-03  0.0000E+00  0.3371E-03
     1   104     1     5        0  0.3593E-01  0.3817E-01  0.0000E+00  0.4771E-08
     1   105     1     1        0  0.0000E+00  0.5664E+02  0.6861E+03  0.1000E+03
     1   105     1     2        0  0.2756E+04  0.1021E-03  0.0000E+00  0.7804E-03
     1   105     1     3        0  0.4151E-01  0.3053E+02  0.0000E+00  0.1150E-09
     1   105     1     4        0  0.1286E+00  0.2681E-03  0.0000E+00  0.4666E-04
     1   106     1     1        0  0.0000E+00  0.6669E+02  0.2837E+04  0.1000E+03
     1   106     1     2        0  0.1415E+05  0.7180E-04  0.3805E-01  0.1460E-02
     1   106     1     3        0  0.1916E+00  0.4097E+02  0.0000E+00  0.8027E-10
     1   106     1     4        0  0.1291E+01  0.4760E-03  0.0000E+00  0.3589E-03
     1   106     1     5        0  0.4712E-01  0.6584E-01  0.0000E+00  0.4783E-08
     1   107     1     1        0  0.0000E+00  0.5456E+02  0.4334E+03  0.1000E+03
     1   107     1     2        0  0.2183E+04  0.1055E-03  0.0000E+00  0.2548E-03
     1   107     1     3        0  0.7695E-02  0.5581E+01  0.0000E+00  0.1925E-09
     1   107     1     4        0  0.1564E-01  0.3238E-04  0.0000E+00  0.7598E-05
     1   108     1     1        0  0.0000E+00  0.6417E+02  0.2668E+04  0.1000E+03
     1   108     1     2        0  0.1313E+05  0.4751E-04  0.0000E+00  0.6408E-03
     1   108     1     3        0  0.7939E-01  0.4964E+02  0.0000E+00  0.4803E-10
     1   108     1     4        0  0.1156E+01  0.2697E-03  0.0000E+00  0.3265E-03
     1   108     1     5        0  0.4135E-01  0.8001E-01  0.0000E+00  0.1946E-08
     1   109     1     1        0  0.0000E+00  0.7177E+02  0.1326E+04  0.1000E+03
     1   109     1     2        0  0.6101E+04  0.9389E-04  0.0000E+00  0.6471E-03
     1   109     1     3        0  0.2794E-01  0.2140E+02  0.0000E+00  0.1760E-09
     1   109     1     4        0  0.3157E+00  0.7872E-04  0.0000E+00  0.2222E-03
     1   110     1     1        0  0.0000E+00  0.1802E+02  0.1964E+04  0.1000E+03
     1   110     1     2        0  0.9585E+04  0.1640E-04  0.0000E+00  0.3318E-03
     1   110     1     3        0  0.3467E-01  0.2445E+02  0.0000E+00  0.6742E-10
     1   110     1     4        0  0.6999E+00  0.7239E-04  0.0000E+00  0.2498E-03
     1   110     1     5        0  0.2322E-01  0.4019E-01  0.0000E+00  0.8149E-09
     1   111     1     1        0  0.0000E+00  0.3845E+02  0.2214E+04  0.1000E+03
     1   111     1     2        0  0.1081E+05  0.4146E-04  0.2748E-01  0.1505E-02
     1   111     1     3        0  0.1350E+00  0.1670E+02  0.0000E+00  0.1288E-09
     1   111     1     4        0  0.8236E+00  0.1768E-03  0.0000E+00  0.3246E-03
     1   111     1     5        0  0.2953E-01  0.2764E-01  0.0000E+00  0.4071E-08
     1   112     1     1        0  0.0000E+00  0.1841E+02  0.9512E+03  0.1000E+03
     1   112     1     2        0  0.4048E+04  0.5112E-04  0.0000E+00  0.9468E-03
     1   112     1     3        0  0.4884E-01  0.1868E+02  0.0000E+00  0.1072E-09
     1   112     1     4        0  0.2036E+00  0.1702E-03  0.0000E+00  0.1008E-03
     1   113     1     1        0  0.0000E+00  0.6324E+02  0.2718E+04  0.1000E+03
     1   113     1     2        0  0.1316E+05  0.8234E-04  0.3791E-01  0.1528E-02
     1   113     1     3        0  0.1847E+00  0.3440E+02  0.0000E+00  0.9268E-10
     1   113     1     4        0  0.1178E+01  0.4257E-03  0.0000E+00  0.3590E-03
     1   113     1     5        0  0.4312E-01  0.5751E-01  0.0000E+00  0.4949E-08
     1   114     1     1        0  0.0000E+00  0.6482E+02  0.4331E+03  0.1000E+03
     1   114     1     2        0  0.2111E+04  0.1486E-03  0.0000E+00  0.7424E-04
     1   114     1     3        0  0.4099E-02  0.1669E+01  0.0000E+00  0.1123E-09
     1   114     1     4        0  0.5628E-03  0.1223E-04  0.0000E+00  0.4781E-05
     1   115     1     1        0  0.0000E+00  0.4672E+02  0.2706E+04  0.1000E+03
     1   115     1     2        0  0.1291E+05  0.2750E-04  0.0000E+00  0.7830E-03
     1   115     1     3        0  0.9717E-01  0.2926E+02  0.0000E+00  0.5522E-10
     1   115     1     4        0  0.1176E+01  0.1856E-03  0.0000E+00  0.3376E-03
     1   115     1     5        0  0.4188E-01  0.4899E-01  0.0000E+00  0.2482E-08
     1   116     1     1        0  0.0000E+00  0.7099E+02  0.1045E+04  0.1000E+03
     1   116     1     2        0  0.4424E+04  0.8217E-04  0.0000E+00  0.4258E-03
     1   116     1     3        0  0.1415E-01  0.1754E+02  0.0000E+00  0.2462E-09
     1   116     1     4        0  0.2051E+00  0.3106E-04  0.0000E+00  0.1733E-03
     1   117     1     1        0  0.0000E+00  0.4637E+02  0.2123E+04  0.1000E+03
     1   117     1     2        0  0.1006E+05  0.3101E-04  0.0000E+00  0.2150E-03
     1   117     1     3        0  0.2437E-01  0.4805E+02  0.0000E+00  0.5150E-10
     1   117     1     4        0  0.7821E+00  0.8750E-04  0.0000E+00  0.2727E-03
     1   117     1     5        0  0.2660E-01  0.8160E-01  0.0000E+00  0.6174E-09
     1   118     1     1        0  0.0000E+00  0.5582E+02  0.1990E+04  0.1000E+03
     1   118     1     2        0  0.9281E+04  0.7650E-04  0.2390E-01  0.1535E-02
     1   118     1     3        0  0.1138E+00  0.2311E+02  0.0000E+00  0.9389E-10
     1   118     1     4        0  0.6574E+00  0.2551E-03  0.0000E+00  0.3072E-03
     1   118     1     5        0  0.2336E-01  0.3940E-01  0.0000E+00  0.3831E-08
     1   119     1     1        0  0.0000E+00  0.3450E+02  0.1207E+04  0.1000E+03
     1   119     1     2        0  0.5230E+04  0.7794E-04  0.0000E+00  0.1151E-02
     1   119     1     3        0  0.5972E-01  0.4619E+02  0.0000E+00  0.1188E-09
     1   119     1     4        0  0.2963E+00  0.3908E-03  0.0000E+00  0.1646E-03
     1   120     1     1        0  0.0000E+00  0.6975E+02  0.2584E+04  0.1000E+03
     1   120     1     2        0  0.1218E+05  0.8424E-04  0.4016E-01  0.1734E-02
     1   120     1     3        0  0.1900E+00  0.3559E+02  0.0000E+00  0.1108E-09
     1   120     1     4        0  0.1072E+01  0.4796E-03  0.0000E+00  0.3557E-03
     1   120     1     5        0  0.3888E-01  0.6155E-01  0.0000E+00  0.5487E-08
     1   121     1     1        0  0.0000E+00  0.4569E+02  0.4820E+03  0.1000E+03
     1   121     1     2        0  0.2144E+04  0.8764E-04  0.0000E+00  0.1854E-03
     1   121     1     3        0  0.7921E-02  0.6582E+01  0.0000E+00  0.1053E-09
     1   121     1     4        0  0.1291E-01  0.4939E-04  0.0000E+00  0.7035E-05
     1   122     1     1        0  0.0000E+00  0.3516E+02  0.2698E+04  0.1000E+03
     1   122     1     2        0  0.1254E+05  0.4315E-04  0.2945E-01  0.1152E-02
     1   122     1     3        0  0.1381E+00  0.2261E+02  0.0000E+00  0.6864E-10
     1   122     1     4        0  0.1154E+01  0.2301E-03  0.0000E+00  0.3480E-03
     1   122     1     5        0  0.4142E-01  0.3919E-01  0.0000E+00  0.3726E-08
     1   123     1     1        0  0.0000E+00  0.3732E+02  0.7506E+03  0.1000E+03
     1   123     1     2        0  0.2792E+04  0.3239E-04  0.0000E+00  0.2684E-03
     1   123     1     3        0  0.6841E-02  0.8820E+01  0.0000E+00  0.2020E-09
     1   123     1     4        0  0.1135E+00  0.1544E-04  0.0000E+00  0.9675E-04
     1   124     1     1        0  0.0000E+00  0.4615E+02  0.2265E+04  0.1000E+03
     1   124     1     2        0  0.1044E+05  0.3407E-04  0.0000E+00  0.2087E-03
     1   124     1     3        0  0.2051E-01  0.4342E+02  0.0000E+00  0.4712E-10
     1   124     1     4        0  0.8631E+00  0.1141E-03  0.0000E+00  0.2940E-03
     1   124     1     5        0  0.2964E-01  0.7593E-01  0.0000E+00  0.5944E-09
     1   125     1     1        0  0.0000E+00  0.7468E+02  0.1762E+04  0.1000E+03
     1   125     1     2        0  0.7830E+04  0.9480E-04  0.0000E+00  0.1107E-02
     1   125     1     3        0  0.6748E-01  0.3054E+02  0.0000E+00  0.1478E-09
     1   125     1     4        0  0.5175E+00  0.2189E-03  0.0000E+00  0.2838E-03
     1   125     1     5        0  0.1785E-01  0.5343E-01  0.0000E+00  0.2512E-08
     1   126     1     1        0  0.0000E+00  0.2771E+02  0.1430E+04  0.1000E+03
     1   126     1     2        0  0.6198E+04  0.5775E-04  0.0000E+00  0.7241E-03
     1   126     1     3        0  0.4623E-01  0.4109E+02  0.0000E+00  0.9843E-10
     1   126     1     4        0  0.3856E+00  0.2608E-03  0.0000E+00  0.1947E-03
     1   127     1     1        0  0.0000E+00  0.7217E+02  0.2417E+04  0.1000E+03
     1   127     1     2        0  0.1111E+05  0.7013E-04  0.3293E-01  0.1545E-02
     1   127     1     3        0  0.1516E+00  0.3513E+02  0.0000E+00  0.1003E-09
     1   127     1     4        0  0.9432E+00  0.4188E-03  0.0000E+00  0.3491E-03
     1   127     1     5        0  0.3413E-01  0.6256E-01  0.0000E+00  0.4691E-08
     1   128     1     1        0  0.0000E+00  0.1000E+03  0.4895E+03  0.1000E+03
     1   128     1     2        0  0.2131E+04  0.1450E-03  0.0000E+00  0.4190E-03
     1   128     1     3        0  0.1921E-01  0.3074E+02  0.0000E+00  0.1209E-09
     1   128     1     4        0  0.4892E-01  0.2203E-03  0.0000E+00  0.9484E-05
     1   129     1     1        0  0.0000E+00  0.4779E+02  0.2669E+04  0.1000E+03
     1   129     1     2        0  0.1211E+05  0.4732E-04  0.2942E-01  0.1172E-02
     1   129     1     3        0  0.1344E+00  0.3088E+02  0.0000E+00  0.7688E-10
     1   129     1     4        0  0.1126E+01  0.3099E-03  0.0000E+00  0.3559E-03
     1   129     1     5        0  0.4033E-01  0.5536E-01  0.0000E+00  0.3847E-08
     1   130     1     1        0  0.0000E+00  0.3957E+02  0.4661E+03  0.1000E+03
     1   130     1     2        0  0.2052E+04  0.5332E-04  0.0000E+00  0.2878E-03
     1   130     1     3        0  0.6738E-02  0.7268E+01  0.0000E+00  0.2401E-09
     1   130     1     4        0  0.5295E-01  0.2088E-04  0.0000E+00  0.3047E-04
     1   131     1     1        0  0.0000E+00  0.4917E+02  0.2366E+04  0.1000E+03
     1   131     1     2        0  0.1064E+05  0.2683E-04  0.0000E+00  0.3035E-03
     1   131     1     3        0  0.3020E-01  0.4274E+02  0.0000E+00  0.5157E-10
     1   131     1     4        0  0.9155E+00  0.1383E-03  0.0000E+00  0.3119E-03
     1   131     1     5        0  0.3194E-01  0.7694E-01  0.0000E+00  0.8908E-09
     1   132     1     1        0  0.0000E+00  0.6328E+02  0.1511E+04  0.1000E+03
     1   132     1     2        0  0.6359E+04  0.7517E-04  0.0000E+00  0.1076E-02
     1   132     1     3        0  0.5055E-01  0.2289E+02  0.0000E+00  0.1440E-09
     1   132     1     4        0  0.3824E+00  0.1410E-03  0.0000E+00  0.2585E-03
     1   133     1     1        0  0.0000E+00  0.1386E+02  0.1641E+04  0.1000E+03
     1   133     1     2        0  0.7061E+04  0.1794E-04  0.0000E+00  0.6432E-03
     1   133     1     3        0  0.4704E-01  0.2271E+02  0.0000E+00  0.7515E-10
     1   133     1     4        0  0.4854E+00  0.1174E-03  0.0000E+00  0.2233E-03
     1   134     1     1        0  0.0000E+00  0.5481E+02  0.8797E+03  0.1000E+03
     1   134     1     2        0  0.4809E+04  0.1745E-03  0.2409E-01  0.3818E-02
     1   134     1     3        0  0.1623E+00  0.1157E+02  0.0000E+00  0.6350E-09
     1   134     1     4        0  0.4543E+00  0.3282E-03  0.0000E+00  0.1996E-03
     1   135     1     1        0  0.0000E+00  0.9113E+02  0.1074E+04  0.1000E+03
     1   135     1     2        0  0.9297E+04  0.7191E-03  0.4864E-01  0.5289E-02
     1   135     1     3        0  0.4908E+00  0.3819E+02  0.0000E+00  0.1106E-08
     1   135     1     4        0  0.1936E+01  0.7069E-03  0.0000E+00  0.3570E-03
     1   135     1     5        0  0.3151E-01  0.1493E+00  0.0000E+00  0.1670E-07
     1   136     1     1        0  0.0000E+00  0.7941E+02  0.1271E+04  0.1000E+03
     1   136     1     2        0  0.1140E+05  0.2900E-02  0.7313E-01  0.6597E-02
     1   136     1     3        0  0.7350E+00  0.1000E+03  0.0000E+00  0.1053E-08
     1   136     1     4        0  0.2566E+01  0.7159E-02  0.0000E+00  0.4049E-03
     1   136     1     5        0  0.4455E-01  0.3918E+00  0.0000E+00  0.2401E-07
     1   137     1     1        0  0.0000E+00  0.1000E+03  0.1446E+04  0.1000E+03
     1   137     1     2        0  0.1325E+05  0.1126E-02  0.8146E-01  0.6170E-02
     1   137     1     3        0  0.8160E+00  0.3917E+02  0.0000E+00  0.1679E-08
     1   137     1     4        0  0.3205E+01  0.9649E-03  0.0000E+00  0.4474E-03
     1   137     1     5        0  0.5845E-01  0.1545E+00  0.0000E+00  0.2588E-07
     1   138     1     1        0  0.0000E+00  0.6207E+02  0.1621E+04  0.1000E+03
     1   138     1     2        0  0.1506E+05  0.5118E-03  0.6255E-01  0.3920E-02
     1   138     1     3        0  0.6247E+00  0.1656E+02  0.0000E+00  0.2112E-08
     1   138     1     4        0  0.3908E+01  0.9072E-03  0.0000E+00  0.4952E-03
     1   138     1     5        0  0.7378E-01  0.6610E-01  0.0000E+00  0.1748E-07
     1   139     1     1        0  0.0000E+00  0.9178E+02  0.1773E+04  0.1000E+03
     1   139     1     2        0  0.1661E+05  0.9650E-03  0.1413E+00  0.8798E-02
     1   139     1     3        0  0.1407E+01  0.1989E+02  0.0000E+00  0.2293E-08
     1   139     1     4        0  0.4601E+01  0.7728E-03  0.0000E+00  0.5394E-03
     1   139     1     5        0  0.8895E-01  0.8041E-01  0.0000E+00  0.4499E-07
     1   140     1     1        0  0.0000E+00  0.9243E+02  0.1922E+04  0.1000E+03
     1   140     1     2        0  0.1811E+05  0.6568E-03  0.0000E+00  0.1190E-02
     1   140     1     3        0  0.1330E+00  0.1695E+02  0.0000E+00  0.1075E-08
     1   140     1     4        0  0.5347E+01  0.5598E-03  0.0000E+00  0.5827E-03
     1   140     1     5        0  0.1047E+00  0.6978E-01  0.0000E+00  0.3880E-08
     1   141     1     1        0  0.0000E+00  0.9595E+02  0.2046E+04  0.1000E+03
     1   141     1     2        0  0.1934E+05  0.7174E-03  0.2378E+00  0.1273E-01
     1   141     1     3        0  0.2357E+01  0.1484E+02  0.0000E+00  0.8165E-09
     1   141     1     4        0  0.5988E+01  0.9928E-03  0.0000E+00  0.6217E-03
     1   141     1     5        0  0.1193E+00  0.6213E-01  0.0000E+00  0.7490E-07
     1   142     1     1        0  0.0000E+00  0.9993E+02  0.2165E+04  0.1000E+03
     1   142     1     2        0  0.2049E+05  0.5198E-03  0.1155E+00  0.5526E-02
     1   142     1     3        0  0.1142E+01  0.1259E+02  0.0000E+00  0.8846E-09
     1   142     1     4        0  0.6709E+01  0.1651E-03  0.0000E+00  0.6580E-03
     1   142     1     5        0  0.1337E+00  0.5381E-01  0.0000E+00  0.3488E-07
     1   143     1     1        0  0.0000E+00  0.9632E+02  0.2257E+04  0.1000E+03
     1   143     1     2        0  0.2138E+05  0.4748E-03  0.3683E+00  0.1774E-01
     1   143     1     3        0  0.3635E+01  0.9752E+01  0.0000E+00  0.1353E-08
     1   143     1     4        0  0.7185E+01  0.9918E-03  0.0000E+00  0.6895E-03
     1   143     1     5        0  0.1461E+00  0.4249E-01  0.0000E+00  0.1154E-06
     1   144     1     1        0  0.0000E+00  0.9805E+02  0.2343E+04  0.1000E+03
     1   144     1     2        0  0.2217E+05  0.5967E-03  0.2590E+00  0.1153E-01
     1   144     1     3        0  0.2551E+01  0.8408E+01  0.0000E+00  0.2675E-08
     1   144     1     4        0  0.7768E+01  0.3488E-03  0.0000E+00  0.7175E-03
     1   144     1     5        0  0.1575E+00  0.3740E-01  0.0000E+00  0.8002E-07
     1   145     1     1        0  0.0000E+00  0.9630E+02  0.2402E+04  0.1000E+03
     1   145     1     2        0  0.2271E+05  0.5151E-03  0.5219E+00  0.2361E-01
     1   145     1     3        0  0.5132E+01  0.7114E+01  0.0000E+00  0.2751E-08
     1   145     1     4        0  0.8082E+01  0.1029E-02  0.0000E+00  0.7403E-03
     1   145     1     5        0  0.1662E+00  0.3227E-01  0.0000E+00  0.1647E-06
     1   146     1     1        0  0.0000E+00  0.9624E+02  0.2455E+04  0.1000E+03
     1   146     1     2        0  0.2314E+05  0.4196E-03  0.4273E+00  0.1841E-01
     1   146     1     3        0  0.4193E+01  0.6474E+01  0.0000E+00  0.3021E-08
     1   146     1     4        0  0.8452E+01  0.6015E-03  0.0000E+00  0.7592E-03
     1   146     1     5        0  0.1735E+00  0.2998E-01  0.0000E+00  0.1344E-06
     1   147     1     1        0  0.0000E+00  0.9783E+02  0.2480E+04  0.1000E+03
     1   147     1     2        0  0.2332E+05  0.4729E-03  0.6847E+00  0.3014E-01
     1   147     1     3        0  0.6706E+01  0.6078E+01  0.0000E+00  0.2537E-08
     1   147     1     4        0  0.8637E+01  0.1151E-02  0.0000E+00  0.7726E-03
     1   147     1     5        0  0.1776E+00  0.2867E-01  0.0000E+00  0.2191E-06
     1   148     1     1        0  0.0000E+00  0.9704E+02  0.2499E+04  0.1000E+03
     1   148     1     2        0  0.2339E+05  0.4035E-03  0.6026E+00  0.2592E-01
     1   148     1     3        0  0.5891E+01  0.5600E+01  0.0000E+00  0.1810E-08
     1   148     1     4        0  0.8771E+01  0.8079E-03  0.0000E+00  0.7819E-03
     1   148     1     5        0  0.1801E+00  0.2695E-01  0.0000E+00  0.1932E-06
     1   149     1     1        0  0.0000E+00  0.9889E+02  0.2490E+04  0.1000E+03
     1   149     1     2        0  0.2322E+05  0.3283E-03  0.8398E+00  0.3711E-01
     1   149     1     3        0  0.8193E+01  0.5304E+01  0.0000E+00  0.1729E-08
     1   149     1     4        0  0.8758E+01  0.1168E-02  0.0000E+00  0.7855E-03
     1   149     1     5        0  0.1792E+00  0.2594E-01  0.0000E+00  0.2735E-06
     1   150     1     1        0  0.0000E+00  0.9846E+02  0.2475E+04  0.1000E+03
     1   150     1     2        0  0.2294E+05  0.2081E-03  0.7656E+00  0.3374E-01
     1   150     1     3        0  0.7452E+01  0.4835E+01  0.0000E+00  0.1051E-08
     1   150     1     4        0  0.8680E+01  0.9331E-03  0.0000E+00  0.7850E-03
     1   150     1     5        0  0.1767E+00  0.2409E-01  0.0000E+00  0.2506E-06
     1   151     1     1        0  0.0000E+00  0.9819E+02  0.2433E+04  0.1000E+03
     1   151     1     2        0  0.2243E+05  0.3051E-03  0.9700E+00  0.4432E-01
     1   151     1     3        0  0.9420E+01  0.4396E+01  0.0000E+00  0.2034E-08
     1   151     1     4        0  0.8385E+01  0.1177E-02  0.0000E+00  0.7787E-03
     1   151     1     5        0  0.1710E+00  0.2221E-01  0.0000E+00  0.3227E-06
     1   152     1     1        0  0.0000E+00  0.9882E+02  0.2386E+04  0.1000E+03
     1   152     1     2        0  0.2183E+05  0.2783E-03  0.8974E+00  0.4168E-01
     1   152     1     3        0  0.8694E+01  0.4079E+01  0.0000E+00  0.2234E-08
     1   152     1     4        0  0.8143E+01  0.9830E-03  0.0000E+00  0.7684E-03
     1   152     1     5        0  0.1638E+00  0.2092E-01  0.0000E+00  0.3009E-06
     1   153     1     1        0  0.0000E+00  0.9767E+02  0.2314E+04  0.1000E+03
     1   153     1     2        0  0.2101E+05  0.2790E-03  0.1059E+01  0.5162E-01
     1   153     1     3        0  0.1023E+02  0.3679E+01  0.0000E+00  0.2183E-08
     1   153     1     4        0  0.7619E+01  0.1146E-02  0.0000E+00  0.7525E-03
     1   153     1     5        0  0.1539E+00  0.1910E-01  0.0000E+00  0.3612E-06
     1   154     1     1        0  0.0000E+00  0.9867E+02  0.2237E+04  0.1000E+03
     1   154     1     2        0  0.2011E+05  0.1837E-03  0.9820E+00  0.4956E-01
     1   154     1     3        0  0.9463E+01  0.3489E+01  0.0000E+00  0.1943E-08
     1   154     1     4        0  0.7223E+01  0.1003E-02  0.0000E+00  0.7326E-03
     1   154     1     5        0  0.1430E+00  0.1832E-01  0.0000E+00  0.3384E-06
     1   155     1     1        0  0.0000E+00  0.9850E+02  0.2136E+04  0.1000E+03
     1   155     1     2        0  0.1900E+05  0.1011E-03  0.1095E+01  0.5887E-01
     1   155     1     3        0  0.1052E+02  0.3213E+01  0.0000E+00  0.7983E-09
     1   155     1     4        0  0.6598E+01  0.1111E-02  0.0000E+00  0.7074E-03
     1   155     1     5        0  0.1301E+00  0.1702E-01  0.0000E+00  0.3845E-06
     1   156     1     1        0  0.0000E+00  0.9860E+02  0.2032E+04  0.1000E+03
     1   156     1     2        0  0.1784E+05  0.1881E-03  0.1008E+01  0.5733E-01
     1   156     1     3        0  0.9658E+01  0.2997E+01  0.0000E+00  0.1078E-08
     1   156     1     4        0  0.6037E+01  0.9715E-03  0.0000E+00  0.6785E-03
     1   156     1     5        0  0.1167E+00  0.1599E-01  0.0000E+00  0.3591E-06
     1   157     1     1        0  0.0000E+00  0.9948E+02  0.1905E+04  0.1000E+03
     1   157     1     2        0  0.1648E+05  0.1667E-03  0.1070E+01  0.6610E-01
     1   157     1     3        0  0.1021E+02  0.2787E+01  0.0000E+00  0.9579E-09
     1   157     1     4        0  0.5375E+01  0.1051E-02  0.0000E+00  0.6446E-03
     1   157     1     5        0  0.1021E+00  0.1493E-01  0.0000E+00  0.3897E-06
     1   158     1     1        0  0.0000E+00  0.9865E+02  0.1776E+04  0.1000E+03
     1   158     1     2        0  0.1509E+05  0.1093E-03  0.9707E+00  0.6508E-01
     1   158     1     3        0  0.9236E+01  0.2512E+01  0.0000E+00  0.7462E-09
     1   158     1     4        0  0.4709E+01  0.8913E-03  0.0000E+00  0.6076E-03
     1   158     1     5        0  0.8765E-01  0.1351E-01  0.0000E+00  0.3606E-06
     1   159     1     1        0  0.0000E+00  0.9934E+02  0.1628E+04  0.1000E+03
     1   159     1     2        0  0.1353E+05  0.1220E-03  0.9822E+00  0.7359E-01
     1   159     1     3        0  0.9310E+01  0.2300E+01  0.0000E+00  0.1027E-08
     1   159     1     4        0  0.4019E+01  0.9101E-03  0.0000E+00  0.5660E-03
     1   159     1     5        0  0.7283E-01  0.1236E-01  0.0000E+00  0.3756E-06
     1   160     1     1        0  0.0000E+00  0.9897E+02  0.1478E+04  0.1000E+03
     1   160     1     2        0  0.1194E+05  0.1863E-03  0.8702E+00  0.7331E-01
     1   160     1     3        0  0.8217E+01  0.2063E+01  0.0000E+00  0.1190E-08
     1   160     1     4        0  0.3375E+01  0.7598E-03  0.0000E+00  0.5220E-03
     1   160     1     5        0  0.5892E-01  0.1107E-01  0.0000E+00  0.3426E-06
     1   161     1     1        0  0.0000E+00  0.9875E+02  0.1311E+04  0.1000E+03
     1   161     1     2        0  0.1021E+05  0.1788E-03  0.8365E+00  0.8232E-01
     1   161     1     3        0  0.7867E+01  0.1827E+01  0.0000E+00  0.1423E-08
     1   161     1     4        0  0.2693E+01  0.7452E-03  0.0000E+00  0.4742E-03
     1   161     1     5        0  0.4543E-01  0.9764E-02  0.0000E+00  0.3440E-06
     1   162     1     1        0  0.0000E+00  0.9953E+02  0.1144E+04  0.1000E+03
     1   162     1     2        0  0.8485E+04  0.1651E-03  0.7134E+00  0.8373E-01
     1   162     1     3        0  0.6681E+01  0.1657E+01  0.0000E+00  0.1101E-08
     1   162     1     4        0  0.2148E+01  0.6157E-03  0.0000E+00  0.4248E-03
     1   162     1     5        0  0.3347E-01  0.8799E-02  0.0000E+00  0.3085E-06
     1   163     1     1        0  0.0000E+00  0.9885E+02  0.9608E+03  0.1000E+03
     1   163     1     2        0  0.6634E+04  0.1216E-03  0.6425E+00  0.8577E-01
     1   163     1     3        0  0.5990E+01  0.1404E+01  0.0000E+00  0.6678E-09
     1   163     1     4        0  0.1557E+01  0.5513E-03  0.0000E+00  0.3341E-03
     1   163     1     5        0  0.2268E-01  0.7389E-02  0.0000E+00  0.2695E-06
     1   164     1     1        0  0.0000E+00  0.9973E+02  0.7804E+03  0.1000E+03
     1   164     1     2        0  0.4850E+04  0.1012E-03  0.5128E+00  0.7283E-01
     1   164     1     3        0  0.4759E+01  0.1229E+01  0.0000E+00  0.5494E-09
     1   164     1     4        0  0.1120E+01  0.4293E-03  0.0000E+00  0.2264E-03
     1   164     1     5        0  0.1389E-01  0.6389E-02  0.0000E+00  0.1892E-06
     1   165     1     1        0  0.0000E+00  0.9957E+02  0.5860E+03  0.1000E+03
     1   165     1     2        0  0.4799E+04  0.1075E-03  0.4149E+00  0.6418E-01
     1   165     1     3        0  0.3832E+01  0.9792E+00  0.0000E+00  0.5682E-09
     1   165     1     4        0  0.6964E+00  0.3536E-03  0.0000E+00  0.1308E-03
     1   165     1     5        0  0.6871E-02  0.5018E-02  0.0000E+00  0.1297E-06
     1   166     1     1        0  0.0000E+00  0.9934E+02  0.5259E+03  0.1000E+03
     1   166     1     2        0  0.4813E+04  0.1464E-03  0.2850E+00  0.4784E-01
     1   166     1     3        0  0.2620E+01  0.7450E+00  0.0000E+00  0.4717E-09
     1   166     1     4        0  0.3907E+00  0.2242E-03  0.0000E+00  0.5562E-04
     1   167     1     1        0  0.0000E+00  0.1000E+03  0.5203E+03  0.1000E+03
     1   167     1     2        0  0.4748E+04  0.9701E-04  0.1718E+00  0.2980E-01
     1   167     1     3        0  0.1571E+01  0.5028E+00  0.0000E+00  0.2469E-09
     1   167     1     4        0  0.1619E+00  0.1188E-03  0.0000E+00  0.2589E-04
     1   168     1     1        0  0.0000E+00  0.9953E+02  0.2370E+04  0.1000E+03
     1   168     1     2        0  0.3030E+05  0.3155E-03  0.2982E+01  0.1303E+00
     1   168     1     3        0  0.4098E+02  0.3924E+01  0.0000E+00  0.2511E-08
     1   168     1     4        0  0.2449E+02  0.3776E-02  0.2557E-01  0.1121E-02
     1   168     1     5        0  0.3514E+00  0.3161E-01  0.0000E+00  0.1553E-05
     1   169     1     1        0  0.0000E+00  0.9831E+02  0.5284E+03  0.1000E+03
     1   169     1     2        0  0.7094E+04  0.3427E-03  0.1852E+00  0.2126E-01
     1   169     1     3        0  0.2527E+01  0.3119E+00  0.0000E+00  0.6033E-09
     1   169     1     4        0  0.1679E+00  0.1043E-03  0.0000E+00  0.2194E-04
     1   170     1     1        0  0.0000E+00  0.1000E+03  0.2306E+04  0.1000E+03
     1   170     1     2        0  0.2953E+05  0.4249E-03  0.2552E+01  0.1140E+00
     1   170     1     3        0  0.3486E+02  0.4279E+01  0.0000E+00  0.4647E-08
     1   170     1     4        0  0.2236E+02  0.3441E-02  0.2446E-01  0.1096E-02
     1   170     1     5        0  0.3342E+00  0.3442E-01  0.0000E+00  0.1321E-05
     1   171     1     1        0  0.0000E+00  0.1000E+03  0.6536E+03  0.1000E+03
     1   171     1     2        0  0.6772E+04  0.5267E-03  0.7535E+00  0.8739E-01
     1   171     1     3        0  0.1025E+02  0.1632E+01  0.0000E+00  0.2613E-08
     1   171     1     4        0  0.2614E+01  0.9979E-03  0.0000E+00  0.1960E-03
     1   171     1     5        0  0.2060E-01  0.1282E-01  0.0000E+00  0.3107E-06
     1   172     1     1        0  0.0000E+00  0.9727E+02  0.2103E+04  0.1000E+03
     1   172     1     2        0  0.2618E+05  0.1786E-03  0.2092E+01  0.1115E+00
     1   172     1     3        0  0.2842E+02  0.4911E+01  0.0000E+00  0.9891E-09
     1   172     1     4        0  0.1893E+02  0.3841E-02  0.2013E-01  0.1063E-02
     1   172     1     5        0  0.2734E+00  0.3949E-01  0.0000E+00  0.1190E-05
     1   173     1     1        0  0.0000E+00  0.1000E+03  0.1181E+04  0.1000E+03
     1   173     1     2        0  0.1331E+05  0.8867E-04  0.1002E+01  0.9527E-01
     1   173     1     3        0  0.1357E+02  0.3382E+01  0.0000E+00  0.6932E-09
     1   173     1     4        0  0.7008E+01  0.1907E-02  0.0000E+00  0.5918E-03
     1   173     1     5        0  0.8183E-01  0.2699E-01  0.0000E+00  0.5925E-06
     1   174     1     1        0  0.0000E+00  0.1000E+03  0.1778E+04  0.1000E+03
     1   174     1     2        0  0.2154E+05  0.3787E-03  0.1349E+01  0.9397E-01
     1   174     1     3        0  0.1823E+02  0.4918E+01  0.0000E+00  0.2371E-08
     1   174     1     4        0  0.1392E+02  0.2381E-02  0.0000E+00  0.9759E-03
     1   174     1     5        0  0.1932E+00  0.3991E-01  0.0000E+00  0.8538E-06
     1   175     1     1        0  0.0000E+00  0.9993E+02  0.1636E+04  0.1000E+03
     1   175     1     2        0  0.1953E+05  0.1932E-03  0.1426E+01  0.9402E-01
     1   175     1     3        0  0.1922E+02  0.5209E+01  0.0000E+00  0.7888E-09
     1   175     1     4        0  0.1235E+02  0.3071E-02  0.0000E+00  0.7989E-03
     1   175     1     5        0  0.1619E+00  0.4260E-01  0.0000E+00  0.7925E-06
     1   176     1     1        0  0.0000E+00  0.1000E+03  0.1343E+04  0.1000E+03
     1   176     1     2        0  0.1495E+05  0.2000E-04  0.1088E+01  0.1183E+00
     1   176     1     3        0  0.1463E+02  0.5067E+01  0.0000E+00  0.1079E-08
     1   176     1     4        0  0.8508E+01  0.3083E-02  0.0000E+00  0.8179E-03
     1   176     1     5        0  0.1049E+00  0.4107E-01  0.0000E+00  0.8272E-06
     1   177     1     1        0  0.0000E+00  0.9689E+02  0.1984E+04  0.1000E+03
     1   177     1     2        0  0.2446E+05  0.1346E-03  0.1072E+01  0.5632E-01
     1   177     1     3        0  0.1438E+02  0.7408E+01  0.0000E+00  0.5020E-09
     1   177     1     4        0  0.1717E+02  0.3017E-02  0.0000E+00  0.9595E-03
     1   177     1     5        0  0.2440E+00  0.6126E-01  0.0000E+00  0.5761E-06
     1   178     1     1        0  0.0000E+00  0.9966E+02  0.8322E+03  0.1000E+03
     1   178     1     2        0  0.7736E+04  0.2251E-04  0.4459E+00  0.7600E-01
     1   178     1     3        0  0.5960E+01  0.3668E+01  0.0000E+00  0.1585E-08
     1   178     1     4        0  0.3660E+01  0.8909E-03  0.0000E+00  0.4370E-03
     1   178     1     5        0  0.3634E-01  0.2975E-01  0.0000E+00  0.3411E-06
     1   179     1     1        0  0.0000E+00  0.1000E+03  0.2211E+04  0.1000E+03
     1   179     1     2        0  0.2738E+05  0.5452E-03  0.1473E+01  0.6942E-01
     1   179     1     3        0  0.1967E+02  0.9286E+01  0.0000E+00  0.2743E-08
     1   179     1     4        0  0.2075E+02  0.4421E-02  0.2272E-01  0.1067E-02
     1   179     1     5        0  0.3033E+00  0.7775E-01  0.0000E+00  0.7866E-06
     1   180     1     1        0  0.0000E+00  0.9679E+02  0.5008E+03  0.1000E+03
     1   180     1     2        0  0.6648E+04  0.4401E-03  0.1989E+00  0.3357E-01
     1   180     1     3        0  0.2643E+01  0.1748E+01  0.0000E+00  0.7591E-09
     1   180     1     4        0  0.5930E+00  0.6643E-03  0.0000E+00  0.3000E-04
     1   180     1     5        0  0.2268E-02  0.1407E-01  0.0000E+00  0.5679E-07
     1   181     1     1        0  0.0000E+00  0.9678E+02  0.2305E+04  0.1000E+03
     1   181     1     2        0  0.2866E+05  0.5502E-03  0.8907E+00  0.3961E-01
     1   181     1     3        0  0.1183E+02  0.1319E+02  0.0000E+00  0.1437E-08
     1   181     1     4        0  0.2269E+02  0.4118E-02  0.2492E-01  0.1113E-02
     1   181     1     5        0  0.3311E+00  0.1096E+00  0.0000E+00  0.4705E-06
     1   182     1     1        0  0.0000E+00  0.1000E+03  0.5121E+03  0.1000E+03
     1   182     1     2        0  0.6652E+04  0.9778E-04  0.3822E-01  0.4738E-02
     1   182     1     3        0  0.5030E+00  0.1033E+01  0.0000E+00  0.7869E-10
     1   182     1     4        0  0.1191E+00  0.6430E-04  0.0000E+00  0.2210E-04
     1   183     1     1        0  0.0000E+00  0.9923E+02  0.2260E+04  0.1000E+03
     1   183     1     2        0  0.2784E+05  0.6151E-03  0.1018E+01  0.4714E-01
     1   183     1     3        0  0.1346E+02  0.1371E+02  0.0000E+00  0.1841E-08
     1   183     1     4        0  0.2196E+02  0.4358E-02  0.2392E-01  0.1106E-02
     1   183     1     5        0  0.3162E+00  0.1126E+00  0.0000E+00  0.5485E-06
     1   184     1     1        0  0.0000E+00  0.1000E+03  0.5658E+03  0.1000E+03
     1   184     1     2        0  0.6695E+04  0.1393E-03  0.2272E+00  0.2642E-01
     1   184     1     3        0  0.2991E+01  0.5106E+01  0.0000E+00  0.4191E-09
     1   184     1     4        0  0.2032E+01  0.8941E-03  0.0000E+00  0.1500E-03
     1   184     1     5        0  0.1479E-01  0.4080E-01  0.0000E+00  0.8540E-07
     1   185     1     1        0  0.0000E+00  0.9905E+02  0.2083E+04  0.1000E+03
     1   185     1     2        0  0.2526E+05  0.3649E-03  0.7101E+00  0.3780E-01
     1   185     1     3        0  0.9342E+01  0.1888E+02  0.0000E+00  0.1814E-08
     1   185     1     4        0  0.1874E+02  0.5500E-02  0.2028E-01  0.1069E-02
     1   185     1     5        0  0.2668E+00  0.1552E+00  0.0000E+00  0.4084E-06
     1   186     1     1        0  0.0000E+00  0.9210E+02  0.1089E+04  0.1000E+03
     1   186     1     2        0  0.1151E+05  0.4843E-03  0.3178E+00  0.3350E-01
     1   186     1     3        0  0.4169E+01  0.9686E+01  0.0000E+00  0.1034E-08
     1   186     1     4        0  0.5753E+01  0.2146E-02  0.0000E+00  0.5655E-03
     1   186     1     5        0  0.6747E-01  0.7893E-01  0.0000E+00  0.1975E-06
     1   187     1     1        0  0.0000E+00  0.1000E+03  0.1775E+04  0.1000E+03
     1   187     1     2        0  0.2078E+05  0.1089E-03  0.4529E+00  0.3127E-01
     1   187     1     3        0  0.5932E+01  0.1562E+02  0.0000E+00  0.1154E-08
     1   187     1     4        0  0.1356E+02  0.2108E-02  0.0000E+00  0.9897E-03
     1   187     1     5        0  0.1903E+00  0.1292E+00  0.0000E+00  0.2912E-06
     1   188     1     1        0  0.0000E+00  0.1000E+03  0.1548E+04  0.1000E+03
     1   188     1     2        0  0.1785E+05  0.7846E-03  0.5390E+00  0.3782E-01
     1   188     1     3        0  0.7044E+01  0.1553E+02  0.0000E+00  0.1043E-08
     1   188     1     4        0  0.1095E+02  0.3489E-02  0.0000E+00  0.7754E-03
     1   188     1     5        0  0.1435E+00  0.1290E+00  0.0000E+00  0.3091E-06
     1   189     1     1        0  0.0000E+00  0.8946E+02  0.1369E+04  0.1000E+03
     1   189     1     2        0  0.1499E+05  0.1860E-03  0.4377E+00  0.4580E-01
     1   189     1     3        0  0.5708E+01  0.1649E+02  0.0000E+00  0.1248E-08
     1   189     1     4        0  0.8405E+01  0.4847E-02  0.0000E+00  0.8406E-03
     1   189     1     5        0  0.1090E+00  0.1367E+00  0.0000E+00  0.3320E-06
     1   190     1     1        0  0.0000E+00  0.1000E+03  0.1898E+04  0.1000E+03
     1   190     1     2        0  0.2254E+05  0.1447E-02  0.2499E+00  0.1386E-01
     1   190     1     3        0  0.3254E+01  0.2837E+02  0.0000E+00  0.1484E-08
     1   190     1     4        0  0.1597E+02  0.3123E-02  0.0000E+00  0.9426E-03
     1   190     1     5        0  0.2201E+00  0.2382E+00  0.0000E+00  0.1377E-06
     1   191     1     1        0  0.0000E+00  0.1000E+03  0.8713E+03  0.1000E+03
     1   191     1     2        0  0.7965E+04  0.9200E-03  0.1191E+00  0.2046E-01
     1   191     1     3        0  0.1545E+01  0.1146E+02  0.0000E+00  0.3003E-08
     1   191     1     4        0  0.3861E+01  0.2493E-03  0.0000E+00  0.5070E-03
     1   191     1     5        0  0.3991E-01  0.9439E-01  0.0000E+00  0.9792E-07
     1   192     1     1        0  0.0000E+00  0.1000E+03  0.2141E+04  0.1000E+03
     1   192     1     2        0  0.2575E+05  0.8161E-03  0.6246E+00  0.3060E-01
     1   192     1     3        0  0.8100E+01  0.2837E+02  0.0000E+00  0.1552E-08
     1   192     1     4        0  0.1987E+02  0.5434E-02  0.2176E-01  0.1057E-02
     1   192     1     5        0  0.2822E+00  0.2410E+00  0.0000E+00  0.3429E-06
     1   193     1     1        0  0.0000E+00  0.1000E+03  0.5084E+03  0.1000E+03
     1   193     1     2        0  0.6559E+04  0.1741E-03  0.9780E-01  0.1677E-01
     1   193     1     3        0  0.1263E+01  0.9082E+01  0.0000E+00  0.3794E-09
     1   193     1     4        0  0.9116E+00  0.1985E-02  0.0000E+00  0.3078E-04
     1   193     1     5        0  0.2429E-02  0.7419E-01  0.0000E+00  0.3390E-07
     1   194     1     1        0  0.0000E+00  0.7368E+02  0.2244E+04  0.1000E+03
     1   194     1     2        0  0.2704E+05  0.3434E-03  0.1811E+00  0.8345E-02
     1   194     1     3        0  0.2338E+01  0.3823E+02  0.0000E+00  0.1165E-08
     1   194     1     4        0  0.2118E+02  0.2745E-02  0.2409E-01  0.1111E-02
     1   194     1     5        0  0.3110E+00  0.3234E+00  0.0000E+00  0.9757E-07
     1   195     1     1        0  0.0000E+00  0.9572E+02  0.5156E+03  0.1000E+03
     1   195     1     2        0  0.6517E+04  0.1271E-02  0.0000E+00  0.8461E-03
     1   195     1     3        0  0.9569E-01  0.1618E+01  0.0000E+00  0.1548E-09
     1   195     1     4        0  0.3550E-01  0.6706E-04  0.0000E+00  0.2258E-04
     1   196     1     1        0  0.0000E+00  0.1000E+03  0.2224E+04  0.1000E+03
     1   196     1     2        0  0.2670E+05  0.9145E-03  0.4064E+00  0.1912E-01
     1   196     1     3        0  0.5226E+01  0.3833E+02  0.0000E+00  0.1289E-08
     1   196     1     4        0  0.2073E+02  0.4216E-02  0.2366E-01  0.1107E-02
     1   196     1     5        0  0.3042E+00  0.3202E+00  0.0000E+00  0.2231E-06
     1   197     1     1        0  0.0000E+00  0.9214E+02  0.5056E+03  0.1000E+03
     1   197     1     2        0  0.6369E+04  0.2040E-02  0.6347E-01  0.7619E-02
     1   197     1     3        0  0.8130E+00  0.1388E+02  0.0000E+00  0.7104E-09
     1   197     1     4        0  0.1635E+01  0.2659E-03  0.0000E+00  0.1100E-03
     1   197     1     5        0  0.9551E-02  0.1121E+00  0.0000E+00  0.2197E-07
     1   198     1     1        0  0.0000E+00  0.8361E+02  0.2059E+04  0.1000E+03
     1   198     1     2        0  0.2434E+05  0.3365E-02  0.2340E+00  0.1252E-01
     1   198     1     3        0  0.2996E+01  0.8133E+02  0.0000E+00  0.1605E-08
     1   198     1     4        0  0.1806E+02  0.1042E-01  0.2025E-01  0.1076E-02
     1   198     1     5        0  0.2593E+00  0.6746E+00  0.0000E+00  0.1368E-06
     1   199     1     1        0  0.0000E+00  0.1000E+03  0.1009E+04  0.1000E+03
     1   199     1     2        0  0.1016E+05  0.8405E-03  0.7405E-01  0.8510E-02
     1   199     1     3        0  0.9457E+00  0.3651E+02  0.0000E+00  0.4527E-09
     1   199     1     4        0  0.5270E+01  0.2829E-02  0.0000E+00  0.5377E-03
     1   199     1     5        0  0.5670E-01  0.3001E+00  0.0000E+00  0.4757E-07
     1   200     1     1        0  0.0000E+00  0.9547E+02  0.1782E+04  0.1000E+03
     1   200     1     2        0  0.2042E+05  0.1366E-02  0.1070E+00  0.7280E-02
     1   200     1     3        0  0.1364E+01  0.3917E+02  0.0000E+00  0.1908E-08
     1   200     1     4        0  0.1400E+02  0.4449E-03  0.0000E+00  0.1001E-02
     1   200     1     5        0  0.1907E+00  0.3273E+00  0.0000E+00  0.6860E-07
     1   201     1     1        0  0.0000E+00  0.9161E+02  0.1459E+04  0.1000E+03
     1   201     1     2        0  0.1623E+05  0.5318E-03  0.2443E+00  0.1839E-01
     1   201     1     3        0  0.3110E+01  0.4229E+02  0.0000E+00  0.6093E-09
     1   201     1     4        0  0.9665E+01  0.3458E-02  0.0000E+00  0.7513E-03
     1   201     1     5        0  0.1263E+00  0.3545E+00  0.0000E+00  0.1453E-06
     1   202     1     1        0  0.0000E+00  0.9655E+02  0.1387E+04  0.1000E+03
     1   202     1     2        0  0.1492E+05  0.1992E-02  0.2139E+00  0.2172E-01
     1   202     1     3        0  0.2718E+01  0.8786E+02  0.0000E+00  0.5962E-09
     1   202     1     4        0  0.8729E+01  0.1528E-01  0.0000E+00  0.8666E-03
     1   202     1     5        0  0.1120E+00  0.7355E+00  0.0000E+00  0.1627E-06
     1   203     1     1        0  0.0000E+00  0.2817E+02  0.1825E+04  0.1000E+03
     1   203     1     2        0  0.2107E+05  0.1104E-02  0.7178E-01  0.4114E-02
     1   203     1     3        0  0.9111E+00  0.3472E+02  0.0000E+00  0.9751E-09
     1   203     1     4        0  0.1442E+02  0.3169E-03  0.0000E+00  0.9250E-03
     1   203     1     5        0  0.2017E+00  0.2953E+00  0.0000E+00  0.3261E-07
     1   204     1     1        0  0.0000E+00  0.5720E+02  0.9185E+03  0.1000E+03
     1   204     1     2        0  0.8454E+04  0.1163E-03  0.2940E-01  0.5650E-02
     1   204     1     3        0  0.3720E+00  0.1977E+02  0.0000E+00  0.1789E-08
     1   204     1     4        0  0.4121E+01  0.1374E-02  0.0000E+00  0.5651E-03
     1   204     1     5        0  0.4484E-01  0.1651E+00  0.0000E+00  0.1924E-07
     1   205     1     1        0  0.0000E+00  0.1000E+03  0.2069E+04  0.1000E+03
     1   205     1     2        0  0.2424E+05  0.2461E-02  0.3494E+00  0.1756E-01
     1   205     1     3        0  0.4419E+01  0.6582E+02  0.0000E+00  0.1093E-08
     1   205     1     4        0  0.1830E+02  0.6833E-02  0.2073E-01  0.1045E-02
     1   205     1     5        0  0.2621E+00  0.5624E+00  0.0000E+00  0.1942E-06
     1   206     1     1        0  0.0000E+00  0.2760E+02  0.4976E+03  0.1000E+03
     1   206     1     2        0  0.6266E+04  0.9964E-04  0.6184E-01  0.1079E-01
     1   206     1     3        0  0.7792E+00  0.1233E+02  0.0000E+00  0.4935E-09
     1   206     1     4        0  0.9789E+00  0.2021E-02  0.0000E+00  0.5587E-04
     1   206     1     5        0  0.4450E-02  0.1020E+00  0.0000E+00  0.2526E-07
     1   207     1     1        0  0.0000E+00  0.9614E+02  0.2196E+04  0.1000E+03
     1   207     1     2        0  0.2584E+05  0.3875E-02  0.1005E+00  0.4299E-02
     1   207     1     3        0  0.1266E+01  0.9771E+02  0.0000E+00  0.1453E-08
     1   207     1     4        0  0.2071E+02  0.9655E-03  0.2347E-01  0.1107E-02
     1   207     1     5        0  0.2958E+00  0.8348E+00  0.0000E+00  0.4454E-07
     1   208     1     1        0  0.0000E+00  0.9004E+02  0.5050E+03  0.1000E+03
     1   208     1     2        0  0.6233E+04  0.9116E-03  0.0000E+00  0.7835E-03
     1   208     1     3        0  0.9149E-01  0.5143E+00  0.0000E+00  0.7061E-10
     1   209     1     1        0  0.0000E+00  0.1000E+03  0.2183E+04  0.1000E+03
     1   209     1     2        0  0.2563E+05  0.1399E-02  0.2103E+00  0.1009E-01
     1   209     1     3        0  0.2641E+01  0.8722E+02  0.0000E+00  0.1220E-08
     1   209     1     4        0  0.2023E+02  0.5014E-02  0.2329E-01  0.1106E-02
     1   209     1     5        0  0.2925E+00  0.7336E+00  0.0000E+00  0.1177E-06
     1   210     1     1        0  0.0000E+00  0.2949E+02  0.5048E+03  0.1000E+03
     1   210     1     2        0  0.6218E+04  0.6761E-03  0.0000E+00  0.1422E-02
     1   210     1     3        0  0.1450E+00  0.1413E+02  0.0000E+00  0.1985E-09
     1   210     1     4        0  0.1198E+01  0.4014E-03  0.0000E+00  0.7778E-04
     1   210     1     5        0  0.5992E-02  0.1152E+00  0.0000E+00  0.3586E-08
     1   211     1     1        0  0.0000E+00  0.1984E+02  0.2049E+04  0.1000E+03
     1   211     1     2        0  0.2371E+05  0.2596E-03  0.6114E-01  0.3255E-02
     1   211     1     3        0  0.7650E+00  0.3958E+02  0.0000E+00  0.1251E-08
     1   211     1     4        0  0.1768E+02  0.2376E-02  0.2041E-01  0.1082E-02
     1   211     1     5        0  0.2553E+00  0.3316E+00  0.0000E+00  0.3621E-07
     1   212     1     1        0  0.0000E+00  0.1000E+03  0.9236E+03  0.1000E+03
     1   212     1     2        0  0.8855E+04  0.3410E-02  0.0000E+00  0.1036E-02
     1   212     1     3        0  0.6225E-01  0.5093E+02  0.0000E+00  0.8961E-09
     1   212     1     4        0  0.4361E+01  0.1708E-02  0.0000E+00  0.4836E-03
     1   212     1     5        0  0.4674E-01  0.4201E+00  0.0000E+00  0.2306E-08
     1   213     1     1        0  0.0000E+00  0.4435E+02  0.1781E+04  0.1000E+03
     1   213     1     2        0  0.2005E+05  0.7786E-03  0.2247E-01  0.1956E-02
     1   213     1     3        0  0.2802E+00  0.3648E+02  0.0000E+00  0.1483E-08
     1   213     1     4        0  0.1348E+02  0.2069E-02  0.0000E+00  0.1011E-02
     1   213     1     5        0  0.1907E+00  0.3064E+00  0.0000E+00  0.1191E-07
     1   214     1     1        0  0.0000E+00  0.3280E+02  0.5184E+03  0.1000E+03
     1   214     1     2        0  0.3182E+04  0.1246E-03  0.0000E+00  0.9830E-03
     1   214     1     3        0  0.5565E-01  0.4953E+01  0.0000E+00  0.6279E-10
     1   214     1     4        0  0.8050E-01  0.1024E-03  0.0000E+00  0.1211E-04
