SUMMARY OF C0NVERGENCE INFORMATION
  STEP   INC  ATT   ITER     CONT.   RESID.        CORR.      RESID.      CORR.
                              EL.    FORCE         DISP       FLUX        TEMP.
                              (#)     (%)           (%)        (%)         (%)
     1     1     1     1        0  0.0000E+00  0.1000E-29  0.2482E+04  0.1000E+03
     1     1     1     2        0  0.7178E+04  0.1000E-29  0.0000E+00  0.2633E-05
     1     1     1     3        0  0.3688E-02  0.1000E+03  0.0000E+00  0.6874E-10
     1     1     1     4        0  0.7245E+01  0.2796E-03  0.0000E+00  0.1701E-03
     1     1     1     5        0  0.2379E+00  0.4204E-02  0.0000E+00  0.6650E-10
     1     2     1     1        0  0.0000E+00  0.7013E+02  0.3425E+04  0.1000E+03
     1     2     1     2        0  0.1479E+05  0.6744E-04  0.0000E+00  0.5386E-03
     1     2     1     3        0  0.6174E+00  0.6252E+02  0.0000E+00  0.4736E-10
     1     2     1     4        0  0.1118E+02  0.2407E-03  0.0000E+00  0.3417E-03
     1     2     1     5        0  0.4013E+00  0.6935E-02  0.0000E+00  0.1706E-08
     1     3     1     1        0  0.0000E+00  0.1935E+02  0.3566E+04  0.1000E+03
     1     3     1     2        0  0.2080E+05  0.7986E-04  0.0000E+00  0.1700E-03
     1     3     1     3        0  0.1595E+00  0.3688E+02  0.0000E+00  0.9679E-10
     1     3     1     4        0  0.1025E+02  0.4336E-04  0.0000E+00  0.4468E-03
     1     3     1     5        0  0.3785E+00  0.6873E-02  0.0000E+00  0.6941E-09
     1     4     1     1        0  0.0000E+00  0.2382E+02  0.3177E+04  0.1000E+03
     1     4     1     2        0  0.2391E+05  0.2233E-04  0.0000E+00  0.8249E-03
     1     4     1     3        0  0.4544E+00  0.1914E+02  0.0000E+00  0.6368E-10
     1     4     1     4        0  0.6670E+01  0.1079E-03  0.0000E+00  0.4230E-03
     1     4     1     5        0  0.2468E+00  0.4738E-02  0.0000E+00  0.3031E-08
     1     5     1     1        0  0.0000E+00  0.7041E+01  0.2310E+04  0.1000E+03
     1     5     1     2        0  0.2175E+05  0.2096E-04  0.0000E+00  0.6227E-04
     1     5     1     3        0  0.7859E-02  0.9209E+01  0.0000E+00  0.8692E-10
     1     5     1     4        0  0.2702E+01  0.2751E-04  0.0000E+00  0.2627E-03
     1     5     1     5        0  0.9697E-01  0.2547E-02  0.0000E+00  0.1566E-09
     1     6     1     1        0  0.0000E+00  0.6460E+01  0.8942E+03  0.1000E+03
     1     6     1     2        0  0.9695E+04  0.1324E-04  0.0000E+00  0.2824E-03
     1     6     1     3        0  0.4962E-01  0.2417E+01  0.0000E+00  0.1116E-09
     1     6     1     4        0  0.3157E+00  0.5286E-05  0.0000E+00  0.5362E-04
     1     7     1     1        0  0.0000E+00  0.3343E+01  0.8674E+03  0.1000E+03
     1     7     1     2        0  0.7628E+04  0.3879E-05  0.0000E+00  0.5532E-04
     1     7     1     3        0  0.5390E-02  0.1860E+01  0.0000E+00  0.1556E-09
     1     7     1     4        0  0.2331E+00  0.4146E-05  0.0000E+00  0.6522E-04
     1     8     1     1        0  0.0000E+00  0.6240E+01  0.3253E+04  0.1000E+03
     1     8     1     2        0  0.2738E+05  0.1891E-04  0.0000E+00  0.3531E-03
     1     8     1     3        0  0.1891E+00  0.9955E+01  0.0000E+00  0.1331E-09
     1     8     1     4        0  0.7955E+01  0.6481E-04  0.0000E+00  0.4811E-03
     1     8     1     5        0  0.2278E+00  0.4498E-02  0.0000E+00  0.1620E-08
     1     9     1     1        0  0.0000E+00  0.2028E+02  0.3738E+04  0.1000E+03
     1     9     1     2        0  0.3120E+05  0.8068E-04  0.3227E-01  0.9673E-03
     1     9     1     3        0  0.4739E+00  0.1886E+02  0.0000E+00  0.1794E-09
     1     9     1     4        0  0.1099E+02  0.2216E-03  0.0000E+00  0.6477E-03
     1     9     1     5        0  0.3212E+00  0.1094E-01  0.0000E+00  0.5757E-08
     1    10     1     1        0  0.0000E+00  0.1000E+03  0.2503E+04  0.1000E+03
     1    10     1     2        0  0.2482E+05  0.9658E-04  0.0000E+00  0.2940E-03
     1    10     1     3        0  0.1093E+00  0.4629E+02  0.0000E+00  0.2238E-09
     1    10     1     4        0  0.4791E+01  0.2686E-03  0.0000E+00  0.3927E-03
     1    10     1     5        0  0.1363E+00  0.3056E-01  0.0000E+00  0.1124E-08
     1    11     1     1        0  0.0000E+00  0.1598E+02  0.2555E+03  0.1000E+03
     1    11     1     2        0  0.3040E+04  0.2485E-04  0.0000E+00  0.7449E-04
     1    11     1     3        0  0.1075E-01  0.1140E+00  0.0000E+00  0.8471E-10
     1    12     1     1        0  0.0000E+00  0.6610E+01  0.2489E+04  0.1000E+03
     1    12     1     2        0  0.2486E+05  0.1991E-04  0.0000E+00  0.5717E-03
     1    12     1     3        0  0.1895E+00  0.5300E+01  0.0000E+00  0.1904E-09
     1    12     1     4        0  0.4662E+01  0.2156E-04  0.0000E+00  0.3690E-03
     1    12     1     5        0  0.1227E+00  0.3991E-02  0.0000E+00  0.2191E-08
     1    13     1     1        0  0.0000E+00  0.5644E+01  0.3715E+04  0.1000E+03
     1    13     1     2        0  0.3476E+05  0.1543E-04  0.0000E+00  0.6398E-03
     1    13     1     3        0  0.3226E+00  0.7245E+01  0.0000E+00  0.2064E-09
     1    13     1     4        0  0.1040E+02  0.4493E-04  0.0000E+00  0.6341E-03
     1    13     1     5        0  0.2923E+00  0.6488E-02  0.0000E+00  0.3655E-08
     1    14     1     1        0  0.0000E+00  0.1757E+02  0.3038E+04  0.1000E+03
     1    14     1     2        0  0.3080E+05  0.1271E-03  0.0000E+00  0.5407E-03
     1    14     1     3        0  0.2015E+00  0.8570E+01  0.0000E+00  0.1769E-09
     1    14     1     4        0  0.7040E+01  0.3316E-04  0.0000E+00  0.5386E-03
     1    14     1     5        0  0.1966E+00  0.8424E-02  0.0000E+00  0.2810E-08
     1    15     1     1        0  0.0000E+00  0.1000E+03  0.8580E+03  0.1000E+03
     1    15     1     2        0  0.1002E+05  0.1010E-03  0.0000E+00  0.3610E-03
     1    15     1     3        0  0.6915E-01  0.1087E+02  0.0000E+00  0.2163E-09
     1    15     1     4        0  0.6460E+00  0.8095E-04  0.0000E+00  0.8276E-04
     1    15     1     5        0  0.1414E-01  0.1052E-01  0.0000E+00  0.4969E-09
     1    16     1     1        0  0.0000E+00  0.2687E+02  0.1592E+04  0.1000E+03
     1    16     1     2        0  0.1683E+05  0.3191E-04  0.0000E+00  0.1374E-02
     1    16     1     3        0  0.2599E+00  0.6083E+01  0.0000E+00  0.2414E-09
     1    16     1     4        0  0.1965E+01  0.8048E-04  0.0000E+00  0.2411E-03
     1    16     1     5        0  0.4859E-01  0.6058E-02  0.0000E+00  0.3431E-08
     1    17     1     1        0  0.0000E+00  0.8490E+01  0.3430E+04  0.1000E+03
     1    17     1     2        0  0.3241E+05  0.1527E-04  0.7200E-01  0.2298E-02
     1    17     1     3        0  0.8866E+00  0.6709E+01  0.0000E+00  0.2419E-09
     1    17     1     4        0  0.8207E+01  0.1067E-03  0.0000E+00  0.5757E-03
     1    17     1     5        0  0.2293E+00  0.7420E-02  0.0000E+00  0.1223E-07
     1    18     1     1        0  0.0000E+00  0.5483E+01  0.3393E+04  0.1000E+03
     1    18     1     2        0  0.3267E+05  0.1009E-04  0.3364E-01  0.1225E-02
     1    18     1     3        0  0.4114E+00  0.5961E+01  0.0000E+00  0.2594E-09
     1    18     1     4        0  0.8151E+01  0.5128E-04  0.0000E+00  0.6242E-03
     1    18     1     5        0  0.2308E+00  0.6996E-02  0.0000E+00  0.6852E-08
     1    19     1     1        0  0.0000E+00  0.1688E+02  0.1696E+04  0.1000E+03
     1    19     1     2        0  0.1784E+05  0.2816E-04  0.3534E-01  0.2191E-02
     1    19     1     3        0  0.4150E+00  0.4104E+01  0.0000E+00  0.3303E-09
     1    19     1     4        0  0.2091E+01  0.9038E-04  0.0000E+00  0.2627E-03
     1    19     1     5        0  0.5450E-01  0.4681E-02  0.0000E+00  0.6068E-08
     1    20     1     1        0  0.0000E+00  0.7211E+02  0.5487E+03  0.1000E+03
     1    20     1     2        0  0.5816E+04  0.5555E-03  0.0000E+00  0.6321E-03
     1    20     1     3        0  0.8087E-01  0.5779E+01  0.0000E+00  0.1542E-09
     1    20     1     4        0  0.3963E+00  0.7249E-04  0.0000E+00  0.5230E-04
     1    21     1     1        0  0.0000E+00  0.4582E+02  0.2835E+04  0.1000E+03
     1    21     1     2        0  0.2691E+05  0.1934E-03  0.4019E-01  0.1407E-02
     1    21     1     3        0  0.4429E+00  0.1552E+02  0.0000E+00  0.1725E-09
     1    21     1     4        0  0.5439E+01  0.1881E-03  0.0000E+00  0.4833E-03
     1    21     1     5        0  0.1463E+00  0.1904E-01  0.0000E+00  0.6409E-08
     1    22     1     1        0  0.0000E+00  0.1078E+02  0.3451E+04  0.1000E+03
     1    22     1     2        0  0.3223E+05  0.3184E-05  0.0000E+00  0.3604E-03
     1    22     1     3        0  0.1037E+00  0.8495E+01  0.0000E+00  0.2002E-09
     1    22     1     4        0  0.8011E+01  0.3879E-04  0.0000E+00  0.6687E-03
     1    22     1     5        0  0.2247E+00  0.1189E-01  0.0000E+00  0.1667E-08
     1    23     1     1        0  0.0000E+00  0.5343E+01  0.2303E+04  0.1000E+03
     1    23     1     2        0  0.2273E+05  0.6247E-05  0.3145E-01  0.1524E-02
     1    23     1     3        0  0.3422E+00  0.4917E+01  0.0000E+00  0.2192E-09
     1    23     1     4        0  0.3662E+01  0.7307E-04  0.0000E+00  0.4207E-03
     1    23     1     5        0  0.9990E-01  0.7320E-02  0.0000E+00  0.5971E-08
     1    24     1     1        0  0.0000E+00  0.1674E+02  0.2837E+03  0.1000E+03
     1    24     1     2        0  0.2948E+04  0.3136E-04  0.0000E+00  0.1243E-03
     1    24     1     3        0  0.1589E-01  0.1626E+00  0.0000E+00  0.9078E-10
     1    25     1     1        0  0.0000E+00  0.5249E+02  0.2145E+04  0.1000E+03
     1    25     1     2        0  0.2011E+05  0.7875E-04  0.0000E+00  0.1183E-02
     1    25     1     3        0  0.2561E+00  0.1402E+02  0.0000E+00  0.2533E-09
     1    25     1     4        0  0.3234E+01  0.1156E-03  0.0000E+00  0.3624E-03
     1    25     1     5        0  0.8104E-01  0.2082E-01  0.0000E+00  0.4231E-08
     1    26     1     1        0  0.0000E+00  0.1000E+03  0.3382E+04  0.1000E+03
     1    26     1     2        0  0.3053E+05  0.2002E-03  0.0000E+00  0.5326E-04
     1    26     1     3        0  0.1501E-01  0.4745E+02  0.0000E+00  0.1077E-09
     1    26     1     4        0  0.7497E+01  0.2362E-04  0.0000E+00  0.6359E-03
     1    26     1     5        0  0.2050E+00  0.7640E-01  0.0000E+00  0.3021E-09
     1    27     1     1        0  0.0000E+00  0.1637E+02  0.2817E+04  0.1000E+03
     1    27     1     2        0  0.2623E+05  0.2369E-04  0.2837E-01  0.1222E-02
     1    27     1     3        0  0.2943E+00  0.1321E+02  0.0000E+00  0.7852E-10
     1    27     1     4        0  0.5331E+01  0.1429E-03  0.0000E+00  0.5652E-03
     1    27     1     5        0  0.1452E+00  0.2239E-01  0.0000E+00  0.6038E-08
     1    28     1     1        0  0.0000E+00  0.5459E+01  0.7940E+03  0.1000E+03
     1    28     1     2        0  0.7770E+04  0.1558E-04  0.0000E+00  0.6758E-04
     1    28     1     3        0  0.7426E-02  0.3472E+01  0.0000E+00  0.9716E-10
     1    28     1     4        0  0.5655E+00  0.1104E-04  0.0000E+00  0.9193E-04
     1    28     1     5        0  0.1182E-01  0.5772E-02  0.0000E+00  0.1384E-09
     1    29     1     1        0  0.0000E+00  0.1830E+02  0.1250E+04  0.1000E+03
     1    29     1     2        0  0.1188E+05  0.1008E-03  0.0000E+00  0.4714E-03
     1    29     1     3        0  0.5919E-01  0.6769E+01  0.0000E+00  0.1982E-09
     1    29     1     4        0  0.1332E+01  0.2500E-04  0.0000E+00  0.2333E-03
     1    29     1     5        0  0.2979E-01  0.1118E-01  0.0000E+00  0.1141E-08
     1    30     1     1        0  0.0000E+00  0.4072E+02  0.3014E+04  0.1000E+03
     1    30     1     2        0  0.2706E+05  0.2093E-03  0.3655E-01  0.1307E-02
     1    30     1     3        0  0.3621E+00  0.2389E+02  0.0000E+00  0.9362E-10
     1    30     1     4        0  0.5998E+01  0.2989E-03  0.0000E+00  0.5741E-03
     1    30     1     5        0  0.1610E+00  0.4159E-01  0.0000E+00  0.6919E-08
     1    31     1     1        0  0.0000E+00  0.8355E+02  0.3055E+04  0.1000E+03
     1    31     1     2        0  0.2756E+05  0.2413E-04  0.0000E+00  0.1834E-03
     1    31     1     3        0  0.3962E-01  0.6607E+02  0.0000E+00  0.4338E-10
     1    31     1     4        0  0.6221E+01  0.1517E-03  0.0000E+00  0.6562E-03
     1    31     1     5        0  0.1701E+00  0.1210E+00  0.0000E+00  0.1078E-08
     1    32     1     1        0  0.0000E+00  0.1000E+03  0.1507E+04  0.1000E+03
     1    32     1     2        0  0.1405E+05  0.4844E-04  0.0000E+00  0.1386E-02
     1    32     1     3        0  0.1931E+00  0.8467E+02  0.0000E+00  0.6085E-10
     1    32     1     4        0  0.1697E+01  0.7695E-03  0.0000E+00  0.2758E-03
     1    32     1     5        0  0.4212E-01  0.1557E+00  0.0000E+00  0.3976E-08
     1    33     1     1        0  0.0000E+00  0.1000E+03  0.4314E+03  0.1000E+03
     1    33     1     2        0  0.3789E+04  0.3855E-03  0.0000E+00  0.2878E-03
     1    33     1     3        0  0.3189E-01  0.1000E+03  0.0000E+00  0.8412E-10
     1    33     1     4        0  0.2722E+00  0.3346E-03  0.0000E+00  0.3303E-04
     1    34     1     1        0  0.0000E+00  0.9122E+02  0.2514E+04  0.1000E+03
     1    34     1     2        0  0.2182E+05  0.1498E-03  0.0000E+00  0.9216E-03
     1    34     1     3        0  0.2165E+00  0.1000E+03  0.0000E+00  0.4993E-10
     1    34     1     4        0  0.4236E+01  0.1017E-02  0.0000E+00  0.4774E-03
     1    34     1     5        0  0.1090E+00  0.1896E+00  0.0000E+00  0.4131E-08
     1    35     1     1        0  0.0000E+00  0.4535E+02  0.3162E+04  0.1000E+03
     1    35     1     2        0  0.2713E+05  0.8803E-04  0.0000E+00  0.3125E-03
     1    35     1     3        0  0.9112E-01  0.6175E+02  0.0000E+00  0.1600E-09
     1    35     1     4        0  0.6524E+01  0.1992E-03  0.0000E+00  0.6725E-03
     1    35     1     5        0  0.1757E+00  0.1249E+00  0.0000E+00  0.2004E-08
     1    36     1     1        0  0.0000E+00  0.1175E+02  0.2138E+04  0.1000E+03
     1    36     1     2        0  0.1884E+05  0.3579E-04  0.0000E+00  0.1043E-02
     1    36     1     3        0  0.1824E+00  0.1820E+02  0.0000E+00  0.1607E-09
     1    36     1     4        0  0.3196E+01  0.1456E-03  0.0000E+00  0.4485E-03
     1    36     1     5        0  0.8163E-01  0.3789E-01  0.0000E+00  0.4217E-08
     1    37     1     1        0  0.0000E+00  0.4008E+01  0.3685E+03  0.1000E+03
     1    37     1     2        0  0.3344E+04  0.7524E-05  0.0000E+00  0.5870E-04
     1    37     1     3        0  0.5737E-02  0.1033E+01  0.0000E+00  0.7843E-10
     1    37     1     4        0  0.2483E-01  0.1915E-05  0.0000E+00  0.7061E-05
     1    38     1     1        0  0.0000E+00  0.4077E+01  0.1811E+04  0.1000E+03
     1    38     1     2        0  0.1560E+05  0.7009E-05  0.0000E+00  0.4298E-03
     1    38     1     3        0  0.6891E-01  0.7798E+01  0.0000E+00  0.8624E-10
     1    38     1     4        0  0.2340E+01  0.2140E-04  0.0000E+00  0.3547E-03
     1    38     1     5        0  0.5813E-01  0.1613E-01  0.0000E+00  0.1528E-08
     1    39     1     1        0  0.0000E+00  0.1272E+02  0.3025E+04  0.1000E+03
     1    39     1     2        0  0.2544E+05  0.6432E-04  0.0000E+00  0.7589E-03
     1    39     1     3        0  0.1868E+00  0.1550E+02  0.0000E+00  0.1622E-09
     1    39     1     4        0  0.5840E+01  0.1287E-03  0.0000E+00  0.6365E-03
     1    39     1     5        0  0.1585E+00  0.3376E-01  0.0000E+00  0.4363E-08
     1    40     1     1        0  0.0000E+00  0.6562E+02  0.2551E+04  0.1000E+03
     1    40     1     2        0  0.2172E+05  0.3550E-03  0.0000E+00  0.4423E-03
     1    40     1     3        0  0.9233E-01  0.4618E+02  0.0000E+00  0.3369E-09
     1    40     1     4        0  0.4338E+01  0.1081E-03  0.0000E+00  0.5941E-03
     1    40     1     5        0  0.1161E+00  0.1040E+00  0.0000E+00  0.2427E-08
     1    41     1     1        0  0.0000E+00  0.2731E+02  0.7490E+03  0.1000E+03
     1    41     1     2        0  0.5991E+04  0.5310E-04  0.0000E+00  0.5158E-03
     1    41     1     3        0  0.5055E-01  0.6431E+01  0.0000E+00  0.1973E-09
     1    41     1     4        0  0.5194E+00  0.5473E-04  0.0000E+00  0.9918E-04
     1    41     1     5        0  0.1003E-01  0.1423E-01  0.0000E+00  0.8536E-09
     1    42     1     1        0  0.0000E+00  0.8605E+01  0.1083E+04  0.1000E+03
     1    42     1     2        0  0.8815E+04  0.2275E-04  0.0000E+00  0.8294E-03
     1    42     1     3        0  0.7829E-01  0.3756E+01  0.0000E+00  0.1866E-09
     1    42     1     4        0  0.9787E+00  0.3850E-04  0.0000E+00  0.2239E-03
     1    42     1     5        0  0.2084E-01  0.8279E-02  0.0000E+00  0.1872E-08
     1    43     1     1        0  0.0000E+00  0.4011E+01  0.2726E+04  0.1000E+03
     1    43     1     2        0  0.2225E+05  0.7400E-05  0.4004E-01  0.1578E-02
     1    43     1     3        0  0.3465E+00  0.6714E+01  0.0000E+00  0.2037E-09
     1    43     1     4        0  0.4766E+01  0.8448E-04  0.0000E+00  0.5706E-03
     1    43     1     5        0  0.1264E+00  0.1517E-01  0.0000E+00  0.8176E-08
     1    44     1     1        0  0.0000E+00  0.1149E+02  0.2824E+04  0.1000E+03
     1    44     1     2        0  0.2303E+05  0.7436E-04  0.0000E+00  0.4799E-03
     1    44     1     3        0  0.9222E-01  0.8313E+01  0.0000E+00  0.3493E-09
     1    44     1     4        0  0.5163E+01  0.1629E-04  0.0000E+00  0.6738E-03
     1    44     1     5        0  0.1391E+00  0.1920E-01  0.0000E+00  0.2642E-08
     1    45     1     1        0  0.0000E+00  0.4136E+02  0.1434E+04  0.1000E+03
     1    45     1     2        0  0.1174E+05  0.8778E-04  0.0000E+00  0.1706E-02
     1    45     1     3        0  0.1885E+00  0.1070E+02  0.0000E+00  0.4462E-09
     1    45     1     4        0  0.1545E+01  0.1540E-03  0.0000E+00  0.2947E-03
     1    45     1     5        0  0.3660E-01  0.2461E-01  0.0000E+00  0.5083E-08
     1    46     1     1        0  0.0000E+00  0.5614E+02  0.4297E+03  0.1000E+03
     1    46     1     2        0  0.3497E+04  0.1418E-03  0.0000E+00  0.3975E-03
     1    46     1     3        0  0.3550E-01  0.4015E+01  0.0000E+00  0.1160E-09
     1    46     1     4        0  0.1493E+00  0.4576E-04  0.0000E+00  0.1843E-04
     1    47     1     1        0  0.0000E+00  0.1265E+02  0.2212E+04  0.1000E+03
     1    47     1     2        0  0.1768E+05  0.5894E-04  0.2739E-01  0.1257E-02
     1    47     1     3        0  0.2277E+00  0.6450E+01  0.0000E+00  0.1988E-09
     1    47     1     4        0  0.3223E+01  0.1004E-03  0.0000E+00  0.4697E-03
     1    47     1     5        0  0.8369E-01  0.1545E-01  0.0000E+00  0.5510E-08
     1    48     1     1        0  0.0000E+00  0.4138E+01  0.2882E+04  0.1000E+03
     1    48     1     2        0  0.2287E+05  0.1349E-04  0.0000E+00  0.1583E-03
     1    48     1     3        0  0.1779E-01  0.6271E+01  0.0000E+00  0.2899E-09
     1    48     1     4        0  0.5195E+01  0.2379E-04  0.0000E+00  0.6745E-03
     1    48     1     5        0  0.1424E+00  0.1586E-01  0.0000E+00  0.5520E-09
     1    49     1     1        0  0.0000E+00  0.1097E+02  0.1964E+04  0.1000E+03
     1    49     1     2        0  0.1574E+05  0.6186E-05  0.0000E+00  0.1425E-02
     1    49     1     3        0  0.1902E+00  0.5043E+01  0.0000E+00  0.2281E-09
     1    49     1     4        0  0.2610E+01  0.4639E-04  0.0000E+00  0.4799E-03
     1    49     1     5        0  0.6864E-01  0.1295E-01  0.0000E+00  0.5860E-08
     1    50     1     1        0  0.0000E+00  0.3521E+02  0.3825E+03  0.1000E+03
     1    50     1     2        0  0.3106E+04  0.8322E-04  0.0000E+00  0.7442E-04
     1    50     1     3        0  0.5096E-02  0.8682E+00  0.0000E+00  0.1056E-09
     1    51     1     1        0  0.0000E+00  0.1000E+03  0.1614E+04  0.1000E+03
     1    51     1     2        0  0.1251E+05  0.1446E-03  0.0000E+00  0.4596E-03
     1    51     1     3        0  0.5755E-01  0.2331E+02  0.0000E+00  0.1339E-09
     1    51     1     4        0  0.1921E+01  0.5812E-04  0.0000E+00  0.3467E-03
     1    51     1     5        0  0.4469E-01  0.5867E-01  0.0000E+00  0.1554E-08
     1    52     1     1        0  0.0000E+00  0.1823E+02  0.2785E+04  0.1000E+03
     1    52     1     2        0  0.2151E+05  0.7074E-04  0.0000E+00  0.7139E-03
     1    52     1     3        0  0.1474E+00  0.1020E+02  0.0000E+00  0.1476E-09
     1    52     1     4        0  0.4914E+01  0.9604E-04  0.0000E+00  0.6356E-03
     1    52     1     5        0  0.1303E+00  0.2682E-01  0.0000E+00  0.4108E-08
     1    53     1     1        0  0.0000E+00  0.4694E+01  0.2389E+04  0.1000E+03
     1    53     1     2        0  0.1858E+05  0.6565E-05  0.0000E+00  0.4970E-03
     1    53     1     3        0  0.8393E-01  0.6396E+01  0.0000E+00  0.2559E-09
     1    53     1     4        0  0.3752E+01  0.1451E-04  0.0000E+00  0.6132E-03
     1    53     1     5        0  0.9933E-01  0.1719E-01  0.0000E+00  0.2662E-08
     1    54     1     1        0  0.0000E+00  0.1098E+02  0.7772E+03  0.1000E+03
     1    54     1     2        0  0.5280E+04  0.4002E-04  0.0000E+00  0.5406E-03
     1    54     1     3        0  0.4435E-01  0.2505E+01  0.0000E+00  0.1809E-09
     1    54     1     4        0  0.4966E+00  0.1432E-04  0.0000E+00  0.1124E-03
     1    55     1     1        0  0.0000E+00  0.3217E+02  0.9453E+03  0.1000E+03
     1    55     1     2        0  0.6482E+04  0.5481E-04  0.0000E+00  0.6775E-03
     1    55     1     3        0  0.5247E-01  0.5606E+01  0.0000E+00  0.1454E-09
     1    55     1     4        0  0.7517E+00  0.5453E-04  0.0000E+00  0.2014E-03
     1    55     1     5        0  0.1447E-01  0.1433E-01  0.0000E+00  0.1436E-08
     1    56     1     1        0  0.0000E+00  0.1000E+03  0.2463E+04  0.1000E+03
     1    56     1     2        0  0.1866E+05  0.8895E-04  0.3293E-01  0.1400E-02
     1    56     1     3        0  0.2578E+00  0.3909E+02  0.0000E+00  0.1131E-09
     1    56     1     4        0  0.3952E+01  0.5181E-03  0.0000E+00  0.5650E-03
     1    56     1     5        0  0.1023E+00  0.1032E+00  0.0000E+00  0.7162E-08
     1    57     1     1        0  0.0000E+00  0.2978E+02  0.2609E+04  0.1000E+03
     1    57     1     2        0  0.1979E+05  0.7682E-04  0.0000E+00  0.2798E-03
     1    57     1     3        0  0.4651E-01  0.1898E+02  0.0000E+00  0.6822E-10
     1    57     1     4        0  0.4398E+01  0.5553E-04  0.0000E+00  0.6839E-03
     1    57     1     5        0  0.1175E+00  0.5223E-01  0.0000E+00  0.1527E-08
     1    58     1     1        0  0.0000E+00  0.6139E+01  0.1387E+04  0.1000E+03
     1    58     1     2        0  0.1005E+05  0.7908E-05  0.0000E+00  0.1625E-02
     1    58     1     3        0  0.1505E+00  0.6810E+01  0.0000E+00  0.1235E-09
     1    58     1     4        0  0.1342E+01  0.9602E-04  0.0000E+00  0.3145E-03
     1    58     1     5        0  0.3243E-01  0.1896E-01  0.0000E+00  0.4976E-08
     1    59     1     1        0  0.0000E+00  0.1268E+02  0.4695E+03  0.1000E+03
     1    59     1     2        0  0.3527E+04  0.2705E-04  0.0000E+00  0.2958E-03
     1    59     1     3        0  0.2400E-01  0.2360E+01  0.0000E+00  0.6967E-10
     1    59     1     4        0  0.1287E+00  0.2132E-04  0.0000E+00  0.1185E-04
     1    60     1     1        0  0.0000E+00  0.3046E+02  0.2016E+04  0.1000E+03
     1    60     1     2        0  0.1495E+05  0.7290E-05  0.2254E-01  0.1130E-02
     1    60     1     3        0  0.1722E+00  0.1597E+02  0.0000E+00  0.6457E-10
     1    60     1     4        0  0.2854E+01  0.1916E-03  0.0000E+00  0.4621E-03
     1    60     1     5        0  0.6882E-01  0.4477E-01  0.0000E+00  0.4865E-08
     1    61     1     1        0  0.0000E+00  0.6122E+02  0.2696E+04  0.1000E+03
     1    61     1     2        0  0.1996E+05  0.1096E-03  0.0000E+00  0.1400E-03
     1    61     1     3        0  0.2907E-01  0.4392E+02  0.0000E+00  0.4580E-10
     1    61     1     4        0  0.4731E+01  0.1524E-03  0.0000E+00  0.6756E-03
     1    61     1     5        0  0.1228E+00  0.1276E+00  0.0000E+00  0.8787E-09
     1    62     1     1        0  0.0000E+00  0.1000E+03  0.1913E+04  0.1000E+03
     1    62     1     2        0  0.1392E+05  0.6952E-04  0.0000E+00  0.1293E-02
     1    62     1     3        0  0.1507E+00  0.9031E+02  0.0000E+00  0.5381E-10
     1    62     1     4        0  0.2508E+01  0.6489E-03  0.0000E+00  0.5060E-03
     1    62     1     5        0  0.6186E-01  0.2657E+00  0.0000E+00  0.5432E-08
     1    63     1     1        0  0.0000E+00  0.1000E+03  0.4264E+03  0.1000E+03
     1    63     1     2        0  0.3214E+04  0.2766E-03  0.0000E+00  0.6772E-04
     1    63     1     3        0  0.3693E-02  0.4737E+02  0.0000E+00  0.1012E-09
     1    63     1     4        0  0.4762E-01  0.1880E-03  0.0000E+00  0.1195E-04
     1    64     1     1        0  0.0000E+00  0.1000E+03  0.1461E+04  0.1000E+03
     1    64     1     2        0  0.1025E+05  0.4531E-04  0.0000E+00  0.2468E-03
     1    64     1     3        0  0.2476E-01  0.1000E+03  0.0000E+00  0.5806E-10
     1    64     1     4        0  0.1549E+01  0.2424E-03  0.0000E+00  0.3366E-03
     1    64     1     5        0  0.3527E-01  0.2881E+00  0.0000E+00  0.8428E-09
     1    65     1     1        0  0.0000E+00  0.7611E+02  0.2565E+04  0.1000E+03
     1    65     1     2        0  0.1869E+05  0.1193E-03  0.0000E+00  0.9023E-03
     1    65     1     3        0  0.1570E+00  0.1000E+03  0.0000E+00  0.1166E-09
     1    65     1     4        0  0.4269E+01  0.6247E-03  0.0000E+00  0.6325E-03
     1    65     1     5        0  0.1111E+00  0.2974E+00  0.0000E+00  0.5093E-08
     1    66     1     1        0  0.0000E+00  0.2176E+02  0.2269E+04  0.1000E+03
     1    66     1     2        0  0.1635E+05  0.3344E-04  0.0000E+00  0.3132E-03
     1    66     1     3        0  0.4760E-01  0.3214E+02  0.0000E+00  0.1778E-09
     1    66     1     4        0  0.3413E+01  0.3935E-04  0.0000E+00  0.6303E-03
     1    66     1     5        0  0.8783E-01  0.9737E-01  0.0000E+00  0.1740E-08
     1    67     1     1        0  0.0000E+00  0.7236E+01  0.7773E+03  0.1000E+03
     1    67     1     2        0  0.4679E+04  0.3294E-04  0.0000E+00  0.7479E-03
     1    67     1     3        0  0.5123E-01  0.6364E+01  0.0000E+00  0.1259E-09
     1    67     1     4        0  0.5065E+00  0.6199E-04  0.0000E+00  0.1244E-03
     1    67     1     5        0  0.9271E-02  0.1888E-01  0.0000E+00  0.1403E-08
     1    68     1     1        0  0.0000E+00  0.1974E+01  0.8503E+03  0.1000E+03
     1    68     1     2        0  0.5142E+04  0.2846E-05  0.0000E+00  0.7000E-03
     1    68     1     3        0  0.5070E-01  0.4844E+01  0.0000E+00  0.9262E-10
     1    68     1     4        0  0.6000E+00  0.3524E-04  0.0000E+00  0.1681E-03
     1    68     1     5        0  0.1093E-01  0.1422E-01  0.0000E+00  0.1405E-08
     1    69     1     1        0  0.0000E+00  0.7658E+01  0.2290E+04  0.1000E+03
     1    69     1     2        0  0.1634E+05  0.1928E-04  0.3143E-01  0.1450E-02
     1    69     1     3        0  0.2305E+00  0.1216E+02  0.0000E+00  0.1444E-09
     1    69     1     4        0  0.3472E+01  0.1331E-03  0.0000E+00  0.5599E-03
     1    69     1     5        0  0.8810E-01  0.3637E-01  0.0000E+00  0.7329E-08
     1    70     1     1        0  0.0000E+00  0.2710E+02  0.2497E+04  0.1000E+03
     1    70     1     2        0  0.1771E+05  0.5709E-04  0.0000E+00  0.3509E-03
     1    70     1     3        0  0.5039E-01  0.2447E+02  0.0000E+00  0.2815E-09
     1    70     1     4        0  0.4062E+01  0.2888E-04  0.0000E+00  0.6881E-03
     1    70     1     5        0  0.1053E+00  0.7508E-01  0.0000E+00  0.1786E-08
     1    71     1     1        0  0.0000E+00  0.6691E+02  0.1382E+04  0.1000E+03
     1    71     1     2        0  0.9187E+04  0.8579E-04  0.0000E+00  0.1722E-02
     1    71     1     3        0  0.1406E+00  0.2979E+02  0.0000E+00  0.2393E-09
     1    71     1     4        0  0.1378E+01  0.3114E-03  0.0000E+00  0.3421E-03
     1    71     1     5        0  0.3084E-01  0.9181E-01  0.0000E+00  0.5485E-08
     1    72     1     1        0  0.0000E+00  0.1368E+02  0.4680E+03  0.1000E+03
     1    72     1     2        0  0.3313E+04  0.1669E-04  0.0000E+00  0.2490E-03
     1    72     1     3        0  0.1802E-01  0.1244E+01  0.0000E+00  0.7142E-10
     1    72     1     4        0  0.5856E-01  0.1122E-04  0.0000E+00  0.1185E-04
     1    73     1     1        0  0.0000E+00  0.3624E+01  0.1863E+04  0.1000E+03
     1    73     1     2        0  0.1286E+05  0.2398E-05  0.0000E+00  0.1119E-02
     1    73     1     3        0  0.1456E+00  0.5661E+01  0.0000E+00  0.1992E-09
     1    73     1     4        0  0.2302E+01  0.6405E-04  0.0000E+00  0.4522E-03
     1    73     1     5        0  0.5763E-01  0.1763E-01  0.0000E+00  0.4717E-08
     1    74     1     1        0  0.0000E+00  0.7244E+01  0.2532E+04  0.1000E+03
     1    74     1     2        0  0.1776E+05  0.1930E-04  0.0000E+00  0.1562E-03
     1    74     1     3        0  0.2790E-01  0.7533E+01  0.0000E+00  0.2298E-09
     1    74     1     4        0  0.4056E+01  0.1006E-04  0.0000E+00  0.6745E-03
     1    74     1     5        0  0.1082E+00  0.2413E-01  0.0000E+00  0.9558E-09
     1    75     1     1        0  0.0000E+00  0.2147E+02  0.1848E+04  0.1000E+03
     1    75     1     2        0  0.1250E+05  0.9557E-04  0.0000E+00  0.1285E-02
     1    75     1     3        0  0.1293E+00  0.8913E+01  0.0000E+00  0.3191E-09
     1    75     1     4        0  0.2240E+01  0.7124E-04  0.0000E+00  0.5308E-03
     1    75     1     5        0  0.5664E-01  0.2876E-01  0.0000E+00  0.5515E-08
     1    76     1     1        0  0.0000E+00  0.1000E+03  0.4300E+03  0.1000E+03
     1    76     1     2        0  0.3061E+04  0.1761E-03  0.0000E+00  0.8096E-04
     1    76     1     3        0  0.3408E-02  0.5272E+01  0.0000E+00  0.9275E-10
     1    76     1     4        0  0.5505E-01  0.2575E-04  0.0000E+00  0.1416E-04
     1    77     1     1        0  0.0000E+00  0.2226E+02  0.1356E+04  0.1000E+03
     1    77     1     2        0  0.8767E+04  0.1150E-03  0.0000E+00  0.1570E-03
     1    77     1     3        0  0.1291E-01  0.6450E+01  0.0000E+00  0.2679E-09
     1    77     1     4        0  0.1313E+01  0.1823E-04  0.0000E+00  0.3277E-03
     1    77     1     5        0  0.2917E-01  0.2048E-01  0.0000E+00  0.5309E-09
     1    78     1     1        0  0.0000E+00  0.5363E+01  0.2431E+04  0.1000E+03
     1    78     1     2        0  0.1674E+05  0.2173E-05  0.2141E-01  0.9690E-03
     1    78     1     3        0  0.1514E+00  0.6604E+01  0.0000E+00  0.2599E-09
     1    78     1     4        0  0.3770E+01  0.5500E-04  0.0000E+00  0.6299E-03
     1    78     1     5        0  0.9844E-01  0.2147E-01  0.0000E+00  0.5425E-08
     1    79     1     1        0  0.0000E+00  0.6926E+01  0.2208E+04  0.1000E+03
     1    79     1     2        0  0.1488E+05  0.1158E-04  0.0000E+00  0.2499E-03
     1    79     1     3        0  0.3486E-01  0.5777E+01  0.0000E+00  0.3521E-09
     1    79     1     4        0  0.3108E+01  0.4619E-05  0.0000E+00  0.6445E-03
     1    79     1     5        0  0.8083E-01  0.1890E-01  0.0000E+00  0.1437E-08
     1    80     1     1        0  0.0000E+00  0.2059E+02  0.8095E+03  0.1000E+03
     1    80     1     2        0  0.4488E+04  0.1606E-04  0.0000E+00  0.8646E-03
     1    80     1     3        0  0.5288E-01  0.3406E+01  0.0000E+00  0.2070E-09
     1    80     1     4        0  0.5086E+00  0.3217E-04  0.0000E+00  0.1412E-03
     1    80     1     5        0  0.9593E-02  0.1086E-01  0.0000E+00  0.1725E-08
     1    81     1     1        0  0.0000E+00  0.1000E+03  0.7448E+03  0.1000E+03
     1    81     1     2        0  0.3958E+04  0.1334E-03  0.0000E+00  0.6809E-03
     1    81     1     3        0  0.4506E-01  0.1301E+02  0.0000E+00  0.3039E-09
     1    81     1     4        0  0.4721E+00  0.1022E-03  0.0000E+00  0.1378E-03
     1    82     1     1        0  0.0000E+00  0.3357E+02  0.2148E+04  0.1000E+03
     1    82     1     2        0  0.1446E+05  0.1124E-03  0.2957E-01  0.1446E-02
     1    82     1     3        0  0.2055E+00  0.1329E+02  0.0000E+00  0.1948E-09
     1    82     1     4        0  0.2999E+01  0.1979E-03  0.0000E+00  0.5522E-03
     1    82     1     5        0  0.7638E-01  0.4315E-01  0.0000E+00  0.7200E-08
     1    83     1     1        0  0.0000E+00  0.7402E+01  0.2390E+04  0.1000E+03
     1    83     1     2        0  0.1606E+05  0.1569E-04  0.0000E+00  0.3172E-03
     1    83     1     3        0  0.4388E-01  0.7813E+01  0.0000E+00  0.2193E-09
     1    83     1     4        0  0.3585E+01  0.1408E-04  0.0000E+00  0.6896E-03
     1    83     1     5        0  0.9519E-01  0.2634E-01  0.0000E+00  0.1706E-08
     1    84     1     1        0  0.0000E+00  0.6685E+01  0.1356E+04  0.1000E+03
     1    84     1     2        0  0.8430E+04  0.1146E-04  0.0000E+00  0.1761E-02
     1    84     1     3        0  0.1305E+00  0.4191E+01  0.0000E+00  0.2430E-09
     1    84     1     4        0  0.1220E+01  0.3298E-04  0.0000E+00  0.3650E-03
     1    84     1     5        0  0.2929E-01  0.1423E-01  0.0000E+00  0.5707E-08
     1    85     1     1        0  0.0000E+00  0.2058E+02  0.4876E+03  0.1000E+03
     1    85     1     2        0  0.3293E+04  0.5642E-04  0.0000E+00  0.1833E-03
     1    85     1     3        0  0.1223E-01  0.1397E+01  0.0000E+00  0.6964E-10
     1    85     1     4        0  0.5881E-01  0.4809E-05  0.0000E+00  0.1211E-04
     1    86     1     1        0  0.0000E+00  0.7097E+02  0.1759E+04  0.1000E+03
     1    86     1     2        0  0.1142E+05  0.3776E-04  0.0000E+00  0.1042E-02
     1    86     1     3        0  0.1214E+00  0.2250E+02  0.0000E+00  0.1756E-09
     1    86     1     4        0  0.2154E+01  0.1844E-03  0.0000E+00  0.4433E-03
     1    86     1     5        0  0.4999E-01  0.7515E-01  0.0000E+00  0.4295E-08
     1    87     1     1        0  0.0000E+00  0.6961E+02  0.2441E+04  0.1000E+03
     1    87     1     2        0  0.1624E+05  0.5019E-04  0.0000E+00  0.2348E-03
     1    87     1     3        0  0.3671E-01  0.3686E+02  0.0000E+00  0.5825E-10
     1    87     1     4        0  0.3842E+01  0.4038E-04  0.0000E+00  0.6737E-03
     1    87     1     5        0  0.9847E-01  0.1266E+00  0.0000E+00  0.1443E-08
     1    88     1     1        0  0.0000E+00  0.1194E+02  0.1823E+04  0.1000E+03
     1    88     1     2        0  0.1164E+05  0.4895E-04  0.0000E+00  0.1189E-02
     1    88     1     3        0  0.1110E+00  0.1156E+02  0.0000E+00  0.8983E-10
     1    88     1     4        0  0.2184E+01  0.9938E-04  0.0000E+00  0.5533E-03
     1    88     1     5        0  0.5382E-01  0.4016E-01  0.0000E+00  0.5186E-08
     1    89     1     1        0  0.0000E+00  0.6989E+01  0.4534E+03  0.1000E+03
     1    89     1     2        0  0.3090E+04  0.7961E-05  0.0000E+00  0.4921E-04
     1    89     1     3        0  0.1708E-02  0.1763E+01  0.0000E+00  0.9856E-10
     1    89     1     4        0  0.7184E-01  0.1193E-05  0.0000E+00  0.1399E-04
     1    90     1     1        0  0.0000E+00  0.2259E+02  0.1242E+04  0.1000E+03
     1    90     1     2        0  0.7499E+04  0.2323E-04  0.0000E+00  0.4008E-04
     1    90     1     3        0  0.1660E-02  0.9884E+01  0.0000E+00  0.9769E-10
     1    90     1     4        0  0.1150E+01  0.2416E-04  0.0000E+00  0.3164E-03
     1    90     1     5        0  0.2409E-01  0.3327E-01  0.0000E+00  0.1334E-09
     1    91     1     1        0  0.0000E+00  0.4571E+02  0.2309E+04  0.1000E+03
     1    91     1     2        0  0.1517E+05  0.1165E-03  0.2229E-01  0.1062E-02
     1    91     1     3        0  0.1509E+00  0.3061E+02  0.0000E+00  0.6860E-10
     1    91     1     4        0  0.3483E+01  0.2857E-03  0.0000E+00  0.6249E-03
     1    91     1     5        0  0.8812E-01  0.1053E+00  0.0000E+00  0.5889E-08
     1    92     1     1        0  0.0000E+00  0.8341E+02  0.2135E+04  0.1000E+03
     1    92     1     2        0  0.1375E+05  0.8883E-04  0.0000E+00  0.1627E-03
     1    92     1     3        0  0.2071E-01  0.7189E+02  0.0000E+00  0.4401E-10
     1    92     1     4        0  0.2963E+01  0.1164E-03  0.0000E+00  0.6562E-03
     1    92     1     5        0  0.7508E-01  0.2509E+00  0.0000E+00  0.9231E-09
     1    93     1     1        0  0.0000E+00  0.8590E+02  0.8167E+03  0.1000E+03
     1    93     1     2        0  0.4271E+04  0.1706E-03  0.0000E+00  0.1021E-02
     1    93     1     3        0  0.5714E-01  0.8080E+02  0.0000E+00  0.9364E-10
     1    93     1     4        0  0.5176E+00  0.5424E-03  0.0000E+00  0.1561E-03
     1    93     1     5        0  0.9701E-02  0.2783E+00  0.0000E+00  0.2139E-08
     1    94     1     1        0  0.0000E+00  0.4697E+02  0.6758E+03  0.1000E+03
     1    94     1     2        0  0.3207E+04  0.6331E-04  0.0000E+00  0.6671E-03
     1    94     1     3        0  0.4262E-01  0.8354E+02  0.0000E+00  0.7594E-10
     1    94     1     4        0  0.4123E+00  0.6752E-03  0.0000E+00  0.1145E-03
     1    95     1     1        0  0.0000E+00  0.1000E+03  0.2054E+04  0.1000E+03
     1    95     1     2        0  0.1317E+05  0.1071E-03  0.2819E-01  0.1463E-02
     1    95     1     3        0  0.1886E+00  0.1000E+03  0.0000E+00  0.8247E-10
     1    95     1     4        0  0.2821E+01  0.1812E-02  0.0000E+00  0.5458E-03
     1    95     1     5        0  0.6865E-01  0.3484E+00  0.0000E+00  0.7197E-08
     1    96     1     1        0  0.0000E+00  0.3978E+02  0.2327E+04  0.1000E+03
     1    96     1     2        0  0.1496E+05  0.5134E-04  0.0000E+00  0.3368E-03
     1    96     1     3        0  0.4325E-01  0.6174E+02  0.0000E+00  0.1367E-09
     1    96     1     4        0  0.3528E+01  0.1965E-03  0.0000E+00  0.6919E-03
     1    96     1     5        0  0.8896E-01  0.2206E+00  0.0000E+00  0.1800E-08
     1    97     1     1        0  0.0000E+00  0.1146E+02  0.1363E+04  0.1000E+03
     1    97     1     2        0  0.8066E+04  0.1545E-04  0.0000E+00  0.1795E-02
     1    97     1     3        0  0.1256E+00  0.1416E+02  0.0000E+00  0.1245E-09
     1    97     1     4        0  0.1324E+01  0.1909E-03  0.0000E+00  0.3879E-03
     1    97     1     5        0  0.2901E-01  0.5067E-01  0.0000E+00  0.6094E-08
     1    98     1     1        0  0.0000E+00  0.3521E+01  0.4803E+03  0.1000E+03
     1    98     1     2        0  0.3130E+04  0.4706E-05  0.0000E+00  0.1281E-03
     1    98     1     3        0  0.7762E-02  0.9149E+00  0.0000E+00  0.7707E-10
     1    99     1     1        0  0.0000E+00  0.4108E+01  0.1646E+04  0.1000E+03
     1    99     1     2        0  0.1020E+05  0.1241E-04  0.0000E+00  0.9793E-03
     1    99     1     3        0  0.1011E+00  0.8635E+01  0.0000E+00  0.1119E-09
     1    99     1     4        0  0.1826E+01  0.6641E-04  0.0000E+00  0.4322E-03
     1    99     1     5        0  0.4361E-01  0.3053E-01  0.0000E+00  0.3937E-08
     1   100     1     1        0  0.0000E+00  0.1444E+02  0.2342E+04  0.1000E+03
     1   100     1     2        0  0.1499E+05  0.8439E-05  0.0000E+00  0.2979E-03
     1   100     1     3        0  0.4232E-01  0.1582E+02  0.0000E+00  0.1230E-09
     1   100     1     4        0  0.3496E+01  0.3770E-04  0.0000E+00  0.6709E-03
     1   100     1     5        0  0.9051E-01  0.5721E-01  0.0000E+00  0.1820E-08
     1   101     1     1        0  0.0000E+00  0.9334E+02  0.1783E+04  0.1000E+03
     1   101     1     2        0  0.1092E+05  0.9952E-04  0.0000E+00  0.1094E-02
     1   101     1     3        0  0.9421E-01  0.5604E+02  0.0000E+00  0.2471E-09
     1   101     1     4        0  0.2102E+01  0.4751E-03  0.0000E+00  0.5672E-03
     1   101     1     5        0  0.5142E-01  0.2043E+00  0.0000E+00  0.4881E-08
     1   102     1     1        0  0.0000E+00  0.2420E+02  0.4498E+03  0.1000E+03
     1   102     1     2        0  0.2964E+04  0.2106E-04  0.0000E+00  0.3536E-04
     1   102     1     3        0  0.1296E-02  0.3173E+01  0.0000E+00  0.1205E-09
     1   102     1     4        0  0.9535E-01  0.1402E-05  0.0000E+00  0.1378E-04
     1   103     1     1        0  0.0000E+00  0.7920E+01  0.1166E+04  0.1000E+03
     1   103     1     2        0  0.6636E+04  0.2096E-04  0.0000E+00  0.1096E-03
     1   103     1     3        0  0.9620E-02  0.4541E+01  0.0000E+00  0.1889E-09
     1   103     1     4        0  0.9740E+00  0.6501E-05  0.0000E+00  0.3067E-03
     1   103     1     5        0  0.2062E-01  0.1619E-01  0.0000E+00  0.3348E-09
     1   104     1     1        0  0.0000E+00  0.3886E+01  0.2228E+04  0.1000E+03
     1   104     1     2        0  0.1407E+05  0.6209E-05  0.2286E-01  0.1140E-02
     1   104     1     3        0  0.1497E+00  0.6908E+01  0.0000E+00  0.2103E-09
     1   104     1     4        0  0.3167E+01  0.6735E-04  0.0000E+00  0.6211E-03
     1   104     1     5        0  0.8110E-01  0.2491E-01  0.0000E+00  0.6257E-08
     1   105     1     1        0  0.0000E+00  0.1302E+02  0.2100E+04  0.1000E+03
     1   105     1     2        0  0.1300E+05  0.2140E-04  0.0000E+00  0.1477E-03
     1   105     1     3        0  0.1099E-01  0.8137E+01  0.0000E+00  0.3009E-09
     1   105     1     4        0  0.2818E+01  0.1143E-04  0.0000E+00  0.6672E-03
     1   105     1     5        0  0.7175E-01  0.2950E-01  0.0000E+00  0.5625E-09
     1   106     1     1        0  0.0000E+00  0.5265E+02  0.8505E+03  0.1000E+03
     1   106     1     2        0  0.4279E+04  0.6522E-04  0.0000E+00  0.1157E-02
     1   106     1     3        0  0.6043E-01  0.9987E+01  0.0000E+00  0.3906E-09
     1   106     1     4        0  0.5598E+00  0.1476E-03  0.0000E+00  0.1753E-03
     1   106     1     5        0  0.1034E-01  0.3566E-01  0.0000E+00  0.2572E-08
     1   107     1     1        0  0.0000E+00  0.4540E+02  0.5904E+03  0.1000E+03
     1   107     1     2        0  0.3051E+04  0.2147E-03  0.0000E+00  0.6582E-03
     1   107     1     3        0  0.3936E-01  0.5958E+01  0.0000E+00  0.1614E-09
     1   107     1     4        0  0.3041E+00  0.6669E-04  0.0000E+00  0.9167E-04
     1   108     1     1        0  0.0000E+00  0.1120E+02  0.1949E+04  0.1000E+03
     1   108     1     2        0  0.1204E+05  0.8110E-04  0.2710E-01  0.1477E-02
     1   108     1     3        0  0.1756E+00  0.6767E+01  0.0000E+00  0.2562E-09
     1   108     1     4        0  0.2444E+01  0.9742E-04  0.0000E+00  0.5369E-03
     1   108     1     5        0  0.6172E-01  0.2476E-01  0.0000E+00  0.7153E-08
     1   109     1     1        0  0.0000E+00  0.3828E+01  0.2253E+04  0.1000E+03
     1   109     1     2        0  0.1401E+05  0.1108E-04  0.0000E+00  0.3484E-03
     1   109     1     3        0  0.4246E-01  0.6167E+01  0.0000E+00  0.2930E-09
     1   109     1     4        0  0.3159E+01  0.3203E-04  0.0000E+00  0.6919E-03
     1   109     1     5        0  0.8334E-01  0.2316E-01  0.0000E+00  0.1867E-08
     1   110     1     1        0  0.0000E+00  0.1250E+02  0.1351E+04  0.1000E+03
     1   110     1     2        0  0.7699E+04  0.3187E-04  0.0000E+00  0.1834E-02
     1   110     1     3        0  0.1206E+00  0.4504E+01  0.0000E+00  0.3374E-09
     1   110     1     4        0  0.1204E+01  0.5679E-04  0.0000E+00  0.4085E-03
     1   110     1     5        0  0.2857E-01  0.1688E-01  0.0000E+00  0.6362E-08
     1   111     1     1        0  0.0000E+00  0.4197E+02  0.4912E+03  0.1000E+03
     1   111     1     2        0  0.3107E+04  0.1583E-03  0.0000E+00  0.7299E-04
     1   111     1     3        0  0.4842E-02  0.1310E+01  0.0000E+00  0.7795E-10
     1   111     1     4        0  0.1929E-01  0.8310E-05  0.0000E+00  0.1228E-04
     1   112     1     1        0  0.0000E+00  0.9566E+02  0.1570E+04  0.1000E+03
     1   112     1     2        0  0.9316E+04  0.1930E-03  0.0000E+00  0.9058E-03
     1   112     1     3        0  0.8656E-01  0.2694E+02  0.0000E+00  0.1165E-09
     1   112     1     4        0  0.1705E+01  0.3002E-03  0.0000E+00  0.4224E-03
     1   112     1     5        0  0.3891E-01  0.9888E-01  0.0000E+00  0.3565E-08
     1   113     1     1        0  0.0000E+00  0.1596E+02  0.2280E+04  0.1000E+03
     1   113     1     2        0  0.1410E+05  0.1398E-04  0.0000E+00  0.3698E-03
     1   113     1     3        0  0.4910E-01  0.1014E+02  0.0000E+00  0.1611E-09
     1   113     1     4        0  0.3305E+01  0.3199E-04  0.0000E+00  0.6688E-03
     1   113     1     5        0  0.8483E-01  0.3818E-01  0.0000E+00  0.2242E-08
     1   114     1     1        0  0.0000E+00  0.4250E+01  0.1774E+04  0.1000E+03
     1   114     1     2        0  0.1047E+05  0.1307E-04  0.0000E+00  0.9821E-03
     1   114     1     3        0  0.8181E-01  0.6000E+01  0.0000E+00  0.2490E-09
     1   114     1     4        0  0.2024E+01  0.2575E-04  0.0000E+00  0.5802E-03
     1   114     1     5        0  0.5028E-01  0.2277E-01  0.0000E+00  0.4475E-08
     1   115     1     1        0  0.0000E+00  0.1283E+02  0.4629E+03  0.1000E+03
     1   115     1     2        0  0.2966E+04  0.1981E-04  0.0000E+00  0.9775E-04
     1   115     1     3        0  0.3840E-02  0.1470E+01  0.0000E+00  0.1416E-09
     1   115     1     4        0  0.1041E+00  0.1574E-05  0.0000E+00  0.2173E-04
     1   116     1     1        0  0.0000E+00  0.3696E+02  0.1075E+04  0.1000E+03
     1   116     1     2        0  0.5809E+04  0.3636E-04  0.0000E+00  0.2067E-03
     1   116     1     3        0  0.1641E-01  0.8665E+01  0.0000E+00  0.1245E-09
     1   116     1     4        0  0.8831E+00  0.1635E-04  0.0000E+00  0.2945E-03
     1   116     1     5        0  0.1737E-01  0.3149E-01  0.0000E+00  0.6970E-09
     1   117     1     1        0  0.0000E+00  0.1000E+03  0.2137E+04  0.1000E+03
     1   117     1     2        0  0.1308E+05  0.3061E-03  0.2376E-01  0.1221E-02
     1   117     1     3        0  0.1513E+00  0.4455E+02  0.0000E+00  0.8678E-10
     1   117     1     4        0  0.2976E+01  0.4580E-03  0.0000E+00  0.6148E-03
     1   117     1     5        0  0.7458E-01  0.1654E+00  0.0000E+00  0.6612E-08
     1   118     1     1        0  0.0000E+00  0.2666E+02  0.2051E+04  0.1000E+03
     1   118     1     2        0  0.1234E+05  0.4980E-05  0.0000E+00  0.1642E-03
     1   118     1     3        0  0.1141E-01  0.1890E+02  0.0000E+00  0.6432E-10
     1   118     1     4        0  0.2692E+01  0.2009E-04  0.0000E+00  0.6760E-03
     1   118     1     5        0  0.6850E-01  0.7165E-01  0.0000E+00  0.5794E-09
     1   119     1     1        0  0.0000E+00  0.5451E+01  0.8629E+03  0.1000E+03
     1   119     1     2        0  0.4223E+04  0.1628E-04  0.0000E+00  0.1312E-02
     1   119     1     3        0  0.6514E-01  0.5878E+01  0.0000E+00  0.1299E-09
     1   119     1     4        0  0.5419E+00  0.8062E-04  0.0000E+00  0.1923E-03
     1   119     1     5        0  0.1073E-01  0.2222E-01  0.0000E+00  0.3043E-08
     1   120     1     1        0  0.0000E+00  0.1547E+02  0.5345E+03  0.1000E+03
     1   120     1     2        0  0.3035E+04  0.1071E-03  0.0000E+00  0.6329E-03
     1   120     1     3        0  0.3684E-01  0.5046E+01  0.0000E+00  0.8562E-10
     1   120     1     4        0  0.2932E+00  0.3456E-04  0.0000E+00  0.7425E-04
     1   121     1     1        0  0.0000E+00  0.3403E+02  0.1878E+04  0.1000E+03
     1   121     1     2        0  0.1123E+05  0.6510E-04  0.2619E-01  0.1488E-02
     1   121     1     3        0  0.1655E+00  0.2141E+02  0.0000E+00  0.7112E-10
     1   121     1     4        0  0.2404E+01  0.2449E-03  0.0000E+00  0.5294E-03
     1   121     1     5        0  0.5672E-01  0.8118E-01  0.0000E+00  0.7120E-08
     1   122     1     1        0  0.0000E+00  0.5677E+02  0.2212E+04  0.1000E+03
     1   122     1     2        0  0.1336E+05  0.2064E-03  0.0000E+00  0.3338E-03
     1   122     1     3        0  0.4055E-01  0.4757E+02  0.0000E+00  0.6325E-10
     1   122     1     4        0  0.3194E+01  0.2120E-03  0.0000E+00  0.6928E-03
     1   122     1     5        0  0.7967E-01  0.1840E+00  0.0000E+00  0.1899E-08
     1   123     1     1        0  0.0000E+00  0.5269E+02  0.1366E+04  0.1000E+03
     1   123     1     2        0  0.7555E+04  0.1134E-03  0.1886E-01  0.1851E-02
     1   123     1     3        0  0.1189E+00  0.5537E+02  0.0000E+00  0.6623E-10
     1   123     1     4        0  0.1301E+01  0.6529E-03  0.0000E+00  0.4291E-03
     1   123     1     5        0  0.2888E-01  0.2141E+00  0.0000E+00  0.6582E-08
     1   124     1     1        0  0.0000E+00  0.1055E+02  0.4820E+03  0.1000E+03
     1   124     1     2        0  0.2978E+04  0.3598E-04  0.0000E+00  0.6625E-04
     1   124     1     3        0  0.4383E-02  0.3405E+01  0.0000E+00  0.5855E-10
     1   124     1     4        0  0.5254E-02  0.2493E-04  0.0000E+00  0.1225E-04
     1   125     1     1        0  0.0000E+00  0.3504E+02  0.1481E+04  0.1000E+03
     1   125     1     2        0  0.8501E+04  0.3228E-04  0.0000E+00  0.8343E-03
     1   125     1     3        0  0.7213E-01  0.6577E+02  0.0000E+00  0.5853E-10
     1   125     1     4        0  0.1532E+01  0.6546E-03  0.0000E+00  0.4105E-03
     1   125     1     5        0  0.3466E-01  0.2491E+00  0.0000E+00  0.3208E-08
     1   126     1     1        0  0.0000E+00  0.9158E+02  0.2207E+04  0.1000E+03
     1   126     1     2        0  0.1331E+05  0.8178E-04  0.0000E+00  0.4434E-03
     1   126     1     3        0  0.5475E-01  0.1000E+03  0.0000E+00  0.9885E-10
     1   126     1     4        0  0.3163E+01  0.3975E-03  0.0000E+00  0.6647E-03
     1   126     1     5        0  0.7975E-01  0.3868E+00  0.0000E+00  0.2646E-08
     1   127     1     1        0  0.0000E+00  0.2006E+02  0.1749E+04  0.1000E+03
     1   127     1     2        0  0.1007E+05  0.7464E-04  0.0000E+00  0.8736E-03
     1   127     1     3        0  0.7058E-01  0.2843E+02  0.0000E+00  0.2261E-09
     1   127     1     4        0  0.2043E+01  0.1701E-03  0.0000E+00  0.5915E-03
     1   127     1     5        0  0.4914E-01  0.1107E+00  0.0000E+00  0.4061E-08
     1   128     1     1        0  0.0000E+00  0.7200E+01  0.4561E+03  0.1000E+03
     1   128     1     2        0  0.2859E+04  0.5657E-04  0.0000E+00  0.1842E-03
     1   128     1     3        0  0.6659E-02  0.3551E+01  0.0000E+00  0.1175E-09
     1   128     1     4        0  0.1366E+00  0.1047E-04  0.0000E+00  0.2822E-04
     1   129     1     1        0  0.0000E+00  0.2571E+01  0.1014E+04  0.1000E+03
     1   129     1     2        0  0.5228E+04  0.5604E-05  0.0000E+00  0.3266E-03
     1   129     1     3        0  0.2264E-01  0.5742E+01  0.0000E+00  0.1167E-09
     1   129     1     4        0  0.7655E+00  0.9045E-05  0.0000E+00  0.2842E-03
     1   129     1     5        0  0.1509E-01  0.2172E-01  0.0000E+00  0.9603E-09
     1   130     1     1        0  0.0000E+00  0.8366E+01  0.2078E+04  0.1000E+03
     1   130     1     2        0  0.1238E+05  0.2868E-04  0.2429E-01  0.1297E-02
     1   130     1     3        0  0.1514E+00  0.1173E+02  0.0000E+00  0.1471E-09
     1   130     1     4        0  0.2808E+01  0.1104E-03  0.0000E+00  0.6099E-03
     1   130     1     5        0  0.7008E-01  0.4491E-01  0.0000E+00  0.6971E-08
     1   131     1     1        0  0.0000E+00  0.2898E+02  0.2031E+04  0.1000E+03
     1   131     1     2        0  0.1192E+05  0.2369E-03  0.0000E+00  0.2744E-03
     1   131     1     3        0  0.2133E-01  0.2223E+02  0.0000E+00  0.3463E-09
     1   131     1     4        0  0.2683E+01  0.7114E-04  0.0000E+00  0.6849E-03
     1   131     1     5        0  0.6680E-01  0.8626E-01  0.0000E+00  0.1213E-08
     1   132     1     1        0  0.0000E+00  0.6303E+02  0.8974E+03  0.1000E+03
     1   132     1     2        0  0.4320E+04  0.1598E-03  0.0000E+00  0.1453E-02
     1   132     1     3        0  0.6955E-01  0.2028E+02  0.0000E+00  0.3618E-09
     1   132     1     4        0  0.6273E+00  0.2076E-03  0.0000E+00  0.2167E-03
     1   132     1     5        0  0.1155E-01  0.7812E-01  0.0000E+00  0.3538E-08
     1   133     1     1        0  0.0000E+00  0.1371E+02  0.4762E+03  0.1000E+03
     1   133     1     2        0  0.2918E+04  0.2010E-04  0.0000E+00  0.6132E-03
     1   133     1     3        0  0.3419E-01  0.2631E+01  0.0000E+00  0.9762E-10
     1   133     1     4        0  0.1979E+00  0.2004E-04  0.0000E+00  0.5684E-04
     1   134     1     1        0  0.0000E+00  0.3751E+01  0.1796E+04  0.1000E+03
     1   134     1     2        0  0.1047E+05  0.7659E-05  0.2524E-01  0.1501E-02
     1   134     1     3        0  0.1562E+00  0.6034E+01  0.0000E+00  0.2222E-09
     1   134     1     4        0  0.2095E+01  0.6511E-04  0.0000E+00  0.5197E-03
     1   134     1     5        0  0.5203E-01  0.2353E-01  0.0000E+00  0.7063E-08
     1   135     1     1        0  0.0000E+00  0.7939E+01  0.2158E+04  0.1000E+03
     1   135     1     2        0  0.1276E+05  0.3505E-04  0.0000E+00  0.3715E-03
     1   135     1     3        0  0.4171E-01  0.7336E+01  0.0000E+00  0.2082E-09
     1   135     1     4        0  0.2931E+01  0.4253E-04  0.0000E+00  0.6917E-03
     1   135     1     5        0  0.7618E-01  0.2908E-01  0.0000E+00  0.1974E-08
     1   136     1     1        0  0.0000E+00  0.2365E+02  0.1363E+04  0.1000E+03
     1   136     1     2        0  0.7379E+04  0.1361E-03  0.1875E-01  0.1878E-02
     1   136     1     3        0  0.1158E+00  0.7943E+01  0.0000E+00  0.3150E-09
     1   136     1     4        0  0.1247E+01  0.8262E-04  0.0000E+00  0.4480E-03
     1   136     1     5        0  0.2900E-01  0.3138E-01  0.0000E+00  0.6878E-08
     1   137     1     1        0  0.0000E+00  0.1000E+03  0.4885E+03  0.1000E+03
     1   137     1     2        0  0.2959E+04  0.1152E-03  0.0000E+00  0.6331E-04
     1   137     1     3        0  0.4163E-02  0.7731E+00  0.0000E+00  0.6334E-10
     1   138     1     1        0  0.0000E+00  0.2114E+02  0.1420E+04  0.1000E+03
     1   138     1     2        0  0.7899E+04  0.1965E-04  0.0000E+00  0.7598E-03
     1   138     1     3        0  0.6156E-01  0.7342E+01  0.0000E+00  0.1725E-09
     1   138     1     4        0  0.1389E+01  0.2722E-04  0.0000E+00  0.3999E-03
     1   138     1     5        0  0.3142E-01  0.2851E-01  0.0000E+00  0.2831E-08
     1   139     1     1        0  0.0000E+00  0.4736E+01  0.2162E+04  0.1000E+03
     1   139     1     2        0  0.1274E+05  0.4092E-05  0.0000E+00  0.5214E-03
     1   139     1     3        0  0.6085E-01  0.6739E+01  0.0000E+00  0.2761E-09
     1   139     1     4        0  0.2961E+01  0.1895E-04  0.0000E+00  0.6616E-03
     1   139     1     5        0  0.7608E-01  0.2666E-01  0.0000E+00  0.3056E-08
     1   140     1     1        0  0.0000E+00  0.7628E+01  0.1749E+04  0.1000E+03
     1   140     1     2        0  0.9861E+04  0.2839E-04  0.0000E+00  0.7617E-03
     1   140     1     3        0  0.6082E-01  0.5423E+01  0.0000E+00  0.3317E-09
     1   140     1     4        0  0.1965E+01  0.4467E-04  0.0000E+00  0.6027E-03
     1   140     1     5        0  0.4886E-01  0.2146E-01  0.0000E+00  0.3625E-08
     1   141     1     1        0  0.0000E+00  0.2280E+02  0.4639E+03  0.1000E+03
     1   141     1     2        0  0.2851E+04  0.2447E-04  0.0000E+00  0.2932E-03
     1   141     1     3        0  0.9989E-02  0.2224E+01  0.0000E+00  0.2402E-09
     1   141     1     4        0  0.1495E+00  0.4669E-05  0.0000E+00  0.4056E-04
     1   142     1     1        0  0.0000E+00  0.1000E+03  0.9372E+03  0.1000E+03
     1   142     1     2        0  0.4626E+04  0.5079E-03  0.0000E+00  0.4452E-03
     1   142     1     3        0  0.2680E-01  0.1806E+02  0.0000E+00  0.3109E-09
     1   142     1     4        0  0.6786E+00  0.5051E-04  0.0000E+00  0.2714E-03
     1   142     1     5        0  0.1280E-01  0.6874E-01  0.0000E+00  0.1243E-08
     1   143     1     1        0  0.0000E+00  0.3158E+02  0.2007E+04  0.1000E+03
     1   143     1     2        0  0.1170E+05  0.7099E-04  0.2520E-01  0.1374E-02
     1   143     1     3        0  0.1540E+00  0.1410E+02  0.0000E+00  0.1002E-09
     1   143     1     4        0  0.2607E+01  0.1748E-03  0.0000E+00  0.6028E-03
     1   143     1     5        0  0.6551E-01  0.5515E-01  0.0000E+00  0.7309E-08
     1   144     1     1        0  0.0000E+00  0.6502E+01  0.1997E+04  0.1000E+03
     1   144     1     2        0  0.1150E+05  0.1117E-04  0.0000E+00  0.3034E-03
     1   144     1     3        0  0.2841E-01  0.7849E+01  0.0000E+00  0.2141E-09
     1   144     1     4        0  0.2521E+01  0.7014E-05  0.0000E+00  0.6883E-03
     1   144     1     5        0  0.6485E-01  0.3147E-01  0.0000E+00  0.1476E-08
     1   145     1     1        0  0.0000E+00  0.7483E+01  0.9134E+03  0.1000E+03
     1   145     1     2        0  0.4345E+04  0.1487E-04  0.0000E+00  0.1612E-02
     1   145     1     3        0  0.7456E-01  0.3553E+01  0.0000E+00  0.2118E-09
     1   145     1     4        0  0.5847E+00  0.5049E-04  0.0000E+00  0.2396E-03
     1   145     1     5        0  0.1214E-01  0.1420E-01  0.0000E+00  0.4128E-08
     1   146     1     1        0  0.0000E+00  0.2279E+02  0.4821E+03  0.1000E+03
     1   146     1     2        0  0.2902E+04  0.1617E-04  0.0000E+00  0.5781E-03
     1   146     1     3        0  0.3138E-01  0.3207E+01  0.0000E+00  0.1168E-09
     1   146     1     4        0  0.2015E+00  0.2239E-04  0.0000E+00  0.4374E-04
     1   147     1     1        0  0.0000E+00  0.7966E+02  0.1739E+04  0.1000E+03
     1   147     1     2        0  0.9897E+04  0.4656E-04  0.2466E-01  0.1508E-02
     1   147     1     3        0  0.1499E+00  0.3006E+02  0.0000E+00  0.1314E-09
     1   147     1     4        0  0.2079E+01  0.3623E-03  0.0000E+00  0.5112E-03
     1   147     1     5        0  0.4841E-01  0.1189E+00  0.0000E+00  0.6957E-08
     1   148     1     1        0  0.0000E+00  0.6767E+02  0.2129E+04  0.1000E+03
     1   148     1     2        0  0.1234E+05  0.2734E-03  0.0000E+00  0.3418E-03
     1   148     1     3        0  0.3933E-01  0.3997E+02  0.0000E+00  0.8807E-10
     1   148     1     4        0  0.2944E+01  0.2930E-04  0.0000E+00  0.6914E-03
     1   148     1     5        0  0.7379E-01  0.1612E+00  0.0000E+00  0.1975E-08
     1   149     1     1        0  0.0000E+00  0.1097E+02  0.1382E+04  0.1000E+03
     1   149     1     2        0  0.7346E+04  0.9795E-05  0.1904E-01  0.1886E-02
     1   149     1     3        0  0.1156E+00  0.1191E+02  0.0000E+00  0.1017E-09
     1   149     1     4        0  0.1295E+01  0.1191E-03  0.0000E+00  0.4669E-03
     1   149     1     5        0  0.2964E-01  0.4815E-01  0.0000E+00  0.7072E-08
     1   150     1     1        0  0.0000E+00  0.8609E+01  0.4649E+03  0.1000E+03
     1   150     1     2        0  0.2810E+04  0.1369E-04  0.0000E+00  0.6553E-04
     1   150     1     3        0  0.4376E-02  0.1929E+00  0.0000E+00  0.6518E-10
     1   151     1     1        0  0.0000E+00  0.2609E+02  0.1345E+04  0.1000E+03
     1   151     1     2        0  0.7295E+04  0.5389E-04  0.0000E+00  0.6986E-03
     1   151     1     3        0  0.5212E-01  0.1503E+02  0.0000E+00  0.8225E-10
     1   151     1     4        0  0.1310E+01  0.9819E-04  0.0000E+00  0.3878E-03
     1   151     1     5        0  0.2827E-01  0.5899E-01  0.0000E+00  0.2531E-08
     1   152     1     1        0  0.0000E+00  0.4531E+02  0.2105E+04  0.1000E+03
     1   152     1     2        0  0.1219E+05  0.4910E-04  0.0000E+00  0.5765E-03
     1   152     1     3        0  0.6403E-01  0.3719E+02  0.0000E+00  0.4082E-10
     1   152     1     4        0  0.2914E+01  0.8440E-04  0.0000E+00  0.6569E-03
     1   152     1     5        0  0.7243E-01  0.1486E+00  0.0000E+00  0.3356E-08
     1   153     1     1        0  0.0000E+00  0.4673E+02  0.1735E+04  0.1000E+03
     1   153     1     2        0  0.9634E+04  0.9863E-04  0.0000E+00  0.6805E-03
     1   153     1     3        0  0.5351E-01  0.4931E+02  0.0000E+00  0.7817E-10
     1   153     1     4        0  0.2004E+01  0.1828E-03  0.0000E+00  0.6124E-03
     1   153     1     5        0  0.4834E-01  0.1984E+00  0.0000E+00  0.3302E-08
     1   154     1     1        0  0.0000E+00  0.1795E+02  0.4559E+03  0.1000E+03
     1   154     1     2        0  0.2759E+04  0.4024E-04  0.0000E+00  0.3937E-03
     1   154     1     3        0  0.1327E-01  0.1503E+02  0.0000E+00  0.1291E-09
     1   154     1     4        0  0.1756E+00  0.6079E-04  0.0000E+00  0.5186E-04
     1   155     1     1        0  0.0000E+00  0.1075E+02  0.8844E+03  0.1000E+03
     1   155     1     2        0  0.4187E+04  0.6072E-05  0.0000E+00  0.5335E-03
     1   155     1     3        0  0.2961E-01  0.2518E+02  0.0000E+00  0.7695E-10
     1   155     1     4        0  0.6219E+00  0.1141E-03  0.0000E+00  0.2607E-03
     1   155     1     5        0  0.1114E-01  0.9879E-01  0.0000E+00  0.1366E-08
     1   156     1     1        0  0.0000E+00  0.4197E+02  0.1959E+04  0.1000E+03
     1   156     1     2        0  0.1121E+05  0.2753E-04  0.2516E-01  0.1415E-02
     1   156     1     3        0  0.1515E+00  0.7312E+02  0.0000E+00  0.6748E-10
     1   156     1     4        0  0.2563E+01  0.6652E-03  0.0000E+00  0.5970E-03
     1   156     1     5        0  0.6225E-01  0.2921E+00  0.0000E+00  0.7443E-08
     1   157     1     1        0  0.0000E+00  0.4823E+02  0.1986E+04  0.1000E+03
     1   157     1     2        0  0.1125E+05  0.2080E-03  0.0000E+00  0.3520E-03
     1   157     1     3        0  0.3270E-01  0.7677E+02  0.0000E+00  0.1553E-09
     1   157     1     4        0  0.2608E+01  0.3054E-03  0.0000E+00  0.6908E-03
     1   157     1     5        0  0.6394E-01  0.3119E+00  0.0000E+00  0.1769E-08
     1   158     1     1        0  0.0000E+00  0.1258E+02  0.9479E+03  0.1000E+03
     1   158     1     2        0  0.4483E+04  0.2674E-04  0.0000E+00  0.1712E-02
     1   158     1     3        0  0.7807E-01  0.1043E+02  0.0000E+00  0.1045E-09
     1   158     1     4        0  0.6931E+00  0.1104E-03  0.0000E+00  0.2652E-03
     1   158     1     5        0  0.1307E-01  0.4206E-01  0.0000E+00  0.4559E-08
     1   159     1     1        0  0.0000E+00  0.4464E+01  0.4730E+03  0.1000E+03
     1   159     1     2        0  0.2806E+04  0.1374E-04  0.0000E+00  0.5298E-03
     1   159     1     3        0  0.2801E-01  0.2471E+01  0.0000E+00  0.7892E-10
     1   159     1     4        0  0.1309E+00  0.3536E-04  0.0000E+00  0.3102E-04
     1   160     1     1        0  0.0000E+00  0.4309E+01  0.1671E+04  0.1000E+03
     1   160     1     2        0  0.9334E+04  0.7439E-05  0.2318E-01  0.1483E-02
     1   160     1     3        0  0.1389E+00  0.8568E+01  0.0000E+00  0.1083E-09
     1   160     1     4        0  0.1862E+01  0.1051E-03  0.0000E+00  0.5010E-03
     1   160     1     5        0  0.4490E-01  0.3444E-01  0.0000E+00  0.6748E-08
     1   161     1     1        0  0.0000E+00  0.1497E+02  0.2088E+04  0.1000E+03
     1   161     1     2        0  0.1193E+05  0.3319E-04  0.0000E+00  0.3477E-03
     1   161     1     3        0  0.3685E-01  0.1414E+02  0.0000E+00  0.3003E-09
     1   161     1     4        0  0.2806E+01  0.1328E-04  0.0000E+00  0.6895E-03
     1   161     1     5        0  0.7141E-01  0.5774E-01  0.0000E+00  0.1828E-08
     1   162     1     1        0  0.0000E+00  0.9979E+02  0.1385E+04  0.1000E+03
     1   162     1     2        0  0.7273E+04  0.3089E-03  0.1855E-01  0.1858E-02
     1   162     1     3        0  0.1110E+00  0.4690E+02  0.0000E+00  0.2403E-09
     1   162     1     4        0  0.1317E+01  0.6490E-03  0.0000E+00  0.4845E-03
     1   162     1     5        0  0.3007E-01  0.1916E+00  0.0000E+00  0.7127E-08
     1   163     1     1        0  0.0000E+00  0.2557E+02  0.4548E+03  0.1000E+03
     1   163     1     2        0  0.2724E+04  0.6661E-04  0.0000E+00  0.6540E-04
     1   163     1     3        0  0.3983E-02  0.6688E+00  0.0000E+00  0.6048E-10
     1   164     1     1        0  0.0000E+00  0.7973E+01  0.1293E+04  0.1000E+03
     1   164     1     2        0  0.6840E+04  0.4272E-04  0.0000E+00  0.6409E-03
     1   164     1     3        0  0.4449E-01  0.5232E+01  0.0000E+00  0.2273E-09
     1   164     1     4        0  0.1163E+01  0.3002E-04  0.0000E+00  0.3783E-03
     1   164     1     5        0  0.2584E-01  0.2093E-01  0.0000E+00  0.2263E-08
     1   165     1     1        0  0.0000E+00  0.4305E+01  0.2070E+04  0.1000E+03
     1   165     1     2        0  0.1179E+05  0.1007E-04  0.0000E+00  0.6107E-03
     1   165     1     3        0  0.6542E-01  0.6872E+01  0.0000E+00  0.2264E-09
     1   165     1     4        0  0.2742E+01  0.4439E-04  0.0000E+00  0.6540E-03
     1   165     1     5        0  0.6985E-01  0.2779E-01  0.0000E+00  0.3531E-08
     1   166     1     1        0  0.0000E+00  0.1378E+02  0.1740E+04  0.1000E+03
     1   166     1     2        0  0.9529E+04  0.3844E-04  0.0000E+00  0.6476E-03
     1   166     1     3        0  0.5057E-01  0.7410E+01  0.0000E+00  0.4788E-09
     1   166     1     4        0  0.1972E+01  0.1966E-04  0.0000E+00  0.6224E-03
     1   166     1     5        0  0.4853E-01  0.2997E-01  0.0000E+00  0.3205E-08
     1   167     1     1        0  0.0000E+00  0.5805E+02  0.4692E+03  0.1000E+03
     1   167     1     2        0  0.2752E+04  0.1270E-03  0.0000E+00  0.4533E-03
     1   167     1     3        0  0.1499E-01  0.6959E+01  0.0000E+00  0.2449E-09
     1   167     1     4        0  0.2080E+00  0.1992E-04  0.0000E+00  0.6711E-04
     1   168     1     1        0  0.0000E+00  0.4473E+02  0.8172E+03  0.1000E+03
     1   168     1     2        0  0.3709E+04  0.2326E-04  0.0000E+00  0.5620E-03
     1   168     1     3        0  0.2798E-01  0.8306E+01  0.0000E+00  0.2020E-09
     1   168     1     4        0  0.5183E+00  0.4571E-04  0.0000E+00  0.2437E-03
     1   168     1     5        0  0.9427E-02  0.3291E-01  0.0000E+00  0.1399E-08
     1   169     1     1        0  0.0000E+00  0.1093E+02  0.1900E+04  0.1000E+03
     1   169     1     2        0  0.1070E+05  0.1437E-04  0.2409E-01  0.1388E-02
     1   169     1     3        0  0.1430E+00  0.7281E+01  0.0000E+00  0.2163E-09
     1   169     1     4        0  0.2331E+01  0.1041E-03  0.0000E+00  0.5893E-03
     1   169     1     5        0  0.5879E-01  0.2960E-01  0.0000E+00  0.7223E-08
     1   170     1     1        0  0.0000E+00  0.4202E+01  0.1961E+04  0.1000E+03
     1   170     1     2        0  0.1097E+05  0.1389E-04  0.0000E+00  0.3221E-03
     1   170     1     3        0  0.2851E-01  0.6070E+01  0.0000E+00  0.3020E-09
     1   170     1     4        0  0.2428E+01  0.7251E-05  0.0000E+00  0.6918E-03
     1   170     1     5        0  0.6271E-01  0.2514E-01  0.0000E+00  0.1567E-08
     1   171     1     1        0  0.0000E+00  0.1348E+02  0.9663E+03  0.1000E+03
     1   171     1     2        0  0.4551E+04  0.3172E-04  0.0000E+00  0.1728E-02
     1   171     1     3        0  0.7668E-01  0.3774E+01  0.0000E+00  0.4504E-09
     1   171     1     4        0  0.6513E+00  0.4184E-04  0.0000E+00  0.2890E-03
     1   171     1     5        0  0.1380E-01  0.1549E-01  0.0000E+00  0.4793E-08
     1   172     1     1        0  0.0000E+00  0.4567E+02  0.4773E+03  0.1000E+03
     1   172     1     2        0  0.2795E+04  0.1047E-03  0.0000E+00  0.4410E-03
     1   172     1     3        0  0.2274E-01  0.3926E+01  0.0000E+00  0.8458E-10
     1   172     1     4        0  0.1268E+00  0.3057E-04  0.0000E+00  0.2164E-04
     1   173     1     1        0  0.0000E+00  0.9027E+02  0.1623E+04  0.1000E+03
     1   173     1     2        0  0.8898E+04  0.6950E-04  0.2093E-01  0.1373E-02
     1   173     1     3        0  0.1237E+00  0.2970E+02  0.0000E+00  0.1795E-09
     1   173     1     4        0  0.1806E+01  0.3967E-03  0.0000E+00  0.4918E-03
     1   173     1     5        0  0.4207E-01  0.1204E+00  0.0000E+00  0.6127E-08
     1   174     1     1        0  0.0000E+00  0.1552E+02  0.2067E+04  0.1000E+03
     1   174     1     2        0  0.1164E+05  0.5902E-04  0.0000E+00  0.2173E-03
     1   174     1     3        0  0.2164E-01  0.1072E+02  0.0000E+00  0.1638E-09
     1   174     1     4        0  0.2749E+01  0.1971E-04  0.0000E+00  0.6884E-03
     1   174     1     5        0  0.6973E-01  0.4441E-01  0.0000E+00  0.1071E-08
     1   175     1     1        0  0.0000E+00  0.4259E+01  0.1405E+04  0.1000E+03
     1   175     1     2        0  0.7297E+04  0.1356E-04  0.0000E+00  0.1707E-02
     1   175     1     3        0  0.1018E+00  0.5736E+01  0.0000E+00  0.2301E-09
     1   175     1     4        0  0.1312E+01  0.8199E-04  0.0000E+00  0.5023E-03
     1   175     1     5        0  0.3089E-01  0.2380E-01  0.0000E+00  0.6717E-08
     1   176     1     1        0  0.0000E+00  0.1428E+02  0.4594E+03  0.1000E+03
     1   176     1     2        0  0.2718E+04  0.4778E-04  0.0000E+00  0.6039E-04
     1   176     1     3        0  0.3345E-02  0.2761E+00  0.0000E+00  0.7191E-10
     1   177     1     1        0  0.0000E+00  0.3987E+02  0.1228E+04  0.1000E+03
     1   177     1     2        0  0.6353E+04  0.4453E-04  0.0000E+00  0.5047E-03
     1   177     1     3        0  0.3223E-01  0.1212E+02  0.0000E+00  0.1872E-09
     1   177     1     4        0  0.1115E+01  0.5980E-04  0.0000E+00  0.3670E-03
     1   177     1     5        0  0.2332E-01  0.4835E-01  0.0000E+00  0.1735E-08
     1   178     1     1        0  0.0000E+00  0.1000E+03  0.2023E+04  0.1000E+03
     1   178     1     2        0  0.1137E+05  0.1030E-03  0.0000E+00  0.7224E-03
     1   178     1     3        0  0.7414E-01  0.5116E+02  0.0000E+00  0.5467E-10
     1   178     1     4        0  0.2694E+01  0.1726E-03  0.0000E+00  0.6492E-03
     1   178     1     5        0  0.6699E-01  0.2081E+00  0.0000E+00  0.4115E-08
     1   179     1     1        0  0.0000E+00  0.2792E+02  0.1731E+04  0.1000E+03
     1   179     1     2        0  0.9386E+04  0.6063E-04  0.0000E+00  0.5199E-03
     1   179     1     3        0  0.4081E-01  0.2184E+02  0.0000E+00  0.6942E-10
     1   179     1     4        0  0.1970E+01  0.4536E-04  0.0000E+00  0.6312E-03
     1   179     1     5        0  0.4835E-01  0.9000E-01  0.0000E+00  0.2651E-08
     1   180     1     1        0  0.0000E+00  0.5399E+01  0.5001E+03  0.1000E+03
     1   180     1     2        0  0.2674E+04  0.7855E-05  0.0000E+00  0.5857E-03
     1   180     1     3        0  0.1954E-01  0.5149E+01  0.0000E+00  0.1003E-09
     1   180     1     4        0  0.2155E+00  0.2364E-04  0.0000E+00  0.8055E-04
     1   181     1     1        0  0.0000E+00  0.1898E+02  0.7694E+03  0.1000E+03
     1   181     1     2        0  0.3344E+04  0.4580E-04  0.0000E+00  0.6107E-03
     1   181     1     3        0  0.3012E-01  0.9481E+01  0.0000E+00  0.8162E-10
     1   181     1     4        0  0.5071E+00  0.8651E-04  0.0000E+00  0.2140E-03
     1   181     1     5        0  0.8138E-02  0.3826E-01  0.0000E+00  0.1460E-08
     1   182     1     1        0  0.0000E+00  0.3690E+02  0.1860E+04  0.1000E+03
     1   182     1     2        0  0.1033E+05  0.8056E-04  0.2417E-01  0.1424E-02
     1   182     1     3        0  0.1419E+00  0.2973E+02  0.0000E+00  0.4333E-10
     1   182     1     4        0  0.2358E+01  0.3578E-03  0.0000E+00  0.5828E-03
     1   182     1     5        0  0.5616E-01  0.1221E+00  0.0000E+00  0.7343E-08
     1   183     1     1        0  0.0000E+00  0.4214E+02  0.1954E+04  0.1000E+03
     1   183     1     2        0  0.1080E+05  0.3479E-04  0.0000E+00  0.3233E-03
     1   183     1     3        0  0.3025E-01  0.4490E+02  0.0000E+00  0.5840E-10
     1   183     1     4        0  0.2542E+01  0.7668E-04  0.0000E+00  0.6935E-03
     1   183     1     5        0  0.6217E-01  0.1873E+00  0.0000E+00  0.1725E-08
     1   184     1     1        0  0.0000E+00  0.2248E+02  0.1000E+04  0.1000E+03
     1   184     1     2        0  0.4703E+04  0.3222E-04  0.0000E+00  0.1801E-02
     1   184     1     3        0  0.7983E-01  0.2447E+02  0.0000E+00  0.1271E-09
     1   184     1     4        0  0.7486E+00  0.3315E-03  0.0000E+00  0.3148E-03
     1   184     1     5        0  0.1480E-01  0.1013E+00  0.0000E+00  0.5235E-08
     1   185     1     1        0  0.0000E+00  0.4902E+01  0.4692E+03  0.1000E+03
     1   185     1     2        0  0.2717E+04  0.1429E-04  0.0000E+00  0.3842E-03
     1   185     1     3        0  0.1944E-01  0.6587E+01  0.0000E+00  0.6348E-10
     1   185     1     4        0  0.8648E-01  0.8216E-04  0.0000E+00  0.1308E-04
     1   186     1     1        0  0.0000E+00  0.1714E+02  0.1563E+04  0.1000E+03
     1   186     1     2        0  0.8446E+04  0.3149E-04  0.1922E-01  0.1319E-02
     1   186     1     3        0  0.1124E+00  0.3194E+02  0.0000E+00  0.7549E-10
     1   186     1     4        0  0.1687E+01  0.3356E-03  0.0000E+00  0.4811E-03
     1   186     1     5        0  0.3922E-01  0.1309E+00  0.0000E+00  0.5786E-08
     1   187     1     1        0  0.0000E+00  0.5692E+02  0.2034E+04  0.1000E+03
     1   187     1     2        0  0.1133E+05  0.1371E-03  0.0000E+00  0.1977E-03
     1   187     1     3        0  0.1566E-01  0.9778E+02  0.0000E+00  0.1973E-09
     1   187     1     4        0  0.2722E+01  0.3032E-03  0.0000E+00  0.6859E-03
     1   187     1     5        0  0.6792E-01  0.4077E+00  0.0000E+00  0.8512E-09
     1   188     1     1        0  0.0000E+00  0.2485E+02  0.1412E+04  0.1000E+03
     1   188     1     2        0  0.7276E+04  0.6039E-04  0.0000E+00  0.1628E-02
     1   188     1     3        0  0.9570E-01  0.2488E+02  0.0000E+00  0.2293E-09
     1   188     1     4        0  0.1386E+01  0.2188E-03  0.0000E+00  0.5192E-03
     1   188     1     5        0  0.3148E-01  0.1038E+00  0.0000E+00  0.6541E-08
     1   189     1     1        0  0.0000E+00  0.7887E+01  0.4519E+03  0.1000E+03
     1   189     1     2        0  0.2647E+04  0.3187E-04  0.0000E+00  0.5697E-04
     1   189     1     3        0  0.2913E-02  0.1200E+01  0.0000E+00  0.7662E-10
     1   189     1     4        0  0.1418E-01  0.2619E-05  0.0000E+00  0.1094E-04
     1   190     1     1        0  0.0000E+00  0.3133E+01  0.1181E+04  0.1000E+03
     1   190     1     2        0  0.5980E+04  0.1917E-05  0.0000E+00  0.4097E-03
     1   190     1     3        0  0.2380E-01  0.6195E+01  0.0000E+00  0.1243E-09
     1   190     1     4        0  0.9998E+00  0.2951E-04  0.0000E+00  0.3571E-03
     1   190     1     5        0  0.2137E-01  0.2514E-01  0.0000E+00  0.1379E-08
     1   191     1     1        0  0.0000E+00  0.8698E+01  0.1993E+04  0.1000E+03
     1   191     1     2        0  0.1107E+05  0.1639E-04  0.0000E+00  0.7930E-03
     1   191     1     3        0  0.7908E-01  0.1073E+02  0.0000E+00  0.1980E-09
     1   191     1     4        0  0.2598E+01  0.4232E-04  0.0000E+00  0.6456E-03
     1   191     1     5        0  0.6497E-01  0.4405E-01  0.0000E+00  0.4497E-08
     1   192     1     1        0  0.0000E+00  0.2901E+02  0.1739E+04  0.1000E+03
     1   192     1     2        0  0.9341E+04  0.9689E-04  0.0000E+00  0.4416E-03
     1   192     1     3        0  0.3512E-01  0.1829E+02  0.0000E+00  0.3899E-09
     1   192     1     4        0  0.2013E+01  0.2835E-04  0.0000E+00  0.6405E-03
     1   192     1     5        0  0.4877E-01  0.7563E-01  0.0000E+00  0.2312E-08
     1   193     1     1        0  0.0000E+00  0.7092E+02  0.5448E+03  0.1000E+03
     1   193     1     2        0  0.2670E+04  0.4736E-04  0.0000E+00  0.6871E-03
     1   193     1     3        0  0.2291E-01  0.1434E+02  0.0000E+00  0.1986E-09
     1   193     1     4        0  0.2746E+00  0.9187E-04  0.0000E+00  0.9746E-04
     1   194     1     1        0  0.0000E+00  0.1449E+02  0.7082E+03  0.1000E+03
     1   194     1     2        0  0.2939E+04  0.4391E-04  0.0000E+00  0.6280E-03
     1   194     1     3        0  0.3017E-01  0.3904E+01  0.0000E+00  0.1724E-09
     1   194     1     4        0  0.3970E+00  0.1888E-04  0.0000E+00  0.1847E-03
     1   195     1     1        0  0.0000E+00  0.4549E+01  0.2014E+04  0.1000E+03
     1   195     1     2        0  0.1665E+05  0.1212E-03  0.4962E-01  0.2622E-02
     1   195     1     3        0  0.4335E+00  0.1044E+02  0.0000E+00  0.1284E-08
     1   195     1     4        0  0.7884E+01  0.3120E-03  0.1717E-01  0.9260E-03
     1   195     1     5        0  0.1500E+00  0.6669E-01  0.0000E+00  0.2268E-07
     1   196     1     1        0  0.0000E+00  0.2440E+02  0.1021E+04  0.1000E+03
     1   196     1     2        0  0.7138E+04  0.3160E-03  0.0000E+00  0.9174E-03
     1   196     1     3        0  0.5404E-01  0.7504E+01  0.0000E+00  0.4346E-08
     1   196     1     4        0  0.2234E+01  0.3224E-04  0.0000E+00  0.5262E-03
     1   196     1     5        0  0.3512E-01  0.4732E-01  0.0000E+00  0.3493E-08
     1   197     1     1        0  0.0000E+00  0.1000E+03  0.9270E+03  0.1000E+03
     1   197     1     2        0  0.6450E+04  0.1657E-02  0.0000E+00  0.1687E-02
     1   197     1     3        0  0.1203E+00  0.2163E+02  0.0000E+00  0.3252E-08
     1   197     1     4        0  0.2062E+01  0.2230E-03  0.0000E+00  0.4280E-03
     1   197     1     5        0  0.2849E-01  0.1354E+00  0.0000E+00  0.6812E-08
     1   198     1     1        0  0.0000E+00  0.1133E+02  0.2021E+04  0.1000E+03
     1   198     1     2        0  0.1660E+05  0.3483E-04  0.0000E+00  0.3320E-03
     1   198     1     3        0  0.5604E-01  0.1419E+02  0.0000E+00  0.3505E-09
     1   198     1     4        0  0.8089E+01  0.7237E-04  0.1725E-01  0.9569E-03
     1   198     1     5        0  0.1504E+00  0.9148E-01  0.0000E+00  0.3109E-08
     1   199     1     1        0  0.0000E+00  0.1468E+02  0.8109E+03  0.1000E+03
     1   199     1     2        0  0.5135E+04  0.1335E-03  0.1736E-01  0.2748E-02
     1   199     1     3        0  0.1511E+00  0.5268E+01  0.0000E+00  0.2744E-08
     1   199     1     4        0  0.1490E+01  0.1267E-03  0.0000E+00  0.3491E-03
     1   199     1     5        0  0.2072E-01  0.3341E-01  0.0000E+00  0.1039E-07
     1   200     1     1        0  0.0000E+00  0.3005E+02  0.4699E+03  0.1000E+03
     1   200     1     2        0  0.2241E+04  0.3356E-03  0.0000E+00  0.1011E-03
     1   200     1     3        0  0.4206E-02  0.2130E+01  0.0000E+00  0.1385E-09
     1   200     1     4        0  0.3926E-01  0.5692E-05  0.0000E+00  0.1230E-04
