SUMMARY OF C0NVERGENCE INFORMATION
  STEP   INC  ATT   ITER     CONT.   RESID.        CORR.      RESID.      CORR.
                              EL.    FORCE         DISP       FLUX        TEMP.
                              (#)     (%)           (%)        (%)         (%)
     1     1     1     1        0  0.0000E+00  0.1000E-29  0.2796E+04  0.1000E+03
     1     1     1     2        0  0.7644E+04  0.1000E-29  0.0000E+00  0.4602E-05
     1     1     1     3        0  0.6618E-02  0.1000E+03  0.0000E+00  0.4908E-10
     1     1     1     4        0  0.1224E+02  0.4415E-03  0.0000E+00  0.3011E-03
     1     1     1     5        0  0.4281E+00  0.7098E-02  0.0000E+00  0.4825E-10
     1     2     1     1        0  0.0000E+00  0.7013E+02  0.3152E+04  0.1000E+03
     1     2     1     2        0  0.1453E+05  0.1049E-03  0.0000E+00  0.1027E-03
     1     2     1     3        0  0.9862E-01  0.4478E+02  0.0000E+00  0.3665E-10
     1     2     1     4        0  0.1592E+02  0.1266E-03  0.0000E+00  0.3713E-03
     1     2     1     5        0  0.5579E+00  0.6781E-02  0.0000E+00  0.2419E-09
     1     2     2     1        0  0.0000E+00  0.4875E+02  0.1521E+04  0.1000E+03
     1     2     2     2        0  0.7939E+04  0.1072E-04  0.0000E+00  0.2252E-03
     1     2     2     3        0  0.2135E-01  0.1064E+02  0.0000E+00  0.3870E-09
     1     2     2     4        0  0.4372E-01  0.1501E-04  0.0000E+00  0.3478E-04
     1     3     1     1        0  0.0000E+00  0.4829E+02  0.1129E+04  0.1000E+03
     1     3     1     2        0  0.5904E+04  0.5520E-05  0.0000E+00  0.2584E-04
     1     3     1     3        0  0.2535E-02  0.9300E+01  0.0000E+00  0.4090E-09
     1     3     1     4        0  0.2279E-01  0.6022E-05  0.0000E+00  0.1647E-04
     1     4     1     1        0  0.0000E+00  0.5340E+02  0.4209E+04  0.1000E+03
     1     4     1     2        0  0.2004E+05  0.2571E-04  0.0000E+00  0.1187E-03
     1     4     1     3        0  0.6980E-01  0.3838E+02  0.0000E+00  0.8243E-10
     1     4     1     4        0  0.9244E+00  0.4520E-04  0.0000E+00  0.1338E-03
     1     4     1     5        0  0.6334E-01  0.8855E-03  0.0000E+00  0.1962E-09
     1     5     1     1        0  0.0000E+00  0.8992E+02  0.4023E+04  0.1000E+03
     1     5     1     2        0  0.2362E+05  0.1501E-04  0.0000E+00  0.2678E-03
     1     5     1     3        0  0.1226E+00  0.2989E+02  0.0000E+00  0.8388E-10
     1     5     1     4        0  0.1004E+01  0.4708E-04  0.0000E+00  0.1628E-03
     1     5     1     5        0  0.7257E-01  0.8863E-03  0.0000E+00  0.4287E-09
     1     6     1     1        0  0.0000E+00  0.6325E+02  0.1698E+04  0.1000E+03
     1     6     1     2        0  0.1489E+05  0.8411E-05  0.0000E+00  0.8085E-04
     1     6     1     3        0  0.1240E-01  0.1717E+02  0.0000E+00  0.3102E-09
     1     6     1     4        0  0.1603E+00  0.1181E-04  0.0000E+00  0.6341E-04
     1     7     1     1        0  0.0000E+00  0.6631E+02  0.1911E+04  0.1000E+03
     1     7     1     2        0  0.1625E+05  0.1716E-04  0.0000E+00  0.6093E-03
     1     7     1     3        0  0.1221E+00  0.1472E+02  0.0000E+00  0.1947E-09
     1     7     1     4        0  0.2158E+00  0.7516E-04  0.0000E+00  0.6056E-04
     1     8     1     1        0  0.0000E+00  0.8789E+02  0.4273E+04  0.1000E+03
     1     8     1     2        0  0.3615E+05  0.3686E-04  0.6249E-01  0.1659E-02
     1     8     1     3        0  0.1110E+01  0.3408E+02  0.0000E+00  0.5525E-10
     1     8     1     4        0  0.3106E+01  0.4851E-03  0.0000E+00  0.2356E-03
     1     8     1     5        0  0.1631E+00  0.2949E-02  0.0000E+00  0.3674E-08
     1     9     1     1        0  0.0000E+00  0.1897E+02  0.7729E+03  0.1000E+03
     1     9     1     2        0  0.1007E+05  0.1152E-04  0.0000E+00  0.8144E-03
     1     9     1     3        0  0.1008E+00  0.3419E+01  0.0000E+00  0.3006E-09
     1     9     1     4        0  0.8808E-01  0.2378E-04  0.0000E+00  0.2279E-04
     1    10     1     1        0  0.0000E+00  0.3344E+02  0.3896E+04  0.1000E+03
     1    10     1     2        0  0.3469E+05  0.3650E-04  0.0000E+00  0.2302E-03
     1    10     1     3        0  0.1237E+00  0.1826E+02  0.0000E+00  0.9104E-10
     1    10     1     4        0  0.2181E+01  0.1953E-04  0.0000E+00  0.2010E-03
     1    10     1     5        0  0.1129E+00  0.1827E-02  0.0000E+00  0.4630E-09
     1    11     1     1        0  0.0000E+00  0.6932E+02  0.3023E+04  0.1000E+03
     1    11     1     2        0  0.3049E+05  0.2416E-04  0.0000E+00  0.1009E-02
     1    11     1     3        0  0.3419E+00  0.2222E+02  0.0000E+00  0.9288E-10
     1    11     1     4        0  0.1292E+01  0.1627E-03  0.0000E+00  0.1867E-03
     1    11     1     5        0  0.6914E-01  0.2470E-02  0.0000E+00  0.1637E-08
     1    12     1     1        0  0.0000E+00  0.2551E+02  0.1860E+04  0.1000E+03
     1    12     1     2        0  0.2065E+05  0.3576E-04  0.0000E+00  0.4203E-03
     1    12     1     3        0  0.1019E+00  0.1148E+02  0.0000E+00  0.1336E-09
     1    12     1     4        0  0.5338E+00  0.3539E-04  0.0000E+00  0.9666E-04
     1    12     1     5        0  0.2393E-01  0.1347E-02  0.0000E+00  0.4868E-09
     1    13     1     1        0  0.0000E+00  0.7314E+02  0.4147E+04  0.1000E+03
     1    13     1     2        0  0.3797E+05  0.8271E-04  0.0000E+00  0.1611E-03
     1    13     1     3        0  0.6528E-01  0.6410E+02  0.0000E+00  0.6245E-10
     1    13     1     4        0  0.2296E+01  0.9556E-04  0.0000E+00  0.2402E-03
     1    13     1     5        0  0.1212E+00  0.8573E-02  0.0000E+00  0.2688E-09
     1    14     1     1        0  0.0000E+00  0.2824E+02  0.6438E+03  0.1000E+03
     1    14     1     2        0  0.7055E+04  0.1516E-04  0.0000E+00  0.2050E-03
     1    14     1     3        0  0.2523E-01  0.2623E+01  0.0000E+00  0.2526E-09
     1    14     1     4        0  0.5072E-01  0.4352E-05  0.0000E+00  0.1584E-04
     1    15     1     1        0  0.0000E+00  0.3041E+02  0.3809E+04  0.1000E+03
     1    15     1     2        0  0.3380E+05  0.3948E-04  0.0000E+00  0.6385E-03
     1    15     1     3        0  0.2632E+00  0.1534E+02  0.0000E+00  0.9900E-10
     1    15     1     4        0  0.1714E+01  0.8666E-04  0.0000E+00  0.2050E-03
     1    15     1     5        0  0.8836E-01  0.2203E-02  0.0000E+00  0.1257E-08
     1    16     1     1        0  0.0000E+00  0.4538E+02  0.2873E+04  0.1000E+03
     1    16     1     2        0  0.2736E+05  0.6969E-04  0.0000E+00  0.4812E-04
     1    16     1     3        0  0.1571E-01  0.3754E+02  0.0000E+00  0.1027E-09
     1    16     1     4        0  0.9625E+00  0.2762E-04  0.0000E+00  0.1852E-03
     1    16     1     5        0  0.5109E-01  0.5770E-02  0.0000E+00  0.1263E-09
     1    17     1     1        0  0.0000E+00  0.2212E+02  0.1876E+04  0.1000E+03
     1    17     1     2        0  0.1840E+05  0.3521E-04  0.0000E+00  0.5654E-03
     1    17     1     3        0  0.9682E-01  0.7064E+01  0.0000E+00  0.1385E-09
     1    17     1     4        0  0.4476E+00  0.2577E-04  0.0000E+00  0.1026E-03
     1    18     1     1        0  0.0000E+00  0.6381E+02  0.4043E+04  0.1000E+03
     1    18     1     2        0  0.3493E+05  0.1249E-03  0.3088E-01  0.9033E-03
     1    18     1     3        0  0.3366E+00  0.3576E+02  0.0000E+00  0.9824E-10
     1    18     1     4        0  0.1798E+01  0.2730E-03  0.0000E+00  0.2414E-03
     1    18     1     5        0  0.9489E-01  0.6273E-02  0.0000E+00  0.1963E-08
     1    19     1     1        0  0.0000E+00  0.9820E+01  0.5226E+03  0.1000E+03
     1    19     1     2        0  0.4760E+04  0.8752E-05  0.0000E+00  0.1864E-03
     1    19     1     3        0  0.1500E-01  0.2622E+01  0.0000E+00  0.2287E-09
     1    19     1     4        0  0.2997E-01  0.5511E-05  0.0000E+00  0.1194E-04
     1    20     1     1        0  0.0000E+00  0.3972E+02  0.3752E+04  0.1000E+03
     1    20     1     2        0  0.3088E+05  0.5029E-04  0.0000E+00  0.1040E-03
     1    20     1     3        0  0.3658E-01  0.1523E+02  0.0000E+00  0.9180E-10
     1    20     1     4        0  0.1421E+01  0.4093E-05  0.0000E+00  0.2080E-03
     1    20     1     5        0  0.7300E-01  0.2793E-02  0.0000E+00  0.2295E-09
     1    21     1     1        0  0.0000E+00  0.4132E+02  0.2746E+04  0.1000E+03
     1    21     1     2        0  0.2370E+05  0.5579E-04  0.0000E+00  0.8750E-03
     1    21     1     3        0  0.1767E+00  0.2270E+02  0.0000E+00  0.1219E-09
     1    21     1     4        0  0.7564E+00  0.1446E-03  0.0000E+00  0.1824E-03
     1    21     1     5        0  0.3979E-01  0.4379E-02  0.0000E+00  0.1319E-08
     1    22     1     1        0  0.0000E+00  0.1693E+02  0.1897E+04  0.1000E+03
     1    22     1     2        0  0.1641E+05  0.3086E-04  0.0000E+00  0.1174E-03
     1    22     1     3        0  0.1986E-01  0.4788E+01  0.0000E+00  0.1309E-09
     1    22     1     4        0  0.3962E+00  0.3338E-05  0.0000E+00  0.1074E-03
     1    23     1     1        0  0.0000E+00  0.4164E+02  0.3947E+04  0.1000E+03
     1    23     1     2        0  0.3130E+05  0.6919E-04  0.0000E+00  0.4986E-03
     1    23     1     3        0  0.1772E+00  0.1697E+02  0.0000E+00  0.1567E-09
     1    23     1     4        0  0.1484E+01  0.8013E-04  0.0000E+00  0.2417E-03
     1    23     1     5        0  0.7816E-01  0.3634E-02  0.0000E+00  0.1062E-08
     1    24     1     1        0  0.0000E+00  0.1836E+02  0.4059E+03  0.1000E+03
     1    24     1     2        0  0.3115E+04  0.3325E-05  0.0000E+00  0.7013E-04
     1    24     1     3        0  0.5960E-02  0.2105E+01  0.0000E+00  0.2566E-09
     1    24     1     4        0  0.1773E-01  0.3202E-05  0.0000E+00  0.8801E-05
     1    25     1     1        0  0.0000E+00  0.3830E+02  0.3707E+04  0.1000E+03
     1    25     1     2        0  0.2797E+05  0.5802E-04  0.0000E+00  0.5209E-03
     1    25     1     3        0  0.1544E+00  0.1310E+02  0.0000E+00  0.1360E-09
     1    25     1     4        0  0.1230E+01  0.6123E-04  0.0000E+00  0.2104E-03
     1    25     1     5        0  0.6293E-01  0.2897E-02  0.0000E+00  0.1042E-08
     1    26     1     1        0  0.0000E+00  0.5719E+02  0.2624E+04  0.1000E+03
     1    26     1     2        0  0.2050E+05  0.1082E-03  0.0000E+00  0.1557E-03
     1    26     1     3        0  0.2978E-01  0.2198E+02  0.0000E+00  0.1273E-09
     1    26     1     4        0  0.6172E+00  0.4103E-04  0.0000E+00  0.1789E-03
     1    26     1     5        0  0.3217E-01  0.5059E-02  0.0000E+00  0.3014E-09
     1    27     1     1        0  0.0000E+00  0.1621E+02  0.1919E+04  0.1000E+03
     1    27     1     2        0  0.1485E+05  0.1795E-04  0.0000E+00  0.2901E-03
     1    27     1     3        0  0.3739E-01  0.4252E+01  0.0000E+00  0.1536E-09
     1    27     1     4        0  0.3633E+00  0.7627E-05  0.0000E+00  0.1120E-03
     1    28     1     1        0  0.0000E+00  0.4441E+02  0.3855E+04  0.1000E+03
     1    28     1     2        0  0.2802E+05  0.5575E-04  0.0000E+00  0.6988E-03
     1    28     1     3        0  0.1890E+00  0.1339E+02  0.0000E+00  0.1768E-09
     1    28     1     4        0  0.1267E+01  0.7919E-04  0.0000E+00  0.2416E-03
     1    28     1     5        0  0.6657E-01  0.3350E-02  0.0000E+00  0.1518E-08
     1    29     1     1        0  0.0000E+00  0.4826E+01  0.2935E+03  0.1000E+03
     1    29     1     2        0  0.1944E+04  0.5074E-05  0.0000E+00  0.7346E-04
     1    29     1     3        0  0.3890E-02  0.1530E+01  0.0000E+00  0.2633E-09
     1    29     1     4        0  0.1009E-01  0.2143E-05  0.0000E+00  0.5968E-05
     1    30     1     1        0  0.0000E+00  0.3306E+02  0.3667E+04  0.1000E+03
     1    30     1     2        0  0.2541E+05  0.4734E-04  0.0000E+00  0.1167E-03
     1    30     1     3        0  0.3160E-01  0.9681E+01  0.0000E+00  0.1485E-09
     1    30     1     4        0  0.1092E+01  0.1302E-04  0.0000E+00  0.2127E-03
     1    30     1     5        0  0.5572E-01  0.2486E-02  0.0000E+00  0.2434E-09
     1    31     1     1        0  0.0000E+00  0.1000E+03  0.2505E+04  0.1000E+03
     1    31     1     2        0  0.1783E+05  0.1303E-03  0.0000E+00  0.6754E-03
     1    31     1     3        0  0.9514E-01  0.3027E+02  0.0000E+00  0.1500E-09
     1    31     1     4        0  0.5153E+00  0.1503E-03  0.0000E+00  0.1752E-03
     1    31     1     5        0  0.2662E-01  0.8032E-02  0.0000E+00  0.9942E-09
     1    32     1     1        0  0.0000E+00  0.1690E+02  0.1946E+04  0.1000E+03
     1    32     1     2        0  0.1363E+05  0.2395E-04  0.0000E+00  0.1922E-03
     1    32     1     3        0  0.2679E-01  0.4473E+01  0.0000E+00  0.1236E-09
     1    32     1     4        0  0.3405E+00  0.6554E-05  0.0000E+00  0.1164E-03
     1    33     1     1        0  0.0000E+00  0.5314E+02  0.3767E+04  0.1000E+03
     1    33     1     2        0  0.2522E+05  0.8361E-04  0.0000E+00  0.6362E-03
     1    33     1     3        0  0.1574E+00  0.1342E+02  0.0000E+00  0.1337E-09
     1    33     1     4        0  0.1106E+01  0.7768E-04  0.0000E+00  0.2414E-03
     1    33     1     5        0  0.5793E-01  0.3823E-02  0.0000E+00  0.1404E-08
     1    34     1     1        0  0.0000E+00  0.7294E+01  0.2636E+03  0.1000E+03
     1    34     1     2        0  0.1859E+04  0.1826E-04  0.0000E+00  0.5928E-04
     1    34     1     3        0  0.3735E-02  0.9079E+00  0.0000E+00  0.2738E-09
     1    35     1     1        0  0.0000E+00  0.2711E+02  0.3632E+04  0.1000E+03
     1    35     1     2        0  0.2322E+05  0.4682E-04  0.0000E+00  0.4277E-03
     1    35     1     3        0  0.9961E-01  0.7129E+01  0.0000E+00  0.1660E-09
     1    35     1     4        0  0.9870E+00  0.2682E-04  0.0000E+00  0.2148E-03
     1    35     1     5        0  0.5024E-01  0.2069E-02  0.0000E+00  0.8509E-09
     1    36     1     1        0  0.0000E+00  0.1000E+03  0.2390E+04  0.1000E+03
     1    36     1     2        0  0.1561E+05  0.1567E-03  0.0000E+00  0.2866E-03
     1    36     1     3        0  0.3756E-01  0.2269E+02  0.0000E+00  0.2897E-09
     1    36     1     4        0  0.4369E+00  0.5611E-04  0.0000E+00  0.1713E-03
     1    37     1     1        0  0.0000E+00  0.1762E+02  0.1975E+04  0.1000E+03
     1    37     1     2        0  0.1267E+05  0.2821E-04  0.0000E+00  0.2116E-03
     1    37     1     3        0  0.2531E-01  0.4908E+01  0.0000E+00  0.1286E-09
     1    37     1     4        0  0.3240E+00  0.6881E-05  0.0000E+00  0.1208E-03
     1    38     1     1        0  0.0000E+00  0.8805E+02  0.2317E+04  0.1000E+03
     1    38     1     2        0  0.2155E+05  0.1848E-03  0.0000E+00  0.1328E-02
     1    38     1     3        0  0.2553E+00  0.1151E+02  0.0000E+00  0.5314E-09
     1    38     1     4        0  0.1245E+01  0.1163E-03  0.0000E+00  0.2380E-03
     1    38     1     5        0  0.4682E-01  0.7028E-02  0.0000E+00  0.2706E-08
     1    39     1     1        0  0.0000E+00  0.2461E+02  0.3555E+04  0.1000E+03
     1    39     1     2        0  0.3145E+05  0.5293E-04  0.0000E+00  0.4314E-03
     1    39     1     3        0  0.1578E+00  0.7550E+01  0.0000E+00  0.2946E-09
     1    39     1     4        0  0.2737E+01  0.3420E-04  0.0000E+00  0.3215E-03
     1    39     1     5        0  0.1056E+00  0.4881E-02  0.0000E+00  0.1396E-08
     1    40     1     1        0  0.0000E+00  0.7286E+02  0.2909E+03  0.1000E+03
     1    40     1     2        0  0.2745E+04  0.1140E-03  0.0000E+00  0.1047E-03
     1    40     1     3        0  0.9278E-02  0.6680E+00  0.0000E+00  0.1787E-09
     1    41     1     1        0  0.0000E+00  0.3286E+02  0.3657E+04  0.1000E+03
     1    41     1     2        0  0.3128E+05  0.9047E-04  0.2965E-01  0.7429E-03
     1    41     1     3        0  0.2761E+00  0.1039E+02  0.0000E+00  0.3809E-09
     1    41     1     4        0  0.2757E+01  0.7692E-04  0.0000E+00  0.3313E-03
     1    41     1     5        0  0.1071E+00  0.6915E-02  0.0000E+00  0.2463E-08
     1    42     1     1        0  0.0000E+00  0.1000E+03  0.2022E+04  0.1000E+03
     1    42     1     2        0  0.1775E+05  0.1489E-03  0.4613E-01  0.2547E-02
     1    42     1     3        0  0.4218E+00  0.1367E+02  0.0000E+00  0.3527E-09
     1    42     1     4        0  0.9752E+00  0.2833E-03  0.0000E+00  0.1903E-03
     1    42     1     5        0  0.3366E-01  0.9396E-02  0.0000E+00  0.4664E-08
     1    43     1     1        0  0.0000E+00  0.3481E+02  0.2170E+04  0.1000E+03
     1    43     1     2        0  0.1883E+05  0.7706E-04  0.4551E-01  0.2762E-02
     1    43     1     3        0  0.4088E+00  0.5612E+01  0.0000E+00  0.5434E-09
     1    43     1     4        0  0.1025E+01  0.1185E-03  0.0000E+00  0.2386E-03
     1    43     1     5        0  0.3863E-01  0.3898E-02  0.0000E+00  0.5412E-08
     1    44     1     1        0  0.0000E+00  0.1000E+03  0.3525E+04  0.1000E+03
     1    44     1     2        0  0.2930E+05  0.1460E-03  0.8690E-01  0.2558E-02
     1    44     1     3        0  0.7749E+00  0.2647E+02  0.0000E+00  0.2055E-09
     1    44     1     4        0  0.2552E+01  0.6323E-03  0.0000E+00  0.3234E-03
     1    44     1     5        0  0.9728E-01  0.1958E-01  0.0000E+00  0.8025E-08
     1    45     1     1        0  0.0000E+00  0.3722E+02  0.3163E+03  0.1000E+03
     1    45     1     2        0  0.2679E+04  0.7850E-04  0.0000E+00  0.2957E-03
     1    45     1     3        0  0.2998E-01  0.2513E+00  0.0000E+00  0.1591E-09
     1    46     1     1        0  0.0000E+00  0.1000E+03  0.3548E+04  0.1000E+03
     1    46     1     2        0  0.2857E+05  0.1174E-03  0.1009E+00  0.3110E-02
     1    46     1     3        0  0.8679E+00  0.2442E+02  0.0000E+00  0.1613E-09
     1    46     1     4        0  0.2489E+01  0.6484E-03  0.0000E+00  0.3295E-03
     1    46     1     5        0  0.9523E-01  0.1843E-01  0.0000E+00  0.9800E-08
     1    47     1     1        0  0.0000E+00  0.5780E+02  0.2069E+04  0.1000E+03
     1    47     1     2        0  0.1694E+05  0.8286E-04  0.0000E+00  0.1373E-02
     1    47     1     3        0  0.2346E+00  0.8556E+01  0.0000E+00  0.2949E-09
     1    47     1     4        0  0.9711E+00  0.1091E-03  0.0000E+00  0.1988E-03
     1    47     1     5        0  0.3338E-01  0.6652E-02  0.0000E+00  0.2691E-08
     1    48     1     1        0  0.0000E+00  0.1000E+03  0.2007E+04  0.1000E+03
     1    48     1     2        0  0.1641E+05  0.1460E-03  0.3194E-01  0.2107E-02
     1    48     1     3        0  0.2662E+00  0.2652E+02  0.0000E+00  0.1731E-09
     1    48     1     4        0  0.8582E+00  0.3858E-03  0.0000E+00  0.2323E-03
     1    48     1     5        0  0.3178E-01  0.2077E-01  0.0000E+00  0.3964E-08
     1    49     1     1        0  0.0000E+00  0.4322E+02  0.3495E+04  0.1000E+03
     1    49     1     2        0  0.2731E+05  0.7034E-04  0.4390E-01  0.1341E-02
     1    49     1     3        0  0.3635E+00  0.1171E+02  0.0000E+00  0.2617E-09
     1    49     1     4        0  0.2414E+01  0.1462E-03  0.0000E+00  0.3274E-03
     1    49     1     5        0  0.9061E-01  0.9727E-02  0.0000E+00  0.4320E-08
     1    50     1     1        0  0.0000E+00  0.1000E+03  0.3731E+03  0.1000E+03
     1    50     1     2        0  0.2733E+04  0.1032E-03  0.0000E+00  0.1795E-03
     1    50     1     3        0  0.1740E-01  0.1547E+01  0.0000E+00  0.1496E-09
     1    50     1     4        0  0.3622E-02  0.1978E-04  0.0000E+00  0.6639E-05
     1    51     1     1        0  0.0000E+00  0.6743E+02  0.3429E+04  0.1000E+03
     1    51     1     2        0  0.2611E+05  0.1006E-03  0.0000E+00  0.7666E-03
     1    51     1     3        0  0.2148E+00  0.1583E+02  0.0000E+00  0.2306E-09
     1    51     1     4        0  0.2239E+01  0.1176E-03  0.0000E+00  0.3273E-03
     1    51     1     5        0  0.8487E-01  0.1330E-01  0.0000E+00  0.2409E-08
     1    52     1     1        0  0.0000E+00  0.1000E+03  0.2118E+04  0.1000E+03
     1    52     1     2        0  0.1626E+05  0.2932E-03  0.4994E-01  0.2605E-02
     1    52     1     3        0  0.3950E+00  0.4970E+02  0.0000E+00  0.2084E-09
     1    52     1     4        0  0.9692E+00  0.1034E-02  0.0000E+00  0.2079E-03
     1    52     1     5        0  0.3339E-01  0.4287E-01  0.0000E+00  0.5161E-08
     1    53     1     1        0  0.0000E+00  0.4455E+02  0.1860E+04  0.1000E+03
     1    53     1     2        0  0.1431E+05  0.5750E-04  0.3679E-01  0.2731E-02
     1    53     1     3        0  0.2867E+00  0.7483E+01  0.0000E+00  0.2406E-09
     1    53     1     4        0  0.7359E+00  0.1344E-03  0.0000E+00  0.2243E-03
     1    53     1     5        0  0.2626E-01  0.6528E-02  0.0000E+00  0.4913E-08
     1    54     1     1        0  0.0000E+00  0.1000E+03  0.3454E+04  0.1000E+03
     1    54     1     2        0  0.2549E+05  0.2873E-03  0.7271E-01  0.2201E-02
     1    54     1     3        0  0.5636E+00  0.6517E+02  0.0000E+00  0.1961E-09
     1    54     1     4        0  0.2246E+01  0.1297E-02  0.0000E+00  0.3311E-03
     1    54     1     5        0  0.8463E-01  0.5930E-01  0.0000E+00  0.7046E-08
     1    55     1     1        0  0.0000E+00  0.3995E+02  0.3910E+03  0.1000E+03
     1    55     1     2        0  0.2705E+04  0.8302E-04  0.0000E+00  0.2266E-03
     1    55     1     3        0  0.1304E-01  0.9291E+00  0.0000E+00  0.1362E-09
     1    56     1     1        0  0.0000E+00  0.1000E+03  0.3311E+04  0.1000E+03
     1    56     1     2        0  0.2386E+05  0.2214E-03  0.7386E-01  0.2497E-02
     1    56     1     3        0  0.5559E+00  0.5769E+02  0.0000E+00  0.2017E-09
     1    56     1     4        0  0.2018E+01  0.1214E-02  0.0000E+00  0.3253E-03
     1    56     1     5        0  0.7613E-01  0.5310E-01  0.0000E+00  0.7681E-08
     1    57     1     1        0  0.0000E+00  0.4187E+02  0.2156E+04  0.1000E+03
     1    57     1     2        0  0.1562E+05  0.1079E-03  0.0000E+00  0.7404E-03
     1    57     1     3        0  0.1121E+00  0.9889E+01  0.0000E+00  0.3261E-09
     1    57     1     4        0  0.9497E+00  0.6372E-04  0.0000E+00  0.2170E-03
     1    57     1     5        0  0.3328E-01  0.9271E-02  0.0000E+00  0.1582E-08
     1    58     1     1        0  0.0000E+00  0.9152E+02  0.1708E+04  0.1000E+03
     1    58     1     2        0  0.1241E+05  0.1933E-03  0.0000E+00  0.1438E-02
     1    58     1     3        0  0.1277E+00  0.3560E+02  0.0000E+00  0.1909E-09
     1    58     1     4        0  0.6101E+00  0.3219E-03  0.0000E+00  0.2165E-03
     1    58     1     5        0  0.2155E-01  0.3377E-01  0.0000E+00  0.2431E-08
     1    59     1     1        0  0.0000E+00  0.3162E+02  0.3413E+04  0.1000E+03
     1    59     1     2        0  0.2386E+05  0.8507E-04  0.0000E+00  0.5704E-03
     1    59     1     3        0  0.1260E+00  0.1074E+02  0.0000E+00  0.3254E-09
     1    59     1     4        0  0.2102E+01  0.5350E-04  0.0000E+00  0.3344E-03
     1    59     1     5        0  0.7939E-01  0.1055E-01  0.0000E+00  0.1869E-08
     1    60     1     1        0  0.0000E+00  0.5944E+02  0.4020E+03  0.1000E+03
     1    60     1     2        0  0.2635E+04  0.1165E-03  0.0000E+00  0.1045E-03
     1    60     1     3        0  0.8922E-02  0.5993E+01  0.0000E+00  0.1234E-09
     1    60     1     4        0  0.2052E-01  0.3254E-04  0.0000E+00  0.6758E-05
     1    61     1     1        0  0.0000E+00  0.4793E+02  0.3187E+04  0.1000E+03
     1    61     1     2        0  0.2185E+05  0.1496E-03  0.0000E+00  0.2655E-03
     1    61     1     3        0  0.6161E-01  0.1520E+02  0.0000E+00  0.4409E-09
     1    61     1     4        0  0.1803E+01  0.4628E-04  0.0000E+00  0.3230E-03
     1    61     1     5        0  0.6831E-01  0.1510E-01  0.0000E+00  0.7648E-09
     1    62     1     1        0  0.0000E+00  0.3023E+02  0.2195E+04  0.1000E+03
     1    62     1     2        0  0.1508E+05  0.1981E-04  0.3504E-01  0.1791E-02
     1    62     1     3        0  0.2462E+00  0.1762E+02  0.0000E+00  0.6385E-10
     1    62     1     4        0  0.9536E+00  0.2505E-03  0.0000E+00  0.2259E-03
     1    62     1     5        0  0.3331E-01  0.1793E-01  0.0000E+00  0.3900E-08
     1    63     1     1        0  0.0000E+00  0.4437E+02  0.1564E+04  0.1000E+03
     1    63     1     2        0  0.1077E+05  0.1015E-03  0.0000E+00  0.1777E-02
     1    63     1     3        0  0.1296E+00  0.6863E+01  0.0000E+00  0.4928E-09
     1    63     1     4        0  0.5043E+00  0.7500E-04  0.0000E+00  0.2077E-03
     1    63     1     5        0  0.1767E-01  0.6940E-02  0.0000E+00  0.2919E-08
     1    64     1     1        0  0.0000E+00  0.3306E+02  0.3363E+04  0.1000E+03
     1    64     1     2        0  0.2242E+05  0.3908E-04  0.5165E-01  0.1653E-02
     1    64     1     3        0  0.3565E+00  0.3230E+02  0.0000E+00  0.6311E-10
     1    64     1     4        0  0.1983E+01  0.4645E-03  0.0000E+00  0.3375E-03
     1    64     1     5        0  0.7463E-01  0.3422E-01  0.0000E+00  0.5338E-08
     1    65     1     1        0  0.0000E+00  0.5993E+02  0.4165E+03  0.1000E+03
     1    65     1     2        0  0.2601E+04  0.1313E-03  0.0000E+00  0.4396E-03
     1    65     1     3        0  0.2786E-01  0.2695E+01  0.0000E+00  0.1548E-09
     1    65     1     4        0  0.3599E-01  0.2712E-04  0.0000E+00  0.6749E-05
     1    66     1     1        0  0.0000E+00  0.4309E+02  0.3068E+04  0.1000E+03
     1    66     1     2        0  0.2009E+05  0.5775E-04  0.4434E-01  0.1662E-02
     1    66     1     3        0  0.2988E+00  0.2695E+02  0.0000E+00  0.1075E-09
     1    66     1     4        0  0.1640E+01  0.3645E-03  0.0000E+00  0.3204E-03
     1    66     1     5        0  0.6161E-01  0.2878E-01  0.0000E+00  0.4953E-08
     1    67     1     1        0  0.0000E+00  0.9905E+02  0.2225E+04  0.1000E+03
     1    67     1     2        0  0.1457E+05  0.1275E-03  0.0000E+00  0.1450E-03
     1    67     1     3        0  0.1854E-01  0.2172E+02  0.0000E+00  0.2015E-09
     1    67     1     4        0  0.9594E+00  0.2991E-04  0.0000E+00  0.2345E-03
     1    67     1     5        0  0.3326E-01  0.2387E-01  0.0000E+00  0.2984E-09
     1    68     1     1        0  0.0000E+00  0.1964E+02  0.1419E+04  0.1000E+03
     1    68     1     2        0  0.9303E+04  0.5101E-04  0.0000E+00  0.7656E-03
     1    68     1     3        0  0.4833E-01  0.1029E+02  0.0000E+00  0.2179E-09
     1    68     1     4        0  0.4179E+00  0.4757E-04  0.0000E+00  0.1975E-03
     1    69     1     1        0  0.0000E+00  0.6488E+02  0.3316E+04  0.1000E+03
     1    69     1     2        0  0.2114E+05  0.1004E-03  0.0000E+00  0.1569E-03
     1    69     1     3        0  0.3921E-01  0.2341E+02  0.0000E+00  0.1803E-09
     1    69     1     4        0  0.1898E+01  0.4974E-04  0.0000E+00  0.3402E-03
     1    69     1     5        0  0.7052E-01  0.2662E-01  0.0000E+00  0.5076E-09
     1    70     1     1        0  0.0000E+00  0.2780E+02  0.4252E+03  0.1000E+03
     1    70     1     2        0  0.2538E+04  0.6909E-04  0.0000E+00  0.4447E-04
     1    70     1     3        0  0.3566E-02  0.6399E+01  0.0000E+00  0.1240E-09
     1    70     1     4        0  0.5039E-01  0.8428E-05  0.0000E+00  0.7122E-05
     1    71     1     1        0  0.0000E+00  0.9654E+02  0.2945E+04  0.1000E+03
     1    71     1     2        0  0.1850E+05  0.6596E-04  0.0000E+00  0.1660E-03
     1    71     1     3        0  0.3147E-01  0.3130E+02  0.0000E+00  0.9897E-10
     1    71     1     4        0  0.1497E+01  0.3458E-04  0.0000E+00  0.3175E-03
     1    71     1     5        0  0.5561E-01  0.3580E-01  0.0000E+00  0.5133E-09
     1    72     1     1        0  0.0000E+00  0.3195E+02  0.2257E+04  0.1000E+03
     1    72     1     2        0  0.1414E+05  0.1778E-04  0.0000E+00  0.1207E-02
     1    72     1     3        0  0.1560E+00  0.2137E+02  0.0000E+00  0.6918E-10
     1    72     1     4        0  0.9654E+00  0.2056E-03  0.0000E+00  0.2428E-03
     1    72     1     5        0  0.3335E-01  0.2513E-01  0.0000E+00  0.2803E-08
     1    73     1     1        0  0.0000E+00  0.5474E+02  0.1283E+04  0.1000E+03
     1    73     1     2        0  0.8035E+04  0.8029E-04  0.0000E+00  0.1042E-02
     1    73     1     3        0  0.5399E-01  0.1153E+02  0.0000E+00  0.1771E-09
     1    73     1     4        0  0.3552E+00  0.6849E-04  0.0000E+00  0.1866E-03
     1    74     1     1        0  0.0000E+00  0.6862E+02  0.3263E+04  0.1000E+03
     1    74     1     2        0  0.1997E+05  0.3400E-04  0.3879E-01  0.1287E-02
     1    74     1     3        0  0.2436E+00  0.5008E+02  0.0000E+00  0.4706E-10
     1    74     1     4        0  0.1800E+01  0.5411E-03  0.0000E+00  0.3425E-03
     1    74     1     5        0  0.6672E-01  0.6042E-01  0.0000E+00  0.4210E-08
     1    75     1     1        0  0.0000E+00  0.5339E+02  0.4370E+03  0.1000E+03
     1    75     1     2        0  0.2507E+04  0.1224E-03  0.0000E+00  0.4235E-03
     1    75     1     3        0  0.2519E-01  0.6654E+01  0.0000E+00  0.1144E-09
     1    75     1     4        0  0.6599E-01  0.4438E-04  0.0000E+00  0.1097E-04
     1    76     1     1        0  0.0000E+00  0.6791E+02  0.2828E+04  0.1000E+03
     1    76     1     2        0  0.1709E+05  0.2969E-04  0.2674E-01  0.1095E-02
     1    76     1     3        0  0.1647E+00  0.3393E+02  0.0000E+00  0.5518E-10
     1    76     1     4        0  0.1370E+01  0.2832E-03  0.0000E+00  0.3143E-03
     1    76     1     5        0  0.5038E-01  0.4123E-01  0.0000E+00  0.3098E-08
     1    77     1     1        0  0.0000E+00  0.4920E+02  0.2282E+04  0.1000E+03
     1    77     1     2        0  0.1373E+05  0.1188E-03  0.0000E+00  0.3057E-03
     1    77     1     3        0  0.4323E-01  0.2353E+02  0.0000E+00  0.1877E-09
     1    77     1     4        0  0.9537E+00  0.4317E-04  0.0000E+00  0.2509E-03
     1    77     1     5        0  0.3338E-01  0.2916E-01  0.0000E+00  0.6938E-09
     1    78     1     1        0  0.0000E+00  0.3452E+02  0.1167E+04  0.1000E+03
     1    78     1     2        0  0.6876E+04  0.2151E-04  0.0000E+00  0.3039E-03
     1    78     1     3        0  0.1537E-01  0.1246E+02  0.0000E+00  0.1792E-09
     1    78     1     4        0  0.2933E+00  0.2272E-04  0.0000E+00  0.1721E-03
     1    79     1     1        0  0.0000E+00  0.3707E+02  0.3212E+04  0.1000E+03
     1    79     1     2        0  0.1892E+05  0.9035E-04  0.0000E+00  0.5503E-03
     1    79     1     3        0  0.1104E+00  0.2058E+02  0.0000E+00  0.2117E-09
     1    79     1     4        0  0.1706E+01  0.9565E-04  0.0000E+00  0.3444E-03
     1    79     1     5        0  0.6334E-01  0.2608E-01  0.0000E+00  0.1754E-08
     1    80     1     1        0  0.0000E+00  0.2671E+02  0.4710E+03  0.1000E+03
     1    80     1     2        0  0.2451E+04  0.2325E-04  0.0000E+00  0.6983E-04
     1    80     1     3        0  0.4626E-02  0.8369E+01  0.0000E+00  0.1191E-09
     1    80     1     4        0  0.8227E-01  0.9785E-05  0.0000E+00  0.1826E-04
     1    81     1     1        0  0.0000E+00  0.5848E+02  0.2708E+04  0.1000E+03
     1    81     1     2        0  0.1579E+05  0.1724E-03  0.0000E+00  0.3401E-03
     1    81     1     3        0  0.5117E-01  0.2633E+02  0.0000E+00  0.2636E-09
     1    81     1     4        0  0.1239E+01  0.7885E-04  0.0000E+00  0.3108E-03
     1    81     1     5        0  0.4560E-01  0.3361E-01  0.0000E+00  0.9525E-09
     1    82     1     1        0  0.0000E+00  0.1488E+02  0.2308E+04  0.1000E+03
     1    82     1     2        0  0.1338E+05  0.4292E-04  0.0000E+00  0.9159E-03
     1    82     1     3        0  0.1128E+00  0.1402E+02  0.0000E+00  0.1132E-09
     1    82     1     4        0  0.9526E+00  0.1045E-03  0.0000E+00  0.2587E-03
     1    82     1     5        0  0.3348E-01  0.1825E-01  0.0000E+00  0.2233E-08
     1    83     1     1        0  0.0000E+00  0.4944E+02  0.1056E+04  0.1000E+03
     1    83     1     2        0  0.5859E+04  0.1245E-03  0.0000E+00  0.6143E-03
     1    83     1     3        0  0.2490E-01  0.1069E+02  0.0000E+00  0.3608E-09
     1    83     1     4        0  0.2378E+00  0.4245E-04  0.0000E+00  0.1552E-03
     1    84     1     1        0  0.0000E+00  0.3445E+02  0.3157E+04  0.1000E+03
     1    84     1     2        0  0.1796E+05  0.1045E-03  0.3140E-01  0.1083E-02
     1    84     1     3        0  0.1823E+00  0.2596E+02  0.0000E+00  0.1739E-09
     1    84     1     4        0  0.1619E+01  0.2358E-03  0.0000E+00  0.3460E-03
     1    84     1     5        0  0.6016E-01  0.3448E-01  0.0000E+00  0.3551E-08
     1    85     1     1        0  0.0000E+00  0.1000E+03  0.5644E+03  0.1000E+03
     1    85     1     2        0  0.2687E+04  0.2278E-03  0.0000E+00  0.3382E-03
     1    85     1     3        0  0.1860E-01  0.1593E+02  0.0000E+00  0.1335E-09
     1    85     1     4        0  0.1038E+00  0.6140E-04  0.0000E+00  0.2784E-04
     1    86     1     1        0  0.0000E+00  0.3400E+02  0.2594E+04  0.1000E+03
     1    86     1     2        0  0.1463E+05  0.9254E-04  0.0000E+00  0.7612E-03
     1    86     1     3        0  0.9771E-01  0.1903E+02  0.0000E+00  0.2320E-09
     1    86     1     4        0  0.1128E+01  0.1016E-03  0.0000E+00  0.3071E-03
     1    86     1     5        0  0.4137E-01  0.2539E-01  0.0000E+00  0.2095E-08
     1    87     1     1        0  0.0000E+00  0.1000E+03  0.2329E+04  0.1000E+03
     1    87     1     2        0  0.1305E+05  0.7857E-04  0.0000E+00  0.4950E-03
     1    87     1     3        0  0.6467E-01  0.4537E+02  0.0000E+00  0.8440E-10
     1    87     1     4        0  0.9571E+00  0.2091E-03  0.0000E+00  0.2661E-03
     1    87     1     5        0  0.3351E-01  0.6216E-01  0.0000E+00  0.1241E-08
     1    88     1     1        0  0.0000E+00  0.3456E+02  0.9447E+03  0.1000E+03
     1    88     1     2        0  0.4917E+04  0.6867E-04  0.0000E+00  0.1145E-03
     1    88     1     3        0  0.3960E-02  0.8208E+01  0.0000E+00  0.3217E-09
     1    88     1     4        0  0.1896E+00  0.9936E-05  0.0000E+00  0.1310E-03
     1    89     1     1        0  0.0000E+00  0.1000E+03  0.3105E+04  0.1000E+03
     1    89     1     2        0  0.1710E+05  0.4479E-04  0.0000E+00  0.7317E-03
     1    89     1     3        0  0.1230E+00  0.5828E+02  0.0000E+00  0.4478E-10
     1    89     1     4        0  0.1557E+01  0.4416E-03  0.0000E+00  0.3472E-03
     1    89     1     5        0  0.5730E-01  0.8110E-01  0.0000E+00  0.2402E-08
     1    90     1     1        0  0.0000E+00  0.6426E+02  0.6503E+03  0.1000E+03
     1    90     1     2        0  0.3036E+04  0.1389E-03  0.0000E+00  0.1277E-03
     1    90     1     3        0  0.6985E-02  0.1188E+02  0.0000E+00  0.1468E-09
     1    90     1     4        0  0.1242E+00  0.1594E-04  0.0000E+00  0.3894E-04
     1    91     1     1        0  0.0000E+00  0.8446E+02  0.2478E+04  0.1000E+03
     1    91     1     2        0  0.1355E+05  0.3933E-04  0.0000E+00  0.3815E-03
     1    91     1     3        0  0.4777E-01  0.4110E+02  0.0000E+00  0.5459E-10
     1    91     1     4        0  0.1031E+01  0.1312E-03  0.0000E+00  0.3030E-03
     1    91     1     5        0  0.3749E-01  0.5743E-01  0.0000E+00  0.1068E-08
     1    92     1     1        0  0.0000E+00  0.4848E+02  0.2350E+04  0.1000E+03
     1    92     1     2        0  0.1276E+05  0.4923E-04  0.0000E+00  0.8089E-03
     1    92     1     3        0  0.9580E-01  0.2470E+02  0.0000E+00  0.8728E-10
     1    92     1     4        0  0.9669E+00  0.1777E-03  0.0000E+00  0.2734E-03
     1    92     1     5        0  0.3361E-01  0.3549E-01  0.0000E+00  0.2091E-08
     1    93     1     1        0  0.0000E+00  0.1000E+03  0.8392E+03  0.1000E+03
     1    93     1     2        0  0.4083E+04  0.5971E-04  0.0000E+00  0.3647E-03
     1    93     1     3        0  0.1274E-01  0.2731E+02  0.0000E+00  0.1929E-09
     1    93     1     4        0  0.1548E+00  0.6919E-04  0.0000E+00  0.1017E-03
     1    94     1     1        0  0.0000E+00  0.9739E+02  0.3048E+04  0.1000E+03
     1    94     1     2        0  0.1630E+05  0.6057E-04  0.2714E-01  0.9726E-03
     1    94     1     3        0  0.1475E+00  0.5442E+02  0.0000E+00  0.4342E-10
     1    94     1     4        0  0.1489E+01  0.4708E-03  0.0000E+00  0.3480E-03
     1    94     1     5        0  0.5457E-01  0.7893E-01  0.0000E+00  0.3174E-08
     1    95     1     1        0  0.0000E+00  0.6355E+02  0.7368E+03  0.1000E+03
     1    95     1     2        0  0.3376E+04  0.1206E-03  0.0000E+00  0.2402E-03
     1    95     1     3        0  0.1225E-01  0.4828E+02  0.0000E+00  0.1165E-09
     1    95     1     4        0  0.1451E+00  0.1115E-03  0.0000E+00  0.5181E-04
     1    96     1     1        0  0.0000E+00  0.8089E+02  0.2367E+04  0.1000E+03
     1    96     1     2        0  0.1259E+05  0.8043E-04  0.0000E+00  0.5632E-03
     1    96     1     3        0  0.6225E-01  0.3599E+02  0.0000E+00  0.6209E-10
     1    96     1     4        0  0.9504E+00  0.1403E-03  0.0000E+00  0.2988E-03
     1    96     1     5        0  0.3401E-01  0.5253E-01  0.0000E+00  0.1478E-08
     1    97     1     1        0  0.0000E+00  0.5541E+02  0.2367E+04  0.1000E+03
     1    97     1     2        0  0.1248E+05  0.1869E-03  0.0000E+00  0.6409E-03
     1    97     1     3        0  0.7950E-01  0.7618E+02  0.0000E+00  0.1350E-09
     1    97     1     4        0  0.9616E+00  0.4248E-03  0.0000E+00  0.2802E-03
     1    97     1     5        0  0.3366E-01  0.1135E+00  0.0000E+00  0.1681E-08
     1    98     1     1        0  0.0000E+00  0.5544E+02  0.7321E+03  0.1000E+03
     1    98     1     2        0  0.3302E+04  0.3287E-04  0.0000E+00  0.1808E-03
     1    98     1     3        0  0.6000E-02  0.1256E+02  0.0000E+00  0.2051E-09
     1    98     1     4        0  0.1226E+00  0.2422E-04  0.0000E+00  0.7587E-04
     1    99     1     1        0  0.0000E+00  0.4982E+02  0.2995E+04  0.1000E+03
     1    99     1     2        0  0.1557E+05  0.1609E-03  0.0000E+00  0.8095E-03
     1    99     1     3        0  0.1225E+00  0.5039E+02  0.0000E+00  0.1548E-09
     1    99     1     4        0  0.1425E+01  0.3368E-03  0.0000E+00  0.3485E-03
     1    99     1     5        0  0.5209E-01  0.7570E-01  0.0000E+00  0.2620E-08
     1   100     1     1        0  0.0000E+00  0.3291E+02  0.8163E+03  0.1000E+03
     1   100     1     2        0  0.3669E+04  0.6395E-04  0.0000E+00  0.9005E-04
     1   100     1     3        0  0.4840E-02  0.1585E+02  0.0000E+00  0.1138E-09
     1   100     1     4        0  0.1634E+00  0.1232E-04  0.0000E+00  0.6643E-04
     1   101     1     1        0  0.0000E+00  0.6999E+02  0.2254E+04  0.1000E+03
     1   101     1     2        0  0.1168E+05  0.1543E-03  0.0000E+00  0.3717E-03
     1   101     1     3        0  0.3932E-01  0.5173E+02  0.0000E+00  0.1571E-09
     1   101     1     4        0  0.8639E+00  0.1818E-03  0.0000E+00  0.2942E-03
     1   101     1     5        0  0.3079E-01  0.7823E-01  0.0000E+00  0.1002E-08
     1   102     1     1        0  0.0000E+00  0.2102E+02  0.2384E+04  0.1000E+03
     1   102     1     2        0  0.1224E+05  0.5608E-04  0.0000E+00  0.7959E-03
     1   102     1     3        0  0.9299E-01  0.1804E+02  0.0000E+00  0.1281E-09
     1   102     1     4        0  0.9596E+00  0.1286E-03  0.0000E+00  0.2869E-03
     1   102     1     5        0  0.3375E-01  0.2775E-01  0.0000E+00  0.2127E-08
     1   103     1     1        0  0.0000E+00  0.5404E+02  0.6311E+03  0.1000E+03
     1   103     1     2        0  0.2602E+04  0.1368E-03  0.0000E+00  0.2501E-03
     1   103     1     3        0  0.8799E-02  0.1689E+02  0.0000E+00  0.1913E-09
     1   103     1     4        0  0.9457E-01  0.4935E-04  0.0000E+00  0.5374E-04
     1   104     1     1        0  0.0000E+00  0.4233E+02  0.2938E+04  0.1000E+03
     1   104     1     2        0  0.1489E+05  0.9950E-04  0.2482E-01  0.9068E-03
     1   104     1     3        0  0.1275E+00  0.3071E+02  0.0000E+00  0.1518E-09
     1   104     1     4        0  0.1358E+01  0.2347E-03  0.0000E+00  0.3485E-03
     1   104     1     5        0  0.4969E-01  0.4761E-01  0.0000E+00  0.2976E-08
     1   105     1     1        0  0.0000E+00  0.2877E+02  0.8965E+03  0.1000E+03
     1   105     1     2        0  0.3957E+04  0.5934E-04  0.0000E+00  0.1365E-03
     1   105     1     3        0  0.6321E-02  0.2012E+02  0.0000E+00  0.1145E-09
     1   105     1     4        0  0.1862E+00  0.2133E-04  0.0000E+00  0.8319E-04
     1   106     1     1        0  0.0000E+00  0.3922E+02  0.2147E+04  0.1000E+03
     1   106     1     2        0  0.1085E+05  0.1070E-03  0.0000E+00  0.4322E-03
     1   106     1     3        0  0.4128E-01  0.2064E+02  0.0000E+00  0.2114E-09
     1   106     1     4        0  0.7851E+00  0.5641E-04  0.0000E+00  0.2896E-03
     1   106     1     5        0  0.2789E-01  0.3212E-01  0.0000E+00  0.1114E-08
     1   107     1     1        0  0.0000E+00  0.5874E+02  0.2397E+04  0.1000E+03
     1   107     1     2        0  0.1200E+05  0.4760E-04  0.0000E+00  0.7419E-03
     1   107     1     3        0  0.8641E-01  0.5547E+02  0.0000E+00  0.5503E-10
     1   107     1     4        0  0.9605E+00  0.3246E-03  0.0000E+00  0.2931E-03
     1   107     1     5        0  0.3377E-01  0.8829E-01  0.0000E+00  0.2037E-08
     1   108     1     1        0  0.0000E+00  0.5481E+02  0.5286E+03  0.1000E+03
     1   108     1     2        0  0.2207E+04  0.1256E-03  0.0000E+00  0.1805E-03
     1   108     1     3        0  0.6337E-02  0.9595E+01  0.0000E+00  0.2320E-09
     1   108     1     4        0  0.6943E-01  0.2044E-04  0.0000E+00  0.3490E-04
     1   109     1     1        0  0.0000E+00  0.5606E+02  0.2884E+04  0.1000E+03
     1   109     1     2        0  0.1426E+05  0.6416E-04  0.0000E+00  0.8279E-03
     1   109     1     3        0  0.1121E+00  0.4741E+02  0.0000E+00  0.6738E-10
     1   109     1     4        0  0.1304E+01  0.3287E-03  0.0000E+00  0.3483E-03
     1   109     1     5        0  0.4749E-01  0.7578E-01  0.0000E+00  0.2700E-08
     1   110     1     1        0  0.0000E+00  0.1000E+03  0.9702E+03  0.1000E+03
     1   110     1     2        0  0.4228E+04  0.1694E-03  0.0000E+00  0.6554E-04
     1   110     1     3        0  0.2426E-02  0.2881E+02  0.0000E+00  0.1372E-09
     1   110     1     4        0  0.2091E+00  0.8797E-05  0.0000E+00  0.1013E-03
     1   111     1     1        0  0.0000E+00  0.3456E+02  0.2055E+04  0.1000E+03
     1   111     1     2        0  0.1007E+05  0.6304E-04  0.0000E+00  0.3261E-03
     1   111     1     3        0  0.2955E-01  0.2439E+02  0.0000E+00  0.1321E-09
     1   111     1     4        0  0.7134E+00  0.4791E-04  0.0000E+00  0.2845E-03
     1   111     1     5        0  0.2518E-01  0.3913E-01  0.0000E+00  0.8339E-09
     1   112     1     1        0  0.0000E+00  0.7564E+02  0.2411E+04  0.1000E+03
     1   112     1     2        0  0.1179E+05  0.7388E-04  0.0000E+00  0.8256E-03
     1   112     1     3        0  0.9201E-01  0.4844E+02  0.0000E+00  0.5599E-10
     1   112     1     4        0  0.9687E+00  0.3432E-03  0.0000E+00  0.2991E-03
     1   112     1     5        0  0.3384E-01  0.7971E-01  0.0000E+00  0.2302E-08
     1   113     1     1        0  0.0000E+00  0.4007E+02  0.4424E+03  0.1000E+03
     1   113     1     2        0  0.2187E+04  0.1152E-03  0.0000E+00  0.1908E-03
     1   113     1     3        0  0.6188E-02  0.1206E+02  0.0000E+00  0.1975E-09
     1   113     1     4        0  0.5117E-01  0.3927E-04  0.0000E+00  0.2143E-04
     1   114     1     1        0  0.0000E+00  0.1000E+03  0.2826E+04  0.1000E+03
     1   114     1     2        0  0.1367E+05  0.1046E-03  0.0000E+00  0.8601E-03
     1   114     1     3        0  0.1089E+00  0.6001E+02  0.0000E+00  0.4644E-10
     1   114     1     4        0  0.1250E+01  0.4373E-03  0.0000E+00  0.3476E-03
     1   114     1     5        0  0.4533E-01  0.9874E-01  0.0000E+00  0.2798E-08
     1   115     1     1        0  0.0000E+00  0.3784E+02  0.1045E+04  0.1000E+03
     1   115     1     2        0  0.4500E+04  0.3569E-04  0.0000E+00  0.2495E-04
     1   115     1     3        0  0.7372E-03  0.2634E+02  0.0000E+00  0.1116E-09
     1   115     1     4        0  0.2335E+00  0.8319E-05  0.0000E+00  0.1212E-03
     1   116     1     1        0  0.0000E+00  0.1000E+03  0.1968E+04  0.1000E+03
     1   116     1     2        0  0.9352E+04  0.8437E-04  0.0000E+00  0.3302E-03
     1   116     1     3        0  0.2741E-01  0.4768E+02  0.0000E+00  0.9485E-10
     1   116     1     4        0  0.6556E+00  0.1039E-03  0.0000E+00  0.2795E-03
     1   116     1     5        0  0.2273E-01  0.7898E-01  0.0000E+00  0.8325E-09
     1   117     1     1        0  0.0000E+00  0.1000E+03  0.2420E+04  0.1000E+03
     1   117     1     2        0  0.1159E+05  0.5219E-04  0.0000E+00  0.8205E-03
     1   117     1     3        0  0.9172E-01  0.9497E+02  0.0000E+00  0.4954E-10
     1   117     1     4        0  0.9656E+00  0.6058E-03  0.0000E+00  0.3047E-03
     1   117     1     5        0  0.3384E-01  0.1605E+00  0.0000E+00  0.2326E-08
     1   118     1     1        0  0.0000E+00  0.7910E+02  0.4447E+03  0.1000E+03
     1   118     1     2        0  0.2152E+04  0.3824E-04  0.0000E+00  0.1532E-03
     1   118     1     3        0  0.4657E-02  0.1414E+02  0.0000E+00  0.2048E-09
     1   118     1     4        0  0.3549E-01  0.3301E-04  0.0000E+00  0.1309E-04
     1   119     1     1        0  0.0000E+00  0.1000E+03  0.2771E+04  0.1000E+03
     1   119     1     2        0  0.1313E+05  0.1311E-03  0.0000E+00  0.8168E-03
     1   119     1     3        0  0.1006E+00  0.7558E+02  0.0000E+00  0.9251E-10
     1   119     1     4        0  0.1202E+01  0.4892E-03  0.0000E+00  0.3466E-03
     1   119     1     5        0  0.4333E-01  0.1276E+00  0.0000E+00  0.2634E-08
     1   120     1     1        0  0.0000E+00  0.2596E+02  0.1113E+04  0.1000E+03
     1   120     1     2        0  0.4739E+04  0.7350E-04  0.0000E+00  0.6691E-04
     1   120     1     3        0  0.3586E-02  0.3641E+02  0.0000E+00  0.1192E-09
     1   120     1     4        0  0.2530E+00  0.4986E-04  0.0000E+00  0.1424E-03
     1   121     1     1        0  0.0000E+00  0.8465E+02  0.1879E+04  0.1000E+03
     1   121     1     2        0  0.8669E+04  0.1381E-03  0.0000E+00  0.2662E-03
     1   121     1     3        0  0.2047E-01  0.5169E+02  0.0000E+00  0.1272E-09
     1   121     1     4        0  0.5948E+00  0.1042E-03  0.0000E+00  0.2741E-03
     1   121     1     5        0  0.2043E-01  0.8789E-01  0.0000E+00  0.6656E-09
     1   122     1     1        0  0.0000E+00  0.2397E+02  0.2431E+04  0.1000E+03
     1   122     1     2        0  0.1140E+05  0.6905E-04  0.0000E+00  0.8723E-03
     1   122     1     3        0  0.9618E-01  0.2761E+02  0.0000E+00  0.1061E-09
     1   122     1     4        0  0.9637E+00  0.1950E-03  0.0000E+00  0.3100E-03
     1   122     1     5        0  0.3386E-01  0.4769E-01  0.0000E+00  0.2515E-08
     1   123     1     1        0  0.0000E+00  0.5384E+02  0.4495E+03  0.1000E+03
     1   123     1     2        0  0.2132E+04  0.7832E-04  0.0000E+00  0.1385E-03
     1   123     1     3        0  0.4012E-02  0.1140E+02  0.0000E+00  0.2175E-09
     1   123     1     4        0  0.2336E-01  0.4105E-04  0.0000E+00  0.8950E-05
     1   124     1     1        0  0.0000E+00  0.4615E+02  0.2712E+04  0.1000E+03
     1   124     1     2        0  0.1261E+05  0.1541E-03  0.0000E+00  0.8199E-03
     1   124     1     3        0  0.9702E-01  0.4081E+02  0.0000E+00  0.1893E-09
     1   124     1     4        0  0.1148E+01  0.2706E-03  0.0000E+00  0.3452E-03
     1   124     1     5        0  0.4137E-01  0.7044E-01  0.0000E+00  0.2621E-08
     1   125     1     1        0  0.0000E+00  0.2655E+01  0.1182E+04  0.1000E+03
     1   125     1     2        0  0.4977E+04  0.7248E-05  0.0000E+00  0.1128E-03
     1   125     1     3        0  0.5648E-02  0.1730E+02  0.0000E+00  0.1131E-09
     1   125     1     4        0  0.2755E+00  0.1112E-04  0.0000E+00  0.1653E-03
     1   126     1     1        0  0.0000E+00  0.4142E+02  0.1793E+04  0.1000E+03
     1   126     1     2        0  0.8040E+04  0.1285E-03  0.0000E+00  0.2457E-03
     1   126     1     3        0  0.1732E-01  0.2466E+02  0.0000E+00  0.2537E-09
     1   126     1     4        0  0.5377E+00  0.1641E-04  0.0000E+00  0.2687E-03
     1   126     1     5        0  0.1834E-01  0.4275E-01  0.0000E+00  0.5739E-09
     1   127     1     1        0  0.0000E+00  0.3509E+02  0.2437E+04  0.1000E+03
     1   127     1     2        0  0.1122E+05  0.8326E-04  0.0000E+00  0.8869E-03
     1   127     1     3        0  0.9643E-01  0.4381E+02  0.0000E+00  0.1151E-09
     1   127     1     4        0  0.9609E+00  0.3406E-03  0.0000E+00  0.3149E-03
     1   127     1     5        0  0.3382E-01  0.7741E-01  0.0000E+00  0.2608E-08
     1   128     1     1        0  0.0000E+00  0.8929E+02  0.4509E+03  0.1000E+03
     1   128     1     2        0  0.2098E+04  0.3031E-03  0.0000E+00  0.1046E-03
     1   128     1     3        0  0.2943E-02  0.1045E+02  0.0000E+00  0.2255E-09
     1   128     1     4        0  0.1329E-01  0.3250E-04  0.0000E+00  0.9098E-05
     1   129     1     1        0  0.0000E+00  0.4131E+02  0.2657E+04  0.1000E+03
     1   129     1     2        0  0.1212E+05  0.8473E-04  0.0000E+00  0.7907E-03
     1   129     1     3        0  0.8979E-01  0.4220E+02  0.0000E+00  0.1139E-09
     1   129     1     4        0  0.1100E+01  0.3072E-03  0.0000E+00  0.3435E-03
     1   129     1     5        0  0.3953E-01  0.7425E-01  0.0000E+00  0.2509E-08
     1   130     1     1        0  0.0000E+00  0.1000E+03  0.1245E+04  0.1000E+03
     1   130     1     2        0  0.5188E+04  0.1292E-03  0.0000E+00  0.1851E-03
     1   130     1     3        0  0.9156E-02  0.5305E+02  0.0000E+00  0.1161E-09
     1   130     1     4        0  0.2986E+00  0.6597E-04  0.0000E+00  0.1761E-03
     1   131     1     1        0  0.0000E+00  0.3796E+02  0.1705E+04  0.1000E+03
     1   131     1     2        0  0.7433E+04  0.7786E-04  0.0000E+00  0.1973E-03
     1   131     1     3        0  0.1266E-01  0.2355E+02  0.0000E+00  0.1543E-09
     1   131     1     4        0  0.4836E+00  0.1531E-04  0.0000E+00  0.2631E-03
     1   132     1     1        0  0.0000E+00  0.7143E+02  0.2251E+04  0.1000E+03
     1   132     1     2        0  0.1514E+05  0.1354E-03  0.3793E-01  0.1782E-02
     1   132     1     3        0  0.2602E+00  0.7515E+02  0.0000E+00  0.2252E-09
     1   132     1     4        0  0.2455E+01  0.1472E-02  0.0000E+00  0.4423E-03
     1   132     1     5        0  0.6533E-01  0.2002E+00  0.0000E+00  0.7368E-08
     1   133     1     1        0  0.0000E+00  0.5851E+02  0.2576E+04  0.1000E+03
     1   133     1     2        0  0.1740E+05  0.2396E-03  0.2686E-01  0.1067E-02
     1   133     1     3        0  0.1840E+00  0.1000E+03  0.0000E+00  0.1674E-09
     1   133     1     4        0  0.3127E+01  0.5398E-03  0.0000E+00  0.5054E-03
     1   133     1     5        0  0.8559E-01  0.2723E+00  0.0000E+00  0.5281E-08
     1   134     1     1        0  0.0000E+00  0.1000E+03  0.2639E+04  0.1000E+03
     1   134     1     2        0  0.1780E+05  0.8973E-04  0.0000E+00  0.4241E-03
     1   134     1     3        0  0.7917E-01  0.5110E+02  0.0000E+00  0.3023E-09
     1   134     1     4        0  0.3301E+01  0.6750E-03  0.0000E+00  0.5205E-03
     1   134     1     5        0  0.9003E-01  0.1421E+00  0.0000E+00  0.1911E-08
     1   135     1     1        0  0.0000E+00  0.9346E+02  0.2428E+04  0.1000E+03
     1   135     1     2        0  0.1628E+05  0.6184E-04  0.9327E-01  0.4296E-02
     1   135     1     3        0  0.6366E+00  0.1744E+02  0.0000E+00  0.1238E-09
     1   135     1     4        0  0.2847E+01  0.4233E-03  0.0000E+00  0.4927E-03
     1   135     1     5        0  0.7689E-01  0.4925E-01  0.0000E+00  0.1979E-07
     1   136     1     1        0  0.0000E+00  0.9314E+02  0.1997E+04  0.1000E+03
     1   136     1     2        0  0.1303E+05  0.4654E-04  0.6067E-01  0.3420E-02
     1   136     1     3        0  0.4128E+00  0.9177E+01  0.0000E+00  0.1821E-09
     1   136     1     4        0  0.1985E+01  0.1251E-03  0.0000E+00  0.4206E-03
     1   136     1     5        0  0.5145E-01  0.2609E-01  0.0000E+00  0.1337E-07
     1   137     1     1        0  0.0000E+00  0.9378E+02  0.1367E+04  0.1000E+03
     1   137     1     2        0  0.8324E+04  0.7456E-04  0.1065E+00  0.1049E-01
     1   137     1     3        0  0.7211E+00  0.5144E+01  0.0000E+00  0.2666E-09
     1   137     1     4        0  0.1001E+01  0.2599E-03  0.0000E+00  0.3151E-03
     1   137     1     5        0  0.2342E-01  0.1457E-01  0.0000E+00  0.2793E-07
     1   138     1     1        0  0.0000E+00  0.9620E+02  0.6010E+03  0.1000E+03
     1   138     1     2        0  0.3205E+04  0.6683E-04  0.4391E-01  0.5197E-02
     1   138     1     3        0  0.2955E+00  0.2371E+01  0.0000E+00  0.3873E-09
     1   138     1     4        0  0.2576E+00  0.6566E-04  0.0000E+00  0.6108E-04
     1   139     1     1        0  0.0000E+00  0.1000E+03  0.4661E+03  0.1000E+03
     1   139     1     2        0  0.3133E+04  0.4518E-04  0.0000E+00  0.1390E-02
     1   139     1     3        0  0.6066E-01  0.1282E+00  0.0000E+00  0.1248E-09
     1   140     1     1        0  0.0000E+00  0.9988E+02  0.2296E+04  0.1000E+03
     1   140     1     2        0  0.2212E+05  0.1591E-03  0.4220E+00  0.1983E-01
     1   140     1     3        0  0.4239E+01  0.7399E+01  0.0000E+00  0.5551E-09
     1   140     1     4        0  0.7383E+01  0.7608E-03  0.0000E+00  0.6925E-03
     1   140     1     5        0  0.1503E+00  0.3069E-01  0.0000E+00  0.1303E-06
     1   141     1     1        0  0.0000E+00  0.9746E+02  0.2048E+04  0.1000E+03
     1   141     1     2        0  0.1963E+05  0.3078E-03  0.4924E+00  0.2460E-01
     1   141     1     3        0  0.4934E+01  0.6154E+01  0.0000E+00  0.1168E-08
     1   141     1     4        0  0.6022E+01  0.8897E-03  0.0000E+00  0.5890E-03
     1   141     1     5        0  0.1199E+00  0.2601E-01  0.0000E+00  0.1440E-06
     1   142     1     1        0  0.0000E+00  0.9938E+02  0.4682E+03  0.1000E+03
     1   142     1     2        0  0.4670E+04  0.2368E-03  0.9838E-01  0.1734E-01
     1   142     1     3        0  0.9787E+00  0.1207E+01  0.0000E+00  0.1527E-08
     1   142     1     4        0  0.2620E+00  0.1955E-03  0.0000E+00  0.2231E-04
     1   143     1     1        0  0.0000E+00  0.9750E+02  0.2482E+04  0.1000E+03
     1   143     1     2        0  0.2387E+05  0.9349E-04  0.5499E+00  0.2295E-01
     1   143     1     3        0  0.5471E+01  0.7117E+01  0.0000E+00  0.4498E-09
     1   143     1     4        0  0.8629E+01  0.1282E-02  0.0000E+00  0.7286E-03
     1   143     1     5        0  0.1757E+00  0.3029E-01  0.0000E+00  0.1628E-06
     1   144     1     1        0  0.0000E+00  0.1000E+03  0.1668E+04  0.1000E+03
     1   144     1     2        0  0.1535E+05  0.1361E-03  0.4241E+00  0.2765E-01
     1   144     1     3        0  0.4204E+01  0.6102E+01  0.0000E+00  0.1469E-08
     1   144     1     4        0  0.4162E+01  0.1193E-02  0.0000E+00  0.5014E-03
     1   144     1     5        0  0.7795E-01  0.2618E-01  0.0000E+00  0.1335E-06
     1   145     1     1        0  0.0000E+00  0.1000E+03  0.8422E+03  0.1000E+03
     1   145     1     2        0  0.6384E+04  0.4416E-03  0.2092E+00  0.3697E-01
     1   145     1     3        0  0.2063E+01  0.4161E+01  0.0000E+00  0.5216E-08
     1   145     1     4        0  0.1204E+01  0.5672E-03  0.0000E+00  0.2876E-03
     1   145     1     5        0  0.1800E-01  0.1754E-01  0.0000E+00  0.9430E-07
     1   146     1     1        0  0.0000E+00  0.1000E+03  0.2558E+04  0.1000E+03
     1   146     1     2        0  0.2442E+05  0.3149E-03  0.4651E+00  0.1874E-01
     1   146     1     3        0  0.4584E+01  0.1236E+02  0.0000E+00  0.2251E-08
     1   146     1     4        0  0.9061E+01  0.1384E-02  0.0000E+00  0.7528E-03
     1   146     1     5        0  0.1865E+00  0.5402E-01  0.0000E+00  0.1382E-06
     1   147     1     1        0  0.0000E+00  0.1000E+03  0.1217E+04  0.1000E+03
     1   147     1     2        0  0.1037E+05  0.1481E-03  0.2782E+00  0.2741E-01
     1   147     1     3        0  0.2730E+01  0.5624E+01  0.0000E+00  0.2761E-09
     1   147     1     4        0  0.2429E+01  0.7100E-03  0.0000E+00  0.3910E-03
     1   147     1     5        0  0.4000E-01  0.2450E-01  0.0000E+00  0.9922E-07
     1   148     1     1        0  0.0000E+00  0.9739E+02  0.1321E+04  0.1000E+03
     1   148     1     2        0  0.1127E+05  0.7276E-04  0.3006E+00  0.3368E-01
     1   148     1     3        0  0.2939E+01  0.5078E+01  0.0000E+00  0.1738E-08
     1   148     1     4        0  0.2641E+01  0.9130E-03  0.0000E+00  0.5072E-03
     1   148     1     5        0  0.4701E-01  0.2205E-01  0.0000E+00  0.1311E-06
     1   149     1     1        0  0.0000E+00  0.9887E+02  0.2527E+04  0.1000E+03
     1   149     1     2        0  0.2385E+05  0.5996E-04  0.4943E+00  0.2020E-01
     1   149     1     3        0  0.4827E+01  0.1007E+02  0.0000E+00  0.1243E-08
     1   149     1     4        0  0.8850E+01  0.1654E-02  0.0000E+00  0.7480E-03
     1   149     1     5        0  0.1813E+00  0.4521E-01  0.0000E+00  0.1477E-06
     1   150     1     1        0  0.0000E+00  0.1000E+03  0.7170E+03  0.1000E+03
     1   150     1     2        0  0.4940E+04  0.4120E-03  0.1520E+00  0.1624E-01
     1   150     1     3        0  0.1476E+01  0.4419E+01  0.0000E+00  0.1144E-08
     1   150     1     4        0  0.1014E+01  0.6414E-03  0.0000E+00  0.1333E-03
     1   150     1     5        0  0.1251E-01  0.1952E-01  0.0000E+00  0.3642E-07
     1   151     1     1        0  0.0000E+00  0.9910E+02  0.1732E+04  0.1000E+03
     1   151     1     2        0  0.1544E+05  0.3033E-03  0.3121E+00  0.2226E-01
     1   151     1     3        0  0.3024E+01  0.1217E+02  0.0000E+00  0.2136E-08
     1   151     1     4        0  0.4287E+01  0.1320E-02  0.0000E+00  0.5828E-03
     1   151     1     5        0  0.8258E-01  0.5410E-01  0.0000E+00  0.1127E-06
     1   152     1     1        0  0.0000E+00  0.1000E+03  0.2390E+04  0.1000E+03
     1   152     1     2        0  0.2220E+05  0.1221E-03  0.3406E+00  0.1477E-01
     1   152     1     3        0  0.3294E+01  0.1705E+02  0.0000E+00  0.1175E-08
     1   152     1     4        0  0.7999E+01  0.1192E-02  0.0000E+00  0.7131E-03
     1   152     1     5        0  0.1610E+00  0.7772E-01  0.0000E+00  0.1033E-06
     1   153     1     1        0  0.0000E+00  0.9875E+02  0.5085E+03  0.1000E+03
     1   153     1     2        0  0.4781E+04  0.1067E-03  0.4788E-01  0.5355E-02
     1   153     1     3        0  0.4597E+00  0.1997E+01  0.0000E+00  0.1085E-09
     1   153     1     4        0  0.1822E+00  0.8300E-04  0.0000E+00  0.1509E-04
     1   154     1     1        0  0.0000E+00  0.9993E+02  0.2065E+04  0.1000E+03
     1   154     1     2        0  0.1871E+05  0.2005E-03  0.3550E+00  0.1915E-01
     1   154     1     3        0  0.3409E+01  0.1061E+02  0.0000E+00  0.1613E-08
     1   154     1     4        0  0.5943E+01  0.1627E-02  0.0000E+00  0.6495E-03
     1   154     1     5        0  0.1183E+00  0.4791E-01  0.0000E+00  0.1155E-06
     1   155     1     1        0  0.0000E+00  0.1000E+03  0.2155E+04  0.1000E+03
     1   155     1     2        0  0.1960E+05  0.4538E-04  0.3230E+00  0.1568E-01
     1   155     1     3        0  0.3095E+01  0.1270E+02  0.0000E+00  0.3074E-09
     1   155     1     4        0  0.6559E+01  0.1671E-02  0.0000E+00  0.6491E-03
     1   155     1     5        0  0.1295E+00  0.5847E-01  0.0000E+00  0.9942E-07
     1   156     1     1        0  0.0000E+00  0.9658E+02  0.4759E+03  0.1000E+03
     1   156     1     2        0  0.4539E+04  0.1850E-03  0.0000E+00  0.1696E-02
     1   156     1     3        0  0.1019E+00  0.1038E+01  0.0000E+00  0.1542E-09
     1   156     1     4        0  0.2561E-01  0.3687E-04  0.0000E+00  0.1564E-04
     1   157     1     1        0  0.0000E+00  0.1000E+03  0.2303E+04  0.1000E+03
     1   157     1     2        0  0.2097E+05  0.3064E-03  0.2759E+00  0.1270E-01
     1   157     1     3        0  0.2626E+01  0.2542E+02  0.0000E+00  0.6440E-09
     1   157     1     4        0  0.7323E+01  0.1547E-02  0.0000E+00  0.7024E-03
     1   157     1     5        0  0.1477E+00  0.1161E+00  0.0000E+00  0.8569E-07
     1   158     1     1        0  0.0000E+00  0.9685E+02  0.1831E+04  0.1000E+03
     1   158     1     2        0  0.1614E+05  0.2130E-03  0.1920E+00  0.1118E-01
     1   158     1     3        0  0.1822E+01  0.1714E+02  0.0000E+00  0.1461E-09
     1   158     1     4        0  0.4853E+01  0.8347E-03  0.0000E+00  0.5616E-03
     1   158     1     5        0  0.9205E-01  0.7932E-01  0.0000E+00  0.6124E-07
     1   159     1     1        0  0.0000E+00  0.9952E+02  0.5225E+03  0.1000E+03
     1   159     1     2        0  0.4512E+04  0.4524E-03  0.6407E-01  0.1167E-01
     1   159     1     3        0  0.6049E+00  0.4665E+01  0.0000E+00  0.1617E-08
     1   159     1     4        0  0.5415E+00  0.3949E-03  0.0000E+00  0.9496E-04
     1   159     1     5        0  0.5522E-02  0.2103E-01  0.0000E+00  0.2021E-07
     1   160     1     1        0  0.0000E+00  0.1000E+03  0.2441E+04  0.1000E+03
     1   160     1     2        0  0.2217E+05  0.1308E-03  0.3100E+00  0.1330E-01
     1   160     1     3        0  0.2926E+01  0.1801E+02  0.0000E+00  0.8583E-09
     1   160     1     4        0  0.8131E+01  0.2117E-02  0.0000E+00  0.7429E-03
     1   160     1     5        0  0.1662E+00  0.8391E-01  0.0000E+00  0.9538E-07
     1   161     1     1        0  0.0000E+00  0.9650E+02  0.1432E+04  0.1000E+03
     1   161     1     2        0  0.1194E+05  0.3144E-03  0.1441E+00  0.1144E-01
     1   161     1     3        0  0.1355E+01  0.1560E+02  0.0000E+00  0.5650E-09
     1   161     1     4        0  0.3154E+01  0.1373E-02  0.0000E+00  0.4589E-03
     1   161     1     5        0  0.5478E-01  0.7277E-01  0.0000E+00  0.4976E-07
     1   162     1     1        0  0.0000E+00  0.9914E+02  0.1013E+04  0.1000E+03
     1   162     1     2        0  0.7486E+04  0.5958E-03  0.8627E-01  0.1495E-01
     1   162     1     3        0  0.8085E+00  0.2208E+02  0.0000E+00  0.2196E-08
     1   162     1     4        0  0.1627E+01  0.6151E-03  0.0000E+00  0.4455E-03
     1   162     1     5        0  0.2572E-01  0.1016E+00  0.0000E+00  0.4686E-07
     1   163     1     1        0  0.0000E+00  0.9686E+02  0.2473E+04  0.1000E+03
     1   163     1     2        0  0.2229E+05  0.3262E-03  0.1871E+00  0.7932E-02
     1   163     1     3        0  0.1752E+01  0.5532E+02  0.0000E+00  0.8502E-09
     1   163     1     4        0  0.8332E+01  0.1725E-02  0.0000E+00  0.7555E-03
     1   163     1     5        0  0.1704E+00  0.2628E+00  0.0000E+00  0.5807E-07
     1   164     1     1        0  0.0000E+00  0.9938E+02  0.9742E+03  0.1000E+03
     1   164     1     2        0  0.7180E+04  0.7857E-03  0.7727E-01  0.8397E-02
     1   164     1     3        0  0.7205E+00  0.1495E+02  0.0000E+00  0.1244E-08
     1   164     1     4        0  0.1621E+01  0.4045E-03  0.0000E+00  0.2773E-03
     1   164     1     5        0  0.2380E-01  0.7028E-01  0.0000E+00  0.2574E-07
     1   165     1     1        0  0.0000E+00  0.9942E+02  0.1450E+04  0.1000E+03
     1   165     1     2        0  0.1183E+05  0.3066E-03  0.1163E+00  0.1088E-01
     1   165     1     3        0  0.1082E+01  0.1476E+02  0.0000E+00  0.2092E-08
     1   165     1     4        0  0.3048E+01  0.1158E-02  0.0000E+00  0.5420E-03
     1   165     1     5        0  0.5552E-01  0.6929E-01  0.0000E+00  0.4818E-07
     1   166     1     1        0  0.0000E+00  0.9352E+02  0.2401E+04  0.1000E+03
     1   166     1     2        0  0.2138E+05  0.2471E-03  0.2173E+00  0.9487E-02
     1   166     1     3        0  0.2018E+01  0.2640E+02  0.0000E+00  0.5559E-09
     1   166     1     4        0  0.7942E+01  0.2515E-02  0.0000E+00  0.7379E-03
     1   166     1     5        0  0.1599E+00  0.1274E+00  0.0000E+00  0.6775E-07
     1   167     1     1        0  0.0000E+00  0.9138E+02  0.5110E+03  0.1000E+03
     1   167     1     2        0  0.4616E+04  0.9472E-03  0.3126E-01  0.3478E-02
     1   167     1     3        0  0.2888E+00  0.1450E+02  0.0000E+00  0.6655E-09
     1   167     1     4        0  0.5273E+00  0.8071E-03  0.0000E+00  0.5476E-04
     1   167     1     5        0  0.4343E-02  0.6870E-01  0.0000E+00  0.5689E-08
     1   168     1     1        0  0.0000E+00  0.8675E+02  0.1818E+04  0.1000E+03
     1   168     1     2        0  0.1541E+05  0.1333E-02  0.8533E-01  0.5582E-02
     1   168     1     3        0  0.7874E+00  0.4418E+02  0.0000E+00  0.2219E-08
     1   168     1     4        0  0.4614E+01  0.7321E-03  0.0000E+00  0.6145E-03
     1   168     1     5        0  0.8909E-01  0.2107E+00  0.0000E+00  0.3075E-07
     1   169     1     1        0  0.0000E+00  0.1000E+03  0.2229E+04  0.1000E+03
     1   169     1     2        0  0.1952E+05  0.1356E-02  0.1015E+00  0.4806E-02
     1   169     1     3        0  0.9353E+00  0.6861E+02  0.0000E+00  0.2873E-09
     1   169     1     4        0  0.6903E+01  0.1076E-02  0.0000E+00  0.6903E-03
     1   169     1     5        0  0.1367E+00  0.3343E+00  0.0000E+00  0.3228E-07
     1   170     1     1        0  0.0000E+00  0.1000E+03  0.5099E+03  0.1000E+03
     1   170     1     2        0  0.4576E+04  0.4837E-03  0.0000E+00  0.4789E-03
     1   170     1     3        0  0.4078E-01  0.2470E+01  0.0000E+00  0.1210E-09
     1   170     1     4        0  0.2942E-01  0.8706E-04  0.0000E+00  0.1546E-04
     1   171     1     1        0  0.0000E+00  0.9219E+02  0.2103E+04  0.1000E+03
     1   171     1     2        0  0.1813E+05  0.3307E-03  0.1208E+00  0.6227E-02
     1   171     1     3        0  0.1107E+01  0.2487E+02  0.0000E+00  0.1526E-08
     1   171     1     4        0  0.6094E+01  0.1464E-02  0.0000E+00  0.6730E-03
     1   171     1     5        0  0.1204E+00  0.1193E+00  0.0000E+00  0.3974E-07
     1   172     1     1        0  0.0000E+00  0.1000E+03  0.1966E+04  0.1000E+03
     1   172     1     2        0  0.1680E+05  0.2643E-03  0.1223E+00  0.6632E-02
     1   172     1     3        0  0.1118E+01  0.3746E+02  0.0000E+00  0.3117E-09
     1   172     1     4        0  0.5453E+01  0.2641E-02  0.0000E+00  0.6148E-03
     1   172     1     5        0  0.1050E+00  0.1827E+00  0.0000E+00  0.3942E-07
     1   173     1     1        0  0.0000E+00  0.7591E+02  0.4905E+03  0.1000E+03
     1   173     1     2        0  0.4473E+04  0.2431E-02  0.0000E+00  0.2397E-02
     1   173     1     3        0  0.1197E+00  0.1315E+02  0.0000E+00  0.7383E-09
     1   173     1     4        0  0.1585E+00  0.1470E-03  0.0000E+00  0.1867E-04
     1   174     1     1        0  0.0000E+00  0.1000E+03  0.2295E+04  0.1000E+03
     1   174     1     2        0  0.1988E+05  0.3678E-03  0.4450E-01  0.2053E-02
     1   174     1     3        0  0.4046E+00  0.5211E+02  0.0000E+00  0.1079E-08
     1   174     1     4        0  0.7151E+01  0.9897E-03  0.0000E+00  0.7235E-03
     1   174     1     5        0  0.1442E+00  0.2526E+00  0.0000E+00  0.1448E-07
     1   175     1     1        0  0.0000E+00  0.9944E+02  0.1620E+04  0.1000E+03
     1   175     1     2        0  0.1330E+05  0.1801E-02  0.5395E-01  0.3677E-02
     1   175     1     3        0  0.4893E+00  0.9507E+02  0.0000E+00  0.1867E-09
     1   175     1     4        0  0.3878E+01  0.9437E-03  0.0000E+00  0.5213E-03
     1   175     1     5        0  0.6990E-01  0.4647E+00  0.0000E+00  0.1845E-07
     1   176     1     1        0  0.0000E+00  0.9108E+02  0.7131E+03  0.1000E+03
     1   176     1     2        0  0.4434E+04  0.6433E-03  0.3185E-01  0.5859E-02
     1   176     1     3        0  0.2878E+00  0.1347E+02  0.0000E+00  0.2045E-08
     1   176     1     4        0  0.8913E+00  0.6392E-03  0.0000E+00  0.2161E-03
     1   176     1     5        0  0.1136E-01  0.6449E-01  0.0000E+00  0.1366E-07
     1   177     1     1        0  0.0000E+00  0.1000E+03  0.2387E+04  0.1000E+03
     1   177     1     2        0  0.2062E+05  0.4581E-03  0.1013E+00  0.4443E-02
     1   177     1     3        0  0.9145E+00  0.3968E+02  0.0000E+00  0.1343E-08
     1   177     1     4        0  0.7678E+01  0.2245E-02  0.0000E+00  0.7525E-03
     1   177     1     5        0  0.1563E+00  0.1957E+00  0.0000E+00  0.3236E-07
     1   178     1     1        0  0.0000E+00  0.9093E+02  0.1209E+04  0.1000E+03
     1   178     1     2        0  0.9174E+04  0.1991E-02  0.4446E-01  0.4463E-02
     1   178     1     3        0  0.4002E+00  0.4510E+02  0.0000E+00  0.9243E-09
     1   178     1     4        0  0.2319E+01  0.2014E-02  0.0000E+00  0.4122E-03
     1   178     1     5        0  0.3734E-01  0.2216E+00  0.0000E+00  0.1687E-07
     1   179     1     1        0  0.0000E+00  0.1000E+03  0.1170E+04  0.1000E+03
     1   179     1     2        0  0.8638E+04  0.6829E-03  0.2834E-01  0.3994E-02
     1   179     1     3        0  0.2544E+00  0.3627E+02  0.0000E+00  0.1750E-08
     1   179     1     4        0  0.2055E+01  0.4612E-03  0.0000E+00  0.5048E-03
     1   179     1     5        0  0.3443E-01  0.1767E+00  0.0000E+00  0.1478E-07
     1   180     1     1        0  0.0000E+00  0.8625E+02  0.2377E+04  0.1000E+03
     1   180     1     2        0  0.2038E+05  0.4790E-03  0.0000E+00  0.5193E-03
     1   180     1     3        0  0.1049E+00  0.6812E+02  0.0000E+00  0.8358E-09
     1   180     1     4        0  0.7671E+01  0.1786E-02  0.0000E+00  0.7523E-03
     1   180     1     5        0  0.1548E+00  0.3407E+00  0.0000E+00  0.3945E-08
     1   181     1     1        0  0.0000E+00  0.6530E+02  0.7464E+03  0.1000E+03
     1   181     1     2        0  0.4594E+04  0.1025E-02  0.2201E-01  0.2470E-02
     1   181     1     3        0  0.1966E+00  0.2466E+02  0.0000E+00  0.6840E-09
     1   181     1     4        0  0.1030E+01  0.2494E-03  0.0000E+00  0.1629E-03
     1   181     1     5        0  0.1274E-01  0.1217E+00  0.0000E+00  0.6120E-08
     1   182     1     1        0  0.0000E+00  0.1000E+03  0.1568E+04  0.1000E+03
     1   182     1     2        0  0.1244E+05  0.9474E-03  0.5237E-01  0.4249E-02
     1   182     1     3        0  0.4671E+00  0.3116E+02  0.0000E+00  0.2313E-08
     1   182     1     4        0  0.3475E+01  0.1512E-02  0.0000E+00  0.5744E-03
     1   182     1     5        0  0.6439E-01  0.1540E+00  0.0000E+00  0.2077E-07
     1   183     1     1        0  0.0000E+00  0.9239E+02  0.2266E+04  0.1000E+03
     1   183     1     2        0  0.1919E+05  0.9812E-03  0.7154E-01  0.3323E-02
     1   183     1     3        0  0.6375E+00  0.5138E+02  0.0000E+00  0.2848E-09
     1   183     1     4        0  0.7030E+01  0.2616E-02  0.0000E+00  0.7218E-03
     1   183     1     5        0  0.1401E+00  0.2593E+00  0.0000E+00  0.2320E-07
     1   184     1     1        0  0.0000E+00  0.9505E+02  0.5169E+03  0.1000E+03
     1   184     1     2        0  0.4494E+04  0.1495E-02  0.0000E+00  0.5648E-03
     1   184     1     3        0  0.4196E-01  0.2938E+02  0.0000E+00  0.3234E-09
     1   184     1     4        0  0.2367E+00  0.9361E-03  0.0000E+00  0.1533E-04
     1   185     1     1        0  0.0000E+00  0.7883E+02  0.1893E+04  0.1000E+03
     1   185     1     2        0  0.1549E+05  0.7815E-03  0.0000E+00  0.9653E-03
     1   185     1     3        0  0.1377E+00  0.4061E+02  0.0000E+00  0.1680E-08
     1   185     1     4        0  0.4966E+01  0.5625E-03  0.0000E+00  0.6424E-03
     1   185     1     5        0  0.9563E-01  0.2023E+00  0.0000E+00  0.5931E-08
     1   186     1     1        0  0.0000E+00  0.8266E+02  0.2062E+04  0.1000E+03
     1   186     1     2        0  0.1714E+05  0.6780E-03  0.0000E+00  0.4161E-03
     1   186     1     3        0  0.7837E-01  0.7476E+02  0.0000E+00  0.2861E-09
     1   186     1     4        0  0.5873E+01  0.2368E-02  0.0000E+00  0.6621E-03
     1   186     1     5        0  0.1150E+00  0.3790E+00  0.0000E+00  0.2492E-08
     1   187     1     1        0  0.0000E+00  0.1000E+03  0.4908E+03  0.1000E+03
     1   187     1     2        0  0.4332E+04  0.2017E-02  0.0000E+00  0.2672E-03
     1   187     1     3        0  0.1892E-01  0.1668E+01  0.0000E+00  0.1612E-09
     1   187     1     4        0  0.4155E-02  0.3119E-04  0.0000E+00  0.1471E-04
     1   188     1     1        0  0.0000E+00  0.9203E+02  0.2135E+04  0.1000E+03
     1   188     1     2        0  0.1772E+05  0.4759E-03  0.6020E-01  0.3023E-02
     1   188     1     3        0  0.5302E+00  0.4140E+02  0.0000E+00  0.1060E-08
     1   188     1     4        0  0.6209E+01  0.1733E-02  0.0000E+00  0.6952E-03
     1   188     1     5        0  0.1227E+00  0.2069E+00  0.0000E+00  0.2000E-07
     1   189     1     1        0  0.0000E+00  0.9247E+02  0.1773E+04  0.1000E+03
     1   189     1     2        0  0.1431E+05  0.5247E-03  0.3748E-01  0.2291E-02
     1   189     1     3        0  0.3296E+00  0.8192E+02  0.0000E+00  0.1728E-09
     1   189     1     4        0  0.4481E+01  0.3247E-02  0.0000E+00  0.5770E-03
     1   189     1     5        0  0.8367E-01  0.4140E+00  0.0000E+00  0.1271E-07
     1   190     1     1        0  0.0000E+00  0.5724E+02  0.4902E+03  0.1000E+03
     1   190     1     2        0  0.4303E+04  0.1271E-02  0.0000E+00  0.7852E-03
     1   190     1     3        0  0.3708E-01  0.1290E+02  0.0000E+00  0.1247E-08
     1   190     1     4        0  0.3714E+00  0.1865E-03  0.0000E+00  0.5254E-04
     1   191     1     1        0  0.0000E+00  0.1000E+03  0.2282E+04  0.1000E+03
     1   191     1     2        0  0.1901E+05  0.5598E-03  0.0000E+00  0.6071E-03
     1   191     1     3        0  0.1287E+00  0.5683E+02  0.0000E+00  0.1153E-08
     1   191     1     4        0  0.7005E+01  0.1692E-02  0.0000E+00  0.7396E-03
     1   191     1     5        0  0.1410E+00  0.2874E+00  0.0000E+00  0.4329E-08
     1   192     1     1        0  0.0000E+00  0.5384E+02  0.1409E+04  0.1000E+03
     1   192     1     2        0  0.1078E+05  0.2164E-02  0.0000E+00  0.4274E-03
     1   192     1     3        0  0.4760E-01  0.5738E+02  0.0000E+00  0.7572E-09
     1   192     1     4        0  0.2987E+01  0.1417E-02  0.0000E+00  0.4772E-03
     1   192     1     5        0  0.5145E-01  0.2902E+00  0.0000E+00  0.2089E-08
     1   193     1     1        0  0.0000E+00  0.8660E+02  0.8817E+03  0.1000E+03
     1   193     1     2        0  0.5627E+04  0.4472E-03  0.0000E+00  0.2373E-02
     1   193     1     3        0  0.1139E+00  0.2251E+02  0.0000E+00  0.1813E-08
     1   193     1     4        0  0.1242E+01  0.6864E-03  0.0000E+00  0.3753E-03
     1   193     1     5        0  0.1827E-01  0.1120E+00  0.0000E+00  0.6999E-08
     1   194     1     1        0  0.0000E+00  0.9238E+02  0.2331E+04  0.1000E+03
     1   194     1     2        0  0.1935E+05  0.4750E-03  0.5290E-01  0.2388E-02
     1   194     1     3        0  0.4606E+00  0.5646E+02  0.0000E+00  0.1108E-08
     1   194     1     4        0  0.7336E+01  0.2385E-02  0.0000E+00  0.7567E-03
     1   194     1     5        0  0.1474E+00  0.2891E+00  0.0000E+00  0.1738E-07
     1   195     1     1        0  0.0000E+00  0.3316E+02  0.9863E+03  0.1000E+03
     1   195     1     2        0  0.6718E+04  0.2411E-02  0.0000E+00  0.1130E-02
     1   195     1     3        0  0.8335E-01  0.5494E+02  0.0000E+00  0.8770E-09
     1   195     1     4        0  0.1599E+01  0.1774E-02  0.0000E+00  0.3176E-03
     1   195     1     5        0  0.2372E-01  0.2789E+00  0.0000E+00  0.3635E-08
     1   196     1     1        0  0.0000E+00  0.9102E+02  0.1305E+04  0.1000E+03
     1   196     1     2        0  0.9591E+04  0.1002E-02  0.0000E+00  0.3969E-03
     1   196     1     3        0  0.1913E-01  0.3609E+02  0.0000E+00  0.2138E-08
     1   196     1     4        0  0.2453E+01  0.5561E-03  0.0000E+00  0.5331E-03
     1   196     1     5        0  0.4322E-01  0.1823E+00  0.0000E+00  0.8253E-09
     1   197     1     1        0  0.0000E+00  0.8103E+02  0.2281E+04  0.1000E+03
     1   197     1     2        0  0.1878E+05  0.7422E-03  0.2668E-01  0.1162E-02
     1   197     1     3        0  0.2310E+00  0.4937E+02  0.0000E+00  0.3847E-09
     1   197     1     4        0  0.7076E+01  0.1534E-02  0.0000E+00  0.7436E-03
     1   197     1     5        0  0.1408E+00  0.2554E+00  0.0000E+00  0.8437E-08
     1   198     1     1        0  0.0000E+00  0.5670E+02  0.5220E+03  0.1000E+03
     1   198     1     2        0  0.4332E+04  0.8548E-03  0.0000E+00  0.6988E-03
     1   198     1     3        0  0.5248E-01  0.2964E+02  0.0000E+00  0.4748E-09
     1   198     1     4        0  0.5870E+00  0.3769E-03  0.0000E+00  0.7643E-04
     1   198     1     5        0  0.5258E-02  0.1507E+00  0.0000E+00  0.1299E-08
     1   199     1     1        0  0.0000E+00  0.9223E+02  0.1665E+04  0.1000E+03
     1   199     1     2        0  0.1292E+05  0.1172E-02  0.2733E-01  0.1965E-02
     1   199     1     3        0  0.2355E+00  0.4016E+02  0.0000E+00  0.2277E-08
     1   199     1     4        0  0.3865E+01  0.1478E-02  0.0000E+00  0.6050E-03
     1   199     1     5        0  0.7260E-01  0.2048E+00  0.0000E+00  0.1052E-07
     1   200     1     1        0  0.0000E+00  0.1000E+03  0.2136E+04  0.1000E+03
     1   200     1     2        0  0.1734E+05  0.1208E-02  0.3906E-01  0.1942E-02
     1   200     1     3        0  0.3363E+00  0.7036E+02  0.0000E+00  0.2950E-09
     1   200     1     4        0  0.6234E+01  0.2854E-02  0.0000E+00  0.7006E-03
     1   200     1     5        0  0.1227E+00  0.3662E+00  0.0000E+00  0.1307E-07
     1   201     1     1        0  0.0000E+00  0.5577E+02  0.5108E+03  0.1000E+03
     1   201     1     2        0  0.4296E+04  0.1924E-02  0.0000E+00  0.3842E-04
     1   201     1     3        0  0.2903E-02  0.9326E+01  0.0000E+00  0.1813E-09
     1   201     1     4        0  0.6072E-01  0.1725E-03  0.0000E+00  0.1568E-04
     1   202     1     1        0  0.0000E+00  0.8115E+02  0.1950E+04  0.1000E+03
     1   202     1     2        0  0.1552E+05  0.4324E-03  0.0000E+00  0.7024E-03
     1   202     1     3        0  0.1067E+00  0.3661E+02  0.0000E+00  0.1253E-08
     1   202     1     4        0  0.5199E+01  0.1195E-02  0.0000E+00  0.6660E-03
     1   202     1     5        0  0.1011E+00  0.1870E+00  0.0000E+00  0.4467E-08
     1   203     1     1        0  0.0000E+00  0.9584E+02  0.1901E+04  0.1000E+03
     1   203     1     2        0  0.1510E+05  0.4507E-03  0.2290E-01  0.1232E-02
     1   203     1     3        0  0.1961E+00  0.1000E+03  0.0000E+00  0.3140E-09
     1   203     1     4        0  0.5051E+01  0.3073E-02  0.0000E+00  0.6292E-03
     1   203     1     5        0  0.9622E-01  0.5191E+00  0.0000E+00  0.7444E-08
     1   204     1     1        0  0.0000E+00  0.8588E+02  0.4936E+03  0.1000E+03
     1   204     1     2        0  0.4221E+04  0.1956E-02  0.0000E+00  0.2202E-03
     1   204     1     3        0  0.1167E-01  0.9469E+01  0.0000E+00  0.5887E-09
     1   204     1     4        0  0.8868E-01  0.1914E-03  0.0000E+00  0.1928E-04
     1   205     1     1        0  0.0000E+00  0.1000E+03  0.2148E+04  0.1000E+03
     1   205     1     2        0  0.1730E+05  0.5357E-03  0.4299E-01  0.2133E-02
     1   205     1     3        0  0.3667E+00  0.5158E+02  0.0000E+00  0.1333E-08
     1   205     1     4        0  0.6201E+01  0.2185E-02  0.0000E+00  0.7172E-03
     1   205     1     5        0  0.1238E+00  0.2652E+00  0.0000E+00  0.1456E-07
     1   206     1     1        0  0.0000E+00  0.5440E+02  0.1588E+04  0.1000E+03
     1   206     1     2        0  0.1215E+05  0.1227E-02  0.0000E+00  0.9931E-03
     1   206     1     3        0  0.1203E+00  0.5390E+02  0.0000E+00  0.4028E-09
     1   206     1     4        0  0.3676E+01  0.1680E-02  0.0000E+00  0.5377E-03
     1   206     1     5        0  0.6583E-01  0.2791E+00  0.0000E+00  0.5083E-08
     1   207     1     1        0  0.0000E+00  0.6616E+02  0.6010E+03  0.1000E+03
     1   207     1     2        0  0.4186E+04  0.6836E-03  0.0000E+00  0.3673E-03
     1   207     1     3        0  0.1656E-01  0.1503E+02  0.0000E+00  0.1783E-08
     1   207     1     4        0  0.6596E+00  0.3377E-03  0.0000E+00  0.1591E-03
     1   207     1     5        0  0.7303E-02  0.7600E-01  0.0000E+00  0.7888E-09
     1   208     1     1        0  0.0000E+00  0.1000E+03  0.2253E+04  0.1000E+03
     1   208     1     2        0  0.1818E+05  0.7676E-03  0.2547E-01  0.1180E-02
     1   208     1     3        0  0.2162E+00  0.6538E+02  0.0000E+00  0.1330E-08
     1   208     1     4        0  0.6811E+01  0.2361E-02  0.0000E+00  0.7504E-03
     1   208     1     5        0  0.1368E+00  0.3399E+00  0.0000E+00  0.8625E-08
     1   209     1     1        0  0.0000E+00  0.1000E+03  0.1208E+04  0.1000E+03
     1   209     1     2        0  0.8595E+04  0.4797E-02  0.0000E+00  0.4604E-03
     1   209     1     3        0  0.4305E-01  0.1000E+03  0.0000E+00  0.8827E-09
     1   209     1     4        0  0.2257E+01  0.2314E-02  0.0000E+00  0.4310E-03
     1   209     1     5        0  0.3666E-01  0.5185E+00  0.0000E+00  0.1920E-08
     1   210     1     1        0  0.0000E+00  0.1000E+03  0.1042E+04  0.1000E+03
     1   210     1     2        0  0.6933E+04  0.1098E-02  0.0000E+00  0.1058E-02
     1   210     1     3        0  0.5779E-01  0.3287E+02  0.0000E+00  0.2633E-08
     1   210     1     4        0  0.1640E+01  0.7489E-03  0.0000E+00  0.4957E-03
     1   210     1     5        0  0.2629E-01  0.1686E+00  0.0000E+00  0.3773E-08
     1   211     1     1        0  0.0000E+00  0.7587E+02  0.2261E+04  0.1000E+03
     1   211     1     2        0  0.1817E+05  0.4763E-03  0.4369E-01  0.2040E-02
     1   211     1     3        0  0.3691E+00  0.4545E+02  0.0000E+00  0.4801E-09
     1   211     1     4        0  0.6906E+01  0.1524E-02  0.0000E+00  0.7548E-03
     1   211     1     5        0  0.1379E+00  0.2385E+00  0.0000E+00  0.1473E-07
     1   212     1     1        0  0.0000E+00  0.2257E+02  0.7769E+03  0.1000E+03
     1   212     1     2        0  0.4586E+04  0.6082E-03  0.0000E+00  0.8806E-04
     1   212     1     3        0  0.7567E-02  0.3435E+02  0.0000E+00  0.4934E-09
     1   212     1     4        0  0.1076E+01  0.8683E-03  0.0000E+00  0.1973E-03
     1   212     1     5        0  0.1370E-01  0.1782E+00  0.0000E+00  0.2539E-09
     1   213     1     1        0  0.0000E+00  0.9559E+02  0.1431E+04  0.1000E+03
     1   213     1     2        0  0.1048E+05  0.1270E-02  0.0000E+00  0.1099E-02
     1   213     1     3        0  0.1043E+00  0.4248E+02  0.0000E+00  0.2290E-08
     1   213     1     4        0  0.2915E+01  0.1445E-02  0.0000E+00  0.5641E-03
     1   213     1     5        0  0.5236E-01  0.2201E+00  0.0000E+00  0.5309E-08
     1   214     1     1        0  0.0000E+00  0.1000E+03  0.2174E+04  0.1000E+03
     1   214     1     2        0  0.1730E+05  0.3175E-03  0.2788E-01  0.1352E-02
     1   214     1     3        0  0.2344E+00  0.6357E+02  0.0000E+00  0.4613E-09
     1   214     1     4        0  0.6399E+01  0.2054E-02  0.0000E+00  0.7289E-03
     1   214     1     5        0  0.1271E+00  0.3361E+00  0.0000E+00  0.9491E-08
     1   215     1     1        0  0.0000E+00  0.6833E+02  0.5114E+03  0.1000E+03
     1   215     1     2        0  0.4203E+04  0.1931E-02  0.0000E+00  0.2423E-03
     1   215     1     3        0  0.1764E-01  0.2667E+02  0.0000E+00  0.4279E-09
     1   215     1     4        0  0.2966E+00  0.4032E-03  0.0000E+00  0.2034E-04
     1   216     1     1        0  0.0000E+00  0.7307E+02  0.1754E+04  0.1000E+03
     1   216     1     2        0  0.1339E+05  0.3882E-03  0.0000E+00  0.1214E-02
     1   216     1     3        0  0.1568E+00  0.3166E+02  0.0000E+00  0.1298E-08
     1   216     1     4        0  0.4265E+01  0.1066E-02  0.0000E+00  0.6334E-03
     1   216     1     5        0  0.8061E-01  0.1649E+00  0.0000E+00  0.7059E-08
     1   217     1     1        0  0.0000E+00  0.8690E+02  0.1996E+04  0.1000E+03
     1   217     1     2        0  0.1562E+05  0.3262E-03  0.3326E-01  0.1785E-02
     1   217     1     3        0  0.2783E+00  0.8031E+02  0.0000E+00  0.5223E-09
     1   217     1     4        0  0.5467E+01  0.2995E-02  0.0000E+00  0.6736E-03
     1   217     1     5        0  0.1063E+00  0.4255E+00  0.0000E+00  0.1147E-07
     1   218     1     1        0  0.0000E+00  0.9617E+02  0.5047E+03  0.1000E+03
     1   218     1     2        0  0.4130E+04  0.4060E-02  0.0000E+00  0.8909E-04
     1   218     1     3        0  0.6893E-02  0.9479E+00  0.0000E+00  0.1504E-09
     1   219     1     1        0  0.0000E+00  0.1000E+03  0.1999E+04  0.1000E+03
     1   219     1     2        0  0.1558E+05  0.5367E-03  0.2460E-01  0.1317E-02
     1   219     1     3        0  0.2051E+00  0.4712E+02  0.0000E+00  0.1390E-08
     1   219     1     4        0  0.5413E+01  0.1302E-02  0.0000E+00  0.6861E-03
     1   219     1     5        0  0.1061E+00  0.2451E+00  0.0000E+00  0.8622E-08
     1   220     1     1        0  0.0000E+00  0.6211E+02  0.1734E+04  0.1000E+03
     1   220     1     2        0  0.1322E+05  0.6111E-03  0.1978E-01  0.1213E-02
     1   220     1     3        0  0.1647E+00  0.5944E+02  0.0000E+00  0.1155E-09
     1   220     1     4        0  0.4265E+01  0.2187E-02  0.0000E+00  0.5909E-03
     1   220     1     5        0  0.7916E-01  0.3125E+00  0.0000E+00  0.6828E-08
     1   221     1     1        0  0.0000E+00  0.5476E+02  0.4881E+03  0.1000E+03
     1   221     1     2        0  0.4064E+04  0.5885E-03  0.0000E+00  0.2241E-03
     1   221     1     3        0  0.9174E-02  0.9420E+01  0.0000E+00  0.9430E-09
     1   221     1     4        0  0.2515E+00  0.1762E-03  0.0000E+00  0.2373E-04
     1   222     1     1        0  0.0000E+00  0.1000E+03  0.2157E+04  0.1000E+03
     1   222     1     2        0  0.1694E+05  0.7236E-03  0.3864E-01  0.1899E-02
     1   222     1     3        0  0.3208E+00  0.6105E+02  0.0000E+00  0.1317E-08
     1   222     1     4        0  0.6244E+01  0.2449E-02  0.0000E+00  0.7344E-03
     1   222     1     5        0  0.1244E+00  0.3201E+00  0.0000E+00  0.1331E-07
     1   223     1     1        0  0.0000E+00  0.1000E+03  0.1399E+04  0.1000E+03
     1   223     1     2        0  0.1016E+05  0.3424E-02  0.0000E+00  0.5397E-03
     1   223     1     3        0  0.5381E-01  0.9372E+02  0.0000E+00  0.7103E-09
     1   223     1     4        0  0.2898E+01  0.2949E-02  0.0000E+00  0.4941E-03
     1   223     1     5        0  0.5028E-01  0.4920E+00  0.0000E+00  0.2496E-08
     1   224     1     1        0  0.0000E+00  0.1000E+03  0.7709E+03  0.1000E+03
     1   224     1     2        0  0.4358E+04  0.1074E-02  0.0000E+00  0.1016E-02
     1   224     1     3        0  0.4527E-01  0.2708E+02  0.0000E+00  0.2420E-08
     1   224     1     4        0  0.9666E+00  0.7321E-03  0.0000E+00  0.3049E-03
     1   224     1     5        0  0.1331E-01  0.1397E+00  0.0000E+00  0.2787E-08
     1   225     1     1        0  0.0000E+00  0.7680E+02  0.2221E+04  0.1000E+03
     1   225     1     2        0  0.1745E+05  0.2239E-03  0.2757E-01  0.1299E-02
     1   225     1     3        0  0.2280E+00  0.4632E+02  0.0000E+00  0.7662E-09
     1   225     1     4        0  0.6651E+01  0.1631E-02  0.0000E+00  0.7561E-03
     1   225     1     5        0  0.1323E+00  0.2452E+00  0.0000E+00  0.9473E-08
     1   226     1     1        0  0.0000E+00  0.1626E+02  0.1005E+04  0.1000E+03
     1   226     1     2        0  0.6574E+04  0.1003E-02  0.0000E+00  0.5777E-03
     1   226     1     3        0  0.4201E-01  0.4241E+02  0.0000E+00  0.6684E-09
     1   226     1     4        0  0.1625E+01  0.1091E-02  0.0000E+00  0.3634E-03
     1   226     1     5        0  0.2455E-01  0.2230E+00  0.0000E+00  0.1968E-08
     1   227     1     1        0  0.0000E+00  0.9997E+02  0.1184E+04  0.1000E+03
     1   227     1     2        0  0.8061E+04  0.1652E-02  0.0000E+00  0.6780E-03
     1   227     1     3        0  0.4588E-01  0.3863E+02  0.0000E+00  0.2739E-08
     1   227     1     4        0  0.2044E+01  0.8751E-03  0.0000E+00  0.5236E-03
     1   227     1     5        0  0.3478E-01  0.2016E+00  0.0000E+00  0.2727E-08
     1   228     1     1        0  0.0000E+00  0.1000E+03  0.2190E+04  0.1000E+03
     1   228     1     2        0  0.1711E+05  0.1154E-02  0.4217E-01  0.2040E-02
     1   228     1     3        0  0.3473E+00  0.5893E+02  0.0000E+00  0.5079E-09
     1   228     1     4        0  0.6477E+01  0.2297E-02  0.0000E+00  0.7477E-03
     1   228     1     5        0  0.1286E+00  0.3146E+00  0.0000E+00  0.1456E-07
     1   229     1     1        0  0.0000E+00  0.7428E+02  0.5678E+03  0.1000E+03
     1   229     1     2        0  0.4064E+04  0.2508E-02  0.0000E+00  0.4076E-03
     1   229     1     3        0  0.2947E-01  0.6853E+02  0.0000E+00  0.6287E-09
     1   229     1     4        0  0.6594E+00  0.1290E-02  0.0000E+00  0.1028E-03
     1   229     1     5        0  0.6468E-02  0.3595E+00  0.0000E+00  0.8752E-09
     1   230     1     1        0  0.0000E+00  0.7098E+02  0.1540E+04  0.1000E+03
     1   230     1     2        0  0.1123E+05  0.6925E-03  0.1897E-01  0.1501E-02
     1   230     1     3        0  0.1557E+00  0.3023E+02  0.0000E+00  0.1803E-08
     1   230     1     4        0  0.3330E+01  0.9906E-03  0.0000E+00  0.5943E-03
     1   230     1     5        0  0.6118E-01  0.1589E+00  0.0000E+00  0.7783E-08
     1   231     1     1        0  0.0000E+00  0.8869E+02  0.2068E+04  0.1000E+03
     1   231     1     2        0  0.1596E+05  0.2901E-03  0.2460E-01  0.1259E-02
     1   231     1     3        0  0.2018E+00  0.7168E+02  0.0000E+00  0.6576E-09
     1   231     1     4        0  0.5813E+01  0.2147E-02  0.0000E+00  0.7093E-03
     1   231     1     5        0  0.1141E+00  0.3844E+00  0.0000E+00  0.8580E-08
     1   232     1     1        0  0.0000E+00  0.7849E+02  0.5031E+03  0.1000E+03
     1   232     1     2        0  0.4038E+04  0.3372E-02  0.0000E+00  0.1050E-03
     1   232     1     3        0  0.7218E-02  0.1579E+02  0.0000E+00  0.3088E-09
     1   232     1     4        0  0.9765E-01  0.3547E-03  0.0000E+00  0.1589E-04
     1   233     1     1        0  0.0000E+00  0.1000E+03  0.1826E+04  0.1000E+03
     1   233     1     2        0  0.1375E+05  0.3540E-03  0.0000E+00  0.9644E-03
     1   233     1     3        0  0.1316E+00  0.4337E+02  0.0000E+00  0.1094E-08
     1   233     1     4        0  0.4550E+01  0.1561E-02  0.0000E+00  0.6578E-03
     1   233     1     5        0  0.8771E-01  0.2283E+00  0.0000E+00  0.5994E-08
     1   234     1     1        0  0.0000E+00  0.7929E+02  0.1858E+04  0.1000E+03
     1   234     1     2        0  0.1407E+05  0.3521E-03  0.3197E-01  0.1819E-02
     1   234     1     3        0  0.2612E+00  0.7376E+02  0.0000E+00  0.3289E-09
     1   234     1     4        0  0.4817E+01  0.2439E-02  0.0000E+00  0.6421E-03
     1   234     1     5        0  0.9127E-01  0.3942E+00  0.0000E+00  0.1109E-07
     1   235     1     1        0  0.0000E+00  0.4870E+02  0.4874E+03  0.1000E+03
     1   235     1     2        0  0.3980E+04  0.7664E-03  0.0000E+00  0.1806E-03
     1   235     1     3        0  0.9372E-02  0.4402E+01  0.0000E+00  0.2641E-09
     1   235     1     4        0  0.4334E-01  0.8296E-04  0.0000E+00  0.1953E-04
     1   236     1     1        0  0.0000E+00  0.9721E+02  0.2032E+04  0.1000E+03
     1   236     1     2        0  0.1555E+05  0.8366E-03  0.3472E-01  0.1829E-02
     1   236     1     3        0  0.2828E+00  0.5459E+02  0.0000E+00  0.1457E-08
     1   236     1     4        0  0.5547E+01  0.2265E-02  0.0000E+00  0.7096E-03
     1   236     1     5        0  0.1098E+00  0.2882E+00  0.0000E+00  0.1229E-07
     1   237     1     1        0  0.0000E+00  0.9436E+02  0.1571E+04  0.1000E+03
     1   237     1     2        0  0.1150E+05  0.2513E-02  0.0000E+00  0.6944E-03
     1   237     1     3        0  0.7980E-01  0.7831E+02  0.0000E+00  0.5597E-09
     1   237     1     4        0  0.3560E+01  0.2165E-02  0.0000E+00  0.5528E-03
     1   237     1     5        0  0.6408E-01  0.4164E+00  0.0000E+00  0.3658E-08
     1   238     1     1        0  0.0000E+00  0.1000E+03  0.5036E+03  0.1000E+03
     1   238     1     2        0  0.3951E+04  0.6822E-03  0.0000E+00  0.5588E-03
     1   238     1     3        0  0.2411E-01  0.2088E+02  0.0000E+00  0.1299E-08
     1   238     1     4        0  0.4866E+00  0.4451E-03  0.0000E+00  0.1097E-03
     1   239     1     1        0  0.0000E+00  0.8547E+02  0.2149E+04  0.1000E+03
     1   239     1     2        0  0.1653E+05  0.4819E-03  0.2929E-01  0.1433E-02
     1   239     1     3        0  0.2377E+00  0.5118E+02  0.0000E+00  0.1099E-08
     1   239     1     4        0  0.6212E+01  0.1766E-02  0.0000E+00  0.7469E-03
     1   239     1     5        0  0.1235E+00  0.2723E+00  0.0000E+00  0.1028E-07
     1   240     1     1        0  0.0000E+00  0.2324E+02  0.5233E+03  0.1000E+03
     1   240     1     2        0  0.1801E+04  0.1029E-03  0.0000E+00  0.5078E-04
     1   240     1     3        0  0.1713E-02  0.6337E+01  0.0000E+00  0.9145E-10
     1   240     1     4        0  0.2068E-01  0.2440E-04  0.0000E+00  0.7376E-05
