SUMMARY OF C0NVERGENCE INFORMATION
  STEP   INC  ATT   ITER     CONT.   RESID.        CORR.      RESID.      CORR.
                              EL.    FORCE         DISP       FLUX        TEMP.
                              (#)     (%)           (%)        (%)         (%)
     1     1     1     1        0  0.0000E+00  0.1000E-29  0.1148E+04  0.1000E+03
     1     1     1     2        0  0.2714E+04  0.1000E-29  0.0000E+00  0.2048E-06
     1     1     1     3        0  0.0000E+00  0.1000E+03  0.0000E+00  0.1112E-08
     1     2     1     1        0  0.0000E+00  0.7009E+02  0.1020E+04  0.1000E+03
     1     2     1     2        0  0.6475E+04  0.6841E-04  0.0000E+00  0.2105E-04
     1     2     1     3        0  0.2276E-01  0.7056E+02  0.0000E+00  0.5873E-09
     1     2     1     4        0  0.1230E+01  0.2251E-03  0.0000E+00  0.1627E-04
     1     2     1     5        0  0.1721E-01  0.7796E-03  0.0000E+00  0.5269E-09
     1     3     1     1        0  0.0000E+00  0.2431E+02  0.1502E+04  0.1000E+03
     1     3     1     2        0  0.1297E+05  0.5534E-04  0.0000E+00  0.5467E-04
     1     3     1     3        0  0.4487E-01  0.4655E+02  0.0000E+00  0.3723E-09
     1     3     1     4        0  0.1613E+01  0.1181E-03  0.0000E+00  0.3624E-04
     1     3     1     5        0  0.3399E-01  0.9897E-03  0.0000E+00  0.3777E-09
     1     4     1     1        0  0.0000E+00  0.2787E+02  0.1963E+04  0.1000E+03
     1     4     1     2        0  0.1891E+05  0.3051E-04  0.0000E+00  0.3481E-04
     1     4     1     3        0  0.2822E-01  0.3040E+02  0.0000E+00  0.2590E-09
     1     4     1     4        0  0.1887E+01  0.1338E-04  0.0000E+00  0.5782E-04
     1     4     1     5        0  0.4749E-01  0.1040E-02  0.0000E+00  0.2659E-09
     1     5     1     1        0  0.0000E+00  0.1218E+02  0.2342E+04  0.1000E+03
     1     5     1     2        0  0.2397E+05  0.2738E-04  0.0000E+00  0.1091E-03
     1     5     1     3        0  0.7458E-01  0.2209E+02  0.0000E+00  0.2245E-09
     1     5     1     4        0  0.2075E+01  0.2192E-04  0.0000E+00  0.7871E-04
     1     5     1     5        0  0.5755E-01  0.1096E-02  0.0000E+00  0.2321E-09
     1     6     1     1        0  0.0000E+00  0.1400E+02  0.2657E+04  0.1000E+03
     1     6     1     2        0  0.2789E+05  0.1938E-04  0.0000E+00  0.6589E-04
     1     6     1     3        0  0.4483E-01  0.1611E+02  0.0000E+00  0.1740E-09
     1     6     1     4        0  0.2190E+01  0.1969E-04  0.0000E+00  0.9794E-04
     1     6     1     5        0  0.6448E-01  0.1082E-02  0.0000E+00  0.1894E-09
     1     7     1     1        0  0.0000E+00  0.8601E+01  0.2921E+04  0.1000E+03
     1     7     1     2        0  0.3060E+05  0.2075E-04  0.0000E+00  0.1536E-03
     1     7     1     3        0  0.8632E-01  0.1306E+02  0.0000E+00  0.1441E-09
     1     7     1     4        0  0.2256E+01  0.1845E-04  0.0000E+00  0.1168E-03
     1     7     1     5        0  0.6909E-01  0.1132E-02  0.0000E+00  0.2398E-09
     1     8     1     1        0  0.0000E+00  0.9187E+01  0.3141E+04  0.1000E+03
     1     8     1     2        0  0.3213E+05  0.1835E-04  0.0000E+00  0.9825E-04
     1     8     1     3        0  0.5468E-01  0.1104E+02  0.0000E+00  0.1332E-09
     1     8     1     4        0  0.2288E+01  0.2717E-04  0.0000E+00  0.1354E-03
     1     8     1     5        0  0.7199E-01  0.1188E-02  0.0000E+00  0.1892E-09
     1     9     1     1        0  0.0000E+00  0.6682E+01  0.3326E+04  0.1000E+03
     1     9     1     2        0  0.3262E+05  0.6975E-05  0.0000E+00  0.1939E-03
     1     9     1     3        0  0.8896E-01  0.9652E+01  0.0000E+00  0.1453E-09
     1     9     1     4        0  0.2295E+01  0.1717E-04  0.0000E+00  0.1537E-03
     1     9     1     5        0  0.7359E-01  0.1250E-02  0.0000E+00  0.3097E-09
     1    10     1     1        0  0.0000E+00  0.7621E+01  0.3481E+04  0.1000E+03
     1    10     1     2        0  0.3240E+05  0.1145E-04  0.0000E+00  0.1315E-03
     1    10     1     3        0  0.5991E-01  0.8712E+01  0.0000E+00  0.1096E-09
     1    10     1     4        0  0.2285E+01  0.2047E-04  0.0000E+00  0.1717E-03
     1    10     1     5        0  0.7428E-01  0.1324E-02  0.0000E+00  0.2609E-09
     1    11     1     1        0  0.0000E+00  0.6171E+01  0.3610E+04  0.1000E+03
     1    11     1     2        0  0.3166E+05  0.1042E-04  0.0000E+00  0.2309E-03
     1    11     1     3        0  0.8721E-01  0.8208E+01  0.0000E+00  0.1159E-09
     1    11     1     4        0  0.2265E+01  0.1349E-04  0.0000E+00  0.1894E-03
     1    11     1     5        0  0.7434E-01  0.1431E-02  0.0000E+00  0.4391E-09
     1    12     1     1        0  0.0000E+00  0.6960E+01  0.3717E+04  0.1000E+03
     1    12     1     2        0  0.3059E+05  0.1541E-04  0.0000E+00  0.1649E-03
     1    12     1     3        0  0.6241E-01  0.7892E+01  0.0000E+00  0.9229E-10
     1    12     1     4        0  0.2239E+01  0.2524E-04  0.0000E+00  0.2068E-03
     1    12     1     5        0  0.7399E-01  0.1548E-02  0.0000E+00  0.3560E-09
     1    13     1     1        0  0.0000E+00  0.6255E+01  0.3806E+04  0.1000E+03
     1    13     1     2        0  0.2933E+05  0.1710E-04  0.0000E+00  0.2651E-03
     1    13     1     3        0  0.8395E-01  0.7775E+01  0.0000E+00  0.8451E-10
     1    13     1     4        0  0.2209E+01  0.1379E-04  0.0000E+00  0.2239E-03
     1    13     1     5        0  0.7339E-01  0.1686E-02  0.0000E+00  0.5657E-09
     1    14     1     1        0  0.0000E+00  0.7186E+01  0.3878E+04  0.1000E+03
     1    14     1     2        0  0.2802E+05  0.2213E-04  0.0000E+00  0.1978E-03
     1    14     1     3        0  0.6333E-01  0.7820E+01  0.0000E+00  0.8462E-10
     1    14     1     4        0  0.2177E+01  0.8571E-05  0.0000E+00  0.2406E-03
     1    14     1     5        0  0.7257E-01  0.1848E-02  0.0000E+00  0.4871E-09
     1    15     1     1        0  0.0000E+00  0.7571E+01  0.3936E+04  0.1000E+03
     1    15     1     2        0  0.2672E+05  0.1920E-04  0.0000E+00  0.2970E-03
     1    15     1     3        0  0.8037E-01  0.8053E+01  0.0000E+00  0.7257E-10
     1    15     1     4        0  0.2145E+01  0.9794E-05  0.0000E+00  0.2570E-03
     1    15     1     5        0  0.7171E-01  0.2048E-02  0.0000E+00  0.6958E-09
     1    16     1     1        0  0.0000E+00  0.8369E+01  0.3981E+04  0.1000E+03
     1    16     1     2        0  0.2546E+05  0.2927E-04  0.0000E+00  0.2321E-03
     1    16     1     3        0  0.6341E-01  0.8363E+01  0.0000E+00  0.7043E-10
     1    16     1     4        0  0.2114E+01  0.2470E-04  0.0000E+00  0.2730E-03
     1    16     1     5        0  0.7075E-01  0.2265E-02  0.0000E+00  0.6062E-09
     1    17     1     1        0  0.0000E+00  0.9059E+01  0.4016E+04  0.1000E+03
     1    17     1     2        0  0.2427E+05  0.3056E-04  0.0000E+00  0.3267E-03
     1    17     1     3        0  0.7681E-01  0.8779E+01  0.0000E+00  0.7535E-10
     1    17     1     4        0  0.2082E+01  0.1514E-04  0.0000E+00  0.2885E-03
     1    17     1     5        0  0.6978E-01  0.2507E-02  0.0000E+00  0.8576E-09
     1    18     1     1        0  0.0000E+00  0.9586E+01  0.4041E+04  0.1000E+03
     1    18     1     2        0  0.2315E+05  0.2137E-04  0.0000E+00  0.2660E-03
     1    18     1     3        0  0.6294E-01  0.9284E+01  0.0000E+00  0.5996E-10
     1    18     1     4        0  0.2051E+01  0.1720E-04  0.0000E+00  0.3037E-03
     1    18     1     5        0  0.6876E-01  0.2776E-02  0.0000E+00  0.7510E-09
     1    19     1     1        0  0.0000E+00  0.9835E+01  0.4056E+04  0.1000E+03
     1    19     1     2        0  0.2210E+05  0.2676E-04  0.0000E+00  0.3528E-03
     1    19     1     3        0  0.7346E-01  0.9808E+01  0.0000E+00  0.6568E-10
     1    19     1     4        0  0.2021E+01  0.1578E-04  0.0000E+00  0.3170E-03
     1    19     1     5        0  0.6775E-01  0.3047E-02  0.0000E+00  0.9982E-09
     1    20     1     1        0  0.0000E+00  0.1009E+02  0.4064E+04  0.1000E+03
     1    20     1     2        0  0.2112E+05  0.3075E-04  0.0000E+00  0.2959E-03
     1    20     1     3        0  0.6207E-01  0.1025E+02  0.0000E+00  0.6844E-10
     1    20     1     4        0  0.1990E+01  0.2077E-04  0.0000E+00  0.3298E-03
     1    20     1     5        0  0.6665E-01  0.3284E-02  0.0000E+00  0.9180E-09
     1    21     1     1        0  0.0000E+00  0.1003E+02  0.4064E+04  0.1000E+03
     1    21     1     2        0  0.2019E+05  0.2434E-04  0.0000E+00  0.3753E-03
     1    21     1     3        0  0.7035E-01  0.1059E+02  0.0000E+00  0.5764E-10
     1    21     1     4        0  0.1958E+01  0.1844E-04  0.0000E+00  0.3421E-03
     1    21     1     5        0  0.6552E-01  0.3473E-02  0.0000E+00  0.1152E-08
     1    22     1     1        0  0.0000E+00  0.9715E+01  0.4058E+04  0.1000E+03
     1    22     1     2        0  0.1932E+05  0.2805E-04  0.0000E+00  0.3237E-03
     1    22     1     3        0  0.6079E-01  0.1077E+02  0.0000E+00  0.6688E-10
     1    22     1     4        0  0.1925E+01  0.1914E-04  0.0000E+00  0.3539E-03
     1    22     1     5        0  0.6436E-01  0.3583E-02  0.0000E+00  0.1061E-08
     1    23     1     1        0  0.0000E+00  0.9210E+01  0.4046E+04  0.1000E+03
     1    23     1     2        0  0.1850E+05  0.2843E-04  0.0000E+00  0.3957E-03
     1    23     1     3        0  0.6719E-01  0.1075E+02  0.0000E+00  0.5919E-10
     1    23     1     4        0  0.1890E+01  0.2662E-04  0.0000E+00  0.3651E-03
     1    23     1     5        0  0.6313E-01  0.3581E-02  0.0000E+00  0.1304E-08
     1    24     1     1        0  0.0000E+00  0.9241E+01  0.4027E+04  0.1000E+03
     1    24     1     2        0  0.1771E+05  0.2546E-04  0.0000E+00  0.3492E-03
     1    24     1     3        0  0.5904E-01  0.1051E+02  0.0000E+00  0.5542E-10
     1    24     1     4        0  0.1853E+01  0.1880E-04  0.0000E+00  0.3757E-03
     1    24     1     5        0  0.6180E-01  0.3460E-02  0.0000E+00  0.1209E-08
     1    25     1     1        0  0.0000E+00  0.8627E+01  0.4004E+04  0.1000E+03
     1    25     1     2        0  0.1696E+05  0.1612E-04  0.0000E+00  0.4138E-03
     1    25     1     3        0  0.6385E-01  0.1020E+02  0.0000E+00  0.5546E-10
     1    25     1     4        0  0.1814E+01  0.2424E-04  0.0000E+00  0.3857E-03
     1    25     1     5        0  0.6039E-01  0.3255E-02  0.0000E+00  0.1427E-08
     1    26     1     1        0  0.0000E+00  0.8493E+01  0.3975E+04  0.1000E+03
     1    26     1     2        0  0.1623E+05  0.1524E-04  0.0000E+00  0.3720E-03
     1    26     1     3        0  0.5681E-01  0.9801E+01  0.0000E+00  0.5369E-10
     1    26     1     4        0  0.1772E+01  0.2424E-04  0.0000E+00  0.3950E-03
     1    26     1     5        0  0.5890E-01  0.2965E-02  0.0000E+00  0.1333E-08
     1    27     1     1        0  0.0000E+00  0.7978E+01  0.3942E+04  0.1000E+03
     1    27     1     2        0  0.1553E+05  0.1611E-04  0.0000E+00  0.4297E-03
     1    27     1     3        0  0.6029E-01  0.9392E+01  0.0000E+00  0.5120E-10
     1    27     1     4        0  0.1729E+01  0.2231E-04  0.0000E+00  0.4038E-03
     1    27     1     5        0  0.5733E-01  0.2611E-02  0.0000E+00  0.1544E-08
     1    28     1     1        0  0.0000E+00  0.7909E+01  0.3904E+04  0.1000E+03
     1    28     1     2        0  0.1486E+05  0.2573E-04  0.0000E+00  0.3921E-03
     1    28     1     3        0  0.5417E-01  0.9029E+01  0.0000E+00  0.5912E-10
     1    28     1     4        0  0.1682E+01  0.1666E-04  0.0000E+00  0.4118E-03
     1    28     1     5        0  0.5570E-01  0.2213E-02  0.0000E+00  0.1467E-08
     1    29     1     1        0  0.0000E+00  0.7792E+01  0.3862E+04  0.1000E+03
     1    29     1     2        0  0.1421E+05  0.2231E-04  0.0000E+00  0.4430E-03
     1    29     1     3        0  0.5648E-01  0.8758E+01  0.0000E+00  0.5805E-10
     1    29     1     4        0  0.1634E+01  0.2169E-04  0.0000E+00  0.4192E-03
     1    29     1     5        0  0.5398E-01  0.1784E-02  0.0000E+00  0.1652E-08
     1    30     1     1        0  0.0000E+00  0.7998E+01  0.3816E+04  0.1000E+03
     1    30     1     2        0  0.1358E+05  0.2741E-04  0.0000E+00  0.4092E-03
     1    30     1     3        0  0.5110E-01  0.8567E+01  0.0000E+00  0.5526E-10
     1    30     1     4        0  0.1583E+01  0.1564E-04  0.0000E+00  0.4259E-03
     1    30     1     5        0  0.5220E-01  0.1317E-02  0.0000E+00  0.1594E-08
     1    31     1     1        0  0.0000E+00  0.8357E+01  0.3766E+04  0.1000E+03
     1    31     1     2        0  0.1297E+05  0.2005E-04  0.0000E+00  0.4538E-03
     1    31     1     3        0  0.5252E-01  0.8472E+01  0.0000E+00  0.5931E-10
     1    31     1     4        0  0.1531E+01  0.2271E-04  0.0000E+00  0.4319E-03
     1    31     1     5        0  0.5038E-01  0.8123E-03  0.0000E+00  0.1744E-08
     1    32     1     1        0  0.0000E+00  0.8764E+01  0.3712E+04  0.1000E+03
     1    32     1     2        0  0.1238E+05  0.2047E-04  0.0000E+00  0.4233E-03
     1    32     1     3        0  0.4776E-01  0.8492E+01  0.0000E+00  0.5081E-10
     1    32     1     4        0  0.1477E+01  0.1642E-04  0.0000E+00  0.4372E-03
     1    32     1     5        0  0.4850E-01  0.6152E-03  0.0000E+00  0.1660E-08
     1    33     1     1        0  0.0000E+00  0.9173E+01  0.3655E+04  0.1000E+03
     1    33     1     2        0  0.1182E+05  0.1835E-04  0.0000E+00  0.4620E-03
     1    33     1     3        0  0.4845E-01  0.8619E+01  0.0000E+00  0.5861E-10
     1    33     1     4        0  0.1423E+01  0.1905E-04  0.0000E+00  0.4418E-03
     1    33     1     5        0  0.4660E-01  0.1031E-02  0.0000E+00  0.1814E-08
     1    34     1     1        0  0.0000E+00  0.9685E+01  0.3594E+04  0.1000E+03
     1    34     1     2        0  0.1128E+05  0.2507E-04  0.0000E+00  0.4343E-03
     1    34     1     3        0  0.4422E-01  0.8829E+01  0.0000E+00  0.5488E-10
     1    34     1     4        0  0.1368E+01  0.2049E-04  0.0000E+00  0.4456E-03
     1    34     1     5        0  0.4470E-01  0.1499E-02  0.0000E+00  0.1752E-08
     1    35     1     1        0  0.0000E+00  0.1018E+02  0.3530E+04  0.1000E+03
     1    35     1     2        0  0.1075E+05  0.3181E-04  0.0000E+00  0.4674E-03
     1    35     1     3        0  0.4435E-01  0.9129E+01  0.0000E+00  0.6538E-10
     1    35     1     4        0  0.1312E+01  0.1994E-04  0.0000E+00  0.4487E-03
     1    35     1     5        0  0.4279E-01  0.2026E-02  0.0000E+00  0.1873E-08
     1    36     1     1        0  0.0000E+00  0.1059E+02  0.3464E+04  0.1000E+03
     1    36     1     2        0  0.1025E+05  0.2358E-04  0.0000E+00  0.4420E-03
     1    36     1     3        0  0.4059E-01  0.9499E+01  0.0000E+00  0.5665E-10
     1    36     1     4        0  0.1256E+01  0.1905E-04  0.0000E+00  0.4510E-03
     1    36     1     5        0  0.4085E-01  0.2618E-02  0.0000E+00  0.1782E-08
     1    37     1     1        0  0.0000E+00  0.1088E+02  0.3394E+04  0.1000E+03
     1    37     1     2        0  0.9767E+04  0.2244E-04  0.0000E+00  0.4701E-03
     1    37     1     3        0  0.4028E-01  0.9894E+01  0.0000E+00  0.6675E-10
     1    37     1     4        0  0.1200E+01  0.2552E-04  0.0000E+00  0.4526E-03
     1    37     1     5        0  0.3892E-01  0.3547E-02  0.0000E+00  0.1872E-08
     1    38     1     1        0  0.0000E+00  0.1110E+02  0.3321E+04  0.1000E+03
     1    38     1     2        0  0.9302E+04  0.3295E-04  0.0000E+00  0.4465E-03
     1    38     1     3        0  0.3693E-01  0.1026E+02  0.0000E+00  0.5230E-10
     1    38     1     4        0  0.1145E+01  0.2727E-04  0.0000E+00  0.4534E-03
     1    38     1     5        0  0.3701E-01  0.4553E-02  0.0000E+00  0.1788E-08
     1    39     1     1        0  0.0000E+00  0.1110E+02  0.3245E+04  0.1000E+03
     1    39     1     2        0  0.8854E+04  0.3674E-04  0.0000E+00  0.4698E-03
     1    39     1     3        0  0.3630E-01  0.1056E+02  0.0000E+00  0.7419E-10
     1    39     1     4        0  0.1089E+01  0.2071E-04  0.0000E+00  0.4535E-03
     1    39     1     5        0  0.3513E-01  0.5614E-02  0.0000E+00  0.1854E-08
     1    40     1     1        0  0.0000E+00  0.1087E+02  0.3167E+04  0.1000E+03
     1    40     1     2        0  0.8422E+04  0.2819E-04  0.0000E+00  0.4478E-03
     1    40     1     3        0  0.3326E-01  0.1075E+02  0.0000E+00  0.5218E-10
     1    40     1     4        0  0.1034E+01  0.2505E-04  0.0000E+00  0.4528E-03
     1    40     1     5        0  0.3323E-01  0.6690E-02  0.0000E+00  0.1786E-08
     1    41     1     1        0  0.0000E+00  0.1054E+02  0.3091E+04  0.1000E+03
     1    41     1     2        0  0.8004E+04  0.2400E-04  0.0000E+00  0.4667E-03
     1    41     1     3        0  0.3240E-01  0.1076E+02  0.0000E+00  0.5453E-10
     1    41     1     4        0  0.9794E+00  0.2221E-04  0.0000E+00  0.4514E-03
     1    41     1     5        0  0.3137E-01  0.7727E-02  0.0000E+00  0.1839E-08
     1    42     1     1        0  0.0000E+00  0.1014E+02  0.3024E+04  0.1000E+03
     1    42     1     2        0  0.7600E+04  0.3399E-04  0.0000E+00  0.4459E-03
     1    42     1     3        0  0.2964E-01  0.1061E+02  0.0000E+00  0.5989E-10
     1    42     1     4        0  0.9251E+00  0.2008E-04  0.0000E+00  0.4492E-03
     1    42     1     5        0  0.2954E-01  0.8698E-02  0.0000E+00  0.1752E-08
     1    43     1     1        0  0.0000E+00  0.9663E+01  0.2954E+04  0.1000E+03
     1    43     1     2        0  0.7208E+04  0.2837E-04  0.0000E+00  0.4608E-03
     1    43     1     3        0  0.2860E-01  0.1034E+02  0.0000E+00  0.6665E-10
     1    43     1     4        0  0.8714E+00  0.2408E-04  0.0000E+00  0.4463E-03
     1    43     1     5        0  0.2771E-01  0.9600E-02  0.0000E+00  0.1787E-08
     1    44     1     1        0  0.0000E+00  0.9265E+01  0.2882E+04  0.1000E+03
     1    44     1     2        0  0.6827E+04  0.3730E-04  0.0000E+00  0.4408E-03
     1    44     1     3        0  0.2610E-01  0.9973E+01  0.0000E+00  0.6254E-10
     1    44     1     4        0  0.8183E+00  0.2326E-04  0.0000E+00  0.4426E-03
     1    44     1     5        0  0.2594E-01  0.1043E-01  0.0000E+00  0.1699E-08
     1    45     1     1        0  0.0000E+00  0.9030E+01  0.2808E+04  0.1000E+03
     1    45     1     2        0  0.6458E+04  0.1704E-04  0.0000E+00  0.4521E-03
     1    45     1     3        0  0.2494E-01  0.9579E+01  0.0000E+00  0.6105E-10
     1    45     1     4        0  0.7660E+00  0.1768E-04  0.0000E+00  0.4382E-03
     1    45     1     5        0  0.2419E-01  0.1122E-01  0.0000E+00  0.1718E-08
     1    46     1     1        0  0.0000E+00  0.8942E+01  0.2731E+04  0.1000E+03
     1    46     1     2        0  0.6098E+04  0.2147E-04  0.0000E+00  0.4327E-03
     1    46     1     3        0  0.2266E-01  0.9218E+01  0.0000E+00  0.6691E-10
     1    46     1     4        0  0.7146E+00  0.1677E-04  0.0000E+00  0.4331E-03
     1    46     1     5        0  0.2248E-01  0.1202E-01  0.0000E+00  0.1608E-08
     1    47     1     1        0  0.0000E+00  0.8969E+01  0.2651E+04  0.1000E+03
     1    47     1     2        0  0.5748E+04  0.1750E-04  0.0000E+00  0.4407E-03
     1    47     1     3        0  0.2147E-01  0.8928E+01  0.0000E+00  0.7138E-10
     1    47     1     4        0  0.6644E+00  0.1881E-04  0.0000E+00  0.4274E-03
     1    47     1     5        0  0.2080E-01  0.1290E-01  0.0000E+00  0.1607E-08
     1    48     1     1        0  0.0000E+00  0.9203E+01  0.2569E+04  0.1000E+03
     1    48     1     2        0  0.5407E+04  0.1314E-04  0.0000E+00  0.4217E-03
     1    48     1     3        0  0.1940E-01  0.8723E+01  0.0000E+00  0.6785E-10
     1    48     1     4        0  0.6153E+00  0.1785E-04  0.0000E+00  0.4209E-03
     1    48     1     5        0  0.1919E-01  0.1387E-01  0.0000E+00  0.1517E-08
     1    49     1     1        0  0.0000E+00  0.9599E+01  0.2485E+04  0.1000E+03
     1    49     1     2        0  0.5075E+04  0.1776E-04  0.0000E+00  0.4240E-03
     1    49     1     3        0  0.1816E-01  0.8630E+01  0.0000E+00  0.6958E-10
     1    49     1     4        0  0.5677E+00  0.1457E-04  0.0000E+00  0.4112E-03
     1    49     1     5        0  0.1760E-01  0.1500E-01  0.0000E+00  0.1481E-08
     1    50     1     1        0  0.0000E+00  0.1010E+02  0.2398E+04  0.1000E+03
     1    50     1     2        0  0.4752E+04  0.3909E-04  0.0000E+00  0.4010E-03
     1    50     1     3        0  0.1629E-01  0.8671E+01  0.0000E+00  0.7588E-10
     1    50     1     4        0  0.5216E+00  0.1253E-04  0.0000E+00  0.3992E-03
     1    50     1     5        0  0.1607E-01  0.1636E-01  0.0000E+00  0.1373E-08
     1    51     1     1        0  0.0000E+00  0.1070E+02  0.2314E+04  0.1000E+03
     1    51     1     2        0  0.4436E+04  0.2296E-04  0.0000E+00  0.3986E-03
     1    51     1     3        0  0.1508E-01  0.8846E+01  0.0000E+00  0.8210E-10
     1    51     1     4        0  0.4771E+00  0.1496E-04  0.0000E+00  0.3865E-03
     1    52     1     1        0  0.0000E+00  0.1146E+02  0.2227E+04  0.1000E+03
     1    52     1     2        0  0.4130E+04  0.3503E-04  0.0000E+00  0.3756E-03
     1    52     1     3        0  0.1340E-01  0.9149E+01  0.0000E+00  0.8549E-10
     1    52     1     4        0  0.4344E+00  0.1505E-04  0.0000E+00  0.3730E-03
     1    53     1     1        0  0.0000E+00  0.1795E+02  0.2098E+04  0.1000E+03
     1    53     1     2        0  0.5579E+04  0.8805E-04  0.0000E+00  0.5264E-03
     1    53     1     3        0  0.2711E-01  0.1394E+02  0.0000E+00  0.7922E-10
     1    53     1     4        0  0.1133E+01  0.3224E-04  0.0000E+00  0.4957E-03
     1    53     1     5        0  0.2548E-01  0.4259E-01  0.0000E+00  0.2422E-08
     1    54     1     1        0  0.0000E+00  0.1925E+02  0.1963E+04  0.1000E+03
     1    54     1     2        0  0.4987E+04  0.2602E-04  0.0000E+00  0.4607E-03
     1    54     1     3        0  0.2165E-01  0.1531E+02  0.0000E+00  0.6111E-10
     1    54     1     4        0  0.9729E+00  0.9066E-04  0.0000E+00  0.4633E-03
     1    54     1     5        0  0.2152E-01  0.5043E-01  0.0000E+00  0.2019E-08
     1    55     1     1        0  0.0000E+00  0.2051E+02  0.1821E+04  0.1000E+03
     1    55     1     2        0  0.4401E+04  0.1940E-04  0.0000E+00  0.4675E-03
     1    55     1     3        0  0.1944E-01  0.1678E+02  0.0000E+00  0.6967E-10
     1    55     1     4        0  0.8211E+00  0.8862E-04  0.0000E+00  0.4289E-03
     1    55     1     5        0  0.1781E-01  0.5893E-01  0.0000E+00  0.1887E-08
     1    56     1     1        0  0.0000E+00  0.2047E+02  0.1674E+04  0.1000E+03
     1    56     1     2        0  0.3821E+04  0.4652E-04  0.0000E+00  0.3840E-03
     1    56     1     3        0  0.1422E-01  0.1807E+02  0.0000E+00  0.7875E-10
     1    56     1     4        0  0.6792E+00  0.2818E-04  0.0000E+00  0.3925E-03
     1    56     1     5        0  0.1438E-01  0.6707E-01  0.0000E+00  0.1445E-08
     1    57     1     1        0  0.0000E+00  0.1921E+02  0.1520E+04  0.1000E+03
     1    57     1     2        0  0.3249E+04  0.8082E-05  0.0000E+00  0.3985E-03
     1    57     1     3        0  0.1271E-01  0.1837E+02  0.0000E+00  0.1082E-09
     1    57     1     4        0  0.5483E+00  0.4697E-04  0.0000E+00  0.3543E-03
     1    57     1     5        0  0.1126E-01  0.7171E-01  0.0000E+00  0.1347E-08
     1    58     1     1        0  0.0000E+00  0.1711E+02  0.1362E+04  0.1000E+03
     1    58     1     2        0  0.2687E+04  0.3513E-04  0.0000E+00  0.3038E-03
     1    58     1     3        0  0.8247E-02  0.1728E+02  0.0000E+00  0.9763E-10
     1    58     1     4        0  0.4296E+00  0.4353E-04  0.0000E+00  0.3154E-03
     1    59     1     1        0  0.0000E+00  0.1542E+02  0.1198E+04  0.1000E+03
     1    59     1     2        0  0.2135E+04  0.4271E-04  0.0000E+00  0.3230E-03
     1    59     1     3        0  0.7211E-02  0.1522E+02  0.0000E+00  0.1009E-09
     1    59     1     4        0  0.3242E+00  0.1048E-03  0.0000E+00  0.2755E-03
     1    60     1     1        0  0.0000E+00  0.2138E+02  0.9440E+03  0.1000E+03
     1    60     1     2        0  0.2014E+04  0.7739E-04  0.0000E+00  0.2859E-03
     1    60     1     3        0  0.7102E-02  0.1798E+02  0.0000E+00  0.1439E-09
     1    60     1     4        0  0.5906E+00  0.7278E-04  0.0000E+00  0.2922E-03
     1    60     1     5        0  0.7154E-02  0.1079E+00  0.0000E+00  0.9518E-09
     1    61     1     1        0  0.0000E+00  0.2374E+02  0.6802E+03  0.1000E+03
     1    61     1     2        0  0.1507E+04  0.1144E-03  0.0000E+00  0.1638E-03
     1    61     1     3        0  0.3740E-02  0.1418E+02  0.0000E+00  0.3544E-09
     1    61     1     4        0  0.2952E+00  0.1451E-04  0.0000E+00  0.1184E-03
     1    62     1     1        0  0.0000E+00  0.3274E+02  0.4077E+03  0.1000E+03
     1    62     1     2        0  0.1398E+04  0.2494E-03  0.0000E+00  0.4456E-04
     1    62     1     3        0  0.5676E-03  0.1183E+02  0.0000E+00  0.2617E-09
     1    62     1     4        0  0.1016E+00  0.4542E-04  0.0000E+00  0.4161E-04
     1    63     1     1        0  0.0000E+00  0.1000E+03  0.5395E+03  0.1000E+03
     1    63     1     2        0  0.2915E+04  0.3970E-02  0.0000E+00  0.2406E-04
     1    63     1     3        0  0.9069E-03  0.8405E+01  0.0000E+00  0.2038E-09
     1    63     1     4        0  0.2156E-02  0.5796E-03  0.0000E+00  0.3021E-04
     1    64     1     1        0  0.0000E+00  0.2712E+02  0.7311E+03  0.1000E+03
     1    64     1     2        0  0.5794E+04  0.2663E-03  0.0000E+00  0.1317E-03
     1    64     1     3        0  0.7751E-02  0.4586E+02  0.0000E+00  0.3159E-09
     1    64     1     4        0  0.2798E+01  0.1186E-03  0.0000E+00  0.1222E-03
     1    64     1     5        0  0.8621E-02  0.4311E+00  0.0000E+00  0.2695E-09
     1    65     1     1        0  0.0000E+00  0.4727E+02  0.1044E+04  0.1000E+03
     1    65     1     2        0  0.8120E+04  0.1218E-02  0.0000E+00  0.1039E-02
     1    65     1     3        0  0.7362E-01  0.4578E+02  0.0000E+00  0.1030E-08
     1    65     1     4        0  0.1008E+02  0.4913E-03  0.0000E+00  0.7999E-03
     1    65     1     5        0  0.5676E-01  0.3422E+00  0.0000E+00  0.7543E-08
     1    66     1     1        0  0.0000E+00  0.5358E+02  0.1628E+04  0.1000E+03
     1    66     1     2        0  0.1250E+05  0.6773E-03  0.0000E+00  0.8609E-03
     1    66     1     3        0  0.9582E-01  0.6406E+02  0.0000E+00  0.7319E-09
     1    66     1     4        0  0.2082E+02  0.3913E-03  0.0000E+00  0.1226E-02
     1    66     1     5        0  0.1370E+00  0.3100E+00  0.0000E+00  0.9511E-08
     1    67     1     1        0  0.0000E+00  0.4919E+02  0.2105E+04  0.1000E+03
     1    67     1     2        0  0.1608E+05  0.1560E-02  0.3716E-01  0.2022E-02
     1    67     1     3        0  0.2924E+00  0.6394E+02  0.0000E+00  0.2092E-08
     1    67     1     4        0  0.3330E+02  0.8595E-03  0.2955E-01  0.1600E-02
     1    67     1     5        0  0.2324E+00  0.9643E-01  0.0000E+00  0.3008E-07
     1    68     1     1        0  0.0000E+00  0.4579E+02  0.2456E+04  0.1000E+03
     1    68     1     2        0  0.1874E+05  0.2381E-03  0.3380E-01  0.1564E-02
     1    68     1     3        0  0.2673E+00  0.5093E+02  0.0000E+00  0.3774E-08
     1    68     1     4        0  0.4576E+02  0.5990E-03  0.4107E-01  0.1892E-02
     1    68     1     5        0  0.3247E+00  0.1231E+00  0.0000E+00  0.2740E-07
     1    69     1     1        0  0.0000E+00  0.4926E+02  0.2703E+04  0.1000E+03
     1    69     1     2        0  0.2044E+05  0.5560E-03  0.6272E-01  0.2670E-02
     1    69     1     3        0  0.5008E+00  0.4604E+02  0.0000E+00  0.1472E-08
     1    69     1     4        0  0.5621E+02  0.1590E-02  0.4968E-01  0.2102E-02
     1    69     1     5        0  0.3966E+00  0.2869E+00  0.0000E+00  0.5295E-07
     1    70     1     1        0  0.0000E+00  0.5275E+02  0.2816E+04  0.1000E+03
     1    70     1     2        0  0.2114E+05  0.8042E-03  0.4664E-01  0.1929E-02
     1    70     1     3        0  0.3772E+00  0.5100E+02  0.0000E+00  0.7650E-08
     1    70     1     4        0  0.6254E+02  0.1175E-02  0.5377E-01  0.2221E-02
     1    70     1     5        0  0.4347E+00  0.4778E+00  0.0000E+00  0.3965E-07
     1    71     1     1        0  0.0000E+00  0.5254E+02  0.2794E+04  0.1000E+03
     1    71     1     2        0  0.2081E+05  0.3394E-03  0.6790E-01  0.2916E-02
     1    71     1     3        0  0.5566E+00  0.5475E+02  0.0000E+00  0.4877E-08
     1    71     1     4        0  0.6361E+02  0.6241E-03  0.5261E-01  0.2243E-02
     1    71     1     5        0  0.4313E+00  0.6458E+00  0.0000E+00  0.6111E-07
     1    72     1     1        0  0.0000E+00  0.4901E+02  0.2643E+04  0.1000E+03
     1    72     1     2        0  0.1943E+05  0.1932E-03  0.4069E-01  0.1887E-02
     1    72     1     3        0  0.3382E+00  0.4943E+02  0.0000E+00  0.4155E-08
     1    72     1     4        0  0.5929E+02  0.1473E-02  0.4653E-01  0.2166E-02
     1    72     1     5        0  0.3867E+00  0.6685E+00  0.0000E+00  0.3804E-07
     1    73     1     1        0  0.0000E+00  0.4995E+02  0.2372E+04  0.1000E+03
     1    73     1     2        0  0.1705E+05  0.1367E-03  0.5014E-01  0.2731E-02
     1    73     1     3        0  0.4222E+00  0.4307E+02  0.0000E+00  0.4362E-08
     1    73     1     4        0  0.4999E+02  0.3250E-03  0.3672E-01  0.1980E-02
     1    73     1     5        0  0.3092E+00  0.6213E+00  0.0000E+00  0.5036E-07
     1    74     1     1        0  0.0000E+00  0.5436E+02  0.1996E+04  0.1000E+03
     1    74     1     2        0  0.1372E+05  0.9312E-03  0.0000E+00  0.1327E-02
     1    74     1     3        0  0.1774E+00  0.4445E+02  0.0000E+00  0.8349E-08
     1    74     1     4        0  0.3718E+02  0.1771E-03  0.2506E-01  0.1627E-02
     1    74     1     5        0  0.2134E+00  0.6479E+00  0.0000E+00  0.2110E-07
     1    75     1     1        0  0.0000E+00  0.5885E+02  0.1543E+04  0.1000E+03
     1    75     1     2        0  0.9557E+04  0.8148E-03  0.2195E-01  0.1963E-02
     1    75     1     3        0  0.1886E+00  0.5179E+02  0.0000E+00  0.5958E-08
     1    75     1     4        0  0.2346E+02  0.7589E-03  0.0000E+00  0.1192E-02
     1    75     1     5        0  0.1180E+00  0.7385E+00  0.0000E+00  0.2445E-07
     1    76     1     1        0  0.0000E+00  0.5525E+02  0.1036E+04  0.1000E+03
     1    76     1     2        0  0.4736E+04  0.6952E-03  0.0000E+00  0.3488E-03
     1    76     1     3        0  0.2207E-01  0.5070E+02  0.0000E+00  0.3636E-08
     1    76     1     4        0  0.1148E+02  0.1015E-03  0.0000E+00  0.6586E-03
     1    76     1     5        0  0.4193E-01  0.6917E+00  0.0000E+00  0.2928E-08
     1    77     1     1        0  0.0000E+00  0.5232E+02  0.4821E+03  0.1000E+03
     1    77     1     2        0  0.4021E+04  0.8758E-03  0.0000E+00  0.3464E-03
     1    77     1     3        0  0.2010E-01  0.3237E+02  0.0000E+00  0.4043E-09
     1    77     1     4        0  0.3213E+01  0.6032E-03  0.0000E+00  0.6927E-04
     1    77     1     5        0  0.2383E-02  0.4162E+00  0.0000E+00  0.1572E-08
     1    78     1     1        0  0.0000E+00  0.7308E+02  0.6502E+03  0.1000E+03
     1    78     1     2        0  0.5607E+04  0.2348E-03  0.0000E+00  0.1187E-03
     1    78     1     3        0  0.7739E-02  0.3283E+01  0.0000E+00  0.7974E-10
     1    78     1     4        0  0.1584E-01  0.6603E-04  0.0000E+00  0.5578E-04
     1    79     1     1        0  0.0000E+00  0.2134E+02  0.6314E+03  0.1000E+03
     1    79     1     2        0  0.5478E+04  0.1397E-03  0.0000E+00  0.9015E-04
     1    79     1     3        0  0.4928E-02  0.5250E+02  0.0000E+00  0.2089E-09
     1    79     1     4        0  0.2415E+01  0.3766E-03  0.0000E+00  0.1871E-03
     1    79     1     5        0  0.1232E-01  0.6042E+00  0.0000E+00  0.3964E-09
     1    80     1     1        0  0.0000E+00  0.4309E+02  0.9875E+03  0.1000E+03
     1    80     1     2        0  0.7886E+04  0.6279E-03  0.0000E+00  0.1231E-02
     1    80     1     3        0  0.8836E-01  0.4500E+02  0.0000E+00  0.3278E-08
     1    80     1     4        0  0.9831E+01  0.2090E-02  0.0000E+00  0.9358E-03
     1    80     1     5        0  0.6714E-01  0.5381E+00  0.0000E+00  0.1143E-07
     1    81     1     1        0  0.0000E+00  0.4995E+02  0.1493E+04  0.1000E+03
     1    81     1     2        0  0.1244E+05  0.1647E-03  0.0000E+00  0.8059E-03
     1    81     1     3        0  0.9053E-01  0.5500E+02  0.0000E+00  0.1073E-08
     1    81     1     4        0  0.2081E+02  0.3839E-03  0.0000E+00  0.1345E-02
     1    81     1     5        0  0.1527E+00  0.6868E+00  0.0000E+00  0.9986E-08
     1    82     1     1        0  0.0000E+00  0.4886E+02  0.1913E+04  0.1000E+03
     1    82     1     2        0  0.1616E+05  0.2835E-03  0.3914E-01  0.2378E-02
     1    82     1     3        0  0.3519E+00  0.5889E+02  0.0000E+00  0.1421E-08
     1    82     1     4        0  0.3339E+02  0.1552E-02  0.2788E-01  0.1705E-02
     1    82     1     5        0  0.2507E+00  0.7622E+00  0.0000E+00  0.3766E-07
     1    83     1     1        0  0.0000E+00  0.4615E+02  0.2227E+04  0.1000E+03
     1    83     1     2        0  0.1888E+05  0.4016E-03  0.2520E-01  0.1330E-02
     1    83     1     3        0  0.2289E+00  0.5095E+02  0.0000E+00  0.1174E-08
     1    83     1     4        0  0.4527E+02  0.9909E-03  0.3751E-01  0.1968E-02
     1    83     1     5        0  0.3406E+00  0.6641E+00  0.0000E+00  0.2418E-07
     1    84     1     1        0  0.0000E+00  0.4805E+02  0.2423E+04  0.1000E+03
     1    84     1     2        0  0.2048E+05  0.1051E-02  0.6432E-01  0.3084E-02
     1    84     1     3        0  0.5895E+00  0.4552E+02  0.0000E+00  0.8739E-08
     1    84     1     4        0  0.5389E+02  0.1769E-02  0.4408E-01  0.2143E-02
     1    84     1     5        0  0.4039E+00  0.5695E+00  0.0000E+00  0.6194E-07
     1    85     1     1        0  0.0000E+00  0.5176E+02  0.2493E+04  0.1000E+03
     1    85     1     2        0  0.2090E+05  0.2264E-03  0.3163E-01  0.1515E-02
     1    85     1     3        0  0.2921E+00  0.4775E+02  0.0000E+00  0.5484E-08
     1    85     1     4        0  0.5735E+02  0.8126E-03  0.4632E-01  0.2225E-02
     1    85     1     5        0  0.4276E+00  0.5447E+00  0.0000E+00  0.3160E-07
     1    86     1     1        0  0.0000E+00  0.5349E+02  0.2438E+04  0.1000E+03
     1    86     1     2        0  0.2010E+05  0.1452E-02  0.6741E-01  0.3360E-02
     1    86     1     3        0  0.6259E+00  0.5277E+02  0.0000E+00  0.9741E-08
     1    86     1     4        0  0.5515E+02  0.1205E-02  0.4384E-01  0.2210E-02
     1    86     1     5        0  0.4069E+00  0.5206E+00  0.0000E+00  0.6946E-07
     1    87     1     1        0  0.0000E+00  0.5115E+02  0.2264E+04  0.1000E+03
     1    87     1     2        0  0.1813E+05  0.1423E-02  0.2342E-01  0.1297E-02
     1    87     1     3        0  0.2180E+00  0.5109E+02  0.0000E+00  0.9192E-08
     1    87     1     4        0  0.4786E+02  0.1531E-02  0.3718E-01  0.2100E-02
     1    87     1     5        0  0.3460E+00  0.4001E+00  0.0000E+00  0.2494E-07
     1    88     1     1        0  0.0000E+00  0.5076E+02  0.1980E+04  0.1000E+03
     1    88     1     2        0  0.1510E+05  0.4074E-03  0.4803E-01  0.3183E-02
     1    88     1     3        0  0.4468E+00  0.4449E+02  0.0000E+00  0.1817E-08
     1    88     1     4        0  0.3684E+02  0.9192E-03  0.2769E-01  0.1852E-02
     1    88     1     5        0  0.2576E+00  0.2410E+00  0.0000E+00  0.5549E-07
     1    89     1     1        0  0.0000E+00  0.5492E+02  0.1600E+04  0.1000E+03
     1    89     1     2        0  0.1117E+05  0.4918E-03  0.0000E+00  0.5916E-03
     1    89     1     3        0  0.6494E-01  0.4332E+02  0.0000E+00  0.1935E-08
     1    89     1     4        0  0.2431E+02  0.3065E-03  0.0000E+00  0.1462E-02
     1    89     1     5        0  0.1598E+00  0.1351E+00  0.0000E+00  0.8420E-08
     1    90     1     1        0  0.0000E+00  0.6214E+02  0.1159E+04  0.1000E+03
     1    90     1     2        0  0.6547E+04  0.4180E-03  0.0000E+00  0.2552E-02
     1    90     1     3        0  0.1827E+00  0.5052E+02  0.0000E+00  0.1994E-08
     1    90     1     4        0  0.1275E+02  0.1006E-02  0.0000E+00  0.9844E-03
     1    90     1     5        0  0.7259E-01  0.6972E-01  0.0000E+00  0.2761E-07
     1    91     1     1        0  0.0000E+00  0.6391E+02  0.6655E+03  0.1000E+03
     1    91     1     2        0  0.4439E+04  0.1420E-02  0.0000E+00  0.6217E-03
     1    91     1     3        0  0.3450E-01  0.5494E+02  0.0000E+00  0.8929E-09
     1    91     1     4        0  0.4235E+01  0.1916E-02  0.0000E+00  0.2505E-03
     1    91     1     5        0  0.1345E-01  0.2882E-01  0.0000E+00  0.3635E-08
     1    92     1     1        0  0.0000E+00  0.5830E+02  0.4337E+03  0.1000E+03
     1    92     1     2        0  0.3917E+04  0.1242E-03  0.0000E+00  0.2385E-03
     1    92     1     3        0  0.1400E-01  0.1908E+02  0.0000E+00  0.1926E-09
     1    92     1     4        0  0.2100E+00  0.2622E-03  0.0000E+00  0.1235E-03
     1    93     1     1        0  0.0000E+00  0.3561E+02  0.7524E+03  0.1000E+03
     1    93     1     2        0  0.6737E+04  0.4872E-03  0.0000E+00  0.1930E-03
     1    93     1     3        0  0.1446E-01  0.1000E+03  0.0000E+00  0.5919E-10
     1    93     1     4        0  0.1297E+01  0.1394E-02  0.0000E+00  0.6789E-04
     1    93     1     5        0  0.4707E-02  0.5013E-01  0.0000E+00  0.1829E-09
     1    94     1     1        0  0.0000E+00  0.3712E+02  0.7263E+03  0.1000E+03
     1    94     1     2        0  0.6443E+04  0.1081E-02  0.0000E+00  0.8741E-03
     1    94     1     3        0  0.6347E-01  0.5600E+02  0.0000E+00  0.1602E-08
     1    94     1     4        0  0.7090E+01  0.4221E-03  0.0000E+00  0.4287E-03
     1    94     1     5        0  0.3049E-01  0.4921E-01  0.0000E+00  0.5235E-08
     1    95     1     1        0  0.0000E+00  0.4580E+02  0.1216E+04  0.1000E+03
     1    95     1     2        0  0.9583E+04  0.1049E-03  0.0000E+00  0.3910E-03
     1    95     1     3        0  0.3341E-01  0.4883E+02  0.0000E+00  0.1220E-08
     1    95     1     4        0  0.1677E+02  0.4879E-03  0.0000E+00  0.1113E-02
     1    95     1     5        0  0.9719E-01  0.1432E+00  0.0000E+00  0.3702E-08
     1    96     1     1        0  0.0000E+00  0.5058E+02  0.1662E+04  0.1000E+03
     1    96     1     2        0  0.1356E+05  0.2105E-03  0.2909E-01  0.2098E-02
     1    96     1     3        0  0.2608E+00  0.5433E+02  0.0000E+00  0.3146E-08
     1    96     1     4        0  0.2885E+02  0.4623E-03  0.2074E-01  0.1508E-02
     1    96     1     5        0  0.1858E+00  0.3047E+00  0.0000E+00  0.2933E-07
     1    97     1     1        0  0.0000E+00  0.5000E+02  0.2021E+04  0.1000E+03
     1    97     1     2        0  0.1666E+05  0.7604E-03  0.2297E-01  0.1382E-02
     1    97     1     3        0  0.2068E+00  0.5733E+02  0.0000E+00  0.1231E-08
     1    97     1     4        0  0.4144E+02  0.2737E-03  0.3091E-01  0.1845E-02
     1    97     1     5        0  0.2782E+00  0.4878E+00  0.0000E+00  0.2314E-07
     1    98     1     1        0  0.0000E+00  0.4792E+02  0.2276E+04  0.1000E+03
     1    98     1     2        0  0.1880E+05  0.2208E-03  0.5038E-01  0.2658E-02
     1    98     1     3        0  0.4566E+00  0.5176E+02  0.0000E+00  0.1717E-08
     1    98     1     4        0  0.5256E+02  0.6899E-03  0.3929E-01  0.2075E-02
     1    98     1     5        0  0.3560E+00  0.5927E+00  0.0000E+00  0.5136E-07
     1    99     1     1        0  0.0000E+00  0.4875E+02  0.2418E+04  0.1000E+03
     1    99     1     2        0  0.1990E+05  0.1084E-03  0.3852E-01  0.1940E-02
     1    99     1     3        0  0.3520E+00  0.4713E+02  0.0000E+00  0.3346E-08
     1    99     1     4        0  0.6013E+02  0.1431E-02  0.4423E-01  0.2218E-02
     1    99     1     5        0  0.4040E+00  0.6598E+00  0.0000E+00  0.4001E-07
     1   100     1     1        0  0.0000E+00  0.5136E+02  0.2441E+04  0.1000E+03
     1   100     1     2        0  0.1992E+05  0.5910E-03  0.5636E-01  0.2849E-02
     1   100     1     3        0  0.5194E+00  0.4783E+02  0.0000E+00  0.2101E-08
     1   100     1     4        0  0.6248E+02  0.2752E-03  0.4479E-01  0.2265E-02
     1   100     1     5        0  0.4127E+00  0.7554E+00  0.0000E+00  0.6018E-07
     1   101     1     1        0  0.0000E+00  0.5257E+02  0.2348E+04  0.1000E+03
     1   101     1     2        0  0.1885E+05  0.3937E-03  0.3797E-01  0.2057E-02
     1   101     1     3        0  0.3530E+00  0.5084E+02  0.0000E+00  0.1535E-08
     1   101     1     4        0  0.5913E+02  0.8983E-03  0.4092E-01  0.2216E-02
     1   101     1     5        0  0.3804E+00  0.8528E+00  0.0000E+00  0.4215E-07
     1   102     1     1        0  0.0000E+00  0.5120E+02  0.2145E+04  0.1000E+03
     1   102     1     2        0  0.1674E+05  0.1029E-02  0.4260E-01  0.2657E-02
     1   102     1     3        0  0.3991E+00  0.4954E+02  0.0000E+00  0.8674E-08
     1   102     1     4        0  0.5084E+02  0.6235E-03  0.3342E-01  0.2072E-02
     1   102     1     5        0  0.3131E+00  0.8431E+00  0.0000E+00  0.5062E-07
     1   103     1     1        0  0.0000E+00  0.5077E+02  0.1843E+04  0.1000E+03
     1   103     1     2        0  0.1365E+05  0.1327E-03  0.2255E-01  0.1670E-02
     1   103     1     3        0  0.2126E+00  0.4467E+02  0.0000E+00  0.4359E-08
     1   103     1     4        0  0.3896E+02  0.6614E-03  0.2375E-01  0.1767E-02
     1   103     1     5        0  0.2240E+00  0.7416E+00  0.0000E+00  0.2792E-07
     1   104     1     1        0  0.0000E+00  0.5380E+02  0.1463E+04  0.1000E+03
     1   104     1     2        0  0.9729E+04  0.7897E-03  0.0000E+00  0.1902E-02
     1   104     1     3        0  0.1818E+00  0.4282E+02  0.0000E+00  0.1817E-08
     1   104     1     4        0  0.2559E+02  0.5169E-03  0.0000E+00  0.1349E-02
     1   104     1     5        0  0.1307E+00  0.6745E+00  0.0000E+00  0.2591E-07
     1   105     1     1        0  0.0000E+00  0.5935E+02  0.1029E+04  0.1000E+03
     1   105     1     2        0  0.5168E+04  0.4388E-03  0.0000E+00  0.7262E-03
     1   105     1     3        0  0.4754E-01  0.4656E+02  0.0000E+00  0.1827E-08
     1   105     1     4        0  0.1328E+02  0.4217E-03  0.0000E+00  0.8275E-03
     1   105     1     5        0  0.5218E-01  0.6875E+00  0.0000E+00  0.7088E-08
     1   106     1     1        0  0.0000E+00  0.6337E+02  0.5463E+03  0.1000E+03
     1   106     1     2        0  0.4545E+04  0.7052E-03  0.0000E+00  0.3457E-03
     1   106     1     3        0  0.1984E-01  0.4941E+02  0.0000E+00  0.3956E-09
     1   106     1     4        0  0.4339E+01  0.3487E-03  0.0000E+00  0.1140E-03
     1   106     1     5        0  0.4718E-02  0.6822E+00  0.0000E+00  0.1638E-08
     1   107     1     1        0  0.0000E+00  0.6531E+02  0.5445E+03  0.1000E+03
     1   107     1     2        0  0.5149E+04  0.3057E-03  0.0000E+00  0.6606E-04
     1   107     1     3        0  0.4723E-02  0.2184E+02  0.0000E+00  0.6610E-10
     1   107     1     4        0  0.1979E+00  0.5160E-04  0.0000E+00  0.3397E-04
     1   108     1     1        0  0.0000E+00  0.1430E+02  0.6541E+03  0.1000E+03
     1   108     1     2        0  0.5681E+04  0.5229E-03  0.0000E+00  0.1042E-03
     1   108     1     3        0  0.6083E-02  0.1000E+03  0.0000E+00  0.4056E-10
     1   108     1     4        0  0.8433E+00  0.5431E-02  0.0000E+00  0.5723E-04
     1   108     1     5        0  0.3245E-02  0.1097E+01  0.0000E+00  0.4331E-09
