SUMMARY OF C0NVERGENCE INFORMATION
  STEP   INC  ATT   ITER     CONT.   RESID.        CORR.      RESID.      CORR.
                              EL.    FORCE         DISP       FLUX        TEMP.
                              (#)     (%)           (%)        (%)         (%)
     1     1     1     1        0  0.0000E+00  0.1000E-29  0.2631E+04  0.1000E+03
     1     1     1     2        0  0.7421E+04  0.1000E-29  0.0000E+00  0.3355E-05
     1     1     1     3        0  0.4762E-02  0.1000E+03  0.0000E+00  0.6242E-10
     1     1     1     4        0  0.9076E+01  0.4427E-03  0.0000E+00  0.2181E-03
     1     1     1     5        0  0.3076E+00  0.5266E-02  0.0000E+00  0.5987E-10
     1     2     1     1        0  0.0000E+00  0.7013E+02  0.3460E+04  0.1000E+03
     1     2     1     2        0  0.1481E+05  0.1074E-03  0.0000E+00  0.7020E-04
     1     2     1     3        0  0.6788E-01  0.5848E+02  0.0000E+00  0.3271E-10
     1     2     1     4        0  0.1826E+02  0.1645E-03  0.0000E+00  0.3619E-03
     1     2     1     5        0  0.6408E+00  0.7754E-02  0.0000E+00  0.1609E-09
     1     2     2     1        0  0.0000E+00  0.4875E+02  0.4348E+03  0.1000E+03
     1     2     2     2        0  0.1847E+04  0.1144E-04  0.0000E+00  0.1945E-04
     1     2     2     3        0  0.2245E-02  0.3313E+01  0.0000E+00  0.6061E-09
     1     2     2     4        0  0.2670E-02  0.1514E-05  0.0000E+00  0.1572E-05
     1     3     1     1        0  0.0000E+00  0.8918E+02  0.3762E+04  0.1000E+03
     1     3     1     2        0  0.1434E+05  0.1334E-04  0.0000E+00  0.2599E-04
     1     3     1     3        0  0.6776E-02  0.3731E+02  0.0000E+00  0.1692E-09
     1     3     1     4        0  0.2212E+00  0.1608E-04  0.0000E+00  0.5900E-04
     1     4     1     1        0  0.0000E+00  0.7134E+02  0.4871E+04  0.1000E+03
     1     4     1     2        0  0.2364E+05  0.3792E-04  0.0000E+00  0.3138E-03
     1     4     1     3        0  0.2611E+00  0.8809E+02  0.0000E+00  0.8458E-10
     1     4     1     4        0  0.1652E+01  0.2693E-03  0.0000E+00  0.1626E-03
     1     4     1     5        0  0.1173E+00  0.1855E-02  0.0000E+00  0.4940E-09
     1     5     1     1        0  0.0000E+00  0.8076E+02  0.2689E+04  0.1000E+03
     1     5     1     2        0  0.2145E+05  0.9986E-05  0.0000E+00  0.6679E-04
     1     5     1     3        0  0.1620E-01  0.1743E+02  0.0000E+00  0.1510E-09
     1     5     1     4        0  0.4932E+00  0.1605E-04  0.0000E+00  0.9505E-04
     1     6     1     1        0  0.0000E+00  0.1000E+03  0.1568E+04  0.1000E+03
     1     6     1     2        0  0.1561E+05  0.1515E-04  0.0000E+00  0.7045E-03
     1     6     1     3        0  0.1501E+00  0.1853E+02  0.0000E+00  0.2621E-09
     1     6     1     4        0  0.1841E+00  0.1062E-03  0.0000E+00  0.4405E-04
     1     7     1     1        0  0.0000E+00  0.8826E+02  0.4503E+04  0.1000E+03
     1     7     1     2        0  0.3716E+05  0.5010E-04  0.5380E-01  0.1352E-02
     1     7     1     3        0  0.1189E+01  0.4980E+02  0.0000E+00  0.5572E-10
     1     7     1     4        0  0.4036E+01  0.5670E-03  0.0000E+00  0.2298E-03
     1     7     1     5        0  0.2114E+00  0.3604E-02  0.0000E+00  0.2995E-08
     1     8     1     1        0  0.0000E+00  0.6816E+02  0.2921E+03  0.1000E+03
     1     8     1     2        0  0.4054E+04  0.4746E-05  0.0000E+00  0.2253E-03
     1     8     1     3        0  0.5018E-01  0.1359E+01  0.0000E+00  0.2721E-09
     1     8     1     4        0  0.1198E-01  0.1351E-04  0.0000E+00  0.3736E-05
     1     9     1     1        0  0.0000E+00  0.8792E+02  0.4653E+04  0.1000E+03
     1     9     1     2        0  0.4038E+05  0.4431E-04  0.0000E+00  0.3857E-03
     1     9     1     3        0  0.3667E+00  0.3063E+02  0.0000E+00  0.6327E-10
     1     9     1     4        0  0.3561E+01  0.1170E-03  0.0000E+00  0.2285E-03
     1     9     1     5        0  0.1866E+00  0.2663E-02  0.0000E+00  0.7848E-09
     1    10     1     1        0  0.0000E+00  0.1000E+03  0.1252E+04  0.1000E+03
     1    10     1     2        0  0.1687E+05  0.3910E-04  0.0000E+00  0.1141E-02
     1    10     1     3        0  0.2111E+00  0.1285E+02  0.0000E+00  0.2310E-09
     1    10     1     4        0  0.2289E+00  0.1545E-03  0.0000E+00  0.4772E-04
     1    11     1     1        0  0.0000E+00  0.5841E+02  0.4200E+04  0.1000E+03
     1    11     1     2        0  0.4013E+05  0.3164E-04  0.9002E-01  0.2345E-02
     1    11     1     3        0  0.1495E+01  0.2583E+02  0.0000E+00  0.6143E-10
     1    11     1     4        0  0.2658E+01  0.5418E-03  0.0000E+00  0.2073E-03
     1    11     1     5        0  0.1367E+00  0.2721E-02  0.0000E+00  0.4817E-08
     1    12     1     1        0  0.0000E+00  0.9326E+02  0.2427E+04  0.1000E+03
     1    12     1     2        0  0.2814E+05  0.6371E-04  0.6866E-01  0.3870E-02
     1    12     1     3        0  0.1066E+01  0.1803E+02  0.0000E+00  0.1376E-09
     1    12     1     4        0  0.8508E+00  0.5081E-03  0.0000E+00  0.1404E-03
     1    12     1     5        0  0.4379E-01  0.2007E-02  0.0000E+00  0.4655E-08
     1    13     1     1        0  0.0000E+00  0.8232E+02  0.3323E+04  0.1000E+03
     1    13     1     2        0  0.3430E+05  0.1606E-04  0.5176E-01  0.1600E-02
     1    13     1     3        0  0.7710E+00  0.2229E+02  0.0000E+00  0.8267E-10
     1    13     1     4        0  0.1564E+01  0.3414E-03  0.0000E+00  0.1689E-03
     1    13     1     5        0  0.7901E-01  0.2772E-02  0.0000E+00  0.2705E-08
     1    14     1     1        0  0.0000E+00  0.6128E+02  0.3318E+04  0.1000E+03
     1    14     1     2        0  0.3443E+05  0.5482E-04  0.7117E-01  0.2614E-02
     1    14     1     3        0  0.1013E+01  0.2358E+02  0.0000E+00  0.9890E-10
     1    14     1     4        0  0.1499E+01  0.5184E-03  0.0000E+00  0.2018E-03
     1    14     1     5        0  0.7980E-01  0.3192E-02  0.0000E+00  0.4485E-08
     1    15     1     1        0  0.0000E+00  0.5151E+02  0.2163E+04  0.1000E+03
     1    15     1     2        0  0.2399E+05  0.2042E-04  0.6391E-01  0.3457E-02
     1    15     1     3        0  0.8589E+00  0.1710E+02  0.0000E+00  0.1250E-09
     1    15     1     4        0  0.6743E+00  0.4721E-03  0.0000E+00  0.1141E-03
     1    15     1     5        0  0.3143E-01  0.2417E-02  0.0000E+00  0.3856E-08
     1    16     1     1        0  0.0000E+00  0.6212E+02  0.3936E+04  0.1000E+03
     1    16     1     2        0  0.3815E+05  0.3922E-04  0.1276E+00  0.3905E-02
     1    16     1     3        0  0.1670E+01  0.2501E+02  0.0000E+00  0.7374E-10
     1    16     1     4        0  0.1971E+01  0.8066E-03  0.0000E+00  0.2300E-03
     1    16     1     5        0  0.1044E+00  0.3905E-02  0.0000E+00  0.8128E-08
     1    17     1     1        0  0.0000E+00  0.1000E+03  0.8949E+03  0.1000E+03
     1    17     1     2        0  0.1024E+05  0.9223E-04  0.0000E+00  0.1465E-02
     1    17     1     3        0  0.2040E+00  0.1095E+02  0.0000E+00  0.2176E-09
     1    17     1     4        0  0.1361E+00  0.1945E-03  0.0000E+00  0.2524E-04
     1    18     1     1        0  0.0000E+00  0.3869E+02  0.4243E+04  0.1000E+03
     1    18     1     2        0  0.3866E+05  0.3076E-04  0.8177E-01  0.2122E-02
     1    18     1     3        0  0.9788E+00  0.2814E+02  0.0000E+00  0.5936E-10
     1    18     1     4        0  0.2098E+01  0.5537E-03  0.0000E+00  0.2382E-03
     1    18     1     5        0  0.1103E+00  0.4788E-02  0.0000E+00  0.4810E-08
     1    19     1     1        0  0.0000E+00  0.8904E+02  0.2757E+03  0.1000E+03
     1    19     1     2        0  0.2616E+04  0.9514E-04  0.0000E+00  0.3536E-03
     1    19     1     3        0  0.3613E-01  0.4672E+01  0.0000E+00  0.2858E-09
     1    19     1     4        0  0.9365E-02  0.8442E-04  0.0000E+00  0.4060E-05
     1    20     1     1        0  0.0000E+00  0.7432E+02  0.4174E+04  0.1000E+03
     1    20     1     2        0  0.3662E+05  0.1463E-04  0.8621E-01  0.2346E-02
     1    20     1     3        0  0.9466E+00  0.2923E+02  0.0000E+00  0.5751E-10
     1    20     1     4        0  0.1872E+01  0.6072E-03  0.0000E+00  0.2260E-03
     1    20     1     5        0  0.9682E-01  0.5294E-02  0.0000E+00  0.5128E-08
     1    21     1     1        0  0.0000E+00  0.3669E+02  0.1519E+04  0.1000E+03
     1    21     1     2        0  0.1477E+05  0.5087E-04  0.0000E+00  0.1879E-02
     1    21     1     3        0  0.2023E+00  0.9283E+01  0.0000E+00  0.2101E-09
     1    21     1     4        0  0.2434E+00  0.1148E-03  0.0000E+00  0.8022E-04
     1    22     1     1        0  0.0000E+00  0.6390E+02  0.3639E+04  0.1000E+03
     1    22     1     2        0  0.3156E+05  0.3469E-04  0.0000E+00  0.4716E-03
     1    22     1     3        0  0.1736E+00  0.6240E+02  0.0000E+00  0.6768E-10
     1    22     1     4        0  0.1369E+01  0.3064E-03  0.0000E+00  0.1983E-03
     1    22     1     5        0  0.6966E-01  0.1229E-01  0.0000E+00  0.9272E-09
     1    23     1     1        0  0.0000E+00  0.4929E+02  0.2567E+04  0.1000E+03
     1    23     1     2        0  0.2317E+05  0.3916E-04  0.0000E+00  0.4576E-03
     1    23     1     3        0  0.1049E+00  0.2181E+02  0.0000E+00  0.1283E-09
     1    23     1     4        0  0.6719E+00  0.6272E-04  0.0000E+00  0.1675E-03
     1    23     1     5        0  0.3490E-01  0.4422E-02  0.0000E+00  0.6612E-09
     1    24     1     1        0  0.0000E+00  0.1000E+03  0.2736E+04  0.1000E+03
     1    24     1     2        0  0.2383E+05  0.4975E-04  0.0000E+00  0.5507E-03
     1    24     1     3        0  0.1270E+00  0.3481E+02  0.0000E+00  0.9028E-10
     1    24     1     4        0  0.7783E+00  0.1448E-03  0.0000E+00  0.1530E-03
     1    24     1     5        0  0.3816E-01  0.7458E-02  0.0000E+00  0.8192E-09
     1    25     1     1        0  0.0000E+00  0.1651E+02  0.3363E+04  0.1000E+03
     1    25     1     2        0  0.2851E+05  0.2457E-04  0.0000E+00  0.3710E-03
     1    25     1     3        0  0.1101E+00  0.2263E+02  0.0000E+00  0.8950E-10
     1    25     1     4        0  0.1111E+01  0.6699E-04  0.0000E+00  0.2156E-03
     1    25     1     5        0  0.5855E-01  0.5083E-02  0.0000E+00  0.6416E-09
     1    26     1     1        0  0.0000E+00  0.4909E+02  0.1616E+04  0.1000E+03
     1    26     1     2        0  0.1406E+05  0.5024E-04  0.0000E+00  0.8508E-03
     1    26     1     3        0  0.1173E+00  0.2013E+02  0.0000E+00  0.1630E-09
     1    26     1     4        0  0.2958E+00  0.1090E-03  0.0000E+00  0.9375E-04
     1    27     1     1        0  0.0000E+00  0.1000E+03  0.3882E+04  0.1000E+03
     1    27     1     2        0  0.3102E+05  0.2053E-04  0.4302E-01  0.1151E-02
     1    27     1     3        0  0.3885E+00  0.5004E+02  0.0000E+00  0.6692E-10
     1    27     1     4        0  0.1408E+01  0.4987E-03  0.0000E+00  0.2365E-03
     1    27     1     5        0  0.7379E-01  0.1205E-01  0.0000E+00  0.2442E-08
     1    28     1     1        0  0.0000E+00  0.5839E+02  0.3637E+03  0.1000E+03
     1    28     1     2        0  0.3085E+04  0.1142E-03  0.0000E+00  0.1029E-03
     1    28     1     3        0  0.9310E-02  0.1045E+02  0.0000E+00  0.1992E-09
     1    28     1     4        0  0.3204E-01  0.1695E-04  0.0000E+00  0.5971E-05
     1    29     1     1        0  0.0000E+00  0.8899E+02  0.4056E+04  0.1000E+03
     1    29     1     2        0  0.3085E+05  0.3711E-04  0.0000E+00  0.2894E-03
     1    29     1     3        0  0.1078E+00  0.9461E+02  0.0000E+00  0.6985E-10
     1    29     1     4        0  0.1457E+01  0.2255E-03  0.0000E+00  0.2366E-03
     1    29     1     5        0  0.7538E-01  0.2377E-01  0.0000E+00  0.6336E-09
     1    30     1     1        0  0.0000E+00  0.5356E+02  0.6407E+03  0.1000E+03
     1    30     1     2        0  0.4861E+04  0.5684E-04  0.0000E+00  0.3173E-03
     1    30     1     3        0  0.2145E-01  0.1173E+02  0.0000E+00  0.2505E-09
     1    30     1     4        0  0.4089E-01  0.3665E-04  0.0000E+00  0.1873E-04
     1    31     1     1        0  0.0000E+00  0.1000E+03  0.3826E+04  0.1000E+03
     1    31     1     2        0  0.2812E+05  0.4010E-04  0.0000E+00  0.1253E-03
     1    31     1     3        0  0.4602E-01  0.5747E+02  0.0000E+00  0.6223E-10
     1    31     1     4        0  0.1249E+01  0.9133E-04  0.0000E+00  0.2192E-03
     1    31     1     5        0  0.6365E-01  0.1510E-01  0.0000E+00  0.2966E-09
     1    32     1     1        0  0.0000E+00  0.7413E+02  0.1786E+04  0.1000E+03
     1    32     1     2        0  0.1359E+05  0.7630E-04  0.0000E+00  0.9245E-03
     1    32     1     3        0  0.9145E-01  0.7587E+02  0.0000E+00  0.1898E-09
     1    32     1     4        0  0.2783E+00  0.5183E-03  0.0000E+00  0.1205E-03
     1    33     1     1        0  0.0000E+00  0.1000E+03  0.3183E+04  0.1000E+03
     1    33     1     2        0  0.2304E+05  0.6551E-04  0.3063E-01  0.1108E-02
     1    33     1     3        0  0.2380E+00  0.1000E+03  0.0000E+00  0.8576E-10
     1    33     1     4        0  0.8639E+00  0.8891E-03  0.0000E+00  0.1850E-03
     1    33     1     5        0  0.4300E-01  0.2786E-01  0.0000E+00  0.1956E-08
     1    34     1     1        0  0.0000E+00  0.9943E+02  0.2709E+04  0.1000E+03
     1    34     1     2        0  0.1982E+05  0.2568E-04  0.4365E-01  0.2195E-02
     1    34     1     3        0  0.3329E+00  0.4419E+02  0.0000E+00  0.1170E-09
     1    34     1     4        0  0.6230E+00  0.7049E-03  0.0000E+00  0.1899E-03
     1    34     1     5        0  0.3221E-01  0.1264E-01  0.0000E+00  0.3492E-08
     1    35     1     1        0  0.0000E+00  0.6870E+02  0.2236E+04  0.1000E+03
     1    35     1     2        0  0.1599E+05  0.2563E-04  0.0000E+00  0.1278E-02
     1    35     1     3        0  0.1876E+00  0.4483E+02  0.0000E+00  0.1025E-09
     1    35     1     4        0  0.4485E+00  0.4610E-03  0.0000E+00  0.1343E-03
     1    36     1     1        0  0.0000E+00  0.7859E+02  0.3424E+04  0.1000E+03
     1    36     1     2        0  0.2384E+05  0.5038E-04  0.5371E-01  0.1900E-02
     1    36     1     3        0  0.3962E+00  0.7190E+02  0.0000E+00  0.7345E-10
     1    36     1     4        0  0.9471E+00  0.1127E-02  0.0000E+00  0.2257E-03
     1    36     1     5        0  0.4930E-01  0.2188E-01  0.0000E+00  0.3779E-08
     1    37     1     1        0  0.0000E+00  0.6959E+02  0.1106E+04  0.1000E+03
     1    37     1     2        0  0.7784E+04  0.5807E-05  0.0000E+00  0.1648E-02
     1    37     1     3        0  0.1293E+00  0.2830E+02  0.0000E+00  0.1780E-09
     1    37     1     4        0  0.1342E+00  0.3930E-03  0.0000E+00  0.5122E-04
     1    38     1     1        0  0.0000E+00  0.9787E+02  0.3813E+04  0.1000E+03
     1    38     1     2        0  0.2541E+05  0.6005E-04  0.6524E-01  0.2011E-02
     1    38     1     3        0  0.4635E+00  0.7009E+02  0.0000E+00  0.6024E-10
     1    38     1     4        0  0.1129E+01  0.1193E-02  0.0000E+00  0.2395E-03
     1    38     1     5        0  0.5839E-01  0.2225E-01  0.0000E+00  0.4416E-08
     1    39     1     1        0  0.0000E+00  0.3118E+02  0.3590E+03  0.1000E+03
     1    39     1     2        0  0.2126E+04  0.1251E-04  0.0000E+00  0.1181E-03
     1    39     1     3        0  0.1032E-01  0.2106E+01  0.0000E+00  0.2018E-09
     1    39     1     4        0  0.2495E-02  0.1084E-04  0.0000E+00  0.4301E-05
     1    40     1     1        0  0.0000E+00  0.2024E+02  0.3862E+04  0.1000E+03
     1    40     1     2        0  0.2467E+05  0.2961E-04  0.3587E-01  0.1020E-02
     1    40     1     3        0  0.2443E+00  0.3215E+02  0.0000E+00  0.7281E-10
     1    40     1     4        0  0.1112E+01  0.3037E-03  0.0000E+00  0.2319E-03
     1    40     1     5        0  0.5671E-01  0.1040E-01  0.0000E+00  0.2275E-08
     1    41     1     1        0  0.0000E+00  0.6395E+02  0.9776E+03  0.1000E+03
     1    41     1     2        0  0.6237E+04  0.8237E-04  0.0000E+00  0.2982E-03
     1    41     1     3        0  0.1537E-01  0.2634E+02  0.0000E+00  0.2618E-09
     1    41     1     4        0  0.8142E-01  0.5940E-04  0.0000E+00  0.4641E-04
     1    42     1     1        0  0.0000E+00  0.2946E+02  0.3486E+04  0.1000E+03
     1    42     1     2        0  0.2177E+05  0.3109E-04  0.0000E+00  0.4338E-03
     1    42     1     3        0  0.8719E-01  0.3768E+02  0.0000E+00  0.6576E-10
     1    42     1     4        0  0.8970E+00  0.1343E-03  0.0000E+00  0.2096E-03
     1    42     1     5        0  0.4503E-01  0.1269E-01  0.0000E+00  0.8485E-09
     1    43     1     1        0  0.0000E+00  0.7408E+02  0.2020E+04  0.1000E+03
     1    43     1     2        0  0.1280E+05  0.9263E-04  0.0000E+00  0.5663E-03
     1    43     1     3        0  0.6170E-01  0.4835E+02  0.0000E+00  0.1249E-09
     1    43     1     4        0  0.3135E+00  0.2038E-03  0.0000E+00  0.1493E-03
     1    44     1     1        0  0.0000E+00  0.1646E+02  0.2760E+04  0.1000E+03
     1    44     1     2        0  0.1695E+05  0.8878E-05  0.0000E+00  0.5886E-03
     1    44     1     3        0  0.1084E+00  0.2254E+02  0.0000E+00  0.7962E-10
     1    44     1     4        0  0.5755E+00  0.1032E-03  0.0000E+00  0.1694E-03
     1    44     1     5        0  0.2800E-01  0.7941E-02  0.0000E+00  0.9694E-09
     1    45     1     1        0  0.0000E+00  0.3670E+02  0.2862E+04  0.1000E+03
     1    45     1     2        0  0.1761E+05  0.5969E-04  0.3626E-01  0.1505E-02
     1    45     1     3        0  0.2282E+00  0.2866E+02  0.0000E+00  0.1118E-09
     1    45     1     4        0  0.6014E+00  0.3384E-03  0.0000E+00  0.2072E-03
     1    45     1     5        0  0.3097E-01  0.1034E-01  0.0000E+00  0.2615E-08
     1    46     1     1        0  0.0000E+00  0.5839E+02  0.1760E+04  0.1000E+03
     1    46     1     2        0  0.1067E+05  0.3683E-04  0.0000E+00  0.1024E-02
     1    46     1     3        0  0.1066E+00  0.3626E+02  0.0000E+00  0.1486E-09
     1    46     1     4        0  0.2621E+00  0.2869E-03  0.0000E+00  0.1141E-03
     1    47     1     1        0  0.0000E+00  0.3101E+02  0.3459E+04  0.1000E+03
     1    47     1     2        0  0.2049E+05  0.5440E-04  0.4664E-01  0.1477E-02
     1    47     1     3        0  0.2859E+00  0.2995E+02  0.0000E+00  0.7714E-10
     1    47     1     4        0  0.8408E+00  0.3818E-03  0.0000E+00  0.2333E-03
     1    47     1     5        0  0.4338E-01  0.1126E-01  0.0000E+00  0.3058E-08
     1    48     1     1        0  0.0000E+00  0.1000E+03  0.6329E+03  0.1000E+03
     1    48     1     2        0  0.3749E+04  0.1302E-03  0.0000E+00  0.7175E-03
     1    48     1     3        0  0.5006E-01  0.2838E+02  0.0000E+00  0.1782E-09
     1    48     1     4        0  0.5392E-01  0.2570E-03  0.0000E+00  0.1662E-04
     1    49     1     1        0  0.0000E+00  0.3092E+02  0.3728E+04  0.1000E+03
     1    49     1     2        0  0.2131E+05  0.3074E-04  0.4623E-01  0.1329E-02
     1    49     1     3        0  0.2750E+00  0.3295E+02  0.0000E+00  0.6783E-10
     1    49     1     4        0  0.9456E+00  0.3858E-03  0.0000E+00  0.2397E-03
     1    49     1     5        0  0.4837E-01  0.1271E-01  0.0000E+00  0.2998E-08
     1    50     1     1        0  0.0000E+00  0.9152E+02  0.3125E+03  0.1000E+03
     1    50     1     2        0  0.1838E+04  0.1624E-03  0.0000E+00  0.1975E-03
     1    50     1     3        0  0.7887E-02  0.6729E+01  0.0000E+00  0.2754E-09
     1    50     1     4        0  0.5801E-02  0.4142E-04  0.0000E+00  0.4279E-05
     1    51     1     1        0  0.0000E+00  0.2723E+02  0.3626E+04  0.1000E+03
     1    51     1     2        0  0.2013E+05  0.1248E-04  0.0000E+00  0.5240E-03
     1    51     1     3        0  0.1076E+00  0.2983E+02  0.0000E+00  0.6050E-10
     1    51     1     4        0  0.8770E+00  0.1539E-03  0.0000E+00  0.2267E-03
     1    51     1     5        0  0.4420E-01  0.1173E-01  0.0000E+00  0.1104E-08
     1    52     1     1        0  0.0000E+00  0.3144E+02  0.1277E+04  0.1000E+03
     1    52     1     2        0  0.7081E+04  0.5319E-04  0.0000E+00  0.3488E-03
     1    52     1     3        0  0.1785E-01  0.1167E+02  0.0000E+00  0.2336E-09
     1    52     1     4        0  0.1234E+00  0.2581E-04  0.0000E+00  0.9179E-04
     1    53     1     1        0  0.0000E+00  0.7529E+02  0.3141E+04  0.1000E+03
     1    53     1     2        0  0.1712E+05  0.5357E-04  0.0000E+00  0.1605E-03
     1    53     1     3        0  0.2871E-01  0.5913E+02  0.0000E+00  0.6804E-10
     1    53     1     4        0  0.6651E+00  0.5542E-04  0.0000E+00  0.1981E-03
     1    53     1     5        0  0.3277E-01  0.2408E-01  0.0000E+00  0.3493E-09
     1    54     1     1        0  0.0000E+00  0.3283E+02  0.2230E+04  0.1000E+03
     1    54     1     2        0  0.1228E+05  0.6728E-04  0.0000E+00  0.1190E-02
     1    54     1     3        0  0.1122E+00  0.2447E+02  0.0000E+00  0.1174E-09
     1    54     1     4        0  0.3466E+00  0.2106E-03  0.0000E+00  0.1728E-03
     1    55     1     1        0  0.0000E+00  0.9958E+02  0.2332E+04  0.1000E+03
     1    55     1     2        0  0.1255E+05  0.1595E-03  0.0000E+00  0.9716E-03
     1    55     1     3        0  0.1141E+00  0.6191E+02  0.0000E+00  0.1004E-09
     1    55     1     4        0  0.3877E+00  0.4716E-03  0.0000E+00  0.1522E-03
     1    56     1     1        0  0.0000E+00  0.3010E+02  0.8641E+03  0.1000E+03
     1    56     1     2        0  0.6909E+04  0.7624E-04  0.0000E+00  0.3854E-02
     1    56     1     3        0  0.2148E+00  0.8844E+01  0.0000E+00  0.2334E-09
     1    56     1     4        0  0.2019E+00  0.2233E-03  0.0000E+00  0.8612E-04
     1    57     1     1        0  0.0000E+00  0.1000E+03  0.6597E+03  0.1000E+03
     1    57     1     2        0  0.7799E+04  0.1066E-03  0.3636E-01  0.4790E-02
     1    57     1     3        0  0.4358E+00  0.1686E+02  0.0000E+00  0.1340E-09
     1    57     1     4        0  0.4323E+00  0.6554E-03  0.0000E+00  0.7883E-04
     1    58     1     1        0  0.0000E+00  0.9757E+02  0.3541E+04  0.1000E+03
     1    58     1     2        0  0.5650E+05  0.6725E-03  0.3557E+00  0.1033E-01
     1    58     1     3        0  0.6382E+01  0.6132E+02  0.0000E+00  0.1058E-08
     1    58     1     4        0  0.2092E+02  0.7232E-02  0.0000E+00  0.7628E-03
     1    58     1     5        0  0.4679E+00  0.1191E+00  0.0000E+00  0.7406E-07
     1    59     1     1        0  0.0000E+00  0.6139E+02  0.3855E+03  0.1000E+03
     1    59     1     2        0  0.6432E+04  0.6551E-03  0.0000E+00  0.2396E-02
     1    59     1     3        0  0.4421E+00  0.2007E+01  0.0000E+00  0.5232E-09
     1    59     1     4        0  0.1913E+00  0.1329E-03  0.0000E+00  0.1330E-04
     1    60     1     1        0  0.0000E+00  0.1000E+03  0.3591E+04  0.1000E+03
     1    60     1     2        0  0.5577E+05  0.6011E-03  0.3722E+00  0.1095E-01
     1    60     1     3        0  0.6491E+01  0.3372E+02  0.0000E+00  0.1537E-08
     1    60     1     4        0  0.2052E+02  0.3957E-02  0.0000E+00  0.7445E-03
     1    60     1     5        0  0.4655E+00  0.6950E-01  0.0000E+00  0.7938E-07
     1    61     1     1        0  0.0000E+00  0.8991E+02  0.3499E+03  0.1000E+03
     1    61     1     2        0  0.5950E+04  0.2441E-02  0.0000E+00  0.1069E-02
     1    61     1     3        0  0.1278E+00  0.3062E+01  0.0000E+00  0.2500E-09
     1    61     1     4        0  0.4214E-01  0.1231E-03  0.0000E+00  0.1116E-04
     1    62     1     1        0  0.0000E+00  0.9029E+02  0.3517E+04  0.1000E+03
     1    62     1     2        0  0.5378E+05  0.1300E-02  0.8050E-01  0.2161E-02
     1    62     1     3        0  0.1364E+01  0.5259E+02  0.0000E+00  0.9023E-09
     1    62     1     4        0  0.1990E+02  0.2300E-02  0.0000E+00  0.7316E-03
     1    62     1     5        0  0.4394E+00  0.1137E+00  0.0000E+00  0.1485E-07
     1    63     1     1        0  0.0000E+00  0.4642E+02  0.5178E+03  0.1000E+03
     1    63     1     2        0  0.7970E+04  0.4353E-03  0.0000E+00  0.1075E-02
     1    63     1     3        0  0.1558E+00  0.7091E+01  0.0000E+00  0.2484E-09
     1    63     1     4        0  0.7682E+00  0.2079E-03  0.0000E+00  0.6956E-04
     1    63     1     5        0  0.1077E-01  0.1497E-01  0.0000E+00  0.1406E-08
     1    64     1     1        0  0.0000E+00  0.1000E+03  0.3380E+04  0.1000E+03
     1    64     1     2        0  0.5061E+05  0.9761E-03  0.9260E-01  0.3092E-02
     1    64     1     3        0  0.1529E+01  0.5129E+02  0.0000E+00  0.7062E-09
     1    64     1     4        0  0.1800E+02  0.2206E-02  0.0000E+00  0.7063E-03
     1    64     1     5        0  0.3981E+00  0.1183E+00  0.0000E+00  0.2103E-07
     1    65     1     1        0  0.0000E+00  0.1000E+03  0.1034E+04  0.1000E+03
     1    65     1     2        0  0.1629E+05  0.9282E-04  0.0000E+00  0.1049E-02
     1    65     1     3        0  0.1568E+00  0.3344E+02  0.0000E+00  0.7882E-10
     1    65     1     4        0  0.2227E+01  0.1030E-02  0.0000E+00  0.2207E-03
     1    65     1     5        0  0.4093E-01  0.7612E-01  0.0000E+00  0.1907E-08
     1    66     1     1        0  0.0000E+00  0.5594E+02  0.3121E+04  0.1000E+03
     1    66     1     2        0  0.4620E+05  0.2032E-03  0.1785E+00  0.5712E-02
     1    66     1     3        0  0.2873E+01  0.4148E+02  0.0000E+00  0.5831E-09
     1    66     1     4        0  0.1562E+02  0.1359E-02  0.0000E+00  0.6679E-03
     1    66     1     5        0  0.3391E+00  0.1017E+00  0.0000E+00  0.3834E-07
     1    67     1     1        0  0.0000E+00  0.8926E+02  0.1499E+04  0.1000E+03
     1    67     1     2        0  0.2294E+05  0.1104E-02  0.1392E+00  0.1099E-01
     1    67     1     3        0  0.2205E+01  0.1964E+02  0.0000E+00  0.2097E-08
     1    67     1     4        0  0.4225E+01  0.1951E-02  0.0000E+00  0.3719E-03
     1    67     1     5        0  0.8347E-01  0.4837E-01  0.0000E+00  0.3763E-07
     1    68     1     1        0  0.0000E+00  0.9786E+02  0.2813E+04  0.1000E+03
     1    68     1     2        0  0.4104E+05  0.1082E-02  0.1387E+00  0.4451E-02
     1    68     1     3        0  0.2177E+01  0.4742E+02  0.0000E+00  0.3115E-09
     1    68     1     4        0  0.1280E+02  0.1119E-02  0.0000E+00  0.6142E-03
     1    68     1     5        0  0.2739E+00  0.1232E+00  0.0000E+00  0.2542E-07
     1    69     1     1        0  0.0000E+00  0.3515E+02  0.1940E+04  0.1000E+03
     1    69     1     2        0  0.2876E+05  0.1198E-02  0.1519E+00  0.8631E-02
     1    69     1     3        0  0.2351E+01  0.2718E+02  0.0000E+00  0.2056E-08
     1    69     1     4        0  0.6442E+01  0.2717E-02  0.0000E+00  0.5057E-03
     1    69     1     5        0  0.1351E+00  0.7175E-01  0.0000E+00  0.3777E-07
     1    70     1     1        0  0.0000E+00  0.8094E+02  0.2410E+04  0.1000E+03
     1    70     1     2        0  0.3481E+05  0.1592E-02  0.2766E+00  0.1133E-01
     1    70     1     3        0  0.4230E+01  0.3763E+02  0.0000E+00  0.3792E-09
     1    70     1     4        0  0.9888E+01  0.2726E-02  0.0000E+00  0.5469E-03
     1    70     1     5        0  0.2035E+00  0.1027E+00  0.0000E+00  0.6133E-07
     1    71     1     1        0  0.0000E+00  0.1000E+03  0.2289E+04  0.1000E+03
     1    71     1     2        0  0.3302E+05  0.6965E-03  0.3125E+00  0.1664E-01
     1    71     1     3        0  0.4719E+01  0.5262E+02  0.0000E+00  0.5192E-09
     1    71     1     4        0  0.8730E+01  0.7883E-02  0.0000E+00  0.6254E-03
     1    71     1     5        0  0.1863E+00  0.1475E+00  0.0000E+00  0.8663E-07
     1    72     1     1        0  0.0000E+00  0.1000E+03  0.1978E+04  0.1000E+03
     1    72     1     2        0  0.2815E+05  0.1100E-02  0.1848E+00  0.8609E-02
     1    72     1     3        0  0.2754E+01  0.5865E+02  0.0000E+00  0.3890E-09
     1    72     1     4        0  0.7042E+01  0.3498E-02  0.0000E+00  0.4668E-03
     1    72     1     5        0  0.1390E+00  0.1683E+00  0.0000E+00  0.3970E-07
     1    73     1     1        0  0.0000E+00  0.1000E+03  0.2604E+04  0.1000E+03
     1    73     1     2        0  0.3642E+05  0.6393E-03  0.2787E+00  0.1173E-01
     1    73     1     3        0  0.4111E+01  0.8987E+02  0.0000E+00  0.3994E-09
     1    73     1     4        0  0.1097E+02  0.1090E-01  0.0000E+00  0.6923E-03
     1    73     1     5        0  0.2356E+00  0.2673E+00  0.0000E+00  0.6976E-07
     1    74     1     1        0  0.0000E+00  0.3404E+02  0.1518E+04  0.1000E+03
     1    74     1     2        0  0.2082E+05  0.5531E-03  0.2041E+00  0.1389E-01
     1    74     1     3        0  0.2967E+01  0.1794E+02  0.0000E+00  0.1042E-08
     1    74     1     4        0  0.4404E+01  0.1498E-02  0.0000E+00  0.3764E-03
     1    74     1     5        0  0.8165E-01  0.5377E-01  0.0000E+00  0.5075E-07
     1    75     1     1        0  0.0000E+00  0.9115E+02  0.2829E+04  0.1000E+03
     1    75     1     2        0  0.3855E+05  0.1187E-02  0.3820E+00  0.1498E-01
     1    75     1     3        0  0.5501E+01  0.4619E+02  0.0000E+00  0.1833E-08
     1    75     1     4        0  0.1260E+02  0.6671E-02  0.0000E+00  0.7313E-03
     1    75     1     5        0  0.2739E+00  0.1440E+00  0.0000E+00  0.9745E-07
     1    76     1     1        0  0.0000E+00  0.1000E+03  0.1060E+04  0.1000E+03
     1    76     1     2        0  0.1349E+05  0.4002E-02  0.1018E+00  0.8103E-02
     1    76     1     3        0  0.1443E+01  0.4306E+02  0.0000E+00  0.1141E-08
     1    76     1     4        0  0.2427E+01  0.2575E-02  0.0000E+00  0.2225E-03
     1    76     1     5        0  0.3858E-01  0.1333E+00  0.0000E+00  0.2140E-07
     1    77     1     1        0  0.0000E+00  0.7199E+02  0.3011E+04  0.1000E+03
     1    77     1     2        0  0.3995E+05  0.2976E-03  0.2723E+00  0.9176E-02
     1    77     1     3        0  0.3829E+01  0.5705E+02  0.0000E+00  0.6533E-09
     1    77     1     4        0  0.1391E+02  0.6478E-02  0.0000E+00  0.7553E-03
     1    77     1     5        0  0.3025E+00  0.1846E+00  0.0000E+00  0.6376E-07
     1    78     1     1        0  0.0000E+00  0.3143E+02  0.5825E+03  0.1000E+03
     1    78     1     2        0  0.6371E+04  0.1061E-02  0.6601E-01  0.5687E-02
     1    78     1     3        0  0.9119E+00  0.1182E+02  0.0000E+00  0.2448E-09
     1    78     1     4        0  0.9573E+00  0.6005E-03  0.0000E+00  0.6293E-04
     1    78     1     5        0  0.1039E-01  0.3750E-01  0.0000E+00  0.8809E-08
     1    79     1     1        0  0.0000E+00  0.9576E+02  0.3100E+04  0.1000E+03
     1    79     1     2        0  0.4019E+05  0.8283E-03  0.2839E+00  0.9512E-02
     1    79     1     3        0  0.3896E+01  0.7184E+02  0.0000E+00  0.1852E-09
     1    79     1     4        0  0.1454E+02  0.7511E-02  0.0000E+00  0.7641E-03
     1    79     1     5        0  0.3147E+00  0.2379E+00  0.0000E+00  0.6838E-07
     1    80     1     1        0  0.0000E+00  0.4011E+02  0.4947E+03  0.1000E+03
     1    80     1     2        0  0.6442E+04  0.4148E-03  0.0000E+00  0.7541E-03
     1    80     1     3        0  0.1164E+00  0.9829E+01  0.0000E+00  0.7279E-10
     1    80     1     4        0  0.1593E+00  0.2161E-03  0.0000E+00  0.1420E-04
     1    81     1     1        0  0.0000E+00  0.3159E+02  0.3134E+04  0.1000E+03
     1    81     1     2        0  0.3967E+05  0.8233E-03  0.1088E+00  0.3266E-02
     1    81     1     3        0  0.1458E+01  0.1000E+03  0.0000E+00  0.3678E-09
     1    81     1     4        0  0.1457E+02  0.5534E-02  0.0000E+00  0.7566E-03
     1    81     1     5        0  0.3143E+00  0.3374E+00  0.0000E+00  0.2370E-07
     1    82     1     1        0  0.0000E+00  0.5984E+02  0.4534E+03  0.1000E+03
     1    82     1     2        0  0.5958E+04  0.2157E-02  0.0000E+00  0.3349E-03
     1    82     1     3        0  0.4168E-01  0.3583E+01  0.0000E+00  0.2038E-09
     1    82     1     4        0  0.3920E-01  0.5060E-04  0.0000E+00  0.1197E-04
     1    83     1     1        0  0.0000E+00  0.5796E+02  0.3071E+04  0.1000E+03
     1    83     1     2        0  0.3815E+05  0.3105E-03  0.5203E-01  0.1712E-02
     1    83     1     3        0  0.6818E+00  0.4627E+02  0.0000E+00  0.3212E-09
     1    83     1     4        0  0.1382E+02  0.1529E-02  0.0000E+00  0.7380E-03
     1    83     1     5        0  0.2979E+00  0.1584E+00  0.0000E+00  0.1258E-07
     1    84     1     1        0  0.0000E+00  0.2790E+02  0.4615E+03  0.1000E+03
     1    84     1     2        0  0.5764E+04  0.1643E-02  0.0000E+00  0.1393E-02
     1    84     1     3        0  0.1269E+00  0.9846E+01  0.0000E+00  0.1148E-08
     1    84     1     4        0  0.5171E+00  0.4407E-03  0.0000E+00  0.5740E-04
     1    84     1     5        0  0.5533E-02  0.3269E-01  0.0000E+00  0.1687E-08
     1    85     1     1        0  0.0000E+00  0.1000E+03  0.2940E+04  0.1000E+03
     1    85     1     2        0  0.3592E+05  0.2023E-02  0.1289E+00  0.4186E-02
     1    85     1     3        0  0.1655E+01  0.6774E+02  0.0000E+00  0.3744E-09
     1    85     1     4        0  0.1280E+02  0.1302E-02  0.0000E+00  0.7128E-03
     1    85     1     5        0  0.2707E+00  0.2372E+00  0.0000E+00  0.2975E-07
     1    86     1     1        0  0.0000E+00  0.1000E+03  0.9239E+03  0.1000E+03
     1    86     1     2        0  0.9833E+04  0.4021E-03  0.7474E-01  0.9013E-02
     1    86     1     3        0  0.9465E+00  0.4468E+02  0.0000E+00  0.2855E-09
     1    86     1     4        0  0.1573E+01  0.4109E-02  0.0000E+00  0.2139E-03
     1    86     1     5        0  0.2533E-01  0.1538E+00  0.0000E+00  0.2138E-07
     1    87     1     1        0  0.0000E+00  0.9498E+02  0.2717E+04  0.1000E+03
     1    87     1     2        0  0.3274E+05  0.9045E-03  0.1807E+00  0.6039E-02
     1    87     1     3        0  0.2274E+01  0.9922E+02  0.0000E+00  0.1179E-09
     1    87     1     4        0  0.1109E+02  0.3567E-02  0.0000E+00  0.6737E-03
     1    87     1     5        0  0.2320E+00  0.3561E+00  0.0000E+00  0.4047E-07
     1    88     1     1        0  0.0000E+00  0.5109E+02  0.1341E+04  0.1000E+03
     1    88     1     2        0  0.1499E+05  0.8739E-03  0.1340E+00  0.1262E-01
     1    88     1     3        0  0.1667E+01  0.3228E+02  0.0000E+00  0.9489E-09
     1    88     1     4        0  0.2986E+01  0.3481E-02  0.0000E+00  0.3963E-03
     1    88     1     5        0  0.5480E-01  0.1151E+00  0.0000E+00  0.4298E-07
     1    89     1     1        0  0.0000E+00  0.3658E+02  0.2442E+04  0.1000E+03
     1    89     1     2        0  0.2900E+05  0.1727E-03  0.2725E+00  0.1066E-01
     1    89     1     3        0  0.3367E+01  0.3732E+02  0.0000E+00  0.1101E-09
     1    89     1     4        0  0.9161E+01  0.2782E-02  0.0000E+00  0.6202E-03
     1    89     1     5        0  0.1882E+00  0.1375E+00  0.0000E+00  0.6514E-07
     1    90     1     1        0  0.0000E+00  0.6846E+02  0.1726E+04  0.1000E+03
     1    90     1     2        0  0.1953E+05  0.2213E-02  0.2370E+00  0.1797E-01
     1    90     1     3        0  0.2900E+01  0.4143E+02  0.0000E+00  0.2126E-08
     1    90     1     4        0  0.4643E+01  0.5978E-02  0.0000E+00  0.5431E-03
     1    90     1     5        0  0.9122E-01  0.1533E+00  0.0000E+00  0.7816E-07
     1    91     1     1        0  0.0000E+00  0.1000E+03  0.2127E+04  0.1000E+03
     1    91     1     2        0  0.2454E+05  0.3001E-02  0.2603E+00  0.1170E-01
     1    91     1     3        0  0.3160E+01  0.7022E+02  0.0000E+00  0.8392E-09
     1    91     1     4        0  0.7076E+01  0.5882E-02  0.0000E+00  0.5525E-03
     1    91     1     5        0  0.1407E+00  0.2649E+00  0.0000E+00  0.6334E-07
     1    92     1     1        0  0.0000E+00  0.6050E+02  0.2049E+04  0.1000E+03
     1    92     1     2        0  0.2308E+05  0.4209E-03  0.2902E+00  0.1771E-01
     1    92     1     3        0  0.3494E+01  0.4015E+02  0.0000E+00  0.9615E-09
     1    92     1     4        0  0.6272E+01  0.6061E-02  0.0000E+00  0.6518E-03
     1    92     1     5        0  0.1288E+00  0.1535E+00  0.0000E+00  0.9209E-07
     1    93     1     1        0  0.0000E+00  0.5550E+02  0.1778E+04  0.1000E+03
     1    93     1     2        0  0.1974E+05  0.1477E-02  0.2569E+00  0.1453E-01
     1    93     1     3        0  0.3065E+01  0.3453E+02  0.0000E+00  0.5729E-09
     1    93     1     4        0  0.5174E+01  0.3408E-02  0.0000E+00  0.4728E-03
     1    93     1     5        0  0.9621E-01  0.1335E+00  0.0000E+00  0.6658E-07
     1    94     1     1        0  0.0000E+00  0.8601E+02  0.2326E+04  0.1000E+03
     1    94     1     2        0  0.2605E+05  0.3947E-03  0.3599E+00  0.1810E-01
     1    94     1     3        0  0.4265E+01  0.6379E+02  0.0000E+00  0.2336E-09
     1    94     1     4        0  0.8023E+01  0.9513E-02  0.0000E+00  0.7008E-03
     1    94     1     5        0  0.1655E+00  0.2515E+00  0.0000E+00  0.1071E-06
     1    95     1     1        0  0.0000E+00  0.1000E+03  0.1380E+04  0.1000E+03
     1    95     1     2        0  0.1445E+05  0.4701E-03  0.1904E+00  0.1444E-01
     1    95     1     3        0  0.2235E+01  0.5017E+02  0.0000E+00  0.1446E-09
     1    95     1     4        0  0.3255E+01  0.4944E-02  0.0000E+00  0.3822E-03
     1    95     1     5        0  0.5649E-01  0.1979E+00  0.0000E+00  0.5275E-07
     1    96     1     1        0  0.0000E+00  0.1000E+03  0.2533E+04  0.1000E+03
     1    96     1     2        0  0.2813E+05  0.1624E-02  0.3539E+00  0.1526E-01
     1    96     1     3        0  0.4128E+01  0.8525E+02  0.0000E+00  0.1020E-08
     1    96     1     4        0  0.9308E+01  0.1263E-01  0.0000E+00  0.7375E-03
     1    96     1     5        0  0.1957E+00  0.3444E+00  0.0000E+00  0.9919E-07
     1    97     1     1        0  0.0000E+00  0.5891E+02  0.9665E+03  0.1000E+03
     1    97     1     2        0  0.9058E+04  0.1719E-02  0.1328E+00  0.1163E-01
     1    97     1     3        0  0.1532E+01  0.2429E+02  0.0000E+00  0.9968E-09
     1    97     1     4        0  0.1787E+01  0.2012E-02  0.0000E+00  0.2040E-03
     1    97     1     5        0  0.2616E-01  0.9726E-01  0.0000E+00  0.3067E-07
     1    98     1     1        0  0.0000E+00  0.4592E+02  0.2688E+04  0.1000E+03
     1    98     1     2        0  0.2953E+05  0.4862E-03  0.3451E+00  0.1359E-01
     1    98     1     3        0  0.3963E+01  0.4131E+02  0.0000E+00  0.9426E-09
     1    98     1     4        0  0.1033E+02  0.5623E-02  0.0000E+00  0.7609E-03
     1    98     1     5        0  0.2187E+00  0.1701E+00  0.0000E+00  0.9404E-07
     1    99     1     1        0  0.0000E+00  0.4769E+02  0.5290E+03  0.1000E+03
     1    99     1     2        0  0.5784E+04  0.2701E-02  0.6135E-01  0.5426E-02
     1    99     1     3        0  0.6960E+00  0.1560E+02  0.0000E+00  0.7708E-09
     1    99     1     4        0  0.7168E+00  0.9863E-03  0.0000E+00  0.5475E-04
     1    99     1     5        0  0.6484E-02  0.6291E-01  0.0000E+00  0.8420E-08
     1   100     1     1        0  0.0000E+00  0.1000E+03  0.2769E+04  0.1000E+03
     1   100     1     2        0  0.3005E+05  0.1156E-02  0.2626E+00  0.9604E-02
     1   100     1     3        0  0.2969E+01  0.7823E+02  0.0000E+00  0.1899E-09
     1   100     1     4        0  0.1090E+02  0.8141E-02  0.0000E+00  0.7685E-03
     1   100     1     5        0  0.2304E+00  0.3248E+00  0.0000E+00  0.6899E-07
     1   101     1     1        0  0.0000E+00  0.8656E+02  0.5312E+03  0.1000E+03
     1   101     1     2        0  0.5769E+04  0.1701E-02  0.0000E+00  0.1285E-02
     1   101     1     3        0  0.1474E+00  0.1754E+02  0.0000E+00  0.9907E-10
     1   101     1     4        0  0.1282E+00  0.6025E-03  0.0000E+00  0.1461E-04
     1   102     1     1        0  0.0000E+00  0.8131E+02  0.2795E+04  0.1000E+03
     1   102     1     2        0  0.2995E+05  0.2279E-03  0.1762E+00  0.6333E-02
     1   102     1     3        0  0.1962E+01  0.9175E+02  0.0000E+00  0.2967E-09
     1   102     1     4        0  0.1110E+02  0.6779E-02  0.0000E+00  0.7607E-03
     1   102     1     5        0  0.2325E+00  0.3838E+00  0.0000E+00  0.4594E-07
     1   103     1     1        0  0.0000E+00  0.1443E+02  0.4945E+03  0.1000E+03
     1   103     1     2        0  0.5435E+04  0.8695E-03  0.0000E+00  0.3128E-03
     1   103     1     3        0  0.3426E-01  0.3075E+01  0.0000E+00  0.1039E-09
     1   103     1     4        0  0.2970E-01  0.4166E-04  0.0000E+00  0.1357E-04
     1   104     1     1        0  0.0000E+00  0.2974E+02  0.2745E+04  0.1000E+03
     1   104     1     2        0  0.2904E+05  0.2771E-03  0.4458E-01  0.1678E-02
     1   104     1     3        0  0.4893E+00  0.4862E+02  0.0000E+00  0.4982E-09
     1   104     1     4        0  0.1057E+02  0.1611E-02  0.0000E+00  0.7413E-03
     1   104     1     5        0  0.2227E+00  0.2040E+00  0.0000E+00  0.1182E-07
     1   105     1     1        0  0.0000E+00  0.6355E+02  0.4892E+03  0.1000E+03
     1   105     1     2        0  0.5309E+04  0.3871E-02  0.0000E+00  0.1310E-02
     1   105     1     3        0  0.9010E-01  0.2131E+02  0.0000E+00  0.1116E-08
     1   105     1     4        0  0.4005E+00  0.7443E-03  0.0000E+00  0.4146E-04
     1   106     1     1        0  0.0000E+00  0.9912E+02  0.2641E+04  0.1000E+03
     1   106     1     2        0  0.2750E+05  0.2259E-02  0.6276E-01  0.2097E-02
     1   106     1     3        0  0.6796E+00  0.8246E+02  0.0000E+00  0.4272E-09
     1   106     1     4        0  0.9834E+01  0.1033E-02  0.0000E+00  0.7163E-03
     1   106     1     5        0  0.2040E+00  0.3493E+00  0.0000E+00  0.1458E-07
     1   107     1     1        0  0.0000E+00  0.2879E+02  0.8405E+03  0.1000E+03
     1   107     1     2        0  0.6752E+04  0.9629E-03  0.5027E-01  0.7099E-02
     1   107     1     3        0  0.5395E+00  0.1947E+02  0.0000E+00  0.1255E-08
     1   107     1     4        0  0.1201E+01  0.1363E-02  0.0000E+00  0.2198E-03
     1   107     1     5        0  0.1784E-01  0.8100E-01  0.0000E+00  0.1678E-07
     1   108     1     1        0  0.0000E+00  0.6475E+02  0.2464E+04  0.1000E+03
     1   108     1     2        0  0.2522E+05  0.9124E-03  0.1641E+00  0.6173E-02
     1   108     1     3        0  0.1754E+01  0.5562E+02  0.0000E+00  0.2523E-09
     1   108     1     4        0  0.8658E+01  0.2133E-02  0.0000E+00  0.6768E-03
     1   108     1     5        0  0.1763E+00  0.2383E+00  0.0000E+00  0.4136E-07
     1   109     1     1        0  0.0000E+00  0.5968E+02  0.1224E+04  0.1000E+03
     1   109     1     2        0  0.1097E+05  0.2651E-03  0.1213E+00  0.1365E-01
     1   109     1     3        0  0.1287E+01  0.4022E+02  0.0000E+00  0.6348E-09
     1   109     1     4        0  0.2319E+01  0.4280E-02  0.0000E+00  0.4172E-03
     1   109     1     5        0  0.4047E-01  0.1706E+00  0.0000E+00  0.4637E-07
     1   110     1     1        0  0.0000E+00  0.8439E+02  0.2240E+04  0.1000E+03
     1   110     1     2        0  0.2242E+05  0.1493E-03  0.2156E+00  0.9099E-02
     1   110     1     3        0  0.2278E+01  0.9266E+02  0.0000E+00  0.2140E-09
     1   110     1     4        0  0.7224E+01  0.4892E-02  0.0000E+00  0.6236E-03
     1   110     1     5        0  0.1439E+00  0.4032E+00  0.0000E+00  0.5574E-07
     1   111     1     1        0  0.0000E+00  0.9991E+02  0.1580E+04  0.1000E+03
     1   111     1     2        0  0.1474E+05  0.2414E-02  0.1939E+00  0.1672E-01
     1   111     1     3        0  0.2035E+01  0.6724E+02  0.0000E+00  0.1461E-08
     1   111     1     4        0  0.3673E+01  0.8813E-02  0.0000E+00  0.5657E-03
     1   111     1     5        0  0.6897E-01  0.2926E+00  0.0000E+00  0.7267E-07
     1   112     1     1        0  0.0000E+00  0.5020E+02  0.1955E+04  0.1000E+03
     1   112     1     2        0  0.1903E+05  0.1007E-02  0.2388E+00  0.1193E-01
     1   112     1     3        0  0.2495E+01  0.4027E+02  0.0000E+00  0.4669E-09
     1   112     1     4        0  0.5572E+01  0.3183E-02  0.0000E+00  0.5557E-03
     1   112     1     5        0  0.1084E+00  0.1780E+00  0.0000E+00  0.6459E-07
     1   113     1     1        0  0.0000E+00  0.4618E+02  0.1881E+04  0.1000E+03
     1   113     1     2        0  0.1786E+05  0.9199E-03  0.2656E+00  0.1814E-01
     1   113     1     3        0  0.2760E+01  0.3183E+02  0.0000E+00  0.1627E-08
     1   113     1     4        0  0.4960E+01  0.4733E-02  0.0000E+00  0.6577E-03
     1   113     1     5        0  0.9919E-01  0.1417E+00  0.0000E+00  0.9413E-07
     1   114     1     1        0  0.0000E+00  0.8160E+02  0.1637E+04  0.1000E+03
     1   114     1     2        0  0.1531E+05  0.3136E-02  0.2178E+00  0.1345E-01
     1   114     1     3        0  0.2250E+01  0.5264E+02  0.0000E+00  0.1152E-08
     1   114     1     4        0  0.4120E+01  0.4533E-02  0.0000E+00  0.4762E-03
     1   114     1     5        0  0.7430E-01  0.2357E+00  0.0000E+00  0.6175E-07
     1   115     1     1        0  0.0000E+00  0.1000E+03  0.2141E+04  0.1000E+03
     1   115     1     2        0  0.2049E+05  0.6355E-03  0.3085E+00  0.1697E-01
     1   115     1     3        0  0.3173E+01  0.7639E+02  0.0000E+00  0.3110E-09
     1   115     1     4        0  0.6383E+01  0.1144E-01  0.0000E+00  0.7052E-03
     1   115     1     5        0  0.1290E+00  0.3467E+00  0.0000E+00  0.1003E-06
     1   116     1     1        0  0.0000E+00  0.9989E+02  0.1273E+04  0.1000E+03
     1   116     1     2        0  0.1116E+05  0.1139E-02  0.1758E+00  0.1482E-01
     1   116     1     3        0  0.1797E+01  0.5246E+02  0.0000E+00  0.3467E-09
     1   116     1     4        0  0.2648E+01  0.4567E-02  0.0000E+00  0.3857E-03
     1   116     1     5        0  0.4366E-01  0.2374E+00  0.0000E+00  0.5420E-07
     1   117     1     1        0  0.0000E+00  0.7861E+02  0.2337E+04  0.1000E+03
     1   117     1     2        0  0.2241E+05  0.4423E-03  0.3260E+00  0.1550E-01
     1   117     1     3        0  0.3321E+01  0.6915E+02  0.0000E+00  0.6652E-09
     1   117     1     4        0  0.7530E+01  0.1003E-01  0.0000E+00  0.7408E-03
     1   117     1     5        0  0.1544E+00  0.3183E+00  0.0000E+00  0.1006E-06
     1   118     1     1        0  0.0000E+00  0.4872E+02  0.8936E+03  0.1000E+03
     1   118     1     2        0  0.6858E+04  0.7177E-03  0.1152E+00  0.1056E-01
     1   118     1     3        0  0.1165E+01  0.2069E+02  0.0000E+00  0.3887E-09
     1   118     1     4        0  0.1449E+01  0.1769E-02  0.0000E+00  0.1962E-03
     1   118     1     5        0  0.1999E-01  0.9433E-01  0.0000E+00  0.2789E-07
     1   119     1     1        0  0.0000E+00  0.4771E+02  0.2484E+04  0.1000E+03
     1   119     1     2        0  0.2375E+05  0.7945E-03  0.3002E+00  0.1282E-01
     1   119     1     3        0  0.3027E+01  0.5105E+02  0.0000E+00  0.1004E-08
     1   119     1     4        0  0.8393E+01  0.6688E-02  0.0000E+00  0.7638E-03
     1   119     1     5        0  0.1742E+00  0.2378E+00  0.0000E+00  0.8872E-07
     1   120     1     1        0  0.0000E+00  0.9989E+02  0.5354E+03  0.1000E+03
     1   120     1     2        0  0.5224E+04  0.4457E-02  0.5699E-01  0.5347E-02
     1   120     1     3        0  0.5697E+00  0.3319E+02  0.0000E+00  0.6558E-09
     1   120     1     4        0  0.5783E+00  0.2098E-02  0.0000E+00  0.5084E-04
     1   120     1     5        0  0.4642E-02  0.1517E+00  0.0000E+00  0.8280E-08
     1   121     1     1        0  0.0000E+00  0.6730E+02  0.2563E+04  0.1000E+03
     1   121     1     2        0  0.2439E+05  0.2936E-03  0.2433E+00  0.9739E-02
     1   121     1     3        0  0.2428E+01  0.6244E+02  0.0000E+00  0.2085E-09
     1   121     1     4        0  0.8868E+01  0.6851E-02  0.0000E+00  0.7709E-03
     1   121     1     5        0  0.1852E+00  0.2920E+00  0.0000E+00  0.6989E-07
     1   122     1     1        0  0.0000E+00  0.2957E+02  0.5383E+03  0.1000E+03
     1   122     1     2        0  0.5197E+04  0.1287E-02  0.0000E+00  0.1160E-02
     1   122     1     3        0  0.1125E+00  0.6455E+01  0.0000E+00  0.1718E-09
     1   122     1     4        0  0.1097E+00  0.1623E-03  0.0000E+00  0.1488E-04
     1   123     1     1        0  0.0000E+00  0.7519E+02  0.2591E+04  0.1000E+03
     1   123     1     2        0  0.2448E+05  0.9776E-03  0.1495E+00  0.5789E-02
     1   123     1     3        0  0.1477E+01  0.6726E+02  0.0000E+00  0.1805E-09
     1   123     1     4        0  0.9148E+01  0.4850E-02  0.0000E+00  0.7628E-03
     1   123     1     5        0  0.1882E+00  0.3146E+00  0.0000E+00  0.4196E-07
     1   124     1     1        0  0.0000E+00  0.3366E+02  0.5100E+03  0.1000E+03
     1   124     1     2        0  0.4997E+04  0.4531E-03  0.0000E+00  0.3142E-03
     1   124     1     3        0  0.2906E-01  0.4620E+01  0.0000E+00  0.8418E-10
     1   124     1     4        0  0.2243E-01  0.6143E-04  0.0000E+00  0.1451E-04
     1   125     1     1        0  0.0000E+00  0.7618E+02  0.2549E+04  0.1000E+03
     1   125     1     2        0  0.2389E+05  0.9767E-03  0.4169E-01  0.1737E-02
     1   125     1     3        0  0.4080E+00  0.1000E+03  0.0000E+00  0.6278E-09
     1   125     1     4        0  0.8792E+01  0.3375E-02  0.0000E+00  0.7432E-03
     1   125     1     5        0  0.1816E+00  0.4666E+00  0.0000E+00  0.1229E-07
     1   126     1     1        0  0.0000E+00  0.5209E+02  0.5045E+03  0.1000E+03
     1   126     1     2        0  0.4905E+04  0.3220E-02  0.0000E+00  0.1192E-02
     1   126     1     3        0  0.7269E-01  0.2286E+02  0.0000E+00  0.9024E-09
     1   126     1     4        0  0.3377E+00  0.7889E-03  0.0000E+00  0.3180E-04
     1   127     1     1        0  0.0000E+00  0.4003E+02  0.2455E+04  0.1000E+03
     1   127     1     2        0  0.2274E+05  0.5046E-03  0.6775E-01  0.2450E-02
     1   127     1     3        0  0.6571E+00  0.4602E+02  0.0000E+00  0.1528E-09
     1   127     1     4        0  0.8164E+01  0.4469E-03  0.0000E+00  0.7181E-03
     1   127     1     5        0  0.1674E+00  0.2157E+00  0.0000E+00  0.1758E-07
     1   128     1     1        0  0.0000E+00  0.2585E+02  0.7773E+03  0.1000E+03
     1   128     1     2        0  0.5174E+04  0.1627E-02  0.4928E-01  0.8121E-02
     1   128     1     3        0  0.4749E+00  0.1727E+02  0.0000E+00  0.1879E-08
     1   128     1     4        0  0.9972E+00  0.1344E-02  0.0000E+00  0.2276E-03
     1   128     1     5        0  0.1394E-01  0.7937E-01  0.0000E+00  0.1912E-07
     1   129     1     1        0  0.0000E+00  0.1000E+03  0.2294E+04  0.1000E+03
     1   129     1     2        0  0.2094E+05  0.2320E-02  0.1525E+00  0.6180E-02
     1   129     1     3        0  0.1466E+01  0.7713E+02  0.0000E+00  0.5971E-09
     1   129     1     4        0  0.7239E+01  0.2805E-02  0.0000E+00  0.6786E-03
     1   129     1     5        0  0.1455E+00  0.3633E+00  0.0000E+00  0.4142E-07
     1   130     1     1        0  0.0000E+00  0.9623E+02  0.1137E+04  0.1000E+03
     1   130     1     2        0  0.8803E+04  0.6067E-03  0.1123E+00  0.1422E-01
     1   130     1     3        0  0.1074E+01  0.6417E+02  0.0000E+00  0.7780E-09
     1   130     1     4        0  0.1925E+01  0.7601E-02  0.0000E+00  0.4305E-03
     1   130     1     5        0  0.3271E-01  0.2992E+00  0.0000E+00  0.4817E-07
     1   131     1     1        0  0.0000E+00  0.8742E+02  0.2089E+04  0.1000E+03
     1   131     1     2        0  0.1869E+05  0.8559E-03  0.2069E+00  0.9475E-02
     1   131     1     3        0  0.1975E+01  0.9563E+02  0.0000E+00  0.9834E-10
     1   131     1     4        0  0.6125E+01  0.5950E-02  0.0000E+00  0.6255E-03
     1   131     1     5        0  0.1193E+00  0.4556E+00  0.0000E+00  0.5803E-07
     1   132     1     1        0  0.0000E+00  0.6049E+02  0.1471E+04  0.1000E+03
     1   132     1     2        0  0.1211E+05  0.6372E-03  0.1842E+00  0.1763E-01
     1   132     1     3        0  0.1750E+01  0.4050E+02  0.0000E+00  0.1106E-08
     1   132     1     4        0  0.3108E+01  0.5090E-02  0.0000E+00  0.5770E-03
     1   132     1     5        0  0.5667E-01  0.1925E+00  0.0000E+00  0.7639E-07
     1   133     1     1        0  0.0000E+00  0.4890E+02  0.1827E+04  0.1000E+03
     1   133     1     2        0  0.1591E+05  0.4531E-03  0.2232E+00  0.1200E-01
     1   133     1     3        0  0.2114E+01  0.3897E+02  0.0000E+00  0.1448E-09
     1   133     1     4        0  0.4729E+01  0.3200E-02  0.0000E+00  0.5577E-03
     1   133     1     5        0  0.9030E-01  0.1876E+00  0.0000E+00  0.6499E-07
     1   134     1     1        0  0.0000E+00  0.6673E+02  0.1756E+04  0.1000E+03
     1   134     1     2        0  0.1491E+05  0.1770E-02  0.2477E+00  0.1831E-01
     1   134     1     3        0  0.2337E+01  0.4592E+02  0.0000E+00  0.1760E-08
     1   134     1     4        0  0.4223E+01  0.6741E-02  0.0000E+00  0.6606E-03
     1   134     1     5        0  0.8251E-01  0.2220E+00  0.0000E+00  0.9488E-07
     1   135     1     1        0  0.0000E+00  0.1000E+03  0.1531E+04  0.1000E+03
     1   135     1     2        0  0.1280E+05  0.3373E-02  0.2072E+00  0.1382E-01
     1   135     1     3        0  0.1947E+01  0.6367E+02  0.0000E+00  0.1051E-08
     1   135     1     4        0  0.3487E+01  0.5697E-02  0.0000E+00  0.4783E-03
     1   135     1     5        0  0.6204E-01  0.3091E+00  0.0000E+00  0.6344E-07
     1   136     1     1        0  0.0000E+00  0.6172E+02  0.2002E+04  0.1000E+03
     1   136     1     2        0  0.1728E+05  0.2269E-03  0.2921E+00  0.1737E-01
     1   136     1     3        0  0.2738E+01  0.4657E+02  0.0000E+00  0.6199E-09
     1   136     1     4        0  0.5407E+01  0.7112E-02  0.0000E+00  0.7074E-03
     1   136     1     5        0  0.1083E+00  0.2285E+00  0.0000E+00  0.1025E-06
     1   137     1     1        0  0.0000E+00  0.6109E+02  0.1194E+04  0.1000E+03
     1   137     1     2        0  0.9305E+04  0.1511E-02  0.1650E+00  0.1498E-01
     1   137     1     3        0  0.1539E+01  0.3211E+02  0.0000E+00  0.9121E-09
     1   137     1     4        0  0.2284E+01  0.2651E-02  0.0000E+00  0.3879E-03
     1   137     1     5        0  0.3647E-01  0.1567E+00  0.0000E+00  0.5480E-07
     1   138     1     1        0  0.0000E+00  0.7650E+02  0.2190E+04  0.1000E+03
     1   138     1     2        0  0.1904E+05  0.6692E-03  0.3056E+00  0.1560E-01
     1   138     1     3        0  0.2845E+01  0.6688E+02  0.0000E+00  0.2534E-09
     1   138     1     4        0  0.6453E+01  0.9874E-02  0.0000E+00  0.7425E-03
     1   138     1     5        0  0.1305E+00  0.3308E+00  0.0000E+00  0.1012E-06
     1   139     1     1        0  0.0000E+00  0.9894E+02  0.8389E+03  0.1000E+03
     1   139     1     2        0  0.5649E+04  0.6622E-03  0.1098E+00  0.1060E-01
     1   139     1     3        0  0.1016E+01  0.4228E+02  0.0000E+00  0.2121E-09
     1   139     1     4        0  0.1261E+01  0.3565E-02  0.0000E+00  0.1924E-03
     1   139     1     5        0  0.1657E-01  0.2071E+00  0.0000E+00  0.2804E-07
     1   140     1     1        0  0.0000E+00  0.1000E+03  0.2332E+04  0.1000E+03
     1   140     1     2        0  0.2032E+05  0.1628E-02  0.2851E+00  0.1307E-01
     1   140     1     3        0  0.2636E+01  0.1000E+03  0.0000E+00  0.1046E-08
     1   140     1     4        0  0.7265E+01  0.1322E-01  0.0000E+00  0.7652E-03
     1   140     1     5        0  0.1482E+00  0.4991E+00  0.0000E+00  0.9034E-07
     1   141     1     1        0  0.0000E+00  0.5844E+02  0.5324E+03  0.1000E+03
     1   141     1     2        0  0.4788E+04  0.2107E-02  0.5380E-01  0.5299E-02
     1   141     1     3        0  0.4943E+00  0.1900E+02  0.0000E+00  0.5396E-09
     1   141     1     4        0  0.4948E+00  0.1279E-02  0.0000E+00  0.4870E-04
     1   142     1     1        0  0.0000E+00  0.3773E+02  0.2410E+04  0.1000E+03
     1   142     1     2        0  0.2099E+05  0.2093E-03  0.2289E+00  0.9797E-02
     1   142     1     3        0  0.2102E+01  0.4320E+02  0.0000E+00  0.5484E-09
     1   142     1     4        0  0.7657E+01  0.4484E-02  0.0000E+00  0.7722E-03
     1   142     1     5        0  0.1586E+00  0.2161E+00  0.0000E+00  0.7026E-07
     1   143     1     1        0  0.0000E+00  0.3214E+02  0.5338E+03  0.1000E+03
     1   143     1     2        0  0.4763E+04  0.2250E-02  0.0000E+00  0.1179E-02
     1   143     1     3        0  0.1001E+00  0.6802E+01  0.0000E+00  0.2278E-09
     1   143     1     4        0  0.9544E-01  0.1837E-03  0.0000E+00  0.1511E-04
     1   144     1     1        0  0.0000E+00  0.1000E+03  0.2439E+04  0.1000E+03
     1   144     1     2        0  0.2117E+05  0.1470E-02  0.1434E+00  0.5942E-02
     1   144     1     3        0  0.1308E+01  0.8205E+02  0.0000E+00  0.2610E-09
     1   144     1     4        0  0.7923E+01  0.6078E-02  0.0000E+00  0.7639E-03
     1   144     1     5        0  0.1619E+00  0.4087E+00  0.0000E+00  0.4307E-07
     1   145     1     1        0  0.0000E+00  0.6026E+02  0.5110E+03  0.1000E+03
     1   145     1     2        0  0.4635E+04  0.1524E-02  0.0000E+00  0.3145E-03
     1   145     1     3        0  0.2591E-01  0.7510E+01  0.0000E+00  0.8506E-10
     1   145     1     4        0  0.1689E-01  0.1280E-03  0.0000E+00  0.1511E-04
     1   146     1     1        0  0.0000E+00  0.8022E+02  0.2403E+04  0.1000E+03
     1   146     1     2        0  0.2075E+05  0.3916E-03  0.3974E-01  0.1761E-02
     1   146     1     3        0  0.3601E+00  0.9706E+02  0.0000E+00  0.2900E-09
     1   146     1     4        0  0.7714E+01  0.3460E-02  0.0000E+00  0.7442E-03
     1   146     1     5        0  0.1570E+00  0.4807E+00  0.0000E+00  0.1244E-07
     1   147     1     1        0  0.0000E+00  0.2522E+02  0.5055E+03  0.1000E+03
     1   147     1     2        0  0.4562E+04  0.8499E-03  0.0000E+00  0.1134E-02
     1   147     1     3        0  0.6200E-01  0.1199E+02  0.0000E+00  0.5322E-09
     1   147     1     4        0  0.2960E+00  0.4408E-03  0.0000E+00  0.2645E-04
     1   148     1     1        0  0.0000E+00  0.3458E+02  0.2317E+04  0.1000E+03
     1   148     1     2        0  0.1982E+05  0.2344E-03  0.6214E-01  0.2388E-02
     1   148     1     3        0  0.5594E+00  0.5025E+02  0.0000E+00  0.4736E-09
     1   148     1     4        0  0.7163E+01  0.5314E-03  0.0000E+00  0.7191E-03
     1   148     1     5        0  0.1453E+00  0.2494E+00  0.0000E+00  0.1698E-07
     1   149     1     1        0  0.0000E+00  0.5194E+02  0.7299E+03  0.1000E+03
     1   149     1     2        0  0.4526E+04  0.3353E-02  0.4565E-01  0.7991E-02
     1   149     1     3        0  0.4090E+00  0.3232E+02  0.0000E+00  0.2018E-08
     1   149     1     4        0  0.8804E+00  0.2515E-02  0.0000E+00  0.2238E-03
     1   149     1     5        0  0.1167E-01  0.1571E+00  0.0000E+00  0.1879E-07
     1   150     1     1        0  0.0000E+00  0.1000E+03  0.2168E+04  0.1000E+03
     1   150     1     2        0  0.1832E+05  0.2294E-02  0.1439E+00  0.6189E-02
     1   150     1     3        0  0.1288E+01  0.8334E+02  0.0000E+00  0.5420E-09
     1   150     1     4        0  0.6339E+01  0.3015E-02  0.0000E+00  0.6797E-03
     1   150     1     5        0  0.1268E+00  0.4150E+00  0.0000E+00  0.4150E-07
     1   151     1     1        0  0.0000E+00  0.4069E+02  0.1072E+04  0.1000E+03
     1   151     1     2        0  0.7521E+04  0.6676E-03  0.1056E+00  0.1457E-01
     1   151     1     3        0  0.9418E+00  0.2695E+02  0.0000E+00  0.1185E-08
     1   151     1     4        0  0.1677E+01  0.2778E-02  0.0000E+00  0.4381E-03
     1   151     1     5        0  0.2807E-01  0.1328E+00  0.0000E+00  0.4921E-07
     1   152     1     1        0  0.0000E+00  0.6103E+02  0.1976E+04  0.1000E+03
     1   152     1     2        0  0.1638E+05  0.1211E-02  0.1948E+00  0.9448E-02
     1   152     1     3        0  0.1734E+01  0.5443E+02  0.0000E+00  0.4841E-09
     1   152     1     4        0  0.5423E+01  0.3470E-02  0.0000E+00  0.6265E-03
     1   152     1     5        0  0.1043E+00  0.2731E+00  0.0000E+00  0.5788E-07
     1   153     1     1        0  0.0000E+00  0.7400E+02  0.1389E+04  0.1000E+03
     1   153     1     2        0  0.1052E+05  0.2267E-03  0.1732E+00  0.1779E-01
     1   153     1     3        0  0.1537E+01  0.4942E+02  0.0000E+00  0.6761E-09
     1   153     1     4        0  0.2734E+01  0.6598E-02  0.0000E+00  0.5814E-03
     1   153     1     5        0  0.4917E-01  0.2470E+00  0.0000E+00  0.7699E-07
     1   154     1     1        0  0.0000E+00  0.1000E+03  0.1731E+04  0.1000E+03
     1   154     1     2        0  0.1397E+05  0.6014E-04  0.2116E+00  0.1204E-01
     1   154     1     3        0  0.1873E+01  0.8039E+02  0.0000E+00  0.1125E-09
     1   154     1     4        0  0.4221E+01  0.6452E-02  0.0000E+00  0.5588E-03
     1   154     1     5        0  0.7919E-01  0.4063E+00  0.0000E+00  0.6529E-07
     1   155     1     1        0  0.0000E+00  0.9995E+02  0.1662E+04  0.1000E+03
     1   155     1     2        0  0.1308E+05  0.2377E-02  0.2344E+00  0.1843E-01
     1   155     1     3        0  0.2070E+01  0.6933E+02  0.0000E+00  0.1722E-08
     1   155     1     4        0  0.3770E+01  0.9965E-02  0.0000E+00  0.6620E-03
     1   155     1     5        0  0.7218E-01  0.3512E+00  0.0000E+00  0.9531E-07
     1   156     1     1        0  0.0000E+00  0.6277E+02  0.1453E+04  0.1000E+03
     1   156     1     2        0  0.1125E+05  0.1501E-02  0.1963E+00  0.1385E-01
     1   156     1     3        0  0.1729E+01  0.3976E+02  0.0000E+00  0.6929E-09
     1   156     1     4        0  0.3085E+01  0.3819E-02  0.0000E+00  0.4795E-03
     1   156     1     5        0  0.5451E-01  0.2023E+00  0.0000E+00  0.6360E-07
     1   157     1     1        0  0.0000E+00  0.4831E+02  0.1898E+04  0.1000E+03
     1   157     1     2        0  0.1525E+05  0.8715E-03  0.2764E+00  0.1742E-01
     1   157     1     3        0  0.2430E+01  0.3638E+02  0.0000E+00  0.1334E-08
     1   157     1     4        0  0.4798E+01  0.5686E-02  0.0000E+00  0.7084E-03
     1   157     1     5        0  0.9527E-01  0.1866E+00  0.0000E+00  0.1027E-06
     1   158     1     1        0  0.0000E+00  0.7974E+02  0.1135E+04  0.1000E+03
     1   158     1     2        0  0.8170E+04  0.2714E-02  0.1570E+00  0.1508E-01
     1   158     1     3        0  0.1375E+01  0.4180E+02  0.0000E+00  0.1267E-08
     1   158     1     4        0  0.2037E+01  0.3663E-02  0.0000E+00  0.3892E-03
     1   158     1     5        0  0.3206E-01  0.2130E+00  0.0000E+00  0.5520E-07
     1   159     1     1        0  0.0000E+00  0.1000E+03  0.2080E+04  0.1000E+03
     1   159     1     2        0  0.1691E+05  0.1343E-02  0.2903E+00  0.1567E-01
     1   159     1     3        0  0.2540E+01  0.8362E+02  0.0000E+00  0.2614E-09
     1   159     1     4        0  0.5734E+01  0.1228E-01  0.0000E+00  0.7433E-03
     1   159     1     5        0  0.1155E+00  0.4316E+00  0.0000E+00  0.1015E-06
     1   160     1     1        0  0.0000E+00  0.9989E+02  0.7979E+03  0.1000E+03
     1   160     1     2        0  0.4922E+04  0.1385E-02  0.1044E+00  0.1052E-01
     1   160     1     3        0  0.9099E+00  0.4332E+02  0.0000E+00  0.3726E-09
     1   160     1     4        0  0.1147E+01  0.3565E-02  0.0000E+00  0.1905E-03
     1   160     1     5        0  0.1450E-01  0.2212E+00  0.0000E+00  0.2781E-07
     1   161     1     1        0  0.0000E+00  0.7465E+02  0.2217E+04  0.1000E+03
     1   161     1     2        0  0.1812E+05  0.3054E-03  0.2709E+00  0.1310E-01
     1   161     1     3        0  0.2359E+01  0.7915E+02  0.0000E+00  0.5154E-09
     1   161     1     4        0  0.6533E+01  0.1031E-01  0.0000E+00  0.7658E-03
     1   161     1     5        0  0.1317E+00  0.4113E+00  0.0000E+00  0.9049E-07
     1   162     1     1        0  0.0000E+00  0.4216E+02  0.5245E+03  0.1000E+03
     1   162     1     2        0  0.4454E+04  0.7794E-03  0.5146E-01  0.5283E-02
     1   162     1     3        0  0.4457E+00  0.1368E+02  0.0000E+00  0.3085E-09
     1   162     1     4        0  0.4463E+00  0.9186E-03  0.0000E+00  0.4811E-04
     1   163     1     1        0  0.0000E+00  0.4404E+02  0.2295E+04  0.1000E+03
     1   163     1     2        0  0.1880E+05  0.6476E-03  0.2183E+00  0.9845E-02
     1   163     1     3        0  0.1891E+01  0.5225E+02  0.0000E+00  0.8616E-09
     1   163     1     4        0  0.6898E+01  0.5808E-02  0.0000E+00  0.7727E-03
     1   163     1     5        0  0.1415E+00  0.2716E+00  0.0000E+00  0.7055E-07
     1   164     1     1        0  0.0000E+00  0.1000E+03  0.5251E+03  0.1000E+03
     1   164     1     2        0  0.4433E+04  0.7036E-02  0.0000E+00  0.1181E-02
     1   164     1     3        0  0.9093E-01  0.1917E+02  0.0000E+00  0.2258E-09
     1   164     1     4        0  0.8341E-01  0.7117E-03  0.0000E+00  0.1531E-04
     1   165     1     1        0  0.0000E+00  0.7600E+02  0.2324E+04  0.1000E+03
     1   165     1     2        0  0.1902E+05  0.1318E-02  0.1368E+00  0.5964E-02
     1   165     1     3        0  0.1180E+01  0.6991E+02  0.0000E+00  0.2231E-09
     1   165     1     4        0  0.7104E+01  0.5128E-02  0.0000E+00  0.7644E-03
     1   165     1     5        0  0.1450E+00  0.3614E+00  0.0000E+00  0.4319E-07
     1   166     1     1        0  0.0000E+00  0.2108E+02  0.5058E+03  0.1000E+03
     1   166     1     2        0  0.4345E+04  0.1258E-02  0.0000E+00  0.3171E-03
     1   166     1     3        0  0.2391E-01  0.2394E+01  0.0000E+00  0.1028E-09
     1   166     1     4        0  0.1350E-01  0.4201E-04  0.0000E+00  0.1552E-04
     1   167     1     1        0  0.0000E+00  0.7647E+02  0.2292E+04  0.1000E+03
     1   167     1     2        0  0.1870E+05  0.1290E-02  0.3840E-01  0.1790E-02
     1   167     1     3        0  0.3294E+00  0.6983E+02  0.0000E+00  0.2466E-09
     1   167     1     4        0  0.6982E+01  0.2853E-02  0.0000E+00  0.7446E-03
     1   167     1     5        0  0.1410E+00  0.3580E+00  0.0000E+00  0.1261E-07
     1   168     1     1        0  0.0000E+00  0.4088E+02  0.5006E+03  0.1000E+03
     1   168     1     2        0  0.4285E+04  0.6409E-03  0.0000E+00  0.1088E-02
     1   168     1     3        0  0.5463E-01  0.1774E+02  0.0000E+00  0.3746E-09
     1   168     1     4        0  0.2624E+00  0.7921E-03  0.0000E+00  0.2377E-04
     1   169     1     1        0  0.0000E+00  0.7019E+02  0.2212E+04  0.1000E+03
     1   169     1     2        0  0.1790E+05  0.4763E-03  0.5916E-01  0.2383E-02
     1   169     1     3        0  0.5051E+00  0.1000E+03  0.0000E+00  0.4193E-09
     1   169     1     4        0  0.6523E+01  0.1053E-02  0.0000E+00  0.7196E-03
     1   169     1     5        0  0.1308E+00  0.5131E+00  0.0000E+00  0.1696E-07
     1   170     1     1        0  0.0000E+00  0.7118E+02  0.6934E+03  0.1000E+03
     1   170     1     2        0  0.4253E+04  0.3468E-02  0.4332E-01  0.7822E-02
     1   170     1     3        0  0.3685E+00  0.4932E+02  0.0000E+00  0.1509E-08
     1   170     1     4        0  0.8059E+00  0.3689E-02  0.0000E+00  0.2168E-03
     1   170     1     5        0  0.1023E-01  0.2478E+00  0.0000E+00  0.1825E-07
     1   171     1     1        0  0.0000E+00  0.4323E+02  0.2073E+04  0.1000E+03
     1   171     1     2        0  0.1658E+05  0.5418E-03  0.1373E+00  0.6182E-02
     1   171     1     3        0  0.1167E+01  0.4686E+02  0.0000E+00  0.1778E-09
     1   171     1     4        0  0.5744E+01  0.1875E-02  0.0000E+00  0.6803E-03
     1   171     1     5        0  0.1145E+00  0.2413E+00  0.0000E+00  0.4143E-07
     1   172     1     1        0  0.0000E+00  0.3516E+02  0.1022E+04  0.1000E+03
     1   172     1     2        0  0.6709E+04  0.1307E-02  0.1005E+00  0.1477E-01
     1   172     1     3        0  0.8521E+00  0.2330E+02  0.0000E+00  0.1973E-08
     1   172     1     4        0  0.1520E+01  0.2390E-02  0.0000E+00  0.4421E-03
     1   172     1     5        0  0.2505E-01  0.1186E+00  0.0000E+00  0.4974E-07
     1   173     1     1        0  0.0000E+00  0.1000E+03  0.1891E+04  0.1000E+03
     1   173     1     2        0  0.1486E+05  0.3151E-02  0.1864E+00  0.9463E-02
     1   173     1     3        0  0.1578E+01  0.7566E+02  0.0000E+00  0.7771E-09
     1   173     1     4        0  0.4927E+01  0.4711E-02  0.0000E+00  0.6271E-03
     1   173     1     5        0  0.9443E-01  0.3913E+00  0.0000E+00  0.5797E-07
     1   174     1     1        0  0.0000E+00  0.1000E+03  0.1327E+04  0.1000E+03
     1   174     1     2        0  0.9484E+04  0.4611E-03  0.1654E+00  0.1793E-01
     1   174     1     3        0  0.1398E+01  0.6616E+02  0.0000E+00  0.6674E-09
     1   174     1     4        0  0.2466E+01  0.8683E-02  0.0000E+00  0.5835E-03
     1   174     1     5        0  0.4422E-01  0.3407E+00  0.0000E+00  0.7739E-07
     1   175     1     1        0  0.0000E+00  0.9991E+02  0.1659E+04  0.1000E+03
     1   175     1     2        0  0.1269E+05  0.8429E-03  0.2027E+00  0.1206E-01
     1   175     1     3        0  0.1710E+01  0.8098E+02  0.0000E+00  0.1493E-09
     1   175     1     4        0  0.3886E+01  0.7049E-02  0.0000E+00  0.5595E-03
     1   175     1     5        0  0.7185E-01  0.4210E+00  0.0000E+00  0.6537E-07
     1   176     1     1        0  0.0000E+00  0.7565E+02  0.1590E+04  0.1000E+03
     1   176     1     2        0  0.1186E+05  0.7792E-03  0.2242E+00  0.1849E-01
     1   176     1     3        0  0.1888E+01  0.5268E+02  0.0000E+00  0.9905E-09
     1   176     1     4        0  0.3457E+01  0.7483E-02  0.0000E+00  0.6625E-03
     1   176     1     5        0  0.6530E-01  0.2743E+00  0.0000E+00  0.9549E-07
     1   177     1     1        0  0.0000E+00  0.5536E+02  0.1393E+04  0.1000E+03
     1   177     1     2        0  0.1022E+05  0.5919E-03  0.1885E+00  0.1389E-01
     1   177     1     3        0  0.1584E+01  0.3511E+02  0.0000E+00  0.2561E-09
     1   177     1     4        0  0.2828E+01  0.3229E-02  0.0000E+00  0.4802E-03
     1   177     1     5        0  0.4953E-01  0.1835E+00  0.0000E+00  0.6385E-07
     1   178     1     1        0  0.0000E+00  0.6530E+02  0.1819E+04  0.1000E+03
     1   178     1     2        0  0.1389E+05  0.1357E-02  0.2650E+00  0.1748E-01
     1   178     1     3        0  0.2223E+01  0.4934E+02  0.0000E+00  0.1461E-08
     1   178     1     4        0  0.4404E+01  0.7859E-02  0.0000E+00  0.7087E-03
     1   178     1     5        0  0.8655E-01  0.2597E+00  0.0000E+00  0.1029E-06
     1   179     1     1        0  0.0000E+00  0.1000E+03  0.1089E+04  0.1000E+03
     1   179     1     2        0  0.7423E+04  0.3509E-02  0.1509E+00  0.1513E-01
     1   179     1     3        0  0.1263E+01  0.5194E+02  0.0000E+00  0.1264E-08
     1   179     1     4        0  0.1856E+01  0.4553E-02  0.0000E+00  0.3900E-03
     1   179     1     5        0  0.2916E-01  0.2719E+00  0.0000E+00  0.5547E-07
     1   180     1     1        0  0.0000E+00  0.6149E+02  0.1995E+04  0.1000E+03
     1   180     1     2        0  0.1546E+05  0.2811E-03  0.2787E+00  0.1572E-01
     1   180     1     3        0  0.2330E+01  0.5308E+02  0.0000E+00  0.4413E-09
     1   180     1     4        0  0.5231E+01  0.7897E-02  0.0000E+00  0.7434E-03
     1   180     1     5        0  0.1053E+00  0.2813E+00  0.0000E+00  0.1017E-06
     1   181     1     1        0  0.0000E+00  0.5713E+02  0.7667E+03  0.1000E+03
     1   181     1     2        0  0.4451E+04  0.1485E-02  0.1006E+00  0.1050E-01
     1   181     1     3        0  0.8383E+00  0.2496E+02  0.0000E+00  0.6862E-09
     1   181     1     4        0  0.1065E+01  0.1951E-02  0.0000E+00  0.1895E-03
     1   181     1     5        0  0.1316E-01  0.1307E+00  0.0000E+00  0.2779E-07
     1   182     1     1        0  0.0000E+00  0.7916E+02  0.2129E+04  0.1000E+03
     1   182     1     2        0  0.1662E+05  0.4801E-03  0.2606E+00  0.1315E-01
     1   182     1     3        0  0.2171E+01  0.7192E+02  0.0000E+00  0.2239E-09
     1   182     1     4        0  0.6004E+01  0.9733E-02  0.0000E+00  0.7659E-03
     1   182     1     5        0  0.1204E+00  0.3826E+00  0.0000E+00  0.9073E-07
     1   183     1     1        0  0.0000E+00  0.7649E+02  0.5152E+03  0.1000E+03
     1   183     1     2        0  0.4195E+04  0.7717E-03  0.4969E-01  0.5280E-02
     1   183     1     3        0  0.4122E+00  0.2526E+02  0.0000E+00  0.1836E-09
     1   183     1     4        0  0.4202E+00  0.1591E-02  0.0000E+00  0.4792E-04
     1   184     1     1        0  0.0000E+00  0.9115E+02  0.2206E+04  0.1000E+03
     1   184     1     2        0  0.1728E+05  0.1240E-02  0.2103E+00  0.9881E-02
     1   184     1     3        0  0.1746E+01  0.1000E+03  0.0000E+00  0.8129E-09
     1   184     1     4        0  0.6392E+01  0.1049E-01  0.0000E+00  0.7729E-03
     1   184     1     5        0  0.1298E+00  0.5317E+00  0.0000E+00  0.7076E-07
     1   185     1     1        0  0.0000E+00  0.4833E+02  0.5154E+03  0.1000E+03
     1   185     1     2        0  0.4177E+04  0.2437E-02  0.0000E+00  0.1190E-02
     1   185     1     3        0  0.8488E-01  0.9541E+01  0.0000E+00  0.1892E-09
     1   185     1     4        0  0.7472E-01  0.4349E-03  0.0000E+00  0.1551E-04
     1   186     1     1        0  0.0000E+00  0.3835E+02  0.2236E+04  0.1000E+03
     1   186     1     2        0  0.1753E+05  0.1094E-03  0.1322E+00  0.5999E-02
     1   186     1     3        0  0.1093E+01  0.4642E+02  0.0000E+00  0.3773E-09
     1   186     1     4        0  0.6542E+01  0.3304E-02  0.0000E+00  0.7646E-03
     1   186     1     5        0  0.1333E+00  0.2454E+00  0.0000E+00  0.4343E-07
     1   187     1     1        0  0.0000E+00  0.2957E+02  0.4983E+03  0.1000E+03
     1   187     1     2        0  0.4112E+04  0.2004E-02  0.0000E+00  0.3205E-03
     1   187     1     3        0  0.2256E-01  0.2345E+01  0.0000E+00  0.1428E-09
     1   187     1     4        0  0.1216E-01  0.3768E-04  0.0000E+00  0.1582E-04
     1   188     1     1        0  0.0000E+00  0.1000E+03  0.2208E+04  0.1000E+03
     1   188     1     2        0  0.1727E+05  0.2034E-02  0.3748E-01  0.1816E-02
     1   188     1     3        0  0.3088E+00  0.8186E+02  0.0000E+00  0.3856E-09
     1   188     1     4        0  0.6442E+01  0.3030E-02  0.0000E+00  0.7448E-03
     1   188     1     5        0  0.1300E+00  0.4284E+00  0.0000E+00  0.1278E-07
     1   189     1     1        0  0.0000E+00  0.7105E+02  0.4934E+03  0.1000E+03
     1   189     1     2        0  0.4061E+04  0.1351E-02  0.0000E+00  0.1052E-02
     1   189     1     3        0  0.4929E-01  0.3047E+02  0.0000E+00  0.3856E-09
     1   189     1     4        0  0.2349E+00  0.1118E-02  0.0000E+00  0.2186E-04
     1   190     1     1        0  0.0000E+00  0.8744E+02  0.2132E+04  0.1000E+03
     1   190     1     2        0  0.1656E+05  0.5322E-03  0.5652E-01  0.2363E-02
     1   190     1     3        0  0.4640E+00  0.1000E+03  0.0000E+00  0.1735E-09
     1   190     1     4        0  0.6078E+01  0.1009E-02  0.0000E+00  0.7197E-03
     1   190     1     5        0  0.1208E+00  0.5236E+00  0.0000E+00  0.1681E-07
     1   191     1     1        0  0.0000E+00  0.3510E+02  0.6648E+03  0.1000E+03
     1   191     1     2        0  0.4033E+04  0.8682E-03  0.4143E-01  0.7687E-02
     1   191     1     3        0  0.3390E+00  0.2232E+02  0.0000E+00  0.1053E-08
     1   191     1     4        0  0.7481E+00  0.1611E-02  0.0000E+00  0.2117E-03
     1   191     1     5        0  0.9242E-02  0.1144E+00  0.0000E+00  0.1789E-07
     1   192     1     1        0  0.0000E+00  0.3255E+02  0.2000E+04  0.1000E+03
     1   192     1     2        0  0.1537E+05  0.7741E-04  0.1322E+00  0.6169E-02
     1   192     1     3        0  0.1082E+01  0.4835E+02  0.0000E+00  0.2089E-09
     1   192     1     4        0  0.5345E+01  0.1587E-02  0.0000E+00  0.6805E-03
     1   192     1     5        0  0.1060E+00  0.2538E+00  0.0000E+00  0.4136E-07
     1   193     1     1        0  0.0000E+00  0.5674E+02  0.9827E+03  0.1000E+03
     1   193     1     2        0  0.6157E+04  0.2325E-02  0.9655E-01  0.1488E-01
     1   193     1     3        0  0.7881E+00  0.3797E+02  0.0000E+00  0.2134E-08
     1   193     1     4        0  0.1421E+01  0.4155E-02  0.0000E+00  0.4439E-03
     1   193     1     5        0  0.2295E-01  0.1969E+00  0.0000E+00  0.4999E-07
     1   194     1     1        0  0.0000E+00  0.1000E+03  0.1825E+04  0.1000E+03
     1   194     1     2        0  0.1379E+05  0.2253E-02  0.1798E+00  0.9459E-02
     1   194     1     3        0  0.1466E+01  0.7957E+02  0.0000E+00  0.6223E-09
     1   194     1     4        0  0.4559E+01  0.4608E-02  0.0000E+00  0.6274E-03
     1   194     1     5        0  0.8753E-01  0.4193E+00  0.0000E+00  0.5796E-07
     1   195     1     1        0  0.0000E+00  0.5400E+02  0.1278E+04  0.1000E+03
     1   195     1     2        0  0.8757E+04  0.5567E-03  0.1593E+00  0.1800E-01
     1   195     1     3        0  0.1297E+01  0.3544E+02  0.0000E+00  0.1153E-08
     1   195     1     4        0  0.2273E+01  0.4839E-02  0.0000E+00  0.5842E-03
     1   195     1     5        0  0.4076E-01  0.1859E+00  0.0000E+00  0.7760E-07
     1   196     1     1        0  0.0000E+00  0.6176E+02  0.1603E+04  0.1000E+03
     1   196     1     2        0  0.1179E+05  0.1966E-02  0.1958E+00  0.1207E-01
     1   196     1     3        0  0.1593E+01  0.5026E+02  0.0000E+00  0.6835E-09
     1   196     1     4        0  0.3638E+01  0.4011E-02  0.0000E+00  0.5599E-03
     1   196     1     5        0  0.6671E-01  0.2657E+00  0.0000E+00  0.6545E-07
     1   197     1     1        0  0.0000E+00  0.8513E+02  0.1534E+04  0.1000E+03
     1   197     1     2        0  0.1100E+05  0.2586E-03  0.2163E+00  0.1853E-01
     1   197     1     3        0  0.1757E+01  0.5912E+02  0.0000E+00  0.4866E-09
     1   197     1     4        0  0.3213E+01  0.8444E-02  0.0000E+00  0.6624E-03
     1   197     1     5        0  0.6043E-01  0.3128E+00  0.0000E+00  0.9555E-07
     1   198     1     1        0  0.0000E+00  0.1000E+03  0.1347E+04  0.1000E+03
     1   198     1     2        0  0.9501E+04  0.2532E-03  0.1824E+00  0.1391E-01
     1   198     1     3        0  0.1479E+01  0.6393E+02  0.0000E+00  0.7346E-10
     1   198     1     4        0  0.2660E+01  0.5925E-02  0.0000E+00  0.4807E-03
     1   198     1     5        0  0.4604E-01  0.3394E+00  0.0000E+00  0.6397E-07
     1   199     1     1        0  0.0000E+00  0.2405E+02  0.1236E+04  0.1000E+03
     1   199     1     2        0  0.1055E+03  0.1686E-06  0.0000E+00  0.1283E-03
     1   199     1     3        0  0.0000E+00  0.9945E+01  0.0000E+00  0.2579E-08
