SUMMARY OF C0NVERGENCE INFORMATION
  STEP   INC  ATT   ITER     CONT.   RESID.        CORR.      RESID.      CORR.
                              EL.    FORCE         DISP       FLUX        TEMP.
                              (#)     (%)           (%)        (%)         (%)
     1     1     1     1        0  0.0000E+00  0.1000E-29  0.2266E+04  0.1000E+03
     1     1     1     2        0  0.6799E+04  0.1000E-29  0.0000E+00  0.1927E-05
     1     1     1     3        0  0.2641E-02  0.1000E+03  0.0000E+00  0.1022E-09
     1     1     1     4        0  0.5453E+01  0.4440E-03  0.0000E+00  0.1230E-03
     1     1     1     5        0  0.1699E+00  0.3164E-02  0.0000E+00  0.9825E-10
     1     2     1     1        0  0.0000E+00  0.7013E+02  0.3312E+04  0.1000E+03
     1     2     1     2        0  0.1451E+05  0.1437E-03  0.0000E+00  0.3895E-03
     1     2     1     3        0  0.4612E+00  0.6616E+02  0.0000E+00  0.5781E-10
     1     2     1     4        0  0.9193E+01  0.1567E-03  0.0000E+00  0.2667E-03
     1     2     1     5        0  0.3223E+00  0.5744E-02  0.0000E+00  0.9844E-09
     1     3     1     1        0  0.0000E+00  0.2173E+02  0.3705E+04  0.1000E+03
     1     3     1     2        0  0.2092E+05  0.8626E-04  0.0000E+00  0.1817E-03
     1     3     1     3        0  0.1824E+00  0.4130E+02  0.0000E+00  0.8590E-10
     1     3     1     4        0  0.1005E+02  0.7257E-04  0.0000E+00  0.3856E-03
     1     3     1     5        0  0.3660E+00  0.6407E-02  0.0000E+00  0.6525E-09
     1     4     1     1        0  0.0000E+00  0.2574E+02  0.3706E+04  0.1000E+03
     1     4     1     2        0  0.2537E+05  0.5050E-04  0.0000E+00  0.7029E-03
     1     4     1     3        0  0.4940E+00  0.2431E+02  0.0000E+00  0.7517E-10
     1     4     1     4        0  0.8913E+01  0.1080E-03  0.0000E+00  0.4528E-03
     1     4     1     5        0  0.3296E+00  0.5472E-02  0.0000E+00  0.2742E-08
     1     5     1     1        0  0.0000E+00  0.8375E+01  0.3435E+04  0.1000E+03
     1     5     1     2        0  0.2722E+05  0.4218E-04  0.0000E+00  0.2077E-03
     1     5     1     3        0  0.1272E+00  0.1514E+02  0.0000E+00  0.1011E-09
     1     5     1     4        0  0.6578E+01  0.2459E-04  0.0000E+00  0.4408E-03
     1     5     1     5        0  0.2427E+00  0.4305E-02  0.0000E+00  0.8617E-09
     1     6     1     1        0  0.0000E+00  0.9974E+01  0.2901E+04  0.1000E+03
     1     6     1     2        0  0.2540E+05  0.1815E-04  0.0000E+00  0.6868E-03
     1     6     1     3        0  0.2492E+00  0.8622E+01  0.0000E+00  0.9371E-10
     1     6     1     4        0  0.3899E+01  0.3619E-04  0.0000E+00  0.3609E-03
     1     6     1     5        0  0.1412E+00  0.2768E-02  0.0000E+00  0.2275E-08
     1     7     1     1        0  0.0000E+00  0.3732E+01  0.2098E+04  0.1000E+03
     1     7     1     2        0  0.1921E+05  0.1361E-04  0.0000E+00  0.7729E-04
     1     7     1     3        0  0.1277E-01  0.4868E+01  0.0000E+00  0.7708E-10
     1     7     1     4        0  0.1668E+01  0.1852E-04  0.0000E+00  0.2165E-03
     1     7     1     5        0  0.5726E-01  0.1594E-02  0.0000E+00  0.1926E-09
     1     8     1     1        0  0.0000E+00  0.3724E+01  0.1007E+04  0.1000E+03
     1     8     1     2        0  0.8864E+04  0.3817E-05  0.0000E+00  0.2411E-03
     1     8     1     3        0  0.3564E-01  0.2063E+01  0.0000E+00  0.9178E-10
     1     8     1     4        0  0.3386E+00  0.3443E-05  0.0000E+00  0.6688E-04
     1     9     1     1        0  0.0000E+00  0.2038E+01  0.3410E+03  0.1000E+03
     1     9     1     2        0  0.2572E+04  0.2533E-05  0.0000E+00  0.3516E-04
     1     9     1     3        0  0.2503E-02  0.3302E+00  0.0000E+00  0.1224E-09
     1    10     1     1        0  0.0000E+00  0.9803E+01  0.2267E+04  0.1000E+03
     1    10     1     2        0  0.1877E+05  0.1360E-04  0.0000E+00  0.3737E-04
     1    10     1     3        0  0.7505E-02  0.5477E+01  0.0000E+00  0.1185E-09
     1    10     1     4        0  0.2710E+01  0.1500E-04  0.0000E+00  0.3199E-03
     1    10     1     5        0  0.7776E-01  0.2024E-02  0.0000E+00  0.1345E-09
     1    11     1     1        0  0.0000E+00  0.2411E+02  0.3539E+04  0.1000E+03
     1    11     1     2        0  0.2620E+05  0.8642E-04  0.3152E-01  0.1001E-02
     1    11     1     3        0  0.3291E+00  0.1645E+02  0.0000E+00  0.2724E-09
     1    11     1     4        0  0.6678E+01  0.1143E-03  0.0000E+00  0.5743E-03
     1    11     1     5        0  0.1959E+00  0.7988E-02  0.0000E+00  0.5300E-08
     1    12     1     1        0  0.0000E+00  0.1000E+03  0.3724E+04  0.1000E+03
     1    12     1     2        0  0.2799E+05  0.1832E-03  0.0000E+00  0.2222E-03
     1    12     1     3        0  0.8345E-01  0.6655E+02  0.0000E+00  0.3511E-09
     1    12     1     4        0  0.7840E+01  0.1739E-03  0.0000E+00  0.6409E-03
     1    12     1     5        0  0.2287E+00  0.4420E-01  0.0000E+00  0.1344E-08
     1    13     1     1        0  0.0000E+00  0.1299E+02  0.2947E+04  0.1000E+03
     1    13     1     2        0  0.2424E+05  0.1938E-04  0.3063E-01  0.1176E-02
     1    13     1     3        0  0.3233E+00  0.8187E+01  0.0000E+00  0.2403E-09
     1    13     1     4        0  0.5151E+01  0.6300E-04  0.0000E+00  0.4817E-03
     1    13     1     5        0  0.1449E+00  0.6847E-02  0.0000E+00  0.5501E-08
     1    14     1     1        0  0.0000E+00  0.2890E+01  0.1401E+04  0.1000E+03
     1    14     1     2        0  0.1314E+05  0.1537E-04  0.0000E+00  0.2754E-03
     1    14     1     3        0  0.3341E-01  0.2351E+01  0.0000E+00  0.2821E-09
     1    14     1     4        0  0.1269E+01  0.8566E-05  0.0000E+00  0.1767E-03
     1    14     1     5        0  0.3068E-01  0.2143E-02  0.0000E+00  0.5606E-09
     1    15     1     1        0  0.0000E+00  0.4010E+01  0.3115E+03  0.1000E+03
     1    15     1     2        0  0.2995E+04  0.1581E-04  0.0000E+00  0.5348E-04
     1    15     1     3        0  0.6701E-02  0.5532E+00  0.0000E+00  0.2392E-09
     1    16     1     1        0  0.0000E+00  0.9470E+01  0.2265E+04  0.1000E+03
     1    16     1     2        0  0.1945E+05  0.2131E-04  0.0000E+00  0.2579E-03
     1    16     1     3        0  0.6175E-01  0.3196E+01  0.0000E+00  0.3374E-09
     1    16     1     4        0  0.2973E+01  0.5544E-05  0.0000E+00  0.3626E-03
     1    16     1     5        0  0.8106E-01  0.2881E-02  0.0000E+00  0.9632E-09
     1    17     1     1        0  0.0000E+00  0.2443E+02  0.3411E+04  0.1000E+03
     1    17     1     2        0  0.2791E+05  0.3928E-04  0.0000E+00  0.8023E-03
     1    17     1     3        0  0.2555E+00  0.8012E+01  0.0000E+00  0.4896E-09
     1    17     1     4        0  0.6670E+01  0.3608E-04  0.0000E+00  0.6036E-03
     1    17     1     5        0  0.1891E+00  0.7965E-02  0.0000E+00  0.4258E-08
     1    18     1     1        0  0.0000E+00  0.1000E+03  0.3508E+04  0.1000E+03
     1    18     1     2        0  0.2922E+05  0.2593E-03  0.0000E+00  0.4609E-03
     1    18     1     3        0  0.1499E+00  0.3482E+02  0.0000E+00  0.3369E-09
     1    18     1     4        0  0.7336E+01  0.1792E-03  0.0000E+00  0.6540E-03
     1    18     1     5        0  0.2068E+00  0.4000E-01  0.0000E+00  0.2816E-08
     1    19     1     1        0  0.0000E+00  0.1454E+02  0.2644E+04  0.1000E+03
     1    19     1     2        0  0.2335E+05  0.4034E-04  0.0000E+00  0.9522E-03
     1    19     1     3        0  0.2347E+00  0.5340E+01  0.0000E+00  0.3165E-09
     1    19     1     4        0  0.4399E+01  0.4733E-04  0.0000E+00  0.4583E-03
     1    19     1     5        0  0.1176E+00  0.6792E-02  0.0000E+00  0.4136E-08
     1    20     1     1        0  0.0000E+00  0.3031E+01  0.1025E+04  0.1000E+03
     1    20     1     2        0  0.9535E+04  0.8154E-05  0.0000E+00  0.1926E-03
     1    20     1     3        0  0.2036E-01  0.1365E+01  0.0000E+00  0.6330E-09
     1    20     1     4        0  0.8350E+00  0.4838E-05  0.0000E+00  0.1204E-03
     1    20     1     5        0  0.1728E-01  0.1669E-02  0.0000E+00  0.3117E-09
     1    21     1     1        0  0.0000E+00  0.3823E+01  0.5487E+03  0.1000E+03
     1    21     1     2        0  0.4965E+04  0.1714E-04  0.0000E+00  0.5501E-03
     1    21     1     3        0  0.5186E-01  0.5727E+00  0.0000E+00  0.7421E-09
     1    22     1     1        0  0.0000E+00  0.1086E+02  0.2371E+04  0.1000E+03
     1    22     1     2        0  0.1880E+05  0.6326E-05  0.0000E+00  0.6790E-03
     1    22     1     3        0  0.1338E+00  0.2328E+01  0.0000E+00  0.6771E-09
     1    22     1     4        0  0.2986E+01  0.2026E-04  0.0000E+00  0.4014E-03
     1    22     1     5        0  0.8140E-01  0.1815E-02  0.0000E+00  0.2710E-08
     1    23     1     1        0  0.0000E+00  0.2476E+02  0.3364E+04  0.1000E+03
     1    23     1     2        0  0.2524E+05  0.8118E-04  0.5165E-01  0.1805E-02
     1    23     1     3        0  0.4450E+00  0.5693E+01  0.0000E+00  0.6627E-09
     1    23     1     4        0  0.5808E+01  0.7627E-04  0.0000E+00  0.6272E-03
     1    23     1     5        0  0.1636E+00  0.4295E-02  0.0000E+00  0.9913E-08
     1    24     1     1        0  0.0000E+00  0.1000E+03  0.3350E+04  0.1000E+03
     1    24     1     2        0  0.2502E+05  0.3816E-03  0.0000E+00  0.5676E-03
     1    24     1     3        0  0.1219E+00  0.2275E+02  0.0000E+00  0.6589E-09
     1    24     1     4        0  0.5865E+01  0.9656E-04  0.0000E+00  0.6460E-03
     1    24     1     5        0  0.1633E+00  0.2230E-01  0.0000E+00  0.3149E-08
     1    25     1     1        0  0.0000E+00  0.1597E+02  0.2404E+04  0.1000E+03
     1    25     1     2        0  0.1850E+05  0.1767E-04  0.3657E-01  0.1739E-02
     1    25     1     3        0  0.3064E+00  0.3822E+01  0.0000E+00  0.5534E-09
     1    25     1     4        0  0.3259E+01  0.4866E-04  0.0000E+00  0.4249E-03
     1    25     1     5        0  0.8373E-01  0.5107E-02  0.0000E+00  0.7116E-08
     1    26     1     1        0  0.0000E+00  0.2644E+01  0.7559E+03  0.1000E+03
     1    26     1     2        0  0.6056E+04  0.2723E-05  0.0000E+00  0.5905E-03
     1    26     1     3        0  0.5538E-01  0.9134E+00  0.0000E+00  0.9942E-09
     1    27     1     1        0  0.0000E+00  0.4178E+01  0.7177E+03  0.1000E+03
     1    27     1     2        0  0.5621E+04  0.2464E-04  0.0000E+00  0.5077E-03
     1    27     1     3        0  0.4125E-01  0.5100E+00  0.0000E+00  0.1600E-08
     1    28     1     1        0  0.0000E+00  0.2055E+02  0.2914E+04  0.1000E+03
     1    28     1     2        0  0.3047E+05  0.6710E-03  0.0000E+00  0.8552E-03
     1    28     1     3        0  0.2676E+00  0.3597E+01  0.0000E+00  0.9075E-08
     1    28     1     4        0  0.1301E+02  0.2868E-04  0.0000E+00  0.7859E-03
     1    28     1     5        0  0.2720E+00  0.7384E-02  0.0000E+00  0.5393E-08
     1    29     1     1        0  0.0000E+00  0.9102E+02  0.3115E+04  0.1000E+03
     1    29     1     2        0  0.3249E+05  0.2357E-02  0.7621E-01  0.2763E-02
     1    29     1     3        0  0.9127E+00  0.1584E+02  0.0000E+00  0.1062E-07
     1    29     1     4        0  0.1553E+02  0.5659E-03  0.2639E-01  0.9113E-03
     1    29     1     5        0  0.3160E+00  0.3700E-01  0.0000E+00  0.2371E-07
     1    30     1     1        0  0.0000E+00  0.1798E+02  0.1312E+04  0.1000E+03
     1    30     1     2        0  0.1470E+05  0.4860E-03  0.0000E+00  0.1047E-02
     1    30     1     3        0  0.1642E+00  0.3004E+01  0.0000E+00  0.5273E-08
     1    30     1     4        0  0.3802E+01  0.1888E-04  0.0000E+00  0.3356E-03
     1    30     1     5        0  0.5849E-01  0.8397E-02  0.0000E+00  0.3568E-08
     1    31     1     1        0  0.0000E+00  0.5269E+01  0.9048E+03  0.1000E+03
     1    31     1     2        0  0.1053E+05  0.1640E-03  0.0000E+00  0.1584E-02
     1    31     1     3        0  0.1835E+00  0.8628E+00  0.0000E+00  0.5312E-08
     1    32     1     1        0  0.0000E+00  0.1963E+02  0.2929E+04  0.1000E+03
     1    32     1     2        0  0.2927E+05  0.6515E-03  0.0000E+00  0.9576E-03
     1    32     1     3        0  0.2729E+00  0.3065E+01  0.0000E+00  0.1161E-07
     1    32     1     4        0  0.1322E+02  0.1054E-04  0.0000E+00  0.8308E-03
     1    32     1     5        0  0.2664E+00  0.4582E-02  0.0000E+00  0.6621E-08
     1    33     1     1        0  0.0000E+00  0.7604E+02  0.2954E+04  0.1000E+03
     1    33     1     2        0  0.2933E+05  0.1818E-02  0.7236E-01  0.2857E-02
     1    33     1     3        0  0.8038E+00  0.1047E+02  0.0000E+00  0.1449E-07
     1    33     1     4        0  0.1374E+02  0.3441E-03  0.0000E+00  0.9013E-03
     1    33     1     5        0  0.2717E+00  0.1757E-01  0.0000E+00  0.2395E-07
     1    34     1     1        0  0.0000E+00  0.2098E+02  0.1074E+04  0.1000E+03
     1    34     1     2        0  0.1110E+05  0.6973E-03  0.0000E+00  0.1007E-02
     1    34     1     3        0  0.1306E+00  0.2568E+01  0.0000E+00  0.6492E-08
     1    34     1     4        0  0.2882E+01  0.1924E-04  0.0000E+00  0.2543E-03
     1    34     1     5        0  0.3749E-01  0.7194E-02  0.0000E+00  0.2955E-08
     1    35     1     1        0  0.0000E+00  0.4377E+01  0.1072E+04  0.1000E+03
     1    35     1     2        0  0.1159E+05  0.1392E-03  0.0000E+00  0.1685E-02
     1    35     1     3        0  0.1919E+00  0.7644E+00  0.0000E+00  0.7707E-08
     1    36     1     1        0  0.0000E+00  0.1912E+02  0.2871E+04  0.1000E+03
     1    36     1     2        0  0.2783E+05  0.5465E-03  0.0000E+00  0.8598E-03
     1    36     1     3        0  0.2337E+00  0.2525E+01  0.0000E+00  0.1332E-07
     1    36     1     4        0  0.1216E+02  0.1171E-04  0.0000E+00  0.8655E-03
     1    36     1     5        0  0.2554E+00  0.6031E-02  0.0000E+00  0.5923E-08
     1    37     1     1        0  0.0000E+00  0.6579E+02  0.2720E+04  0.1000E+03
     1    37     1     2        0  0.2645E+05  0.2144E-02  0.6578E-01  0.2842E-02
     1    37     1     3        0  0.6970E+00  0.7383E+01  0.0000E+00  0.1886E-07
     1    37     1     4        0  0.1166E+02  0.2494E-03  0.0000E+00  0.8821E-03
     1    37     1     5        0  0.2324E+00  0.1793E-01  0.0000E+00  0.2352E-07
     1    38     1     1        0  0.0000E+00  0.2561E+02  0.8258E+03  0.1000E+03
     1    38     1     2        0  0.7649E+04  0.7607E-03  0.0000E+00  0.9739E-03
     1    38     1     3        0  0.1046E+00  0.2142E+01  0.0000E+00  0.8058E-08
     1    38     1     4        0  0.1894E+01  0.2480E-04  0.0000E+00  0.1746E-03
     1    38     1     5        0  0.2114E-01  0.7166E-02  0.0000E+00  0.2457E-08
     1    39     1     1        0  0.0000E+00  0.3698E+01  0.1242E+04  0.1000E+03
     1    39     1     2        0  0.1299E+05  0.1102E-03  0.0000E+00  0.1155E-02
     1    39     1     3        0  0.1442E+00  0.8353E+00  0.0000E+00  0.9234E-08
     1    40     1     1        0  0.0000E+00  0.1825E+02  0.2858E+04  0.1000E+03
     1    40     1     2        0  0.2679E+05  0.5651E-03  0.0000E+00  0.4229E-03
     1    40     1     3        0  0.5218E-01  0.2314E+01  0.0000E+00  0.1594E-07
     1    40     1     4        0  0.1235E+02  0.2958E-04  0.2438E-01  0.8976E-03
     1    40     1     5        0  0.2478E+00  0.3732E-02  0.0000E+00  0.1632E-08
     1    41     1     1        0  0.0000E+00  0.5955E+02  0.2545E+04  0.1000E+03
     1    41     1     2        0  0.2369E+05  0.1971E-02  0.4316E-01  0.2011E-02
     1    41     1     3        0  0.4318E+00  0.5676E+01  0.0000E+00  0.2064E-07
     1    41     1     4        0  0.1030E+02  0.1585E-03  0.0000E+00  0.8610E-03
     1    41     1     5        0  0.1986E+00  0.7864E-02  0.0000E+00  0.1598E-07
     1    42     1     1        0  0.0000E+00  0.2919E+02  0.6268E+03  0.1000E+03
     1    42     1     2        0  0.4944E+04  0.8547E-03  0.0000E+00  0.4339E-03
     1    42     1     3        0  0.3160E-01  0.1859E+01  0.0000E+00  0.8025E-08
     1    42     1     4        0  0.1320E+01  0.2997E-04  0.0000E+00  0.1075E-03
     1    42     1     5        0  0.1083E-01  0.5620E-02  0.0000E+00  0.6117E-09
     1    43     1     1        0  0.0000E+00  0.2960E+01  0.1372E+04  0.1000E+03
     1    43     1     2        0  0.1373E+05  0.9617E-04  0.0000E+00  0.9453E-03
     1    43     1     3        0  0.1208E+00  0.7519E+00  0.0000E+00  0.1102E-07
     1    44     1     1        0  0.0000E+00  0.1774E+02  0.2790E+04  0.1000E+03
     1    44     1     2        0  0.2565E+05  0.4566E-03  0.0000E+00  0.4653E-03
     1    44     1     3        0  0.1221E+00  0.1987E+01  0.0000E+00  0.1498E-07
     1    44     1     4        0  0.1117E+02  0.4198E-04  0.2427E-01  0.9235E-03
     1    44     1     5        0  0.2361E+00  0.5120E-02  0.0000E+00  0.4423E-08
     1    45     1     1        0  0.0000E+00  0.5428E+02  0.2325E+04  0.1000E+03
     1    45     1     2        0  0.2110E+05  0.1362E-02  0.3126E-01  0.1545E-02
     1    45     1     3        0  0.3007E+00  0.4377E+01  0.0000E+00  0.2345E-07
     1    45     1     4        0  0.8598E+01  0.8280E-04  0.0000E+00  0.8301E-03
     1    45     1     5        0  0.1675E+00  0.9606E-02  0.0000E+00  0.1224E-07
     1    46     1     1        0  0.0000E+00  0.3429E+02  0.4042E+03  0.1000E+03
     1    46     1     2        0  0.3802E+04  0.8601E-03  0.0000E+00  0.1550E-03
     1    46     1     3        0  0.6060E-02  0.1531E+01  0.0000E+00  0.6676E-08
     1    46     1     4        0  0.7408E+00  0.2266E-04  0.0000E+00  0.5208E-04
     1    46     1     5        0  0.3641E-02  0.5463E-02  0.0000E+00  0.1108E-09
     1    47     1     1        0  0.0000E+00  0.2159E+01  0.1518E+04  0.1000E+03
     1    47     1     2        0  0.1474E+05  0.6226E-04  0.0000E+00  0.2782E-03
     1    47     1     3        0  0.4418E-01  0.8244E+00  0.0000E+00  0.1253E-07
     1    48     1     1        0  0.0000E+00  0.1704E+02  0.2759E+04  0.1000E+03
     1    48     1     2        0  0.2479E+05  0.4080E-03  0.4716E-01  0.1875E-02
     1    48     1     3        0  0.4409E+00  0.1902E+01  0.0000E+00  0.1616E-07
     1    48     1     4        0  0.1141E+02  0.5819E-04  0.2440E-01  0.9475E-03
     1    48     1     5        0  0.2281E+00  0.3257E-02  0.0000E+00  0.1718E-07
     1    49     1     1        0  0.0000E+00  0.5050E+02  0.2178E+04  0.1000E+03
     1    49     1     2        0  0.1883E+05  0.1858E-02  0.0000E+00  0.7523E-03
     1    49     1     3        0  0.8082E-01  0.3625E+01  0.0000E+00  0.2744E-07
     1    49     1     4        0  0.7622E+01  0.5176E-04  0.0000E+00  0.7870E-03
     1    49     1     5        0  0.1417E+00  0.3306E-02  0.0000E+00  0.3166E-08
     1    50     1     1        0  0.0000E+00  0.3904E+02  0.4377E+03  0.1000E+03
     1    50     1     2        0  0.3949E+04  0.5472E-03  0.0000E+00  0.5048E-03
     1    50     1     3        0  0.3227E-01  0.1277E+01  0.0000E+00  0.4185E-08
     1    50     1     4        0  0.4231E+00  0.3961E-04  0.0000E+00  0.1944E-04
     1    51     1     1        0  0.0000E+00  0.1513E+01  0.1620E+04  0.1000E+03
     1    51     1     2        0  0.1526E+05  0.4763E-04  0.0000E+00  0.1083E-02
     1    51     1     3        0  0.1755E+00  0.7578E+00  0.0000E+00  0.1402E-07
     1    52     1     1        0  0.0000E+00  0.3041E+02  0.2562E+04  0.1000E+03
     1    52     1     2        0  0.3285E+05  0.1805E-02  0.1271E+00  0.5395E-02
     1    52     1     3        0  0.1718E+01  0.2627E+01  0.0000E+00  0.1015E-06
     1    52     1     4        0  0.3104E+02  0.1578E-03  0.3263E-01  0.1385E-02
     1    52     1     5        0  0.4409E+00  0.9292E-02  0.0000E+00  0.7534E-07
     1    53     1     1        0  0.0000E+00  0.1000E+03  0.4305E+03  0.1000E+03
     1    53     1     2        0  0.5633E+04  0.6963E-02  0.0000E+00  0.4274E-03
     1    53     1     3        0  0.4981E-01  0.1237E+01  0.0000E+00  0.9821E-08
     1    53     1     4        0  0.2580E+00  0.9006E-04  0.0000E+00  0.2545E-04
     1    54     1     1        0  0.0000E+00  0.6683E+01  0.2431E+04  0.1000E+03
     1    54     1     2        0  0.3230E+05  0.5808E-03  0.9383E-01  0.3892E-02
     1    54     1     3        0  0.1250E+01  0.2101E+01  0.0000E+00  0.2727E-07
     1    54     1     4        0  0.2187E+02  0.9624E-04  0.2923E-01  0.1182E-02
     1    54     1     5        0  0.3895E+00  0.1426E-01  0.0000E+00  0.5194E-07
     1    55     1     1        0  0.0000E+00  0.3599E+02  0.1869E+04  0.1000E+03
     1    55     1     2        0  0.2271E+05  0.1890E-02  0.0000E+00  0.1613E-02
     1    55     1     3        0  0.2466E+00  0.2272E+01  0.0000E+00  0.1105E-06
     1    55     1     4        0  0.1844E+02  0.1680E-04  0.0000E+00  0.1066E-02
     1    55     1     5        0  0.2238E+00  0.4938E-02  0.0000E+00  0.9744E-08
     1    56     1     1        0  0.0000E+00  0.1000E+03  0.9325E+03  0.1000E+03
     1    56     1     2        0  0.1028E+05  0.6295E-02  0.0000E+00  0.7854E-03
     1    56     1     3        0  0.4816E-01  0.4138E+01  0.0000E+00  0.7040E-07
     1    56     1     4        0  0.4053E+01  0.7794E-04  0.0000E+00  0.4456E-03
     1    56     1     5        0  0.5287E-01  0.2190E-01  0.0000E+00  0.3617E-08
     1    57     1     1        0  0.0000E+00  0.1181E+02  0.2623E+04  0.1000E+03
     1    57     1     2        0  0.3393E+05  0.8754E-03  0.5906E-01  0.2464E-02
     1    57     1     3        0  0.7713E+00  0.2151E+01  0.0000E+00  0.4724E-07
     1    57     1     4        0  0.2495E+02  0.2220E-04  0.3487E-01  0.1404E-02
     1    57     1     5        0  0.4552E+00  0.1568E-01  0.0000E+00  0.3562E-07
     1    58     1     1        0  0.0000E+00  0.4281E+02  0.7246E+03  0.1000E+03
     1    58     1     2        0  0.7006E+04  0.2551E-02  0.0000E+00  0.7393E-03
     1    58     1     3        0  0.3469E-01  0.1078E+01  0.0000E+00  0.1025E-06
     1    58     1     4        0  0.3184E+01  0.2358E-04  0.0000E+00  0.2809E-03
     1    58     1     5        0  0.2960E-01  0.3850E-02  0.0000E+00  0.1424E-08
     1    59     1     1        0  0.0000E+00  0.5778E+02  0.1966E+04  0.1000E+03
     1    59     1     2        0  0.2337E+05  0.3994E-02  0.0000E+00  0.1116E-02
     1    59     1     3        0  0.2638E+00  0.6418E+01  0.0000E+00  0.5392E-07
     1    59     1     4        0  0.1668E+02  0.1191E-03  0.0000E+00  0.9906E-03
     1    59     1     5        0  0.2480E+00  0.4610E-01  0.0000E+00  0.1233E-07
     1    60     1     1        0  0.0000E+00  0.1630E+02  0.2252E+04  0.1000E+03
     1    60     1     2        0  0.2832E+05  0.8345E-03  0.8870E-01  0.4609E-02
     1    60     1     3        0  0.1139E+01  0.1992E+01  0.0000E+00  0.5474E-07
     1    60     1     4        0  0.1998E+02  0.8013E-04  0.2550E-01  0.1284E-02
     1    60     1     5        0  0.3273E+00  0.1309E-01  0.0000E+00  0.5893E-07
     1    61     1     1        0  0.0000E+00  0.5210E+02  0.4949E+03  0.1000E+03
     1    61     1     2        0  0.6098E+04  0.2368E-02  0.0000E+00  0.3839E-03
     1    61     1     3        0  0.5086E-01  0.7299E+00  0.0000E+00  0.2540E-07
     1    62     1     1        0  0.0000E+00  0.2766E+02  0.2488E+04  0.1000E+03
     1    62     1     2        0  0.2956E+05  0.1759E-02  0.4047E-01  0.1731E-02
     1    62     1     3        0  0.5132E+00  0.5690E+01  0.0000E+00  0.3529E-07
     1    62     1     4        0  0.2561E+02  0.3002E-03  0.3185E-01  0.1300E-02
     1    62     1     5        0  0.4038E+00  0.4343E-01  0.0000E+00  0.2261E-07
     1    63     1     1        0  0.0000E+00  0.2043E+02  0.1355E+04  0.1000E+03
     1    63     1     2        0  0.1631E+05  0.1064E-02  0.2796E-01  0.2554E-02
     1    63     1     3        0  0.3525E+00  0.1165E+01  0.0000E+00  0.7035E-07
     1    63     1     4        0  0.6780E+01  0.2786E-04  0.0000E+00  0.7792E-03
     1    63     1     5        0  0.1130E+00  0.8150E-02  0.0000E+00  0.1997E-07
     1    64     1     1        0  0.0000E+00  0.6530E+02  0.1380E+04  0.1000E+03
     1    64     1     2        0  0.1504E+05  0.2673E-02  0.0000E+00  0.7802E-03
     1    64     1     3        0  0.1045E+00  0.4016E+01  0.0000E+00  0.7474E-07
     1    64     1     4        0  0.1126E+02  0.4720E-04  0.0000E+00  0.7289E-03
     1    64     1     5        0  0.1176E+00  0.2167E-01  0.0000E+00  0.6463E-08
     1    65     1     1        0  0.0000E+00  0.1334E+02  0.2454E+04  0.1000E+03
     1    65     1     2        0  0.2863E+05  0.4232E-03  0.6178E-01  0.2614E-02
     1    65     1     3        0  0.7768E+00  0.4905E+01  0.0000E+00  0.1883E-07
     1    65     1     4        0  0.2507E+02  0.2843E-03  0.3105E-01  0.1414E-02
     1    65     1     5        0  0.3904E+00  0.4254E-01  0.0000E+00  0.3700E-07
     1    66     1     1        0  0.0000E+00  0.2412E+02  0.4778E+03  0.1000E+03
     1    66     1     2        0  0.5888E+04  0.1105E-02  0.0000E+00  0.4651E-03
     1    66     1     3        0  0.2432E-01  0.9305E-01  0.0000E+00  0.2283E-07
     1    67     1     1        0  0.0000E+00  0.8293E+02  0.2175E+04  0.1000E+03
     1    67     1     2        0  0.2484E+05  0.3455E-02  0.4816E-01  0.2160E-02
     1    67     1     3        0  0.5983E+00  0.8854E+01  0.0000E+00  0.6199E-07
     1    67     1     4        0  0.2483E+02  0.3861E-03  0.2464E-01  0.1141E-02
     1    67     1     5        0  0.3060E+00  0.5046E-01  0.0000E+00  0.2552E-07
     1    68     1     1        0  0.0000E+00  0.5405E+01  0.1846E+04  0.1000E+03
     1    68     1     2        0  0.2083E+05  0.1252E-03  0.2746E-01  0.1731E-02
     1    68     1     3        0  0.3414E+00  0.3628E+01  0.0000E+00  0.1284E-07
     1    68     1     4        0  0.1401E+02  0.1218E-03  0.0000E+00  0.1144E-02
     1    68     1     5        0  0.2170E+00  0.3163E-01  0.0000E+00  0.1899E-07
     1    69     1     1        0  0.0000E+00  0.2763E+02  0.7270E+03  0.1000E+03
     1    69     1     2        0  0.7207E+04  0.1140E-02  0.0000E+00  0.1359E-02
     1    69     1     3        0  0.1478E+00  0.1991E+01  0.0000E+00  0.4166E-07
     1    69     1     4        0  0.5188E+01  0.3750E-04  0.0000E+00  0.2695E-03
     1    69     1     5        0  0.2835E-01  0.1465E-01  0.0000E+00  0.6004E-08
     1    70     1     1        0  0.0000E+00  0.1000E+03  0.2470E+04  0.1000E+03
     1    70     1     2        0  0.2808E+05  0.5139E-02  0.7362E-01  0.3082E-02
     1    70     1     3        0  0.9104E+00  0.1497E+02  0.0000E+00  0.5918E-07
     1    70     1     4        0  0.3176E+02  0.8322E-03  0.3213E-01  0.1399E-02
     1    70     1     5        0  0.3973E+00  0.1121E+00  0.0000E+00  0.4464E-07
     1    71     1     1        0  0.0000E+00  0.1563E+01  0.8486E+03  0.1000E+03
     1    71     1     2        0  0.7826E+04  0.6947E-04  0.0000E+00  0.1474E-03
     1    71     1     3        0  0.1019E-01  0.1792E+01  0.0000E+00  0.7911E-08
     1    71     1     4        0  0.3108E+01  0.2845E-04  0.0000E+00  0.4046E-03
     1    71     1     5        0  0.3972E-01  0.1599E-01  0.0000E+00  0.9397E-09
     1    72     1     1        0  0.0000E+00  0.2962E+02  0.1715E+04  0.1000E+03
     1    72     1     2        0  0.1906E+05  0.2031E-02  0.0000E+00  0.4518E-03
     1    72     1     3        0  0.7913E-01  0.4335E+01  0.0000E+00  0.5503E-07
     1    72     1     4        0  0.1841E+02  0.1335E-03  0.0000E+00  0.9343E-03
     1    72     1     5        0  0.1893E+00  0.3285E-01  0.0000E+00  0.5959E-08
     1    73     1     1        0  0.0000E+00  0.9894E+02  0.2177E+04  0.1000E+03
     1    73     1     2        0  0.2425E+05  0.3901E-02  0.7201E-01  0.3731E-02
     1    73     1     3        0  0.8858E+00  0.1663E+02  0.0000E+00  0.4306E-07
     1    73     1     4        0  0.2504E+02  0.8129E-03  0.2508E-01  0.1341E-02
     1    73     1     5        0  0.3085E+00  0.1264E+00  0.0000E+00  0.4810E-07
     1    74     1     1        0  0.0000E+00  0.1139E+01  0.5146E+03  0.1000E+03
     1    74     1     2        0  0.6153E+04  0.2844E-04  0.0000E+00  0.1271E-03
     1    74     1     3        0  0.1631E-01  0.1653E+01  0.0000E+00  0.1257E-08
     1    74     1     4        0  0.5602E+00  0.5306E-04  0.0000E+00  0.2500E-04
     1    74     1     5        0  0.2621E-02  0.1412E-01  0.0000E+00  0.1144E-09
     1    75     1     1        0  0.0000E+00  0.2862E+02  0.2307E+04  0.1000E+03
     1    75     1     2        0  0.2603E+05  0.1578E-02  0.2907E-01  0.1311E-02
     1    75     1     3        0  0.3566E+00  0.6781E+01  0.0000E+00  0.3699E-07
     1    75     1     4        0  0.3119E+02  0.2270E-03  0.2851E-01  0.1264E-02
     1    75     1     5        0  0.3497E+00  0.5827E-01  0.0000E+00  0.1830E-07
     1    76     1     1        0  0.0000E+00  0.7197E+02  0.1419E+04  0.1000E+03
     1    76     1     2        0  0.1470E+05  0.2504E-02  0.3413E-01  0.2966E-02
     1    76     1     3        0  0.4177E+00  0.1008E+02  0.0000E+00  0.3835E-07
     1    76     1     4        0  0.1192E+02  0.2883E-03  0.0000E+00  0.8997E-03
     1    76     1     5        0  0.1243E+00  0.8340E-01  0.0000E+00  0.2561E-07
     1    77     1     1        0  0.0000E+00  0.8130E+01  0.1148E+04  0.1000E+03
     1    77     1     2        0  0.1166E+05  0.5100E-03  0.0000E+00  0.1069E-02
     1    77     1     3        0  0.1484E+00  0.7881E+01  0.0000E+00  0.7155E-08
     1    77     1     4        0  0.9124E+01  0.1076E-03  0.0000E+00  0.6608E-03
     1    77     1     5        0  0.8236E-01  0.7138E-01  0.0000E+00  0.6663E-08
     1    78     1     1        0  0.0000E+00  0.2362E+02  0.2336E+04  0.1000E+03
     1    78     1     2        0  0.2620E+05  0.9093E-03  0.7531E-01  0.3422E-02
     1    78     1     3        0  0.9219E+00  0.7709E+01  0.0000E+00  0.2397E-07
     1    78     1     4        0  0.3186E+02  0.3953E-03  0.2966E-01  0.1432E-02
     1    78     1     5        0  0.3631E+00  0.6782E-01  0.0000E+00  0.4874E-07
     1    79     1     1        0  0.0000E+00  0.4872E+02  0.4823E+03  0.1000E+03
     1    79     1     2        0  0.5819E+04  0.2387E-02  0.0000E+00  0.5018E-03
     1    79     1     3        0  0.3804E-01  0.2498E+01  0.0000E+00  0.2086E-07
     1    79     1     4        0  0.1254E+01  0.3273E-04  0.0000E+00  0.3547E-04
     1    79     1     5        0  0.2374E-02  0.1931E-01  0.0000E+00  0.1129E-08
     1    80     1     1        0  0.0000E+00  0.3326E+02  0.1982E+04  0.1000E+03
     1    80     1     2        0  0.2192E+05  0.2533E-02  0.3663E-01  0.1942E-02
     1    80     1     3        0  0.4460E+00  0.2046E+02  0.0000E+00  0.1715E-07
     1    80     1     4        0  0.2278E+02  0.5235E-03  0.2127E-01  0.1104E-02
     1    80     1     5        0  0.2590E+00  0.1858E+00  0.0000E+00  0.2361E-07
     1    81     1     1        0  0.0000E+00  0.1719E+02  0.1856E+04  0.1000E+03
     1    81     1     2        0  0.2004E+05  0.8106E-03  0.2705E-01  0.1733E-02
     1    81     1     3        0  0.3296E+00  0.6375E+01  0.0000E+00  0.2151E-07
     1    81     1     4        0  0.2210E+02  0.2372E-03  0.0000E+00  0.1205E-02
     1    81     1     5        0  0.2239E+00  0.5909E-01  0.0000E+00  0.1974E-07
     1    82     1     1        0  0.0000E+00  0.3800E+02  0.5211E+03  0.1000E+03
     1    82     1     2        0  0.5983E+04  0.2158E-02  0.0000E+00  0.6572E-03
     1    82     1     3        0  0.7705E-01  0.1802E+01  0.0000E+00  0.2536E-07
     1    82     1     4        0  0.1664E+01  0.4553E-04  0.0000E+00  0.1442E-03
     1    82     1     5        0  0.1326E-01  0.1458E-01  0.0000E+00  0.2102E-08
     1    83     1     1        0  0.0000E+00  0.9340E+02  0.2320E+04  0.1000E+03
     1    83     1     2        0  0.2591E+05  0.5674E-02  0.4433E-01  0.2050E-02
     1    83     1     3        0  0.5385E+00  0.3866E+02  0.0000E+00  0.2677E-07
     1    83     1     4        0  0.3011E+02  0.2039E-02  0.2985E-01  0.1373E-02
     1    83     1     5        0  0.3626E+00  0.3644E+00  0.0000E+00  0.2979E-07
     1    84     1     1        0  0.0000E+00  0.1288E+02  0.9392E+03  0.1000E+03
     1    84     1     2        0  0.8759E+04  0.5461E-03  0.0000E+00  0.1454E-02
     1    84     1     3        0  0.1418E+00  0.3449E+01  0.0000E+00  0.1907E-07
     1    84     1     4        0  0.7653E+01  0.1314E-03  0.0000E+00  0.5408E-03
     1    84     1     5        0  0.5150E-01  0.3067E-01  0.0000E+00  0.9625E-08
     1    85     1     1        0  0.0000E+00  0.3531E+02  0.1521E+04  0.1000E+03
     1    85     1     2        0  0.1610E+05  0.1985E-02  0.0000E+00  0.1315E-02
     1    85     1     3        0  0.2270E+00  0.4083E+01  0.0000E+00  0.5068E-07
     1    85     1     4        0  0.1198E+02  0.3158E-04  0.0000E+00  0.8788E-03
     1    85     1     5        0  0.1508E+00  0.3086E-01  0.0000E+00  0.8939E-08
     1    86     1     1        0  0.0000E+00  0.1000E+03  0.2140E+04  0.1000E+03
     1    86     1     2        0  0.2337E+05  0.5888E-02  0.7431E-01  0.4081E-02
     1    86     1     3        0  0.8984E+00  0.2931E+02  0.0000E+00  0.3742E-07
     1    86     1     4        0  0.2660E+02  0.1529E-02  0.2531E-01  0.1379E-02
     1    86     1     5        0  0.3059E+00  0.2716E+00  0.0000E+00  0.5534E-07
     1    87     1     1        0  0.0000E+00  0.1203E+02  0.5052E+03  0.1000E+03
     1    87     1     2        0  0.5945E+04  0.5520E-03  0.0000E+00  0.1381E-03
     1    87     1     3        0  0.1717E-01  0.8093E+00  0.0000E+00  0.2267E-08
     1    88     1     1        0  0.0000E+00  0.3718E+02  0.2134E+04  0.1000E+03
     1    88     1     2        0  0.2356E+05  0.2128E-02  0.3223E-01  0.1626E-02
     1    88     1     3        0  0.3877E+00  0.4968E+01  0.0000E+00  0.5965E-07
     1    88     1     4        0  0.2261E+02  0.6707E-04  0.2561E-01  0.1226E-02
     1    88     1     5        0  0.3081E+00  0.3861E-01  0.0000E+00  0.2146E-07
     1    89     1     1        0  0.0000E+00  0.7582E+02  0.1462E+04  0.1000E+03
     1    89     1     2        0  0.1495E+05  0.5891E-02  0.2924E-01  0.2587E-02
     1    89     1     3        0  0.3513E+00  0.1478E+02  0.0000E+00  0.5475E-07
     1    89     1     4        0  0.1418E+02  0.5944E-03  0.0000E+00  0.9962E-03
     1    89     1     5        0  0.1377E+00  0.1383E+00  0.0000E+00  0.2440E-07
     1    90     1     1        0  0.0000E+00  0.1346E+02  0.9665E+03  0.1000E+03
     1    90     1     2        0  0.1029E+05  0.4696E-03  0.0000E+00  0.1354E-02
     1    90     1     3        0  0.1445E+00  0.1183E+01  0.0000E+00  0.2756E-07
     1    90     1     4        0  0.3696E+01  0.8464E-05  0.0000E+00  0.5911E-03
     1    90     1     5        0  0.5700E-01  0.1007E-01  0.0000E+00  0.7127E-08
     1    91     1     1        0  0.0000E+00  0.4233E+02  0.2260E+04  0.1000E+03
     1    91     1     2        0  0.2476E+05  0.3174E-02  0.6542E-01  0.3248E-02
     1    91     1     3        0  0.7832E+00  0.5250E+01  0.0000E+00  0.8496E-07
     1    91     1     4        0  0.2592E+02  0.1830E-03  0.2891E-01  0.1431E-02
     1    91     1     5        0  0.3461E+00  0.3678E-01  0.0000E+00  0.4786E-07
     1    92     1     1        0  0.0000E+00  0.4145E+02  0.4889E+03  0.1000E+03
     1    92     1     2        0  0.5785E+04  0.2473E-02  0.0000E+00  0.9040E-03
     1    92     1     3        0  0.5319E-01  0.4394E+01  0.0000E+00  0.3156E-07
     1    92     1     4        0  0.3093E+01  0.1454E-03  0.0000E+00  0.1214E-03
     1    92     1     5        0  0.9051E-02  0.3993E-01  0.0000E+00  0.1667E-08
     1    93     1     1        0  0.0000E+00  0.1639E+02  0.1796E+04  0.1000E+03
     1    93     1     2        0  0.2051E+05  0.9292E-03  0.2491E-01  0.1460E-02
     1    93     1     3        0  0.2970E+00  0.2228E+01  0.0000E+00  0.4260E-07
     1    93     1     4        0  0.1339E+02  0.8261E-04  0.0000E+00  0.1057E-02
     1    93     1     5        0  0.2169E+00  0.1936E-01  0.0000E+00  0.1725E-07
     1    94     1     1        0  0.0000E+00  0.5127E+02  0.1855E+04  0.1000E+03
     1    94     1     2        0  0.1960E+05  0.3128E-02  0.3094E-01  0.2014E-02
     1    94     1     3        0  0.3683E+00  0.4798E+01  0.0000E+00  0.9428E-07
     1    94     1     4        0  0.1790E+02  0.1267E-03  0.1932E-01  0.1264E-02
     1    94     1     5        0  0.2300E+00  0.3566E-01  0.0000E+00  0.2481E-07
     1    95     1     1        0  0.0000E+00  0.2178E+02  0.5065E+03  0.1000E+03
     1    95     1     2        0  0.5905E+04  0.1186E-02  0.0000E+00  0.3527E-03
     1    95     1     3        0  0.3551E-01  0.3329E+00  0.0000E+00  0.1250E-07
     1    96     1     1        0  0.0000E+00  0.2001E+02  0.2211E+04  0.1000E+03
     1    96     1     2        0  0.2520E+05  0.1152E-02  0.3150E-01  0.1521E-02
     1    96     1     3        0  0.3738E+00  0.2788E+01  0.0000E+00  0.5788E-07
     1    96     1     4        0  0.2186E+02  0.5985E-04  0.2806E-01  0.1338E-02
     1    96     1     5        0  0.3329E+00  0.2188E-01  0.0000E+00  0.2226E-07
     1    97     1     1        0  0.0000E+00  0.6724E+02  0.1043E+04  0.1000E+03
     1    97     1     2        0  0.9521E+04  0.3295E-02  0.0000E+00  0.2322E-02
     1    97     1     3        0  0.2163E+00  0.3736E+01  0.0000E+00  0.9604E-07
     1    97     1     4        0  0.6589E+01  0.1439E-03  0.0000E+00  0.7068E-03
     1    97     1     5        0  0.6619E-01  0.2514E-01  0.0000E+00  0.1640E-07
     1    98     1     1        0  0.0000E+00  0.9263E+01  0.1333E+04  0.1000E+03
     1    98     1     2        0  0.1449E+05  0.3553E-03  0.0000E+00  0.1330E-02
     1    98     1     3        0  0.2128E+00  0.2189E+01  0.0000E+00  0.1991E-07
     1    98     1     4        0  0.6680E+01  0.3392E-04  0.0000E+00  0.8120E-03
     1    98     1     5        0  0.1162E+00  0.2150E-01  0.0000E+00  0.1165E-07
     1    99     1     1        0  0.0000E+00  0.2437E+02  0.2098E+04  0.1000E+03
     1    99     1     2        0  0.2345E+05  0.1162E-02  0.7715E-01  0.4271E-02
     1    99     1     3        0  0.9112E+00  0.2661E+01  0.0000E+00  0.6778E-07
     1    99     1     4        0  0.1980E+02  0.1594E-03  0.2539E-01  0.1389E-02
     1    99     1     5        0  0.2998E+00  0.2143E-01  0.0000E+00  0.5994E-07
     1   100     1     1        0  0.0000E+00  0.1000E+03  0.4805E+03  0.1000E+03
     1   100     1     2        0  0.5595E+04  0.6030E-02  0.0000E+00  0.2048E-03
     1   100     1     3        0  0.2001E-01  0.7765E+00  0.0000E+00  0.7290E-08
     1   101     1     1        0  0.0000E+00  0.9564E+00  0.2000E+04  0.1000E+03
     1   101     1     2        0  0.2254E+05  0.7695E-04  0.3810E-01  0.1962E-02
     1   101     1     3        0  0.4484E+00  0.3064E+01  0.0000E+00  0.1428E-07
     1   101     1     4        0  0.1622E+02  0.1499E-03  0.2309E-01  0.1192E-02
     1   101     1     5        0  0.2718E+00  0.3044E-01  0.0000E+00  0.2583E-07
     1   102     1     1        0  0.0000E+00  0.2933E+02  0.1523E+04  0.1000E+03
     1   102     1     2        0  0.1607E+05  0.1476E-02  0.2381E-01  0.1985E-02
     1   102     1     3        0  0.2796E+00  0.2164E+01  0.0000E+00  0.8133E-07
     1   102     1     4        0  0.1128E+02  0.4507E-04  0.0000E+00  0.1073E-02
     1   102     1     5        0  0.1519E+00  0.1524E-01  0.0000E+00  0.2058E-07
     1   103     1     1        0  0.0000E+00  0.1000E+03  0.7849E+03  0.1000E+03
     1   103     1     2        0  0.6635E+04  0.4557E-02  0.0000E+00  0.7329E-03
     1   103     1     3        0  0.6802E-01  0.4804E+01  0.0000E+00  0.5947E-07
     1   103     1     4        0  0.3690E+01  0.6086E-04  0.0000E+00  0.4121E-03
     1   103     1     5        0  0.3598E-01  0.3693E-01  0.0000E+00  0.3961E-08
     1   104     1     1        0  0.0000E+00  0.5870E+01  0.2180E+04  0.1000E+03
     1   104     1     2        0  0.2448E+05  0.3912E-03  0.5085E-01  0.2602E-02
     1   104     1     3        0  0.5962E+00  0.3100E+01  0.0000E+00  0.1776E-07
     1   104     1     4        0  0.1934E+02  0.1299E-03  0.2788E-01  0.1395E-02
     1   104     1     5        0  0.3269E+00  0.3141E-01  0.0000E+00  0.3824E-07
     1   105     1     1        0  0.0000E+00  0.3531E+02  0.5824E+03  0.1000E+03
     1   105     1     2        0  0.5547E+04  0.2206E-02  0.0000E+00  0.9435E-03
     1   105     1     3        0  0.3032E-01  0.9023E+00  0.0000E+00  0.8789E-07
     1   106     1     1        0  0.0000E+00  0.1000E+03  0.1645E+04  0.1000E+03
     1   106     1     2        0  0.1719E+05  0.5098E-02  0.0000E+00  0.8853E-03
     1   106     1     3        0  0.1474E+00  0.1165E+02  0.0000E+00  0.5005E-07
     1   106     1     4        0  0.1405E+02  0.3522E-03  0.0000E+00  0.1001E-02
     1   106     1     5        0  0.1814E+00  0.1046E+00  0.0000E+00  0.1025E-07
     1   107     1     1        0  0.0000E+00  0.1120E+02  0.1873E+04  0.1000E+03
     1   107     1     2        0  0.2045E+05  0.1018E-02  0.4526E-01  0.2931E-02
     1   107     1     3        0  0.5286E+00  0.2722E+01  0.0000E+00  0.4005E-07
     1   107     1     4        0  0.1483E+02  0.7921E-04  0.2031E-01  0.1287E-02
     1   107     1     5        0  0.2372E+00  0.2686E-01  0.0000E+00  0.3725E-07
     1   108     1     1        0  0.0000E+00  0.4245E+02  0.4942E+03  0.1000E+03
     1   108     1     2        0  0.5646E+04  0.2474E-02  0.0000E+00  0.4211E-03
     1   108     1     3        0  0.4103E-01  0.1089E+01  0.0000E+00  0.2149E-07
     1   108     1     4        0  0.8068E+00  0.7073E-05  0.0000E+00  0.2877E-04
     1   108     1     5        0  0.2379E-02  0.7737E-02  0.0000E+00  0.7096E-09
     1   109     1     1        0  0.0000E+00  0.7596E+02  0.2100E+04  0.1000E+03
     1   109     1     2        0  0.2256E+05  0.3582E-02  0.3613E-01  0.1783E-02
     1   109     1     3        0  0.4205E+00  0.1506E+02  0.0000E+00  0.3578E-07
     1   109     1     4        0  0.2194E+02  0.8418E-03  0.2609E-01  0.1303E-02
     1   109     1     5        0  0.3036E+00  0.1401E+00  0.0000E+00  0.2436E-07
     1   110     1     1        0  0.0000E+00  0.1598E+02  0.1126E+04  0.1000E+03
     1   110     1     2        0  0.1114E+05  0.1038E-02  0.1904E-01  0.2248E-02
     1   110     1     3        0  0.2213E+00  0.1655E+01  0.0000E+00  0.4630E-07
     1   110     1     4        0  0.5254E+01  0.3002E-04  0.0000E+00  0.7891E-03
     1   110     1     5        0  0.8006E-01  0.1624E-01  0.0000E+00  0.1770E-07
     1   111     1     1        0  0.0000E+00  0.5106E+02  0.1175E+04  0.1000E+03
     1   111     1     2        0  0.1142E+05  0.3152E-02  0.0000E+00  0.1195E-02
     1   111     1     3        0  0.1490E+00  0.4471E+01  0.0000E+00  0.7116E-07
     1   111     1     4        0  0.9467E+01  0.1020E-03  0.0000E+00  0.7418E-03
     1   111     1     5        0  0.8920E-01  0.3740E-01  0.0000E+00  0.9674E-08
     1   112     1     1        0  0.0000E+00  0.3925E+02  0.2077E+04  0.1000E+03
     1   112     1     2        0  0.2206E+05  0.1439E-02  0.7315E-01  0.3881E-02
     1   112     1     3        0  0.8500E+00  0.1153E+02  0.0000E+00  0.2330E-07
     1   112     1     4        0  0.2156E+02  0.6595E-03  0.2552E-01  0.1415E-02
     1   112     1     5        0  0.2965E+00  0.1162E+00  0.0000E+00  0.5467E-07
     1   113     1     1        0  0.0000E+00  0.2009E+02  0.4806E+03  0.1000E+03
     1   113     1     2        0  0.5538E+04  0.1578E-02  0.0000E+00  0.5073E-03
     1   113     1     3        0  0.3256E-01  0.1415E+00  0.0000E+00  0.1334E-07
     1   114     1     1        0  0.0000E+00  0.1005E+02  0.4893E+03  0.1000E+03
     1   114     1     2        0  0.1249E+04  0.1000E-04  0.0000E+00  0.5056E-04
     1   114     1     3        0  0.6715E-03  0.3168E+00  0.0000E+00  0.1826E-09
