SUMMARY OF C0NVERGENCE INFORMATION
  STEP   INC  ATT   ITER     CONT.   RESID.        CORR.      RESID.      CORR.
                              EL.    FORCE         DISP       FLUX        TEMP.
                              (#)     (%)           (%)        (%)         (%)
     1     1     1     1        0  0.0000E+00  0.1000E-29  0.2671E+04  0.1000E+03
     1     1     1     2        0  0.7485E+04  0.1000E-29  0.0000E+00  0.3605E-05
     1     1     1     3        0  0.5133E-02  0.1000E+03  0.0000E+00  0.5977E-10
     1     1     1     4        0  0.9709E+01  0.2786E-03  0.0000E+00  0.2347E-03
     1     1     1     5        0  0.3317E+00  0.5633E-02  0.0000E+00  0.6109E-10
     1     2     1     1        0  0.0000E+00  0.7013E+02  0.3390E+04  0.1000E+03
     1     2     1     2        0  0.1488E+05  0.5807E-04  0.0000E+00  0.7503E-03
     1     2     1     3        0  0.7919E+00  0.5522E+02  0.0000E+00  0.4313E-10
     1     2     1     4        0  0.1231E+02  0.2857E-03  0.0000E+00  0.4130E-03
     1     2     1     5        0  0.4490E+00  0.7563E-02  0.0000E+00  0.2835E-08
     1     3     1     1        0  0.0000E+00  0.1839E+02  0.2976E+04  0.1000E+03
     1     3     1     2        0  0.1976E+05  0.7341E-04  0.0000E+00  0.7717E-04
     1     3     1     3        0  0.5209E-01  0.2776E+02  0.0000E+00  0.1115E-09
     1     3     1     4        0  0.7159E+01  0.8277E-04  0.0000E+00  0.4120E-03
     1     3     1     5        0  0.2647E+00  0.5580E-02  0.0000E+00  0.2637E-09
     1     4     1     1        0  0.0000E+00  0.1947E+02  0.1596E+04  0.1000E+03
     1     4     1     2        0  0.1688E+05  0.1917E-04  0.0000E+00  0.6956E-03
     1     4     1     3        0  0.1875E+00  0.8317E+01  0.0000E+00  0.9733E-10
     1     4     1     4        0  0.1363E+01  0.3813E-04  0.0000E+00  0.1524E-03
     1     4     1     5        0  0.4753E-01  0.1804E-02  0.0000E+00  0.1170E-08
     1     5     1     1        0  0.0000E+00  0.1102E+02  0.7749E+03  0.1000E+03
     1     5     1     2        0  0.8434E+04  0.2791E-04  0.0000E+00  0.6276E-04
     1     5     1     3        0  0.9179E-02  0.3216E+01  0.0000E+00  0.1293E-09
     1     5     1     4        0  0.3013E+00  0.8027E-05  0.0000E+00  0.4987E-04
     1     6     1     1        0  0.0000E+00  0.3880E+01  0.3093E+04  0.1000E+03
     1     6     1     2        0  0.2269E+05  0.1894E-04  0.0000E+00  0.1954E-03
     1     6     1     3        0  0.9467E-01  0.9112E+01  0.0000E+00  0.4538E-10
     1     6     1     4        0  0.3512E+01  0.1279E-04  0.0000E+00  0.3055E-03
     1     6     1     5        0  0.1275E+00  0.2360E-02  0.0000E+00  0.5562E-09
     1     7     1     1        0  0.0000E+00  0.1641E+02  0.3755E+04  0.1000E+03
     1     7     1     2        0  0.2735E+05  0.1810E-04  0.0000E+00  0.6480E-03
     1     7     1     3        0  0.2964E+00  0.1291E+02  0.0000E+00  0.7410E-10
     1     7     1     4        0  0.5415E+01  0.4955E-04  0.0000E+00  0.4405E-03
     1     7     1     5        0  0.2054E+00  0.4180E-02  0.0000E+00  0.2569E-08
     1     8     1     1        0  0.0000E+00  0.1783E+02  0.2906E+04  0.1000E+03
     1     8     1     2        0  0.2477E+05  0.3836E-04  0.0000E+00  0.2370E-03
     1     8     1     3        0  0.9097E-01  0.1515E+02  0.0000E+00  0.1272E-09
     1     8     1     4        0  0.3161E+01  0.2342E-04  0.0000E+00  0.3561E-03
     1     8     1     5        0  0.1209E+00  0.5533E-02  0.0000E+00  0.7113E-09
     1     9     1     1        0  0.0000E+00  0.6203E+02  0.9137E+03  0.1000E+03
     1     9     1     2        0  0.9791E+04  0.2728E-03  0.0000E+00  0.2421E-03
     1     9     1     3        0  0.4053E-01  0.1328E+02  0.0000E+00  0.1088E-09
     1     9     1     4        0  0.2573E+00  0.2185E-04  0.0000E+00  0.5509E-04
     1    10     1     1        0  0.0000E+00  0.7035E+02  0.1528E+04  0.1000E+03
     1    10     1     2        0  0.1473E+05  0.1041E-03  0.0000E+00  0.3294E-03
     1    10     1     3        0  0.5831E-01  0.1874E+02  0.0000E+00  0.9447E-10
     1    10     1     4        0  0.9002E+00  0.3417E-04  0.0000E+00  0.1477E-03
     1    10     1     5        0  0.2707E-01  0.7097E-02  0.0000E+00  0.5159E-09
     1    11     1     1        0  0.0000E+00  0.2056E+02  0.3405E+04  0.1000E+03
     1    11     1     2        0  0.2837E+05  0.2670E-04  0.0000E+00  0.1708E-03
     1    11     1     3        0  0.7294E-01  0.1401E+02  0.0000E+00  0.4358E-10
     1    11     1     4        0  0.3841E+01  0.2396E-04  0.0000E+00  0.3704E-03
     1    11     1     5        0  0.1368E+00  0.6128E-02  0.0000E+00  0.5673E-09
     1    12     1     1        0  0.0000E+00  0.1596E+02  0.3609E+04  0.1000E+03
     1    12     1     2        0  0.3076E+05  0.2182E-04  0.0000E+00  0.7113E-03
     1    12     1     3        0  0.2501E+00  0.1140E+02  0.0000E+00  0.4579E-10
     1    12     1     4        0  0.4414E+01  0.4317E-04  0.0000E+00  0.4537E-03
     1    12     1     5        0  0.1633E+00  0.5739E-02  0.0000E+00  0.2770E-08
     1    13     1     1        0  0.0000E+00  0.5490E+01  0.2359E+04  0.1000E+03
     1    13     1     2        0  0.2238E+05  0.1730E-04  0.0000E+00  0.2462E-03
     1    13     1     3        0  0.6364E-01  0.7225E+01  0.0000E+00  0.1215E-09
     1    13     1     4        0  0.1821E+01  0.1262E-04  0.0000E+00  0.2704E-03
     1    13     1     5        0  0.6646E-01  0.3858E-02  0.0000E+00  0.6013E-09
     1    14     1     1        0  0.0000E+00  0.9530E+01  0.2464E+03  0.1000E+03
     1    14     1     2        0  0.2242E+04  0.1928E-04  0.0000E+00  0.4718E-04
     1    14     1     3        0  0.5769E-02  0.2941E+00  0.0000E+00  0.1472E-09
     1    15     1     1        0  0.0000E+00  0.2858E+02  0.2255E+04  0.1000E+03
     1    15     1     2        0  0.1978E+05  0.4419E-04  0.0000E+00  0.4391E-03
     1    15     1     3        0  0.9807E-01  0.1155E+02  0.0000E+00  0.6138E-10
     1    15     1     4        0  0.1592E+01  0.2928E-04  0.0000E+00  0.2263E-03
     1    15     1     5        0  0.5297E-01  0.6278E-02  0.0000E+00  0.9930E-09
     1    16     1     1        0  0.0000E+00  0.6747E+02  0.3644E+04  0.1000E+03
     1    16     1     2        0  0.3013E+05  0.1764E-03  0.0000E+00  0.2567E-03
     1    16     1     3        0  0.1047E+00  0.4196E+02  0.0000E+00  0.5762E-10
     1    16     1     4        0  0.3981E+01  0.7204E-04  0.0000E+00  0.4149E-03
     1    16     1     5        0  0.1449E+00  0.2538E-01  0.0000E+00  0.9878E-09
     1    17     1     1        0  0.0000E+00  0.1000E+03  0.3358E+04  0.1000E+03
     1    17     1     2        0  0.2896E+05  0.2786E-03  0.0000E+00  0.6019E-03
     1    17     1     3        0  0.1743E+00  0.7185E+02  0.0000E+00  0.5045E-10
     1    17     1     4        0  0.3449E+01  0.2245E-03  0.0000E+00  0.4318E-03
     1    17     1     5        0  0.1283E+00  0.4717E-01  0.0000E+00  0.2194E-08
     1    18     1     1        0  0.0000E+00  0.3833E+02  0.1703E+04  0.1000E+03
     1    18     1     2        0  0.1608E+05  0.1190E-03  0.0000E+00  0.2705E-03
     1    18     1     3        0  0.5235E-01  0.3088E+02  0.0000E+00  0.8308E-10
     1    18     1     4        0  0.8679E+00  0.5530E-04  0.0000E+00  0.1668E-03
     1    18     1     5        0  0.3087E-01  0.2046E-01  0.0000E+00  0.5123E-09
     1    19     1     1        0  0.0000E+00  0.1966E+02  0.4727E+03  0.1000E+03
     1    19     1     2        0  0.4542E+04  0.3195E-04  0.0000E+00  0.2815E-03
     1    19     1     3        0  0.2884E-01  0.1074E+02  0.0000E+00  0.9781E-10
     1    19     1     4        0  0.1490E+00  0.6756E-04  0.0000E+00  0.2133E-04
     1    20     1     1        0  0.0000E+00  0.3350E+02  0.2748E+04  0.1000E+03
     1    20     1     2        0  0.2361E+05  0.5524E-04  0.0000E+00  0.7633E-03
     1    20     1     3        0  0.1881E+00  0.2933E+02  0.0000E+00  0.4924E-10
     1    20     1     4        0  0.2286E+01  0.1629E-03  0.0000E+00  0.3010E-03
     1    20     1     5        0  0.7808E-01  0.2042E-01  0.0000E+00  0.2196E-08
     1    21     1     1        0  0.0000E+00  0.2190E+02  0.3621E+04  0.1000E+03
     1    21     1     2        0  0.3035E+05  0.5319E-04  0.0000E+00  0.4073E-04
     1    21     1     3        0  0.1221E-01  0.3033E+02  0.0000E+00  0.7534E-10
     1    21     1     4        0  0.3849E+01  0.2884E-04  0.0000E+00  0.4452E-03
     1    21     1     5        0  0.1398E+00  0.2285E-01  0.0000E+00  0.1538E-09
     1    22     1     1        0  0.0000E+00  0.2458E+02  0.2875E+04  0.1000E+03
     1    22     1     2        0  0.2501E+05  0.3175E-04  0.0000E+00  0.9799E-03
     1    22     1     3        0  0.2086E+00  0.1905E+02  0.0000E+00  0.7442E-10
     1    22     1     4        0  0.2434E+01  0.1051E-03  0.0000E+00  0.3817E-03
     1    22     1     5        0  0.8891E-01  0.1502E-01  0.0000E+00  0.3107E-08
     1    23     1     1        0  0.0000E+00  0.5641E+01  0.8887E+03  0.1000E+03
     1    23     1     2        0  0.7982E+04  0.1084E-04  0.0000E+00  0.1523E-03
     1    23     1     3        0  0.1265E-01  0.4694E+01  0.0000E+00  0.1022E-09
     1    23     1     4        0  0.2548E+00  0.1139E-04  0.0000E+00  0.6145E-04
     1    24     1     1        0  0.0000E+00  0.3114E+01  0.1252E+04  0.1000E+03
     1    24     1     2        0  0.1074E+05  0.1119E-04  0.0000E+00  0.9362E-04
     1    24     1     3        0  0.8468E-02  0.5694E+01  0.0000E+00  0.1089E-09
     1    24     1     4        0  0.5585E+00  0.1404E-04  0.0000E+00  0.1359E-03
     1    24     1     5        0  0.1597E-01  0.4445E-02  0.0000E+00  0.1633E-09
     1    25     1     1        0  0.0000E+00  0.1299E+02  0.3137E+04  0.1000E+03
     1    25     1     2        0  0.2501E+05  0.1341E-04  0.0000E+00  0.5338E-03
     1    25     1     3        0  0.1354E+00  0.1308E+02  0.0000E+00  0.4595E-10
     1    25     1     4        0  0.2719E+01  0.3828E-04  0.0000E+00  0.3642E-03
     1    25     1     5        0  0.9543E-01  0.1078E-01  0.0000E+00  0.1822E-08
     1    26     1     1        0  0.0000E+00  0.1331E+02  0.3478E+04  0.1000E+03
     1    26     1     2        0  0.2752E+05  0.4313E-04  0.0000E+00  0.2965E-03
     1    26     1     3        0  0.8463E-01  0.1895E+02  0.0000E+00  0.1003E-09
     1    26     1     4        0  0.3309E+01  0.3322E-04  0.0000E+00  0.4575E-03
     1    26     1     5        0  0.1208E+00  0.1664E-01  0.0000E+00  0.1198E-08
     1    27     1     1        0  0.0000E+00  0.3504E+02  0.2317E+04  0.1000E+03
     1    27     1     2        0  0.1888E+05  0.8647E-04  0.0000E+00  0.6498E-03
     1    27     1     3        0  0.1046E+00  0.2654E+02  0.0000E+00  0.1287E-09
     1    27     1     4        0  0.1471E+01  0.8497E-04  0.0000E+00  0.2959E-03
     1    27     1     5        0  0.5269E-01  0.2388E-01  0.0000E+00  0.1742E-08
     1    28     1     1        0  0.0000E+00  0.7878E+02  0.2996E+03  0.1000E+03
     1    28     1     2        0  0.2528E+04  0.2215E-03  0.0000E+00  0.2253E-04
     1    28     1     3        0  0.1179E-02  0.3976E+01  0.0000E+00  0.1409E-09
     1    28     1     4        0  0.1148E-01  0.2025E-04  0.0000E+00  0.4475E-05
     1    29     1     1        0  0.0000E+00  0.2265E+02  0.1895E+04  0.1000E+03
     1    29     1     2        0  0.1488E+05  0.4242E-04  0.0000E+00  0.1133E-03
     1    29     1     3        0  0.1502E-01  0.1036E+02  0.0000E+00  0.6977E-10
     1    29     1     4        0  0.1061E+01  0.4614E-04  0.0000E+00  0.2159E-03
     1    29     1     5        0  0.3364E-01  0.9384E-02  0.0000E+00  0.2853E-09
     1    30     1     1        0  0.0000E+00  0.1298E+02  0.3321E+04  0.1000E+03
     1    30     1     2        0  0.2516E+05  0.2077E-04  0.0000E+00  0.8007E-03
     1    30     1     3        0  0.1920E+00  0.1134E+02  0.0000E+00  0.4702E-10
     1    30     1     4        0  0.2873E+01  0.6205E-04  0.0000E+00  0.4119E-03
     1    30     1     5        0  0.1023E+00  0.1093E-01  0.0000E+00  0.2956E-08
     1    31     1     1        0  0.0000E+00  0.8810E+01  0.3152E+04  0.1000E+03
     1    31     1     2        0  0.2409E+05  0.1480E-04  0.0000E+00  0.7470E-04
     1    31     1     3        0  0.1500E-01  0.9802E+01  0.0000E+00  0.7534E-10
     1    31     1     4        0  0.2609E+01  0.1252E-04  0.0000E+00  0.4512E-03
     1    31     1     5        0  0.9528E-01  0.9957E-02  0.0000E+00  0.2677E-09
     1    32     1     1        0  0.0000E+00  0.7682E+01  0.1620E+04  0.1000E+03
     1    32     1     2        0  0.1264E+05  0.2066E-04  0.0000E+00  0.8411E-03
     1    32     1     3        0  0.9321E-01  0.5598E+01  0.0000E+00  0.1388E-09
     1    32     1     4        0  0.7160E+00  0.2848E-04  0.0000E+00  0.1863E-03
     1    32     1     5        0  0.2479E-01  0.5726E-02  0.0000E+00  0.1592E-08
     1    33     1     1        0  0.0000E+00  0.1827E+02  0.3753E+03  0.1000E+03
     1    33     1     2        0  0.2813E+04  0.2392E-04  0.0000E+00  0.1110E-03
     1    33     1     3        0  0.9809E-02  0.2618E+01  0.0000E+00  0.1088E-09
     1    33     1     4        0  0.7926E-01  0.1293E-04  0.0000E+00  0.8935E-05
     1    34     1     1        0  0.0000E+00  0.5272E+02  0.2449E+04  0.1000E+03
     1    34     1     2        0  0.1796E+05  0.7936E-04  0.0000E+00  0.4644E-03
     1    34     1     3        0  0.8664E-01  0.2506E+02  0.0000E+00  0.6950E-10
     1    34     1     4        0  0.1612E+01  0.7754E-04  0.0000E+00  0.2912E-03
     1    34     1     5        0  0.5317E-01  0.2621E-01  0.0000E+00  0.1289E-08
     1    35     1     1        0  0.0000E+00  0.1000E+03  0.3380E+04  0.1000E+03
     1    35     1     2        0  0.2440E+05  0.1072E-03  0.0000E+00  0.3041E-03
     1    35     1     3        0  0.7391E-01  0.6645E+02  0.0000E+00  0.5148E-10
     1    35     1     4        0  0.2884E+01  0.9220E-04  0.0000E+00  0.4442E-03
     1    35     1     5        0  0.1026E+00  0.7315E-01  0.0000E+00  0.1242E-08
     1    36     1     1        0  0.0000E+00  0.4406E+02  0.2753E+04  0.1000E+03
     1    36     1     2        0  0.2016E+05  0.9240E-04  0.0000E+00  0.6474E-03
     1    36     1     3        0  0.1091E+00  0.3360E+02  0.0000E+00  0.5356E-10
     1    36     1     4        0  0.1942E+01  0.1095E-03  0.0000E+00  0.4022E-03
     1    36     1     5        0  0.6952E-01  0.3819E-01  0.0000E+00  0.2116E-08
     1    37     1     1        0  0.0000E+00  0.1718E+02  0.9053E+03  0.1000E+03
     1    37     1     2        0  0.6675E+04  0.3807E-04  0.0000E+00  0.9166E-04
     1    37     1     3        0  0.9276E-02  0.8760E+01  0.0000E+00  0.1082E-09
     1    37     1     4        0  0.2514E+00  0.8443E-05  0.0000E+00  0.7439E-04
     1    38     1     1        0  0.0000E+00  0.1030E+02  0.9616E+03  0.1000E+03
     1    38     1     2        0  0.6997E+04  0.3705E-04  0.0000E+00  0.1452E-03
     1    38     1     3        0  0.1111E-01  0.9309E+01  0.0000E+00  0.1151E-09
     1    38     1     4        0  0.3556E+00  0.9919E-05  0.0000E+00  0.1158E-03
     1    39     1     1        0  0.0000E+00  0.2956E+02  0.3232E+04  0.1000E+03
     1    39     1     2        0  0.3272E+05  0.4046E-04  0.0000E+00  0.3733E-03
     1    39     1     3        0  0.1334E+00  0.3766E+02  0.0000E+00  0.4098E-10
     1    39     1     4        0  0.7769E+01  0.9638E-04  0.0000E+00  0.5987E-03
     1    39     1     5        0  0.2067E+00  0.6592E-01  0.0000E+00  0.2206E-08
     1    40     1     1        0  0.0000E+00  0.2735E+02  0.2204E+04  0.1000E+03
     1    40     1     2        0  0.2295E+05  0.3257E-04  0.0000E+00  0.1224E-02
     1    40     1     3        0  0.2371E+00  0.2179E+02  0.0000E+00  0.8690E-10
     1    40     1     4        0  0.3776E+01  0.1688E-03  0.0000E+00  0.4771E-03
     1    40     1     5        0  0.9907E-01  0.3898E-01  0.0000E+00  0.4974E-08
     1    41     1     1        0  0.0000E+00  0.5714E+01  0.5529E+03  0.1000E+03
     1    41     1     2        0  0.5435E+04  0.7625E-05  0.0000E+00  0.4405E-04
     1    41     1     3        0  0.5905E-02  0.7035E+01  0.0000E+00  0.7415E-10
     1    41     1     4        0  0.4679E+00  0.1578E-05  0.0000E+00  0.5307E-04
     1    42     1     1        0  0.0000E+00  0.1238E+02  0.3075E+04  0.1000E+03
     1    42     1     2        0  0.3024E+05  0.3782E-04  0.0000E+00  0.2425E-03
     1    42     1     3        0  0.8099E-01  0.3094E+02  0.0000E+00  0.1235E-09
     1    42     1     4        0  0.6984E+01  0.9617E-04  0.0000E+00  0.5752E-03
     1    42     1     5        0  0.1828E+00  0.5777E-01  0.0000E+00  0.1395E-08
     1    43     1     1        0  0.0000E+00  0.6647E+02  0.2458E+04  0.1000E+03
     1    43     1     2        0  0.2457E+05  0.3508E-03  0.2958E-01  0.1507E-02
     1    43     1     3        0  0.3136E+00  0.6301E+02  0.0000E+00  0.1177E-09
     1    43     1     4        0  0.4590E+01  0.7187E-03  0.0000E+00  0.5391E-03
     1    43     1     5        0  0.1201E+00  0.1218E+00  0.0000E+00  0.6858E-08
     1    44     1     1        0  0.0000E+00  0.3896E+02  0.3983E+03  0.1000E+03
     1    44     1     2        0  0.3963E+04  0.1020E-03  0.0000E+00  0.5694E-04
     1    44     1     3        0  0.6802E-02  0.4540E+01  0.0000E+00  0.7596E-10
     1    44     1     4        0  0.9721E-01  0.2462E-04  0.0000E+00  0.1107E-04
     1    45     1     1        0  0.0000E+00  0.1428E+02  0.2847E+04  0.1000E+03
     1    45     1     2        0  0.2747E+05  0.5447E-04  0.0000E+00  0.3232E-03
     1    45     1     3        0  0.9759E-01  0.1611E+02  0.0000E+00  0.5750E-10
     1    45     1     4        0  0.5906E+01  0.5122E-04  0.0000E+00  0.5356E-03
     1    45     1     5        0  0.1544E+00  0.3204E-01  0.0000E+00  0.1661E-08
     1    46     1     1        0  0.0000E+00  0.1527E+02  0.2631E+04  0.1000E+03
     1    46     1     2        0  0.2558E+05  0.3017E-04  0.2888E-01  0.1340E-02
     1    46     1     3        0  0.2961E+00  0.1408E+02  0.0000E+00  0.1264E-09
     1    46     1     4        0  0.5093E+01  0.1548E-03  0.0000E+00  0.5992E-03
     1    46     1     5        0  0.1366E+00  0.2917E-01  0.0000E+00  0.6723E-08
     1    47     1     1        0  0.0000E+00  0.2469E+02  0.3652E+03  0.1000E+03
     1    47     1     2        0  0.3572E+04  0.9564E-04  0.0000E+00  0.1823E-04
     1    47     1     3        0  0.1785E-02  0.1702E+00  0.0000E+00  0.7377E-10
     1    48     1     1        0  0.0000E+00  0.1000E+03  0.2604E+04  0.1000E+03
     1    48     1     2        0  0.2453E+05  0.4932E-04  0.0000E+00  0.7314E-04
     1    48     1     3        0  0.1806E-01  0.5533E+02  0.0000E+00  0.4404E-10
     1    48     1     4        0  0.5056E+01  0.1992E-04  0.0000E+00  0.4898E-03
     1    48     1     5        0  0.1269E+00  0.1155E+00  0.0000E+00  0.4921E-09
     1    49     1     1        0  0.0000E+00  0.5292E+02  0.2797E+04  0.1000E+03
     1    49     1     2        0  0.2637E+05  0.1600E-03  0.4048E-01  0.1737E-02
     1    49     1     3        0  0.4025E+00  0.4222E+02  0.0000E+00  0.5994E-10
     1    49     1     4        0  0.5716E+01  0.4770E-03  0.0000E+00  0.6226E-03
     1    49     1     5        0  0.1507E+00  0.9188E-01  0.0000E+00  0.9161E-08
     1    50     1     1        0  0.0000E+00  0.8051E+01  0.3791E+03  0.1000E+03
     1    50     1     2        0  0.3700E+04  0.1562E-04  0.0000E+00  0.3076E-03
     1    50     1     3        0  0.2147E-01  0.3964E+01  0.0000E+00  0.9929E-10
     1    50     1     4        0  0.1161E+00  0.2640E-04  0.0000E+00  0.1846E-04
     1    51     1     1        0  0.0000E+00  0.2580E+02  0.2289E+04  0.1000E+03
     1    51     1     2        0  0.2122E+05  0.1293E-04  0.0000E+00  0.3780E-03
     1    51     1     3        0  0.8766E-01  0.2558E+02  0.0000E+00  0.3755E-10
     1    51     1     4        0  0.3998E+01  0.1488E-03  0.0000E+00  0.4432E-03
     1    51     1     5        0  0.9857E-01  0.5590E-01  0.0000E+00  0.1619E-08
     1    52     1     1        0  0.0000E+00  0.3438E+02  0.2894E+04  0.1000E+03
     1    52     1     2        0  0.2661E+05  0.2391E-04  0.2528E-01  0.9788E-03
     1    52     1     3        0  0.2443E+00  0.3284E+02  0.0000E+00  0.9834E-10
     1    52     1     4        0  0.6006E+01  0.2884E-03  0.0000E+00  0.6386E-03
     1    52     1     5        0  0.1586E+00  0.7459E-01  0.0000E+00  0.5569E-08
     1    53     1     1        0  0.0000E+00  0.1014E+02  0.6231E+03  0.1000E+03
     1    53     1     2        0  0.5147E+04  0.1424E-04  0.0000E+00  0.1072E-03
     1    53     1     3        0  0.1041E-01  0.8567E+01  0.0000E+00  0.9634E-10
     1    53     1     4        0  0.4034E+00  0.6827E-05  0.0000E+00  0.7629E-04
     1    54     1     1        0  0.0000E+00  0.7364E+01  0.1961E+04  0.1000E+03
     1    54     1     2        0  0.1781E+05  0.1281E-04  0.0000E+00  0.3094E-03
     1    54     1     3        0  0.5930E-01  0.2471E+02  0.0000E+00  0.5592E-10
     1    54     1     4        0  0.3062E+01  0.3013E-04  0.0000E+00  0.3917E-03
     1    54     1     5        0  0.7277E-01  0.5639E-01  0.0000E+00  0.1299E-08
     1    55     1     1        0  0.0000E+00  0.5043E+02  0.2957E+04  0.1000E+03
     1    55     1     2        0  0.2642E+05  0.7749E-04  0.4057E-01  0.1572E-02
     1    55     1     3        0  0.3810E+00  0.6024E+02  0.0000E+00  0.1627E-09
     1    55     1     4        0  0.6190E+01  0.8072E-03  0.0000E+00  0.6471E-03
     1    55     1     5        0  0.1624E+00  0.1436E+00  0.0000E+00  0.8966E-08
     1    56     1     1        0  0.0000E+00  0.4730E+02  0.9876E+03  0.1000E+03
     1    56     1     2        0  0.8467E+04  0.2677E-03  0.0000E+00  0.3420E-03
     1    56     1     3        0  0.2946E-01  0.2541E+02  0.0000E+00  0.1341E-09
     1    56     1     4        0  0.8712E+00  0.2995E-04  0.0000E+00  0.1688E-03
     1    56     1     5        0  0.1833E-01  0.5983E-01  0.0000E+00  0.7256E-09
     1    57     1     1        0  0.0000E+00  0.1766E+02  0.1594E+04  0.1000E+03
     1    57     1     2        0  0.1414E+05  0.8416E-05  0.0000E+00  0.2396E-03
     1    57     1     3        0  0.3657E-01  0.1249E+02  0.0000E+00  0.5998E-10
     1    57     1     4        0  0.2122E+01  0.5545E-04  0.0000E+00  0.3331E-03
     1    57     1     5        0  0.4891E-01  0.3008E-01  0.0000E+00  0.7886E-09
     1    58     1     1        0  0.0000E+00  0.1428E+02  0.2947E+04  0.1000E+03
     1    58     1     2        0  0.2581E+05  0.2036E-04  0.0000E+00  0.7845E-03
     1    58     1     3        0  0.1973E+00  0.1634E+02  0.0000E+00  0.1334E-09
     1    58     1     4        0  0.6032E+01  0.1060E-03  0.0000E+00  0.6456E-03
     1    58     1     5        0  0.1599E+00  0.4100E-01  0.0000E+00  0.4678E-08
     1    59     1     1        0  0.0000E+00  0.1547E+02  0.1303E+04  0.1000E+03
     1    59     1     2        0  0.1115E+05  0.3900E-04  0.0000E+00  0.5796E-03
     1    59     1     3        0  0.6165E-01  0.9391E+01  0.0000E+00  0.2593E-09
     1    59     1     4        0  0.1351E+01  0.3575E-04  0.0000E+00  0.2758E-03
     1    59     1     5        0  0.3199E-01  0.2347E-01  0.0000E+00  0.1620E-08
     1    60     1     1        0  0.0000E+00  0.7827E+02  0.1262E+04  0.1000E+03
     1    60     1     2        0  0.1059E+05  0.2657E-03  0.0000E+00  0.4738E-03
     1    60     1     3        0  0.5163E-01  0.2776E+02  0.0000E+00  0.8469E-10
     1    60     1     4        0  0.1442E+01  0.1350E-03  0.0000E+00  0.2704E-03
     1    60     1     5        0  0.2972E-01  0.6986E-01  0.0000E+00  0.1299E-08
     1    61     1     1        0  0.0000E+00  0.8025E+02  0.2906E+04  0.1000E+03
     1    61     1     2        0  0.2492E+05  0.1463E-03  0.3343E-01  0.1269E-02
     1    61     1     3        0  0.2989E+00  0.5663E+02  0.0000E+00  0.4563E-10
     1    61     1     4        0  0.5930E+01  0.7600E-03  0.0000E+00  0.6353E-03
     1    61     1     5        0  0.1537E+00  0.1480E+00  0.0000E+00  0.7332E-08
     1    62     1     1        0  0.0000E+00  0.1511E+02  0.1606E+04  0.1000E+03
     1    62     1     2        0  0.1360E+05  0.9014E-05  0.0000E+00  0.1802E-03
     1    62     1     3        0  0.2313E-01  0.1673E+02  0.0000E+00  0.8613E-10
     1    62     1     4        0  0.1989E+01  0.3871E-04  0.0000E+00  0.3876E-03
     1    62     1     5        0  0.4808E-01  0.4386E-01  0.0000E+00  0.6535E-09
     1    63     1     1        0  0.0000E+00  0.1584E+02  0.9021E+03  0.1000E+03
     1    63     1     2        0  0.6862E+04  0.2221E-04  0.0000E+00  0.3747E-04
     1    63     1     3        0  0.1790E-02  0.1054E+02  0.0000E+00  0.8439E-10
     1    63     1     4        0  0.8146E+00  0.1476E-04  0.0000E+00  0.1577E-03
     1    63     1     5        0  0.1458E-01  0.2750E-01  0.0000E+00  0.7796E-10
     1    64     1     1        0  0.0000E+00  0.3682E+02  0.2800E+04  0.1000E+03
     1    64     1     2        0  0.2358E+05  0.4744E-04  0.0000E+00  0.6145E-03
     1    64     1     3        0  0.1446E+00  0.3288E+02  0.0000E+00  0.4156E-10
     1    64     1     4        0  0.5536E+01  0.9308E-04  0.0000E+00  0.6145E-03
     1    64     1     5        0  0.1422E+00  0.8845E-01  0.0000E+00  0.3598E-08
     1    65     1     1        0  0.0000E+00  0.2833E+02  0.1856E+04  0.1000E+03
     1    65     1     2        0  0.1546E+05  0.1117E-03  0.0000E+00  0.1027E-02
     1    65     1     3        0  0.1290E+00  0.2693E+02  0.0000E+00  0.1033E-09
     1    65     1     4        0  0.2587E+01  0.1170E-03  0.0000E+00  0.4882E-03
     1    65     1     5        0  0.6405E-01  0.7289E-01  0.0000E+00  0.4047E-08
     1    66     1     1        0  0.0000E+00  0.3692E+01  0.5508E+03  0.1000E+03
     1    66     1     2        0  0.3886E+04  0.2671E-05  0.0000E+00  0.3205E-03
     1    66     1     3        0  0.2919E-01  0.1109E+02  0.0000E+00  0.6539E-10
     1    66     1     4        0  0.3808E+00  0.4021E-04  0.0000E+00  0.5354E-04
     1    67     1     1        0  0.0000E+00  0.3883E+02  0.2670E+04  0.1000E+03
     1    67     1     2        0  0.2203E+05  0.3498E-04  0.2326E-01  0.9317E-03
     1    67     1     3        0  0.1987E+00  0.5733E+02  0.0000E+00  0.1004E-09
     1    67     1     4        0  0.5062E+01  0.3662E-03  0.0000E+00  0.5855E-03
     1    67     1     5        0  0.1281E+00  0.1585E+00  0.0000E+00  0.5123E-08
     1    68     1     1        0  0.0000E+00  0.8770E+02  0.2089E+04  0.1000E+03
     1    68     1     2        0  0.1706E+05  0.8175E-04  0.0000E+00  0.6719E-03
     1    68     1     3        0  0.9534E-01  0.1000E+03  0.0000E+00  0.1471E-09
     1    68     1     4        0  0.3213E+01  0.2558E-03  0.0000E+00  0.5571E-03
     1    68     1     5        0  0.8013E-01  0.2811E+00  0.0000E+00  0.3068E-08
     1    69     1     1        0  0.0000E+00  0.1769E+02  0.4644E+03  0.1000E+03
     1    69     1     2        0  0.3785E+04  0.2292E-04  0.0000E+00  0.6632E-04
     1    69     1     3        0  0.5803E-02  0.3517E+01  0.0000E+00  0.7118E-10
     1    69     1     4        0  0.9427E-01  0.7532E-05  0.0000E+00  0.1151E-04
     1    70     1     1        0  0.0000E+00  0.1223E+02  0.2482E+04  0.1000E+03
     1    70     1     2        0  0.2014E+05  0.6704E-05  0.0000E+00  0.4277E-03
     1    70     1     3        0  0.8785E-01  0.1571E+02  0.0000E+00  0.6049E-10
     1    70     1     4        0  0.4369E+01  0.7398E-04  0.0000E+00  0.5465E-03
     1    70     1     5        0  0.1106E+00  0.4465E-01  0.0000E+00  0.2302E-08
     1    71     1     1        0  0.0000E+00  0.1108E+02  0.2266E+04  0.1000E+03
     1    71     1     2        0  0.1821E+05  0.2812E-04  0.2297E-01  0.1270E-02
     1    71     1     3        0  0.1914E+00  0.1482E+02  0.0000E+00  0.2847E-09
     1    71     1     4        0  0.3638E+01  0.1478E-03  0.0000E+00  0.6057E-03
     1    71     1     5        0  0.9387E-01  0.4302E-01  0.0000E+00  0.6154E-08
     1    72     1     1        0  0.0000E+00  0.3657E+02  0.4777E+03  0.1000E+03
     1    72     1     2        0  0.3805E+04  0.1418E-03  0.0000E+00  0.4631E-04
     1    72     1     3        0  0.4732E-02  0.7523E+00  0.0000E+00  0.7280E-10
     1    73     1     1        0  0.0000E+00  0.1000E+03  0.2274E+04  0.1000E+03
     1    73     1     2        0  0.1815E+05  0.2118E-03  0.0000E+00  0.5985E-03
     1    73     1     3        0  0.1083E+00  0.5657E+02  0.0000E+00  0.6333E-10
     1    73     1     4        0  0.3803E+01  0.3317E-03  0.0000E+00  0.5003E-03
     1    73     1     5        0  0.9256E-01  0.1633E+00  0.0000E+00  0.2926E-08
     1    74     1     1        0  0.0000E+00  0.2812E+02  0.2422E+04  0.1000E+03
     1    74     1     2        0  0.1921E+05  0.2338E-04  0.0000E+00  0.1005E-02
     1    74     1     3        0  0.1679E+00  0.2607E+02  0.0000E+00  0.6990E-10
     1    74     1     4        0  0.4143E+01  0.2695E-03  0.0000E+00  0.6268E-03
     1    74     1     5        0  0.1060E+00  0.7716E-01  0.0000E+00  0.5267E-08
     1    75     1     1        0  0.0000E+00  0.8706E+01  0.4320E+03  0.1000E+03
     1    75     1     2        0  0.3501E+04  0.1110E-04  0.0000E+00  0.5848E-04
     1    75     1     3        0  0.3680E-02  0.2501E+01  0.0000E+00  0.1052E-09
     1    75     1     4        0  0.6160E-01  0.2094E-05  0.0000E+00  0.1135E-04
     1    76     1     1        0  0.0000E+00  0.3100E+02  0.2026E+04  0.1000E+03
     1    76     1     2        0  0.1582E+05  0.9820E-04  0.0000E+00  0.4673E-03
     1    76     1     3        0  0.7439E-01  0.2285E+02  0.0000E+00  0.5591E-10
     1    76     1     4        0  0.3091E+01  0.4375E-04  0.0000E+00  0.4540E-03
     1    76     1     5        0  0.7333E-01  0.6711E-01  0.0000E+00  0.2079E-08
     1    77     1     1        0  0.0000E+00  0.4334E+02  0.2518E+04  0.1000E+03
     1    77     1     2        0  0.1973E+05  0.8345E-04  0.0000E+00  0.9205E-03
     1    77     1     3        0  0.1595E+00  0.3892E+02  0.0000E+00  0.7165E-10
     1    77     1     4        0  0.4462E+01  0.2985E-03  0.0000E+00  0.6424E-03
     1    77     1     5        0  0.1142E+00  0.1170E+00  0.0000E+00  0.5077E-08
     1    78     1     1        0  0.0000E+00  0.2199E+02  0.5089E+03  0.1000E+03
     1    78     1     2        0  0.3407E+04  0.6832E-04  0.0000E+00  0.1334E-03
     1    78     1     3        0  0.8489E-02  0.1202E+02  0.0000E+00  0.1029E-09
     1    78     1     4        0  0.2618E+00  0.1778E-04  0.0000E+00  0.5791E-04
     1    79     1     1        0  0.0000E+00  0.2639E+02  0.1775E+04  0.1000E+03
     1    79     1     2        0  0.1342E+05  0.2842E-04  0.0000E+00  0.2287E-03
     1    79     1     3        0  0.3106E-01  0.5025E+02  0.0000E+00  0.6158E-10
     1    79     1     4        0  0.2418E+01  0.9081E-04  0.0000E+00  0.4034E-03
     1    79     1     5        0  0.5522E-01  0.1507E+00  0.0000E+00  0.9394E-09
     1    80     1     1        0  0.0000E+00  0.9515E+02  0.2588E+04  0.1000E+03
     1    80     1     2        0  0.1997E+05  0.2117E-03  0.2384E-01  0.1044E-02
     1    80     1     3        0  0.1885E+00  0.1000E+03  0.0000E+00  0.1562E-09
     1    80     1     4        0  0.4694E+01  0.5936E-03  0.0000E+00  0.6517E-03
     1    80     1     5        0  0.1195E+00  0.3088E+00  0.0000E+00  0.5929E-08
     1    81     1     1        0  0.0000E+00  0.2188E+02  0.8428E+03  0.1000E+03
     1    81     1     2        0  0.5390E+04  0.3397E-04  0.0000E+00  0.1623E-03
     1    81     1     3        0  0.1172E-01  0.1388E+02  0.0000E+00  0.1252E-09
     1    81     1     4        0  0.6105E+00  0.7431E-05  0.0000E+00  0.1506E-03
     1    81     1     5        0  0.1135E-01  0.4215E-01  0.0000E+00  0.3612E-09
     1    82     1     1        0  0.0000E+00  0.1329E+02  0.1482E+04  0.1000E+03
     1    82     1     2        0  0.1077E+05  0.1135E-04  0.0000E+00  0.3080E-03
     1    82     1     3        0  0.3311E-01  0.1178E+02  0.0000E+00  0.7149E-10
     1    82     1     4        0  0.1711E+01  0.1932E-04  0.0000E+00  0.3455E-03
     1    82     1     5        0  0.3800E-01  0.3638E-01  0.0000E+00  0.1058E-08
     1    83     1     1        0  0.0000E+00  0.1168E+02  0.2598E+04  0.1000E+03
     1    83     1     2        0  0.1979E+05  0.1581E-04  0.0000E+00  0.7502E-03
     1    83     1     3        0  0.1363E+00  0.1703E+02  0.0000E+00  0.1045E-09
     1    83     1     4        0  0.4642E+01  0.8286E-04  0.0000E+00  0.6507E-03
     1    83     1     5        0  0.1201E+00  0.5405E-01  0.0000E+00  0.4374E-08
     1    84     1     1        0  0.0000E+00  0.2125E+02  0.1136E+04  0.1000E+03
     1    84     1     2        0  0.7691E+04  0.4289E-04  0.0000E+00  0.6342E-03
     1    84     1     3        0  0.4677E-01  0.1148E+02  0.0000E+00  0.2574E-09
     1    84     1     4        0  0.9794E+00  0.5322E-04  0.0000E+00  0.2702E-03
     1    84     1     5        0  0.2153E-01  0.3609E-01  0.0000E+00  0.1756E-08
     1    85     1     1        0  0.0000E+00  0.1000E+03  0.1190E+04  0.1000E+03
     1    85     1     2        0  0.8125E+04  0.1801E-03  0.0000E+00  0.7635E-04
     1    85     1     3        0  0.7412E-02  0.3643E+02  0.0000E+00  0.1552E-09
     1    85     1     4        0  0.1192E+01  0.1983E-03  0.0000E+00  0.2835E-03
     1    85     1     5        0  0.2359E-01  0.1150E+00  0.0000E+00  0.2605E-09
     1    86     1     1        0  0.0000E+00  0.4300E+02  0.2583E+04  0.1000E+03
     1    86     1     2        0  0.1937E+05  0.7060E-04  0.0000E+00  0.9161E-03
     1    86     1     3        0  0.1656E+00  0.3319E+02  0.0000E+00  0.3549E-10
     1    86     1     4        0  0.4630E+01  0.3439E-03  0.0000E+00  0.6414E-03
     1    86     1     5        0  0.1176E+00  0.1075E+00  0.0000E+00  0.5304E-08
     1    87     1     1        0  0.0000E+00  0.1274E+02  0.1421E+04  0.1000E+03
     1    87     1     2        0  0.9828E+04  0.2125E-04  0.0000E+00  0.5752E-03
     1    87     1     3        0  0.4933E-01  0.1240E+02  0.0000E+00  0.9752E-10
     1    87     1     4        0  0.1473E+01  0.2871E-04  0.0000E+00  0.3916E-03
     1    87     1     5        0  0.3398E-01  0.4010E-01  0.0000E+00  0.1977E-08
     1    88     1     1        0  0.0000E+00  0.1994E+02  0.8663E+03  0.1000E+03
     1    88     1     2        0  0.5313E+04  0.2754E-04  0.0000E+00  0.4131E-04
     1    88     1     3        0  0.2415E-02  0.9800E+01  0.0000E+00  0.1153E-09
     1    88     1     4        0  0.7060E+00  0.2178E-05  0.0000E+00  0.1668E-03
     1    88     1     5        0  0.1192E-01  0.3147E-01  0.0000E+00  0.1239E-09
     1    89     1     1        0  0.0000E+00  0.4616E+02  0.2511E+04  0.1000E+03
     1    89     1     2        0  0.1857E+05  0.1178E-03  0.0000E+00  0.5989E-03
     1    89     1     3        0  0.1054E+00  0.3658E+02  0.0000E+00  0.5370E-10
     1    89     1     4        0  0.4413E+01  0.1323E-03  0.0000E+00  0.6215E-03
     1    89     1     5        0  0.1107E+00  0.1200E+00  0.0000E+00  0.3453E-08
     1    90     1     1        0  0.0000E+00  0.4885E+02  0.1659E+04  0.1000E+03
     1    90     1     2        0  0.1156E+05  0.1991E-03  0.0000E+00  0.1086E-02
     1    90     1     3        0  0.9826E-01  0.4023E+02  0.0000E+00  0.9808E-10
     1    90     1     4        0  0.1973E+01  0.2226E-03  0.0000E+00  0.4935E-03
     1    90     1     5        0  0.4694E-01  0.1321E+00  0.0000E+00  0.4207E-08
     1    91     1     1        0  0.0000E+00  0.3274E+01  0.5500E+03  0.1000E+03
     1    91     1     2        0  0.3591E+04  0.8136E-05  0.0000E+00  0.1743E-03
     1    91     1     3        0  0.1408E-01  0.2660E+02  0.0000E+00  0.8188E-10
     1    91     1     4        0  0.3485E+00  0.2996E-04  0.0000E+00  0.5917E-04
     1    92     1     1        0  0.0000E+00  0.8612E+02  0.2417E+04  0.1000E+03
     1    92     1     2        0  0.1757E+05  0.1710E-03  0.0000E+00  0.7095E-03
     1    92     1     3        0  0.1185E+00  0.1000E+03  0.0000E+00  0.1391E-09
     1    92     1     4        0  0.4110E+01  0.2993E-03  0.0000E+00  0.5935E-03
     1    92     1     5        0  0.1015E+00  0.3333E+00  0.0000E+00  0.3922E-08
     1    93     1     1        0  0.0000E+00  0.3532E+02  0.1882E+04  0.1000E+03
     1    93     1     2        0  0.1310E+05  0.5558E-04  0.0000E+00  0.9695E-03
     1    93     1     3        0  0.1013E+00  0.4354E+02  0.0000E+00  0.1790E-09
     1    93     1     4        0  0.2511E+01  0.1744E-03  0.0000E+00  0.5620E-03
     1    93     1     5        0  0.6038E-01  0.1466E+00  0.0000E+00  0.4288E-08
     1    94     1     1        0  0.0000E+00  0.1101E+02  0.4868E+03  0.1000E+03
     1    94     1     2        0  0.3517E+04  0.4023E-04  0.0000E+00  0.6615E-04
     1    94     1     3        0  0.5014E-02  0.3452E+01  0.0000E+00  0.6724E-10
     1    94     1     4        0  0.9766E-01  0.4972E-05  0.0000E+00  0.1176E-04
     1    95     1     1        0  0.0000E+00  0.1038E+02  0.2271E+04  0.1000E+03
     1    95     1     2        0  0.1625E+05  0.1239E-04  0.0000E+00  0.4246E-03
     1    95     1     3        0  0.6701E-01  0.1622E+02  0.0000E+00  0.9558E-10
     1    95     1     4        0  0.3595E+01  0.9698E-04  0.0000E+00  0.5554E-03
     1    95     1     5        0  0.8916E-01  0.5484E-01  0.0000E+00  0.2261E-08
     1    96     1     1        0  0.0000E+00  0.1459E+02  0.2055E+04  0.1000E+03
     1    96     1     2        0  0.1433E+05  0.2800E-04  0.0000E+00  0.1300E-02
     1    96     1     3        0  0.1508E+00  0.1735E+02  0.0000E+00  0.2460E-09
     1    96     1     4        0  0.2888E+01  0.2455E-03  0.0000E+00  0.6064E-03
     1    96     1     5        0  0.7242E-01  0.5941E-01  0.0000E+00  0.6236E-08
     1    97     1     1        0  0.0000E+00  0.6719E+02  0.4953E+03  0.1000E+03
     1    97     1     2        0  0.3525E+04  0.1344E-03  0.0000E+00  0.3088E-04
     1    97     1     3        0  0.2426E-02  0.2342E+01  0.0000E+00  0.7025E-10
     1    97     1     4        0  0.6390E-02  0.2713E-05  0.0000E+00  0.1189E-04
     1    98     1     1        0  0.0000E+00  0.6596E+02  0.2108E+04  0.1000E+03
     1    98     1     2        0  0.1479E+05  0.3893E-04  0.0000E+00  0.4656E-03
     1    98     1     3        0  0.6712E-01  0.4003E+02  0.0000E+00  0.6238E-10
     1    98     1     4        0  0.3166E+01  0.1519E-03  0.0000E+00  0.5100E-03
     1    98     1     5        0  0.7574E-01  0.1360E+00  0.0000E+00  0.2283E-08
     1    99     1     1        0  0.0000E+00  0.1731E+02  0.2208E+04  0.1000E+03
     1    99     1     2        0  0.1537E+05  0.2892E-04  0.2106E-01  0.1180E-02
     1    99     1     3        0  0.1534E+00  0.1945E+02  0.0000E+00  0.9385E-10
     1    99     1     4        0  0.3322E+01  0.9691E-04  0.0000E+00  0.6287E-03
     1    99     1     5        0  0.8333E-01  0.6725E-01  0.0000E+00  0.6097E-08
     1   100     1     1        0  0.0000E+00  0.1053E+02  0.4596E+03  0.1000E+03
     1   100     1     2        0  0.3332E+04  0.5317E-04  0.0000E+00  0.6414E-04
     1   100     1     3        0  0.3125E-02  0.1763E+01  0.0000E+00  0.8302E-10
     1   100     1     4        0  0.3425E-01  0.7759E-05  0.0000E+00  0.1169E-04
     1   101     1     1        0  0.0000E+00  0.3740E+02  0.1897E+04  0.1000E+03
     1   101     1     2        0  0.1303E+05  0.5337E-04  0.0000E+00  0.4361E-03
     1   101     1     3        0  0.5554E-01  0.2424E+02  0.0000E+00  0.6100E-10
     1   101     1     4        0  0.2629E+01  0.1333E-03  0.0000E+00  0.4633E-03
     1   101     1     5        0  0.6098E-01  0.8270E-01  0.0000E+00  0.1968E-08
     1   102     1     1        0  0.0000E+00  0.6870E+02  0.2309E+04  0.1000E+03
     1   102     1     2        0  0.1601E+05  0.3252E-04  0.0000E+00  0.9990E-03
     1   102     1     3        0  0.1391E+00  0.5555E+02  0.0000E+00  0.6557E-10
     1   102     1     4        0  0.3642E+01  0.4148E-03  0.0000E+00  0.6439E-03
     1   102     1     5        0  0.9136E-01  0.1929E+00  0.0000E+00  0.5460E-08
     1   103     1     1        0  0.0000E+00  0.5366E+02  0.4537E+03  0.1000E+03
     1   103     1     2        0  0.3256E+04  0.6607E-04  0.0000E+00  0.6678E-04
     1   103     1     3        0  0.3097E-02  0.2895E+02  0.0000E+00  0.1038E-09
     1   103     1     4        0  0.1831E+00  0.4919E-04  0.0000E+00  0.4214E-04
     1   104     1     1        0  0.0000E+00  0.9239E+02  0.1673E+04  0.1000E+03
     1   104     1     2        0  0.1117E+05  0.2117E-03  0.0000E+00  0.1962E-03
     1   104     1     3        0  0.2115E-01  0.1000E+03  0.0000E+00  0.4688E-10
     1   104     1     4        0  0.2095E+01  0.1371E-03  0.0000E+00  0.4134E-03
     1   104     1     5        0  0.4666E-01  0.3456E+00  0.0000E+00  0.7960E-09
     1   105     1     1        0  0.0000E+00  0.6002E+02  0.2385E+04  0.1000E+03
     1   105     1     2        0  0.1643E+05  0.6622E-04  0.2255E-01  0.1104E-02
     1   105     1     3        0  0.1609E+00  0.8145E+02  0.0000E+00  0.1461E-09
     1   105     1     4        0  0.3895E+01  0.6202E-03  0.0000E+00  0.6538E-03
     1   105     1     5        0  0.9709E-01  0.2879E+00  0.0000E+00  0.6241E-08
     1   106     1     1        0  0.0000E+00  0.1378E+02  0.7329E+03  0.1000E+03
     1   106     1     2        0  0.3785E+04  0.2518E-04  0.0000E+00  0.1055E-03
     1   106     1     3        0  0.5707E-02  0.1060E+02  0.0000E+00  0.1613E-09
     1   106     1     4        0  0.4642E+00  0.1294E-04  0.0000E+00  0.1335E-03
     1   107     1     1        0  0.0000E+00  0.9823E+01  0.1410E+04  0.1000E+03
     1   107     1     2        0  0.9058E+04  0.2196E-05  0.0000E+00  0.2584E-03
     1   107     1     3        0  0.2259E-01  0.1207E+02  0.0000E+00  0.5662E-10
     1   107     1     4        0  0.1507E+01  0.1863E-04  0.0000E+00  0.3563E-03
     1   107     1     5        0  0.3273E-01  0.4249E-01  0.0000E+00  0.9043E-09
     1   108     1     1        0  0.0000E+00  0.1327E+02  0.2407E+04  0.1000E+03
     1   108     1     2        0  0.1647E+05  0.2710E-04  0.0000E+00  0.8352E-03
     1   108     1     3        0  0.1249E+00  0.1934E+02  0.0000E+00  0.1626E-09
     1   108     1     4        0  0.3897E+01  0.2209E-03  0.0000E+00  0.6539E-03
     1   108     1     5        0  0.9906E-01  0.6950E-01  0.0000E+00  0.4844E-08
     1   109     1     1        0  0.0000E+00  0.3123E+02  0.1011E+04  0.1000E+03
     1   109     1     2        0  0.5834E+04  0.1119E-03  0.0000E+00  0.5368E-03
     1   109     1     3        0  0.3093E-01  0.1592E+02  0.0000E+00  0.3439E-09
     1   109     1     4        0  0.7723E+00  0.9664E-04  0.0000E+00  0.2611E-03
     1   109     1     5        0  0.1593E-01  0.5647E-01  0.0000E+00  0.1435E-08
     1   110     1     1        0  0.0000E+00  0.1000E+03  0.1144E+04  0.1000E+03
     1   110     1     2        0  0.6907E+04  0.1040E-03  0.0000E+00  0.6564E-04
     1   110     1     3        0  0.6035E-02  0.3910E+02  0.0000E+00  0.1441E-09
     1   110     1     4        0  0.1066E+01  0.2549E-04  0.0000E+00  0.2951E-03
     1   110     1     5        0  0.2074E-01  0.1394E+00  0.0000E+00  0.2300E-09
     1   111     1     1        0  0.0000E+00  0.2729E+02  0.2404E+04  0.1000E+03
     1   111     1     2        0  0.1629E+05  0.2820E-04  0.0000E+00  0.9367E-03
     1   111     1     3        0  0.1399E+00  0.2398E+02  0.0000E+00  0.6255E-10
     1   111     1     4        0  0.3918E+01  0.2624E-03  0.0000E+00  0.6457E-03
     1   111     1     5        0  0.9827E-01  0.8726E-01  0.0000E+00  0.5400E-08
     1   112     1     1        0  0.0000E+00  0.1007E+02  0.1282E+04  0.1000E+03
     1   112     1     2        0  0.7757E+04  0.4130E-04  0.0000E+00  0.5620E-03
     1   112     1     3        0  0.3772E-01  0.1048E+02  0.0000E+00  0.3047E-09
     1   112     1     4        0  0.1180E+01  0.5117E-04  0.0000E+00  0.3880E-03
     1   112     1     5        0  0.2626E-01  0.3793E-01  0.0000E+00  0.1861E-08
     1   113     1     1        0  0.0000E+00  0.2450E+02  0.8485E+03  0.1000E+03
     1   113     1     2        0  0.4590E+04  0.2072E-04  0.0000E+00  0.3454E-04
     1   113     1     3        0  0.1483E-02  0.1024E+02  0.0000E+00  0.1038E-09
     1   113     1     4        0  0.6563E+00  0.1593E-04  0.0000E+00  0.1813E-03
     1   113     1     5        0  0.1081E-01  0.3678E-01  0.0000E+00  0.9987E-10
     1   114     1     1        0  0.0000E+00  0.6570E+02  0.2349E+04  0.1000E+03
     1   114     1     2        0  0.1577E+05  0.4483E-05  0.0000E+00  0.6716E-03
     1   114     1     3        0  0.9926E-01  0.4762E+02  0.0000E+00  0.3411E-10
     1   114     1     4        0  0.3790E+01  0.4200E-03  0.0000E+00  0.6269E-03
     1   114     1     5        0  0.9379E-01  0.1740E+00  0.0000E+00  0.3840E-08
     1   115     1     1        0  0.0000E+00  0.1000E+03  0.1512E+04  0.1000E+03
     1   115     1     2        0  0.9374E+04  0.6791E-04  0.0000E+00  0.1011E-02
     1   115     1     3        0  0.7374E-01  0.7883E+02  0.0000E+00  0.1107E-09
     1   115     1     4        0  0.1615E+01  0.4554E-03  0.0000E+00  0.4910E-03
     1   115     1     5        0  0.3739E-01  0.2878E+00  0.0000E+00  0.3824E-08
     1   116     1     1        0  0.0000E+00  0.3119E+02  0.5564E+03  0.1000E+03
     1   116     1     2        0  0.3350E+04  0.4366E-04  0.0000E+00  0.1702E-03
     1   116     1     3        0  0.1221E-01  0.1000E+03  0.0000E+00  0.6501E-10
     1   116     1     4        0  0.3406E+00  0.3783E-03  0.0000E+00  0.6850E-04
     1   117     1     1        0  0.0000E+00  0.6432E+02  0.2271E+04  0.1000E+03
     1   117     1     2        0  0.1506E+05  0.7031E-04  0.0000E+00  0.7189E-03
     1   117     1     3        0  0.1022E+00  0.9626E+02  0.0000E+00  0.8609E-10
     1   117     1     4        0  0.3581E+01  0.7411E-03  0.0000E+00  0.6000E-03
     1   117     1     5        0  0.8702E-01  0.3557E+00  0.0000E+00  0.3975E-08
     1   118     1     1        0  0.0000E+00  0.2553E+02  0.1728E+04  0.1000E+03
     1   118     1     2        0  0.1086E+05  0.4310E-04  0.0000E+00  0.9764E-03
     1   118     1     3        0  0.8346E-01  0.3018E+02  0.0000E+00  0.1733E-09
     1   118     1     4        0  0.2100E+01  0.1390E-03  0.0000E+00  0.5606E-03
     1   118     1     5        0  0.4917E-01  0.1122E+00  0.0000E+00  0.4204E-08
     1   119     1     1        0  0.0000E+00  0.6921E+01  0.4921E+03  0.1000E+03
     1   119     1     2        0  0.3295E+04  0.6625E-05  0.0000E+00  0.8427E-04
     1   119     1     3        0  0.5798E-02  0.3765E+01  0.0000E+00  0.6554E-10
     1   119     1     4        0  0.1061E+00  0.1012E-04  0.0000E+00  0.1193E-04
     1   120     1     1        0  0.0000E+00  0.1135E+02  0.2145E+04  0.1000E+03
     1   120     1     2        0  0.1405E+05  0.1104E-04  0.0000E+00  0.4821E-03
     1   120     1     3        0  0.6510E-01  0.1810E+02  0.0000E+00  0.7594E-10
     1   120     1     4        0  0.3165E+01  0.6622E-04  0.0000E+00  0.5630E-03
     1   120     1     5        0  0.7742E-01  0.6738E-01  0.0000E+00  0.2570E-08
     1   121     1     1        0  0.0000E+00  0.1971E+02  0.1900E+04  0.1000E+03
     1   121     1     2        0  0.1207E+05  0.4615E-04  0.0000E+00  0.1249E-02
     1   121     1     3        0  0.1207E+00  0.2216E+02  0.0000E+00  0.2598E-09
     1   121     1     4        0  0.2449E+01  0.1173E-03  0.0000E+00  0.6051E-03
     1   121     1     5        0  0.6007E-01  0.8324E-01  0.0000E+00  0.5899E-08
     1   122     1     1        0  0.0000E+00  0.1000E+03  0.4983E+03  0.1000E+03
     1   122     1     2        0  0.3302E+04  0.3760E-03  0.0000E+00  0.2868E-04
     1   122     1     3        0  0.1984E-02  0.5062E+01  0.0000E+00  0.6861E-10
     1   122     1     4        0  0.1138E-01  0.1437E-04  0.0000E+00  0.1209E-04
     1   123     1     1        0  0.0000E+00  0.3852E+02  0.2000E+04  0.1000E+03
     1   123     1     2        0  0.1289E+05  0.1358E-03  0.0000E+00  0.4738E-03
     1   123     1     3        0  0.5908E-01  0.2600E+02  0.0000E+00  0.5553E-10
     1   123     1     4        0  0.2807E+01  0.7209E-04  0.0000E+00  0.5187E-03
     1   123     1     5        0  0.6654E-01  0.9686E-01  0.0000E+00  0.2343E-08
     1   124     1     1        0  0.0000E+00  0.1406E+02  0.2052E+04  0.1000E+03
     1   124     1     2        0  0.1311E+05  0.2094E-04  0.0000E+00  0.1191E-02
     1   124     1     3        0  0.1307E+00  0.1643E+02  0.0000E+00  0.1485E-09
     1   124     1     4        0  0.2835E+01  0.1035E-03  0.0000E+00  0.6288E-03
     1   124     1     5        0  0.7014E-01  0.6203E-01  0.0000E+00  0.6082E-08
     1   125     1     1        0  0.0000E+00  0.1315E+02  0.4695E+03  0.1000E+03
     1   125     1     2        0  0.3170E+04  0.9405E-04  0.0000E+00  0.4848E-04
     1   125     1     3        0  0.2807E-02  0.1311E+01  0.0000E+00  0.9326E-10
     1   125     1     4        0  0.1867E-01  0.5799E-05  0.0000E+00  0.1094E-04
     1   126     1     1        0  0.0000E+00  0.4888E+02  0.1810E+04  0.1000E+03
     1   126     1     2        0  0.1146E+05  0.1643E-04  0.0000E+00  0.4437E-03
     1   126     1     3        0  0.4942E-01  0.2890E+02  0.0000E+00  0.5933E-10
     1   126     1     4        0  0.2368E+01  0.1700E-03  0.0000E+00  0.4717E-03
     1   126     1     5        0  0.5426E-01  0.1073E+00  0.0000E+00  0.2006E-08
     1   127     1     1        0  0.0000E+00  0.1000E+03  0.2156E+04  0.1000E+03
     1   127     1     2        0  0.1381E+05  0.4784E-04  0.0000E+00  0.1032E-02
     1   127     1     3        0  0.1227E+00  0.7756E+02  0.0000E+00  0.6301E-10
     1   127     1     4        0  0.3146E+01  0.5536E-03  0.0000E+00  0.6439E-03
     1   127     1     5        0  0.7794E-01  0.2924E+00  0.0000E+00  0.5585E-08
     1   128     1     1        0  0.0000E+00  0.5654E+02  0.4636E+03  0.1000E+03
     1   128     1     2        0  0.3111E+04  0.7766E-04  0.0000E+00  0.4684E-04
     1   128     1     3        0  0.1847E-02  0.2934E+02  0.0000E+00  0.1153E-09
     1   128     1     4        0  0.1331E+00  0.7815E-04  0.0000E+00  0.2781E-04
     1   129     1     1        0  0.0000E+00  0.4073E+02  0.1606E+04  0.1000E+03
     1   129     1     2        0  0.9900E+04  0.9086E-04  0.0000E+00  0.2552E-03
     1   129     1     3        0  0.2421E-01  0.6556E+02  0.0000E+00  0.4648E-10
     1   129     1     4        0  0.1918E+01  0.4170E-03  0.0000E+00  0.4224E-03
     1   129     1     5        0  0.4208E-01  0.2456E+00  0.0000E+00  0.1041E-08
     1   130     1     1        0  0.0000E+00  0.3713E+02  0.2237E+04  0.1000E+03
     1   130     1     2        0  0.1430E+05  0.5291E-04  0.2012E-01  0.1067E-02
     1   130     1     3        0  0.1343E+00  0.4850E+02  0.0000E+00  0.1149E-09
     1   130     1     4        0  0.3411E+01  0.5574E-03  0.0000E+00  0.6546E-03
     1   130     1     5        0  0.8381E-01  0.1852E+00  0.0000E+00  0.5991E-08
     1   131     1     1        0  0.0000E+00  0.1112E+02  0.6463E+03  0.1000E+03
     1   131     1     2        0  0.3118E+04  0.2457E-04  0.0000E+00  0.1181E-03
     1   131     1     3        0  0.5364E-02  0.9330E+01  0.0000E+00  0.1511E-09
     1   131     1     4        0  0.3692E+00  0.5377E-05  0.0000E+00  0.1170E-03
     1   132     1     1        0  0.0000E+00  0.7860E+01  0.1365E+04  0.1000E+03
     1   132     1     2        0  0.8113E+04  0.8117E-05  0.0000E+00  0.2352E-03
     1   132     1     3        0  0.1817E-01  0.1339E+02  0.0000E+00  0.5750E-10
     1   132     1     4        0  0.1400E+01  0.3257E-04  0.0000E+00  0.3662E-03
     1   132     1     5        0  0.3001E-01  0.5076E-01  0.0000E+00  0.8552E-09
     1   133     1     1        0  0.0000E+00  0.1599E+02  0.2269E+04  0.1000E+03
     1   133     1     2        0  0.1446E+05  0.4836E-04  0.0000E+00  0.8933E-03
     1   133     1     3        0  0.1161E+00  0.2369E+02  0.0000E+00  0.2104E-09
     1   133     1     4        0  0.3448E+01  0.1846E-03  0.0000E+00  0.6559E-03
     1   133     1     5        0  0.8649E-01  0.9140E-01  0.0000E+00  0.5135E-08
     1   134     1     1        0  0.0000E+00  0.5385E+02  0.9142E+03  0.1000E+03
     1   134     1     2        0  0.4696E+04  0.3529E-03  0.0000E+00  0.4524E-03
     1   134     1     3        0  0.2217E-01  0.2716E+02  0.0000E+00  0.2191E-09
     1   134     1     4        0  0.6399E+00  0.5071E-04  0.0000E+00  0.2464E-03
     1   134     1     5        0  0.1247E-01  0.1033E+00  0.0000E+00  0.1173E-08
     1   135     1     1        0  0.0000E+00  0.5522E+02  0.1118E+04  0.1000E+03
     1   135     1     2        0  0.6258E+04  0.1342E-03  0.0000E+00  0.3718E-04
     1   135     1     3        0  0.1308E-02  0.2405E+02  0.0000E+00  0.1345E-09
     1   135     1     4        0  0.1001E+01  0.1507E-03  0.0000E+00  0.3057E-03
     1   135     1     5        0  0.1940E-01  0.9195E-01  0.0000E+00  0.1148E-09
     1   136     1     1        0  0.0000E+00  0.1908E+02  0.2275E+04  0.1000E+03
     1   136     1     2        0  0.1441E+05  0.8622E-05  0.0000E+00  0.9005E-03
     1   136     1     3        0  0.1182E+00  0.1978E+02  0.0000E+00  0.6577E-10
     1   136     1     4        0  0.3481E+01  0.1590E-03  0.0000E+00  0.6488E-03
     1   136     1     5        0  0.8668E-01  0.7697E-01  0.0000E+00  0.5187E-08
     1   137     1     1        0  0.0000E+00  0.9547E+01  0.1175E+04  0.1000E+03
     1   137     1     2        0  0.6474E+04  0.1727E-04  0.0000E+00  0.6092E-03
     1   137     1     3        0  0.3386E-01  0.9633E+01  0.0000E+00  0.2030E-09
     1   137     1     4        0  0.9919E+00  0.3486E-04  0.0000E+00  0.3795E-03
     1   137     1     5        0  0.2141E-01  0.3719E-01  0.0000E+00  0.1947E-08
     1   138     1     1        0  0.0000E+00  0.3098E+02  0.8432E+03  0.1000E+03
     1   138     1     2        0  0.4241E+04  0.5010E-04  0.0000E+00  0.5215E-04
     1   138     1     3        0  0.3009E-02  0.1167E+02  0.0000E+00  0.1970E-09
     1   138     1     4        0  0.6351E+00  0.8191E-05  0.0000E+00  0.1987E-03
     1   138     1     5        0  0.1044E-01  0.4473E-01  0.0000E+00  0.1540E-09
     1   139     1     1        0  0.0000E+00  0.1000E+03  0.2233E+04  0.1000E+03
     1   139     1     2        0  0.1406E+05  0.4959E-04  0.0000E+00  0.7283E-03
     1   139     1     3        0  0.9504E-01  0.6934E+02  0.0000E+00  0.4656E-10
     1   139     1     4        0  0.3404E+01  0.2096E-03  0.0000E+00  0.6313E-03
     1   139     1     5        0  0.8357E-01  0.2699E+00  0.0000E+00  0.4183E-08
     1   140     1     1        0  0.0000E+00  0.8089E+02  0.1400E+04  0.1000E+03
     1   140     1     2        0  0.8003E+04  0.7619E-04  0.0000E+00  0.9399E-03
     1   140     1     3        0  0.5894E-01  0.6500E+02  0.0000E+00  0.7363E-10
     1   140     1     4        0  0.1380E+01  0.1979E-03  0.0000E+00  0.4834E-03
     1   140     1     5        0  0.3132E-01  0.2525E+00  0.0000E+00  0.3468E-08
     1   141     1     1        0  0.0000E+00  0.1340E+02  0.5685E+03  0.1000E+03
     1   141     1     2        0  0.3160E+04  0.1154E-04  0.0000E+00  0.1421E-03
     1   141     1     3        0  0.9617E-02  0.2297E+02  0.0000E+00  0.6384E-10
     1   141     1     4        0  0.3450E+00  0.5431E-04  0.0000E+00  0.8007E-04
     1   142     1     1        0  0.0000E+00  0.3608E+02  0.2167E+04  0.1000E+03
     1   142     1     2        0  0.1352E+05  0.7271E-04  0.0000E+00  0.6953E-03
     1   142     1     3        0  0.8827E-01  0.5177E+02  0.0000E+00  0.5803E-10
     1   142     1     4        0  0.3255E+01  0.3703E-03  0.0000E+00  0.6056E-03
     1   142     1     5        0  0.7829E-01  0.2032E+00  0.0000E+00  0.3865E-08
     1   143     1     1        0  0.0000E+00  0.2299E+02  0.1611E+04  0.1000E+03
     1   143     1     2        0  0.9441E+04  0.2505E-04  0.0000E+00  0.1016E-02
     1   143     1     3        0  0.7483E-01  0.2579E+02  0.0000E+00  0.1611E-09
     1   143     1     4        0  0.1828E+01  0.1342E-03  0.0000E+00  0.5558E-03
     1   143     1     5        0  0.4198E-01  0.1016E+00  0.0000E+00  0.4302E-08
     1   144     1     1        0  0.0000E+00  0.4411E+01  0.4902E+03  0.1000E+03
     1   144     1     2        0  0.3118E+04  0.1478E-04  0.0000E+00  0.1008E-03
     1   144     1     3        0  0.6438E-02  0.4455E+01  0.0000E+00  0.6816E-10
     1   144     1     4        0  0.1181E+00  0.4185E-05  0.0000E+00  0.1303E-04
     1   145     1     1        0  0.0000E+00  0.1334E+02  0.2056E+04  0.1000E+03
     1   145     1     2        0  0.1270E+05  0.1262E-04  0.0000E+00  0.5303E-03
     1   145     1     3        0  0.6417E-01  0.2172E+02  0.0000E+00  0.9041E-10
     1   145     1     4        0  0.2905E+01  0.5700E-04  0.0000E+00  0.5698E-03
     1   145     1     5        0  0.7036E-01  0.8554E-01  0.0000E+00  0.2828E-08
     1   146     1     1        0  0.0000E+00  0.2847E+02  0.1782E+04  0.1000E+03
     1   146     1     2        0  0.1062E+05  0.4312E-04  0.0000E+00  0.1205E-02
     1   146     1     3        0  0.1014E+00  0.3170E+02  0.0000E+00  0.2088E-09
     1   146     1     4        0  0.2163E+01  0.2675E-03  0.0000E+00  0.6026E-03
     1   146     1     5        0  0.5209E-01  0.1257E+00  0.0000E+00  0.5622E-08
     1   147     1     1        0  0.0000E+00  0.1000E+03  0.4952E+03  0.1000E+03
     1   147     1     2        0  0.3125E+04  0.7471E-03  0.0000E+00  0.3010E-04
     1   147     1     3        0  0.1695E-02  0.7066E+01  0.0000E+00  0.6263E-10
     1   147     1     4        0  0.1746E-01  0.1047E-04  0.0000E+00  0.1226E-04
     1   148     1     1        0  0.0000E+00  0.2630E+02  0.1925E+04  0.1000E+03
     1   148     1     2        0  0.1173E+05  0.7866E-05  0.0000E+00  0.4631E-03
     1   148     1     3        0  0.5218E-01  0.2035E+02  0.0000E+00  0.4397E-10
     1   148     1     4        0  0.2586E+01  0.1847E-03  0.0000E+00  0.5265E-03
     1   148     1     5        0  0.6106E-01  0.8003E-01  0.0000E+00  0.2319E-08
     1   149     1     1        0  0.0000E+00  0.1242E+02  0.1934E+04  0.1000E+03
     1   149     1     2        0  0.1164E+05  0.2107E-04  0.0000E+00  0.1220E-02
     1   149     1     3        0  0.1179E+00  0.1504E+02  0.0000E+00  0.1728E-09
     1   149     1     4        0  0.2513E+01  0.1240E-03  0.0000E+00  0.6279E-03
     1   149     1     5        0  0.6157E-01  0.5979E-01  0.0000E+00  0.6148E-08
     1   150     1     1        0  0.0000E+00  0.1667E+02  0.4709E+03  0.1000E+03
     1   150     1     2        0  0.3029E+04  0.2149E-04  0.0000E+00  0.4617E-04
     1   150     1     3        0  0.2652E-02  0.9781E+00  0.0000E+00  0.8270E-10
     1   151     1     1        0  0.0000E+00  0.7191E+02  0.1752E+04  0.1000E+03
     1   151     1     2        0  0.1050E+05  0.2062E-03  0.0000E+00  0.4449E-03
     1   151     1     3        0  0.4517E-01  0.4041E+02  0.0000E+00  0.8376E-10
     1   151     1     4        0  0.2208E+01  0.9949E-04  0.0000E+00  0.4793E-03
     1   151     1     5        0  0.5033E-01  0.1579E+00  0.0000E+00  0.2036E-08
     1   152     1     1        0  0.0000E+00  0.1000E+03  0.2042E+04  0.1000E+03
     1   152     1     2        0  0.1237E+05  0.6998E-04  0.0000E+00  0.1071E-02
     1   152     1     3        0  0.1135E+00  0.7757E+02  0.0000E+00  0.7467E-10
     1   152     1     4        0  0.2815E+01  0.7561E-03  0.0000E+00  0.6428E-03
     1   152     1     5        0  0.6918E-01  0.3073E+00  0.0000E+00  0.5726E-08
     1   153     1     1        0  0.0000E+00  0.2010E+02  0.4653E+03  0.1000E+03
     1   153     1     2        0  0.2981E+04  0.2730E-04  0.0000E+00  0.6687E-04
     1   153     1     3        0  0.1944E-02  0.1005E+02  0.0000E+00  0.1119E-09
     1   153     1     4        0  0.9810E-01  0.9127E-05  0.0000E+00  0.1594E-04
     1   154     1     1        0  0.0000E+00  0.2957E+02  0.1563E+04  0.1000E+03
     1   154     1     2        0  0.9138E+04  0.6209E-04  0.0000E+00  0.3034E-03
     1   154     1     3        0  0.2652E-01  0.3629E+02  0.0000E+00  0.3809E-10
     1   154     1     4        0  0.1815E+01  0.1470E-03  0.0000E+00  0.4308E-03
     1   154     1     5        0  0.3949E-01  0.1427E+00  0.0000E+00  0.1263E-08
     1   155     1     1        0  0.0000E+00  0.3107E+02  0.2127E+04  0.1000E+03
     1   155     1     2        0  0.1290E+05  0.3521E-04  0.0000E+00  0.1039E-02
     1   155     1     3        0  0.1172E+00  0.3895E+02  0.0000E+00  0.1344E-09
     1   155     1     4        0  0.3087E+01  0.2102E-03  0.0000E+00  0.6544E-03
     1   155     1     5        0  0.7511E-01  0.1557E+00  0.0000E+00  0.5789E-08
     1   156     1     1        0  0.0000E+00  0.1180E+02  0.5746E+03  0.1000E+03
     1   156     1     2        0  0.2985E+04  0.2548E-04  0.0000E+00  0.1237E-03
     1   156     1     3        0  0.4873E-02  0.9050E+01  0.0000E+00  0.1561E-09
     1   156     1     4        0  0.3007E+00  0.8106E-05  0.0000E+00  0.1010E-03
     1   157     1     1        0  0.0000E+00  0.7817E+01  0.1339E+04  0.1000E+03
     1   157     1     2        0  0.7560E+04  0.5985E-05  0.0000E+00  0.2083E-03
     1   157     1     3        0  0.1471E-01  0.1603E+02  0.0000E+00  0.4741E-10
     1   157     1     4        0  0.1344E+01  0.5153E-04  0.0000E+00  0.3755E-03
     1   157     1     5        0  0.2860E-01  0.6350E-01  0.0000E+00  0.7476E-09
     1   158     1     1        0  0.0000E+00  0.2146E+02  0.2166E+04  0.1000E+03
     1   158     1     2        0  0.1313E+05  0.6815E-04  0.0000E+00  0.9545E-03
     1   158     1     3        0  0.1119E+00  0.3180E+02  0.0000E+00  0.2216E-09
     1   158     1     4        0  0.3152E+01  0.2088E-03  0.0000E+00  0.6569E-03
     1   158     1     5        0  0.7824E-01  0.1280E+00  0.0000E+00  0.5466E-08
     1   159     1     1        0  0.0000E+00  0.1000E+03  0.8350E+03  0.1000E+03
     1   159     1     2        0  0.3922E+04  0.2811E-03  0.0000E+00  0.3578E-03
     1   159     1     3        0  0.1573E-01  0.5195E+02  0.0000E+00  0.2370E-09
     1   159     1     4        0  0.5457E+00  0.5486E-04  0.0000E+00  0.2291E-03
     1   159     1     5        0  0.1009E-01  0.2058E+00  0.0000E+00  0.9226E-09
     1   160     1     1        0  0.0000E+00  0.3349E+02  0.1106E+04  0.1000E+03
     1   160     1     2        0  0.5900E+04  0.7135E-04  0.0000E+00  0.8963E-04
     1   160     1     3        0  0.4339E-02  0.1679E+02  0.0000E+00  0.8274E-10
     1   160     1     4        0  0.9682E+00  0.2809E-04  0.0000E+00  0.3156E-03
     1   160     1     5        0  0.1884E-01  0.6694E-01  0.0000E+00  0.2834E-09
     1   161     1     1        0  0.0000E+00  0.1394E+02  0.2179E+04  0.1000E+03
     1   161     1     2        0  0.1317E+05  0.1240E-04  0.0000E+00  0.8688E-03
     1   161     1     3        0  0.1040E+00  0.1777E+02  0.0000E+00  0.6189E-10
     1   161     1     4        0  0.3191E+01  0.7811E-04  0.0000E+00  0.6511E-03
     1   161     1     5        0  0.7908E-01  0.7197E-01  0.0000E+00  0.5023E-08
     1   162     1     1        0  0.0000E+00  0.1150E+02  0.1088E+04  0.1000E+03
     1   162     1     2        0  0.5599E+04  0.3468E-04  0.0000E+00  0.6412E-03
     1   162     1     3        0  0.3102E-01  0.9457E+01  0.0000E+00  0.2992E-09
     1   162     1     4        0  0.8587E+00  0.5636E-04  0.0000E+00  0.3653E-03
     1   162     1     5        0  0.1805E-01  0.3792E-01  0.0000E+00  0.1970E-08
     1   163     1     1        0  0.0000E+00  0.4124E+02  0.8462E+03  0.1000E+03
     1   163     1     2        0  0.4081E+04  0.1051E-03  0.0000E+00  0.7404E-04
     1   163     1     3        0  0.4529E-02  0.1467E+02  0.0000E+00  0.1566E-09
     1   163     1     4        0  0.6296E+00  0.4523E-04  0.0000E+00  0.2184E-03
     1   163     1     5        0  0.1045E-01  0.5845E-01  0.0000E+00  0.2076E-09
     1   164     1     1        0  0.0000E+00  0.1000E+03  0.2148E+04  0.1000E+03
     1   164     1     2        0  0.1293E+05  0.1870E-03  0.0000E+00  0.7868E-03
     1   164     1     3        0  0.9382E-01  0.6865E+02  0.0000E+00  0.5154E-10
     1   164     1     4        0  0.3144E+01  0.3906E-03  0.0000E+00  0.6350E-03
     1   164     1     5        0  0.7690E-01  0.2777E+00  0.0000E+00  0.4494E-08
     1   165     1     1        0  0.0000E+00  0.3779E+02  0.1310E+04  0.1000E+03
     1   165     1     2        0  0.7063E+04  0.3503E-04  0.0000E+00  0.8578E-03
     1   165     1     3        0  0.4800E-01  0.3299E+02  0.0000E+00  0.1189E-09
     1   165     1     4        0  0.1211E+01  0.9273E-04  0.0000E+00  0.4726E-03
     1   165     1     5        0  0.2708E-01  0.1331E+00  0.0000E+00  0.3109E-08
     1   166     1     1        0  0.0000E+00  0.1395E+02  0.5846E+03  0.1000E+03
     1   166     1     2        0  0.3009E+04  0.1259E-04  0.0000E+00  0.1121E-03
     1   166     1     3        0  0.7416E-02  0.1422E+02  0.0000E+00  0.7253E-10
     1   166     1     4        0  0.3565E+00  0.3816E-04  0.0000E+00  0.9315E-04
     1   167     1     1        0  0.0000E+00  0.3394E+02  0.2092E+04  0.1000E+03
     1   167     1     2        0  0.1250E+05  0.9196E-04  0.0000E+00  0.6742E-03
     1   167     1     3        0  0.7888E-01  0.3973E+02  0.0000E+00  0.4915E-10
     1   167     1     4        0  0.3037E+01  0.1128E-03  0.0000E+00  0.6105E-03
     1   167     1     5        0  0.7261E-01  0.1618E+00  0.0000E+00  0.3767E-08
     1   168     1     1        0  0.0000E+00  0.2336E+02  0.1518E+04  0.1000E+03
     1   168     1     2        0  0.8454E+04  0.2059E-04  0.0000E+00  0.1049E-02
     1   168     1     3        0  0.6876E-01  0.2500E+02  0.0000E+00  0.1415E-09
     1   168     1     4        0  0.1631E+01  0.1928E-03  0.0000E+00  0.5489E-03
     1   168     1     5        0  0.3693E-01  0.1019E+00  0.0000E+00  0.4333E-08
     1   169     1     1        0  0.0000E+00  0.2912E+01  0.4854E+03  0.1000E+03
     1   169     1     2        0  0.2977E+04  0.1116E-04  0.0000E+00  0.1191E-03
     1   169     1     3        0  0.7169E-02  0.5700E+01  0.0000E+00  0.6061E-10
     1   169     1     4        0  0.1328E+00  0.1926E-04  0.0000E+00  0.1874E-04
     1   170     1     1        0  0.0000E+00  0.1745E+02  0.1993E+04  0.1000E+03
     1   170     1     2        0  0.1181E+05  0.1693E-04  0.0000E+00  0.5797E-03
     1   170     1     3        0  0.6490E-01  0.2854E+02  0.0000E+00  0.8528E-10
     1   170     1     4        0  0.2738E+01  0.9483E-04  0.0000E+00  0.5761E-03
     1   170     1     5        0  0.6582E-01  0.1163E+00  0.0000E+00  0.3100E-08
     1   171     1     1        0  0.0000E+00  0.4522E+02  0.1689E+04  0.1000E+03
     1   171     1     2        0  0.9610E+04  0.1303E-03  0.0000E+00  0.1155E-02
     1   171     1     3        0  0.8744E-01  0.5193E+02  0.0000E+00  0.3157E-09
     1   171     1     4        0  0.1958E+01  0.3696E-03  0.0000E+00  0.5992E-03
     1   171     1     5        0  0.4646E-01  0.2128E+00  0.0000E+00  0.5312E-08
     1   172     1     1        0  0.0000E+00  0.4206E+02  0.4897E+03  0.1000E+03
     1   172     1     2        0  0.2984E+04  0.5808E-04  0.0000E+00  0.4388E-04
     1   172     1     3        0  0.2313E-02  0.4140E+01  0.0000E+00  0.5967E-10
     1   172     1     4        0  0.2471E-01  0.1640E-04  0.0000E+00  0.1242E-04
     1   173     1     1        0  0.0000E+00  0.1934E+02  0.1872E+04  0.1000E+03
     1   173     1     2        0  0.1096E+05  0.8207E-04  0.0000E+00  0.4539E-03
     1   173     1     3        0  0.4759E-01  0.1769E+02  0.0000E+00  0.5177E-10
     1   173     1     4        0  0.2444E+01  0.5646E-04  0.0000E+00  0.5339E-03
     1   173     1     5        0  0.5761E-01  0.7195E-01  0.0000E+00  0.2283E-08
     1   174     1     1        0  0.0000E+00  0.1167E+02  0.1841E+04  0.1000E+03
     1   174     1     2        0  0.1062E+05  0.3476E-04  0.0000E+00  0.1245E-02
     1   174     1     3        0  0.1089E+00  0.1465E+02  0.0000E+00  0.2313E-09
     1   174     1     4        0  0.2285E+01  0.1905E-03  0.0000E+00  0.6256E-03
     1   174     1     5        0  0.5552E-01  0.6009E-01  0.0000E+00  0.6185E-08
     1   175     1     1        0  0.0000E+00  0.2159E+02  0.4683E+03  0.1000E+03
     1   175     1     2        0  0.2909E+04  0.2564E-04  0.0000E+00  0.4430E-04
     1   175     1     3        0  0.2556E-02  0.6831E+00  0.0000E+00  0.7564E-10
     1   176     1     1        0  0.0000E+00  0.1000E+03  0.1712E+04  0.1000E+03
     1   176     1     2        0  0.9881E+04  0.4216E-03  0.0000E+00  0.4464E-03
     1   176     1     3        0  0.4250E-01  0.5520E+02  0.0000E+00  0.8178E-10
     1   176     1     4        0  0.2105E+01  0.1645E-03  0.0000E+00  0.4864E-03
     1   176     1     5        0  0.4795E-01  0.2225E+00  0.0000E+00  0.2066E-08
     1   177     1     1        0  0.0000E+00  0.6344E+02  0.1953E+04  0.1000E+03
     1   177     1     2        0  0.1136E+05  0.5113E-04  0.0000E+00  0.1108E-02
     1   177     1     3        0  0.1076E+00  0.5122E+02  0.0000E+00  0.6163E-10
     1   177     1     4        0  0.2575E+01  0.4167E-03  0.0000E+00  0.6410E-03
     1   177     1     5        0  0.6299E-01  0.2092E+00  0.0000E+00  0.5868E-08
     1   178     1     1        0  0.0000E+00  0.1111E+02  0.4632E+03  0.1000E+03
     1   178     1     2        0  0.2869E+04  0.3372E-04  0.0000E+00  0.8185E-04
     1   178     1     3        0  0.2336E-02  0.5418E+01  0.0000E+00  0.1018E-09
     1   178     1     4        0  0.7224E-01  0.8456E-05  0.0000E+00  0.1531E-04
     1   179     1     1        0  0.0000E+00  0.2826E+02  0.1535E+04  0.1000E+03
     1   179     1     2        0  0.8658E+04  0.2541E-04  0.0000E+00  0.3526E-03
     1   179     1     3        0  0.2928E-01  0.2776E+02  0.0000E+00  0.4521E-10
     1   179     1     4        0  0.1753E+01  0.3582E-04  0.0000E+00  0.4386E-03
     1   179     1     5        0  0.3802E-01  0.1124E+00  0.0000E+00  0.1487E-08
     1   180     1     1        0  0.0000E+00  0.3202E+02  0.2041E+04  0.1000E+03
     1   180     1     2        0  0.1192E+05  0.3724E-04  0.0000E+00  0.1008E-02
     1   180     1     3        0  0.1048E+00  0.3641E+02  0.0000E+00  0.1018E-09
     1   180     1     4        0  0.2853E+01  0.2862E-03  0.0000E+00  0.6535E-03
     1   180     1     5        0  0.6897E-01  0.1496E+00  0.0000E+00  0.5569E-08
     1   181     1     1        0  0.0000E+00  0.1362E+02  0.5128E+03  0.1000E+03
     1   181     1     2        0  0.2872E+04  0.1891E-04  0.0000E+00  0.1299E-03
     1   181     1     3        0  0.4575E-02  0.9614E+01  0.0000E+00  0.1177E-09
     1   181     1     4        0  0.2477E+00  0.5268E-05  0.0000E+00  0.8550E-04
     1   182     1     1        0  0.0000E+00  0.1015E+02  0.1324E+04  0.1000E+03
     1   182     1     2        0  0.7227E+04  0.8511E-05  0.0000E+00  0.1818E-03
     1   182     1     3        0  0.1202E-01  0.2109E+02  0.0000E+00  0.6255E-10
     1   182     1     4        0  0.1318E+01  0.5935E-04  0.0000E+00  0.3843E-03
     1   182     1     5        0  0.2793E-01  0.8580E-01  0.0000E+00  0.6755E-09
     1   183     1     1        0  0.0000E+00  0.3242E+02  0.2086E+04  0.1000E+03
     1   183     1     2        0  0.1221E+05  0.9613E-04  0.1790E-01  0.1015E-02
     1   183     1     3        0  0.1100E+00  0.4754E+02  0.0000E+00  0.2028E-09
     1   183     1     4        0  0.2942E+01  0.3235E-03  0.0000E+00  0.6574E-03
     1   183     1     5        0  0.7244E-01  0.1962E+00  0.0000E+00  0.5770E-08
     1   184     1     1        0  0.0000E+00  0.8569E+02  0.7677E+03  0.1000E+03
     1   184     1     2        0  0.3350E+04  0.2797E-03  0.0000E+00  0.2661E-03
     1   184     1     3        0  0.1081E-01  0.4752E+02  0.0000E+00  0.2859E-09
     1   184     1     4        0  0.4734E+00  0.4361E-04  0.0000E+00  0.2103E-03
     1   185     1     1        0  0.0000E+00  0.2327E+02  0.1102E+04  0.1000E+03
     1   185     1     2        0  0.5704E+04  0.5053E-04  0.0000E+00  0.1544E-03
     1   185     1     3        0  0.7858E-02  0.1384E+02  0.0000E+00  0.9210E-10
     1   185     1     4        0  0.9556E+00  0.3001E-04  0.0000E+00  0.3251E-03
     1   185     1     5        0  0.1873E-01  0.5660E-01  0.0000E+00  0.5097E-09
     1   186     1     1        0  0.0000E+00  0.1267E+02  0.2106E+04  0.1000E+03
     1   186     1     2        0  0.1231E+05  0.1211E-04  0.0000E+00  0.8352E-03
     1   186     1     3        0  0.9318E-01  0.1702E+02  0.0000E+00  0.1058E-09
     1   186     1     4        0  0.2987E+01  0.9887E-04  0.0000E+00  0.6528E-03
     1   186     1     5        0  0.7375E-01  0.7057E-01  0.0000E+00  0.4814E-08
     1   187     1     1        0  0.0000E+00  0.1410E+02  0.1016E+04  0.1000E+03
     1   187     1     2        0  0.4953E+04  0.1946E-04  0.0000E+00  0.6704E-03
     1   187     1     3        0  0.2905E-01  0.9874E+01  0.0000E+00  0.2360E-09
     1   187     1     4        0  0.7581E+00  0.4673E-04  0.0000E+00  0.3488E-03
     1   187     1     5        0  0.1553E-01  0.4050E-01  0.0000E+00  0.1974E-08
     1   188     1     1        0  0.0000E+00  0.6094E+02  0.8550E+03  0.1000E+03
     1   188     1     2        0  0.4027E+04  0.2495E-04  0.0000E+00  0.9797E-04
     1   188     1     3        0  0.5941E-02  0.2124E+02  0.0000E+00  0.1284E-09
     1   188     1     4        0  0.6336E+00  0.2024E-04  0.0000E+00  0.2398E-03
     1   188     1     5        0  0.1071E-01  0.8671E-01  0.0000E+00  0.2831E-09
     1   189     1     1        0  0.0000E+00  0.1000E+03  0.2083E+04  0.1000E+03
     1   189     1     2        0  0.1214E+05  0.3978E-03  0.0000E+00  0.8449E-03
     1   189     1     3        0  0.9413E-01  0.7012E+02  0.0000E+00  0.5582E-10
     1   189     1     4        0  0.2958E+01  0.4602E-03  0.0000E+00  0.6381E-03
     1   189     1     5        0  0.7225E-01  0.2905E+00  0.0000E+00  0.4829E-08
     1   190     1     1        0  0.0000E+00  0.2194E+02  0.1235E+04  0.1000E+03
     1   190     1     2        0  0.6371E+04  0.3331E-04  0.0000E+00  0.7706E-03
     1   190     1     3        0  0.3946E-01  0.2082E+02  0.0000E+00  0.1722E-09
     1   190     1     4        0  0.1082E+01  0.1784E-03  0.0000E+00  0.4597E-03
     1   190     1     5        0  0.2388E-01  0.8600E-01  0.0000E+00  0.2742E-08
     1   191     1     1        0  0.0000E+00  0.1579E+02  0.6036E+03  0.1000E+03
     1   191     1     2        0  0.2887E+04  0.8270E-05  0.0000E+00  0.8684E-04
     1   191     1     3        0  0.5291E-02  0.1135E+02  0.0000E+00  0.7093E-10
     1   191     1     4        0  0.3724E+00  0.1116E-04  0.0000E+00  0.1076E-03
     1   192     1     1        0  0.0000E+00  0.3624E+02  0.2035E+04  0.1000E+03
     1   192     1     2        0  0.1179E+05  0.1897E-04  0.0000E+00  0.6518E-03
     1   192     1     3        0  0.7177E-01  0.3592E+02  0.0000E+00  0.6870E-10
     1   192     1     4        0  0.2883E+01  0.1643E-03  0.0000E+00  0.6149E-03
     1   192     1     5        0  0.6871E-01  0.1496E+00  0.0000E+00  0.3652E-08
     1   193     1     1        0  0.0000E+00  0.2638E+02  0.1441E+04  0.1000E+03
     1   193     1     2        0  0.7722E+04  0.5988E-04  0.0000E+00  0.1080E-02
     1   193     1     3        0  0.6440E-01  0.2706E+02  0.0000E+00  0.1448E-09
     1   193     1     4        0  0.1478E+01  0.1679E-03  0.0000E+00  0.5407E-03
     1   193     1     5        0  0.3312E-01  0.1126E+00  0.0000E+00  0.4352E-08
     1   194     1     1        0  0.0000E+00  0.2233E+01  0.4795E+03  0.1000E+03
     1   194     1     2        0  0.2862E+04  0.5538E-05  0.0000E+00  0.1388E-03
     1   194     1     3        0  0.7954E-02  0.8051E+01  0.0000E+00  0.6384E-10
     1   194     1     4        0  0.1498E+00  0.2624E-04  0.0000E+00  0.2602E-04
     1   195     1     1        0  0.0000E+00  0.2610E+02  0.1946E+04  0.1000E+03
     1   195     1     2        0  0.1119E+05  0.4293E-04  0.0000E+00  0.6288E-03
     1   195     1     3        0  0.6649E-01  0.4228E+02  0.0000E+00  0.1142E-09
     1   195     1     4        0  0.2625E+01  0.2179E-03  0.0000E+00  0.5818E-03
     1   195     1     5        0  0.6277E-01  0.1760E+00  0.0000E+00  0.3382E-08
     1   196     1     1        0  0.0000E+00  0.8364E+02  0.1613E+04  0.1000E+03
     1   196     1     2        0  0.8861E+04  0.1401E-03  0.0000E+00  0.1104E-02
     1   196     1     3        0  0.7667E-01  0.1000E+03  0.0000E+00  0.2060E-09
     1   196     1     4        0  0.1803E+01  0.7346E-03  0.0000E+00  0.5952E-03
     1   196     1     5        0  0.4222E-01  0.4180E+00  0.0000E+00  0.4969E-08
     1   197     1     1        0  0.0000E+00  0.2466E+02  0.4834E+03  0.1000E+03
     1   197     1     2        0  0.2870E+04  0.9240E-04  0.0000E+00  0.5376E-04
     1   197     1     3        0  0.2824E-02  0.3443E+01  0.0000E+00  0.6327E-10
     1   197     1     4        0  0.3322E-01  0.1042E-04  0.0000E+00  0.1256E-04
     1   198     1     1        0  0.0000E+00  0.1486E+02  0.1835E+04  0.1000E+03
     1   198     1     2        0  0.1044E+05  0.4785E-05  0.0000E+00  0.4440E-03
     1   198     1     3        0  0.4419E-01  0.1657E+02  0.0000E+00  0.5572E-10
     1   198     1     4        0  0.2349E+01  0.5131E-04  0.0000E+00  0.5408E-03
     1   198     1     5        0  0.5536E-01  0.6876E-01  0.0000E+00  0.2271E-08
     1   199     1     1        0  0.0000E+00  0.1165E+02  0.1766E+04  0.1000E+03
     1   199     1     2        0  0.9857E+04  0.1951E-04  0.0000E+00  0.1269E-02
     1   199     1     3        0  0.1024E+00  0.1508E+02  0.0000E+00  0.1717E-09
     1   199     1     4        0  0.2113E+01  0.1451E-03  0.0000E+00  0.6223E-03
     1   199     1     5        0  0.5097E-01  0.6307E-01  0.0000E+00  0.6229E-08
     1   200     1     1        0  0.0000E+00  0.2904E+02  0.4640E+03  0.1000E+03
     1   200     1     2        0  0.2808E+04  0.8152E-04  0.0000E+00  0.4270E-04
     1   200     1     3        0  0.2495E-02  0.3831E+00  0.0000E+00  0.6535E-10
     1   201     1     1        0  0.0000E+00  0.1000E+03  0.1686E+04  0.1000E+03
     1   201     1     2        0  0.9467E+04  0.1652E-03  0.0000E+00  0.4474E-03
     1   201     1     3        0  0.4072E-01  0.5584E+02  0.0000E+00  0.1039E-09
     1   201     1     4        0  0.2037E+01  0.1865E-03  0.0000E+00  0.4931E-03
     1   201     1     5        0  0.4649E-01  0.2295E+00  0.0000E+00  0.2103E-08
     1   202     1     1        0  0.0000E+00  0.3776E+02  0.1881E+04  0.1000E+03
     1   202     1     2        0  0.1062E+05  0.3480E-04  0.0000E+00  0.1144E-02
     1   202     1     3        0  0.1036E+00  0.3303E+02  0.0000E+00  0.7536E-10
     1   202     1     4        0  0.2392E+01  0.1560E-03  0.0000E+00  0.6387E-03
     1   202     1     5        0  0.5834E-01  0.1375E+00  0.0000E+00  0.5992E-08
     1   203     1     1        0  0.0000E+00  0.8531E+01  0.4594E+03  0.1000E+03
     1   203     1     2        0  0.2774E+04  0.1382E-04  0.0000E+00  0.9204E-04
     1   203     1     3        0  0.2735E-02  0.3551E+01  0.0000E+00  0.1112E-09
     1   203     1     4        0  0.5251E-01  0.7498E-05  0.0000E+00  0.1517E-04
     1   204     1     1        0  0.0000E+00  0.2999E+02  0.1518E+04  0.1000E+03
     1   204     1     2        0  0.8346E+04  0.1194E-04  0.0000E+00  0.4014E-03
     1   204     1     3        0  0.3224E-01  0.2468E+02  0.0000E+00  0.3926E-10
     1   204     1     4        0  0.1717E+01  0.1355E-03  0.0000E+00  0.4461E-03
     1   204     1     5        0  0.3723E-01  0.1017E+00  0.0000E+00  0.1692E-08
     1   205     1     1        0  0.0000E+00  0.3909E+02  0.1972E+04  0.1000E+03
     1   205     1     2        0  0.1120E+05  0.8171E-04  0.0000E+00  0.9761E-03
     1   205     1     3        0  0.9515E-01  0.3831E+02  0.0000E+00  0.5948E-10
     1   205     1     4        0  0.2673E+01  0.3568E-03  0.0000E+00  0.6522E-03
     1   205     1     5        0  0.6436E-01  0.1601E+00  0.0000E+00  0.5369E-08
     1   206     1     1        0  0.0000E+00  0.1746E+02  0.4609E+03  0.1000E+03
     1   206     1     2        0  0.2776E+04  0.1436E-04  0.0000E+00  0.1308E-03
     1   206     1     3        0  0.4341E-02  0.1145E+02  0.0000E+00  0.1126E-09
     1   206     1     4        0  0.2047E+00  0.3198E-04  0.0000E+00  0.6840E-04
     1   207     1     1        0  0.0000E+00  0.1564E+02  0.1318E+04  0.1000E+03
     1   207     1     2        0  0.7026E+04  0.1735E-04  0.0000E+00  0.1553E-03
     1   207     1     3        0  0.9737E-02  0.3213E+02  0.0000E+00  0.5324E-10
     1   207     1     4        0  0.1310E+01  0.2417E-04  0.0000E+00  0.3927E-03
     1   207     1     5        0  0.2771E-01  0.1328E+00  0.0000E+00  0.5997E-09
     1   208     1     1        0  0.0000E+00  0.5603E+02  0.2023E+04  0.1000E+03
     1   208     1     2        0  0.1153E+05  0.8710E-04  0.1831E-01  0.1075E-02
     1   208     1     3        0  0.1098E+00  0.8047E+02  0.0000E+00  0.1703E-09
     1   208     1     4        0  0.2785E+01  0.5614E-03  0.0000E+00  0.6574E-03
     1   208     1     5        0  0.6811E-01  0.3374E+00  0.0000E+00  0.6074E-08
     1   209     1     1        0  0.0000E+00  0.3507E+02  0.7085E+03  0.1000E+03
     1   209     1     2        0  0.2898E+04  0.1796E-03  0.0000E+00  0.1813E-03
     1   209     1     3        0  0.6865E-02  0.2144E+02  0.0000E+00  0.2775E-09
     1   209     1     4        0  0.4146E+00  0.4315E-04  0.0000E+00  0.1907E-03
     1   210     1     1        0  0.0000E+00  0.1720E+02  0.1105E+04  0.1000E+03
     1   210     1     2        0  0.5607E+04  0.3105E-04  0.0000E+00  0.2191E-03
     1   210     1     3        0  0.1140E-01  0.1258E+02  0.0000E+00  0.6150E-10
     1   210     1     4        0  0.9561E+00  0.6503E-04  0.0000E+00  0.3343E-03
     1   210     1     5        0  0.1891E-01  0.5223E-01  0.0000E+00  0.6970E-09
     1   211     1     1        0  0.0000E+00  0.1242E+02  0.2049E+04  0.1000E+03
     1   211     1     2        0  0.1167E+05  0.1208E-04  0.0000E+00  0.8008E-03
     1   211     1     3        0  0.8459E-01  0.1722E+02  0.0000E+00  0.8550E-10
     1   211     1     4        0  0.2836E+01  0.1237E-03  0.0000E+00  0.6542E-03
     1   211     1     5        0  0.6981E-01  0.7247E-01  0.0000E+00  0.4613E-08
     1   212     1     1        0  0.0000E+00  0.1769E+02  0.9525E+03  0.1000E+03
     1   212     1     2        0  0.4447E+04  0.3431E-04  0.0000E+00  0.6967E-03
     1   212     1     3        0  0.2756E-01  0.1100E+02  0.0000E+00  0.2835E-09
     1   212     1     4        0  0.6778E+00  0.7883E-04  0.0000E+00  0.3309E-03
     1   212     1     5        0  0.1353E-01  0.4571E-01  0.0000E+00  0.1976E-08
     1   213     1     1        0  0.0000E+00  0.6317E+02  0.4762E+03  0.1000E+03
     1   213     1     2        0  0.1862E+04  0.3596E-03  0.0000E+00  0.1938E-04
     1   213     1     3        0  0.8316E-03  0.7737E+01  0.0000E+00  0.8936E-10
     1   213     1     4        0  0.2499E-01  0.6962E-05  0.0000E+00  0.9025E-05
