SUMMARY OF C0NVERGENCE INFORMATION
  STEP   INC  ATT   ITER     CONT.   RESID.        CORR.      RESID.      CORR.
                              EL.    FORCE         DISP       FLUX        TEMP.
                              (#)     (%)           (%)        (%)         (%)
     1     1     1     1        0  0.0000E+00  0.1000E-29  0.1082E+04  0.1000E+03
     1     1     1     2        0  0.4007E+04  0.1000E-29  0.0000E+00  0.4276E-06
     1     1     1     3        0  0.0000E+00  0.1000E+03  0.0000E+00  0.3474E-09
     1     2     1     1        0  0.0000E+00  0.7012E+02  0.2097E+04  0.1000E+03
     1     2     1     2        0  0.1139E+05  0.1072E-03  0.0000E+00  0.7735E-04
     1     2     1     3        0  0.9275E-01  0.7024E+02  0.0000E+00  0.1869E-09
     1     2     1     4        0  0.3034E+01  0.1200E-03  0.0000E+00  0.7067E-04
     1     2     1     5        0  0.8289E-01  0.1916E-02  0.0000E+00  0.2303E-09
     1     3     1     1        0  0.0000E+00  0.2413E+02  0.2771E+04  0.1000E+03
     1     3     1     2        0  0.1826E+05  0.5569E-04  0.0000E+00  0.9011E-04
     1     3     1     3        0  0.9056E-01  0.4616E+02  0.0000E+00  0.1196E-09
     1     3     1     4        0  0.3925E+01  0.7217E-04  0.0000E+00  0.1208E-03
     1     3     1     5        0  0.1224E+00  0.2408E-02  0.0000E+00  0.1796E-09
     1     4     1     1        0  0.0000E+00  0.2773E+02  0.3235E+04  0.1000E+03
     1     4     1     2        0  0.2405E+05  0.6023E-04  0.0000E+00  0.1864E-03
     1     4     1     3        0  0.1637E+00  0.2995E+02  0.0000E+00  0.1103E-09
     1     4     1     4        0  0.4509E+01  0.4501E-04  0.0000E+00  0.1719E-03
     1     4     1     5        0  0.1495E+00  0.2492E-02  0.0000E+00  0.3255E-09
     1     5     1     1        0  0.0000E+00  0.1183E+02  0.3569E+04  0.1000E+03
     1     5     1     2        0  0.2860E+05  0.2851E-04  0.0000E+00  0.1850E-03
     1     5     1     3        0  0.1417E+00  0.2158E+02  0.0000E+00  0.1019E-09
     1     5     1     4        0  0.4840E+01  0.5014E-04  0.0000E+00  0.2185E-03
     1     5     1     5        0  0.1660E+00  0.2573E-02  0.0000E+00  0.3936E-09
     1     6     1     1        0  0.0000E+00  0.1371E+02  0.3807E+04  0.1000E+03
     1     6     1     2        0  0.3168E+05  0.3798E-04  0.0000E+00  0.2789E-03
     1     6     1     3        0  0.1878E+00  0.1556E+02  0.0000E+00  0.7282E-10
     1     6     1     4        0  0.4960E+01  0.2050E-04  0.0000E+00  0.2591E-03
     1     6     1     5        0  0.1734E+00  0.2469E-02  0.0000E+00  0.6557E-09
     1     7     1     1        0  0.0000E+00  0.8188E+01  0.3968E+04  0.1000E+03
     1     7     1     2        0  0.3332E+05  0.2344E-04  0.0000E+00  0.2641E-03
     1     7     1     3        0  0.1566E+00  0.1246E+02  0.0000E+00  0.7660E-10
     1     7     1     4        0  0.4934E+01  0.1851E-04  0.0000E+00  0.2963E-03
     1     7     1     5        0  0.1742E+00  0.2493E-02  0.0000E+00  0.7062E-09
     1     8     1     1        0  0.0000E+00  0.8798E+01  0.4071E+04  0.1000E+03
     1     8     1     2        0  0.3374E+05  0.1734E-04  0.0000E+00  0.3535E-03
     1     8     1     3        0  0.1834E+00  0.1038E+02  0.0000E+00  0.8841E-10
     1     8     1     4        0  0.4803E+01  0.2104E-04  0.0000E+00  0.3300E-03
     1     8     1     5        0  0.1705E+00  0.2506E-02  0.0000E+00  0.1060E-08
     1     9     1     1        0  0.0000E+00  0.6180E+01  0.4125E+04  0.1000E+03
     1     9     1     2        0  0.3312E+05  0.1507E-04  0.0000E+00  0.3302E-03
     1     9     1     3        0  0.1512E+00  0.8946E+01  0.0000E+00  0.7966E-10
     1     9     1     4        0  0.4594E+01  0.1528E-04  0.0000E+00  0.3598E-03
     1     9     1     5        0  0.1633E+00  0.2501E-02  0.0000E+00  0.1055E-08
     1    10     1     1        0  0.0000E+00  0.7170E+01  0.4139E+04  0.1000E+03
     1    10     1     2        0  0.3176E+05  0.1641E-04  0.0000E+00  0.4117E-03
     1    10     1     3        0  0.1648E+00  0.7948E+01  0.0000E+00  0.6051E-10
     1    10     1     4        0  0.4331E+01  0.2016E-04  0.0000E+00  0.3854E-03
     1    10     1     5        0  0.1538E+00  0.2481E-02  0.0000E+00  0.1420E-08
     1    11     1     1        0  0.0000E+00  0.5589E+01  0.4119E+04  0.1000E+03
     1    11     1     2        0  0.2996E+05  0.1558E-04  0.0000E+00  0.3808E-03
     1    11     1     3        0  0.1348E+00  0.7375E+01  0.0000E+00  0.5740E-10
     1    11     1     4        0  0.4036E+01  0.1741E-04  0.0000E+00  0.4067E-03
     1    11     1     5        0  0.1429E+00  0.2486E-02  0.0000E+00  0.1389E-08
     1    12     1     1        0  0.0000E+00  0.6433E+01  0.4069E+04  0.1000E+03
     1    12     1     2        0  0.2792E+05  0.1168E-04  0.0000E+00  0.4518E-03
     1    12     1     3        0  0.1404E+00  0.6986E+01  0.0000E+00  0.5370E-10
     1    12     1     4        0  0.3722E+01  0.1703E-04  0.0000E+00  0.4234E-03
     1    12     1     5        0  0.1312E+00  0.2461E-02  0.0000E+00  0.1716E-08
     1    13     1     1        0  0.0000E+00  0.6348E+01  0.3992E+04  0.1000E+03
     1    13     1     2        0  0.2577E+05  0.1790E-04  0.0000E+00  0.4125E-03
     1    13     1     3        0  0.1139E+00  0.6794E+01  0.0000E+00  0.5651E-10
     1    13     1     4        0  0.3398E+01  0.1843E-04  0.0000E+00  0.4342E-03
     1    13     1     5        0  0.1191E+00  0.2420E-02  0.0000E+00  0.1607E-08
     1    14     1     1        0  0.0000E+00  0.7546E+01  0.3890E+04  0.1000E+03
     1    14     1     2        0  0.2360E+05  0.1404E-04  0.0000E+00  0.4656E-03
     1    14     1     3        0  0.1144E+00  0.6768E+01  0.0000E+00  0.5853E-10
     1    14     1     4        0  0.3072E+01  0.1384E-04  0.0000E+00  0.4360E-03
     1    14     1     5        0  0.1069E+00  0.2366E-02  0.0000E+00  0.1851E-08
     1    15     1     1        0  0.0000E+00  0.8288E+01  0.3765E+04  0.1000E+03
     1    15     1     2        0  0.2148E+05  0.2511E-04  0.0000E+00  0.4162E-03
     1    15     1     3        0  0.9192E-01  0.6952E+01  0.0000E+00  0.5558E-10
     1    15     1     4        0  0.2750E+01  0.1573E-04  0.0000E+00  0.4330E-03
     1    15     1     5        0  0.9494E-01  0.2321E-02  0.0000E+00  0.1661E-08
     1    16     1     1        0  0.0000E+00  0.9537E+01  0.3619E+04  0.1000E+03
     1    16     1     2        0  0.1944E+05  0.1455E-04  0.0000E+00  0.4554E-03
     1    16     1     3        0  0.8937E-01  0.7252E+01  0.0000E+00  0.5297E-10
     1    16     1     4        0  0.2436E+01  0.1595E-04  0.0000E+00  0.4252E-03
     1    16     1     5        0  0.8330E-01  0.2254E-02  0.0000E+00  0.1827E-08
     1    17     1     1        0  0.0000E+00  0.1085E+02  0.3452E+04  0.1000E+03
     1    17     1     2        0  0.1748E+05  0.4876E-04  0.0000E+00  0.4003E-03
     1    17     1     3        0  0.7040E-01  0.7736E+01  0.0000E+00  0.8068E-10
     1    17     1     4        0  0.2132E+01  0.1939E-04  0.0000E+00  0.4127E-03
     1    17     1     5        0  0.7212E-01  0.2189E-02  0.0000E+00  0.1559E-08
     1    18     1     1        0  0.0000E+00  0.1220E+02  0.3265E+04  0.1000E+03
     1    18     1     2        0  0.1562E+05  0.4932E-04  0.0000E+00  0.4258E-03
     1    18     1     3        0  0.6628E-01  0.8451E+01  0.0000E+00  0.7048E-10
     1    18     1     4        0  0.1841E+01  0.1796E-04  0.0000E+00  0.3955E-03
     1    18     1     5        0  0.6149E-01  0.2142E-02  0.0000E+00  0.1639E-08
     1    19     1     1        0  0.0000E+00  0.1344E+02  0.3057E+04  0.1000E+03
     1    19     1     2        0  0.1385E+05  0.2078E-04  0.0000E+00  0.3657E-03
     1    19     1     3        0  0.5065E-01  0.9398E+01  0.0000E+00  0.6213E-10
     1    19     1     4        0  0.1565E+01  0.1663E-04  0.0000E+00  0.3740E-03
     1    19     1     5        0  0.5148E-01  0.2109E-02  0.0000E+00  0.1359E-08
     1    20     1     1        0  0.0000E+00  0.1504E+02  0.2831E+04  0.1000E+03
     1    20     1     2        0  0.1215E+05  0.3287E-04  0.0000E+00  0.3785E-03
     1    20     1     3        0  0.4586E-01  0.1050E+02  0.0000E+00  0.6150E-10
     1    20     1     4        0  0.1306E+01  0.1666E-04  0.0000E+00  0.3483E-03
     1    20     1     5        0  0.4222E-01  0.2062E-02  0.0000E+00  0.1346E-08
     1    21     1     1        0  0.0000E+00  0.1637E+02  0.2584E+04  0.1000E+03
     1    21     1     2        0  0.1053E+05  0.7799E-04  0.0000E+00  0.3140E-03
     1    21     1     3        0  0.3336E-01  0.1180E+02  0.0000E+00  0.7958E-10
     1    21     1     4        0  0.1066E+01  0.1836E-04  0.0000E+00  0.3188E-03
     1    21     1     5        0  0.3371E-01  0.2012E-02  0.0000E+00  0.1044E-08
     1    22     1     1        0  0.0000E+00  0.1715E+02  0.2319E+04  0.1000E+03
     1    22     1     2        0  0.8974E+04  0.6538E-04  0.0000E+00  0.3153E-03
     1    22     1     3        0  0.2871E-01  0.1315E+02  0.0000E+00  0.6743E-10
     1    22     1     4        0  0.8471E+00  0.2023E-04  0.0000E+00  0.2856E-03
     1    22     1     5        0  0.2605E-01  0.1923E-02  0.0000E+00  0.9760E-09
     1    23     1     1        0  0.0000E+00  0.1691E+02  0.2034E+04  0.1000E+03
     1    23     1     2        0  0.7487E+04  0.3813E-04  0.0000E+00  0.2415E-03
     1    23     1     3        0  0.1925E-01  0.1411E+02  0.0000E+00  0.7219E-10
     1    23     1     4        0  0.6503E+00  0.1766E-04  0.0000E+00  0.2438E-03
     1    23     1     5        0  0.1930E-01  0.1720E-02  0.0000E+00  0.6568E-09
     1    24     1     1        0  0.0000E+00  0.1643E+02  0.1730E+04  0.1000E+03
     1    24     1     2        0  0.6063E+04  0.5458E-04  0.0000E+00  0.2280E-03
     1    24     1     3        0  0.1527E-01  0.1411E+02  0.0000E+00  0.6854E-10
     1    24     1     4        0  0.4776E+00  0.2899E-04  0.0000E+00  0.1990E-03
     1    25     1     1        0  0.0000E+00  0.1416E+02  0.1408E+04  0.1000E+03
     1    25     1     2        0  0.4696E+04  0.4194E-04  0.0000E+00  0.1526E-03
     1    25     1     3        0  0.8796E-02  0.1328E+02  0.0000E+00  0.8222E-10
     1    25     1     4        0  0.3304E+00  0.1975E-04  0.0000E+00  0.1530E-03
     1    26     1     1        0  0.0000E+00  0.1637E+02  0.9415E+03  0.1000E+03
     1    26     1     2        0  0.4184E+04  0.8779E-05  0.0000E+00  0.1904E-03
     1    26     1     3        0  0.1164E-01  0.1475E+02  0.0000E+00  0.9578E-10
     1    26     1     4        0  0.4920E+00  0.3458E-04  0.0000E+00  0.1256E-03
     1    27     1     1        0  0.0000E+00  0.2025E+02  0.2751E+03  0.1000E+03
     1    27     1     2        0  0.1871E+04  0.2760E-03  0.0000E+00  0.3652E-04
     1    27     1     3        0  0.1564E-02  0.8606E+01  0.0000E+00  0.1049E-09
     1    27     1     4        0  0.1933E+00  0.8349E-04  0.0000E+00  0.2505E-04
     1    28     1     1        0  0.0000E+00  0.4397E+02  0.7558E+03  0.1000E+03
     1    28     1     2        0  0.7116E+04  0.2274E-02  0.0000E+00  0.3583E-03
     1    28     1     3        0  0.2212E-01  0.3879E+02  0.0000E+00  0.2185E-08
     1    28     1     4        0  0.1716E+01  0.1102E-02  0.0000E+00  0.2856E-03
     1    28     1     5        0  0.2079E-01  0.2446E-01  0.0000E+00  0.9605E-09
     1    29     1     1        0  0.0000E+00  0.1564E+02  0.1934E+04  0.1000E+03
     1    29     1     2        0  0.1726E+05  0.1595E-02  0.0000E+00  0.1189E-02
     1    29     1     3        0  0.2082E+00  0.6024E+02  0.0000E+00  0.1964E-08
     1    29     1     4        0  0.1016E+02  0.1811E-02  0.0000E+00  0.7780E-03
     1    29     1     5        0  0.1339E+00  0.8433E-01  0.0000E+00  0.9443E-08
     1    30     1     1        0  0.0000E+00  0.1781E+02  0.2810E+04  0.1000E+03
     1    30     1     2        0  0.2444E+05  0.1078E-03  0.0000E+00  0.6687E-03
     1    30     1     3        0  0.1595E+00  0.2862E+02  0.0000E+00  0.1035E-08
     1    30     1     4        0  0.2201E+02  0.9476E-03  0.2983E-01  0.1158E-02
     1    30     1     5        0  0.2884E+00  0.7691E-01  0.0000E+00  0.7469E-08
     1    31     1     1        0  0.0000E+00  0.2766E+02  0.3268E+04  0.1000E+03
     1    31     1     2        0  0.2855E+05  0.4872E-03  0.5831E-01  0.1966E-02
     1    31     1     3        0  0.5751E+00  0.2358E+02  0.0000E+00  0.4810E-08
     1    31     1     4        0  0.3194E+02  0.1285E-02  0.4137E-01  0.1402E-02
     1    31     1     5        0  0.4079E+00  0.9381E-01  0.0000E+00  0.2717E-07
     1    32     1     1        0  0.0000E+00  0.3489E+02  0.3275E+04  0.1000E+03
     1    32     1     2        0  0.2940E+05  0.7267E-03  0.3092E-01  0.1056E-02
     1    32     1     3        0  0.3125E+00  0.2597E+02  0.0000E+00  0.6037E-08
     1    32     1     4        0  0.3511E+02  0.7717E-03  0.4280E-01  0.1426E-02
     1    32     1     5        0  0.4324E+00  0.1276E+00  0.0000E+00  0.1443E-07
     1    33     1     1        0  0.0000E+00  0.4404E+02  0.2857E+04  0.1000E+03
     1    33     1     2        0  0.2667E+05  0.1062E-02  0.5109E-01  0.1918E-02
     1    33     1     3        0  0.5271E+00  0.3315E+02  0.0000E+00  0.6092E-08
     1    33     1     4        0  0.2982E+02  0.1837E-02  0.3374E-01  0.1269E-02
     1    33     1     5        0  0.3480E+00  0.1809E+00  0.0000E+00  0.2461E-07
     1    34     1     1        0  0.0000E+00  0.4711E+02  0.2082E+04  0.1000E+03
     1    34     1     2        0  0.2025E+05  0.6563E-03  0.0000E+00  0.6426E-03
     1    34     1     3        0  0.1307E+00  0.4358E+02  0.0000E+00  0.2955E-08
     1    34     1     4        0  0.1870E+02  0.1182E-02  0.0000E+00  0.9473E-03
     1    34     1     5        0  0.1966E+00  0.2480E+00  0.0000E+00  0.6371E-08
     1    35     1     1        0  0.0000E+00  0.3831E+02  0.1135E+04  0.1000E+03
     1    35     1     2        0  0.1051E+05  0.5524E-03  0.0000E+00  0.9681E-03
     1    35     1     3        0  0.1318E+00  0.3501E+02  0.0000E+00  0.1416E-08
     1    35     1     4        0  0.7080E+01  0.6870E-03  0.0000E+00  0.3998E-03
     1    35     1     5        0  0.5552E-01  0.1984E+00  0.0000E+00  0.5358E-08
     1    36     1     1        0  0.0000E+00  0.3139E+02  0.3688E+03  0.1000E+03
     1    36     1     2        0  0.3808E+04  0.1442E-02  0.0000E+00  0.6174E-04
     1    36     1     3        0  0.3611E-02  0.9848E+01  0.0000E+00  0.3940E-09
     1    36     1     4        0  0.4520E+00  0.8987E-04  0.0000E+00  0.2398E-04
     1    37     1     1        0  0.0000E+00  0.6403E+02  0.6856E+03  0.1000E+03
     1    37     1     2        0  0.6709E+04  0.3569E-02  0.0000E+00  0.1294E-03
     1    37     1     3        0  0.6390E-02  0.5834E+02  0.0000E+00  0.2759E-08
     1    37     1     4        0  0.1974E+01  0.2271E-02  0.0000E+00  0.3354E-03
     1    37     1     5        0  0.2463E-01  0.2981E+00  0.0000E+00  0.1475E-08
     1    38     1     1        0  0.0000E+00  0.1187E+02  0.1714E+04  0.1000E+03
     1    38     1     2        0  0.1717E+05  0.8910E-03  0.0000E+00  0.1171E-02
     1    38     1     3        0  0.1942E+00  0.4660E+02  0.0000E+00  0.1556E-08
     1    38     1     4        0  0.1094E+02  0.1116E-02  0.0000E+00  0.8572E-03
     1    38     1     5        0  0.1440E+00  0.2548E+00  0.0000E+00  0.9863E-08
     1    39     1     1        0  0.0000E+00  0.2012E+02  0.2492E+04  0.1000E+03
     1    39     1     2        0  0.2484E+05  0.4445E-03  0.0000E+00  0.7352E-03
     1    39     1     3        0  0.1821E+00  0.2670E+02  0.0000E+00  0.2485E-08
     1    39     1     4        0  0.2292E+02  0.6512E-03  0.2778E-01  0.1216E-02
     1    39     1     5        0  0.2991E+00  0.1540E+00  0.0000E+00  0.8837E-08
     1    40     1     1        0  0.0000E+00  0.2858E+02  0.2882E+04  0.1000E+03
     1    40     1     2        0  0.2888E+05  0.1030E-02  0.5391E-01  0.2064E-02
     1    40     1     3        0  0.5867E+00  0.2372E+02  0.0000E+00  0.7433E-08
     1    40     1     4        0  0.3173E+02  0.8536E-03  0.3729E-01  0.1434E-02
     1    40     1     5        0  0.4058E+00  0.1382E+00  0.0000E+00  0.2855E-07
     1    41     1     1        0  0.0000E+00  0.3638E+02  0.2849E+04  0.1000E+03
     1    41     1     2        0  0.2886E+05  0.1065E-02  0.2443E-01  0.9384E-03
     1    41     1     3        0  0.2673E+00  0.2659E+02  0.0000E+00  0.7717E-08
     1    41     1     4        0  0.3280E+02  0.8398E-03  0.3727E-01  0.1429E-02
     1    41     1     5        0  0.4076E+00  0.1505E+00  0.0000E+00  0.1301E-07
     1    42     1     1        0  0.0000E+00  0.4493E+02  0.2439E+04  0.1000E+03
     1    42     1     2        0  0.2479E+05  0.9872E-03  0.4727E-01  0.2084E-02
     1    42     1     3        0  0.5157E+00  0.3444E+02  0.0000E+00  0.5372E-08
     1    42     1     4        0  0.2577E+02  0.9208E-03  0.2795E-01  0.1242E-02
     1    42     1     5        0  0.3049E+00  0.1868E+00  0.0000E+00  0.2581E-07
     1    43     1     1        0  0.0000E+00  0.4733E+02  0.1762E+04  0.1000E+03
     1    43     1     2        0  0.1710E+05  0.1265E-02  0.0000E+00  0.3589E-03
     1    43     1     3        0  0.6129E-01  0.4335E+02  0.0000E+00  0.3493E-08
     1    43     1     4        0  0.1438E+02  0.7958E-03  0.0000E+00  0.8631E-03
     1    43     1     5        0  0.1528E+00  0.2228E+00  0.0000E+00  0.3560E-08
     1    44     1     1        0  0.0000E+00  0.3823E+02  0.8520E+03  0.1000E+03
     1    44     1     2        0  0.6610E+04  0.7374E-03  0.0000E+00  0.1121E-02
     1    44     1     3        0  0.1135E+00  0.3115E+02  0.0000E+00  0.1477E-08
     1    44     1     4        0  0.4203E+01  0.8132E-03  0.0000E+00  0.2913E-03
     1    44     1     5        0  0.3058E-01  0.1479E+00  0.0000E+00  0.5297E-08
     1    45     1     1        0  0.0000E+00  0.3376E+02  0.5542E+03  0.1000E+03
     1    45     1     2        0  0.5641E+04  0.1296E-02  0.0000E+00  0.7297E-04
     1    45     1     3        0  0.6798E-02  0.1003E+01  0.0000E+00  0.1897E-09
     1    45     1     4        0  0.8102E-02  0.1308E-03  0.0000E+00  0.2281E-04
     1    46     1     1        0  0.0000E+00  0.1000E+03  0.8571E+03  0.1000E+03
     1    46     1     2        0  0.7868E+04  0.8416E-02  0.0000E+00  0.3850E-03
     1    46     1     3        0  0.3098E-01  0.1000E+03  0.0000E+00  0.2406E-08
     1    46     1     4        0  0.3550E+01  0.3844E-02  0.0000E+00  0.4217E-03
     1    46     1     5        0  0.3542E-01  0.4353E+00  0.0000E+00  0.2783E-08
     1    47     1     1        0  0.0000E+00  0.1239E+02  0.1767E+04  0.1000E+03
     1    47     1     2        0  0.1697E+05  0.4336E-03  0.0000E+00  0.9850E-03
     1    47     1     3        0  0.1618E+00  0.3899E+02  0.0000E+00  0.6818E-09
     1    47     1     4        0  0.1308E+02  0.1042E-02  0.0000E+00  0.9321E-03
     1    47     1     5        0  0.1536E+00  0.2040E+00  0.0000E+00  0.9063E-08
     1    48     1     1        0  0.0000E+00  0.2276E+02  0.2425E+04  0.1000E+03
     1    48     1     2        0  0.2342E+05  0.4494E-03  0.0000E+00  0.1006E-02
     1    48     1     3        0  0.2292E+00  0.2661E+02  0.0000E+00  0.3090E-08
     1    48     1     4        0  0.2427E+02  0.4306E-03  0.2817E-01  0.1273E-02
     1    48     1     5        0  0.2909E+00  0.1699E+00  0.0000E+00  0.1246E-07
     1    49     1     1        0  0.0000E+00  0.3007E+02  0.2735E+04  0.1000E+03
     1    49     1     2        0  0.2658E+05  0.6375E-03  0.4794E-01  0.1949E-02
     1    49     1     3        0  0.5004E+00  0.2496E+02  0.0000E+00  0.6379E-08
     1    49     1     4        0  0.3181E+02  0.6827E-03  0.3602E-01  0.1466E-02
     1    49     1     5        0  0.3759E+00  0.1844E+00  0.0000E+00  0.2754E-07
     1    50     1     1        0  0.0000E+00  0.3716E+02  0.2674E+04  0.1000E+03
     1    50     1     2        0  0.2612E+05  0.9966E-03  0.2550E-01  0.1063E-02
     1    50     1     3        0  0.2691E+00  0.2814E+02  0.0000E+00  0.6930E-08
     1    50     1     4        0  0.3195E+02  0.8692E-03  0.3458E-01  0.1429E-02
     1    50     1     5        0  0.3648E+00  0.2258E+00  0.0000E+00  0.1462E-07
     1    51     1     1        0  0.0000E+00  0.4321E+02  0.2281E+04  0.1000E+03
     1    51     1     2        0  0.2205E+05  0.1278E-02  0.4069E-01  0.1984E-02
     1    51     1     3        0  0.4328E+00  0.3490E+02  0.0000E+00  0.6344E-08
     1    51     1     4        0  0.2469E+02  0.1495E-02  0.2476E-01  0.1216E-02
     1    51     1     5        0  0.2633E+00  0.2903E+00  0.0000E+00  0.2404E-07
     1    52     1     1        0  0.0000E+00  0.4334E+02  0.1603E+04  0.1000E+03
     1    52     1     2        0  0.1467E+05  0.9965E-03  0.0000E+00  0.3675E-03
     1    52     1     3        0  0.5212E-01  0.3842E+02  0.0000E+00  0.3487E-08
     1    52     1     4        0  0.1361E+02  0.7533E-03  0.0000E+00  0.7939E-03
     1    52     1     5        0  0.1238E+00  0.3203E+00  0.0000E+00  0.3318E-08
     1    53     1     1        0  0.0000E+00  0.3688E+02  0.7195E+03  0.1000E+03
     1    53     1     2        0  0.4738E+04  0.8683E-03  0.0000E+00  0.9901E-03
     1    53     1     3        0  0.8313E-01  0.2649E+02  0.0000E+00  0.2116E-08
     1    53     1     4        0  0.3892E+01  0.4167E-03  0.0000E+00  0.2263E-03
     1    53     1     5        0  0.1916E-01  0.2156E+00  0.0000E+00  0.4033E-08
     1    54     1     1        0  0.0000E+00  0.3938E+02  0.5305E+03  0.1000E+03
     1    54     1     2        0  0.5543E+04  0.1642E-02  0.0000E+00  0.1067E-03
     1    54     1     3        0  0.9238E-02  0.1077E+01  0.0000E+00  0.2680E-09
     1    54     1     4        0  0.4485E-02  0.1260E-03  0.0000E+00  0.3157E-04
     1    55     1     1        0  0.0000E+00  0.7867E+02  0.8828E+03  0.1000E+03
     1    55     1     2        0  0.8187E+04  0.7403E-02  0.0000E+00  0.7387E-03
     1    55     1     3        0  0.6241E-01  0.1000E+03  0.0000E+00  0.2700E-08
     1    55     1     4        0  0.3669E+01  0.3060E-02  0.0000E+00  0.4954E-03
     1    55     1     5        0  0.4236E-01  0.7459E+00  0.0000E+00  0.4311E-08
     1    56     1     1        0  0.0000E+00  0.1435E+02  0.1711E+04  0.1000E+03
     1    56     1     2        0  0.1701E+05  0.1659E-03  0.0000E+00  0.7457E-03
     1    56     1     3        0  0.1218E+00  0.3475E+02  0.0000E+00  0.1789E-09
     1    56     1     4        0  0.1304E+02  0.9646E-03  0.0000E+00  0.9858E-03
     1    56     1     5        0  0.1619E+00  0.2710E+00  0.0000E+00  0.7192E-08
     1    57     1     1        0  0.0000E+00  0.2386E+02  0.2283E+04  0.1000E+03
     1    57     1     2        0  0.2309E+05  0.8007E-03  0.2816E-01  0.1364E-02
     1    57     1     3        0  0.3037E+00  0.2593E+02  0.0000E+00  0.4450E-08
     1    57     1     4        0  0.2340E+02  0.8594E-03  0.2698E-01  0.1306E-02
     1    57     1     5        0  0.2909E+00  0.2084E+00  0.0000E+00  0.1752E-07
     1    58     1     1        0  0.0000E+00  0.3106E+02  0.2533E+04  0.1000E+03
     1    58     1     2        0  0.2573E+05  0.8070E-03  0.3629E-01  0.1621E-02
     1    58     1     3        0  0.3937E+00  0.2513E+02  0.0000E+00  0.6732E-08
     1    58     1     4        0  0.2947E+02  0.9529E-03  0.3319E-01  0.1473E-02
     1    58     1     5        0  0.3601E+00  0.2017E+00  0.0000E+00  0.2283E-07
     1    59     1     1        0  0.0000E+00  0.3798E+02  0.2440E+04  0.1000E+03
     1    59     1     2        0  0.2461E+05  0.1296E-02  0.3040E-01  0.1402E-02
     1    59     1     3        0  0.3307E+00  0.2873E+02  0.0000E+00  0.8160E-08
     1    59     1     4        0  0.2816E+02  0.1363E-02  0.3061E-01  0.1405E-02
     1    59     1     5        0  0.3329E+00  0.2244E+00  0.0000E+00  0.1919E-07
     1    60     1     1        0  0.0000E+00  0.4388E+02  0.2028E+04  0.1000E+03
     1    60     1     2        0  0.1986E+05  0.1194E-02  0.2766E-01  0.1572E-02
     1    60     1     3        0  0.3004E+00  0.3529E+02  0.0000E+00  0.5841E-08
     1    60     1     4        0  0.2032E+02  0.1215E-02  0.0000E+00  0.1166E-02
     1    60     1     5        0  0.2246E+00  0.2647E+00  0.0000E+00  0.1814E-07
     1    61     1     1        0  0.0000E+00  0.4371E+02  0.1349E+04  0.1000E+03
     1    61     1     2        0  0.1198E+05  0.9516E-03  0.0000E+00  0.6128E-03
     1    61     1     3        0  0.8129E-01  0.3738E+02  0.0000E+00  0.3104E-08
     1    61     1     4        0  0.9913E+01  0.1097E-02  0.0000E+00  0.6990E-03
     1    61     1     5        0  0.9267E-01  0.2658E+00  0.0000E+00  0.5047E-08
     1    62     1     1        0  0.0000E+00  0.3818E+02  0.4861E+03  0.1000E+03
     1    62     1     2        0  0.4414E+04  0.1173E-02  0.0000E+00  0.4649E-03
     1    62     1     3        0  0.3327E-01  0.2278E+02  0.0000E+00  0.2025E-08
     1    62     1     4        0  0.1974E+01  0.3274E-03  0.0000E+00  0.1056E-03
     1    62     1     5        0  0.7064E-02  0.1521E+00  0.0000E+00  0.1546E-08
     1    63     1     1        0  0.0000E+00  0.4808E+02  0.5828E+03  0.1000E+03
     1    63     1     2        0  0.6095E+04  0.3057E-02  0.0000E+00  0.1032E-03
     1    63     1     3        0  0.8836E-02  0.1751E+02  0.0000E+00  0.5851E-09
     1    63     1     4        0  0.2539E+00  0.7865E-03  0.0000E+00  0.3684E-04
     1    64     1     1        0  0.0000E+00  0.1500E+02  0.1027E+04  0.1000E+03
     1    64     1     2        0  0.9307E+04  0.1843E-02  0.0000E+00  0.6587E-03
     1    64     1     3        0  0.6026E-01  0.7156E+02  0.0000E+00  0.1828E-08
     1    64     1     4        0  0.5470E+01  0.2963E-02  0.0000E+00  0.5876E-03
     1    64     1     5        0  0.5531E-01  0.4638E+00  0.0000E+00  0.4947E-08
     1    65     1     1        0  0.0000E+00  0.1809E+02  0.1784E+04  0.1000E+03
     1    65     1     2        0  0.1720E+05  0.5704E-04  0.0000E+00  0.9184E-03
     1    65     1     3        0  0.1515E+00  0.3273E+02  0.0000E+00  0.5778E-09
     1    65     1     4        0  0.1524E+02  0.9870E-03  0.0000E+00  0.1052E-02
     1    65     1     5        0  0.1740E+00  0.2415E+00  0.0000E+00  0.9546E-08
     1    66     1     1        0  0.0000E+00  0.2576E+02  0.2286E+04  0.1000E+03
     1    66     1     2        0  0.2244E+05  0.4365E-03  0.2804E-01  0.1385E-02
     1    66     1     3        0  0.2971E+00  0.2643E+02  0.0000E+00  0.3902E-08
     1    66     1     4        0  0.2503E+02  0.8691E-03  0.2743E-01  0.1351E-02
     1    66     1     5        0  0.2906E+00  0.2215E+00  0.0000E+00  0.1829E-07
     1    67     1     1        0  0.0000E+00  0.3211E+02  0.2477E+04  0.1000E+03
     1    67     1     2        0  0.2443E+05  0.9735E-03  0.3530E-01  0.1637E-02
     1    67     1     3        0  0.3764E+00  0.2632E+02  0.0000E+00  0.7165E-08
     1    67     1     4        0  0.3009E+02  0.1086E-02  0.3223E-01  0.1486E-02
     1    67     1     5        0  0.3437E+00  0.2407E+00  0.0000E+00  0.2335E-07
     1    68     1     1        0  0.0000E+00  0.3803E+02  0.2341E+04  0.1000E+03
     1    68     1     2        0  0.2291E+05  0.1393E-02  0.2934E-01  0.1440E-02
     1    68     1     3        0  0.3148E+00  0.2978E+02  0.0000E+00  0.8193E-08
     1    68     1     4        0  0.2794E+02  0.1155E-02  0.2851E-01  0.1391E-02
     1    68     1     5        0  0.3058E+00  0.2848E+00  0.0000E+00  0.1950E-07
     1    69     1     1        0  0.0000E+00  0.4217E+02  0.1905E+04  0.1000E+03
     1    69     1     2        0  0.1802E+05  0.1216E-02  0.2356E-01  0.1465E-02
     1    69     1     3        0  0.2536E+00  0.3453E+02  0.0000E+00  0.6016E-08
     1    69     1     4        0  0.1969E+02  0.9948E-03  0.0000E+00  0.1128E-02
     1    69     1     5        0  0.1968E+00  0.3340E+00  0.0000E+00  0.1637E-07
     1    70     1     1        0  0.0000E+00  0.4128E+02  0.1223E+04  0.1000E+03
     1    70     1     2        0  0.1023E+05  0.7803E-03  0.0000E+00  0.6380E-03
     1    70     1     3        0  0.7496E-01  0.3371E+02  0.0000E+00  0.3214E-08
     1    70     1     4        0  0.9349E+01  0.8484E-03  0.0000E+00  0.6237E-03
     1    70     1     5        0  0.7370E-01  0.3213E+00  0.0000E+00  0.4701E-08
     1    71     1     1        0  0.0000E+00  0.3914E+02  0.4647E+03  0.1000E+03
     1    71     1     2        0  0.4958E+04  0.1384E-02  0.0000E+00  0.2265E-03
     1    71     1     3        0  0.1669E-01  0.2027E+02  0.0000E+00  0.1685E-08
     1    71     1     4        0  0.1734E+01  0.7476E-03  0.0000E+00  0.3874E-04
     1    71     1     5        0  0.2281E-02  0.1879E+00  0.0000E+00  0.9479E-09
     1    72     1     1        0  0.0000E+00  0.5970E+02  0.5347E+03  0.1000E+03
     1    72     1     2        0  0.5675E+04  0.2470E-02  0.0000E+00  0.1722E-03
     1    72     1     3        0  0.1372E-01  0.2364E+02  0.0000E+00  0.9579E-09
     1    72     1     4        0  0.3303E+00  0.8478E-03  0.0000E+00  0.3689E-04
     1    73     1     1        0  0.0000E+00  0.1032E+02  0.1055E+04  0.1000E+03
     1    73     1     2        0  0.9825E+04  0.1148E-02  0.0000E+00  0.8158E-03
     1    73     1     3        0  0.7791E-01  0.5546E+02  0.0000E+00  0.1570E-08
     1    73     1     4        0  0.5690E+01  0.2165E-02  0.0000E+00  0.6598E-03
     1    73     1     5        0  0.6454E-01  0.4817E+00  0.0000E+00  0.6109E-08
     1    74     1     1        0  0.0000E+00  0.1942E+02  0.1751E+04  0.1000E+03
     1    74     1     2        0  0.1731E+05  0.2062E-03  0.0000E+00  0.8516E-03
     1    74     1     3        0  0.1408E+00  0.3084E+02  0.0000E+00  0.1329E-08
     1    74     1     4        0  0.1515E+02  0.7055E-03  0.0000E+00  0.1099E-02
     1    74     1     5        0  0.1825E+00  0.2783E+00  0.0000E+00  0.9227E-08
     1    75     1     1        0  0.0000E+00  0.2667E+02  0.2194E+04  0.1000E+03
     1    75     1     2        0  0.2209E+05  0.8266E-03  0.3064E-01  0.1579E-02
     1    75     1     3        0  0.3316E+00  0.2620E+02  0.0000E+00  0.5354E-08
     1    75     1     4        0  0.2397E+02  0.6451E-03  0.2672E-01  0.1375E-02
     1    75     1     5        0  0.2892E+00  0.2416E+00  0.0000E+00  0.2124E-07
     1    76     1     1        0  0.0000E+00  0.3287E+02  0.2334E+04  0.1000E+03
     1    76     1     2        0  0.2354E+05  0.1068E-02  0.2926E-01  0.1446E-02
     1    76     1     3        0  0.3179E+00  0.2659E+02  0.0000E+00  0.7719E-08
     1    76     1     4        0  0.2768E+02  0.9471E-03  0.3015E-01  0.1479E-02
     1    76     1     5        0  0.3275E+00  0.2439E+00  0.0000E+00  0.2047E-07
     1    77     1     1        0  0.0000E+00  0.3865E+02  0.2162E+04  0.1000E+03
     1    77     1     2        0  0.2145E+05  0.1179E-02  0.3051E-01  0.1629E-02
     1    77     1     3        0  0.3318E+00  0.3013E+02  0.0000E+00  0.6815E-08
     1    77     1     4        0  0.2446E+02  0.1331E-02  0.2551E-01  0.1356E-02
     1    77     1     5        0  0.2774E+00  0.2689E+00  0.0000E+00  0.2159E-07
     1    78     1     1        0  0.0000E+00  0.4263E+02  0.1703E+04  0.1000E+03
     1    78     1     2        0  0.1607E+05  0.1063E-02  0.0000E+00  0.1167E-02
     1    78     1     3        0  0.1797E+00  0.3440E+02  0.0000E+00  0.5396E-08
     1    78     1     4        0  0.1604E+02  0.6432E-03  0.0000E+00  0.1069E-02
     1    78     1     5        0  0.1659E+00  0.2944E+00  0.0000E+00  0.1234E-07
     1    79     1     1        0  0.0000E+00  0.4217E+02  0.1018E+04  0.1000E+03
     1    79     1     2        0  0.7998E+04  0.9373E-03  0.0000E+00  0.7930E-03
     1    79     1     3        0  0.7813E-01  0.3227E+02  0.0000E+00  0.3364E-08
     1    79     1     4        0  0.6591E+01  0.6481E-03  0.0000E+00  0.5212E-03
     1    79     1     5        0  0.5226E-01  0.2619E+00  0.0000E+00  0.5253E-08
     1    80     1     1        0  0.0000E+00  0.4219E+02  0.4287E+03  0.1000E+03
     1    80     1     2        0  0.4574E+04  0.1723E-02  0.0000E+00  0.4228E-04
     1    80     1     3        0  0.2863E-02  0.1574E+02  0.0000E+00  0.1109E-08
     1    80     1     4        0  0.6610E+00  0.1045E-03  0.0000E+00  0.4413E-04
     1    80     1     5        0  0.2405E-02  0.1222E+00  0.0000E+00  0.1802E-09
     1    81     1     1        0  0.0000E+00  0.1000E+03  0.5681E+03  0.1000E+03
     1    81     1     2        0  0.6007E+04  0.6005E-02  0.0000E+00  0.1139E-03
     1    81     1     3        0  0.8334E-02  0.1000E+03  0.0000E+00  0.1167E-08
     1    81     1     4        0  0.1065E+01  0.3724E-02  0.0000E+00  0.1031E-03
     1    81     1     5        0  0.5643E-02  0.7142E+00  0.0000E+00  0.6475E-09
     1    82     1     1        0  0.0000E+00  0.1088E+02  0.1176E+04  0.1000E+03
     1    82     1     2        0  0.1089E+05  0.4288E-03  0.0000E+00  0.8194E-03
     1    82     1     3        0  0.8617E-01  0.4504E+02  0.0000E+00  0.7618E-09
     1    82     1     4        0  0.7573E+01  0.7749E-03  0.0000E+00  0.7410E-03
     1    82     1     5        0  0.7924E-01  0.3495E+00  0.0000E+00  0.6065E-08
     1    83     1     1        0  0.0000E+00  0.2191E+02  0.1815E+04  0.1000E+03
     1    83     1     2        0  0.1767E+05  0.1268E-03  0.0000E+00  0.9387E-03
     1    83     1     3        0  0.1580E+00  0.3031E+02  0.0000E+00  0.1537E-08
     1    83     1     4        0  0.1722E+02  0.3476E-03  0.0000E+00  0.1157E-02
     1    83     1     5        0  0.1956E+00  0.2618E+00  0.0000E+00  0.1066E-07
     1    84     1     1        0  0.0000E+00  0.2807E+02  0.2202E+04  0.1000E+03
     1    84     1     2        0  0.2179E+05  0.3614E-03  0.3195E-01  0.1664E-02
     1    84     1     3        0  0.3422E+00  0.2694E+02  0.0000E+00  0.4189E-08
     1    84     1     4        0  0.2545E+02  0.6126E-03  0.2718E-01  0.1411E-02
     1    84     1     5        0  0.2911E+00  0.2556E+00  0.0000E+00  0.2287E-07
     1    85     1     1        0  0.0000E+00  0.3351E+02  0.2292E+04  0.1000E+03
     1    85     1     2        0  0.2269E+05  0.1192E-02  0.2711E-01  0.1379E-02
     1    85     1     3        0  0.2917E+00  0.2762E+02  0.0000E+00  0.7628E-08
     1    85     1     4        0  0.2823E+02  0.1130E-02  0.2935E-01  0.1480E-02
     1    85     1     5        0  0.3157E+00  0.2779E+00  0.0000E+00  0.1954E-07
     1    86     1     1        0  0.0000E+00  0.3830E+02  0.2081E+04  0.1000E+03
     1    86     1     2        0  0.2023E+05  0.1416E-02  0.3070E-01  0.1725E-02
     1    86     1     3        0  0.3315E+00  0.3058E+02  0.0000E+00  0.7325E-08
     1    86     1     4        0  0.2422E+02  0.6514E-03  0.2376E-01  0.1331E-02
     1    86     1     5        0  0.2565E+00  0.3153E+00  0.0000E+00  0.2250E-07
     1    87     1     1        0  0.0000E+00  0.4112E+02  0.1600E+04  0.1000E+03
     1    87     1     2        0  0.1466E+05  0.1637E-02  0.0000E+00  0.9744E-03
     1    87     1     3        0  0.1369E+00  0.3306E+02  0.0000E+00  0.6406E-08
     1    87     1     4        0  0.1542E+02  0.9600E-03  0.0000E+00  0.1022E-02
     1    87     1     5        0  0.1446E+00  0.3396E+00  0.0000E+00  0.9768E-08
     1    88     1     1        0  0.0000E+00  0.4117E+02  0.9078E+03  0.1000E+03
     1    88     1     2        0  0.6583E+04  0.6261E-03  0.0000E+00  0.8693E-03
     1    88     1     3        0  0.7553E-01  0.2947E+02  0.0000E+00  0.3051E-08
     1    88     1     4        0  0.6058E+01  0.7799E-03  0.0000E+00  0.4400E-03
     1    88     1     5        0  0.3930E-01  0.2954E+00  0.0000E+00  0.5181E-08
     1    89     1     1        0  0.0000E+00  0.4486E+02  0.4576E+03  0.1000E+03
     1    89     1     2        0  0.4898E+04  0.1561E-02  0.0000E+00  0.6526E-04
     1    89     1     3        0  0.4627E-02  0.1398E+02  0.0000E+00  0.5778E-09
     1    89     1     4        0  0.4943E+00  0.1202E-03  0.0000E+00  0.3213E-04
     1    90     1     1        0  0.0000E+00  0.1000E+03  0.5324E+03  0.1000E+03
     1    90     1     2        0  0.5681E+04  0.7791E-02  0.0000E+00  0.7482E-04
     1    90     1     3        0  0.3740E-02  0.1000E+03  0.0000E+00  0.1673E-08
     1    90     1     4        0  0.1277E+01  0.1723E-02  0.0000E+00  0.1836E-03
     1    90     1     5        0  0.9997E-02  0.8936E+00  0.0000E+00  0.8435E-09
     1    91     1     1        0  0.0000E+00  0.1317E+02  0.1209E+04  0.1000E+03
     1    91     1     2        0  0.1148E+05  0.3627E-03  0.0000E+00  0.8815E-03
     1    91     1     3        0  0.9738E-01  0.3992E+02  0.0000E+00  0.4597E-09
     1    91     1     4        0  0.7926E+01  0.1445E-02  0.0000E+00  0.8054E-03
     1    91     1     5        0  0.9017E-01  0.3718E+00  0.0000E+00  0.7464E-08
     1    92     1     1        0  0.0000E+00  0.2306E+02  0.1798E+04  0.1000E+03
     1    92     1     2        0  0.1782E+05  0.5141E-03  0.0000E+00  0.9409E-03
     1    92     1     3        0  0.1594E+00  0.2940E+02  0.0000E+00  0.2801E-08
     1    92     1     4        0  0.1717E+02  0.8799E-03  0.1888E-01  0.1197E-02
     1    92     1     5        0  0.2040E+00  0.2839E+00  0.0000E+00  0.1110E-07
     1    93     1     1        0  0.0000E+00  0.2884E+02  0.2134E+04  0.1000E+03
     1    93     1     2        0  0.2149E+05  0.5290E-03  0.3352E-01  0.1787E-02
     1    93     1     3        0  0.3634E+00  0.2701E+02  0.0000E+00  0.4940E-08
     1    93     1     4        0  0.2440E+02  0.1205E-02  0.2666E-01  0.1428E-02
     1    93     1     5        0  0.2890E+00  0.2655E+00  0.0000E+00  0.2485E-07
     1    94     1     1        0  0.0000E+00  0.3410E+02  0.2180E+04  0.1000E+03
     1    94     1     2        0  0.2186E+05  0.1015E-02  0.2309E-01  0.1236E-02
     1    94     1     3        0  0.2510E+00  0.2790E+02  0.0000E+00  0.7040E-08
     1    94     1     4        0  0.2598E+02  0.7689E-03  0.2760E-01  0.1463E-02
     1    94     1     5        0  0.2999E+00  0.2720E+00  0.0000E+00  0.1730E-07
     1    95     1     1        0  0.0000E+00  0.3866E+02  0.1934E+04  0.1000E+03
     1    95     1     2        0  0.1890E+05  0.1138E-02  0.3097E-01  0.1856E-02
     1    95     1     3        0  0.3367E+00  0.3065E+02  0.0000E+00  0.6976E-08
     1    95     1     4        0  0.2118E+02  0.6305E-03  0.2128E-01  0.1287E-02
     1    95     1     5        0  0.2313E+00  0.2901E+00  0.0000E+00  0.2356E-07
     1    96     1     1        0  0.0000E+00  0.4154E+02  0.1431E+04  0.1000E+03
     1    96     1     2        0  0.1294E+05  0.1627E-02  0.0000E+00  0.6852E-03
     1    96     1     3        0  0.8737E-01  0.3238E+02  0.0000E+00  0.6200E-08
     1    96     1     4        0  0.1245E+02  0.8089E-03  0.0000E+00  0.9327E-03
     1    96     1     5        0  0.1197E+00  0.2933E+00  0.0000E+00  0.6392E-08
     1    97     1     1        0  0.0000E+00  0.4276E+02  0.7324E+03  0.1000E+03
     1    97     1     2        0  0.4717E+04  0.1375E-02  0.0000E+00  0.9841E-03
     1    97     1     3        0  0.7191E-01  0.2771E+02  0.0000E+00  0.3795E-08
     1    97     1     4        0  0.4061E+01  0.8458E-03  0.0000E+00  0.3324E-03
     1    97     1     5        0  0.2489E-01  0.2382E+00  0.0000E+00  0.5100E-08
     1    98     1     1        0  0.0000E+00  0.5248E+02  0.4664E+03  0.1000E+03
     1    98     1     2        0  0.4960E+04  0.2218E-02  0.0000E+00  0.7670E-04
     1    98     1     3        0  0.6118E-02  0.6475E+01  0.0000E+00  0.2417E-09
     1    98     1     4        0  0.6329E-01  0.1403E-03  0.0000E+00  0.2659E-04
     1    99     1     1        0  0.0000E+00  0.2519E+02  0.5843E+03  0.1000E+03
     1    99     1     2        0  0.5905E+04  0.2133E-02  0.0000E+00  0.2519E-03
     1    99     1     3        0  0.1331E-01  0.8340E+02  0.0000E+00  0.1218E-08
     1    99     1     4        0  0.2343E+01  0.2920E-02  0.0000E+00  0.3113E-03
     1    99     1     5        0  0.1840E-01  0.6553E+00  0.0000E+00  0.1879E-08
     1   100     1     1        0  0.0000E+00  0.1750E+02  0.1313E+04  0.1000E+03
     1   100     1     2        0  0.1248E+05  0.1437E-03  0.0000E+00  0.9131E-03
     1   100     1     3        0  0.1091E+00  0.3672E+02  0.0000E+00  0.2348E-09
     1   100     1     4        0  0.9823E+01  0.7520E-03  0.0000E+00  0.8814E-03
     1   100     1     5        0  0.1060E+00  0.3132E+00  0.0000E+00  0.8147E-08
     1   101     1     1        0  0.0000E+00  0.2487E+02  0.1854E+04  0.1000E+03
     1   101     1     2        0  0.1823E+05  0.3156E-03  0.0000E+00  0.9953E-03
     1   101     1     3        0  0.1719E+00  0.2951E+02  0.0000E+00  0.2728E-08
     1   101     1     4        0  0.1906E+02  0.1413E-02  0.2019E-01  0.1247E-02
     1   101     1     5        0  0.2167E+00  0.2762E+00  0.0000E+00  0.1225E-07
     1   102     1     1        0  0.0000E+00  0.2988E+02  0.2141E+04  0.1000E+03
     1   102     1     2        0  0.2134E+05  0.8345E-03  0.3516E-01  0.1883E-02
     1   102     1     3        0  0.3786E+00  0.2782E+02  0.0000E+00  0.6179E-08
     1   102     1     4        0  0.2562E+02  0.7764E-03  0.2701E-01  0.1454E-02
     1   102     1     5        0  0.2908E+00  0.2803E+00  0.0000E+00  0.2656E-07
     1   103     1     1        0  0.0000E+00  0.3441E+02  0.2142E+04  0.1000E+03
     1   103     1     2        0  0.2122E+05  0.1222E-02  0.2073E-01  0.1138E-02
     1   103     1     3        0  0.2239E+00  0.2867E+02  0.0000E+00  0.7271E-08
     1   103     1     4        0  0.2631E+02  0.6199E-03  0.2678E-01  0.1453E-02
     1   103     1     5        0  0.2893E+00  0.3007E+00  0.0000E+00  0.1581E-07
     1   104     1     1        0  0.0000E+00  0.3808E+02  0.1861E+04  0.1000E+03
     1   104     1     2        0  0.1790E+05  0.8530E-03  0.3123E-01  0.1960E-02
     1   104     1     3        0  0.3380E+00  0.3057E+02  0.0000E+00  0.5963E-08
     1   104     1     4        0  0.2079E+02  0.8522E-03  0.1969E-01  0.1252E-02
     1   104     1     5        0  0.2131E+00  0.3238E+00  0.0000E+00  0.2424E-07
     1   105     1     1        0  0.0000E+00  0.4050E+02  0.1335E+04  0.1000E+03
     1   105     1     2        0  0.1173E+05  0.1270E-02  0.0000E+00  0.4502E-03
     1   105     1     3        0  0.5340E-01  0.3083E+02  0.0000E+00  0.5697E-08
     1   105     1     4        0  0.1177E+02  0.7048E-03  0.0000E+00  0.8555E-03
     1   105     1     5        0  0.1024E+00  0.3218E+00  0.0000E+00  0.4346E-08
     1   106     1     1        0  0.0000E+00  0.4291E+02  0.6297E+03  0.1000E+03
     1   106     1     2        0  0.4925E+04  0.9495E-03  0.0000E+00  0.1040E-02
     1   106     1     3        0  0.6732E-01  0.2562E+02  0.0000E+00  0.3462E-08
     1   106     1     4        0  0.3564E+01  0.6117E-03  0.0000E+00  0.2431E-03
     1   106     1     5        0  0.1639E-01  0.2595E+00  0.0000E+00  0.4644E-08
     1   107     1     1        0  0.0000E+00  0.5999E+02  0.5252E+03  0.1000E+03
     1   107     1     2        0  0.5607E+04  0.2368E-02  0.0000E+00  0.9672E-04
     1   107     1     3        0  0.7686E-02  0.3268E+01  0.0000E+00  0.2168E-09
     1   107     1     4        0  0.1681E-01  0.1798E-03  0.0000E+00  0.3587E-04
     1   108     1     1        0  0.0000E+00  0.1932E+02  0.5233E+03  0.1000E+03
     1   108     1     2        0  0.2089E+04  0.9415E-04  0.0000E+00  0.3407E-04
     1   108     1     3        0  0.4634E-03  0.8950E+01  0.0000E+00  0.1292E-09
     1   108     1     4        0  0.1794E-01  0.2627E-04  0.0000E+00  0.1871E-04
