SUMMARY OF C0NVERGENCE INFORMATION
  STEP   INC  ATT   ITER     CONT.   RESID.        CORR.      RESID.      CORR.
                              EL.    FORCE         DISP       FLUX        TEMP.
                              (#)     (%)           (%)        (%)         (%)
     1     1     1     1        0  0.0000E+00  0.1000E-29  0.1572E+04  0.1000E+03
     1     1     1     2        0  0.5368E+04  0.1000E-29  0.0000E+00  0.8086E-06
     1     1     1     3        0  0.0000E+00  0.1000E+03  0.0000E+00  0.2120E-09
     1     2     1     1        0  0.0000E+00  0.7012E+02  0.2664E+04  0.1000E+03
     1     2     1     2        0  0.1299E+05  0.1309E-03  0.0000E+00  0.1568E-03
     1     2     1     3        0  0.1882E+00  0.6963E+02  0.0000E+00  0.1141E-09
     1     2     1     4        0  0.4769E+01  0.1356E-03  0.0000E+00  0.1238E-03
     1     2     1     5        0  0.1495E+00  0.3005E-02  0.0000E+00  0.2668E-09
     1     3     1     1        0  0.0000E+00  0.2379E+02  0.3308E+04  0.1000E+03
     1     3     1     2        0  0.1982E+05  0.7292E-04  0.0000E+00  0.1228E-03
     1     3     1     3        0  0.1278E+00  0.4544E+02  0.0000E+00  0.8536E-10
     1     3     1     4        0  0.6024E+01  0.9756E-04  0.0000E+00  0.2002E-03
     1     3     1     5        0  0.2047E+00  0.3712E-02  0.0000E+00  0.2607E-09
     1     4     1     1        0  0.0000E+00  0.2744E+02  0.3690E+04  0.1000E+03
     1     4     1     2        0  0.2534E+05  0.3200E-04  0.0000E+00  0.3396E-03
     1     4     1     3        0  0.2884E+00  0.2912E+02  0.0000E+00  0.6730E-10
     1     4     1     4        0  0.6688E+01  0.4296E-04  0.0000E+00  0.2746E-03
     1     4     1     5        0  0.2360E+00  0.3738E-02  0.0000E+00  0.8260E-09
     1     5     1     1        0  0.0000E+00  0.1118E+02  0.3916E+04  0.1000E+03
     1     5     1     2        0  0.2940E+05  0.5248E-04  0.0000E+00  0.2416E-03
     1     5     1     3        0  0.1841E+00  0.2064E+02  0.0000E+00  0.6000E-10
     1     5     1     4        0  0.6860E+01  0.2621E-04  0.0000E+00  0.3342E-03
     1     5     1     5        0  0.2467E+00  0.3722E-02  0.0000E+00  0.7225E-09
     1     6     1     1        0  0.0000E+00  0.1317E+02  0.4027E+04  0.1000E+03
     1     6     1     2        0  0.3179E+05  0.2680E-04  0.0000E+00  0.4660E-03
     1     6     1     3        0  0.2907E+00  0.1453E+02  0.0000E+00  0.7731E-10
     1     6     1     4        0  0.6636E+01  0.3387E-04  0.0000E+00  0.3799E-03
     1     6     1     5        0  0.2406E+00  0.3402E-02  0.0000E+00  0.1564E-08
     1     7     1     1        0  0.0000E+00  0.7410E+01  0.4044E+04  0.1000E+03
     1     7     1     2        0  0.3254E+05  0.1006E-04  0.0000E+00  0.3196E-03
     1     7     1     3        0  0.1780E+00  0.1134E+02  0.0000E+00  0.6822E-10
     1     7     1     4        0  0.6145E+01  0.2266E-04  0.0000E+00  0.4140E-03
     1     7     1     5        0  0.2231E+00  0.3237E-02  0.0000E+00  0.1181E-08
     1     8     1     1        0  0.0000E+00  0.8069E+01  0.3984E+04  0.1000E+03
     1     8     1     2        0  0.3180E+05  0.2016E-04  0.0000E+00  0.5360E-03
     1     8     1     3        0  0.2397E+00  0.9167E+01  0.0000E+00  0.9605E-10
     1     8     1     4        0  0.5482E+01  0.2731E-04  0.0000E+00  0.4357E-03
     1     8     1     5        0  0.1984E+00  0.3026E-02  0.0000E+00  0.2064E-08
     1     9     1     1        0  0.0000E+00  0.5227E+01  0.3856E+04  0.1000E+03
     1     9     1     2        0  0.2986E+05  0.8046E-05  0.0000E+00  0.3536E-03
     1     9     1     3        0  0.1402E+00  0.7621E+01  0.0000E+00  0.5469E-10
     1     9     1     4        0  0.4720E+01  0.1410E-04  0.0000E+00  0.4445E-03
     1     9     1     5        0  0.1696E+00  0.2762E-02  0.0000E+00  0.1425E-08
     1    10     1     1        0  0.0000E+00  0.6327E+01  0.3669E+04  0.1000E+03
     1    10     1     2        0  0.2710E+05  0.2157E-04  0.0000E+00  0.5463E-03
     1    10     1     3        0  0.1704E+00  0.6500E+01  0.0000E+00  0.7629E-10
     1    10     1     4        0  0.3922E+01  0.2183E-04  0.0000E+00  0.4371E-03
     1    10     1     5        0  0.1395E+00  0.2458E-02  0.0000E+00  0.2176E-08
     1    11     1     1        0  0.0000E+00  0.4665E+01  0.3427E+04  0.1000E+03
     1    11     1     2        0  0.2386E+05  0.1607E-04  0.0000E+00  0.3267E-03
     1    11     1     3        0  0.9214E-01  0.5773E+01  0.0000E+00  0.6889E-10
     1    11     1     4        0  0.3140E+01  0.1091E-04  0.0000E+00  0.4084E-03
     1    11     1     5        0  0.1100E+00  0.2165E-02  0.0000E+00  0.1319E-08
     1    12     1     1        0  0.0000E+00  0.5815E+01  0.3129E+04  0.1000E+03
     1    12     1     2        0  0.2037E+05  0.1633E-04  0.0000E+00  0.4768E-03
     1    12     1     3        0  0.1040E+00  0.5205E+01  0.0000E+00  0.7639E-10
     1    12     1     4        0  0.2409E+01  0.1687E-04  0.0000E+00  0.3681E-03
     1    12     1     5        0  0.8280E-01  0.1835E-02  0.0000E+00  0.1723E-08
     1    13     1     1        0  0.0000E+00  0.7009E+01  0.2779E+04  0.1000E+03
     1    13     1     2        0  0.1680E+05  0.2770E-05  0.0000E+00  0.2605E-03
     1    13     1     3        0  0.4881E-01  0.4797E+01  0.0000E+00  0.7333E-10
     1    13     1     4        0  0.1755E+01  0.1100E-04  0.0000E+00  0.3174E-03
     1    13     1     5        0  0.5872E-01  0.1498E-02  0.0000E+00  0.9049E-09
     1    14     1     1        0  0.0000E+00  0.8977E+01  0.2374E+04  0.1000E+03
     1    14     1     2        0  0.1327E+05  0.5014E-05  0.0000E+00  0.3620E-03
     1    14     1     3        0  0.5132E-01  0.4512E+01  0.0000E+00  0.7206E-10
     1    14     1     4        0  0.1196E+01  0.7854E-05  0.0000E+00  0.2641E-03
     1    14     1     5        0  0.3851E-01  0.1176E-02  0.0000E+00  0.1040E-08
     1    15     1     1        0  0.0000E+00  0.1077E+02  0.1915E+04  0.1000E+03
     1    15     1     2        0  0.9836E+04  0.2545E-04  0.0000E+00  0.1625E-03
     1    15     1     3        0  0.1779E-01  0.4391E+01  0.0000E+00  0.8134E-10
     1    15     1     4        0  0.7420E+00  0.8542E-05  0.0000E+00  0.2052E-03
     1    15     1     5        0  0.2253E-01  0.9028E-03  0.0000E+00  0.3873E-09
     1    16     1     1        0  0.0000E+00  0.1449E+02  0.1400E+04  0.1000E+03
     1    16     1     2        0  0.6594E+04  0.2110E-04  0.0000E+00  0.1989E-03
     1    16     1     3        0  0.1696E-01  0.4349E+01  0.0000E+00  0.8408E-10
     1    16     1     4        0  0.3980E+00  0.5665E-05  0.0000E+00  0.1303E-03
     1    17     1     1        0  0.0000E+00  0.2185E+02  0.8274E+03  0.1000E+03
     1    17     1     2        0  0.3574E+04  0.8256E-04  0.0000E+00  0.4286E-04
     1    17     1     3        0  0.1915E-02  0.4526E+01  0.0000E+00  0.1185E-09
     1    17     1     4        0  0.1634E+00  0.1151E-04  0.0000E+00  0.6018E-04
     1    18     1     1        0  0.0000E+00  0.8784E+02  0.2993E+03  0.1000E+03
     1    18     1     2        0  0.1761E+04  0.5067E-03  0.0000E+00  0.1361E-04
     1    18     1     3        0  0.8161E-03  0.4460E+01  0.0000E+00  0.1211E-09
     1    18     1     4        0  0.1879E-01  0.7109E-05  0.0000E+00  0.7880E-05
     1    19     1     1        0  0.0000E+00  0.2551E+02  0.1218E+04  0.1000E+03
     1    19     1     2        0  0.9683E+04  0.7634E-03  0.0000E+00  0.1969E-03
     1    19     1     3        0  0.1931E-01  0.1350E+02  0.0000E+00  0.1132E-08
     1    19     1     4        0  0.1367E+01  0.1438E-03  0.0000E+00  0.2658E-03
     1    19     1     5        0  0.2870E-01  0.7731E-02  0.0000E+00  0.5488E-09
     1    20     1     1        0  0.0000E+00  0.4652E+01  0.2455E+04  0.1000E+03
     1    20     1     2        0  0.1838E+05  0.1392E-04  0.0000E+00  0.7053E-03
     1    20     1     3        0  0.1501E+00  0.1102E+02  0.0000E+00  0.1753E-09
     1    20     1     4        0  0.5696E+01  0.2133E-03  0.0000E+00  0.5914E-03
     1    20     1     5        0  0.1187E+00  0.1193E-01  0.0000E+00  0.4441E-08
     1    21     1     1        0  0.0000E+00  0.1440E+02  0.3277E+04  0.1000E+03
     1    21     1     2        0  0.2416E+05  0.2456E-03  0.0000E+00  0.5565E-03
     1    21     1     3        0  0.1505E+00  0.1164E+02  0.0000E+00  0.8831E-09
     1    21     1     4        0  0.1078E+02  0.2062E-03  0.0000E+00  0.8188E-03
     1    21     1     5        0  0.2204E+00  0.1891E-01  0.0000E+00  0.4736E-08
     1    22     1     1        0  0.0000E+00  0.2184E+02  0.3569E+04  0.1000E+03
     1    22     1     2        0  0.2701E+05  0.5249E-03  0.4662E-01  0.1331E-02
     1    22     1     3        0  0.4145E+00  0.1370E+02  0.0000E+00  0.1778E-08
     1    22     1     4        0  0.1393E+02  0.4467E-03  0.3122E-01  0.9360E-03
     1    22     1     5        0  0.2776E+00  0.2823E-01  0.0000E+00  0.1278E-07
     1    23     1     1        0  0.0000E+00  0.2948E+02  0.3339E+04  0.1000E+03
     1    23     1     2        0  0.2651E+05  0.6607E-03  0.0000E+00  0.5614E-03
     1    23     1     3        0  0.1582E+00  0.1786E+02  0.0000E+00  0.1814E-08
     1    23     1     4        0  0.1339E+02  0.2989E-03  0.2802E-01  0.8935E-03
     1    23     1     5        0  0.2569E+00  0.4201E-01  0.0000E+00  0.4947E-08
     1    24     1     1        0  0.0000E+00  0.4065E+02  0.2654E+04  0.1000E+03
     1    24     1     2        0  0.2230E+05  0.8409E-03  0.3430E-01  0.1256E-02
     1    24     1     3        0  0.3208E+00  0.2541E+02  0.0000E+00  0.1305E-08
     1    24     1     4        0  0.9410E+01  0.7864E-03  0.0000E+00  0.7007E-03
     1    24     1     5        0  0.1689E+00  0.6396E-01  0.0000E+00  0.9416E-08
     1    25     1     1        0  0.0000E+00  0.5787E+02  0.1605E+04  0.1000E+03
     1    25     1     2        0  0.1423E+05  0.1128E-02  0.0000E+00  0.1523E-03
     1    25     1     3        0  0.1192E-01  0.4082E+02  0.0000E+00  0.5338E-09
     1    25     1     4        0  0.4164E+01  0.6898E-03  0.0000E+00  0.3847E-03
     1    25     1     5        0  0.6370E-01  0.1047E+00  0.0000E+00  0.4738E-09
     1    26     1     1        0  0.0000E+00  0.1000E+03  0.3293E+03  0.1000E+03
     1    26     1     2        0  0.3037E+04  0.8448E-03  0.0000E+00  0.2957E-03
     1    26     1     3        0  0.2896E-01  0.6228E+02  0.0000E+00  0.7676E-10
     1    26     1     4        0  0.5267E+00  0.1209E-02  0.0000E+00  0.4200E-04
     1    26     1     5        0  0.2751E-02  0.1590E+00  0.0000E+00  0.3512E-09
     1    27     1     1        0  0.0000E+00  0.1917E+02  0.5815E+03  0.1000E+03
     1    27     1     2        0  0.4843E+04  0.3382E-03  0.0000E+00  0.6683E-03
     1    27     1     3        0  0.4912E-01  0.8649E+02  0.0000E+00  0.9003E-10
     1    27     1     4        0  0.4845E+00  0.1159E-02  0.0000E+00  0.1334E-03
     1    28     1     1        0  0.0000E+00  0.2189E+02  0.1794E+04  0.1000E+03
     1    28     1     2        0  0.1572E+05  0.3337E-03  0.0000E+00  0.1321E-02
     1    28     1     3        0  0.2138E+00  0.6324E+02  0.0000E+00  0.3604E-09
     1    28     1     4        0  0.4083E+01  0.1474E-02  0.0000E+00  0.5066E-03
     1    28     1     5        0  0.8270E-01  0.1573E+00  0.0000E+00  0.6485E-08
     1    29     1     1        0  0.0000E+00  0.1463E+02  0.2699E+04  0.1000E+03
     1    29     1     2        0  0.2343E+05  0.1789E-03  0.0000E+00  0.1994E-03
     1    29     1     3        0  0.3525E-01  0.3735E+02  0.0000E+00  0.5780E-09
     1    29     1     4        0  0.9333E+01  0.4642E-03  0.0000E+00  0.7898E-03
     1    29     1     5        0  0.1893E+00  0.1006E+00  0.0000E+00  0.1258E-08
     1    30     1     1        0  0.0000E+00  0.9713E+01  0.3162E+04  0.1000E+03
     1    30     1     2        0  0.2763E+05  0.6353E-04  0.5317E-01  0.1825E-02
     1    30     1     3        0  0.5136E+00  0.2317E+02  0.0000E+00  0.5047E-09
     1    30     1     4        0  0.1330E+02  0.6964E-03  0.2741E-01  0.9253E-03
     1    30     1     5        0  0.2647E+00  0.6647E-01  0.0000E+00  0.1651E-07
     1    31     1     1        0  0.0000E+00  0.1193E+02  0.3121E+04  0.1000E+03
     1    31     1     2        0  0.2766E+05  0.1509E-03  0.0000E+00  0.2798E-03
     1    31     1     3        0  0.6777E-01  0.1576E+02  0.0000E+00  0.3539E-09
     1    31     1     4        0  0.1371E+02  0.3018E-03  0.2717E-01  0.9422E-03
     1    31     1     5        0  0.2639E+00  0.4594E-01  0.0000E+00  0.2287E-08
     1    32     1     1        0  0.0000E+00  0.1555E+02  0.2609E+04  0.1000E+03
     1    32     1     2        0  0.2346E+05  0.2427E-03  0.4216E-01  0.1653E-02
     1    32     1     3        0  0.4065E+00  0.1169E+02  0.0000E+00  0.9304E-09
     1    32     1     4        0  0.1035E+02  0.3073E-03  0.0000E+00  0.7827E-03
     1    32     1     5        0  0.1882E+00  0.3262E-01  0.0000E+00  0.1323E-07
     1    33     1     1        0  0.0000E+00  0.2157E+02  0.1707E+04  0.1000E+03
     1    33     1     2        0  0.1548E+05  0.3050E-03  0.0000E+00  0.2721E-03
     1    33     1     3        0  0.3092E-01  0.9092E+01  0.0000E+00  0.1548E-08
     1    33     1     4        0  0.5157E+01  0.1290E-03  0.0000E+00  0.5007E-03
     1    33     1     5        0  0.8325E-01  0.2314E-01  0.0000E+00  0.1374E-08
     1    34     1     1        0  0.0000E+00  0.3458E+02  0.6325E+03  0.1000E+03
     1    34     1     2        0  0.4703E+04  0.5416E-03  0.0000E+00  0.6675E-03
     1    34     1     3        0  0.6634E-01  0.6676E+01  0.0000E+00  0.1203E-08
     1    34     1     4        0  0.1040E+01  0.1297E-03  0.0000E+00  0.1078E-03
     1    34     1     5        0  0.9991E-02  0.1564E-01  0.0000E+00  0.1480E-08
     1    35     1     1        0  0.0000E+00  0.1000E+03  0.4927E+03  0.1000E+03
     1    35     1     2        0  0.4318E+04  0.2602E-02  0.0000E+00  0.2264E-03
     1    35     1     3        0  0.1890E-01  0.9685E+01  0.0000E+00  0.5042E-09
     1    35     1     4        0  0.1217E+00  0.1795E-03  0.0000E+00  0.1957E-04
     1    36     1     1        0  0.0000E+00  0.7510E+01  0.1352E+04  0.1000E+03
     1    36     1     2        0  0.1136E+05  0.4068E-03  0.0000E+00  0.9764E-03
     1    36     1     3        0  0.1141E+00  0.1187E+02  0.0000E+00  0.1046E-08
     1    36     1     4        0  0.2707E+01  0.2796E-03  0.0000E+00  0.4070E-03
     1    36     1     5        0  0.4801E-01  0.2995E-01  0.0000E+00  0.3931E-08
     1    37     1     1        0  0.0000E+00  0.9367E+01  0.2324E+04  0.1000E+03
     1    37     1     2        0  0.1912E+05  0.1656E-03  0.0000E+00  0.1684E-03
     1    37     1     3        0  0.3298E-01  0.1121E+02  0.0000E+00  0.5608E-09
     1    37     1     4        0  0.7343E+01  0.6007E-04  0.0000E+00  0.7328E-03
     1    37     1     5        0  0.1381E+00  0.3401E-01  0.0000E+00  0.1174E-08
     1    38     1     1        0  0.0000E+00  0.1739E+02  0.2904E+04  0.1000E+03
     1    38     1     2        0  0.2386E+05  0.4572E-03  0.3714E-01  0.1389E-02
     1    38     1     3        0  0.3302E+00  0.1238E+02  0.0000E+00  0.1788E-08
     1    38     1     4        0  0.1154E+02  0.3257E-03  0.0000E+00  0.9000E-03
     1    38     1     5        0  0.2176E+00  0.4327E-01  0.0000E+00  0.1237E-07
     1    39     1     1        0  0.0000E+00  0.2449E+02  0.3018E+04  0.1000E+03
     1    39     1     2        0  0.2516E+05  0.3731E-03  0.0000E+00  0.6747E-03
     1    39     1     3        0  0.1650E+00  0.1506E+02  0.0000E+00  0.1520E-08
     1    39     1     4        0  0.1302E+02  0.3529E-03  0.2677E-01  0.9675E-03
     1    39     1     5        0  0.2407E+00  0.5760E-01  0.0000E+00  0.6367E-08
     1    40     1     1        0  0.0000E+00  0.3303E+02  0.2668E+04  0.1000E+03
     1    40     1     2        0  0.2271E+05  0.6028E-03  0.3147E-01  0.1237E-02
     1    40     1     3        0  0.2854E+00  0.2005E+02  0.0000E+00  0.1547E-08
     1    40     1     4        0  0.1099E+02  0.4290E-03  0.0000E+00  0.8538E-03
     1    40     1     5        0  0.1942E+00  0.8059E-01  0.0000E+00  0.1084E-07
     1    41     1     1        0  0.0000E+00  0.4499E+02  0.1929E+04  0.1000E+03
     1    41     1     2        0  0.1669E+05  0.8176E-03  0.0000E+00  0.4957E-03
     1    41     1     3        0  0.8303E-01  0.2946E+02  0.0000E+00  0.9934E-09
     1    41     1     4        0  0.6577E+01  0.3307E-03  0.0000E+00  0.6139E-03
     1    41     1     5        0  0.1049E+00  0.1207E+00  0.0000E+00  0.3116E-08
     1    42     1     1        0  0.0000E+00  0.6607E+02  0.9741E+03  0.1000E+03
     1    42     1     2        0  0.7647E+04  0.7716E-03  0.0000E+00  0.4716E-03
     1    42     1     3        0  0.5232E-01  0.4597E+02  0.0000E+00  0.2727E-09
     1    42     1     4        0  0.2153E+01  0.9793E-03  0.0000E+00  0.2216E-03
     1    42     1     5        0  0.2457E-01  0.1878E+00  0.0000E+00  0.1597E-08
     1    43     1     1        0  0.0000E+00  0.1000E+03  0.4502E+03  0.1000E+03
     1    43     1     2        0  0.3961E+04  0.9209E-03  0.0000E+00  0.2476E-04
     1    43     1     3        0  0.2132E-02  0.2777E+02  0.0000E+00  0.6640E-10
     1    43     1     4        0  0.3176E-01  0.8867E-04  0.0000E+00  0.1585E-04
     1    44     1     1        0  0.0000E+00  0.1902E+02  0.9048E+03  0.1000E+03
     1    44     1     2        0  0.7224E+04  0.2493E-03  0.0000E+00  0.8501E-04
     1    44     1     3        0  0.6030E-02  0.7579E+02  0.0000E+00  0.1230E-09
     1    44     1     4        0  0.1269E+01  0.1368E-02  0.0000E+00  0.3004E-03
     1    44     1     5        0  0.2267E-01  0.2813E+00  0.0000E+00  0.2492E-09
     1    45     1     1        0  0.0000E+00  0.1855E+02  0.1847E+04  0.1000E+03
     1    45     1     2        0  0.1592E+05  0.2138E-03  0.0000E+00  0.1009E-02
     1    45     1     3        0  0.1580E+00  0.4963E+02  0.0000E+00  0.4453E-09
     1    45     1     4        0  0.5111E+01  0.7554E-03  0.0000E+00  0.6395E-03
     1    45     1     5        0  0.9945E-01  0.1938E+00  0.0000E+00  0.6130E-08
     1    46     1     1        0  0.0000E+00  0.1172E+02  0.2514E+04  0.1000E+03
     1    46     1     2        0  0.2159E+05  0.1494E-03  0.0000E+00  0.3208E-03
     1    46     1     3        0  0.6895E-01  0.3021E+02  0.0000E+00  0.6833E-09
     1    46     1     4        0  0.9415E+01  0.5430E-03  0.0000E+00  0.8770E-03
     1    46     1     5        0  0.1837E+00  0.1236E+00  0.0000E+00  0.2768E-08
     1    47     1     1        0  0.0000E+00  0.1039E+02  0.2777E+04  0.1000E+03
     1    47     1     2        0  0.2395E+05  0.3093E-04  0.4365E-01  0.1705E-02
     1    47     1     3        0  0.3970E+00  0.1968E+02  0.0000E+00  0.3255E-09
     1    47     1     4        0  0.1179E+02  0.5542E-03  0.2474E-01  0.9590E-03
     1    47     1     5        0  0.2250E+00  0.8285E-01  0.0000E+00  0.1601E-07
     1    48     1     1        0  0.0000E+00  0.1318E+02  0.2589E+04  0.1000E+03
     1    48     1     2        0  0.2250E+05  0.2832E-03  0.0000E+00  0.2812E-03
     1    48     1     3        0  0.5764E-01  0.1400E+02  0.0000E+00  0.7433E-09
     1    48     1     4        0  0.1091E+02  0.2614E-03  0.0000E+00  0.9073E-03
     1    48     1     5        0  0.1992E+00  0.5849E-01  0.0000E+00  0.2325E-08
     1    49     1     1        0  0.0000E+00  0.1760E+02  0.2030E+04  0.1000E+03
     1    49     1     2        0  0.1743E+05  0.5650E-03  0.3221E-01  0.1625E-02
     1    49     1     3        0  0.2916E+00  0.1065E+02  0.0000E+00  0.1996E-08
     1    49     1     4        0  0.7251E+01  0.2396E-03  0.0000E+00  0.6995E-03
     1    49     1     5        0  0.1220E+00  0.4236E-01  0.0000E+00  0.1174E-07
     1    50     1     1        0  0.0000E+00  0.2488E+02  0.1190E+04  0.1000E+03
     1    50     1     2        0  0.9332E+04  0.3561E-03  0.0000E+00  0.4414E-03
     1    50     1     3        0  0.4503E-01  0.8314E+01  0.0000E+00  0.1558E-08
     1    50     1     4        0  0.2881E+01  0.1319E-03  0.0000E+00  0.3404E-03
     1    50     1     5        0  0.3925E-01  0.3087E-01  0.0000E+00  0.1847E-08
     1    51     1     1        0  0.0000E+00  0.4760E+02  0.3932E+03  0.1000E+03
     1    51     1     2        0  0.3443E+04  0.8549E-03  0.0000E+00  0.3365E-03
     1    51     1     3        0  0.2123E-01  0.4876E+01  0.0000E+00  0.7002E-09
     1    51     1     4        0  0.2186E+00  0.1240E-03  0.0000E+00  0.2921E-04
     1    52     1     1        0  0.0000E+00  0.5510E+02  0.5816E+03  0.1000E+03
     1    52     1     2        0  0.4426E+04  0.1215E-02  0.0000E+00  0.7567E-03
     1    52     1     3        0  0.5471E-01  0.1772E+02  0.0000E+00  0.1034E-08
     1    52     1     4        0  0.6606E+00  0.1718E-03  0.0000E+00  0.1427E-03
     1    52     1     5        0  0.8147E-02  0.5991E-01  0.0000E+00  0.1570E-08
     1    53     1     1        0  0.0000E+00  0.3727E+01  0.1537E+04  0.1000E+03
     1    53     1     2        0  0.1249E+05  0.7996E-04  0.2360E-01  0.1633E-02
     1    53     1     3        0  0.2041E+00  0.1143E+02  0.0000E+00  0.5047E-09
     1    53     1     4        0  0.3888E+01  0.3833E-03  0.0000E+00  0.5502E-03
     1    53     1     5        0  0.6706E-01  0.4383E-01  0.0000E+00  0.8382E-08
     1    54     1     1        0  0.0000E+00  0.1259E+02  0.2258E+04  0.1000E+03
     1    54     1     2        0  0.1864E+05  0.2308E-03  0.0000E+00  0.4399E-03
     1    54     1     3        0  0.7895E-01  0.1155E+02  0.0000E+00  0.8774E-09
     1    54     1     4        0  0.8148E+01  0.8195E-04  0.0000E+00  0.8376E-03
     1    54     1     5        0  0.1475E+00  0.4974E-01  0.0000E+00  0.3328E-08
     1    55     1     1        0  0.0000E+00  0.1984E+02  0.2622E+04  0.1000E+03
     1    55     1     2        0  0.2182E+05  0.1434E-03  0.5323E-01  0.2204E-02
     1    55     1     3        0  0.4639E+00  0.1314E+02  0.0000E+00  0.1252E-08
     1    55     1     4        0  0.1112E+02  0.4711E-03  0.2314E-01  0.9526E-03
     1    55     1     5        0  0.2016E+00  0.6156E-01  0.0000E+00  0.1992E-07
     1    56     1     1        0  0.0000E+00  0.2717E+02  0.2588E+04  0.1000E+03
     1    56     1     2        0  0.2163E+05  0.4957E-03  0.0000E+00  0.2944E-03
     1    56     1     3        0  0.4995E-01  0.1637E+02  0.0000E+00  0.1872E-08
     1    56     1     4        0  0.1121E+02  0.1141E-03  0.2260E-01  0.9532E-03
     1    56     1     5        0  0.1980E+00  0.8064E-01  0.0000E+00  0.2474E-08
     1    57     1     1        0  0.0000E+00  0.3654E+02  0.2177E+04  0.1000E+03
     1    57     1     2        0  0.1801E+05  0.4923E-03  0.4212E-01  0.2058E-02
     1    57     1     3        0  0.3700E+00  0.2240E+02  0.0000E+00  0.1321E-08
     1    57     1     4        0  0.8377E+01  0.4877E-03  0.0000E+00  0.7825E-03
     1    57     1     5        0  0.1388E+00  0.1129E+00  0.0000E+00  0.1601E-07
     1    58     1     1        0  0.0000E+00  0.5142E+02  0.1451E+04  0.1000E+03
     1    58     1     2        0  0.1135E+05  0.5832E-03  0.0000E+00  0.6495E-03
     1    58     1     3        0  0.7225E-01  0.3386E+02  0.0000E+00  0.6793E-09
     1    58     1     4        0  0.4184E+01  0.1517E-03  0.0000E+00  0.4762E-03
     1    58     1     5        0  0.5880E-01  0.1713E+00  0.0000E+00  0.3211E-08
     1    59     1     1        0  0.0000E+00  0.8875E+02  0.5073E+03  0.1000E+03
     1    59     1     2        0  0.3937E+04  0.8109E-03  0.0000E+00  0.9207E-03
     1    59     1     3        0  0.6110E-01  0.5745E+02  0.0000E+00  0.1821E-09
     1    59     1     4        0  0.8549E+00  0.9526E-03  0.0000E+00  0.8225E-04
     1    59     1     5        0  0.5058E-02  0.2889E+00  0.0000E+00  0.1792E-08
     1    60     1     1        0  0.0000E+00  0.3673E+02  0.4932E+03  0.1000E+03
     1    60     1     2        0  0.4240E+04  0.7303E-03  0.0000E+00  0.4140E-03
     1    60     1     3        0  0.3025E-01  0.4850E+02  0.0000E+00  0.7035E-10
     1    60     1     4        0  0.9760E-01  0.3603E-03  0.0000E+00  0.1962E-04
     1    61     1     1        0  0.0000E+00  0.1986E+02  0.1165E+04  0.1000E+03
     1    61     1     2        0  0.9128E+04  0.2272E-03  0.0000E+00  0.1476E-02
     1    61     1     3        0  0.1392E+00  0.5735E+02  0.0000E+00  0.2773E-09
     1    61     1     4        0  0.2234E+01  0.1074E-02  0.0000E+00  0.4431E-03
     1    61     1     5        0  0.3994E-01  0.2677E+00  0.0000E+00  0.6100E-08
     1    62     1     1        0  0.0000E+00  0.1498E+02  0.1941E+04  0.1000E+03
     1    62     1     2        0  0.1603E+05  0.1270E-03  0.0000E+00  0.3431E-03
     1    62     1     3        0  0.5444E-01  0.3953E+02  0.0000E+00  0.4655E-09
     1    62     1     4        0  0.6041E+01  0.3667E-03  0.0000E+00  0.7626E-03
     1    62     1     5        0  0.1145E+00  0.1917E+00  0.0000E+00  0.2345E-08
     1    63     1     1        0  0.0000E+00  0.1071E+02  0.2407E+04  0.1000E+03
     1    63     1     2        0  0.2003E+05  0.5709E-04  0.4071E-01  0.1884E-02
     1    63     1     3        0  0.3550E+00  0.2544E+02  0.0000E+00  0.5501E-09
     1    63     1     4        0  0.9421E+01  0.9113E-03  0.0000E+00  0.9355E-03
     1    63     1     5        0  0.1781E+00  0.1275E+00  0.0000E+00  0.1645E-07
     1    64     1     1        0  0.0000E+00  0.1149E+02  0.2499E+04  0.1000E+03
     1    64     1     2        0  0.2089E+05  0.4012E-04  0.0000E+00  0.2787E-03
     1    64     1     3        0  0.5165E-01  0.1735E+02  0.0000E+00  0.1932E-09
     1    64     1     4        0  0.1051E+02  0.2343E-03  0.2206E-01  0.9687E-03
     1    64     1     5        0  0.1928E+00  0.8800E-01  0.0000E+00  0.2437E-08
     1    65     1     1        0  0.0000E+00  0.1468E+02  0.2215E+04  0.1000E+03
     1    65     1     2        0  0.1830E+05  0.3334E-03  0.3443E-01  0.1692E-02
     1    65     1     3        0  0.3008E+00  0.1271E+02  0.0000E+00  0.1023E-08
     1    65     1     4        0  0.8687E+01  0.3580E-03  0.0000E+00  0.8475E-03
     1    65     1     5        0  0.1503E+00  0.6318E-01  0.0000E+00  0.1424E-07
     1    66     1     1        0  0.0000E+00  0.1967E+02  0.1603E+04  0.1000E+03
     1    66     1     2        0  0.1262E+05  0.5362E-03  0.0000E+00  0.1392E-03
     1    66     1     3        0  0.9154E-02  0.9802E+01  0.0000E+00  0.2088E-08
     1    66     1     4        0  0.4951E+01  0.6845E-04  0.0000E+00  0.5968E-03
     1    66     1     5        0  0.7596E-01  0.4631E-01  0.0000E+00  0.5913E-09
     1    67     1     1        0  0.0000E+00  0.2936E+02  0.7473E+03  0.1000E+03
     1    67     1     2        0  0.4565E+04  0.5396E-03  0.0000E+00  0.7818E-03
     1    67     1     3        0  0.6161E-01  0.7381E+01  0.0000E+00  0.2020E-08
     1    67     1     4        0  0.1402E+01  0.1120E-03  0.0000E+00  0.1790E-03
     1    67     1     5        0  0.1396E-01  0.3305E-01  0.0000E+00  0.2406E-08
     1    68     1     1        0  0.0000E+00  0.8562E+02  0.5355E+03  0.1000E+03
     1    68     1     2        0  0.4511E+04  0.1931E-02  0.0000E+00  0.5895E-04
     1    68     1     3        0  0.4737E-02  0.9180E+00  0.0000E+00  0.1563E-09
     1    69     1     1        0  0.0000E+00  0.1686E+02  0.8872E+03  0.1000E+03
     1    69     1     2        0  0.6223E+04  0.5507E-03  0.0000E+00  0.4720E-03
     1    69     1     3        0  0.2910E-01  0.1356E+02  0.0000E+00  0.1262E-08
     1    69     1     4        0  0.1474E+01  0.2389E-03  0.0000E+00  0.3384E-03
     1    69     1     5        0  0.2128E-01  0.5799E-01  0.0000E+00  0.1506E-08
     1    70     1     1        0  0.0000E+00  0.6398E+01  0.1702E+04  0.1000E+03
     1    70     1     2        0  0.1344E+05  0.4169E-04  0.0000E+00  0.5977E-03
     1    70     1     3        0  0.7587E-01  0.1140E+02  0.0000E+00  0.2439E-09
     1    70     1     4        0  0.4994E+01  0.2215E-03  0.0000E+00  0.6747E-03
     1    70     1     5        0  0.8583E-01  0.5390E-01  0.0000E+00  0.3756E-08
     1    71     1     1        0  0.0000E+00  0.1518E+02  0.2255E+04  0.1000E+03
     1    71     1     2        0  0.1810E+05  0.2982E-03  0.0000E+00  0.7732E-03
     1    71     1     3        0  0.1316E+00  0.1197E+02  0.0000E+00  0.1263E-08
     1    71     1     4        0  0.8652E+01  0.2785E-03  0.0000E+00  0.9077E-03
     1    71     1     5        0  0.1536E+00  0.6163E-01  0.0000E+00  0.6694E-08
     1    72     1     1        0  0.0000E+00  0.2213E+02  0.2460E+04  0.1000E+03
     1    72     1     2        0  0.1987E+05  0.3308E-03  0.2854E-01  0.1290E-02
     1    72     1     3        0  0.2430E+00  0.1393E+02  0.0000E+00  0.1904E-08
     1    72     1     4        0  0.1045E+02  0.3239E-03  0.2166E-01  0.9751E-03
     1    72     1     5        0  0.1844E+00  0.7589E-01  0.0000E+00  0.1226E-07
     1    73     1     1        0  0.0000E+00  0.2989E+02  0.2297E+04  0.1000E+03
     1    73     1     2        0  0.1847E+05  0.5839E-03  0.0000E+00  0.6658E-03
     1    73     1     3        0  0.1156E+00  0.1775E+02  0.0000E+00  0.1888E-08
     1    73     1     4        0  0.9429E+01  0.3395E-03  0.0000E+00  0.9072E-03
     1    73     1     5        0  0.1603E+00  0.9964E-01  0.0000E+00  0.5945E-08
     1    74     1     1        0  0.0000E+00  0.4093E+02  0.1797E+04  0.1000E+03
     1    74     1     2        0  0.1399E+05  0.9690E-03  0.2036E-01  0.1227E-02
     1    74     1     3        0  0.1739E+00  0.2504E+02  0.0000E+00  0.1551E-08
     1    74     1     4        0  0.6166E+01  0.4402E-03  0.0000E+00  0.6901E-03
     1    74     1     5        0  0.9556E-01  0.1419E+00  0.0000E+00  0.8777E-08
     1    75     1     1        0  0.0000E+00  0.6273E+02  0.1031E+04  0.1000E+03
     1    75     1     2        0  0.6975E+04  0.5707E-03  0.0000E+00  0.1518E-03
     1    75     1     3        0  0.7689E-02  0.4071E+02  0.0000E+00  0.3926E-09
     1    75     1     4        0  0.2430E+01  0.5138E-03  0.0000E+00  0.3143E-03
     1    75     1     5        0  0.2834E-01  0.2296E+00  0.0000E+00  0.4863E-09
     1    76     1     1        0  0.0000E+00  0.1000E+03  0.4649E+03  0.1000E+03
     1    76     1     2        0  0.3931E+04  0.1757E-02  0.0000E+00  0.1276E-03
     1    76     1     3        0  0.7183E-02  0.4808E+02  0.0000E+00  0.8118E-10
     1    76     1     4        0  0.1846E+00  0.8449E-03  0.0000E+00  0.2366E-04
     1    77     1     1        0  0.0000E+00  0.1030E+02  0.5492E+03  0.1000E+03
     1    77     1     2        0  0.4151E+04  0.8620E-04  0.0000E+00  0.5907E-03
     1    77     1     3        0  0.3777E-01  0.4265E+02  0.0000E+00  0.7467E-10
     1    77     1     4        0  0.5608E+00  0.2928E-03  0.0000E+00  0.1656E-03
     1    77     1     5        0  0.7432E-02  0.2158E+00  0.0000E+00  0.1435E-08
     1    78     1     1        0  0.0000E+00  0.1687E+02  0.1388E+04  0.1000E+03
     1    78     1     2        0  0.1074E+05  0.6208E-04  0.0000E+00  0.1436E-02
     1    78     1     3        0  0.1527E+00  0.4588E+02  0.0000E+00  0.2454E-09
     1    78     1     4        0  0.3286E+01  0.9734E-03  0.0000E+00  0.5768E-03
     1    78     1     5        0  0.5909E-01  0.2419E+00  0.0000E+00  0.7529E-08
     1    79     1     1        0  0.0000E+00  0.1321E+02  0.2018E+04  0.1000E+03
     1    79     1     2        0  0.1616E+05  0.7048E-04  0.0000E+00  0.2800E-03
     1    79     1     3        0  0.3795E-01  0.3289E+02  0.0000E+00  0.4705E-09
     1    79     1     4        0  0.6847E+01  0.4005E-03  0.0000E+00  0.8643E-03
     1    79     1     5        0  0.1276E+00  0.1792E+00  0.0000E+00  0.1763E-08
     1    80     1     1        0  0.0000E+00  0.1079E+02  0.2328E+04  0.1000E+03
     1    80     1     2        0  0.1877E+05  0.2398E-04  0.4275E-01  0.2063E-02
     1    80     1     3        0  0.3630E+00  0.2219E+02  0.0000E+00  0.3599E-09
     1    80     1     4        0  0.9297E+01  0.6548E-03  0.2018E-01  0.9690E-03
     1    80     1     5        0  0.1713E+00  0.1239E+00  0.0000E+00  0.1864E-07
     1    81     1     1        0  0.0000E+00  0.1267E+02  0.2282E+04  0.1000E+03
     1    81     1     2        0  0.1836E+05  0.1763E-03  0.0000E+00  0.2102E-03
     1    81     1     3        0  0.2272E-01  0.1565E+02  0.0000E+00  0.4680E-09
     1    81     1     4        0  0.9284E+01  0.9904E-04  0.0000E+00  0.9486E-03
     1    81     1     5        0  0.1643E+00  0.8748E-01  0.0000E+00  0.1305E-08
     1    82     1     1        0  0.0000E+00  0.1621E+02  0.1894E+04  0.1000E+03
     1    82     1     2        0  0.1484E+05  0.2294E-03  0.3379E-01  0.1969E-02
     1    82     1     3        0  0.2869E+00  0.1168E+02  0.0000E+00  0.1126E-08
     1    82     1     4        0  0.6786E+01  0.3819E-03  0.0000E+00  0.7669E-03
     1    82     1     5        0  0.1110E+00  0.6343E-01  0.0000E+00  0.1492E-07
     1    83     1     1        0  0.0000E+00  0.2206E+02  0.1221E+04  0.1000E+03
     1    83     1     2        0  0.8677E+04  0.3321E-03  0.0000E+00  0.5964E-03
     1    83     1     3        0  0.5325E-01  0.8971E+01  0.0000E+00  0.1744E-08
     1    83     1     4        0  0.3187E+01  0.1501E-03  0.0000E+00  0.4433E-03
     1    83     1     5        0  0.4315E-01  0.4632E-01  0.0000E+00  0.2886E-08
     1    84     1     1        0  0.0000E+00  0.3603E+02  0.4452E+03  0.1000E+03
     1    84     1     2        0  0.3731E+04  0.6772E-03  0.0000E+00  0.7610E-03
     1    84     1     3        0  0.4073E-01  0.5994E+01  0.0000E+00  0.1352E-08
     1    84     1     4        0  0.5019E+00  0.1310E-03  0.0000E+00  0.4091E-04
     1    84     1     5        0  0.1678E-02  0.2990E-01  0.0000E+00  0.1245E-08
     1    85     1     1        0  0.0000E+00  0.1000E+03  0.5270E+03  0.1000E+03
     1    85     1     2        0  0.4369E+04  0.2690E-02  0.0000E+00  0.4556E-03
     1    85     1     3        0  0.3103E-01  0.1628E+02  0.0000E+00  0.7356E-09
     1    85     1     4        0  0.2159E+00  0.1437E-03  0.0000E+00  0.3311E-04
     1    86     1     1        0  0.0000E+00  0.6175E+01  0.1141E+04  0.1000E+03
     1    86     1     2        0  0.8297E+04  0.2327E-03  0.0000E+00  0.1493E-02
     1    86     1     3        0  0.1258E+00  0.1250E+02  0.0000E+00  0.9167E-09
     1    86     1     4        0  0.2457E+01  0.3857E-03  0.0000E+00  0.4793E-03
     1    86     1     5        0  0.3830E-01  0.6169E-01  0.0000E+00  0.6485E-08
     1    87     1     1        0  0.0000E+00  0.9814E+01  0.1833E+04  0.1000E+03
     1    87     1     2        0  0.1422E+05  0.1719E-03  0.0000E+00  0.3348E-03
     1    87     1     3        0  0.4736E-01  0.1155E+02  0.0000E+00  0.6203E-09
     1    87     1     4        0  0.6005E+01  0.1629E-03  0.0000E+00  0.7910E-03
     1    87     1     5        0  0.1034E+00  0.6196E-01  0.0000E+00  0.2350E-08
     1    88     1     1        0  0.0000E+00  0.1741E+02  0.2238E+04  0.1000E+03
     1    88     1     2        0  0.1756E+05  0.3262E-03  0.3838E-01  0.1949E-02
     1    88     1     3        0  0.3198E+00  0.1244E+02  0.0000E+00  0.1632E-08
     1    88     1     4        0  0.8927E+01  0.3139E-03  0.0000E+00  0.9543E-03
     1    88     1     5        0  0.1565E+00  0.7121E-01  0.0000E+00  0.1711E-07
     1    89     1     1        0  0.0000E+00  0.2435E+02  0.2302E+04  0.1000E+03
     1    89     1     2        0  0.1812E+05  0.4143E-03  0.0000E+00  0.2272E-03
     1    89     1     3        0  0.3466E-01  0.1474E+02  0.0000E+00  0.1896E-08
     1    89     1     4        0  0.9628E+01  0.2094E-03  0.1988E-01  0.9737E-03
     1    89     1     5        0  0.1661E+00  0.8769E-01  0.0000E+00  0.1931E-08
     1    90     1     1        0  0.0000E+00  0.3290E+02  0.2024E+04  0.1000E+03
     1    90     1     2        0  0.1567E+05  0.8690E-03  0.3222E-01  0.1786E-02
     1    90     1     3        0  0.2694E+00  0.1922E+02  0.0000E+00  0.2162E-08
     1    90     1     4        0  0.7749E+01  0.4408E-03  0.0000E+00  0.8397E-03
     1    90     1     5        0  0.1266E+00  0.1162E+00  0.0000E+00  0.1470E-07
     1    91     1     1        0  0.0000E+00  0.4696E+02  0.1446E+04  0.1000E+03
     1    91     1     2        0  0.1050E+05  0.6843E-03  0.0000E+00  0.2329E-03
     1    91     1     3        0  0.1702E-01  0.2834E+02  0.0000E+00  0.1197E-08
     1    91     1     4        0  0.4327E+01  0.3905E-03  0.0000E+00  0.5812E-03
     1    91     1     5        0  0.6154E-01  0.1716E+00  0.0000E+00  0.1147E-08
     1    92     1     1        0  0.0000E+00  0.9327E+02  0.6490E+03  0.1000E+03
     1    92     1     2        0  0.3940E+04  0.1666E-02  0.0000E+00  0.8572E-03
     1    92     1     3        0  0.5300E-01  0.5676E+02  0.0000E+00  0.4460E-09
     1    92     1     4        0  0.1203E+01  0.1404E-02  0.0000E+00  0.1526E-03
     1    92     1     5        0  0.9616E-02  0.3410E+00  0.0000E+00  0.2355E-08
     1    93     1     1        0  0.0000E+00  0.3690E+02  0.5058E+03  0.1000E+03
     1    93     1     2        0  0.4162E+04  0.5030E-03  0.0000E+00  0.7248E-04
     1    93     1     3        0  0.5361E-02  0.3538E+01  0.0000E+00  0.5098E-10
     1    93     1     4        0  0.1356E-02  0.9622E-04  0.0000E+00  0.1971E-04
     1    94     1     1        0  0.0000E+00  0.1350E+02  0.8395E+03  0.1000E+03
     1    94     1     2        0  0.5606E+04  0.3282E-04  0.0000E+00  0.7130E-03
     1    94     1     3        0  0.4095E-01  0.3836E+02  0.0000E+00  0.7862E-10
     1    94     1     4        0  0.1301E+01  0.7190E-03  0.0000E+00  0.3674E-03
     1    94     1     5        0  0.2038E-01  0.2111E+00  0.0000E+00  0.2398E-08
     1    95     1     1        0  0.0000E+00  0.1494E+02  0.1576E+04  0.1000E+03
     1    95     1     2        0  0.1208E+05  0.6107E-04  0.0000E+00  0.4041E-03
     1    95     1     3        0  0.4544E-01  0.3840E+02  0.0000E+00  0.3055E-09
     1    95     1     4        0  0.4350E+01  0.7432E-03  0.0000E+00  0.6977E-03
     1    95     1     5        0  0.7856E-01  0.2182E+00  0.0000E+00  0.2561E-08
     1    96     1     1        0  0.0000E+00  0.1188E+02  0.2067E+04  0.1000E+03
     1    96     1     2        0  0.1620E+05  0.4587E-04  0.0000E+00  0.1032E-02
     1    96     1     3        0  0.1517E+00  0.2833E+02  0.0000E+00  0.4080E-09
     1    96     1     4        0  0.7482E+01  0.5499E-03  0.0000E+00  0.9232E-03
     1    96     1     5        0  0.1375E+00  0.1658E+00  0.0000E+00  0.8790E-08
     1    97     1     1        0  0.0000E+00  0.1177E+02  0.2238E+04  0.1000E+03
     1    97     1     2        0  0.1760E+05  0.6872E-04  0.2077E-01  0.1048E-02
     1    97     1     3        0  0.1729E+00  0.1981E+02  0.0000E+00  0.2217E-09
     1    97     1     4        0  0.8988E+01  0.5248E-03  0.1943E-01  0.9809E-03
     1    97     1     5        0  0.1617E+00  0.1179E+00  0.0000E+00  0.1006E-07
     1    98     1     1        0  0.0000E+00  0.1391E+02  0.2068E+04  0.1000E+03
     1    98     1     2        0  0.1609E+05  0.6567E-04  0.0000E+00  0.8838E-03
     1    98     1     3        0  0.1342E+00  0.1431E+02  0.0000E+00  0.4098E-09
     1    98     1     4        0  0.8027E+01  0.2487E-03  0.0000E+00  0.8956E-03
     1    98     1     5        0  0.1369E+00  0.8453E-01  0.0000E+00  0.7899E-08
     1    99     1     1        0  0.0000E+00  0.1785E+02  0.1588E+04  0.1000E+03
     1    99     1     2        0  0.1178E+05  0.3689E-03  0.0000E+00  0.9718E-03
     1    99     1     3        0  0.1146E+00  0.1078E+02  0.0000E+00  0.1442E-08
     1    99     1     4        0  0.5102E+01  0.1994E-03  0.0000E+00  0.6689E-03
     1    99     1     5        0  0.7802E-01  0.6143E-01  0.0000E+00  0.6771E-08
     1   100     1     1        0  0.0000E+00  0.2502E+02  0.8649E+03  0.1000E+03
     1   100     1     2        0  0.5239E+04  0.7328E-03  0.0000E+00  0.1824E-03
     1   100     1     3        0  0.1257E-01  0.8044E+01  0.0000E+00  0.2364E-08
     1   100     1     4        0  0.1839E+01  0.1256E-03  0.0000E+00  0.2774E-03
     1   100     1     5        0  0.2025E-01  0.4373E-01  0.0000E+00  0.6693E-09
     1   101     1     1        0  0.0000E+00  0.4864E+02  0.4463E+03  0.1000E+03
     1   101     1     2        0  0.3667E+04  0.1254E-02  0.0000E+00  0.3416E-04
     1   101     1     3        0  0.1801E-02  0.3320E+01  0.0000E+00  0.2838E-09
     1   101     1     4        0  0.6652E-01  0.3997E-04  0.0000E+00  0.1773E-04
     1   102     1     1        0  0.0000E+00  0.4700E+02  0.5970E+03  0.1000E+03
     1   102     1     2        0  0.4188E+04  0.1347E-02  0.0000E+00  0.4372E-03
     1   102     1     3        0  0.2635E-01  0.1981E+02  0.0000E+00  0.1457E-08
     1   102     1     4        0  0.7595E+00  0.2434E-03  0.0000E+00  0.2095E-03
     1   102     1     5        0  0.8746E-02  0.9863E-01  0.0000E+00  0.1136E-08
     1   103     1     1        0  0.0000E+00  0.4123E+01  0.1365E+04  0.1000E+03
     1   103     1     2        0  0.1007E+05  0.5931E-04  0.0000E+00  0.1277E-02
     1   103     1     3        0  0.1250E+00  0.1213E+02  0.0000E+00  0.4801E-09
     1   103     1     4        0  0.3526E+01  0.3268E-03  0.0000E+00  0.6056E-03
     1   103     1     5        0  0.5746E-01  0.6539E-01  0.0000E+00  0.6980E-08
     1   104     1     1        0  0.0000E+00  0.1252E+02  0.1932E+04  0.1000E+03
     1   104     1     2        0  0.1482E+05  0.1928E-03  0.0000E+00  0.1186E-03
     1   104     1     3        0  0.9524E-02  0.1177E+02  0.0000E+00  0.7932E-09
     1   104     1     4        0  0.6869E+01  0.1470E-03  0.0000E+00  0.8841E-03
     1   104     1     5        0  0.1186E+00  0.6822E-01  0.0000E+00  0.5077E-09
     1   105     1     1        0  0.0000E+00  0.1948E+02  0.2201E+04  0.1000E+03
     1   105     1     2        0  0.1698E+05  0.4665E-03  0.3758E-01  0.1942E-02
     1   105     1     3        0  0.3086E+00  0.1294E+02  0.0000E+00  0.1987E-08
     1   105     1     4        0  0.8955E+01  0.4927E-03  0.1891E-01  0.9795E-03
     1   105     1     5        0  0.1553E+00  0.7880E-01  0.0000E+00  0.1767E-07
     1   106     1     1        0  0.0000E+00  0.2666E+02  0.2137E+04  0.1000E+03
     1   106     1     2        0  0.1644E+05  0.4283E-03  0.0000E+00  0.1752E-03
     1   106     1     3        0  0.1959E-01  0.1561E+02  0.0000E+00  0.2067E-08
     1   106     1     4        0  0.8656E+01  0.2483E-03  0.0000E+00  0.9442E-03
     1   106     1     5        0  0.1459E+00  0.9752E-01  0.0000E+00  0.1301E-08
     1   107     1     1        0  0.0000E+00  0.3654E+02  0.1756E+04  0.1000E+03
     1   107     1     2        0  0.1308E+05  0.7208E-03  0.2914E-01  0.1873E-02
     1   107     1     3        0  0.2398E+00  0.2091E+02  0.0000E+00  0.1678E-08
     1   107     1     4        0  0.6152E+01  0.6092E-03  0.0000E+00  0.7537E-03
     1   107     1     5        0  0.9598E-01  0.1316E+00  0.0000E+00  0.1397E-07
     1   108     1     1        0  0.0000E+00  0.5703E+02  0.1111E+04  0.1000E+03
     1   108     1     2        0  0.7337E+04  0.1161E-02  0.0000E+00  0.5604E-03
     1   108     1     3        0  0.4277E-01  0.3340E+02  0.0000E+00  0.1067E-08
     1   108     1     4        0  0.2815E+01  0.5070E-03  0.0000E+00  0.4178E-03
     1   108     1     5        0  0.3523E-01  0.2092E+00  0.0000E+00  0.2489E-08
     1   109     1     1        0  0.0000E+00  0.1000E+03  0.4686E+03  0.1000E+03
     1   109     1     2        0  0.3839E+04  0.1099E-02  0.0000E+00  0.5727E-03
     1   109     1     3        0  0.2862E-01  0.5165E+02  0.0000E+00  0.1655E-09
     1   109     1     4        0  0.4241E+00  0.9948E-03  0.0000E+00  0.2424E-04
     1   110     1     1        0  0.0000E+00  0.6743E+01  0.4956E+03  0.1000E+03
     1   110     1     2        0  0.4035E+04  0.2545E-04  0.0000E+00  0.5428E-03
     1   110     1     3        0  0.3301E-01  0.1895E+02  0.0000E+00  0.6443E-10
     1   110     1     4        0  0.2083E+00  0.1930E-03  0.0000E+00  0.4750E-04
     1   111     1     1        0  0.0000E+00  0.2687E+02  0.1440E+04  0.1000E+03
     1   111     1     2        0  0.1591E+05  0.2314E-03  0.3992E-01  0.2930E-02
     1   111     1     3        0  0.4901E+00  0.6960E+02  0.0000E+00  0.5711E-09
     1   111     1     4        0  0.1235E+02  0.3670E-02  0.0000E+00  0.9312E-03
     1   111     1     5        0  0.1493E+00  0.6611E+00  0.0000E+00  0.2825E-07
     1   112     1     1        0  0.0000E+00  0.2413E+02  0.2092E+04  0.1000E+03
     1   112     1     2        0  0.2384E+05  0.3524E-03  0.0000E+00  0.5369E-03
     1   112     1     3        0  0.1178E+00  0.4301E+02  0.0000E+00  0.3467E-09
     1   112     1     4        0  0.2591E+02  0.6735E-03  0.2614E-01  0.1412E-02
     1   112     1     5        0  0.3215E+00  0.4236E+00  0.0000E+00  0.6147E-08
     1   113     1     1        0  0.0000E+00  0.2225E+02  0.2034E+04  0.1000E+03
     1   113     1     2        0  0.2297E+05  0.6661E-03  0.5772E-01  0.3120E-02
     1   113     1     3        0  0.7103E+00  0.2543E+02  0.0000E+00  0.4584E-08
     1   113     1     4        0  0.2571E+02  0.1373E-02  0.2442E-01  0.1407E-02
     1   113     1     5        0  0.3004E+00  0.2502E+00  0.0000E+00  0.4305E-07
     1   114     1     1        0  0.0000E+00  0.3022E+02  0.1292E+04  0.1000E+03
     1   114     1     2        0  0.1327E+05  0.1458E-02  0.0000E+00  0.4478E-03
     1   114     1     3        0  0.5119E-01  0.1453E+02  0.0000E+00  0.1171E-07
     1   114     1     4        0  0.1178E+02  0.3151E-03  0.0000E+00  0.8578E-03
     1   114     1     5        0  0.1130E+00  0.1354E+00  0.0000E+00  0.3362E-08
     1   115     1     1        0  0.0000E+00  0.4636E+02  0.4492E+03  0.1000E+03
     1   115     1     2        0  0.5462E+04  0.2051E-02  0.0000E+00  0.3281E-03
     1   115     1     3        0  0.2481E-01  0.4828E+01  0.0000E+00  0.2771E-08
     1   115     1     4        0  0.4602E+00  0.1067E-03  0.0000E+00  0.4026E-04
     1   116     1     1        0  0.0000E+00  0.4981E+02  0.8730E+03  0.1000E+03
     1   116     1     2        0  0.8443E+04  0.4588E-02  0.0000E+00  0.1808E-02
     1   116     1     3        0  0.1848E+00  0.4344E+02  0.0000E+00  0.7035E-08
     1   116     1     4        0  0.5243E+01  0.9210E-03  0.0000E+00  0.5716E-03
     1   116     1     5        0  0.4996E-01  0.3818E+00  0.0000E+00  0.1096E-07
     1   117     1     1        0  0.0000E+00  0.1708E+02  0.1823E+04  0.1000E+03
     1   117     1     2        0  0.2037E+05  0.3853E-03  0.5484E-01  0.3313E-02
     1   117     1     3        0  0.6693E+00  0.1915E+02  0.0000E+00  0.3798E-08
     1   117     1     4        0  0.2078E+02  0.9576E-03  0.1965E-01  0.1229E-02
     1   117     1     5        0  0.2399E+00  0.1852E+00  0.0000E+00  0.4118E-07
     1   118     1     1        0  0.0000E+00  0.2981E+02  0.2155E+04  0.1000E+03
     1   118     1     2        0  0.2428E+05  0.1049E-02  0.0000E+00  0.6616E-03
     1   118     1     3        0  0.1611E+00  0.1837E+02  0.0000E+00  0.1055E-07
     1   118     1     4        0  0.2916E+02  0.5024E-03  0.2761E-01  0.1475E-02
     1   118     1     5        0  0.3375E+00  0.1869E+00  0.0000E+00  0.9670E-08
     1   119     1     1        0  0.0000E+00  0.4451E+02  0.1769E+04  0.1000E+03
     1   119     1     2        0  0.1929E+05  0.1505E-02  0.5831E-01  0.3729E-02
     1   119     1     3        0  0.7130E+00  0.2198E+02  0.0000E+00  0.1247E-07
     1   119     1     4        0  0.2063E+02  0.8498E-03  0.1804E-01  0.1205E-02
     1   119     1     5        0  0.2206E+00  0.2244E+00  0.0000E+00  0.4455E-07
     1   120     1     1        0  0.0000E+00  0.1000E+03  0.7903E+03  0.1000E+03
     1   120     1     2        0  0.6495E+04  0.2106E-02  0.0000E+00  0.1517E-02
     1   120     1     3        0  0.1437E+00  0.4357E+02  0.0000E+00  0.5303E-08
     1   120     1     4        0  0.5202E+01  0.5161E-03  0.0000E+00  0.3944E-03
     1   120     1     5        0  0.3601E-01  0.4362E+00  0.0000E+00  0.8076E-08
     1   121     1     1        0  0.0000E+00  0.4899E+01  0.4965E+03  0.1000E+03
     1   121     1     2        0  0.5987E+04  0.1381E-03  0.0000E+00  0.4215E-03
     1   121     1     3        0  0.3815E-01  0.1007E+02  0.0000E+00  0.8626E-10
     1   121     1     4        0  0.4197E+00  0.5207E-03  0.0000E+00  0.3050E-04
     1   122     1     1        0  0.0000E+00  0.2938E+02  0.1334E+04  0.1000E+03
     1   122     1     2        0  0.1441E+05  0.9995E-03  0.0000E+00  0.1091E-02
     1   122     1     3        0  0.1782E+00  0.2917E+02  0.0000E+00  0.3977E-08
     1   122     1     4        0  0.1110E+02  0.4111E-03  0.0000E+00  0.8844E-03
     1   122     1     5        0  0.1283E+00  0.2828E+00  0.0000E+00  0.9102E-08
     1   123     1     1        0  0.0000E+00  0.3420E+02  0.2021E+04  0.1000E+03
     1   123     1     2        0  0.2279E+05  0.4565E-03  0.6301E-01  0.3317E-02
     1   123     1     3        0  0.7681E+00  0.4084E+02  0.0000E+00  0.2924E-08
     1   123     1     4        0  0.2463E+02  0.2841E-02  0.2482E-01  0.1393E-02
     1   123     1     5        0  0.3025E+00  0.4095E+00  0.0000E+00  0.4619E-07
     1   124     1     1        0  0.0000E+00  0.3095E+02  0.2021E+04  0.1000E+03
     1   124     1     2        0  0.2263E+05  0.5885E-03  0.0000E+00  0.7338E-03
     1   124     1     3        0  0.1503E+00  0.3471E+02  0.0000E+00  0.3288E-08
     1   124     1     4        0  0.2548E+02  0.6999E-03  0.2458E-01  0.1434E-02
     1   124     1     5        0  0.2998E+00  0.3506E+00  0.0000E+00  0.8319E-08
     1   125     1     1        0  0.0000E+00  0.2799E+02  0.1342E+04  0.1000E+03
     1   125     1     2        0  0.1380E+05  0.4423E-03  0.4129E-01  0.3412E-02
     1   125     1     3        0  0.5029E+00  0.2106E+02  0.0000E+00  0.4405E-08
     1   125     1     4        0  0.1261E+02  0.1019E-02  0.0000E+00  0.9150E-03
     1   125     1     5        0  0.1240E+00  0.2053E+00  0.0000E+00  0.3230E-07
     1   126     1     1        0  0.0000E+00  0.3659E+02  0.4502E+03  0.1000E+03
     1   126     1     2        0  0.5441E+04  0.1274E-02  0.0000E+00  0.8070E-03
     1   126     1     3        0  0.5868E-01  0.6487E+01  0.0000E+00  0.3047E-08
     1   126     1     4        0  0.8435E+00  0.8146E-04  0.0000E+00  0.4136E-04
     1   126     1     5        0  0.2203E-02  0.5997E-01  0.0000E+00  0.1366E-08
     1   127     1     1        0  0.0000E+00  0.1000E+03  0.7626E+03  0.1000E+03
     1   127     1     2        0  0.6947E+04  0.6121E-02  0.1786E-01  0.2709E-02
     1   127     1     3        0  0.2162E+00  0.6713E+02  0.0000E+00  0.7255E-08
     1   127     1     4        0  0.4043E+01  0.3208E-02  0.0000E+00  0.5188E-03
     1   127     1     5        0  0.3729E-01  0.6000E+00  0.0000E+00  0.1466E-07
     1   128     1     1        0  0.0000E+00  0.9155E+01  0.1728E+04  0.1000E+03
     1   128     1     2        0  0.1911E+05  0.1870E-03  0.0000E+00  0.9779E-03
     1   128     1     3        0  0.2015E+00  0.2669E+02  0.0000E+00  0.5242E-09
     1   128     1     4        0  0.1879E+02  0.6670E-03  0.1797E-01  0.1181E-02
     1   128     1     5        0  0.2177E+00  0.2601E+00  0.0000E+00  0.1103E-07
     1   129     1     1        0  0.0000E+00  0.2436E+02  0.2108E+04  0.1000E+03
     1   129     1     2        0  0.2358E+05  0.8044E-03  0.6618E-01  0.3493E-02
     1   129     1     3        0  0.8028E+00  0.1876E+02  0.0000E+00  0.8315E-08
     1   129     1     4        0  0.2829E+02  0.9935E-03  0.2696E-01  0.1471E-02
     1   129     1     5        0  0.3270E+00  0.1939E+00  0.0000E+00  0.5062E-07
     1   130     1     1        0  0.0000E+00  0.3547E+02  0.1784E+04  0.1000E+03
     1   130     1     2        0  0.1939E+05  0.1276E-02  0.0000E+00  0.4118E-03
     1   130     1     3        0  0.7473E-01  0.1748E+02  0.0000E+00  0.1260E-07
     1   130     1     4        0  0.2137E+02  0.3493E-03  0.1878E-01  0.1245E-02
     1   130     1     5        0  0.2279E+00  0.1809E+00  0.0000E+00  0.5502E-08
     1   131     1     1        0  0.0000E+00  0.6138E+02  0.8617E+03  0.1000E+03
     1   131     1     2        0  0.7406E+04  0.2981E-02  0.1928E-01  0.2384E-02
     1   131     1     3        0  0.2335E+00  0.2043E+02  0.0000E+00  0.1153E-07
     1   131     1     4        0  0.6117E+01  0.9116E-03  0.0000E+00  0.4747E-03
     1   131     1     5        0  0.4496E-01  0.2061E+00  0.0000E+00  0.1460E-07
     1   132     1     1        0  0.0000E+00  0.3464E+02  0.4951E+03  0.1000E+03
     1   132     1     2        0  0.5924E+04  0.1669E-02  0.0000E+00  0.2414E-03
     1   132     1     3        0  0.2369E-01  0.8427E+01  0.0000E+00  0.6225E-09
     1   132     1     4        0  0.1787E+00  0.2741E-03  0.0000E+00  0.3007E-04
     1   133     1     1        0  0.0000E+00  0.1702E+01  0.4910E+03  0.1000E+03
     1   133     1     2        0  0.4396E+03  0.2883E-06  0.0000E+00  0.1401E-04
     1   133     1     3        0  0.0000E+00  0.7171E+00  0.0000E+00  0.5397E-09
