SUMMARY OF C0NVERGENCE INFORMATION
  STEP   INC  ATT   ITER     CONT.   RESID.        CORR.      RESID.      CORR.
                              EL.    FORCE         DISP       FLUX        TEMP.
                              (#)     (%)           (%)        (%)         (%)
     1     1     1     1        0  0.0000E+00  0.1000E-29  0.1887E+04  0.1000E+03
     1     1     1     2        0  0.6065E+04  0.1000E-29  0.0000E+00  0.1187E-05
     1     1     1     3        0  0.0000E+00  0.1000E+03  0.0000E+00  0.1576E-09
     1     2     1     1        0  0.0000E+00  0.7013E+02  0.2988E+04  0.1000E+03
     1     2     1     2        0  0.1377E+05  0.1185E-03  0.0000E+00  0.2354E-03
     1     2     1     3        0  0.2828E+00  0.6875E+02  0.0000E+00  0.8691E-10
     1     2     1     4        0  0.6396E+01  0.9194E-04  0.0000E+00  0.1746E-03
     1     2     1     5        0  0.2127E+00  0.4021E-02  0.0000E+00  0.4293E-09
     1     3     1     1        0  0.0000E+00  0.2328E+02  0.3565E+04  0.1000E+03
     1     3     1     2        0  0.2049E+05  0.7934E-04  0.0000E+00  0.1502E-03
     1     3     1     3        0  0.1565E+00  0.4439E+02  0.0000E+00  0.6648E-10
     1     3     1     4        0  0.7800E+01  0.9213E-04  0.0000E+00  0.2723E-03
     1     3     1     5        0  0.2752E+00  0.4843E-02  0.0000E+00  0.4105E-09
     1     4     1     1        0  0.0000E+00  0.2702E+02  0.3842E+04  0.1000E+03
     1     4     1     2        0  0.2573E+05  0.3714E-04  0.0000E+00  0.4811E-03
     1     4     1     3        0  0.3894E+00  0.2790E+02  0.0000E+00  0.5737E-10
     1     4     1     4        0  0.8222E+01  0.8630E-04  0.0000E+00  0.3603E-03
     1     4     1     5        0  0.2978E+00  0.4688E-02  0.0000E+00  0.1505E-08
     1     5     1     1        0  0.0000E+00  0.1020E+02  0.3937E+04  0.1000E+03
     1     5     1     2        0  0.2925E+05  0.3927E-04  0.0000E+00  0.2680E-03
     1     5     1     3        0  0.1959E+00  0.1925E+02  0.0000E+00  0.8069E-10
     1     5     1     4        0  0.7849E+01  0.3403E-04  0.0000E+00  0.4145E-03
     1     5     1     5        0  0.2876E+00  0.4423E-02  0.0000E+00  0.9783E-09
     1     6     1     1        0  0.0000E+00  0.1237E+02  0.3887E+04  0.1000E+03
     1     6     1     2        0  0.3077E+05  0.2235E-04  0.0000E+00  0.6036E-03
     1     6     1     3        0  0.3352E+00  0.1303E+02  0.0000E+00  0.8047E-10
     1     6     1     4        0  0.6907E+01  0.4160E-04  0.0000E+00  0.4433E-03
     1     6     1     5        0  0.2533E+00  0.3751E-02  0.0000E+00  0.2338E-08
     1     7     1     1        0  0.0000E+00  0.6245E+01  0.3711E+04  0.1000E+03
     1     7     1     2        0  0.3020E+05  0.2061E-04  0.0000E+00  0.2966E-03
     1     7     1     3        0  0.1462E+00  0.9697E+01  0.0000E+00  0.9638E-10
     1     7     1     4        0  0.5647E+01  0.1375E-04  0.0000E+00  0.4470E-03
     1     7     1     5        0  0.2058E+00  0.3256E-02  0.0000E+00  0.1249E-08
     1     8     1     1        0  0.0000E+00  0.6990E+01  0.3426E+04  0.1000E+03
     1     8     1     2        0  0.2769E+05  0.1170E-04  0.0000E+00  0.6099E-03
     1     8     1     3        0  0.2130E+00  0.7377E+01  0.0000E+00  0.8076E-10
     1     8     1     4        0  0.4283E+01  0.2330E-04  0.0000E+00  0.4231E-03
     1     8     1     5        0  0.1541E+00  0.2706E-02  0.0000E+00  0.2332E-08
     1     9     1     1        0  0.0000E+00  0.3777E+01  0.3034E+04  0.1000E+03
     1     9     1     2        0  0.2368E+05  0.1417E-04  0.0000E+00  0.2397E-03
     1     9     1     3        0  0.7196E-01  0.5658E+01  0.0000E+00  0.6452E-10
     1     9     1     4        0  0.2974E+01  0.1423E-04  0.0000E+00  0.3587E-03
     1     9     1     5        0  0.1046E+00  0.2121E-02  0.0000E+00  0.8570E-09
     1    10     1     1        0  0.0000E+00  0.5071E+01  0.2537E+04  0.1000E+03
     1    10     1     2        0  0.1868E+05  0.1179E-04  0.0000E+00  0.4587E-03
     1    10     1     3        0  0.9612E-01  0.4322E+01  0.0000E+00  0.7563E-10
     1    10     1     4        0  0.1841E+01  0.1235E-04  0.0000E+00  0.2769E-03
     1    10     1     5        0  0.6241E-01  0.1543E-02  0.0000E+00  0.1353E-08
     1    11     1     1        0  0.0000E+00  0.4852E+01  0.1931E+04  0.1000E+03
     1    11     1     2        0  0.1314E+05  0.5955E-05  0.0000E+00  0.1150E-03
     1    11     1     3        0  0.1636E-01  0.3285E+01  0.0000E+00  0.7800E-10
     1    11     1     4        0  0.9615E+00  0.3291E-05  0.0000E+00  0.1991E-03
     1    11     1     5        0  0.3049E-01  0.1035E-02  0.0000E+00  0.2756E-09
     1    12     1     1        0  0.0000E+00  0.6621E+01  0.1213E+04  0.1000E+03
     1    12     1     2        0  0.7410E+04  0.6066E-05  0.0000E+00  0.2017E-03
     1    12     1     3        0  0.2210E-01  0.2282E+01  0.0000E+00  0.8641E-10
     1    12     1     4        0  0.3687E+00  0.3265E-05  0.0000E+00  0.9712E-04
     1    13     1     1        0  0.0000E+00  0.8937E+01  0.3766E+03  0.1000E+03
     1    13     1     2        0  0.2023E+04  0.2616E-04  0.0000E+00  0.4377E-04
     1    13     1     3        0  0.1600E-02  0.1171E+01  0.0000E+00  0.1250E-09
     1    13     1     4        0  0.6085E-01  0.3129E-05  0.0000E+00  0.2038E-04
     1    14     1     1        0  0.0000E+00  0.2289E+02  0.7135E+03  0.1000E+03
     1    14     1     2        0  0.5009E+04  0.1092E-03  0.0000E+00  0.1346E-03
     1    14     1     3        0  0.7604E-02  0.2355E+01  0.0000E+00  0.1962E-09
     1    14     1     4        0  0.1898E+00  0.3794E-05  0.0000E+00  0.8049E-04
     1    15     1     1        0  0.0000E+00  0.1000E+03  0.2549E+04  0.1000E+03
     1    15     1     2        0  0.2220E+05  0.3537E-02  0.0000E+00  0.8865E-03
     1    15     1     3        0  0.2248E+00  0.5069E+02  0.0000E+00  0.3030E-08
     1    15     1     4        0  0.7210E+01  0.1078E-02  0.0000E+00  0.5790E-03
     1    15     1     5        0  0.1552E+00  0.3425E-01  0.0000E+00  0.5192E-08
     1    16     1     1        0  0.0000E+00  0.8956E+01  0.3563E+04  0.1000E+03
     1    16     1     2        0  0.2962E+05  0.3322E-03  0.0000E+00  0.6774E-03
     1    16     1     3        0  0.2502E+00  0.1446E+02  0.0000E+00  0.1606E-08
     1    16     1     4        0  0.1525E+02  0.3199E-03  0.2967E-01  0.8630E-03
     1    16     1     5        0  0.3213E+00  0.1854E-01  0.0000E+00  0.6026E-08
     1    17     1     1        0  0.0000E+00  0.7699E+01  0.3577E+04  0.1000E+03
     1    17     1     2        0  0.3125E+05  0.1836E-03  0.3909E-01  0.1161E-02
     1    17     1     3        0  0.4406E+00  0.8369E+01  0.0000E+00  0.1087E-08
     1    17     1     4        0  0.1717E+02  0.2430E-03  0.3078E-01  0.9203E-03
     1    17     1     5        0  0.3469E+00  0.1505E-01  0.0000E+00  0.1094E-07
     1    18     1     1        0  0.0000E+00  0.1656E+02  0.2680E+04  0.1000E+03
     1    18     1     2        0  0.2582E+05  0.4234E-03  0.0000E+00  0.7541E-03
     1    18     1     3        0  0.2312E+00  0.5940E+01  0.0000E+00  0.2729E-08
     1    18     1     4        0  0.1072E+02  0.1239E-03  0.0000E+00  0.6681E-03
     1    18     1     5        0  0.2003E+00  0.1159E-01  0.0000E+00  0.5194E-08
     1    19     1     1        0  0.0000E+00  0.2874E+02  0.1088E+04  0.1000E+03
     1    19     1     2        0  0.1153E+05  0.6092E-03  0.0000E+00  0.3082E-03
     1    19     1     3        0  0.5391E-01  0.3890E+01  0.0000E+00  0.2879E-08
     1    19     1     4        0  0.2286E+01  0.5403E-04  0.0000E+00  0.1958E-03
     1    19     1     5        0  0.3212E-01  0.7163E-02  0.0000E+00  0.8885E-09
     1    20     1     1        0  0.0000E+00  0.1000E+03  0.4558E+03  0.1000E+03
     1    20     1     2        0  0.4425E+04  0.2758E-02  0.0000E+00  0.1711E-03
     1    20     1     3        0  0.1707E-01  0.6782E+01  0.0000E+00  0.2244E-08
     1    20     1     4        0  0.4129E+00  0.7851E-04  0.0000E+00  0.6490E-04
     1    21     1     1        0  0.0000E+00  0.1185E+02  0.2200E+04  0.1000E+03
     1    21     1     2        0  0.2153E+05  0.4063E-03  0.0000E+00  0.1056E-03
     1    21     1     3        0  0.2631E-01  0.8948E+01  0.0000E+00  0.1976E-08
     1    21     1     4        0  0.6896E+01  0.1489E-03  0.0000E+00  0.5691E-03
     1    21     1     5        0  0.1372E+00  0.1823E-01  0.0000E+00  0.6254E-09
     1    22     1     1        0  0.0000E+00  0.7593E+01  0.3230E+04  0.1000E+03
     1    22     1     2        0  0.3097E+05  0.9331E-04  0.4131E-01  0.1391E-02
     1    22     1     3        0  0.4690E+00  0.7162E+01  0.0000E+00  0.1133E-08
     1    22     1     4        0  0.1518E+02  0.1900E-03  0.0000E+00  0.8860E-03
     1    22     1     5        0  0.3047E+00  0.1579E-01  0.0000E+00  0.1219E-07
     1    23     1     1        0  0.0000E+00  0.1752E+02  0.3322E+04  0.1000E+03
     1    23     1     2        0  0.3218E+05  0.4922E-03  0.0000E+00  0.5401E-03
     1    23     1     3        0  0.1867E+00  0.7031E+01  0.0000E+00  0.4240E-08
     1    23     1     4        0  0.1657E+02  0.1337E-03  0.2891E-01  0.9370E-03
     1    23     1     5        0  0.3266E+00  0.1452E-01  0.0000E+00  0.5018E-08
     1    24     1     1        0  0.0000E+00  0.3057E+02  0.2503E+04  0.1000E+03
     1    24     1     2        0  0.2476E+05  0.8716E-03  0.3391E-01  0.1346E-02
     1    24     1     3        0  0.3723E+00  0.7873E+01  0.0000E+00  0.5318E-08
     1    24     1     4        0  0.9917E+01  0.1907E-03  0.0000E+00  0.6973E-03
     1    24     1     5        0  0.1844E+00  0.1442E-01  0.0000E+00  0.9921E-08
     1    25     1     1        0  0.0000E+00  0.1000E+03  0.9843E+03  0.1000E+03
     1    25     1     2        0  0.9907E+04  0.2962E-02  0.0000E+00  0.1735E-03
     1    25     1     3        0  0.1687E-01  0.1475E+02  0.0000E+00  0.3242E-08
     1    25     1     4        0  0.2073E+01  0.1252E-03  0.0000E+00  0.2055E-03
     1    25     1     5        0  0.2962E-01  0.2660E-01  0.0000E+00  0.5105E-09
     1    26     1     1        0  0.0000E+00  0.1760E+02  0.4423E+03  0.1000E+03
     1    26     1     2        0  0.4328E+04  0.5897E-03  0.0000E+00  0.1608E-03
     1    26     1     3        0  0.1797E-01  0.2982E+01  0.0000E+00  0.7678E-09
     1    26     1     4        0  0.3510E+00  0.7084E-04  0.0000E+00  0.3863E-04
     1    27     1     1        0  0.0000E+00  0.7292E+01  0.2030E+04  0.1000E+03
     1    27     1     2        0  0.1862E+05  0.1155E-03  0.0000E+00  0.1672E-03
     1    27     1     3        0  0.3451E-01  0.6284E+01  0.0000E+00  0.8421E-09
     1    27     1     4        0  0.5949E+01  0.6696E-04  0.0000E+00  0.5529E-03
     1    27     1     5        0  0.1114E+00  0.1566E-01  0.0000E+00  0.8645E-09
     1    28     1     1        0  0.0000E+00  0.1902E+02  0.3062E+04  0.1000E+03
     1    28     1     2        0  0.2757E+05  0.5091E-03  0.4790E-01  0.1650E-02
     1    28     1     3        0  0.4903E+00  0.8841E+01  0.0000E+00  0.2781E-08
     1    28     1     4        0  0.1330E+02  0.3448E-03  0.0000E+00  0.8845E-03
     1    28     1     5        0  0.2586E+00  0.2580E-01  0.0000E+00  0.1434E-07
     1    29     1     1        0  0.0000E+00  0.3142E+02  0.3202E+04  0.1000E+03
     1    29     1     2        0  0.2942E+05  0.9305E-03  0.0000E+00  0.2478E-03
     1    29     1     3        0  0.7424E-01  0.1334E+02  0.0000E+00  0.3838E-08
     1    29     1     4        0  0.1515E+02  0.3241E-03  0.2807E-01  0.9486E-03
     1    29     1     5        0  0.2915E+00  0.4238E-01  0.0000E+00  0.2200E-08
     1    30     1     1        0  0.0000E+00  0.6597E+02  0.2456E+04  0.1000E+03
     1    30     1     2        0  0.2350E+05  0.1238E-02  0.4213E-01  0.1720E-02
     1    30     1     3        0  0.4399E+00  0.2844E+02  0.0000E+00  0.2193E-08
     1    30     1     4        0  0.9758E+01  0.6141E-03  0.0000E+00  0.7217E-03
     1    30     1     5        0  0.1765E+00  0.9396E-01  0.0000E+00  0.1289E-07
     1    31     1     1        0  0.0000E+00  0.6826E+02  0.1043E+04  0.1000E+03
     1    31     1     2        0  0.1020E+05  0.1104E-02  0.0000E+00  0.4534E-03
     1    31     1     3        0  0.5953E-01  0.3159E+02  0.0000E+00  0.5959E-09
     1    31     1     4        0  0.2417E+01  0.4265E-03  0.0000E+00  0.2336E-03
     1    31     1     5        0  0.3302E-01  0.1046E+00  0.0000E+00  0.1384E-08
     1    32     1     1        0  0.0000E+00  0.4895E+01  0.4198E+03  0.1000E+03
     1    32     1     2        0  0.4200E+04  0.1515E-03  0.0000E+00  0.2725E-03
     1    32     1     3        0  0.2793E-01  0.3159E+01  0.0000E+00  0.1307E-09
     1    32     1     4        0  0.1595E+00  0.8520E-04  0.0000E+00  0.1740E-04
     1    33     1     1        0  0.0000E+00  0.2134E+02  0.1764E+04  0.1000E+03
     1    33     1     2        0  0.1697E+05  0.5097E-03  0.0000E+00  0.6819E-03
     1    33     1     3        0  0.1324E+00  0.1600E+02  0.0000E+00  0.9752E-09
     1    33     1     4        0  0.4949E+01  0.2239E-03  0.0000E+00  0.5347E-03
     1    33     1     5        0  0.9502E-01  0.5126E-01  0.0000E+00  0.3695E-08
     1    34     1     1        0  0.0000E+00  0.3006E+02  0.2792E+04  0.1000E+03
     1    34     1     2        0  0.2636E+05  0.5622E-03  0.5718E-01  0.2229E-02
     1    34     1     3        0  0.5897E+00  0.2958E+02  0.0000E+00  0.7603E-09
     1    34     1     4        0  0.1183E+02  0.1085E-02  0.0000E+00  0.8940E-03
     1    34     1     5        0  0.2358E+00  0.1004E+00  0.0000E+00  0.1850E-07
     1    35     1     1        0  0.0000E+00  0.2634E+02  0.2979E+04  0.1000E+03
     1    35     1     2        0  0.2830E+05  0.2771E-03  0.0000E+00  0.4648E-03
     1    35     1     3        0  0.1170E+00  0.3442E+02  0.0000E+00  0.1942E-09
     1    35     1     4        0  0.1390E+02  0.3323E-03  0.2632E-01  0.9530E-03
     1    35     1     5        0  0.2728E+00  0.1222E+00  0.0000E+00  0.3846E-08
     1    36     1     1        0  0.0000E+00  0.1594E+02  0.2309E+04  0.1000E+03
     1    36     1     2        0  0.2239E+05  0.1434E-03  0.5152E-01  0.2329E-02
     1    36     1     3        0  0.5314E+00  0.2301E+02  0.0000E+00  0.1228E-09
     1    36     1     4        0  0.9179E+01  0.8734E-03  0.0000E+00  0.7430E-03
     1    36     1     5        0  0.1681E+00  0.8224E-01  0.0000E+00  0.1714E-07
     1    37     1     1        0  0.0000E+00  0.1317E+02  0.1037E+04  0.1000E+03
     1    37     1     2        0  0.9441E+04  0.1790E-03  0.0000E+00  0.9086E-03
     1    37     1     3        0  0.1111E+00  0.9432E+01  0.0000E+00  0.2688E-09
     1    37     1     4        0  0.2364E+01  0.7408E-04  0.0000E+00  0.2526E-03
     1    37     1     5        0  0.3267E-01  0.3228E-01  0.0000E+00  0.3001E-08
     1    38     1     1        0  0.0000E+00  0.1741E+02  0.4875E+03  0.1000E+03
     1    38     1     2        0  0.4745E+04  0.4407E-03  0.0000E+00  0.3074E-03
     1    38     1     3        0  0.3077E-01  0.2163E+01  0.0000E+00  0.2880E-09
     1    38     1     4        0  0.1205E+00  0.7097E-04  0.0000E+00  0.1819E-04
     1    39     1     1        0  0.0000E+00  0.4547E+02  0.1625E+04  0.1000E+03
     1    39     1     2        0  0.1513E+05  0.2128E-02  0.0000E+00  0.1245E-02
     1    39     1     3        0  0.2144E+00  0.3291E+02  0.0000E+00  0.2086E-08
     1    39     1     4        0  0.4475E+01  0.1475E-03  0.0000E+00  0.5184E-03
     1    39     1     5        0  0.8161E-01  0.1059E+00  0.0000E+00  0.6400E-08
     1    40     1     1        0  0.0000E+00  0.2247E+02  0.2650E+04  0.1000E+03
     1    40     1     2        0  0.2414E+05  0.8360E-03  0.6807E-01  0.2796E-02
     1    40     1     3        0  0.6700E+00  0.3316E+02  0.0000E+00  0.2256E-08
     1    40     1     4        0  0.1108E+02  0.1260E-02  0.0000E+00  0.8852E-03
     1    40     1     5        0  0.2119E+00  0.1201E+00  0.0000E+00  0.2296E-07
     1    41     1     1        0  0.0000E+00  0.5438E+01  0.2873E+04  0.1000E+03
     1    41     1     2        0  0.2634E+05  0.7716E-04  0.2637E-01  0.1023E-02
     1    41     1     3        0  0.2609E+00  0.1311E+02  0.0000E+00  0.8887E-09
     1    41     1     4        0  0.1358E+02  0.8950E-04  0.2555E-01  0.9597E-03
     1    41     1     5        0  0.2529E+00  0.5320E-01  0.0000E+00  0.9016E-08
     1    42     1     1        0  0.0000E+00  0.1150E+02  0.2269E+04  0.1000E+03
     1    42     1     2        0  0.2127E+05  0.2378E-03  0.6352E-01  0.2954E-02
     1    42     1     3        0  0.6300E+00  0.7842E+01  0.0000E+00  0.1393E-08
     1    42     1     4        0  0.9529E+01  0.3309E-03  0.0000E+00  0.7649E-03
     1    42     1     5        0  0.1625E+00  0.3340E-01  0.0000E+00  0.2204E-07
     1    43     1     1        0  0.0000E+00  0.1967E+02  0.1095E+04  0.1000E+03
     1    43     1     2        0  0.9539E+04  0.4652E-03  0.0000E+00  0.1397E-02
     1    43     1     3        0  0.1661E+00  0.4533E+01  0.0000E+00  0.2913E-08
     1    43     1     4        0  0.2813E+01  0.3708E-04  0.0000E+00  0.2822E-03
     1    43     1     5        0  0.3525E-01  0.1884E-01  0.0000E+00  0.4957E-08
     1    44     1     1        0  0.0000E+00  0.3905E+02  0.4649E+03  0.1000E+03
     1    44     1     2        0  0.4432E+04  0.1253E-02  0.0000E+00  0.2758E-03
     1    44     1     3        0  0.2507E-01  0.7037E+00  0.0000E+00  0.6689E-09
     1    45     1     1        0  0.0000E+00  0.7625E+02  0.1475E+04  0.1000E+03
     1    45     1     2        0  0.1332E+05  0.2150E-02  0.2848E-01  0.1825E-02
     1    45     1     3        0  0.2759E+00  0.2756E+02  0.0000E+00  0.3342E-08
     1    45     1     4        0  0.3742E+01  0.1810E-03  0.0000E+00  0.4968E-03
     1    45     1     5        0  0.6810E-01  0.1104E+00  0.0000E+00  0.8911E-08
     1    46     1     1        0  0.0000E+00  0.3383E+01  0.2452E+04  0.1000E+03
     1    46     1     2        0  0.2256E+05  0.1358E-03  0.7602E-01  0.3336E-02
     1    46     1     3        0  0.7395E+00  0.9435E+01  0.0000E+00  0.1266E-08
     1    46     1     4        0  0.1011E+02  0.4731E-03  0.0000E+00  0.8720E-03
     1    46     1     5        0  0.1914E+00  0.4031E-01  0.0000E+00  0.2667E-07
     1    47     1     1        0  0.0000E+00  0.1126E+02  0.2707E+04  0.1000E+03
     1    47     1     2        0  0.2493E+05  0.2731E-03  0.3891E-01  0.1567E-02
     1    47     1     3        0  0.3792E+00  0.7289E+01  0.0000E+00  0.2234E-08
     1    47     1     4        0  0.1266E+02  0.6599E-04  0.2418E-01  0.9704E-03
     1    47     1     5        0  0.2356E+00  0.3098E-01  0.0000E+00  0.1405E-07
     1    48     1     1        0  0.0000E+00  0.2065E+02  0.2195E+04  0.1000E+03
     1    48     1     2        0  0.2013E+05  0.4989E-03  0.7328E-01  0.3591E-02
     1    48     1     3        0  0.7100E+00  0.6467E+01  0.0000E+00  0.4302E-08
     1    48     1     4        0  0.8816E+01  0.2095E-03  0.0000E+00  0.7814E-03
     1    48     1     5        0  0.1547E+00  0.2540E-01  0.0000E+00  0.2682E-07
     1    49     1     1        0  0.0000E+00  0.3860E+02  0.1088E+04  0.1000E+03
     1    49     1     2        0  0.8999E+04  0.1050E-02  0.2248E-01  0.1957E-02
     1    49     1     3        0  0.2146E+00  0.6109E+01  0.0000E+00  0.4426E-08
     1    49     1     4        0  0.2541E+01  0.4151E-04  0.0000E+00  0.3054E-03
     1    49     1     5        0  0.3515E-01  0.2227E-01  0.0000E+00  0.7225E-08
     1    50     1     1        0  0.0000E+00  0.1000E+03  0.5079E+03  0.1000E+03
     1    50     1     2        0  0.4686E+04  0.3032E-02  0.0000E+00  0.1863E-03
     1    50     1     3        0  0.2081E-01  0.3092E+01  0.0000E+00  0.3170E-09
     1    50     1     4        0  0.3564E-01  0.1582E-03  0.0000E+00  0.1830E-04
     1    51     1     1        0  0.0000E+00  0.4024E+01  0.1391E+04  0.1000E+03
     1    51     1     2        0  0.1191E+05  0.1335E-03  0.3467E-01  0.2409E-02
     1    51     1     3        0  0.3236E+00  0.6539E+01  0.0000E+00  0.9707E-09
     1    51     1     4        0  0.3611E+01  0.5917E-04  0.0000E+00  0.4793E-03
     1    51     1     5        0  0.5860E-01  0.2640E-01  0.0000E+00  0.1134E-07
     1    52     1     1        0  0.0000E+00  0.1143E+02  0.2354E+04  0.1000E+03
     1    52     1     2        0  0.2088E+05  0.2280E-03  0.8595E-01  0.3906E-02
     1    52     1     3        0  0.8046E+00  0.7254E+01  0.0000E+00  0.1813E-08
     1    52     1     4        0  0.9696E+01  0.3508E-03  0.0000E+00  0.8615E-03
     1    52     1     5        0  0.1741E+00  0.3296E-01  0.0000E+00  0.3082E-07
     1    53     1     1        0  0.0000E+00  0.2158E+02  0.2639E+04  0.1000E+03
     1    53     1     2        0  0.2348E+05  0.4854E-03  0.5218E-01  0.2173E-02
     1    53     1     3        0  0.4905E+00  0.8675E+01  0.0000E+00  0.3797E-08
     1    53     1     4        0  0.1226E+02  0.6140E-04  0.2357E-01  0.9783E-03
     1    53     1     5        0  0.2215E+00  0.4156E-01  0.0000E+00  0.1934E-07
     1    54     1     1        0  0.0000E+00  0.3746E+02  0.2193E+04  0.1000E+03
     1    54     1     2        0  0.1939E+05  0.6174E-03  0.8449E-01  0.4232E-02
     1    54     1     3        0  0.7946E+00  0.1216E+02  0.0000E+00  0.3816E-08
     1    54     1     4        0  0.8819E+01  0.5620E-03  0.0000E+00  0.8028E-03
     1    54     1     5        0  0.1515E+00  0.5904E-01  0.0000E+00  0.3208E-07
     1    55     1     1        0  0.0000E+00  0.1000E+03  0.1144E+04  0.1000E+03
     1    55     1     2        0  0.9189E+04  0.3803E-02  0.2906E-01  0.2500E-02
     1    55     1     3        0  0.2719E+00  0.2625E+02  0.0000E+00  0.3387E-08
     1    55     1     4        0  0.2796E+01  0.2141E-03  0.0000E+00  0.3384E-03
     1    55     1     5        0  0.3807E-01  0.1275E+00  0.0000E+00  0.9760E-08
     1    56     1     1        0  0.0000E+00  0.1128E+02  0.4854E+03  0.1000E+03
     1    56     1     2        0  0.4421E+04  0.3239E-03  0.0000E+00  0.2188E-03
     1    56     1     3        0  0.2426E-01  0.5041E+00  0.0000E+00  0.7213E-10
     1    57     1     1        0  0.0000E+00  0.1090E+02  0.1263E+04  0.1000E+03
     1    57     1     2        0  0.1054E+05  0.2831E-03  0.3922E-01  0.3029E-02
     1    57     1     3        0  0.3631E+00  0.7281E+01  0.0000E+00  0.1096E-08
     1    57     1     4        0  0.2926E+01  0.7723E-04  0.0000E+00  0.4554E-03
     1    57     1     5        0  0.4919E-01  0.3367E-01  0.0000E+00  0.1362E-07
     1    58     1     1        0  0.0000E+00  0.2236E+02  0.2219E+04  0.1000E+03
     1    58     1     2        0  0.1956E+05  0.3904E-03  0.9289E-01  0.4461E-02
     1    58     1     3        0  0.8614E+00  0.1279E+02  0.0000E+00  0.1794E-08
     1    58     1     4        0  0.8457E+01  0.5981E-03  0.0000E+00  0.8455E-03
     1    58     1     5        0  0.1589E+00  0.6074E-01  0.0000E+00  0.3443E-07
     1    59     1     1        0  0.0000E+00  0.3334E+02  0.2534E+04  0.1000E+03
     1    59     1     2        0  0.2235E+05  0.6268E-03  0.6429E-01  0.2785E-02
     1    59     1     3        0  0.5972E+00  0.2079E+02  0.0000E+00  0.1902E-08
     1    59     1     4        0  0.1105E+02  0.1993E-03  0.2251E-01  0.9833E-03
     1    59     1     5        0  0.2091E+00  0.1008E+00  0.0000E+00  0.2462E-07
     1    60     1     1        0  0.0000E+00  0.4549E+02  0.2136E+04  0.1000E+03
     1    60     1     2        0  0.1863E+05  0.7317E-03  0.9368E-01  0.4900E-02
     1    60     1     3        0  0.8693E+00  0.3319E+02  0.0000E+00  0.9771E-09
     1    60     1     4        0  0.8181E+01  0.1972E-02  0.0000E+00  0.8187E-03
     1    60     1     5        0  0.1471E+00  0.1623E+00  0.0000E+00  0.3745E-07
     1    61     1     1        0  0.0000E+00  0.4971E+02  0.1141E+04  0.1000E+03
     1    61     1     2        0  0.8962E+04  0.8100E-03  0.3551E-01  0.3142E-02
     1    61     1     3        0  0.3273E+00  0.4070E+02  0.0000E+00  0.3680E-09
     1    61     1     4        0  0.2713E+01  0.4616E-03  0.0000E+00  0.3646E-03
     1    61     1     5        0  0.3898E-01  0.1970E+00  0.0000E+00  0.1285E-07
     1    62     1     1        0  0.0000E+00  0.2804E+02  0.5153E+03  0.1000E+03
     1    62     1     2        0  0.4619E+04  0.3428E-03  0.0000E+00  0.2483E-03
     1    62     1     3        0  0.2727E-01  0.1178E+01  0.0000E+00  0.5564E-10
     1    62     1     4        0  0.7448E-03  0.8860E-04  0.0000E+00  0.1828E-04
     1    63     1     1        0  0.0000E+00  0.9999E+02  0.1197E+04  0.1000E+03
     1    63     1     2        0  0.9591E+04  0.1870E-02  0.4357E-01  0.3584E-02
     1    63     1     3        0  0.3957E+00  0.1000E+03  0.0000E+00  0.3947E-09
     1    63     1     4        0  0.2648E+01  0.1340E-02  0.0000E+00  0.4371E-03
     1    63     1     5        0  0.4302E-01  0.4578E+00  0.0000E+00  0.1546E-07
     1    64     1     1        0  0.0000E+00  0.2119E+02  0.2154E+04  0.1000E+03
     1    64     1     2        0  0.1848E+05  0.6010E-03  0.1002E+00  0.4992E-02
     1    64     1     3        0  0.9108E+00  0.5729E+02  0.0000E+00  0.9594E-09
     1    64     1     4        0  0.8047E+01  0.2731E-02  0.0000E+00  0.8336E-03
     1    64     1     5        0  0.1479E+00  0.2788E+00  0.0000E+00  0.3804E-07
     1    65     1     1        0  0.0000E+00  0.1025E+02  0.2496E+04  0.1000E+03
     1    65     1     2        0  0.2144E+05  0.1408E-03  0.7642E-01  0.3364E-02
     1    65     1     3        0  0.6962E+00  0.2437E+02  0.0000E+00  0.8609E-09
     1    65     1     4        0  0.1098E+02  0.2481E-03  0.2206E-01  0.9889E-03
     1    65     1     5        0  0.2010E+00  0.1264E+00  0.0000E+00  0.2969E-07
     1    66     1     1        0  0.0000E+00  0.9363E+01  0.2141E+04  0.1000E+03
     1    66     1     2        0  0.1823E+05  0.8180E-04  0.1041E+00  0.5517E-02
     1    66     1     3        0  0.9496E+00  0.1300E+02  0.0000E+00  0.3027E-09
     1    66     1     4        0  0.8634E+01  0.7270E-03  0.0000E+00  0.8375E-03
     1    66     1     5        0  0.1465E+00  0.6996E-01  0.0000E+00  0.4281E-07
     1    67     1     1        0  0.0000E+00  0.1434E+02  0.1194E+04  0.1000E+03
     1    67     1     2        0  0.9223E+04  0.3169E-03  0.4215E-01  0.3706E-02
     1    67     1     3        0  0.3831E+00  0.6758E+01  0.0000E+00  0.1480E-08
     1    67     1     4        0  0.3231E+01  0.9209E-04  0.0000E+00  0.3979E-03
     1    67     1     5        0  0.4216E-01  0.3609E-01  0.0000E+00  0.1589E-07
     1    68     1     1        0  0.0000E+00  0.2331E+02  0.4628E+03  0.1000E+03
     1    68     1     2        0  0.4152E+04  0.6665E-03  0.0000E+00  0.2954E-03
     1    68     1     3        0  0.2889E-01  0.9899E+00  0.0000E+00  0.2213E-09
     1    69     1     1        0  0.0000E+00  0.7322E+02  0.1085E+04  0.1000E+03
     1    69     1     2        0  0.8435E+04  0.2406E-02  0.4635E-01  0.4213E-02
     1    69     1     3        0  0.4169E+00  0.2214E+02  0.0000E+00  0.3506E-08
     1    69     1     4        0  0.2134E+01  0.4200E-03  0.0000E+00  0.4144E-03
     1    69     1     5        0  0.3594E-01  0.1098E+00  0.0000E+00  0.1728E-07
     1    70     1     1        0  0.0000E+00  0.1674E+02  0.2041E+04  0.1000E+03
     1    70     1     2        0  0.1737E+05  0.7343E-03  0.1044E+00  0.5477E-02
     1    70     1     3        0  0.9408E+00  0.1825E+02  0.0000E+00  0.2643E-08
     1    70     1     4        0  0.7361E+01  0.1209E-02  0.0000E+00  0.8171E-03
     1    70     1     5        0  0.1359E+00  0.9540E-01  0.0000E+00  0.4095E-07
     1    71     1     1        0  0.0000E+00  0.5154E+01  0.2409E+04  0.1000E+03
     1    71     1     2        0  0.2057E+05  0.1829E-04  0.8482E-01  0.3882E-02
     1    71     1     3        0  0.7655E+00  0.9636E+01  0.0000E+00  0.6192E-09
     1    71     1     4        0  0.1050E+02  0.2145E-03  0.2119E-01  0.9906E-03
     1    71     1     5        0  0.1912E+00  0.5170E-01  0.0000E+00  0.3416E-07
     1    72     1     1        0  0.0000E+00  0.1400E+02  0.2096E+04  0.1000E+03
     1    72     1     2        0  0.1768E+05  0.3440E-03  0.1115E+00  0.6065E-02
     1    72     1     3        0  0.1005E+01  0.6956E+01  0.0000E+00  0.2784E-08
     1    72     1     4        0  0.8380E+01  0.3979E-03  0.0000E+00  0.8497E-03
     1    72     1     5        0  0.1432E+00  0.3594E-01  0.0000E+00  0.4745E-07
     1    73     1     1        0  0.0000E+00  0.2392E+02  0.1195E+04  0.1000E+03
     1    73     1     2        0  0.9101E+04  0.5403E-03  0.4716E-01  0.4262E-02
     1    73     1     3        0  0.4224E+00  0.5124E+01  0.0000E+00  0.4562E-08
     1    73     1     4        0  0.3120E+01  0.8017E-04  0.0000E+00  0.4243E-03
     1    73     1     5        0  0.4329E-01  0.2442E-01  0.0000E+00  0.1907E-07
     1    74     1     1        0  0.0000E+00  0.5582E+02  0.4451E+03  0.1000E+03
     1    74     1     2        0  0.3932E+04  0.1971E-02  0.0000E+00  0.3391E-03
     1    74     1     3        0  0.3030E-01  0.1206E+01  0.0000E+00  0.3679E-09
     1    74     1     4        0  0.2904E-01  0.2125E-04  0.0000E+00  0.1504E-04
     1    75     1     1        0  0.0000E+00  0.3322E+02  0.1030E+04  0.1000E+03
     1    75     1     2        0  0.7649E+04  0.1155E-02  0.4657E-01  0.4572E-02
     1    75     1     3        0  0.4111E+00  0.1148E+02  0.0000E+00  0.3232E-08
     1    75     1     4        0  0.2130E+01  0.2372E-03  0.0000E+00  0.3984E-03
     1    75     1     5        0  0.3119E-01  0.5362E-01  0.0000E+00  0.1786E-07
     1    76     1     1        0  0.0000E+00  0.3283E+01  0.1987E+04  0.1000E+03
     1    76     1     2        0  0.1647E+05  0.1386E-04  0.1057E+00  0.5710E-02
     1    76     1     3        0  0.9333E+00  0.7813E+01  0.0000E+00  0.6832E-09
     1    76     1     4        0  0.7353E+01  0.4475E-03  0.0000E+00  0.8054E-03
     1    76     1     5        0  0.1267E+00  0.4101E-01  0.0000E+00  0.4203E-07
     1    77     1     1        0  0.0000E+00  0.1422E+02  0.2379E+04  0.1000E+03
     1    77     1     2        0  0.1985E+05  0.2876E-03  0.8785E-01  0.4111E-02
     1    77     1     3        0  0.7778E+00  0.7437E+01  0.0000E+00  0.2717E-08
     1    77     1     4        0  0.1055E+02  0.1092E-03  0.2080E-01  0.9939E-03
     1    77     1     5        0  0.1842E+00  0.4154E-01  0.0000E+00  0.3614E-07
     1    78     1     1        0  0.0000E+00  0.2448E+02  0.2104E+04  0.1000E+03
     1    78     1     2        0  0.1736E+05  0.6066E-03  0.1151E+00  0.6290E-02
     1    78     1     3        0  0.1020E+01  0.7949E+01  0.0000E+00  0.5079E-08
     1    78     1     4        0  0.8543E+01  0.4901E-03  0.0000E+00  0.8667E-03
     1    78     1     5        0  0.1427E+00  0.4460E-01  0.0000E+00  0.4989E-07
     1    79     1     1        0  0.0000E+00  0.4869E+02  0.1245E+04  0.1000E+03
     1    79     1     2        0  0.9351E+04  0.1395E-02  0.4979E-01  0.4454E-02
     1    79     1     3        0  0.4397E+00  0.1046E+02  0.0000E+00  0.5044E-08
     1    79     1     4        0  0.3352E+01  0.2548E-03  0.0000E+00  0.4584E-03
     1    79     1     5        0  0.4646E-01  0.5789E-01  0.0000E+00  0.2078E-07
     1    80     1     1        0  0.0000E+00  0.7883E+02  0.4682E+03  0.1000E+03
     1    80     1     2        0  0.4100E+04  0.1989E-02  0.0000E+00  0.5025E-03
     1    80     1     3        0  0.3075E-01  0.3791E+01  0.0000E+00  0.3314E-09
     1    80     1     4        0  0.7439E-01  0.1414E-03  0.0000E+00  0.1749E-04
     1    81     1     1        0  0.0000E+00  0.2961E+01  0.9297E+03  0.1000E+03
     1    81     1     2        0  0.6675E+04  0.2736E-04  0.4414E-01  0.4860E-02
     1    81     1     3        0  0.3866E+00  0.5536E+01  0.0000E+00  0.4311E-09
     1    81     1     4        0  0.1777E+01  0.9609E-04  0.0000E+00  0.3759E-03
     1    81     1     5        0  0.2572E-01  0.2950E-01  0.0000E+00  0.1794E-07
     1    82     1     1        0  0.0000E+00  0.1410E+02  0.1888E+04  0.1000E+03
     1    82     1     2        0  0.1553E+05  0.2158E-03  0.1020E+00  0.5773E-02
     1    82     1     3        0  0.8946E+00  0.8073E+01  0.0000E+00  0.1782E-08
     1    82     1     4        0  0.6579E+01  0.4669E-03  0.0000E+00  0.7879E-03
     1    82     1     5        0  0.1167E+00  0.4411E-01  0.0000E+00  0.4158E-07
     1    83     1     1        0  0.0000E+00  0.2460E+02  0.2304E+04  0.1000E+03
     1    83     1     2        0  0.1912E+05  0.3485E-03  0.8624E-01  0.4175E-02
     1    83     1     3        0  0.7570E+00  0.1123E+02  0.0000E+00  0.2901E-08
     1    83     1     4        0  0.9623E+01  0.1979E-03  0.2005E-01  0.9936E-03
     1    83     1     5        0  0.1760E+00  0.6153E-01  0.0000E+00  0.3658E-07
     1    84     1     1        0  0.0000E+00  0.4096E+02  0.2068E+04  0.1000E+03
     1    84     1     2        0  0.1692E+05  0.9595E-03  0.1135E+00  0.6357E-02
     1    84     1     3        0  0.9955E+00  0.1780E+02  0.0000E+00  0.3155E-08
     1    84     1     4        0  0.7920E+01  0.1167E-02  0.0000E+00  0.8811E-03
     1    84     1     5        0  0.1403E+00  0.9725E-01  0.0000E+00  0.5093E-07
     1    85     1     1        0  0.0000E+00  0.1000E+03  0.1249E+04  0.1000E+03
     1    85     1     2        0  0.9311E+04  0.2224E-02  0.5015E-01  0.4547E-02
     1    85     1     3        0  0.4383E+00  0.4319E+02  0.0000E+00  0.1794E-08
     1    85     1     4        0  0.3188E+01  0.8044E-03  0.0000E+00  0.4867E-03
     1    85     1     5        0  0.4800E-01  0.2356E+00  0.0000E+00  0.2200E-07
     1    86     1     1        0  0.0000E+00  0.1501E+02  0.4517E+03  0.1000E+03
     1    86     1     2        0  0.3916E+04  0.3685E-03  0.0000E+00  0.8619E-03
     1    86     1     3        0  0.5173E-01  0.3827E+01  0.0000E+00  0.8619E-10
     1    86     1     4        0  0.8607E-01  0.1835E-03  0.0000E+00  0.2102E-04
     1    87     1     1        0  0.0000E+00  0.1282E+02  0.8808E+03  0.1000E+03
     1    87     1     2        0  0.6048E+04  0.3598E-03  0.4011E-01  0.4798E-02
     1    87     1     3        0  0.3474E+00  0.1167E+02  0.0000E+00  0.6729E-09
     1    87     1     4        0  0.1603E+01  0.3137E-03  0.0000E+00  0.3592E-03
     1    87     1     5        0  0.2217E-01  0.6170E-01  0.0000E+00  0.1680E-07
     1    88     1     1        0  0.0000E+00  0.2298E+02  0.1840E+04  0.1000E+03
     1    88     1     2        0  0.1485E+05  0.4537E-03  0.9538E-01  0.5577E-02
     1    88     1     3        0  0.8264E+00  0.2218E+02  0.0000E+00  0.7988E-09
     1    88     1     4        0  0.6216E+01  0.1540E-02  0.0000E+00  0.7749E-03
     1    88     1     5        0  0.1098E+00  0.1234E+00  0.0000E+00  0.3950E-07
     1    89     1     1        0  0.0000E+00  0.2452E+02  0.2279E+04  0.1000E+03
     1    89     1     2        0  0.1862E+05  0.1639E-03  0.8111E-01  0.3971E-02
     1    89     1     3        0  0.7040E+00  0.2815E+02  0.0000E+00  0.2907E-09
     1    89     1     4        0  0.9446E+01  0.5439E-03  0.1972E-01  0.9956E-03
     1    89     1     5        0  0.1712E+00  0.1638E+00  0.0000E+00  0.3476E-07
     1    90     1     1        0  0.0000E+00  0.1942E+02  0.2078E+04  0.1000E+03
     1    90     1     2        0  0.1676E+05  0.1811E-03  0.1088E+00  0.6146E-02
     1    90     1     3        0  0.9457E+00  0.2390E+02  0.0000E+00  0.2169E-09
     1    90     1     4        0  0.8188E+01  0.1303E-02  0.0000E+00  0.9004E-03
     1    90     1     5        0  0.1411E+00  0.1428E+00  0.0000E+00  0.4999E-07
     1    91     1     1        0  0.0000E+00  0.1571E+02  0.1297E+04  0.1000E+03
     1    91     1     2        0  0.9605E+04  0.3675E-03  0.4824E-01  0.4318E-02
     1    91     1     3        0  0.4184E+00  0.1389E+02  0.0000E+00  0.5840E-09
     1    91     1     4        0  0.3650E+01  0.1714E-03  0.0000E+00  0.5205E-03
     1    91     1     5        0  0.5149E-01  0.8290E-01  0.0000E+00  0.2172E-07
     1    92     1     1        0  0.0000E+00  0.1751E+02  0.4708E+03  0.1000E+03
     1    92     1     2        0  0.4060E+04  0.2837E-03  0.0000E+00  0.1271E-02
     1    92     1     3        0  0.6956E-01  0.3575E+01  0.0000E+00  0.2667E-09
     1    92     1     4        0  0.2169E+00  0.1348E-03  0.0000E+00  0.2626E-04
     1    93     1     1        0  0.0000E+00  0.3090E+02  0.7895E+03  0.1000E+03
     1    93     1     2        0  0.5196E+04  0.8976E-03  0.3534E-01  0.4756E-02
     1    93     1     3        0  0.3043E+00  0.1331E+02  0.0000E+00  0.1992E-08
     1    93     1     4        0  0.1201E+01  0.4418E-03  0.0000E+00  0.3366E-03
     1    93     1     5        0  0.1795E-01  0.7354E-01  0.0000E+00  0.1562E-07
     1    94     1     1        0  0.0000E+00  0.5743E+02  0.1752E+04  0.1000E+03
     1    94     1     2        0  0.1405E+05  0.2242E-02  0.8623E-01  0.5299E-02
     1    94     1     3        0  0.7432E+00  0.6703E+02  0.0000E+00  0.1960E-08
     1    94     1     4        0  0.5578E+01  0.4028E-02  0.0000E+00  0.7567E-03
     1    94     1     5        0  0.1014E+00  0.3846E+00  0.0000E+00  0.3677E-07
     1    95     1     1        0  0.0000E+00  0.6192E+01  0.2214E+04  0.1000E+03
     1    95     1     2        0  0.1803E+05  0.1782E-03  0.7348E-01  0.3694E-02
     1    95     1     3        0  0.6343E+00  0.1661E+02  0.0000E+00  0.1389E-08
     1    95     1     4        0  0.9025E+01  0.1915E-03  0.1906E-01  0.9940E-03
     1    95     1     5        0  0.1645E+00  0.9849E-01  0.0000E+00  0.3227E-07
     1    96     1     1        0  0.0000E+00  0.9244E+01  0.2047E+04  0.1000E+03
     1    96     1     2        0  0.1645E+05  0.1275E-03  0.1019E+00  0.5867E-02
     1    96     1     3        0  0.8797E+00  0.9630E+01  0.0000E+00  0.8775E-09
     1    96     1     4        0  0.8119E+01  0.6269E-03  0.0000E+00  0.9159E-03
     1    96     1     5        0  0.1394E+00  0.5686E-01  0.0000E+00  0.4815E-07
     1    97     1     1        0  0.0000E+00  0.1649E+02  0.1302E+04  0.1000E+03
     1    97     1     2        0  0.9620E+04  0.3491E-03  0.4461E-01  0.4020E-02
     1    97     1     3        0  0.3840E+00  0.6020E+01  0.0000E+00  0.2773E-08
     1    97     1     4        0  0.3717E+01  0.6980E-04  0.0000E+00  0.5422E-03
     1    97     1     5        0  0.5320E-01  0.3368E-01  0.0000E+00  0.2099E-07
     1    98     1     1        0  0.0000E+00  0.2846E+02  0.4553E+03  0.1000E+03
     1    98     1     2        0  0.3894E+04  0.8061E-03  0.0000E+00  0.1609E-02
     1    98     1     3        0  0.8210E-01  0.2201E+01  0.0000E+00  0.1626E-08
     1    98     1     4        0  0.2360E+00  0.7343E-04  0.0000E+00  0.3062E-04
     1    99     1     1        0  0.0000E+00  0.1000E+03  0.7442E+03  0.1000E+03
     1    99     1     2        0  0.4643E+04  0.2237E-02  0.3015E-01  0.4139E-02
     1    99     1     3        0  0.2569E+00  0.1982E+02  0.0000E+00  0.3626E-08
     1    99     1     4        0  0.1168E+01  0.5465E-03  0.0000E+00  0.2983E-03
     1    99     1     5        0  0.1518E-01  0.1003E+00  0.0000E+00  0.1277E-07
     1   100     1     1        0  0.0000E+00  0.1041E+02  0.1708E+04  0.1000E+03
     1   100     1     2        0  0.1344E+05  0.3943E-03  0.7663E-01  0.4862E-02
     1   100     1     3        0  0.6530E+00  0.1200E+02  0.0000E+00  0.2236E-08
     1   100     1     4        0  0.5613E+01  0.6508E-03  0.0000E+00  0.7426E-03
     1   100     1     5        0  0.9529E-01  0.6673E-01  0.0000E+00  0.3309E-07
     1   101     1     1        0  0.0000E+00  0.7567E+01  0.2192E+04  0.1000E+03
     1   101     1     2        0  0.1759E+05  0.7651E-04  0.6370E-01  0.3253E-02
     1   101     1     3        0  0.5437E+00  0.8295E+01  0.0000E+00  0.1120E-08
     1   101     1     4        0  0.9259E+01  0.7382E-04  0.1873E-01  0.9944E-03
     1   101     1     5        0  0.1599E+00  0.4981E-01  0.0000E+00  0.2843E-07
     1   102     1     1        0  0.0000E+00  0.1662E+02  0.2057E+04  0.1000E+03
     1   102     1     2        0  0.1631E+05  0.4413E-03  0.9399E-01  0.5386E-02
     1   102     1     3        0  0.8030E+00  0.7134E+01  0.0000E+00  0.3410E-08
     1   102     1     4        0  0.8468E+01  0.3818E-03  0.0000E+00  0.9282E-03
     1   102     1     5        0  0.1398E+00  0.4356E-01  0.0000E+00  0.4473E-07
     1   103     1     1        0  0.0000E+00  0.2814E+02  0.1347E+04  0.1000E+03
     1   103     1     2        0  0.9881E+04  0.6866E-03  0.3966E-01  0.3495E-02
     1   103     1     3        0  0.3382E+00  0.6619E+01  0.0000E+00  0.5083E-08
     1   103     1     4        0  0.4011E+01  0.5918E-04  0.0000E+00  0.5660E-03
     1   103     1     5        0  0.5651E-01  0.3938E-01  0.0000E+00  0.1888E-07
     1   104     1     1        0  0.0000E+00  0.8099E+02  0.4714E+03  0.1000E+03
     1   104     1     2        0  0.4002E+04  0.2145E-02  0.0000E+00  0.1812E-02
     1   104     1     3        0  0.8996E-01  0.6300E+01  0.0000E+00  0.2149E-08
     1   104     1     4        0  0.3285E+00  0.2282E-03  0.0000E+00  0.2627E-04
     1   105     1     1        0  0.0000E+00  0.2101E+02  0.6599E+03  0.1000E+03
     1   105     1     2        0  0.4057E+04  0.6704E-03  0.2489E-01  0.3441E-02
     1   105     1     3        0  0.2107E+00  0.6760E+01  0.0000E+00  0.2151E-08
     1   105     1     4        0  0.9845E+00  0.1093E-03  0.0000E+00  0.2426E-03
     1   105     1     5        0  0.1185E-01  0.3822E-01  0.0000E+00  0.9825E-08
     1   106     1     1        0  0.0000E+00  0.5933E+01  0.1628E+04  0.1000E+03
     1   106     1     2        0  0.1271E+05  0.5580E-04  0.6658E-01  0.4411E-02
     1   106     1     3        0  0.5642E+00  0.7163E+01  0.0000E+00  0.8134E-09
     1   106     1     4        0  0.5195E+01  0.3077E-03  0.0000E+00  0.7232E-03
     1   106     1     5        0  0.8786E-01  0.4231E-01  0.0000E+00  0.2927E-07
     1   107     1     1        0  0.0000E+00  0.1660E+02  0.2133E+04  0.1000E+03
     1   107     1     2        0  0.1704E+05  0.4130E-03  0.5322E-01  0.2803E-02
     1   107     1     3        0  0.4514E+00  0.8067E+01  0.0000E+00  0.3331E-08
     1   107     1     4        0  0.8676E+01  0.7378E-04  0.0000E+00  0.9911E-03
     1   107     1     5        0  0.1536E+00  0.4781E-01  0.0000E+00  0.2443E-07
     1   108     1     1        0  0.0000E+00  0.2771E+02  0.2031E+04  0.1000E+03
     1   108     1     2        0  0.1601E+05  0.4728E-03  0.8464E-01  0.4902E-02
     1   108     1     3        0  0.7179E+00  0.9962E+01  0.0000E+00  0.3870E-08
     1   108     1     4        0  0.7958E+01  0.5005E-03  0.0000E+00  0.9367E-03
     1   108     1     5        0  0.1382E+00  0.5778E-01  0.0000E+00  0.4107E-07
     1   109     1     1        0  0.0000E+00  0.5740E+02  0.1355E+04  0.1000E+03
     1   109     1     2        0  0.9909E+04  0.1481E-02  0.3421E-01  0.3002E-02
     1   109     1     3        0  0.2895E+00  0.1647E+02  0.0000E+00  0.4342E-08
     1   109     1     4        0  0.3796E+01  0.2558E-03  0.0000E+00  0.5860E-03
     1   109     1     5        0  0.5833E-01  0.9405E-01  0.0000E+00  0.1675E-07
     1   110     1     1        0  0.0000E+00  0.5913E+02  0.4569E+03  0.1000E+03
     1   110     1     2        0  0.3849E+04  0.1077E-02  0.0000E+00  0.1928E-02
     1   110     1     3        0  0.9191E-01  0.9022E+01  0.0000E+00  0.9350E-09
     1   110     1     4        0  0.3188E+00  0.3390E-03  0.0000E+00  0.2272E-04
     1   111     1     1        0  0.0000E+00  0.2747E+01  0.6167E+03  0.1000E+03
     1   111     1     2        0  0.4146E+04  0.3868E-04  0.1984E-01  0.2680E-02
     1   111     1     3        0  0.1666E+00  0.5525E+01  0.0000E+00  0.2456E-09
     1   111     1     4        0  0.9161E+00  0.5541E-04  0.0000E+00  0.1995E-03
     1   111     1     5        0  0.9697E-02  0.3100E-01  0.0000E+00  0.7122E-08
     1   112     1     1        0  0.0000E+00  0.1626E+02  0.1587E+04  0.1000E+03
     1   112     1     2        0  0.1220E+05  0.3534E-03  0.5661E-01  0.3869E-02
     1   112     1     3        0  0.4757E+00  0.1030E+02  0.0000E+00  0.1580E-08
     1   112     1     4        0  0.4936E+01  0.4036E-03  0.0000E+00  0.7076E-03
     1   112     1     5        0  0.8255E-01  0.6115E-01  0.0000E+00  0.2511E-07
     1   113     1     1        0  0.0000E+00  0.2601E+02  0.2112E+04  0.1000E+03
     1   113     1     2        0  0.1669E+05  0.5731E-03  0.4251E-01  0.2258E-02
     1   113     1     3        0  0.3577E+00  0.1568E+02  0.0000E+00  0.2162E-08
     1   113     1     4        0  0.8432E+01  0.9944E-04  0.0000E+00  0.9898E-03
     1   113     1     5        0  0.1498E+00  0.9675E-01  0.0000E+00  0.1969E-07
     1   114     1     1        0  0.0000E+00  0.3588E+02  0.2040E+04  0.1000E+03
     1   114     1     2        0  0.1594E+05  0.6924E-03  0.7460E-01  0.4327E-02
     1   114     1     3        0  0.6284E+00  0.2323E+02  0.0000E+00  0.1700E-08
     1   114     1     4        0  0.8014E+01  0.1120E-02  0.0000E+00  0.9476E-03
     1   114     1     5        0  0.1391E+00  0.1465E+00  0.0000E+00  0.3675E-07
     1   115     1     1        0  0.0000E+00  0.4560E+02  0.1397E+04  0.1000E+03
     1   115     1     2        0  0.1019E+05  0.1000E-02  0.2808E-01  0.2390E-02
     1   115     1     3        0  0.2363E+00  0.3186E+02  0.0000E+00  0.1047E-08
     1   115     1     4        0  0.4108E+01  0.1973E-03  0.0000E+00  0.6096E-03
     1   115     1     5        0  0.6191E-01  0.2012E+00  0.0000E+00  0.1380E-07
     1   116     1     1        0  0.0000E+00  0.5051E+02  0.4707E+03  0.1000E+03
     1   116     1     2        0  0.3949E+04  0.8754E-03  0.0000E+00  0.1927E-02
     1   116     1     3        0  0.8997E-01  0.2608E+02  0.0000E+00  0.2773E-09
     1   116     1     4        0  0.4949E+00  0.8832E-03  0.0000E+00  0.4261E-04
     1   117     1     1        0  0.0000E+00  0.9989E+02  0.5379E+03  0.1000E+03
     1   117     1     2        0  0.4011E+04  0.2913E-02  0.0000E+00  0.2079E-02
     1   117     1     3        0  0.1285E+00  0.1000E+03  0.0000E+00  0.2886E-09
     1   117     1     4        0  0.6318E+00  0.1549E-02  0.0000E+00  0.1566E-03
     1   117     1     5        0  0.7171E-02  0.5837E+00  0.0000E+00  0.5102E-08
     1   118     1     1        0  0.0000E+00  0.2064E+02  0.1512E+04  0.1000E+03
     1   118     1     2        0  0.1155E+05  0.4802E-03  0.4637E-01  0.3337E-02
     1   118     1     3        0  0.3883E+00  0.5925E+02  0.0000E+00  0.6798E-09
     1   118     1     4        0  0.4315E+01  0.2727E-02  0.0000E+00  0.6875E-03
     1   118     1     5        0  0.7615E-01  0.3579E+00  0.0000E+00  0.2111E-07
     1   119     1     1        0  0.0000E+00  0.1191E+02  0.2058E+04  0.1000E+03
     1   119     1     2        0  0.1622E+05  0.1908E-03  0.3213E-01  0.1726E-02
     1   119     1     3        0  0.2693E+00  0.2927E+02  0.0000E+00  0.8851E-09
     1   119     1     4        0  0.7903E+01  0.1988E-03  0.0000E+00  0.9855E-03
     1   119     1     5        0  0.1444E+00  0.1820E+00  0.0000E+00  0.1511E-07
     1   120     1     1        0  0.0000E+00  0.9330E+01  0.2017E+04  0.1000E+03
     1   120     1     2        0  0.1572E+05  0.4804E-04  0.6402E-01  0.3767E-02
     1   120     1     3        0  0.5371E+00  0.1657E+02  0.0000E+00  0.3520E-09
     1   120     1     4        0  0.7878E+01  0.7649E-03  0.0000E+00  0.9551E-03
     1   120     1     5        0  0.1380E+00  0.1042E+00  0.0000E+00  0.3232E-07
     1   121     1     1        0  0.0000E+00  0.1296E+02  0.1406E+04  0.1000E+03
     1   121     1     2        0  0.1026E+05  0.2619E-03  0.2138E-01  0.1816E-02
     1   121     1     3        0  0.1791E+00  0.9395E+01  0.0000E+00  0.9820E-09
     1   121     1     4        0  0.4240E+01  0.7836E-04  0.0000E+00  0.6281E-03
     1   121     1     5        0  0.6395E-01  0.5763E-01  0.0000E+00  0.1087E-07
     1   122     1     1        0  0.0000E+00  0.1934E+02  0.4571E+03  0.1000E+03
     1   122     1     2        0  0.3815E+04  0.6530E-03  0.0000E+00  0.1845E-02
     1   122     1     3        0  0.8358E-01  0.3747E+01  0.0000E+00  0.1895E-08
     1   122     1     4        0  0.5749E+00  0.1359E-03  0.0000E+00  0.5929E-04
     1   122     1     5        0  0.2582E-02  0.2190E-01  0.0000E+00  0.3358E-08
     1   123     1     1        0  0.0000E+00  0.3829E+02  0.4960E+03  0.1000E+03
     1   123     1     2        0  0.4092E+04  0.1364E-02  0.0000E+00  0.1492E-02
     1   123     1     3        0  0.9463E-01  0.6500E+01  0.0000E+00  0.2203E-08
     1   123     1     4        0  0.5579E+00  0.5046E-04  0.0000E+00  0.1245E-03
     1   123     1     5        0  0.5616E-02  0.3523E-01  0.0000E+00  0.3347E-08
     1   124     1     1        0  0.0000E+00  0.5189E+02  0.1472E+04  0.1000E+03
     1   124     1     2        0  0.1108E+05  0.1639E-02  0.3672E-01  0.2755E-02
     1   124     1     3        0  0.3053E+00  0.3697E+02  0.0000E+00  0.2590E-08
     1   124     1     4        0  0.4240E+01  0.1530E-02  0.0000E+00  0.6711E-03
     1   124     1     5        0  0.7146E-01  0.2127E+00  0.0000E+00  0.1702E-07
     1   125     1     1        0  0.0000E+00  0.4388E+01  0.2038E+04  0.1000E+03
     1   125     1     2        0  0.1591E+05  0.1397E-03  0.2136E-01  0.1151E-02
     1   125     1     3        0  0.1777E+00  0.1223E+02  0.0000E+00  0.1306E-08
     1   125     1     4        0  0.8080E+01  0.5116E-04  0.0000E+00  0.9829E-03
     1   125     1     5        0  0.1407E+00  0.7563E-01  0.0000E+00  0.1015E-07
     1   126     1     1        0  0.0000E+00  0.1080E+02  0.2026E+04  0.1000E+03
     1   126     1     2        0  0.1566E+05  0.1988E-03  0.5385E-01  0.3160E-02
     1   126     1     3        0  0.4486E+00  0.8341E+01  0.0000E+00  0.1630E-08
     1   126     1     4        0  0.8314E+01  0.2926E-03  0.0000E+00  0.9645E-03
     1   126     1     5        0  0.1386E+00  0.5344E-01  0.0000E+00  0.2744E-07
     1   127     1     1        0  0.0000E+00  0.1902E+02  0.1445E+04  0.1000E+03
     1   127     1     2        0  0.1052E+05  0.2146E-03  0.0000E+00  0.1178E-02
     1   127     1     3        0  0.1159E+00  0.6302E+01  0.0000E+00  0.3066E-08
     1   127     1     4        0  0.4653E+01  0.7679E-04  0.0000E+00  0.6492E-03
     1   127     1     5        0  0.6733E-01  0.3967E-01  0.0000E+00  0.7389E-08
     1   128     1     1        0  0.0000E+00  0.3391E+02  0.4690E+03  0.1000E+03
     1   128     1     2        0  0.3893E+04  0.4386E-03  0.0000E+00  0.1556E-02
     1   128     1     3        0  0.7360E-01  0.4029E+01  0.0000E+00  0.2719E-08
     1   128     1     4        0  0.7348E+00  0.1170E-03  0.0000E+00  0.8524E-04
     1   128     1     5        0  0.4027E-02  0.2450E-01  0.0000E+00  0.3250E-08
     1   129     1     1        0  0.0000E+00  0.1000E+03  0.4809E+03  0.1000E+03
     1   129     1     2        0  0.3961E+04  0.2952E-02  0.0000E+00  0.1031E-02
     1   129     1     3        0  0.6538E-01  0.1236E+02  0.0000E+00  0.2457E-08
     1   129     1     4        0  0.4376E+00  0.1085E-03  0.0000E+00  0.9194E-04
     1   130     1     1        0  0.0000E+00  0.6478E+01  0.1402E+04  0.1000E+03
     1   130     1     2        0  0.1047E+05  0.2577E-03  0.2762E-01  0.2186E-02
     1   130     1     3        0  0.2287E+00  0.9015E+01  0.0000E+00  0.1715E-08
     1   130     1     4        0  0.3986E+01  0.2969E-03  0.0000E+00  0.6501E-03
     1   130     1     5        0  0.6558E-01  0.5493E-01  0.0000E+00  0.1308E-07
     1   131     1     1        0  0.0000E+00  0.9571E+01  0.1987E+04  0.1000E+03
     1   131     1     2        0  0.1546E+05  0.1550E-03  0.0000E+00  0.5896E-03
     1   131     1     3        0  0.8828E-01  0.7726E+01  0.0000E+00  0.1527E-08
     1   131     1     4        0  0.7804E+01  0.1340E-03  0.0000E+00  0.9719E-03
     1   131     1     5        0  0.1354E+00  0.4830E-01  0.0000E+00  0.5328E-08
     1   132     1     1        0  0.0000E+00  0.1891E+02  0.2005E+04  0.1000E+03
     1   132     1     2        0  0.1545E+05  0.3892E-03  0.4346E-01  0.2564E-02
     1   132     1     3        0  0.3603E+00  0.7650E+01  0.0000E+00  0.3719E-08
     1   132     1     4        0  0.8039E+01  0.2787E-03  0.0000E+00  0.9701E-03
     1   132     1     5        0  0.1373E+00  0.4677E-01  0.0000E+00  0.2250E-07
     1   133     1     1        0  0.0000E+00  0.3222E+02  0.1454E+04  0.1000E+03
     1   133     1     2        0  0.1058E+05  0.6925E-03  0.0000E+00  0.5653E-03
     1   133     1     3        0  0.5272E-01  0.8460E+01  0.0000E+00  0.4733E-08
     1   133     1     4        0  0.4485E+01  0.7320E-04  0.0000E+00  0.6675E-03
     1   133     1     5        0  0.6929E-01  0.4970E-01  0.0000E+00  0.3768E-08
     1   134     1     1        0  0.0000E+00  0.1000E+03  0.4828E+03  0.1000E+03
     1   134     1     2        0  0.3764E+04  0.1652E-02  0.0000E+00  0.1210E-02
     1   134     1     3        0  0.5859E-01  0.1322E+02  0.0000E+00  0.2815E-08
     1   134     1     4        0  0.7042E+00  0.2970E-03  0.0000E+00  0.1069E-03
     1   134     1     5        0  0.5148E-02  0.7699E-01  0.0000E+00  0.2790E-08
     1   135     1     1        0  0.0000E+00  0.1459E+02  0.4919E+03  0.1000E+03
     1   135     1     2        0  0.4027E+04  0.3646E-03  0.0000E+00  0.6181E-03
     1   135     1     3        0  0.3998E-01  0.4645E+01  0.0000E+00  0.7574E-09
     1   135     1     4        0  0.4294E+00  0.2000E-04  0.0000E+00  0.6870E-04
     1   136     1     1        0  0.0000E+00  0.8199E+01  0.1363E+04  0.1000E+03
     1   136     1     2        0  0.1004E+05  0.1484E-03  0.1929E-01  0.1593E-02
     1   136     1     3        0  0.1586E+00  0.7324E+01  0.0000E+00  0.9969E-09
     1   136     1     4        0  0.3882E+01  0.2143E-03  0.0000E+00  0.6324E-03
     1   136     1     5        0  0.6123E-01  0.4450E-01  0.0000E+00  0.9236E-08
     1   137     1     1        0  0.0000E+00  0.1875E+02  0.1967E+04  0.1000E+03
     1   137     1     2        0  0.1518E+05  0.3964E-03  0.0000E+00  0.8253E-04
     1   137     1     3        0  0.1018E-01  0.9580E+01  0.0000E+00  0.2755E-08
     1   137     1     4        0  0.7637E+01  0.1146E-03  0.0000E+00  0.9623E-03
     1   137     1     5        0  0.1319E+00  0.6072E-01  0.0000E+00  0.7106E-09
     1   138     1     1        0  0.0000E+00  0.2987E+02  0.2012E+04  0.1000E+03
     1   138     1     2        0  0.1540E+05  0.9748E-03  0.3292E-01  0.1950E-02
     1   138     1     3        0  0.2713E+00  0.1320E+02  0.0000E+00  0.3976E-08
     1   138     1     4        0  0.8005E+01  0.2913E-03  0.0000E+00  0.9773E-03
     1   138     1     5        0  0.1378E+00  0.8509E-01  0.0000E+00  0.1737E-07
     1   139     1     1        0  0.0000E+00  0.5552E+02  0.1492E+04  0.1000E+03
     1   139     1     2        0  0.1083E+05  0.6707E-03  0.0000E+00  0.1991E-03
     1   139     1     3        0  0.1785E-01  0.2304E+02  0.0000E+00  0.1875E-08
     1   139     1     4        0  0.4657E+01  0.1856E-03  0.0000E+00  0.6892E-03
     1   139     1     5        0  0.7277E-01  0.1487E+00  0.0000E+00  0.1198E-08
     1   140     1     1        0  0.0000E+00  0.1000E+03  0.5436E+03  0.1000E+03
     1   140     1     2        0  0.3836E+04  0.1072E-02  0.0000E+00  0.7927E-03
     1   140     1     3        0  0.3992E-01  0.3506E+02  0.0000E+00  0.7760E-09
     1   140     1     4        0  0.8668E+00  0.6093E-03  0.0000E+00  0.1367E-03
     1   140     1     5        0  0.6963E-02  0.2251E+00  0.0000E+00  0.2057E-08
     1   141     1     1        0  0.0000E+00  0.8097E+00  0.4812E+03  0.1000E+03
     1   141     1     2        0  0.3490E+04  0.2391E-04  0.0000E+00  0.1645E-03
     1   141     1     3        0  0.9604E-02  0.3695E+01  0.0000E+00  0.6160E-10
     1   141     1     4        0  0.9437E-01  0.2922E-04  0.0000E+00  0.2210E-04
