SUMMARY OF C0NVERGENCE INFORMATION
  STEP   INC  ATT   ITER     CONT.   RESID.        CORR.      RESID.      CORR.
                              EL.    FORCE         DISP       FLUX        TEMP.
                              (#)     (%)           (%)        (%)         (%)
     1     1     1     1        0  0.0000E+00  0.1000E-29  0.1531E+04  0.1000E+03
     1     1     1     2        0  0.2185E+04  0.1000E-29  0.0000E+00  0.1942E-07
     1     1     1     3        0  0.0000E+00  0.1000E+03  0.0000E+00  0.5952E-08
     1     2     1     1        0  0.0000E+00  0.9995E+02  0.1524E+04  0.1000E+03
     1     2     1     2        0  0.4366E+04  0.6659E-05  0.0000E+00  0.8511E-05
     1     2     1     3        0  0.0000E+00  0.3559E+02  0.0000E+00  0.6262E-08
     1     3     1     1        0  0.0000E+00  0.9996E+02  0.1522E+04  0.1000E+03
     1     3     1     2        0  0.6546E+04  0.4475E-05  0.0000E+00  0.9850E-05
     1     3     1     3        0  0.9283E+03  0.1000E+03  0.0000E+00  0.5615E-08
     1     3     1     4        0  0.8765E+04  0.1000E+03  0.0000E+00  0.1237E-03
     1     3     1     5        0  0.8813E+04  0.2110E-02  0.0000E+00  0.1250E-03
     1     3     1     6        0  0.0000E+00  0.2505E-02  0.0000E+00  0.2764E-07
     1     4     1     1        0  0.0000E+00  0.9997E+02  0.1521E+04  0.1000E+03
     1     4     1     2        0  0.8717E+04  0.4190E-05  0.0000E+00  0.2055E-04
     1     4     1     3        0  0.0000E+00  0.2200E+02  0.0000E+00  0.5290E-08
     1     5     1     1        0  0.0000E+00  0.9996E+02  0.1521E+04  0.1000E+03
     1     5     1     2        0  0.1088E+05  0.1164E-04  0.0000E+00  0.1265E-04
     1     5     1     3        0  0.0000E+00  0.3567E+02  0.0000E+00  0.5131E-08
     1     6     1     1        0  0.0000E+00  0.9999E+02  0.1520E+04  0.1000E+03
     1     6     1     2        0  0.1305E+05  0.1680E-04  0.0000E+00  0.4403E-04
     1     6     1     3        0  0.0000E+00  0.1533E+02  0.0000E+00  0.4522E-08
     1     7     1     1        0  0.0000E+00  0.9999E+02  0.1520E+04  0.1000E+03
     1     7     1     2        0  0.1523E+05  0.7405E-04  0.0000E+00  0.6594E-04
     1     7     1     3        0  0.1808E+01  0.1521E+02  0.0000E+00  0.2659E-08
     1     7     1     4        0  0.0000E+00  0.9255E-05  0.0000E+00  0.1001E-04
     1     8     1     1        0  0.0000E+00  0.1000E+03  0.1520E+04  0.1000E+03
     1     8     1     2        0  0.1742E+05  0.3003E-04  0.0000E+00  0.1650E-03
     1     8     1     3        0  0.5598E+01  0.9085E+01  0.0000E+00  0.1423E-08
     1     8     1     4        0  0.0000E+00  0.1391E-04  0.0000E+00  0.1491E-04
     1     9     1     1        0  0.0000E+00  0.1000E+03  0.1519E+04  0.1000E+03
     1     9     1     2        0  0.1960E+05  0.5743E-04  0.0000E+00  0.2641E-03
     1     9     1     3        0  0.1086E+02  0.8417E+01  0.0000E+00  0.9956E-09
     1     9     1     4        0  0.0000E+00  0.2072E-04  0.0000E+00  0.2219E-04
     1    10     1     1        0  0.0000E+00  0.1000E+03  0.2414E+05  0.1000E+03
     1    10     1     2        0  0.8161E+05  0.1100E-03  0.0000E+00  0.2643E-03
     1    10     1     3        0  0.2639E+01  0.1000E+03  0.0000E+00  0.4382E-11
     1    10     1     4        0  0.9337E+04  0.5107E-01  0.1079E+01  0.4776E-02
     1    10     1     5        0  0.4824E+02  0.4543E+00  0.0000E+00  0.3448E-06
     1    10     2     1        0  0.0000E+00  0.9999E+02  0.1519E+04  0.1000E+03
     1    10     2     2        0  0.2156E+05  0.5466E-04  0.0000E+00  0.4658E-04
     1    10     2     3        0  0.5952E+00  0.1830E+02  0.0000E+00  0.2713E-08
     1    10     2     4        0  0.0000E+00  0.7881E-05  0.0000E+00  0.8469E-05
     1    11     1     1        0  0.0000E+00  0.9999E+02  0.2859E+05  0.1000E+03
     1    11     1     2        0  0.8860E+05  0.5440E-04  0.0000E+00  0.4091E-04
     1    11     1     3        0  0.6888E+00  0.1000E+03  0.0000E+00  0.9918E-11
     1    11     1     4        0  0.9938E+03  0.5526E-02  0.3266E+00  0.1118E-02
     1    11     1     5        0  0.1736E+02  0.6290E-01  0.0000E+00  0.1474E-08
     1    11     2     1        0  0.0000E+00  0.9969E+02  0.1519E+04  0.1000E+03
     1    11     2     2        0  0.2242E+05  0.3868E-05  0.0000E+00  0.8913E-06
     1    11     2     3        0  0.0000E+00  0.1000E+03  0.0000E+00  0.1005E-07
     1    12     1     1        0  0.0000E+00  0.9988E+02  0.1519E+04  0.1000E+03
     1    12     1     2        0  0.2410E+05  0.3909E-05  0.0000E+00  0.5778E-05
     1    12     1     3        0  0.0000E+00  0.3828E+02  0.0000E+00  0.1009E-07
     1    13     1     1        0  0.0000E+00  0.9991E+02  0.3411E+05  0.1000E+03
     1    13     1     2        0  0.1051E+06  0.7984E-05  0.0000E+00  0.6725E-05
     1    13     1     3        0  0.1320E+00  0.1000E+03  0.0000E+00  0.2076E-10
     1    13     1     4        0  0.2207E+03  0.1408E-03  0.0000E+00  0.4329E-03
     1    13     1     5        0  0.8001E+01  0.1020E-01  0.0000E+00  0.7071E-10
     1    13     2     1        0  0.0000E+00  0.1000E+03  0.1519E+04  0.1000E+03
     1    13     2     2        0  0.2215E+05  0.1707E-05  0.0000E+00  0.6070E-07
     1    13     2     3        0  0.0000E+00  0.1000E+03  0.0000E+00  0.3449E-07
     1    14     1     1        0  0.0000E+00  0.9923E+02  0.1519E+04  0.1000E+03
     1    14     1     2        0  0.2308E+05  0.1148E-05  0.0000E+00  0.2045E-05
     1    14     1     3        0  0.0000E+00  0.4531E+02  0.0000E+00  0.2792E-07
     1    15     1     1        0  0.0000E+00  0.9924E+02  0.1519E+04  0.1000E+03
     1    15     1     2        0  0.2633E+05  0.1106E-05  0.0000E+00  0.1275E-05
     1    15     1     3        0  0.0000E+00  0.1000E+03  0.0000E+00  0.2041E-07
     1    16     1     1        0  0.0000E+00  0.9981E+02  0.4089E+05  0.1000E+03
     1    16     1     2        0  0.1289E+06  0.9356E-06  0.0000E+00  0.5617E-05
     1    16     1     3        0  0.1242E+00  0.1000E+03  0.0000E+00  0.4265E-10
     1    16     1     4        0  0.1030E+03  0.2231E-02  0.0000E+00  0.2505E-03
     1    16     1     5        0  0.5501E+01  0.2655E-02  0.0000E+00  0.1493E-09
     1    16     2     1        0  0.0000E+00  0.9774E+02  0.4421E+05  0.1000E+03
     1    16     2     2        0  0.1266E+06  0.3419E-06  0.0000E+00  0.8104E-06
     1    16     2     3        0  0.0000E+00  0.1000E+03  0.0000E+00  0.1027E-09
     1    17     1     1        0  0.0000E+00  0.7696E+02  0.2479E+05  0.1000E+03
     1    17     1     2        0  0.1250E+06  0.4463E-06  0.0000E+00  0.2351E-03
     1    17     1     3        0  0.1307E+01  0.3291E+02  0.0000E+00  0.1355E-09
     1    17     1     4        0  0.3048E+01  0.6276E-04  0.0000E+00  0.8072E-04
     1    17     1     5        0  0.4587E+00  0.7642E-04  0.0000E+00  0.2136E-09
     1    18     1     1        0  0.0000E+00  0.8482E+02  0.1806E+05  0.1000E+03
     1    18     1     2        0  0.1185E+06  0.1468E-05  0.0000E+00  0.1357E-03
     1    18     1     3        0  0.3761E+00  0.7554E+02  0.0000E+00  0.1460E-09
     1    18     1     4        0  0.1645E+01  0.7603E-04  0.0000E+00  0.8335E-04
     1    18     1     5        0  0.2509E+00  0.2569E-03  0.0000E+00  0.1845E-09
     1    19     1     1        0  0.0000E+00  0.6909E+02  0.1453E+05  0.1000E+03
     1    19     1     2        0  0.1081E+06  0.9107E-06  0.0000E+00  0.3599E-03
     1    19     1     3        0  0.6394E+00  0.2365E+02  0.0000E+00  0.1460E-09
     1    19     1     4        0  0.1040E+01  0.6443E-04  0.0000E+00  0.8522E-04
     1    19     1     5        0  0.3179E+01  0.1974E-03  0.0000E+00  0.3380E-09
     1    19     2     1        0  0.0000E+00  0.4637E+02  0.1455E+05  0.1000E+03
     1    19     2     2        0  0.5611E+05  0.2060E-06  0.0000E+00  0.7878E-04
     1    19     2     3        0  0.2652E-01  0.1973E+02  0.0000E+00  0.5393E-09
     1    19     2     4        0  0.2537E-01  0.1132E-04  0.0000E+00  0.3061E-04
     1    20     1     1        0  0.0000E+00  0.5051E+02  0.1238E+05  0.1000E+03
     1    20     1     2        0  0.4622E+05  0.1421E-06  0.0000E+00  0.4033E-04
     1    20     1     3        0  0.9573E-02  0.2858E+02  0.0000E+00  0.5420E-09
     1    20     1     4        0  0.1941E-01  0.7459E-05  0.0000E+00  0.3078E-04
     1    21     1     1        0  0.0000E+00  0.5828E+02  0.1091E+05  0.1000E+03
     1    21     1     2        0  0.5312E+05  0.1255E-06  0.0000E+00  0.1979E-03
     1    21     1     3        0  0.6729E-01  0.1796E+02  0.0000E+00  0.3890E-09
     1    21     1     4        0  0.4768E-01  0.2448E-04  0.0000E+00  0.4081E-04
     1    22     1     1        0  0.0000E+00  0.9960E+02  0.9835E+04  0.1000E+03
     1    22     1     2        0  0.6206E+05  0.3112E-06  0.0000E+00  0.2605E-03
     1    22     1     3        0  0.1167E+00  0.2976E+02  0.0000E+00  0.2606E-09
     1    22     1     4        0  0.1190E+00  0.5163E-04  0.0000E+00  0.5529E-04
     1    23     1     1        0  0.0000E+00  0.7103E+02  0.9017E+04  0.1000E+03
     1    23     1     2        0  0.7276E+05  0.3303E-06  0.0000E+00  0.6889E-03
     1    23     1     3        0  0.4243E+00  0.1704E+02  0.0000E+00  0.1779E-09
     1    23     1     4        0  0.2994E+00  0.8097E-04  0.0000E+00  0.7665E-04
     1    24     1     1        0  0.0000E+00  0.9943E+02  0.8368E+04  0.1000E+03
     1    24     1     2        0  0.8478E+05  0.2177E-05  0.0000E+00  0.1059E-02
     1    24     1     3        0  0.8330E+00  0.2118E+02  0.0000E+00  0.1183E-09
     1    24     1     4        0  0.7521E+00  0.1526E-03  0.0000E+00  0.1086E-03
     1    24     1     5        0  0.9857E-01  0.1909E-03  0.0000E+00  0.8559E-09
     1    25     1     1        0  0.0000E+00  0.7441E+02  0.7844E+04  0.1000E+03
     1    25     1     2        0  0.7705E+05  0.4526E-06  0.5701E-01  0.1183E-02
     1    25     1     3        0  0.7669E+00  0.1750E+02  0.0000E+00  0.1523E-09
     1    25     1     4        0  0.6248E+00  0.1345E-03  0.0000E+00  0.1111E-03
     1    25     1     5        0  0.8246E-01  0.1853E-03  0.0000E+00  0.9287E-09
     1    26     1     1        0  0.0000E+00  0.7615E+02  0.7410E+04  0.1000E+03
     1    26     1     2        0  0.6921E+05  0.1276E-05  0.0000E+00  0.8666E-03
     1    26     1     3        0  0.4421E+00  0.2054E+02  0.0000E+00  0.1328E-09
     1    26     1     4        0  0.5222E+00  0.1136E-03  0.0000E+00  0.1135E-03
     1    26     1     5        0  0.6931E-01  0.2485E-03  0.0000E+00  0.6708E-09
     1    27     1     1        0  0.0000E+00  0.5754E+02  0.7046E+04  0.1000E+03
     1    27     1     2        0  0.6180E+05  0.2403E-05  0.0000E+00  0.1010E-02
     1    27     1     3        0  0.4381E+00  0.1669E+02  0.0000E+00  0.1632E-09
     1    27     1     4        0  0.4407E+00  0.1032E-03  0.0000E+00  0.1157E-03
     1    28     1     1        0  0.0000E+00  0.4836E+02  0.6736E+04  0.1000E+03
     1    28     1     2        0  0.5523E+05  0.3944E-05  0.0000E+00  0.6949E-03
     1    28     1     3        0  0.2398E+00  0.1658E+02  0.0000E+00  0.1595E-09
     1    28     1     4        0  0.3771E+00  0.6876E-04  0.0000E+00  0.1178E-03
     1    29     1     1        0  0.0000E+00  0.6649E+02  0.6463E+04  0.1000E+03
     1    29     1     2        0  0.6764E+05  0.7295E-05  0.6325E-01  0.1679E-02
     1    29     1     3        0  0.8201E+00  0.1993E+02  0.0000E+00  0.1209E-09
     1    29     1     4        0  0.9889E+00  0.2056E-03  0.0000E+00  0.1676E-03
     1    29     1     5        0  0.9855E-01  0.5370E-03  0.0000E+00  0.2010E-08
     1    30     1     1        0  0.0000E+00  0.5148E+02  0.6223E+04  0.1000E+03
     1    30     1     2        0  0.6146E+05  0.4962E-05  0.0000E+00  0.1135E-02
     1    30     1     3        0  0.4599E+00  0.1832E+02  0.0000E+00  0.1201E-09
     1    30     1     4        0  0.8647E+00  0.1205E-03  0.0000E+00  0.1662E-03
     1    30     1     5        0  0.8631E-01  0.5517E-03  0.0000E+00  0.1371E-08
     1    31     1     1        0  0.0000E+00  0.3773E+02  0.6026E+04  0.1000E+03
     1    31     1     2        0  0.5612E+05  0.3272E-05  0.4505E-01  0.1283E-02
     1    31     1     3        0  0.4847E+00  0.1505E+02  0.0000E+00  0.9992E-10
     1    31     1     4        0  0.7647E+00  0.1185E-03  0.0000E+00  0.1649E-03
     1    31     1     5        0  0.7636E-01  0.4997E-03  0.0000E+00  0.1601E-08
     1    32     1     1        0  0.0000E+00  0.2600E+02  0.5856E+04  0.1000E+03
     1    32     1     2        0  0.5143E+05  0.3139E-05  0.0000E+00  0.7925E-03
     1    32     1     3        0  0.2463E+00  0.1280E+02  0.0000E+00  0.1161E-09
     1    32     1     4        0  0.6826E+00  0.5748E-04  0.0000E+00  0.1637E-03
     1    32     1     5        0  0.6814E-01  0.4630E-03  0.0000E+00  0.1030E-08
     1    33     1     1        0  0.0000E+00  0.1955E+02  0.5702E+04  0.1000E+03
     1    33     1     2        0  0.4722E+05  0.3430E-05  0.0000E+00  0.9790E-03
     1    33     1     3        0  0.2990E+00  0.1040E+02  0.0000E+00  0.1035E-09
     1    33     1     4        0  0.6137E+00  0.6257E-04  0.0000E+00  0.1626E-03
     1    33     1     5        0  0.6120E-01  0.4061E-03  0.0000E+00  0.1193E-08
     1    34     1     1        0  0.0000E+00  0.1238E+02  0.5563E+04  0.1000E+03
     1    34     1     2        0  0.4337E+05  0.2475E-05  0.0000E+00  0.5305E-03
     1    34     1     3        0  0.1291E+00  0.8528E+01  0.0000E+00  0.1119E-09
     1    34     1     4        0  0.5541E+00  0.2397E-04  0.0000E+00  0.1617E-03
     1    34     1     5        0  0.5517E-01  0.3558E-03  0.0000E+00  0.6308E-09
     1    35     1     1        0  0.0000E+00  0.1031E+02  0.5437E+04  0.1000E+03
     1    35     1     2        0  0.3982E+05  0.1690E-05  0.0000E+00  0.7467E-03
     1    35     1     3        0  0.1925E+00  0.6942E+01  0.0000E+00  0.9811E-10
     1    35     1     4        0  0.5017E+00  0.3214E-04  0.0000E+00  0.1608E-03
     1    35     1     5        0  0.4984E-01  0.3068E-03  0.0000E+00  0.8627E-09
     1    36     1     1        0  0.0000E+00  0.7508E+01  0.5321E+04  0.1000E+03
     1    36     1     2        0  0.3654E+05  0.1927E-05  0.0000E+00  0.3315E-03
     1    36     1     3        0  0.6514E-01  0.6050E+01  0.0000E+00  0.9626E-10
     1    36     1     4        0  0.4553E+00  0.9464E-05  0.0000E+00  0.1600E-03
     1    37     1     1        0  0.0000E+00  0.7343E+01  0.5214E+04  0.1000E+03
     1    37     1     2        0  0.3357E+05  0.2071E-05  0.0000E+00  0.5707E-03
     1    37     1     3        0  0.1252E+00  0.5705E+01  0.0000E+00  0.1025E-09
     1    37     1     4        0  0.4147E+00  0.2046E-04  0.0000E+00  0.1593E-03
     1    38     1     1        0  0.0000E+00  0.6669E+01  0.5114E+04  0.1000E+03
     1    38     1     2        0  0.4436E+05  0.4812E-05  0.0000E+00  0.4884E-03
     1    38     1     3        0  0.1333E+00  0.6145E+01  0.0000E+00  0.7080E-10
     1    38     1     4        0  0.1153E+01  0.1470E-04  0.0000E+00  0.2234E-03
     1    38     1     5        0  0.8390E-01  0.5607E-03  0.0000E+00  0.9008E-09
     1    39     1     1        0  0.0000E+00  0.7181E+01  0.5021E+04  0.1000E+03
     1    39     1     2        0  0.4093E+05  0.3873E-05  0.0000E+00  0.8039E-03
     1    39     1     3        0  0.2381E+00  0.5585E+01  0.0000E+00  0.7988E-10
     1    39     1     4        0  0.1054E+01  0.2944E-04  0.0000E+00  0.2219E-03
     1    39     1     5        0  0.7637E-01  0.5369E-03  0.0000E+00  0.1408E-08
     1    40     1     1        0  0.0000E+00  0.4490E+01  0.4933E+04  0.1000E+03
     1    40     1     2        0  0.3778E+05  0.2893E-05  0.0000E+00  0.2450E-03
     1    40     1     3        0  0.5184E-01  0.5119E+01  0.0000E+00  0.6528E-10
     1    40     1     4        0  0.9665E+00  0.4694E-05  0.0000E+00  0.2193E-03
     1    40     1     5        0  0.6966E-01  0.5127E-03  0.0000E+00  0.4560E-09
     1    41     1     1        0  0.0000E+00  0.3358E+01  0.4850E+04  0.1000E+03
     1    41     1     2        0  0.3485E+05  0.2904E-05  0.0000E+00  0.5846E-03
     1    41     1     3        0  0.1518E+00  0.4543E+01  0.0000E+00  0.7769E-10
     1    41     1     4        0  0.8871E+00  0.1753E-04  0.0000E+00  0.2171E-03
     1    41     1     5        0  0.6360E-01  0.4687E-03  0.0000E+00  0.1048E-08
     1    42     1     1        0  0.3650E+03  0.1863E+02  0.4772E+04  0.1000E+03
     1    42     1     2        0  0.3210E+05  0.1862E+02  0.0000E+00  0.3763E-03
     1    42     1     3        0  0.3472E+03  0.6347E+02  0.0000E+00  0.3918E-03
     1    42     1     4        0  0.7443E+02  0.6340E+02  0.0000E+00  0.4593E-03
     1    42     1     5        0  0.7483E+02  0.9694E-02  0.0000E+00  0.5088E-03
     1    42     1     6        0  0.7365E-01  0.8346E-02  0.0000E+00  0.2132E-06
     1    43     1     1        0  0.0000E+00  0.3985E+01  0.4698E+04  0.1000E+03
     1    43     1     2        0  0.2954E+05  0.2267E-05  0.0000E+00  0.4281E-03
     1    43     1     3        0  0.9851E-01  0.3686E+01  0.0000E+00  0.6898E-10
     1    43     1     4        0  0.7477E+00  0.1121E-04  0.0000E+00  0.2139E-03
     1    43     1     5        0  0.5307E-01  0.3865E-03  0.0000E+00  0.7641E-09
     1    44     1     1        0  0.9577E+04  0.4066E+01  0.4627E+04  0.1000E+03
     1    44     1     2        0  0.2721E+05  0.1744E-01  0.0000E+00  0.1623E-03
     1    44     1     3        0  0.3305E-01  0.3567E+01  0.0000E+00  0.1770E-03
     1    45     1     1        0  0.0000E+00  0.3465E+01  0.4561E+04  0.1000E+03
     1    45     1     2        0  0.2511E+05  0.1747E-05  0.0000E+00  0.3171E-03
     1    45     1     3        0  0.6526E-01  0.3505E+01  0.0000E+00  0.7420E-10
     1    45     1     4        0  0.6341E+00  0.7870E-05  0.0000E+00  0.2118E-03
     1    45     1     5        0  0.4460E-01  0.3604E-03  0.0000E+00  0.5872E-09
     1    46     1     1        0  0.3317E+05  0.7473E+01  0.4497E+04  0.1000E+03
     1    46     1     2        0  0.2322E+05  0.7387E+01  0.0000E+00  0.5830E-03
     1    46     1     3        0  0.9754E+00  0.3454E+01  0.0000E+00  0.4966E-03
     1    46     1     4        0  0.5899E+00  0.1584E+00  0.0000E+00  0.2111E-03
     1    46     1     5        0  0.4108E-01  0.3475E-03  0.0000E+00  0.8813E-07
     1    47     1     1        0  0.0000E+00  0.2298E+01  0.4437E+04  0.1000E+03
     1    47     1     2        0  0.2152E+05  0.3082E-06  0.0000E+00  0.2395E-03
     1    47     1     3        0  0.4472E-01  0.3386E+01  0.0000E+00  0.6796E-10
     1    47     1     4        0  0.5440E+00  0.5825E-05  0.0000E+00  0.2106E-03
     1    47     1     5        0  0.3796E-01  0.3295E-03  0.0000E+00  0.4557E-09
     1    48     1     1        0  0.0000E+00  0.3075E+01  0.4379E+04  0.1000E+03
     1    48     1     2        0  0.1998E+05  0.8584E-06  0.0000E+00  0.2114E-03
     1    48     1     3        0  0.1703E+03  0.6044E+02  0.0000E+00  0.6916E-10
     1    48     1     4        0  0.3333E+02  0.6044E+02  0.0000E+00  0.6409E-03
     1    48     1     5        0  0.3308E+02  0.1284E-01  0.0000E+00  0.5062E-03
     1    48     1     6        0  0.2482E-01  0.1302E-01  0.0000E+00  0.9526E-07
     1    49     1     1        0  0.0000E+00  0.3462E+01  0.4324E+04  0.1000E+03
     1    49     1     2        0  0.1858E+05  0.6436E-06  0.0000E+00  0.1864E-03
     1    49     1     3        0  0.3192E-01  0.3167E+01  0.0000E+00  0.7289E-10
     1    49     1     4        0  0.4707E+00  0.4805E-05  0.0000E+00  0.2101E-03
     1    50     1     1        0  0.0000E+00  0.3973E+01  0.4271E+04  0.1000E+03
     1    50     1     2        0  0.1731E+05  0.1093E-05  0.0000E+00  0.2540E-03
     1    50     1     3        0  0.3631E-01  0.3239E+01  0.0000E+00  0.7746E-10
     1    50     1     4        0  0.4391E+00  0.6436E-05  0.0000E+00  0.2100E-03
     1    51     1     1        0  0.0000E+00  0.5698E+01  0.4216E+04  0.1000E+03
     1    51     1     2        0  0.2389E+05  0.2161E-04  0.0000E+00  0.1971E-03
     1    51     1     3        0  0.5058E-01  0.3972E+01  0.0000E+00  0.6412E-10
     1    51     1     4        0  0.1262E+01  0.5671E-05  0.0000E+00  0.2976E-03
     1    51     1     5        0  0.6344E-01  0.6050E-03  0.0000E+00  0.5461E-09
     1    52     1     1        0  0.0000E+00  0.5588E+01  0.4162E+04  0.1000E+03
     1    52     1     2        0  0.2231E+05  0.2340E-04  0.0000E+00  0.4190E-03
     1    52     1     3        0  0.7978E-01  0.4318E+01  0.0000E+00  0.7076E-10
     1    52     1     4        0  0.1181E+01  0.1064E-04  0.0000E+00  0.2979E-03
     1    52     1     5        0  0.5908E-01  0.5762E-03  0.0000E+00  0.1129E-08
     1    53     1     1        0  0.0000E+00  0.5414E+01  0.4110E+04  0.1000E+03
     1    53     1     2        0  0.2087E+05  0.1567E-04  0.0000E+00  0.1859E-03
     1    53     1     3        0  0.4052E-01  0.4653E+01  0.0000E+00  0.6616E-10
     1    53     1     4        0  0.1107E+01  0.7910E-05  0.0000E+00  0.2984E-03
     1    53     1     5        0  0.5514E-01  0.5216E-03  0.0000E+00  0.5135E-09
     1    54     1     1        0  0.0000E+00  0.8710E+01  0.4060E+04  0.1000E+03
     1    54     1     2        0  0.1953E+05  0.8957E-04  0.0000E+00  0.4365E-03
     1    54     1     3        0  0.7079E-01  0.4923E+01  0.0000E+00  0.1079E-09
     1    54     1     4        0  0.1039E+01  0.1363E-04  0.0000E+00  0.2991E-03
     1    54     1     5        0  0.5152E-01  0.4333E-03  0.0000E+00  0.1166E-08
     1    55     1     1        0  0.0000E+00  0.1113E+02  0.4011E+04  0.1000E+03
     1    55     1     2        0  0.1832E+05  0.3591E-04  0.0000E+00  0.1806E-03
     1    55     1     3        0  0.3337E-01  0.5698E+01  0.0000E+00  0.6217E-10
     1    55     1     4        0  0.9767E+00  0.7136E-05  0.0000E+00  0.3000E-03
     1    55     1     5        0  0.4823E-01  0.3864E-03  0.0000E+00  0.5082E-09
     1    56     1     1        0  0.0000E+00  0.1189E+02  0.3964E+04  0.1000E+03
     1    56     1     2        0  0.1723E+05  0.3675E-04  0.0000E+00  0.4455E-03
     1    56     1     3        0  0.6259E-01  0.7257E+01  0.0000E+00  0.7035E-10
     1    56     1     4        0  0.9208E+00  0.1704E-04  0.0000E+00  0.3009E-03
     1    56     1     5        0  0.4531E-01  0.4021E-03  0.0000E+00  0.1171E-08
     1    57     1     1        0  0.0000E+00  0.1250E+02  0.3917E+04  0.1000E+03
     1    57     1     2        0  0.1625E+05  0.3468E-04  0.0000E+00  0.1797E-03
     1    57     1     3        0  0.7023E+02  0.1000E+03  0.0000E+00  0.6583E-10
     1    57     1     4        0  0.1517E+02  0.1000E+03  0.0000E+00  0.6449E-03
     1    57     1     5        0  0.9769E+01  0.8657E-02  0.0000E+00  0.4399E-03
     1    57     1     6        0  0.1240E+01  0.2195E+00  0.0000E+00  0.4819E-07
     1    57     1     7        0  0.1401E-03  0.2265E+00  0.0000E+00  0.5048E-06
     1    58     1     1        0  0.0000E+00  0.1557E+02  0.3872E+04  0.1000E+03
     1    58     1     2        0  0.1536E+05  0.4873E-04  0.0000E+00  0.4485E-03
     1    58     1     3        0  0.5539E-01  0.1136E+02  0.0000E+00  0.6606E-10
     1    58     1     4        0  0.8251E+00  0.2804E-04  0.0000E+00  0.3030E-03
     1    58     1     5        0  0.4031E-01  0.4638E-03  0.0000E+00  0.1193E-08
     1    59     1     1        0  0.0000E+00  0.2204E+02  0.3828E+04  0.1000E+03
     1    59     1     2        0  0.1455E+05  0.1994E-03  0.0000E+00  0.1817E-03
     1    59     1     3        0  0.2552E-01  0.1422E+02  0.0000E+00  0.4644E-09
     1    59     1     4        0  0.7837E+00  0.2630E-04  0.0000E+00  0.3042E-03
     1    59     1     5        0  0.3815E-01  0.6443E-03  0.0000E+00  0.5190E-09
     1    60     1     1        0  0.0000E+00  0.3316E+02  0.3786E+04  0.1000E+03
     1    60     1     2        0  0.1382E+05  0.1301E-03  0.0000E+00  0.4472E-03
     1    60     1     3        0  0.4917E-01  0.2113E+02  0.0000E+00  0.6685E-10
     1    60     1     4        0  0.7461E+00  0.6041E-04  0.0000E+00  0.3053E-03
     1    60     1     5        0  0.3622E-01  0.1021E-02  0.0000E+00  0.1195E-08
     1    61     1     1        0  0.0000E+00  0.4394E+02  0.3744E+04  0.1000E+03
     1    61     1     2        0  0.1316E+05  0.1410E-03  0.0000E+00  0.1858E-03
     1    61     1     3        0  0.2356E-01  0.4472E+02  0.0000E+00  0.5762E-10
     1    61     1     4        0  0.7121E+00  0.7117E-04  0.0000E+00  0.3066E-03
     1    61     1     5        0  0.3447E-01  0.2068E-02  0.0000E+00  0.5160E-09
     1    62     1     1        0  0.0000E+00  0.6616E+02  0.3703E+04  0.1000E+03
     1    62     1     2        0  0.1256E+05  0.1681E-03  0.0000E+00  0.4432E-03
     1    62     1     3        0  0.4393E-01  0.7280E+02  0.0000E+00  0.4939E-10
     1    62     1     4        0  0.6812E+00  0.1658E-03  0.0000E+00  0.3078E-03
     1    62     1     5        0  0.3291E-01  0.3438E-02  0.0000E+00  0.1157E-08
     1    63     1     1        0  0.0000E+00  0.4930E+02  0.3663E+04  0.1000E+03
     1    63     1     2        0  0.1201E+05  0.3274E-03  0.0000E+00  0.1911E-03
     1    63     1     3        0  0.2208E-01  0.5124E+02  0.0000E+00  0.2306E-09
     1    63     1     4        0  0.6529E+00  0.1055E-03  0.0000E+00  0.3091E-03
     1    63     1     5        0  0.3145E-01  0.2506E-02  0.0000E+00  0.5270E-09
     1    64     1     1        0  0.0000E+00  0.4540E+02  0.3625E+04  0.1000E+03
     1    64     1     2        0  0.1150E+05  0.8261E-04  0.0000E+00  0.4374E-03
     1    64     1     3        0  0.3945E-01  0.4014E+02  0.0000E+00  0.6294E-10
     1    64     1     4        0  0.6266E+00  0.9636E-04  0.0000E+00  0.3104E-03
     1    64     1     5        0  0.2505E+01  0.2120E-02  0.0000E+00  0.1149E-08
     1    64     2     1        0  0.0000E+00  0.2564E+02  0.3635E+04  0.1000E+03
     1    64     2     2        0  0.2914E+04  0.9687E-06  0.0000E+00  0.1103E-03
     1    64     2     3        0  0.2076E-02  0.2444E+02  0.0000E+00  0.1927E-09
     1    64     2     4        0  0.1329E-01  0.1604E-04  0.0000E+00  0.9574E-04
     1    65     1     1        0  0.0000E+00  0.2319E+02  0.3607E+04  0.1000E+03
     1    65     1     2        0  0.2806E+04  0.8363E-06  0.0000E+00  0.7824E-04
     1    65     1     3        0  0.1575E-02  0.2354E+02  0.0000E+00  0.1822E-09
     1    65     1     4        0  0.1283E-01  0.1206E-04  0.0000E+00  0.9585E-04
     1    66     1     1        0  0.0000E+00  0.2952E+02  0.3579E+04  0.1000E+03
     1    66     1     2        0  0.4053E+04  0.5683E-05  0.0000E+00  0.1724E-03
     1    66     1     3        0  0.4744E-02  0.2640E+02  0.0000E+00  0.1369E-09
     1    66     1     4        0  0.3806E-01  0.2375E-04  0.0000E+00  0.1342E-03
     1    67     1     1        0  0.0000E+00  0.3175E+02  0.3550E+04  0.1000E+03
     1    67     1     2        0  0.5856E+04  0.1309E-04  0.0000E+00  0.1141E-03
     1    67     1     3        0  0.6154E-02  0.3003E+02  0.0000E+00  0.9680E-10
     1    67     1     4        0  0.1135E+00  0.1627E-04  0.0000E+00  0.1897E-03
     1    68     1     1        0  0.0000E+00  0.3256E+02  0.3517E+04  0.1000E+03
     1    68     1     2        0  0.8459E+04  0.2170E-04  0.0000E+00  0.4152E-03
     1    68     1     3        0  0.2602E-01  0.3292E+02  0.0000E+00  0.6154E-10
     1    68     1     4        0  0.3401E+00  0.8307E-04  0.0000E+00  0.2696E-03
     1    69     1     1        0  0.0000E+00  0.1584E+02  0.3479E+04  0.1000E+03
     1    69     1     2        0  0.1219E+05  0.4002E-04  0.0000E+00  0.1825E-03
     1    69     1     3        0  0.2043E-01  0.2516E+02  0.0000E+00  0.4671E-10
     1    69     1     4        0  0.1014E+01  0.4773E-04  0.0000E+00  0.3842E-03
     1    69     1     5        0  0.4047E-01  0.2564E-02  0.0000E+00  0.6150E-09
     1    70     1     1        0  0.0000E+00  0.1343E+02  0.3442E+04  0.1000E+03
     1    70     1     2        0  0.1177E+05  0.2610E-04  0.0000E+00  0.6228E-03
     1    70     1     3        0  0.5694E-01  0.1342E+02  0.0000E+00  0.8313E-10
     1    70     1     4        0  0.9812E+00  0.7414E-04  0.0000E+00  0.3862E-03
     1    70     1     5        0  0.3907E-01  0.1030E-02  0.0000E+00  0.2038E-08
     1    71     1     1        0  0.0000E+00  0.9166E+01  0.3406E+04  0.1000E+03
     1    71     1     2        0  0.1137E+05  0.3121E-04  0.0000E+00  0.2202E-03
     1    71     1     3        0  0.2333E-01  0.9531E+01  0.0000E+00  0.1145E-09
     1    71     1     4        0  0.9495E+00  0.2549E-04  0.0000E+00  0.3883E-03
     1    71     1     5        0  0.3774E-01  0.8403E-03  0.0000E+00  0.7415E-09
     1    72     1     1        0  0.6139E+04  0.7698E+01  0.3385E+04  0.1000E+03
     1    72     1     2        0  0.1098E+05  0.5798E+01  0.0000E+00  0.7519E-03
     1    72     1     3        0  0.1918E+00  0.7748E+01  0.0000E+00  0.8485E-03
     1    73     1     1        0  0.0000E+00  0.4305E+01  0.3363E+04  0.1000E+03
     1    73     1     2        0  0.1060E+05  0.1076E-04  0.0000E+00  0.2505E-03
     1    73     1     3        0  0.2527E-01  0.6283E+01  0.0000E+00  0.5399E-10
     1    73     1     4        0  0.8885E+00  0.1257E-04  0.0000E+00  0.3924E-03
     1    73     1     5        0  0.3522E-01  0.1137E-02  0.0000E+00  0.8800E-09
     1    74     1     1        0  0.0000E+00  0.4811E+01  0.3343E+04  0.1000E+03
     1    74     1     2        0  0.1024E+05  0.7209E-05  0.0000E+00  0.5334E-03
     1    74     1     3        0  0.4300E-01  0.5116E+01  0.0000E+00  0.7314E-10
     1    74     1     4        0  0.8585E+00  0.2431E-04  0.0000E+00  0.3944E-03
     1    74     1     5        0  0.3404E-01  0.1299E-02  0.0000E+00  0.1773E-08
     1    75     1     1        0  0.0000E+00  0.5036E+01  0.3322E+04  0.1000E+03
     1    75     1     2        0  0.9885E+04  0.8683E-05  0.0000E+00  0.2781E-03
     1    75     1     3        0  0.2580E-01  0.4533E+01  0.0000E+00  0.9224E-10
     1    75     1     4        0  0.8291E+00  0.1047E-04  0.0000E+00  0.3964E-03
     1    75     1     5        0  0.3286E-01  0.1535E-02  0.0000E+00  0.9905E-09
     1    76     1     1        0  0.0000E+00  0.4258E+01  0.3302E+04  0.1000E+03
     1    76     1     2        0  0.9542E+04  0.3463E-05  0.0000E+00  0.5037E-03
     1    76     1     3        0  0.3802E-01  0.4385E+01  0.0000E+00  0.7107E-10
     1    76     1     4        0  0.8006E+00  0.1597E-04  0.0000E+00  0.3984E-03
     1    76     1     5        0  0.3172E-01  0.1954E-02  0.0000E+00  0.1688E-08
     1    77     1     1        0  0.0000E+00  0.3827E+01  0.3281E+04  0.1000E+03
     1    77     1     2        0  0.9211E+04  0.9154E-05  0.0000E+00  0.3118E-03
     1    77     1     3        0  0.2600E-01  0.4271E+01  0.0000E+00  0.7371E-10
     1    77     1     4        0  0.7728E+00  0.1741E-04  0.0000E+00  0.4004E-03
     1    77     1     5        0  0.3064E-01  0.2499E-02  0.0000E+00  0.1081E-08
     1    78     1     1        0  0.0000E+00  0.6042E+01  0.3262E+04  0.1000E+03
     1    78     1     2        0  0.8891E+04  0.1109E-04  0.0000E+00  0.4813E-03
     1    78     1     3        0  0.3394E-01  0.4179E+01  0.0000E+00  0.7483E-10
     1    78     1     4        0  0.7456E+00  0.1485E-04  0.0000E+00  0.4024E-03
     1    78     1     5        0  0.2960E-01  0.3092E-02  0.0000E+00  0.1617E-08
     1    79     1     1        0  0.0000E+00  0.8100E+01  0.3242E+04  0.1000E+03
     1    79     1     2        0  0.8583E+04  0.8734E-05  0.0000E+00  0.3389E-03
     1    79     1     3        0  0.2527E-01  0.4380E+01  0.0000E+00  0.6669E-10
     1    79     1     4        0  0.7200E+00  0.1267E-04  0.0000E+00  0.4044E-03
     1    79     1     5        0  0.2859E-01  0.3904E-02  0.0000E+00  0.1161E-08
     1    80     1     1        0  0.0000E+00  0.8908E+01  0.3223E+04  0.1000E+03
     1    80     1     2        0  0.8289E+04  0.1287E-04  0.0000E+00  0.4648E-03
     1    80     1     3        0  0.3061E-01  0.4969E+01  0.0000E+00  0.6484E-10
     1    80     1     4        0  0.6964E+00  0.1823E-04  0.0000E+00  0.4063E-03
     1    80     1     5        0  0.2759E-01  0.5085E-02  0.0000E+00  0.1569E-08
     1    81     1     1        0  0.0000E+00  0.9664E+01  0.3203E+04  0.1000E+03
     1    81     1     2        0  0.8008E+04  0.2394E-04  0.0000E+00  0.3607E-03
     1    81     1     3        0  0.2468E-01  0.5800E+01  0.0000E+00  0.7281E-10
     1    81     1     4        0  0.6738E+00  0.1749E-04  0.0000E+00  0.4083E-03
     1    81     1     5        0  0.2670E-01  0.6622E-02  0.0000E+00  0.1237E-08
     1    82     1     1        0  0.0000E+00  0.1338E+02  0.3184E+04  0.1000E+03
     1    82     1     2        0  0.7742E+04  0.2917E-04  0.0000E+00  0.4530E-03
     1    82     1     3        0  0.1757E+05  0.6532E+01  0.0000E+00  0.5818E-10
     1    82     1     4        0  0.6004E+00  0.3328E+01  0.0000E+00  0.1145E-02
     1    82     1     5        0  0.6293E-01  0.7927E-02  0.0000E+00  0.1150E-02
     1    83     1     1        0  0.0000E+00  0.1858E+02  0.3166E+04  0.1000E+03
     1    83     1     2        0  0.7489E+04  0.3032E-04  0.0000E+00  0.3783E-03
     1    83     1     3        0  0.2358E-01  0.8699E+01  0.0000E+00  0.5781E-10
     1    83     1     4        0  0.6325E+00  0.2911E-04  0.0000E+00  0.4121E-03
     1    83     1     5        0  0.2497E-01  0.1162E-01  0.0000E+00  0.1294E-08
     1    84     1     1        0  0.0000E+00  0.2307E+02  0.3147E+04  0.1000E+03
     1    84     1     2        0  0.7250E+04  0.1405E-04  0.0000E+00  0.4447E-03
     1    84     1     3        0  0.2554E-01  0.1330E+02  0.0000E+00  0.4984E-10
     1    84     1     4        0  0.6144E+00  0.5067E-04  0.0000E+00  0.4140E-03
     1    84     1     5        0  0.2419E-01  0.1843E-01  0.0000E+00  0.1477E-08
     1    85     1     1        0  0.0000E+00  0.3071E+02  0.3129E+04  0.1000E+03
     1    85     1     2        0  0.7026E+04  0.5827E-04  0.0000E+00  0.3926E-03
     1    85     1     3        0  0.2267E-01  0.2201E+02  0.0000E+00  0.4393E-10
     1    85     1     4        0  0.5966E+00  0.6681E-04  0.0000E+00  0.4158E-03
     1    85     1     5        0  0.2345E-01  0.3121E-01  0.0000E+00  0.1326E-08
     1    86     1     1        0  0.0000E+00  0.4857E+02  0.3110E+04  0.1000E+03
     1    86     1     2        0  0.6814E+04  0.3332E-03  0.0000E+00  0.4392E-03
     1    86     1     3        0  0.2368E-01  0.3510E+02  0.0000E+00  0.3071E-09
     1    86     1     4        0  0.5794E+00  0.5214E-02  0.0000E+00  0.4177E-03
     1    86     1     5        0  0.2277E-01  0.4931E-01  0.0000E+00  0.2282E-08
     1    87     1     1        0  0.3438E+04  0.1000E+03  0.3092E+04  0.1000E+03
     1    87     1     2        0  0.6614E+04  0.1000E+03  0.2997E-01  0.2310E-02
     1    87     1     3        0  0.1682E+03  0.3983E+01  0.0000E+00  0.2061E-02
     1    87     1     4        0  0.6760E+00  0.1673E+01  0.0000E+00  0.4193E-03
     1    87     1     5        0  0.1185E+00  0.5917E-02  0.0000E+00  0.4315E-05
     1    88     1     1        0  0.0000E+00  0.9884E+02  0.3074E+04  0.1000E+03
     1    88     1     2        0  0.6425E+04  0.7985E-04  0.0000E+00  0.4360E-03
     1    88     1     3        0  0.2209E-01  0.1000E+03  0.0000E+00  0.5625E-10
     1    88     1     4        0  0.5480E+00  0.3796E-03  0.0000E+00  0.4213E-03
     1    88     1     5        0  0.2151E-01  0.1464E+00  0.0000E+00  0.1474E-08
     1    89     1     1        0  0.0000E+00  0.8195E+02  0.3057E+04  0.1000E+03
     1    89     1     2        0  0.6247E+04  0.7430E-04  0.0000E+00  0.4138E-03
     1    89     1     3        0  0.2067E-01  0.1000E+03  0.0000E+00  0.4818E-10
     1    89     1     4        0  0.5328E+00  0.4290E-03  0.0000E+00  0.4231E-03
     1    89     1     5        0  0.2091E-01  0.1475E+00  0.0000E+00  0.1406E-08
     1    90     1     1        0  0.0000E+00  0.3435E+02  0.3039E+04  0.1000E+03
     1    90     1     2        0  0.6077E+04  0.6193E-04  0.0000E+00  0.4344E-03
     1    90     1     3        0  0.2072E-01  0.3795E+02  0.0000E+00  0.8039E-10
     1    90     1     4        0  0.5177E+00  0.9049E-04  0.0000E+00  0.4249E-03
     1    90     1     5        0  0.2034E-01  0.5731E-01  0.0000E+00  0.5652E-08
     1    91     1     1        0  0.0000E+00  0.1965E+02  0.3022E+04  0.1000E+03
     1    91     1     2        0  0.5916E+04  0.5049E-04  0.0000E+00  0.4217E-03
     1    91     1     3        0  0.1973E-01  0.2026E+02  0.0000E+00  0.1350E-09
     1    91     1     4        0  0.5033E+00  0.8679E-04  0.0000E+00  0.4266E-03
     1    91     1     5        0  0.1981E-01  0.3165E-01  0.0000E+00  0.1438E-08
     1    92     1     1        0  0.0000E+00  0.1122E+02  0.3004E+04  0.1000E+03
     1    92     1     2        0  0.5761E+04  0.3211E-04  0.0000E+00  0.4342E-03
     1    92     1     3        0  0.1953E-01  0.1377E+02  0.0000E+00  0.9726E-10
     1    92     1     4        0  0.4896E+00  0.5891E-04  0.0000E+00  0.4283E-03
     1    93     1     1        0  0.6924E+05  0.1000E+03  0.2988E+04  0.1000E+03
     1    93     1     2        0  0.6416E+04  0.9972E+02  0.1087E+00  0.7419E-02
     1    93     1     3        0  0.5223E+04  0.5204E+01  0.1169E+00  0.7642E-02
     1    93     1     4        0  0.3115E+03  0.2427E+01  0.0000E+00  0.4254E-03
     1    93     1     5        0  0.1671E+05  0.2870E+01  0.0000E+00  0.1188E-03
     1    93     1     6        0  0.9390E+02  0.5192E-01  0.0000E+00  0.5843E-03
     1    93     1     7        0  0.3178E-01  0.2764E-01  0.0000E+00  0.6126E-03
     1    94     1     1        0  0.0000E+00  0.5902E+01  0.2974E+04  0.1000E+03
     1    94     1     2        0  0.5470E+04  0.1309E-04  0.0000E+00  0.4349E-03
     1    94     1     3        0  0.1849E-01  0.6907E+01  0.0000E+00  0.9169E-10
     1    94     1     4        0  0.4616E+00  0.3026E-04  0.0000E+00  0.4318E-03
     1    95     1     1        0  0.0000E+00  0.5547E+01  0.2960E+04  0.1000E+03
     1    95     1     2        0  0.5331E+04  0.1143E-04  0.0000E+00  0.4339E-03
     1    95     1     3        0  0.1800E-01  0.5594E+01  0.0000E+00  0.1078E-09
     1    95     1     4        0  0.4482E+00  0.2020E-04  0.0000E+00  0.4334E-03
     1    96     1     1        0  0.0000E+00  0.4705E+01  0.2945E+04  0.1000E+03
     1    96     1     2        0  0.7760E+04  0.6231E-05  0.0000E+00  0.6193E-03
     1    96     1     3        0  0.3950E-01  0.7090E+01  0.0000E+00  0.1132E-09
     1    96     1     4        0  0.1306E+01  0.3819E-04  0.0000E+00  0.6156E-03
     1    96     1     5        0  0.3923E-01  0.2172E-01  0.0000E+00  0.3093E-08
     1    97     1     1        0  0.0000E+00  0.5622E+01  0.2930E+04  0.1000E+03
     1    97     1     2        0  0.7545E+04  0.1078E-04  0.0000E+00  0.6220E-03
     1    97     1     3        0  0.3852E-01  0.6196E+01  0.0000E+00  0.1342E-09
     1    97     1     4        0  0.1260E+01  0.2052E-04  0.0000E+00  0.6190E-03
     1    97     1     5        0  0.3817E-01  0.2192E-01  0.0000E+00  0.3128E-08
     1    98     1     1        0  0.0000E+00  0.9501E+01  0.2916E+04  0.1000E+03
     1    98     1     2        0  0.7335E+04  0.1393E-04  0.0000E+00  0.6245E-03
     1    98     1     3        0  0.3732E-01  0.5903E+01  0.0000E+00  0.1421E-09
     1    98     1     4        0  0.1218E+01  0.2948E-04  0.0000E+00  0.6223E-03
     1    98     1     5        0  0.3715E-01  0.2386E-01  0.0000E+00  0.3117E-08
     1    99     1     1        0  0.0000E+00  0.1166E+02  0.2901E+04  0.1000E+03
     1    99     1     2        0  0.7130E+04  0.2861E-04  0.0000E+00  0.6297E-03
     1    99     1     3        0  0.3650E-01  0.6520E+01  0.0000E+00  0.1707E-09
     1    99     1     4        0  0.1185E+01  0.3437E-04  0.0000E+00  0.6255E-03
     1    99     1     5        0  0.1366E+01  0.2928E-01  0.0000E+00  0.3144E-08
     1    99     2     1        0  0.0000E+00  0.3329E+01  0.2902E+04  0.1000E+03
     1    99     2     2        0  0.1800E+04  0.1664E-05  0.0000E+00  0.1912E-03
     1    99     2     3        0  0.2495E+03  0.2628E+01  0.0000E+00  0.1260E-09
     1    99     2     4        0  0.1945E-01  0.2340E+01  0.0000E+00  0.1910E-03
     1   100     1     1        0  0.3515E-04  0.3396E+01  0.2888E+04  0.1000E+03
     1   100     1     2        0  0.1759E+04  0.1929E-05  0.0000E+00  0.1914E-03
     1   100     1     3        0  0.2218E-02  0.3160E+01  0.0000E+00  0.1341E-09
     1   100     1     4        0  0.2548E-01  0.3090E-05  0.0000E+00  0.1913E-03
     1   101     1     1        0  0.0000E+00  0.4637E+01  0.2875E+04  0.1000E+03
     1   101     1     2        0  0.2578E+04  0.4505E-05  0.0000E+00  0.2713E-03
     1   101     1     3        0  0.4856E-02  0.3871E+01  0.0000E+00  0.8936E-10
     1   101     1     4        0  0.7693E-01  0.5060E-05  0.0000E+00  0.2707E-03
     1   102     1     1        0  0.0000E+00  0.7823E+01  0.2861E+04  0.1000E+03
     1   102     1     2        0  0.3773E+04  0.3460E-05  0.0000E+00  0.3849E-03
     1   102     1     3        0  0.1084E-01  0.4870E+01  0.0000E+00  0.6412E-10
     1   102     1     4        0  0.2321E+00  0.1083E-04  0.0000E+00  0.3841E-03
     1   103     1     1        0  0.0000E+00  0.1588E+02  0.2848E+04  0.1000E+03
     1   103     1     2        0  0.5511E+04  0.7145E-04  0.0000E+00  0.5475E-03
     1   103     1     3        0  0.2355E-01  0.7401E+01  0.0000E+00  0.1119E-09
     1   103     1     4        0  0.6886E+00  0.6444E-04  0.0000E+00  0.5451E-03
     1   103     1     5        0  0.2356E-01  0.3289E-01  0.0000E+00  0.2316E-08
     1   104     1     1        0  0.3254E-04  0.2169E+02  0.2834E+04  0.1000E+03
     1   104     1     2        0  0.5376E+04  0.1195E-03  0.0000E+00  0.5492E-03
     1   104     1     3        0  0.2328E-01  0.1041E+02  0.0000E+00  0.1209E-09
     1   104     1     4        0  0.6768E+00  0.8261E-04  0.0000E+00  0.5474E-03
     1   104     1     5        0  0.2301E-01  0.4592E-01  0.0000E+00  0.2325E-08
     1   105     1     1        0  0.3448E-04  0.3034E+02  0.2820E+04  0.1000E+03
     1   105     1     2        0  0.5248E+04  0.1288E-03  0.0000E+00  0.5522E-03
     1   105     1     3        0  0.9115E+02  0.1000E+03  0.0000E+00  0.9309E-10
     1   105     1     4        0  0.1904E+02  0.1000E+03  0.0000E+00  0.1108E-02
     1   105     1     5        0  0.1904E+02  0.2601E+00  0.0000E+00  0.9645E-03
     1   105     1     6        0  0.1539E-01  0.2751E+00  0.0000E+00  0.1076E-05
     1   106     1     1        0  0.3458E-04  0.5637E+02  0.2807E+04  0.1000E+03
     1   106     1     2        0  0.5124E+04  0.2333E-03  0.0000E+00  0.5536E-03
     1   106     1     3        0  0.2218E-01  0.3656E+02  0.0000E+00  0.7772E-10
     1   106     1     4        0  0.6527E+00  0.2173E-03  0.0000E+00  0.5520E-03
     1   106     1     5        0  0.2194E-01  0.1765E+00  0.0000E+00  0.2342E-08
     1   107     1     1        0  0.3500E-04  0.1000E+03  0.2793E+04  0.1000E+03
     1   107     1     2        0  0.5006E+04  0.4898E-03  0.0000E+00  0.5568E-03
     1   107     1     3        0  0.2152E-01  0.7596E+02  0.0000E+00  0.8636E-10
     1   107     1     4        0  0.6399E+00  0.4864E-03  0.0000E+00  0.5542E-03
     1   107     1     5        0  0.2148E-01  0.3692E+00  0.0000E+00  0.2355E-08
     1   108     1     1        0  0.3061E-04  0.6823E+02  0.2779E+04  0.1000E+03
     1   108     1     2        0  0.4893E+04  0.2454E-03  0.0000E+00  0.5580E-03
     1   108     1     3        0  0.2119E-01  0.8475E+02  0.0000E+00  0.8978E-10
     1   108     1     4        0  0.6268E+00  0.6191E-03  0.0000E+00  0.5564E-03
     1   108     1     5        0  0.2102E-01  0.4126E+00  0.0000E+00  0.2369E-08
     1   109     1     1        0  0.7096E+02  0.1000E+03  0.2765E+04  0.1000E+03
     1   109     1     2        0  0.4785E+04  0.1000E+03  0.0000E+00  0.2376E-02
     1   109     1     3        0  0.9285E+02  0.3044E+01  0.0000E+00  0.1981E-02
     1   109     1     4        0  0.7739E+00  0.1146E+01  0.0000E+00  0.5587E-03
     1   109     1     5        0  0.1385E+00  0.1509E-01  0.0000E+00  0.4607E-05
     1   110     1     1        0  0.2869E+02  0.1000E+03  0.2752E+04  0.1000E+03
     1   110     1     2        0  0.4681E+04  0.1000E+03  0.0000E+00  0.6313E-03
     1   110     1     3        0  0.5855E+01  0.6284E+01  0.0000E+00  0.1951E-03
     1   110     1     4        0  0.5701E+00  0.4831E+00  0.0000E+00  0.5602E-03
     1   110     1     5        0  0.2259E-01  0.3170E-01  0.0000E+00  0.9920E-06
     1   111     1     1        0  0.0000E+00  0.1675E+02  0.2738E+04  0.1000E+03
     1   111     1     2        0  0.4580E+04  0.2470E-04  0.0000E+00  0.5655E-03
     1   111     1     3        0  0.1975E-01  0.2258E+02  0.0000E+00  0.1318E-09
     1   111     1     4        0  0.5769E+00  0.1953E-03  0.0000E+00  0.5628E-03
     1   111     1     5        0  0.1968E-01  0.1156E+00  0.0000E+00  0.2381E-08
     1   112     1     1        0  0.2838E-04  0.8116E+01  0.2724E+04  0.1000E+03
     1   112     1     2        0  0.4483E+04  0.1760E-04  0.0000E+00  0.5665E-03
     1   112     1     3        0  0.1946E-01  0.1281E+02  0.0000E+00  0.1105E-09
     1   112     1     4        0  0.5589E+00  0.8896E-04  0.0000E+00  0.5649E-03
     1   112     1     5        0  0.1928E-01  0.6834E-01  0.0000E+00  0.2398E-08
     1   113     1     1        0  0.0000E+00  0.6094E+01  0.2711E+04  0.1000E+03
     1   113     1     2        0  0.4388E+04  0.1023E-04  0.0000E+00  0.5696E-03
     1   113     1     3        0  0.2227E+02  0.9266E+02  0.0000E+00  0.1352E-09
     1   113     1     4        0  0.3247E+01  0.1000E+03  0.0000E+00  0.6050E-03
     1   113     1     5        0  0.3514E+01  0.9698E-01  0.0000E+00  0.1132E-03
     1   113     1     6        0  0.3262E-02  0.1609E+00  0.0000E+00  0.4429E-06
     1   114     1     1        0  0.0000E+00  0.5312E+01  0.2697E+04  0.1000E+03
     1   114     1     2        0  0.4296E+04  0.1092E-04  0.0000E+00  0.5706E-03
     1   114     1     3        0  0.1865E-01  0.6374E+01  0.0000E+00  0.1730E-09
     1   114     1     4        0  0.5213E+00  0.4629E-04  0.0000E+00  0.5690E-03
     1   114     1     5        0  0.1852E-01  0.3838E-01  0.0000E+00  0.2408E-08
     1   115     1     1        0  0.3217E-04  0.4456E+01  0.2684E+04  0.1000E+03
     1   115     1     2        0  0.4205E+04  0.1298E-04  0.0000E+00  0.5736E-03
     1   115     1     3        0  0.1822E-01  0.5501E+01  0.0000E+00  0.1018E-09
     1   115     1     4        0  0.5049E+00  0.3324E-04  0.0000E+00  0.5710E-03
     1   115     1     5        0  0.1813E-01  0.3548E-01  0.0000E+00  0.2422E-08
     1   116     1     1        0  0.0000E+00  0.5353E+01  0.2670E+04  0.1000E+03
     1   116     1     2        0  0.4117E+04  0.4393E-03  0.0000E+00  0.5746E-03
     1   116     1     3        0  0.1790E-01  0.5060E+01  0.0000E+00  0.6911E-09
     1   116     1     4        0  0.4894E+00  0.3943E-04  0.0000E+00  0.5730E-03
     1   117     1     1        0  0.3553E+02  0.8859E+02  0.2656E+04  0.1000E+03
     1   117     1     2        0  0.4031E+04  0.8891E+02  0.0000E+00  0.1021E-02
     1   117     1     3        0  0.1716E+02  0.5460E+01  0.0000E+00  0.9382E-03
     1   117     1     4        0  0.6003E+00  0.1389E+01  0.0000E+00  0.5760E-03
     1   117     1     5        0  0.6238E-01  0.4083E-01  0.0000E+00  0.2957E-05
     1   118     1     1        0  0.3210E+03  0.1000E+03  0.2643E+04  0.1000E+03
     1   118     1     2        0  0.3946E+04  0.9996E+02  0.0000E+00  0.1583E-02
     1   118     1     3        0  0.2459E+03  0.1038E+01  0.0000E+00  0.1956E-02
     1   118     1     4        0  0.8369E+00  0.5750E+00  0.0000E+00  0.5773E-03
     1   118     1     5        0  0.2669E+00  0.2164E-01  0.0000E+00  0.1348E-04
     1   119     1     1        0  0.2688E-04  0.1350E+02  0.2630E+04  0.1000E+03
     1   119     1     2        0  0.3864E+04  0.8590E-04  0.0000E+00  0.5811E-03
     1   119     1     3        0  0.1678E-01  0.6708E+01  0.0000E+00  0.1292E-09
     1   119     1     4        0  0.4618E+00  0.5211E-04  0.0000E+00  0.5788E-03
     1   120     1     1        0  0.2503E+02  0.2704E+02  0.2616E+04  0.1000E+03
     1   120     1     2        0  0.3785E+04  0.2704E+02  0.0000E+00  0.8581E-03
     1   120     1     3        0  0.3129E+01  0.8940E+01  0.0000E+00  0.5725E-03
     1   120     1     4        0  0.4616E+00  0.3930E+00  0.0000E+00  0.5807E-03
     1   121     1     1        0  0.2055E+03  0.1000E+03  0.2602E+04  0.1000E+03
     1   121     1     2        0  0.5542E+04  0.9996E+02  0.4231E-01  0.4716E-02
     1   121     1     3        0  0.7469E+03  0.2265E+01  0.4545E-01  0.4606E-02
     1   121     1     4        0  0.2582E+01  0.1272E+01  0.0000E+00  0.8202E-03
     1   121     1     5        0  0.1057E+01  0.4313E-01  0.0000E+00  0.3361E-04
     1   121     1     6        0  0.1316E-02  0.1128E-02  0.0000E+00  0.4821E-06
     1   122     1     1        0  0.0000E+00  0.1000E+03  0.2587E+04  0.1000E+03
     1   122     1     2        0  0.5420E+04  0.4693E-03  0.0000E+00  0.8279E-03
     1   122     1     3        0  0.3557E-01  0.7656E+02  0.0000E+00  0.1209E-09
     1   122     1     4        0  0.1346E+01  0.6391E-03  0.0000E+00  0.8245E-03
     1   122     1     5        0  0.3533E-01  0.8834E+00  0.0000E+00  0.5177E-08
     1   123     1     1        0  0.2729E-04  0.6088E+02  0.2572E+04  0.1000E+03
     1   123     1     2        0  0.5303E+04  0.2055E-03  0.0000E+00  0.8336E-03
     1   123     1     3        0  0.3498E-01  0.7645E+02  0.0000E+00  0.8895E-10
     1   123     1     4        0  0.1322E+01  0.8391E-03  0.0000E+00  0.8276E-03
     1   123     1     5        0  0.3461E-01  0.8829E+00  0.0000E+00  0.5227E-08
     1   124     1     1        0  0.2278E-04  0.5163E+02  0.2557E+04  0.1000E+03
     1   124     1     2        0  0.5190E+04  0.2523E-03  0.0000E+00  0.8337E-03
     1   124     1     3        0  0.3408E-01  0.9190E+02  0.0000E+00  0.2105E-09
     1   124     1     4        0  0.1284E+01  0.1044E-02  0.0000E+00  0.8307E-03
     1   124     1     5        0  0.3388E-01  0.1068E+01  0.0000E+00  0.5208E-08
     1   124     1     6        0  0.1006E-03  0.4729E-03  0.0000E+00  0.3639E-06
     1   125     1     1        0  0.0000E+00  0.3596E+02  0.2542E+04  0.1000E+03
     1   125     1     2        0  0.5081E+04  0.5884E-03  0.0000E+00  0.8401E-03
     1   125     1     3        0  0.3361E-01  0.6231E+02  0.0000E+00  0.2639E-09
     1   125     1     4        0  0.1230E+01  0.5963E-03  0.0000E+00  0.8338E-03
     1   125     1     5        0  0.3321E-01  0.7416E+00  0.0000E+00  0.5255E-08
     1   126     1     1        0  0.2256E-04  0.1030E+02  0.2528E+04  0.1000E+03
     1   126     1     2        0  0.4974E+04  0.1101E-03  0.0000E+00  0.8395E-03
     1   126     1     3        0  0.3271E-01  0.1720E+02  0.0000E+00  0.3074E-09
     1   126     1     4        0  0.1164E+01  0.1601E-03  0.0000E+00  0.8369E-03
     1   126     1     5        0  0.3253E-01  0.2147E+00  0.0000E+00  0.8353E-08
     1   127     1     1        0  0.2513E-04  0.5943E+01  0.2513E+04  0.1000E+03
     1   127     1     2        0  0.4870E+04  0.1964E-04  0.0000E+00  0.8464E-03
     1   127     1     3        0  0.8360E+03  0.9838E+01  0.0000E+00  0.1868E-09
     1   127     1     4        0  0.1127E+01  0.1919E+01  0.0000E+00  0.1291E-02
     1   127     1     5        0  0.4792E-01  0.1318E+00  0.0000E+00  0.7691E-03
     1   128     1     1        0  0.2355E-04  0.6699E+01  0.2498E+04  0.1000E+03
     1   128     1     2        0  0.4767E+04  0.4313E-04  0.0000E+00  0.8453E-03
     1   128     1     3        0  0.3136E-01  0.7517E+01  0.0000E+00  0.2408E-09
     1   128     1     4        0  0.1044E+01  0.6887E-04  0.0000E+00  0.8429E-03
     1   128     1     5        0  0.3663E-01  0.1499E+01  0.0000E+00  0.5258E-08
     1   128     1     6        0  0.2132E-02  0.1607E+01  0.0000E+00  0.3804E-05
     1   129     1     1        0  0.2458E-04  0.1221E+02  0.2482E+04  0.1000E+03
     1   129     1     2        0  0.4665E+04  0.8983E-04  0.0000E+00  0.8524E-03
     1   129     1     3        0  0.3096E-01  0.6970E+01  0.0000E+00  0.3299E-09
     1   129     1     4        0  0.1007E+01  0.9950E-04  0.0000E+00  0.8458E-03
     1   129     1     5        0  0.3059E-01  0.1080E+00  0.0000E+00  0.5314E-08
     1   130     1     1        0  0.2189E-04  0.1806E+02  0.2467E+04  0.1000E+03
     1   130     1     2        0  0.4566E+04  0.1316E-03  0.0000E+00  0.8511E-03
     1   130     1     3        0  0.3007E-01  0.8217E+01  0.0000E+00  0.3647E-09
     1   130     1     4        0  0.9984E+00  0.1157E-03  0.0000E+00  0.8487E-03
     1   130     1     5        0  0.2999E-01  0.1345E+00  0.0000E+00  0.5292E-08
     1   131     1     1        0  0.2450E-04  0.2801E+02  0.2452E+04  0.1000E+03
     1   131     1     2        0  0.4470E+04  0.5650E-03  0.0000E+00  0.8582E-03
     1   131     1     3        0  0.2972E-01  0.1258E+02  0.0000E+00  0.7492E-09
     1   131     1     4        0  0.1008E+01  0.1017E-03  0.0000E+00  0.8516E-03
     1   131     1     5        0  0.2937E-01  0.2131E+00  0.0000E+00  0.5360E-08
     1   132     1     1        0  0.4452E+03  0.1000E+03  0.2437E+04  0.1000E+03
     1   132     1     2        0  0.4374E+04  0.9961E+02  0.4719E-01  0.4397E-02
     1   132     1     3        0  0.1413E+04  0.1173E+01  0.5919E-01  0.5007E-02
     1   132     1     4        0  0.5560E+01  0.5551E+00  0.0000E+00  0.8501E-03
     1   132     1     5        0  0.1794E+01  0.2335E+00  0.0000E+00  0.7245E-04
     1   132     1     6        0  0.3102E+00  0.2720E-02  0.0000E+00  0.5766E-05
     1   133     1     1        0  0.3019E-04  0.1000E+03  0.2422E+04  0.1000E+03
     1   133     1     2        0  0.4287E+04  0.4888E-03  0.0000E+00  0.8637E-03
     1   133     1     3        0  0.2856E-01  0.7788E+02  0.0000E+00  0.1091E-09
     1   133     1     4        0  0.1029E+01  0.7097E-03  0.0000E+00  0.8571E-03
     1   133     1     5        0  0.2823E-01  0.1339E+01  0.0000E+00  0.5387E-08
     1   133     1     6        0  0.5227E-02  0.7230E-03  0.0000E+00  0.5449E-06
     1   134     1     1        0  0.2684E-04  0.2825E+02  0.2407E+04  0.1000E+03
     1   134     1     2        0  0.4201E+04  0.3203E-04  0.0000E+00  0.8623E-03
     1   134     1     3        0  0.2779E-01  0.4836E+02  0.0000E+00  0.1125E-09
     1   134     1     4        0  0.1014E+01  0.5287E-03  0.0000E+00  0.8599E-03
     1   134     1     5        0  0.2768E-01  0.8291E+00  0.0000E+00  0.5360E-08
     1   135     1     1        0  0.2219E-04  0.4143E+02  0.2392E+04  0.1000E+03
     1   135     1     2        0  0.4118E+04  0.5009E-03  0.0000E+00  0.8691E-03
     1   135     1     3        0  0.2750E-01  0.7574E+02  0.0000E+00  0.2677E-09
     1   135     1     4        0  0.9757E+00  0.7301E-03  0.0000E+00  0.8626E-03
     1   135     1     5        0  0.2716E-01  0.1306E+01  0.0000E+00  0.5399E-08
     1   135     1     6        0  0.1659E-03  0.3911E-03  0.0000E+00  0.5480E-06
     1   136     1     1        0  0.2395E-04  0.3333E+02  0.2377E+04  0.1000E+03
     1   136     1     2        0  0.4038E+04  0.5038E-03  0.0000E+00  0.8678E-03
     1   136     1     3        0  0.2678E-01  0.4819E+02  0.0000E+00  0.3346E-09
     1   136     1     4        0  0.9214E+00  0.3700E-03  0.0000E+00  0.8653E-03
     1   136     1     5        0  0.2665E-01  0.8495E+00  0.0000E+00  0.5400E-08
     1   137     1     1        0  0.2751E-04  0.8817E+01  0.2362E+04  0.1000E+03
     1   137     1     2        0  0.3959E+04  0.7546E-04  0.0000E+00  0.8742E-03
     1   137     1     3        0  0.2646E-01  0.1465E+02  0.0000E+00  0.5908E-07
     1   137     1     4        0  0.8573E+00  0.9970E-04  0.0000E+00  0.8680E-03
     1   137     1     5        0  0.2614E-01  0.2692E+00  0.0000E+00  0.5443E-08
     1   138     1     1        0  0.2437E-04  0.5465E+01  0.2347E+04  0.1000E+03
     1   138     1     2        0  0.3882E+04  0.8526E-05  0.0000E+00  0.8732E-03
     1   138     1     3        0  0.2576E-01  0.8540E+01  0.0000E+00  0.1479E-09
     1   138     1     4        0  0.7974E+00  0.6101E-04  0.0000E+00  0.8706E-03
     1   138     1     5        0  0.2564E-01  0.1660E+00  0.0000E+00  0.5413E-08
     1   139     1     1        0  0.2163E-04  0.8475E+01  0.2332E+04  0.1000E+03
     1   139     1     2        0  0.3806E+04  0.7465E-04  0.0000E+00  0.8792E-03
     1   139     1     3        0  0.2545E-01  0.6853E+01  0.0000E+00  0.3206E-09
     1   139     1     4        0  0.7561E+00  0.8782E-04  0.0000E+00  0.8732E-03
     1   139     1     5        0  0.2519E-01  0.1414E+00  0.0000E+00  0.5455E-08
     1   140     1     1        0  0.2531E-04  0.1416E+02  0.2317E+04  0.1000E+03
     1   140     1     2        0  0.3732E+04  0.1344E-03  0.0000E+00  0.8785E-03
     1   140     1     3        0  0.2478E-01  0.6961E+01  0.0000E+00  0.4409E-09
     1   140     1     4        0  0.7392E+00  0.7904E-04  0.0000E+00  0.8757E-03
     1   140     1     5        0  0.2468E-01  0.1512E+00  0.0000E+00  0.5447E-08
     1   141     1     1        0  0.6884E+03  0.1000E+03  0.2302E+04  0.1000E+03
     1   141     1     2        0  0.4952E+05  0.9118E+02  0.1751E+01  0.1256E+00
     1   141     1     3        0  0.3404E+05  0.3170E+02  0.1734E+01  0.1234E+00
     1   141     1     4        0  0.9762E+05  0.1000E+03  0.2032E+01  0.1675E+00
     1   141     1     5        0  0.3137E+06  0.1000E+03  0.1505E+03  0.1243E+02
     1   141     2     1        0  0.2414E-04  0.5141E+01  0.2306E+04  0.1000E+03
     1   141     2     2        0  0.9200E+03  0.1277E-05  0.0000E+00  0.2713E-03
     1   141     2     3        0  0.1519E-02  0.3833E+01  0.0000E+00  0.1325E-09
     1   141     2     4        0  0.1764E-01  0.6124E-05  0.0000E+00  0.2712E-03
     1   142     1     1        0  0.1979E-04  0.6047E+01  0.2294E+04  0.1000E+03
     1   142     1     2        0  0.9060E+03  0.1663E-05  0.0000E+00  0.2720E-03
     1   142     1     3        0  0.1491E-02  0.4235E+01  0.0000E+00  0.1489E-09
     1   142     1     4        0  0.1749E-01  0.6962E-05  0.0000E+00  0.2714E-03
     1   143     1     1        0  0.2943E-04  0.1056E+02  0.2282E+04  0.1000E+03
     1   143     1     2        0  0.1338E+04  0.1316E-04  0.0000E+00  0.3834E-03
     1   143     1     3        0  0.4290E+04  0.5789E+01  0.0000E+00  0.9306E-10
     1   143     1     4        0  0.5546E-01  0.2840E+01  0.0000E+00  0.7369E-03
     1   144     1     1        0  0.1879E-04  0.2051E+02  0.2270E+04  0.1000E+03
     1   144     1     2        0  0.1973E+04  0.7816E-04  0.0000E+00  0.5455E-03
     1   144     1     3        0  0.7428E-02  0.8815E+01  0.0000E+00  0.1462E-09
     1   144     1     4        0  0.1605E+00  0.3992E-04  0.0000E+00  0.5422E-03
     1   145     1     1        0  0.2428E-04  0.5247E+02  0.2257E+04  0.1000E+03
     1   145     1     2        0  0.2906E+04  0.3634E-04  0.0000E+00  0.7637E-03
     1   145     1     3        0  0.4610E+03  0.1000E+03  0.0000E+00  0.1577E-09
     1   145     1     4        0  0.3059E+04  0.9996E+02  0.3775E+00  0.3893E-01
     1   145     1     5        0  0.3054E+04  0.6782E+00  0.3735E+00  0.3852E-01
     1   145     2     1        0  0.2439E-04  0.1270E+02  0.2259E+04  0.1000E+03
     1   145     2     2        0  0.7298E+03  0.4148E-05  0.0000E+00  0.2354E-03
     1   145     2     3        0  0.1039E-02  0.9579E+01  0.0000E+00  0.1633E-09
     1   145     2     4        0  0.1079E-01  0.1161E-04  0.0000E+00  0.2358E-03
     1   146     1     1        0  0.2324E-04  0.1642E+02  0.2249E+04  0.1000E+03
     1   146     1     2        0  0.7196E+03  0.4718E-05  0.0000E+00  0.2369E-03
     1   146     1     3        0  0.1006E-02  0.1281E+02  0.0000E+00  0.1695E-09
     1   146     1     4        0  0.1071E-01  0.1567E-04  0.0000E+00  0.2360E-03
     1   147     1     1        0  0.1978E-04  0.3648E+02  0.2238E+04  0.1000E+03
     1   147     1     2        0  0.1064E+04  0.8314E-05  0.0000E+00  0.3318E-03
     1   147     1     3        0  0.2208E-02  0.2320E+02  0.0000E+00  0.1234E-09
     1   147     1     4        0  0.3273E-01  0.3858E-04  0.0000E+00  0.3333E-03
     1   148     1     1        0  0.2563E-04  0.1000E+03  0.2227E+04  0.1000E+03
     1   148     1     2        0  0.1572E+04  0.1262E-03  0.0000E+00  0.4759E-03
     1   148     1     3        0  0.5001E-02  0.5738E+02  0.0000E+00  0.7308E-10
     1   148     1     4        0  0.1005E+00  0.1272E-01  0.0000E+00  0.4711E-03
     1   149     1     1        0  0.2346E-04  0.6428E+02  0.2214E+04  0.1000E+03
     1   149     1     2        0  0.2320E+04  0.4649E-03  0.0000E+00  0.6597E-03
     1   149     1     3        0  0.1086E-01  0.4816E+02  0.0000E+00  0.1100E-09
     1   149     1     4        0  0.3033E+00  0.4744E-03  0.0000E+00  0.6650E-03
     1   150     1     1        0  0.2121E-04  0.2312E+02  0.2201E+04  0.1000E+03
     1   150     1     2        0  0.3419E+04  0.3670E-03  0.0000E+00  0.9557E-03
     1   150     1     3        0  0.2491E-01  0.4007E+02  0.0000E+00  0.4491E-09
     1   150     1     4        0  0.8883E+00  0.1275E-03  0.0000E+00  0.9364E-03
     1   150     1     5        0  0.2426E-01  0.9507E+00  0.0000E+00  0.6348E-08
     1   151     1     1        0  0.2499E-04  0.3410E+02  0.2187E+04  0.1000E+03
     1   151     1     2        0  0.3361E+04  0.4359E-03  0.0000E+00  0.9310E-03
     1   151     1     3        0  0.2367E-01  0.6013E+02  0.0000E+00  0.8608E-09
     1   151     1     4        0  0.8501E+00  0.1005E-03  0.0000E+00  0.9391E-03
     1   151     1     5        0  0.2388E-01  0.1433E+01  0.0000E+00  0.6196E-08
     1   151     1     6        0  0.2602E-03  0.3169E-03  0.0000E+00  0.8083E-06
     1   152     1     1        0  0.2399E-04  0.3614E+02  0.2174E+04  0.1000E+03
     1   152     1     2        0  0.3306E+04  0.4787E-03  0.0000E+00  0.9584E-03
     1   152     1     3        0  0.7261E+04  0.4622E+02  0.0000E+00  0.1184E-08
     1   152     1     4        0  0.7900E+00  0.1208E+01  0.2059E-01  0.2642E-02
     1   152     1     5        0  0.4195E-01  0.1148E+01  0.0000E+00  0.2903E-02
     1   153     1     1        0  0.3191E-04  0.7702E+01  0.2160E+04  0.1000E+03
     1   153     1     2        0  0.3251E+04  0.1237E-03  0.0000E+00  0.9385E-03
     1   153     1     3        0  0.2299E-01  0.1332E+02  0.0000E+00  0.8135E-09
     1   153     1     4        0  0.7158E+00  0.2994E-04  0.0000E+00  0.9443E-03
     1   153     1     5        0  0.2313E-01  0.3381E+00  0.0000E+00  0.6224E-08
     1   154     1     1        0  0.2617E-04  0.5444E+01  0.2147E+04  0.1000E+03
     1   154     1     2        0  0.3198E+04  0.5313E-04  0.0000E+00  0.9614E-03
     1   154     1     3        0  0.2322E-01  0.7951E+01  0.0000E+00  0.2383E-09
     1   154     1     4        0  0.6570E+00  0.2105E-04  0.0000E+00  0.9468E-03
     1   154     1     5        0  0.2275E-01  0.2128E+00  0.0000E+00  0.6362E-08
     1   155     1     1        0  0.2059E-04  0.1177E+02  0.2133E+04  0.1000E+03
     1   155     1     2        0  0.3146E+04  0.3218E-04  0.0000E+00  0.9454E-03
     1   155     1     3        0  0.2227E-01  0.6777E+01  0.0000E+00  0.4236E-09
     1   155     1     4        0  0.6267E+00  0.1898E-04  0.0000E+00  0.9493E-03
     1   155     1     5        0  0.2407E+03  0.2477E+00  0.0000E+00  0.6236E-08
     1   155     2     1        0  0.2249E-04  0.3061E+01  0.2137E+04  0.1000E+03
     1   155     2     2        0  0.7906E+03  0.7097E-05  0.0000E+00  0.2931E-03
     1   155     2     3        0  0.1401E-02  0.3109E+01  0.0000E+00  0.4203E-08
     1   155     2     4        0  0.1576E-01  0.3868E-05  0.0000E+00  0.2940E-03
     1   156     1     1        0  0.2252E-04  0.3240E+01  0.2127E+04  0.1000E+03
     1   156     1     2        0  0.7807E+03  0.2786E-05  0.0000E+00  0.2960E-03
     1   156     1     3        0  0.1416E-02  0.3088E+01  0.0000E+00  0.1458E-09
     1   156     1     4        0  0.1551E-01  0.3746E-05  0.0000E+00  0.2942E-03
     1   157     1     1        0  0.2708E-04  0.4761E+01  0.2116E+04  0.1000E+03
     1   157     1     2        0  0.1156E+04  0.4062E-05  0.0000E+00  0.4130E-03
     1   157     1     3        0  0.3036E-02  0.3616E+01  0.0000E+00  0.9587E-10
     1   157     1     4        0  0.4593E-01  0.9418E-05  0.0000E+00  0.4157E-03
     1   158     1     1        0  0.2555E-04  0.9682E+01  0.2105E+04  0.1000E+03
     1   158     1     2        0  0.1709E+04  0.4034E-05  0.0000E+00  0.5954E-03
     1   158     1     3        0  0.6974E-02  0.4496E+01  0.0000E+00  0.7795E-10
     1   158     1     4        0  0.1354E+00  0.2368E-04  0.0000E+00  0.5869E-03
     1   159     1     1        0  0.2371E-04  0.2076E+02  0.2093E+04  0.1000E+03
     1   159     1     2        0  0.2524E+04  0.1231E-03  0.0000E+00  0.8165E-03
     1   159     1     3        0  0.1488E-01  0.8194E+01  0.0000E+00  0.3115E-09
     1   159     1     4        0  0.4016E+00  0.9182E-04  0.0000E+00  0.8266E-03
     1   160     1     1        0  0.2121E-04  0.5736E+02  0.2079E+04  0.1000E+03
     1   160     1     2        0  0.3720E+04  0.1937E-02  0.0000E+00  0.1196E-02
     1   160     1     3        0  0.3498E-01  0.2515E+02  0.0000E+00  0.3889E-08
     1   160     1     4        0  0.1259E+01  0.8790E-03  0.0000E+00  0.1162E-02
     1   160     1     5        0  0.3355E-01  0.8797E+00  0.0000E+00  0.1010E-07
     1   161     1     1        0  0.1820E-04  0.1000E+03  0.2066E+04  0.1000E+03
     1   161     1     2        0  0.3659E+04  0.3432E-02  0.0000E+00  0.1150E-02
     1   161     1     3        0  0.3230E-01  0.8344E+02  0.0000E+00  0.1572E-08
     1   161     1     4        0  0.1341E+01  0.3031E-02  0.0000E+00  0.1165E-02
     1   161     1     5        0  0.3302E-01  0.2899E+01  0.0000E+00  0.9577E-08
     1   161     1     6        0  0.8768E-03  0.7001E-03  0.0000E+00  0.1438E-05
     1   162     1     1        0  0.1710E-04  0.1819E+02  0.2052E+04  0.1000E+03
     1   162     1     2        0  0.3600E+04  0.3703E-03  0.0000E+00  0.1198E-02
     1   162     1     3        0  0.3374E-01  0.3984E+02  0.0000E+00  0.1607E-08
     1   162     1     4        0  0.1330E+01  0.1484E-02  0.0000E+00  0.1169E-02
     1   162     1     5        0  0.3250E-01  0.1376E+01  0.0000E+00  0.1011E-07
     1   162     1     6        0  0.8557E-03  0.3465E-03  0.0000E+00  0.1449E-05
     1   163     1     1        0  0.2431E-04  0.9665E+02  0.2038E+04  0.1000E+03
     1   163     1     2        0  0.3542E+04  0.4574E-02  0.0000E+00  0.1161E-02
     1   163     1     3        0  0.3150E-01  0.1000E+03  0.0000E+00  0.3018E-08
     1   163     1     4        0  0.1220E+01  0.3015E-02  0.0000E+00  0.1172E-02
     1   163     1     5        0  0.3197E-01  0.3503E+01  0.0000E+00  0.9662E-08
     1   163     1     6        0  0.7850E-03  0.8603E-03  0.0000E+00  0.1406E-05
     1   164     1     1        0  0.2465E-04  0.1246E+02  0.2024E+04  0.1000E+03
     1   164     1     2        0  0.3485E+04  0.5888E-03  0.0000E+00  0.1201E-02
     1   164     1     3        0  0.3256E-01  0.2089E+02  0.0000E+00  0.2191E-08
     1   164     1     4        0  0.1060E+01  0.5613E-03  0.0000E+00  0.1176E-02
     1   164     1     5        0  0.3147E-01  0.7632E+00  0.0000E+00  0.1008E-07
     1   165     1     1        0  0.2103E-04  0.8414E+01  0.2010E+04  0.1000E+03
     1   165     1     2        0  0.3429E+04  0.9813E-03  0.0000E+00  0.1171E-02
     1   165     1     3        0  0.3059E-01  0.9411E+01  0.0000E+00  0.4314E-06
     1   165     1     4        0  0.9285E+00  0.2875E-03  0.0000E+00  0.1179E-02
     1   165     1     5        0  0.4630E+03  0.3732E+00  0.0000E+00  0.9665E-08
     1   165     2     1        0  0.2292E-04  0.3560E+01  0.2014E+04  0.1000E+03
     1   165     2     2        0  0.8622E+03  0.3076E-05  0.0000E+00  0.3660E-03
     1   165     2     3        0  0.1928E-02  0.4111E+01  0.0000E+00  0.1099E-09
     1   165     2     4        0  0.2457E-01  0.9095E-05  0.0000E+00  0.3673E-03
     1   166     1     1        0  0.2120E-04  0.3623E+01  0.2005E+04  0.1000E+03
     1   166     1     2        0  0.8521E+03  0.2491E-05  0.0000E+00  0.3706E-03
     1   166     1     3        0  0.1942E-02  0.3680E+01  0.0000E+00  0.1523E-09
     1   166     1     4        0  0.2389E-01  0.8266E-05  0.0000E+00  0.3676E-03
     1   167     1     1        0  0.2118E-04  0.3643E+01  0.1994E+04  0.1000E+03
     1   167     1     2        0  0.1262E+04  0.2878E-05  0.0000E+00  0.5148E-03
     1   167     1     3        0  0.4189E-02  0.3902E+01  0.0000E+00  0.7890E-10
     1   167     1     4        0  0.6887E-01  0.9352E-04  0.0000E+00  0.5191E-03
     1   168     1     1        0  0.2670E-04  0.8020E+01  0.1983E+04  0.1000E+03
     1   168     1     2        0  0.1867E+04  0.1164E-04  0.0000E+00  0.7453E-03
     1   168     1     3        0  0.9765E-02  0.4754E+01  0.0000E+00  0.1299E-09
     1   168     1     4        0  0.1945E+00  0.1306E-04  0.0000E+00  0.7315E-03
     1   169     1     1        0  0.2239E-04  0.2067E+02  0.1971E+04  0.1000E+03
     1   169     1     2        0  0.2758E+04  0.3437E-03  0.0000E+00  0.1011E-02
     1   169     1     3        0  0.2066E-01  0.7819E+01  0.0000E+00  0.1735E-08
     1   169     1     4        0  0.5661E+00  0.8216E-04  0.0000E+00  0.1028E-02
     1   169     1     5        0  0.2101E-01  0.2862E+00  0.0000E+00  0.7028E-08
     1   170     1     1        0  0.2810E-04  0.3788E+02  0.1959E+04  0.1000E+03
     1   170     1     2        0  0.2717E+04  0.5665E-03  0.0000E+00  0.1056E-02
     1   170     1     3        0  0.2151E-01  0.1452E+02  0.0000E+00  0.1856E-08
     1   170     1     4        0  0.6155E+00  0.2454E-03  0.0000E+00  0.1031E-02
     1   170     1     5        0  0.3814E+04  0.9802E+00  0.0000E+00  0.7443E-08
     1   170     2     1        0  0.2655E-04  0.8857E+01  0.1962E+04  0.1000E+03
     1   170     2     2        0  0.6823E+03  0.4612E-05  0.0000E+00  0.3218E-03
     1   170     2     3        0  0.1316E-02  0.5245E+01  0.0000E+00  0.1647E-09
     1   170     2     4        0  0.1469E-01  0.7318E-05  0.0000E+00  0.3201E-03
     1   171     1     1        0  0.3179E-04  0.1130E+02  0.1953E+04  0.1000E+03
     1   171     1     2        0  0.6747E+03  0.6738E-05  0.0000E+00  0.3192E-03
     1   171     1     3        0  0.1284E-02  0.6503E+01  0.0000E+00  0.1398E-09
     1   171     1     4        0  0.2668E-01  0.5905E-04  0.0000E+00  0.3203E-03
     1   172     1     1        0  0.2722E-04  0.2253E+02  0.1944E+04  0.1000E+03
     1   172     1     2        0  0.1000E+04  0.4746E-04  0.0000E+00  0.4555E-03
     1   172     1     3        0  0.2891E-02  0.1044E+02  0.0000E+00  0.1368E-09
     1   172     1     4        0  0.4529E-01  0.1904E-04  0.0000E+00  0.4524E-03
     1   173     1     1        0  0.1993E-04  0.6840E+02  0.1934E+04  0.1000E+03
     1   173     1     2        0  0.1481E+04  0.3657E-03  0.0000E+00  0.6351E-03
     1   173     1     3        0  0.6289E-02  0.2976E+02  0.0000E+00  0.1276E-09
     1   173     1     4        0  0.1396E+00  0.1988E-03  0.0000E+00  0.6380E-03
     1   174     1     1        0  0.2152E-04  0.1000E+03  0.1923E+04  0.1000E+03
     1   174     1     2        0  0.2192E+04  0.1639E-03  0.0000E+00  0.9100E-03
     1   174     1     3        0  0.1441E-01  0.6451E+02  0.0000E+00  0.1488E-09
     1   174     1     4        0  0.4286E+00  0.1730E-03  0.0000E+00  0.8975E-03
     1   175     1     1        0  0.1843E-04  0.1498E+02  0.1910E+04  0.1000E+03
     1   175     1     2        0  0.3237E+04  0.4991E-03  0.0000E+00  0.1253E-02
     1   175     1     3        0  0.3108E-01  0.3651E+02  0.0000E+00  0.1753E-08
     1   175     1     4        0  0.1285E+01  0.1352E-02  0.0000E+00  0.1260E-02
     1   175     1     5        0  0.3130E-01  0.1560E+01  0.0000E+00  0.1108E-07
     1   175     1     6        0  0.1271E-02  0.3499E-03  0.0000E+00  0.1907E-05
     1   176     1     1        0  0.2175E-04  0.5522E+02  0.1897E+04  0.1000E+03
     1   176     1     2        0  0.3189E+04  0.4018E-02  0.0000E+00  0.1284E-02
     1   176     1     3        0  0.3162E-01  0.7297E+02  0.0000E+00  0.4760E-08
     1   176     1     4        0  0.1172E+01  0.2191E-02  0.0000E+00  0.1263E-02
     1   176     1     5        0  0.3084E-01  0.3150E+01  0.0000E+00  0.1146E-07
     1   176     1     6        0  0.1149E-02  0.6885E-03  0.0000E+00  0.1832E-05
     1   177     1     1        0  0.1953E-04  0.1609E+02  0.1884E+04  0.1000E+03
     1   177     1     2        0  0.3142E+04  0.1251E-02  0.0000E+00  0.1266E-02
     1   177     1     3        0  0.3044E-01  0.2452E+02  0.0000E+00  0.3888E-08
     1   177     1     4        0  0.9843E+00  0.9080E-03  0.0000E+00  0.1267E-02
     1   177     1     5        0  0.1005E+00  0.2283E+02  0.0000E+00  0.1118E-07
     1   177     1     6        0  0.5790E-01  0.2174E+02  0.0000E+00  0.5907E-04
     1   177     1     7        0  0.5506E-01  0.4525E+00  0.0000E+00  0.6012E-04
     1   178     1     1        0  0.2163E-04  0.9488E+01  0.1871E+04  0.1000E+03
     1   178     1     2        0  0.3096E+04  0.2255E-03  0.0000E+00  0.1285E-02
     1   178     1     3        0  0.3044E-01  0.9462E+01  0.0000E+00  0.1037E-08
     1   178     1     4        0  0.8356E+00  0.3326E-03  0.0000E+00  0.1270E-02
     1   178     1     5        0  0.2995E-01  0.4508E+00  0.0000E+00  0.1133E-07
     1   179     1     1        0  0.2676E-04  0.2179E+02  0.1858E+04  0.1000E+03
     1   179     1     2        0  0.3049E+04  0.1033E-02  0.0000E+00  0.1277E-02
     1   179     1     3        0  0.2995E-01  0.8445E+01  0.0000E+00  0.6523E-08
     1   179     1     4        0  0.8110E+00  0.3297E-03  0.0000E+00  0.1273E-02
     1   179     1     5        0  0.2950E-01  0.4200E+00  0.0000E+00  0.1129E-07
     1   180     1     1        0  0.2068E-04  0.4308E+02  0.1846E+04  0.1000E+03
     1   180     1     2        0  0.3004E+04  0.2032E-02  0.0000E+00  0.1288E-02
     1   180     1     3        0  0.2984E-01  0.1559E+02  0.0000E+00  0.7807E-08
     1   180     1     4        0  0.9155E+00  0.7072E-03  0.0000E+00  0.1277E-02
     1   180     1     5        0  0.2911E-01  0.7826E+00  0.0000E+00  0.1134E-07
     1   181     1     1        0  0.2165E-04  0.1000E+03  0.1833E+04  0.1000E+03
     1   181     1     2        0  0.2960E+04  0.4383E-02  0.0000E+00  0.1286E-02
     1   181     1     3        0  0.2895E-01  0.6086E+02  0.0000E+00  0.4572E-08
     1   181     1     4        0  0.1058E+01  0.2453E-02  0.0000E+00  0.1280E-02
     1   181     1     5        0  0.2870E-01  0.3020E+01  0.0000E+00  0.1138E-07
     1   181     1     6        0  0.1366E-02  0.6396E-03  0.0000E+00  0.2119E-05
     1   182     1     1        0  0.1936E-04  0.1320E+02  0.1820E+04  0.1000E+03
     1   182     1     2        0  0.2917E+04  0.3436E-03  0.0000E+00  0.1292E-02
     1   182     1     3        0  0.2857E-01  0.3329E+02  0.0000E+00  0.1607E-08
     1   182     1     4        0  0.1101E+01  0.1218E-02  0.0000E+00  0.1283E-02
     1   182     1     5        0  0.2829E-01  0.1634E+01  0.0000E+00  0.1137E-07
     1   182     1     6        0  0.1434E-02  0.3305E-03  0.0000E+00  0.2195E-05
     1   183     1     1        0  0.2242E-04  0.4568E+02  0.1808E+04  0.1000E+03
     1   183     1     2        0  0.2875E+04  0.3572E-02  0.0000E+00  0.1295E-02
     1   183     1     3        0  0.2825E-01  0.5555E+02  0.0000E+00  0.5681E-08
     1   183     1     4        0  0.9976E+00  0.2321E-02  0.0000E+00  0.1286E-02
     1   183     1     5        0  0.2789E-01  0.2748E+01  0.0000E+00  0.1145E-07
     1   183     1     6        0  0.1283E-02  0.5744E-03  0.0000E+00  0.2095E-05
     1   184     1     1        0  0.2495E-04  0.1975E+02  0.1795E+04  0.1000E+03
     1   184     1     2        0  0.2834E+04  0.1505E-02  0.0000E+00  0.1297E-02
     1   184     1     3        0  0.2774E-01  0.2643E+02  0.0000E+00  0.4152E-08
     1   184     1     4        0  0.8157E+00  0.8690E-03  0.0000E+00  0.1289E-02
     1   184     1     5        0  0.2751E-01  0.1358E+01  0.0000E+00  0.1139E-07
     1   184     1     6        0  0.1028E-02  0.3018E-03  0.0000E+00  0.1900E-05
     1   185     1     1        0  0.2333E-04  0.9277E+01  0.1783E+04  0.1000E+03
     1   185     1     2        0  0.2793E+04  0.1945E-03  0.0000E+00  0.1302E-02
     1   185     1     3        0  0.2745E-01  0.9013E+01  0.0000E+00  0.9144E-09
     1   185     1     4        0  0.6733E+00  0.3776E-03  0.0000E+00  0.1292E-02
     1   185     1     5        0  0.2709E-01  0.4898E+00  0.0000E+00  0.1149E-07
     1   186     1     1        0  0.1937E-04  0.2214E+02  0.1771E+04  0.1000E+03
     1   186     1     2        0  0.2753E+04  0.1014E-02  0.0000E+00  0.1301E-02
     1   186     1     3        0  0.2725E-01  0.8055E+01  0.0000E+00  0.6607E-08
     1   186     1     4        0  0.6563E+00  0.9600E-03  0.0000E+00  0.1295E-02
     1   186     1     5        0  0.2672E-01  0.4546E+00  0.0000E+00  0.3599E-07
     1   187     1     1        0  0.2564E-04  0.4534E+02  0.1758E+04  0.1000E+03
     1   187     1     2        0  0.2713E+04  0.2236E-02  0.0000E+00  0.1309E-02
     1   187     1     3        0  0.2713E-01  0.1594E+02  0.0000E+00  0.8325E-08
     1   187     1     4        0  0.7642E+00  0.5864E-03  0.0000E+00  0.1298E-02
     1   187     1     5        0  0.2635E-01  0.8994E+00  0.0000E+00  0.1157E-07
     1   188     1     1        0  0.2022E-04  0.1000E+03  0.1746E+04  0.1000E+03
     1   188     1     2        0  0.2675E+04  0.3473E-02  0.0000E+00  0.1307E-02
     1   188     1     3        0  0.2618E-01  0.6219E+02  0.0000E+00  0.3786E-08
     1   188     1     4        0  0.9049E+00  0.2480E-02  0.0000E+00  0.1301E-02
     1   188     1     5        0  0.2599E-01  0.3456E+01  0.0000E+00  0.1145E-07
     1   188     1     6        0  0.1463E-02  0.6610E-03  0.0000E+00  0.2370E-05
     1   189     1     1        0  0.2086E-04  0.1181E+02  0.1734E+04  0.1000E+03
     1   189     1     2        0  0.2638E+04  0.5483E-03  0.0000E+00  0.1315E-02
     1   189     1     3        0  0.2604E-01  0.2990E+02  0.0000E+00  0.2198E-08
     1   189     1     4        0  0.9447E+00  0.1079E-02  0.0000E+00  0.1304E-02
     1   189     1     5        0  0.2565E-01  0.1643E+01  0.0000E+00  0.1161E-07
     1   189     1     6        0  0.1554E-02  0.1013E-01  0.0000E+00  0.2459E-05
     1   190     1     1        0  0.2173E-04  0.5047E+02  0.1722E+04  0.1000E+03
     1   190     1     2        0  0.2601E+04  0.3784E-02  0.0000E+00  0.1312E-02
     1   190     1     3        0  0.2546E-01  0.5500E+02  0.0000E+00  0.5923E-08
     1   190     1     4        0  0.8369E+00  0.2001E-02  0.0000E+00  0.1307E-02
     1   190     1     5        0  0.2529E-01  0.3052E+01  0.0000E+00  0.1148E-07
     1   190     1     6        0  0.1343E-02  0.5937E-03  0.0000E+00  0.2311E-05
     1   191     1     1        0  0.2084E-04  0.1732E+02  0.1710E+04  0.1000E+03
     1   191     1     2        0  0.2565E+04  0.1326E-02  0.0000E+00  0.1321E-02
     1   191     1     3        0  0.2534E-01  0.2252E+02  0.0000E+00  0.4315E-08
     1   191     1     4        0  0.6614E+00  0.8313E-03  0.0000E+00  0.1309E-02
     1   191     1     5        0  0.2496E-01  0.1301E+01  0.0000E+00  0.1160E-07
     1   191     1     6        0  0.1012E-02  0.2802E-03  0.0000E+00  0.2041E-05
     1   192     1     1        0  0.2906E-04  0.1022E+02  0.1698E+04  0.1000E+03
     1   192     1     2        0  0.2530E+04  0.3964E-03  0.0000E+00  0.1317E-02
     1   192     1     3        0  0.2472E-01  0.8183E+01  0.0000E+00  0.1856E-08
     1   192     1     4        0  0.5389E+00  0.3039E-03  0.0000E+00  0.1312E-02
     1   192     1     5        0  0.2461E-01  0.4993E+00  0.0000E+00  0.1150E-07
     1   193     1     1        0  0.2175E-04  0.2444E+02  0.1686E+04  0.1000E+03
     1   193     1     2        0  0.2495E+04  0.1031E-02  0.0000E+00  0.1326E-02
     1   193     1     3        0  0.2500E-01  0.7959E+01  0.0000E+00  0.7043E-08
     1   193     1     4        0  0.5413E+00  0.2872E-02  0.0000E+00  0.1315E-02
     1   193     1     5        0  0.2427E-01  0.5018E+00  0.0000E+00  0.9949E-07
     1   194     1     1        0  0.2493E-04  0.5354E+02  0.1675E+04  0.1000E+03
     1   194     1     2        0  0.2460E+04  0.2487E-02  0.0000E+00  0.1322E-02
     1   194     1     3        0  0.2455E-01  0.1910E+02  0.0000E+00  0.8199E-08
     1   194     1     4        0  0.6590E+00  0.7330E-03  0.0000E+00  0.1317E-02
     1   194     1     5        0  0.2396E-01  0.1187E+01  0.0000E+00  0.1157E-07
     1   194     1     6        0  0.1213E-02  0.2380E-03  0.0000E+00  0.2295E-05
     1   195     1     1        0  0.2188E-04  0.1000E+03  0.1663E+04  0.1000E+03
     1   195     1     2        0  0.2427E+04  0.3382E-02  0.0000E+00  0.1332E-02
     1   195     1     3        0  0.2396E-01  0.7254E+02  0.0000E+00  0.3110E-08
     1   195     1     4        0  0.7904E+00  0.2973E-02  0.0000E+00  0.1320E-02
     1   195     1     5        0  0.2365E-01  0.4421E+01  0.0000E+00  0.1172E-07
     1   195     1     6        0  0.1567E-02  0.7681E-03  0.0000E+00  0.2627E-05
     1   196     1     1        0  0.3951E+06  0.1180E+02  0.1652E+04  0.1000E+03
     1   196     1     2        0  0.2394E+04  0.6229E+01  0.3355E+00  0.5470E-01
     1   196     1     3        0  0.3197E+00  0.2730E+02  0.3424E+00  0.5512E-01
     1   197     1     1        0  0.2099E-04  0.8304E+02  0.1640E+04  0.1000E+03
     1   197     1     2        0  0.2362E+04  0.6687E-02  0.0000E+00  0.1337E-02
     1   197     1     3        0  0.2345E-01  0.8142E+02  0.0000E+00  0.6830E-08
     1   197     1     4        0  0.6858E+00  0.2566E-02  0.0000E+00  0.1325E-02
     1   197     1     5        0  0.1602E+00  0.2715E+02  0.0000E+00  0.1176E-07
     1   197     1     6        0  0.6408E-02  0.2216E+02  0.0000E+00  0.3051E-04
     1   198     1     1        0  0.2590E-04  0.1037E+02  0.1629E+04  0.1000E+03
     1   198     1     2        0  0.2331E+04  0.8289E-03  0.0000E+00  0.1332E-02
     1   198     1     3        0  0.2279E-01  0.1660E+02  0.0000E+00  0.3129E-08
     1   198     1     4        0  0.5227E+00  0.5864E-03  0.0000E+00  0.1328E-02
     1   198     1     5        0  0.2273E-01  0.1066E+01  0.0000E+00  0.1160E-07
     1   198     1     6        0  0.9281E-03  0.2233E-03  0.0000E+00  0.2113E-05
     1   199     1     1        0  0.1988E-04  0.1459E+02  0.1618E+04  0.1000E+03
     1   199     1     2        0  0.2300E+04  0.3849E-03  0.0000E+00  0.1342E-02
     1   199     1     3        0  0.2280E-01  0.7129E+01  0.0000E+00  0.2555E-08
     1   199     1     4        0  0.4305E+00  0.2853E-03  0.0000E+00  0.1330E-02
     1   200     1     1        0  0.1993E-04  0.2890E+02  0.1606E+04  0.1000E+03
     1   200     1     2        0  0.2269E+04  0.1338E-02  0.0000E+00  0.1336E-02
     1   200     1     3        0  0.2269E-01  0.8770E+01  0.0000E+00  0.8374E-08
     1   200     1     4        0  0.4672E+00  0.4509E-03  0.0000E+00  0.1332E-02
     1   201     1     1        0  0.7366E+06  0.1000E+03  0.1593E+04  0.1000E+03
     1   201     1     2        0  0.3350E+04  0.7287E+02  0.7294E+00  0.1170E+00
     1   201     1     3        0  0.8027E+02  0.2219E+02  0.7193E+00  0.1153E+00
     1   201     1     4        0  0.4839E+01  0.9435E+01  0.1578E-01  0.1874E-02
     1   201     1     5        0  0.9249E+00  0.1987E+01  0.0000E+00  0.5607E-04
     1   201     1     6        0  0.2000E-01  0.8057E+00  0.0000E+00  0.7784E-05
     1   202     1     1        0  0.2296E-04  0.1338E+02  0.1580E+04  0.1000E+03
     1   202     1     2        0  0.3299E+04  0.8055E-03  0.1560E-01  0.1876E-02
     1   202     1     3        0  0.4833E-01  0.3776E+02  0.0000E+00  0.5464E-08
     1   202     1     4        0  0.2126E+01  0.3670E-03  0.1562E-01  0.1868E-02
     1   202     1     5        0  0.4841E-01  0.3287E+01  0.0000E+00  0.2683E-07
     1   202     1     6        0  0.9016E-02  0.4594E-03  0.0000E+00  0.5139E-05
     1   203     1     1        0  0.1839E-04  0.1000E+03  0.1567E+04  0.1000E+03
     1   203     1     2        0  0.3250E+04  0.4684E-02  0.1593E-01  0.1903E-02
     1   203     1     3        0  0.4913E-01  0.9981E+02  0.0000E+00  0.8785E-08
     1   203     1     4        0  0.1661E+01  0.1529E-02  0.1547E-01  0.1873E-02
     1   203     1     5        0  0.4772E-01  0.8903E+01  0.0000E+00  0.2726E-07
     1   203     1     6        0  0.6682E-02  0.1498E-02  0.0000E+00  0.4495E-05
     1   204     1     1        0  0.2001E-04  0.1633E+02  0.1554E+04  0.1000E+03
     1   204     1     2        0  0.3201E+04  0.1701E-03  0.1540E-01  0.1883E-02
     1   204     1     3        0  0.4728E-01  0.1282E+02  0.0000E+00  0.2338E-08
     1   204     1     4        0  0.1105E+01  0.3381E-03  0.1532E-01  0.1877E-02
     1   204     1     5        0  0.4704E-01  0.1225E+01  0.0000E+00  0.2648E-07
     1   204     1     6        0  0.4058E-02  0.2641E-03  0.0000E+00  0.3592E-05
     1   205     1     1        0  0.2051E-04  0.4187E+02  0.1541E+04  0.1000E+03
     1   205     1     2        0  0.3153E+04  0.7105E-03  0.1614E-01  0.1911E-02
     1   205     1     3        0  0.4932E-01  0.1189E+02  0.0000E+00  0.1264E-07
     1   205     1     4        0  0.1151E+01  0.3735E-03  0.1518E-01  0.1882E-02
     1   205     1     5        0  0.4638E-01  0.1162E+01  0.0000E+00  0.2666E-07
     1   205     1     6        0  0.4604E-02  0.2291E-03  0.0000E+00  0.3866E-05
     1   206     1     1        0  0.2017E-04  0.1000E+03  0.1528E+04  0.1000E+03
     1   206     1     2        0  0.3106E+04  0.1736E-02  0.1534E-01  0.1891E-02
     1   206     1     3        0  0.4668E-01  0.6186E+02  0.0000E+00  0.6759E-08
     1   206     1     4        0  0.1661E+01  0.8712E-01  0.1504E-01  0.1886E-02
     1   206     1     5        0  0.4575E-01  0.5863E+01  0.0000E+00  0.1755E-06
     1   206     1     6        0  0.7862E-02  0.4914E-02  0.0000E+00  0.5051E-05
     1   207     1     1        0  0.1888E-04  0.2078E+02  0.1516E+04  0.1000E+03
     1   207     1     2        0  0.3060E+04  0.1028E-02  0.1529E-01  0.1921E-02
     1   207     1     3        0  0.2543E+02  0.1000E+03  0.0000E+00  0.7195E-08
     1   207     1     4        0  0.1057E+04  0.9192E+02  0.7759E-01  0.1201E-01
     1   207     1     5        0  0.9193E+03  0.1361E+02  0.6395E-01  0.1071E-01
     1   207     2     1        0  0.2050E-04  0.1155E+02  0.1520E+04  0.1000E+03
     1   207     2     2        0  0.7692E+03  0.3802E-05  0.0000E+00  0.6007E-03
     1   207     2     3        0  0.2876E-02  0.1162E+02  0.0000E+00  0.9111E-10
     1   207     2     4        0  0.4508E-01  0.3869E-04  0.0000E+00  0.5992E-03
     1   208     1     1        0  0.1932E-04  0.9472E+01  0.1512E+04  0.1000E+03
     1   208     1     2        0  0.7615E+03  0.1840E-04  0.0000E+00  0.6010E-03
     1   208     1     3        0  0.2825E-02  0.1099E+02  0.0000E+00  0.9937E-10
     1   208     1     4        0  0.4452E-01  0.4965E-04  0.0000E+00  0.5996E-03
     1   209     1     1        0  0.2077E-04  0.1687E+02  0.1504E+04  0.1000E+03
     1   209     1     2        0  0.1130E+04  0.8814E-04  0.0000E+00  0.8447E-03
     1   209     1     3        0  0.6301E-02  0.1917E+02  0.0000E+00  0.1945E-09
     1   209     1     4        0  0.1243E+00  0.5103E-04  0.0000E+00  0.8427E-03
     1   210     1     1        0  0.2181E-04  0.1000E+03  0.1494E+04  0.1000E+03
     1   210     1     2        0  0.1675E+04  0.3107E-02  0.0000E+00  0.1189E-02
     1   210     1     3        0  0.1395E-01  0.8051E+02  0.0000E+00  0.2893E-08
     1   210     1     4        0  0.2988E+00  0.1239E-02  0.0000E+00  0.1180E-02
     1   211     1     1        0  0.1786E-04  0.6210E+01  0.1483E+04  0.1000E+03
     1   211     1     2        0  0.2478E+04  0.2730E-04  0.0000E+00  0.1658E-02
     1   211     1     3        0  0.3111E-01  0.1388E+02  0.0000E+00  0.3132E-09
     1   211     1     4        0  0.6207E+00  0.1569E-03  0.0000E+00  0.1650E-02
     1   211     1     5        0  0.3082E-01  0.1248E+01  0.0000E+00  0.1912E-07
     1   211     1     6        0  0.1996E-02  0.2203E-03  0.0000E+00  0.3020E-05
     1   212     1     1        0  0.1608E-04  0.2759E+02  0.1472E+04  0.1000E+03
     1   212     1     2        0  0.2444E+04  0.3140E-03  0.0000E+00  0.1668E-02
     1   212     1     3        0  0.1416E+03  0.1000E+03  0.0000E+00  0.1240E-08
     1   212     1     4        0  0.2380E+03  0.1000E+03  0.6492E-01  0.1117E-01
     1   212     1     5        0  0.2257E+03  0.3281E+01  0.6854E-01  0.1173E-01
     1   212     2     1        0  0.2615E-04  0.3220E+01  0.1475E+04  0.1000E+03
     1   212     2     2        0  0.6140E+03  0.2791E-05  0.0000E+00  0.5226E-03
     1   212     2     3        0  0.1919E-02  0.3389E+01  0.0000E+00  0.1283E-09
     1   212     2     4        0  0.3063E-01  0.2068E-04  0.0000E+00  0.5221E-03
     1   213     1     1        0  0.2205E-04  0.5864E+01  0.1468E+04  0.1000E+03
     1   213     1     2        0  0.6081E+03  0.8489E-05  0.0000E+00  0.5241E-03
     1   213     1     3        0  0.1919E-02  0.3408E+01  0.0000E+00  0.1324E-09
     1   213     1     4        0  0.1602E-01  0.1089E-04  0.0000E+00  0.5224E-03
     1   214     1     1        0  0.1661E-04  0.1352E+02  0.1460E+04  0.1000E+03
     1   214     1     2        0  0.9030E+03  0.3586E-04  0.0000E+00  0.7341E-03
     1   214     1     3        0  0.4217E-02  0.4376E+01  0.0000E+00  0.2561E-09
     1   214     1     4        0  0.4699E-01  0.1988E-04  0.0000E+00  0.7350E-03
     1   215     1     1        0  0.1483E-04  0.3622E+02  0.1451E+04  0.1000E+03
     1   215     1     2        0  0.1339E+04  0.5576E-03  0.0000E+00  0.1040E-02
     1   215     1     3        0  0.3967E+03  0.1357E+02  0.0000E+00  0.1616E-08
     1   215     1     4        0  0.1608E+00  0.2027E+02  0.2345E-01  0.3795E-02
     1   216     1     1        0  0.2014E-04  0.1000E+03  0.1442E+04  0.1000E+03
     1   216     1     2        0  0.1984E+04  0.3202E-02  0.0000E+00  0.1438E-02
     1   216     1     3        0  0.2100E-01  0.5529E+02  0.0000E+00  0.4624E-08
     1   216     1     4        0  0.5668E+00  0.4923E-02  0.0000E+00  0.1441E-02
     1   216     1     5        0  0.2082E-01  0.4392E+01  0.0000E+00  0.3209E-06
     1   216     1     6        0  0.1871E-02  0.8061E-03  0.0000E+00  0.3332E-05
     1   217     1     1        0  0.2496E-04  0.1136E+02  0.1432E+04  0.1000E+03
     1   217     1     2        0  0.1961E+04  0.4536E-03  0.0000E+00  0.1464E-02
     1   217     1     3        0  0.2113E-01  0.2712E+02  0.0000E+00  0.2223E-08
     1   217     1     4        0  0.6279E+00  0.9452E-03  0.0000E+00  0.1443E-02
     1   217     1     5        0  0.2058E-01  0.2123E+01  0.0000E+00  0.1385E-07
     1   217     1     6        0  0.2139E-02  0.3103E-03  0.0000E+00  0.3589E-05
     1   218     1     1        0  0.1862E-04  0.5001E+02  0.1422E+04  0.1000E+03
     1   218     1     2        0  0.1938E+04  0.2795E-02  0.0000E+00  0.1445E-02
     1   218     1     3        0  0.2025E-01  0.4348E+02  0.0000E+00  0.5844E-08
     1   218     1     4        0  0.5249E+00  0.1292E-02  0.0000E+00  0.1446E-02
     1   218     1     5        0  0.2036E-01  0.3450E+01  0.0000E+00  0.1334E-07
     1   218     1     6        0  0.1693E-02  0.5387E-03  0.0000E+00  0.3235E-05
     1   219     1     1        0  0.1777E-04  0.1414E+02  0.1412E+04  0.1000E+03
     1   219     1     2        0  0.1915E+04  0.8024E-03  0.0000E+00  0.1466E-02
     1   219     1     3        0  0.2056E-01  0.1767E+02  0.0000E+00  0.3366E-08
     1   219     1     4        0  0.3624E+00  0.5722E-03  0.0000E+00  0.1448E-02
     1   220     1     1        0  0.1612E-04  0.1631E+02  0.1403E+04  0.1000E+03
     1   220     1     2        0  0.1892E+04  0.5387E-03  0.0000E+00  0.1451E-02
     1   220     1     3        0  0.2031E-01  0.6524E+01  0.0000E+00  0.3697E-08
     1   220     1     4        0  0.2834E+00  0.2514E-03  0.0000E+00  0.1450E-02
     1   221     1     1        0  0.1146E+01  0.8559E+02  0.1391E+04  0.1000E+03
     1   221     1     2        0  0.2798E+04  0.8554E+02  0.1964E-01  0.2816E-02
     1   221     1     3        0  0.5401E+01  0.1721E+02  0.0000E+00  0.9258E-03
     1   221     1     4        0  0.1170E+01  0.3276E+01  0.1452E-01  0.2025E-02
     1   221     1     5        0  0.5278E-01  0.1914E+01  0.0000E+00  0.1240E-04
     1   222     1     1        0  0.2207E-04  0.6015E+02  0.1380E+04  0.1000E+03
     1   222     1     2        0  0.2760E+04  0.2889E-03  0.1451E-01  0.2032E-02
     1   222     1     3        0  0.4423E-01  0.7441E+02  0.0000E+00  0.8322E-09
     1   222     1     4        0  0.1587E+01  0.1141E-02  0.1439E-01  0.2028E-02
     1   222     1     5        0  0.4384E-01  0.8138E+01  0.0000E+00  0.3062E-07
     1   222     1     6        0  0.1052E-01  0.1082E-02  0.0000E+00  0.6301E-05
     1   223     1     1        0  0.1726E-04  0.4088E+02  0.1369E+04  0.1000E+03
     1   223     1     2        0  0.2723E+04  0.1428E-03  0.1454E-01  0.2069E-02
     1   223     1     3        0  0.4417E-01  0.3644E+02  0.0000E+00  0.1511E-08
     1   223     1     4        0  0.1463E+01  0.2387E-03  0.1426E-01  0.2032E-02
     1   223     1     5        0  0.4329E-01  0.3992E+01  0.0000E+00  0.3178E-07
     1   223     1     6        0  0.9510E-02  0.4958E-03  0.0000E+00  0.6060E-05
     1   224     1     1        0  0.1979E-04  0.8096E+01  0.1358E+04  0.1000E+03
     1   224     1     2        0  0.2687E+04  0.2208E-04  0.1415E-01  0.2042E-02
     1   224     1     3        0  0.4280E-01  0.2222E+02  0.0000E+00  0.1363E-08
     1   224     1     4        0  0.8628E+00  0.3560E+00  0.1412E-01  0.2036E-02
     1   224     1     5        0  0.4272E-01  0.2611E+01  0.0000E+00  0.6037E-06
     1   224     1     6        0  0.4829E-02  0.3665E-01  0.0000E+00  0.4422E-05
     1   225     1     1        0  0.1409E-04  0.3688E+02  0.1347E+04  0.1000E+03
     1   225     1     2        0  0.2650E+04  0.2563E-03  0.1471E-01  0.2072E-02
     1   225     1     3        0  0.4433E-01  0.9299E+01  0.0000E+00  0.3292E-08
     1   225     1     4        0  0.7196E+00  0.9034E-01  0.1399E-01  0.2040E-02
     1   225     1     5        0  0.4218E-01  0.1130E+01  0.0000E+00  0.3433E-06
     1   225     1     6        0  0.3874E-02  0.9618E-02  0.0000E+00  0.4070E-05
     1   226     1     1        0  0.1613E-04  0.1000E+03  0.1336E+04  0.1000E+03
     1   226     1     2        0  0.2615E+04  0.3908E-03  0.1444E-01  0.2049E-02
     1   226     1     3        0  0.4336E-01  0.4579E+02  0.0000E+00  0.6276E-09
     1   226     1     4        0  0.1161E+01  0.9359E-03  0.1388E-01  0.2044E-02
     1   226     1     5        0  0.4169E-01  0.5339E+01  0.0000E+00  0.3056E-07
     1   226     1     6        0  0.7963E-02  0.7441E-03  0.0000E+00  0.5738E-05
     1   227     1     1        0  0.1540E-04  0.1748E+02  0.1325E+04  0.1000E+03
     1   227     1     2        0  0.2581E+04  0.4705E-03  0.1393E-01  0.2081E-02
     1   227     1     3        0  0.4169E-01  0.3428E+02  0.0000E+00  0.3309E-08
     1   227     1     4        0  0.1425E+01  0.5105E-03  0.1377E-01  0.2047E-02
     1   227     1     5        0  0.4121E-01  0.3915E+01  0.0000E+00  0.3160E-07
     1   227     1     6        0  0.1050E-01  0.4784E-03  0.0000E+00  0.6621E-05
     1   228     1     1        0  0.1516E-04  0.1000E+03  0.1315E+04  0.1000E+03
     1   228     1     2        0  0.2547E+04  0.9594E-03  0.1359E-01  0.2060E-02
     1   228     1     3        0  0.4054E-01  0.9007E+02  0.0000E+00  0.2240E-08
     1   228     1     4        0  0.9867E+00  0.4348E-03  0.1364E-01  0.2051E-02
     1   228     1     5        0  0.4068E-01  0.1062E+02  0.0000E+00  0.3135E-07
     1   228     1     6        0  0.6569E-02  0.1379E-02  0.0000E+00  0.5340E-05
     1   229     1     1        0  0.2798E-04  0.2424E+02  0.1304E+04  0.1000E+03
     1   229     1     2        0  0.2514E+04  0.2795E-03  0.1395E-01  0.2085E-02
     1   229     1     3        0  0.4700E+03  0.1000E+03  0.0000E+00  0.1838E-08
     1   229     1     4        0  0.3365E+04  0.9340E+02  0.2541E+00  0.3766E-01
     1   229     1     5        0  0.3080E+04  0.1000E+03  0.2414E+00  0.3585E-01
     1   229     2     1        0  0.1431E-04  0.4138E+01  0.1308E+04  0.1000E+03
     1   229     2     2        0  0.6316E+03  0.1798E-04  0.0000E+00  0.6558E-03
     1   229     2     3        0  0.2528E-02  0.4629E+01  0.0000E+00  0.4290E-09
     1   229     2     4        0  0.1966E-01  0.1898E-04  0.0000E+00  0.6541E-03
     1   230     1     1        0  0.2121E+03  0.1000E+03  0.1301E+04  0.1000E+03
     1   230     1     2        0  0.1028E+04  0.1000E+03  0.4247E-01  0.9686E-02
     1   230     1     3        0  0.6399E+03  0.3277E+01  0.4588E-01  0.1014E-01
     1   230     1     4        0  0.1774E+02  0.2035E+01  0.0000E+00  0.1085E-02
     1   230     1     5        0  0.7544E+01  0.1201E+01  0.0000E+00  0.9606E-03
     1   230     1     6        0  0.2207E+01  0.8181E-01  0.0000E+00  0.5927E-04
     1   230     1     7        0  0.4145E-02  0.6576E-02  0.0000E+00  0.2171E-04
     1   231     1     1        0  0.1753E-04  0.5128E+01  0.1295E+04  0.1000E+03
     1   231     1     2        0  0.6205E+03  0.4316E-05  0.0000E+00  0.6549E-03
     1   231     1     3        0  0.2480E-02  0.3428E+01  0.0000E+00  0.1499E-09
     1   231     1     4        0  0.1765E-01  0.2100E-04  0.0000E+00  0.6547E-03
     1   232     1     1        0  0.2188E-04  0.1025E+02  0.1288E+04  0.1000E+03
     1   232     1     2        0  0.6151E+03  0.1183E-04  0.0000E+00  0.6577E-03
     1   232     1     3        0  0.2500E-02  0.3748E+01  0.0000E+00  0.3605E-09
     1   232     1     4        0  0.1826E-01  0.1549E-04  0.0000E+00  0.6550E-03
     1   233     1     1        0  0.1554E-04  0.2494E+02  0.1281E+04  0.1000E+03
     1   233     1     2        0  0.9140E+03  0.7488E-04  0.0000E+00  0.9177E-03
     1   233     1     3        0  0.5535E-02  0.6679E+01  0.0000E+00  0.2221E-09
     1   233     1     4        0  0.5770E-01  0.4023E-04  0.0000E+00  0.9192E-03
     1   234     1     1        0  0.1489E-04  0.1000E+03  0.1274E+04  0.1000E+03
     1   234     1     2        0  0.1357E+04  0.2510E-02  0.0000E+00  0.1301E-02
     1   234     1     3        0  0.1263E-01  0.3637E+02  0.0000E+00  0.3919E-08
     1   234     1     4        0  0.2170E+00  0.5391E-03  0.0000E+00  0.1286E-02
     1   235     1     1        0  0.1418E-04  0.2237E+02  0.1268E+04  0.1000E+03
     1   235     1     2        0  0.3791E+03  0.4909E-04  0.0000E+00  0.4456E-03
     1   235     1     3        0  0.9702E-03  0.1297E+02  0.0000E+00  0.1452E-09
     1   235     1     4        0  0.2623E-01  0.9915E-04  0.0000E+00  0.4466E-03
