SUMMARY OF C0NVERGENCE INFORMATION
  STEP   INC  ATT   ITER     CONT.   RESID.        CORR.      RESID.      CORR.
                              EL.    FORCE         DISP       FLUX        TEMP.
                              (#)     (%)           (%)        (%)         (%)
     1     1     1     1        0  0.0000E+00  0.1000E-29  0.2106E+04  0.1000E+03
     1     1     1     2        0  0.6501E+04  0.1000E-29  0.0000E+00  0.1560E-05
     1     1     1     3        0  0.0000E+00  0.1000E+03  0.0000E+00  0.1260E-09
     1     2     1     1        0  0.0000E+00  0.7013E+02  0.3187E+04  0.1000E+03
     1     2     1     2        0  0.1423E+05  0.1331E-03  0.0000E+00  0.3130E-03
     1     2     1     3        0  0.3742E+00  0.6759E+02  0.0000E+00  0.6291E-10
     1     2     1     4        0  0.7882E+01  0.1027E-03  0.0000E+00  0.2224E-03
     1     2     1     5        0  0.2708E+00  0.4941E-02  0.0000E+00  0.6663E-09
     1     3     1     1        0  0.0000E+00  0.2260E+02  0.3680E+04  0.1000E+03
     1     3     1     2        0  0.2080E+05  0.7762E-04  0.0000E+00  0.1705E-03
     1     3     1     3        0  0.1751E+00  0.4301E+02  0.0000E+00  0.7082E-10
     1     3     1     4        0  0.9163E+01  0.1150E-03  0.0000E+00  0.3347E-03
     1     3     1     5        0  0.3298E+00  0.5753E-02  0.0000E+00  0.5198E-09
     1     4     1     1        0  0.0000E+00  0.2646E+02  0.3830E+04  0.1000E+03
     1     4     1     2        0  0.2568E+05  0.3226E-04  0.0000E+00  0.6040E-03
     1     4     1     3        0  0.4594E+00  0.2630E+02  0.0000E+00  0.6105E-10
     1     4     1     4        0  0.8977E+01  0.8011E-04  0.0000E+00  0.4214E-03
     1     4     1     5        0  0.3295E+00  0.5276E-02  0.0000E+00  0.2174E-08
     1     5     1     1        0  0.0000E+00  0.8859E+01  0.3764E+04  0.1000E+03
     1     5     1     2        0  0.2852E+05  0.3049E-04  0.0000E+00  0.2560E-03
     1     5     1     3        0  0.1752E+00  0.1742E+02  0.0000E+00  0.7354E-10
     1     5     1     4        0  0.7717E+01  0.2738E-04  0.0000E+00  0.4515E-03
     1     5     1     5        0  0.2847E+00  0.4614E-02  0.0000E+00  0.1032E-08
     1     6     1     1        0  0.0000E+00  0.1131E+02  0.3504E+04  0.1000E+03
     1     6     1     2        0  0.2875E+05  0.1866E-04  0.0000E+00  0.6823E-03
     1     6     1     3        0  0.3179E+00  0.1106E+02  0.0000E+00  0.9324E-10
     1     6     1     4        0  0.5844E+01  0.4538E-04  0.0000E+00  0.4396E-03
     1     6     1     5        0  0.2142E+00  0.3506E-02  0.0000E+00  0.2664E-08
     1     7     1     1        0  0.0000E+00  0.4659E+01  0.3069E+04  0.1000E+03
     1     7     1     2        0  0.2608E+05  0.1260E-04  0.0000E+00  0.2081E-03
     1     7     1     3        0  0.7843E-01  0.7538E+01  0.0000E+00  0.7468E-10
     1     7     1     4        0  0.3848E+01  0.1204E-04  0.0000E+00  0.3782E-03
     1     7     1     5        0  0.1385E+00  0.2629E-02  0.0000E+00  0.7765E-09
     1     8     1     1        0  0.0000E+00  0.5545E+01  0.2457E+04  0.1000E+03
     1     8     1     2        0  0.2073E+05  0.9815E-05  0.0000E+00  0.5194E-03
     1     8     1     3        0  0.1289E+00  0.5008E+01  0.0000E+00  0.9735E-10
     1     8     1     4        0  0.2101E+01  0.1425E-04  0.0000E+00  0.2656E-03
     1     8     1     5        0  0.7273E-01  0.1772E-02  0.0000E+00  0.1453E-08
     1     9     1     1        0  0.0000E+00  0.2222E+01  0.1662E+04  0.1000E+03
     1     9     1     2        0  0.1333E+05  0.7562E-05  0.0000E+00  0.6469E-04
     1     9     1     3        0  0.5708E-02  0.3030E+01  0.0000E+00  0.7586E-10
     1     9     1     4        0  0.8346E+00  0.1183E-04  0.0000E+00  0.1568E-03
     1     9     1     5        0  0.2635E-01  0.9955E-03  0.0000E+00  0.1398E-09
     1    10     1     1        0  0.0000E+00  0.4360E+01  0.6715E+03  0.1000E+03
     1    10     1     2        0  0.4784E+04  0.7119E-05  0.0000E+00  0.1305E-03
     1    10     1     3        0  0.1404E-01  0.1332E+01  0.0000E+00  0.9813E-10
     1    10     1     4        0  0.1479E+00  0.2908E-05  0.0000E+00  0.3644E-04
     1    11     1     1        0  0.0000E+00  0.5560E+01  0.3525E+03  0.1000E+03
     1    11     1     2        0  0.2160E+04  0.8373E-05  0.0000E+00  0.3248E-04
     1    11     1     3        0  0.1684E-02  0.4052E+00  0.0000E+00  0.1342E-09
     1    12     1     1        0  0.0000E+00  0.1588E+02  0.2002E+04  0.1000E+03
     1    12     1     2        0  0.1477E+05  0.2031E-04  0.0000E+00  0.5566E-04
     1    12     1     3        0  0.1117E-01  0.5606E+01  0.0000E+00  0.1535E-09
     1    12     1     4        0  0.1690E+01  0.9773E-05  0.0000E+00  0.2860E-03
     1    12     1     5        0  0.4909E-01  0.1699E-02  0.0000E+00  0.1817E-09
     1    13     1     1        0  0.0000E+00  0.5810E+02  0.3239E+04  0.1000E+03
     1    13     1     2        0  0.2179E+05  0.2582E-03  0.0000E+00  0.8086E-03
     1    13     1     3        0  0.1959E+00  0.3067E+02  0.0000E+00  0.2894E-09
     1    13     1     4        0  0.4436E+01  0.1644E-03  0.0000E+00  0.5209E-03
     1    13     1     5        0  0.1304E+00  0.1328E-01  0.0000E+00  0.3894E-08
     1    14     1     1        0  0.0000E+00  0.2669E+02  0.3743E+04  0.1000E+03
     1    14     1     2        0  0.2492E+05  0.1836E-03  0.0000E+00  0.3113E-03
     1    14     1     3        0  0.9575E-01  0.1880E+02  0.0000E+00  0.3084E-09
     1    14     1     4        0  0.6327E+01  0.6836E-04  0.0000E+00  0.6366E-03
     1    14     1     5        0  0.1844E+00  0.1243E-01  0.0000E+00  0.1949E-08
     1    15     1     1        0  0.0000E+00  0.6961E+01  0.3534E+04  0.1000E+03
     1    15     1     2        0  0.2474E+05  0.2179E-04  0.3367E-01  0.1090E-02
     1    15     1     3        0  0.2933E+00  0.7120E+01  0.0000E+00  0.2276E-09
     1    15     1     4        0  0.6107E+01  0.5217E-04  0.0000E+00  0.6082E-03
     1    15     1     5        0  0.1733E+00  0.6460E-02  0.0000E+00  0.6159E-08
     1    16     1     1        0  0.0000E+00  0.1441E+01  0.2708E+04  0.1000E+03
     1    16     1     2        0  0.2061E+05  0.5665E-05  0.0000E+00  0.1741E-03
     1    16     1     3        0  0.3664E-01  0.3901E+01  0.0000E+00  0.3814E-09
     1    16     1     4        0  0.3886E+01  0.3308E-05  0.0000E+00  0.4358E-03
     1    16     1     5        0  0.1041E+00  0.4154E-02  0.0000E+00  0.7242E-09
     1    17     1     1        0  0.0000E+00  0.6469E+01  0.1392E+04  0.1000E+03
     1    17     1     2        0  0.1153E+05  0.4145E-05  0.0000E+00  0.5572E-03
     1    17     1     3        0  0.8382E-01  0.1892E+01  0.0000E+00  0.4004E-09
     1    17     1     4        0  0.1172E+01  0.1131E-04  0.0000E+00  0.1784E-03
     1    17     1     5        0  0.2646E-01  0.2024E-02  0.0000E+00  0.1285E-08
     1    18     1     1        0  0.0000E+00  0.1167E+02  0.3310E+03  0.1000E+03
     1    18     1     2        0  0.2726E+04  0.2865E-04  0.0000E+00  0.4624E-04
     1    18     1     3        0  0.3902E-02  0.4326E-01  0.0000E+00  0.1308E-09
     1    19     1     1        0  0.0000E+00  0.2336E+02  0.1566E+04  0.1000E+03
     1    19     1     2        0  0.1207E+05  0.2706E-04  0.0000E+00  0.7621E-04
     1    19     1     3        0  0.9572E-02  0.3375E+01  0.0000E+00  0.3037E-09
     1    19     1     4        0  0.1252E+01  0.2898E-05  0.0000E+00  0.2546E-03
     1    19     1     5        0  0.3338E-01  0.3084E-02  0.0000E+00  0.1968E-09
     1    20     1     1        0  0.0000E+00  0.1000E+03  0.2853E+04  0.1000E+03
     1    20     1     2        0  0.2104E+05  0.3597E-03  0.0000E+00  0.8197E-03
     1    20     1     3        0  0.1799E+00  0.2704E+02  0.0000E+00  0.5217E-09
     1    20     1     4        0  0.3930E+01  0.1963E-03  0.0000E+00  0.4986E-03
     1    20     1     5        0  0.1104E+00  0.2829E-01  0.0000E+00  0.3800E-08
     1    21     1     1        0  0.0000E+00  0.1804E+02  0.3467E+04  0.1000E+03
     1    21     1     2        0  0.2562E+05  0.4205E-04  0.0000E+00  0.2353E-03
     1    21     1     3        0  0.6697E-01  0.8290E+01  0.0000E+00  0.2419E-09
     1    21     1     4        0  0.6089E+01  0.1279E-04  0.0000E+00  0.6555E-03
     1    21     1     5        0  0.1709E+00  0.1040E-01  0.0000E+00  0.1413E-08
     1    22     1     1        0  0.0000E+00  0.4049E+01  0.3390E+04  0.1000E+03
     1    22     1     2        0  0.2593E+05  0.1321E-04  0.3495E-01  0.1204E-02
     1    22     1     3        0  0.3029E+00  0.4238E+01  0.0000E+00  0.6281E-09
     1    22     1     4        0  0.6166E+01  0.3267E-04  0.0000E+00  0.6442E-03
     1    22     1     5        0  0.1690E+00  0.5879E-02  0.0000E+00  0.6900E-08
     1    23     1     1        0  0.0000E+00  0.3396E+01  0.2665E+04  0.1000E+03
     1    23     1     2        0  0.2095E+05  0.3983E-06  0.0000E+00  0.1096E-03
     1    23     1     3        0  0.2024E-01  0.2670E+01  0.0000E+00  0.9787E-09
     1    23     1     4        0  0.4015E+01  0.4310E-05  0.0000E+00  0.4695E-03
     1    23     1     5        0  0.1045E+00  0.3477E-02  0.0000E+00  0.4845E-09
     1    24     1     1        0  0.0000E+00  0.8769E+01  0.1421E+04  0.1000E+03
     1    24     1     2        0  0.1118E+05  0.1372E-04  0.0000E+00  0.7099E-03
     1    24     1     3        0  0.9657E-01  0.1520E+01  0.0000E+00  0.8319E-09
     1    24     1     4        0  0.1287E+01  0.8080E-05  0.0000E+00  0.2093E-03
     1    24     1     5        0  0.2898E-01  0.1509E-02  0.0000E+00  0.1832E-08
     1    25     1     1        0  0.0000E+00  0.1596E+02  0.3176E+03  0.1000E+03
     1    25     1     2        0  0.2353E+04  0.9890E-04  0.0000E+00  0.2013E-04
     1    25     1     3        0  0.1923E-02  0.1670E+00  0.0000E+00  0.1334E-09
     1    26     1     1        0  0.0000E+00  0.3656E+02  0.1301E+04  0.1000E+03
     1    26     1     2        0  0.9006E+04  0.4334E-04  0.0000E+00  0.1106E-03
     1    26     1     3        0  0.1144E-01  0.3261E+01  0.0000E+00  0.4520E-09
     1    26     1     4        0  0.8532E+00  0.7530E-05  0.0000E+00  0.2227E-03
     1    26     1     5        0  0.2119E-01  0.1603E-02  0.0000E+00  0.2684E-09
     1    27     1     1        0  0.0000E+00  0.8052E+02  0.2604E+04  0.1000E+03
     1    27     1     2        0  0.1709E+05  0.5675E-03  0.0000E+00  0.5835E-03
     1    27     1     3        0  0.9894E-01  0.1619E+02  0.0000E+00  0.5479E-09
     1    27     1     4        0  0.2976E+01  0.3498E-04  0.0000E+00  0.4724E-03
     1    27     1     5        0  0.8117E-01  0.1255E-01  0.0000E+00  0.2581E-08
     1    28     1     1        0  0.0000E+00  0.1055E+02  0.3295E+04  0.1000E+03
     1    28     1     2        0  0.2131E+05  0.5816E-04  0.0000E+00  0.4349E-03
     1    28     1     3        0  0.9190E-01  0.4650E+01  0.0000E+00  0.6054E-09
     1    28     1     4        0  0.4889E+01  0.1660E-04  0.0000E+00  0.6505E-03
     1    28     1     5        0  0.1334E+00  0.5891E-02  0.0000E+00  0.2571E-08
     1    29     1     1        0  0.0000E+00  0.1953E+01  0.3321E+04  0.1000E+03
     1    29     1     2        0  0.2192E+05  0.3852E-05  0.2825E-01  0.9935E-03
     1    29     1     3        0  0.2036E+00  0.3064E+01  0.0000E+00  0.1276E-08
     1    29     1     4        0  0.5273E+01  0.1750E-04  0.0000E+00  0.6563E-03
     1    29     1     5        0  0.1396E+00  0.5146E-02  0.0000E+00  0.5788E-08
     1    30     1     1        0  0.0000E+00  0.5867E+01  0.2700E+04  0.1000E+03
     1    30     1     2        0  0.1844E+05  0.7460E-05  0.0000E+00  0.3136E-03
     1    30     1     3        0  0.5653E-01  0.2255E+01  0.0000E+00  0.1533E-08
     1    30     1     4        0  0.3770E+01  0.2141E-05  0.0000E+00  0.5027E-03
     1    30     1     5        0  0.9419E-01  0.4034E-02  0.0000E+00  0.1609E-08
     1    31     1     1        0  0.0000E+00  0.1179E+02  0.1551E+04  0.1000E+03
     1    31     1     2        0  0.1081E+05  0.2238E-04  0.0000E+00  0.6109E-03
     1    31     1     3        0  0.7529E-01  0.1543E+01  0.0000E+00  0.1069E-08
     1    31     1     4        0  0.1452E+01  0.6283E-05  0.0000E+00  0.2525E-03
     1    31     1     5        0  0.3138E-01  0.2477E-02  0.0000E+00  0.1802E-08
     1    32     1     1        0  0.0000E+00  0.2158E+02  0.3444E+03  0.1000E+03
     1    32     1     2        0  0.2404E+04  0.1081E-03  0.0000E+00  0.6613E-04
     1    32     1     3        0  0.3157E-02  0.4993E+00  0.0000E+00  0.2307E-09
     1    33     1     1        0  0.0000E+00  0.7483E+02  0.9770E+03  0.1000E+03
     1    33     1     2        0  0.6341E+04  0.9380E-04  0.0000E+00  0.6913E-04
     1    33     1     3        0  0.3998E-02  0.4640E+01  0.0000E+00  0.6585E-09
     1    33     1     4        0  0.5294E+00  0.1237E-04  0.0000E+00  0.1926E-03
     1    33     1     5        0  0.1259E-01  0.5997E-02  0.0000E+00  0.1548E-09
     1    34     1     1        0  0.0000E+00  0.3031E+02  0.2260E+04  0.1000E+03
     1    34     1     2        0  0.1472E+05  0.9072E-04  0.0000E+00  0.5129E-03
     1    34     1     3        0  0.7450E-01  0.5541E+01  0.0000E+00  0.6901E-09
     1    34     1     4        0  0.2418E+01  0.1449E-04  0.0000E+00  0.4464E-03
     1    34     1     5        0  0.6435E-01  0.8819E-02  0.0000E+00  0.2159E-08
     1    35     1     1        0  0.0000E+00  0.5602E+01  0.3022E+04  0.1000E+03
     1    35     1     2        0  0.1967E+05  0.1531E-04  0.0000E+00  0.4905E-03
     1    35     1     3        0  0.8910E-01  0.3207E+01  0.0000E+00  0.1124E-08
     1    35     1     4        0  0.4372E+01  0.1199E-04  0.0000E+00  0.6380E-03
     1    35     1     5        0  0.1168E+00  0.6132E-02  0.0000E+00  0.2772E-08
     1    36     1     1        0  0.0000E+00  0.2607E+01  0.3135E+04  0.1000E+03
     1    36     1     2        0  0.2068E+05  0.5386E-05  0.0000E+00  0.9136E-03
     1    36     1     3        0  0.1713E+00  0.2512E+01  0.0000E+00  0.1894E-08
     1    36     1     4        0  0.4907E+01  0.9433E-05  0.0000E+00  0.6772E-03
     1    36     1     5        0  0.1290E+00  0.4909E-02  0.0000E+00  0.5381E-08
     1    37     1     1        0  0.0000E+00  0.8376E+01  0.2622E+04  0.1000E+03
     1    37     1     2        0  0.1742E+05  0.1879E-04  0.0000E+00  0.4118E-03
     1    37     1     3        0  0.7172E-01  0.2063E+01  0.0000E+00  0.1889E-08
     1    37     1     4        0  0.3572E+01  0.3999E-05  0.0000E+00  0.5467E-03
     1    37     1     5        0  0.9096E-01  0.3331E-02  0.0000E+00  0.2260E-08
     1    38     1     1        0  0.0000E+00  0.1528E+02  0.1572E+04  0.1000E+03
     1    38     1     2        0  0.1038E+05  0.2561E-04  0.0000E+00  0.5696E-03
     1    38     1     3        0  0.6557E-01  0.1612E+01  0.0000E+00  0.1109E-08
     1    38     1     4        0  0.1442E+01  0.1382E-04  0.0000E+00  0.2922E-03
     1    38     1     5        0  0.3329E-01  0.1770E-02  0.0000E+00  0.1900E-08
     1    39     1     1        0  0.0000E+00  0.3088E+02  0.3291E+03  0.1000E+03
     1    39     1     2        0  0.2141E+04  0.8220E-04  0.0000E+00  0.6358E-04
     1    39     1     3        0  0.2723E-02  0.7659E+00  0.0000E+00  0.2067E-09
     1    40     1     1        0  0.0000E+00  0.1000E+03  0.7707E+03  0.1000E+03
     1    40     1     2        0  0.4455E+04  0.1665E-03  0.0000E+00  0.8224E-04
     1    40     1     3        0  0.2940E-02  0.5449E+01  0.0000E+00  0.6715E-09
     1    40     1     4        0  0.3730E+00  0.6576E-05  0.0000E+00  0.1356E-03
     1    41     1     1        0  0.0000E+00  0.1388E+02  0.2511E+04  0.1000E+03
     1    41     1     2        0  0.2222E+05  0.5897E-03  0.0000E+00  0.7542E-03
     1    41     1     3        0  0.1715E+00  0.5540E+01  0.0000E+00  0.4845E-08
     1    41     1     4        0  0.9307E+01  0.7689E-04  0.0000E+00  0.7423E-03
     1    41     1     5        0  0.1725E+00  0.1528E-01  0.0000E+00  0.5599E-08
     1    42     1     1        0  0.0000E+00  0.7399E+01  0.3060E+04  0.1000E+03
     1    42     1     2        0  0.2718E+05  0.1430E-03  0.3157E-01  0.1110E-02
     1    42     1     3        0  0.3033E+00  0.3823E+01  0.0000E+00  0.5074E-08
     1    42     1     4        0  0.1444E+02  0.9595E-04  0.2725E-01  0.9645E-03
     1    42     1     5        0  0.2617E+00  0.1352E-01  0.0000E+00  0.1075E-07
     1    43     1     1        0  0.0000E+00  0.1882E+02  0.2228E+04  0.1000E+03
     1    43     1     2        0  0.2029E+05  0.4217E-03  0.0000E+00  0.7892E-03
     1    43     1     3        0  0.1667E+00  0.2964E+01  0.0000E+00  0.9541E-08
     1    43     1     4        0  0.8379E+01  0.6403E-04  0.0000E+00  0.7013E-03
     1    43     1     5        0  0.1418E+00  0.9297E-02  0.0000E+00  0.5711E-08
     1    44     1     1        0  0.0000E+00  0.4236E+02  0.4433E+03  0.1000E+03
     1    44     1     2        0  0.3721E+04  0.1413E-02  0.0000E+00  0.2831E-03
     1    44     1     3        0  0.2733E-01  0.1569E+01  0.0000E+00  0.6717E-08
     1    44     1     4        0  0.6452E+00  0.3616E-04  0.0000E+00  0.5914E-04
     1    44     1     5        0  0.4745E-02  0.4179E-02  0.0000E+00  0.4703E-09
     1    45     1     1        0  0.0000E+00  0.7157E+02  0.1192E+04  0.1000E+03
     1    45     1     2        0  0.1027E+05  0.2768E-02  0.0000E+00  0.3547E-03
     1    45     1     3        0  0.3083E-01  0.7854E+01  0.0000E+00  0.9578E-08
     1    45     1     4        0  0.2486E+01  0.9121E-04  0.0000E+00  0.3745E-03
     1    45     1     5        0  0.4064E-01  0.2446E-01  0.0000E+00  0.7567E-09
     1    46     1     1        0  0.0000E+00  0.1626E+01  0.2631E+04  0.1000E+03
     1    46     1     2        0  0.2335E+05  0.6796E-04  0.3149E-01  0.1270E-02
     1    46     1     3        0  0.2964E+00  0.4086E+01  0.0000E+00  0.3123E-08
     1    46     1     4        0  0.1093E+02  0.1276E-03  0.0000E+00  0.8455E-03
     1    46     1     5        0  0.1981E+00  0.1528E-01  0.0000E+00  0.1033E-07
     1    47     1     1        0  0.0000E+00  0.1305E+02  0.2831E+04  0.1000E+03
     1    47     1     2        0  0.2517E+05  0.2565E-03  0.0000E+00  0.6392E-03
     1    47     1     3        0  0.1573E+00  0.3411E+01  0.0000E+00  0.7241E-08
     1    47     1     4        0  0.1272E+02  0.5789E-04  0.2468E-01  0.9509E-03
     1    47     1     5        0  0.2321E+00  0.1092E-01  0.0000E+00  0.5949E-08
     1    48     1     1        0  0.0000E+00  0.2684E+02  0.1753E+04  0.1000E+03
     1    48     1     2        0  0.1546E+05  0.3142E-03  0.0000E+00  0.1365E-02
     1    48     1     3        0  0.2185E+00  0.2885E+01  0.0000E+00  0.8305E-08
     1    48     1     4        0  0.5279E+01  0.8534E-04  0.0000E+00  0.5707E-03
     1    48     1     5        0  0.8919E-01  0.6187E-02  0.0000E+00  0.7670E-08
     1    49     1     1        0  0.0000E+00  0.1000E+03  0.3854E+03  0.1000E+03
     1    49     1     2        0  0.3461E+04  0.2230E-02  0.0000E+00  0.8044E-04
     1    49     1     3        0  0.9186E-02  0.5384E+00  0.0000E+00  0.6677E-09
     1    50     1     1        0  0.0000E+00  0.1542E+02  0.1590E+04  0.1000E+03
     1    50     1     2        0  0.1357E+05  0.3959E-03  0.0000E+00  0.7768E-03
     1    50     1     3        0  0.1114E+00  0.4168E+01  0.0000E+00  0.4454E-08
     1    50     1     4        0  0.4448E+01  0.1171E-03  0.0000E+00  0.5023E-03
     1    50     1     5        0  0.7196E-01  0.1347E-01  0.0000E+00  0.4034E-08
     1    51     1     1        0  0.0000E+00  0.6898E+01  0.2743E+04  0.1000E+03
     1    51     1     2        0  0.2351E+05  0.1335E-03  0.0000E+00  0.7880E-03
     1    51     1     3        0  0.1821E+00  0.3745E+01  0.0000E+00  0.4959E-08
     1    51     1     4        0  0.1221E+02  0.7795E-04  0.0000E+00  0.9224E-03
     1    51     1     5        0  0.2130E+00  0.1540E-01  0.0000E+00  0.6895E-08
     1    52     1     1        0  0.0000E+00  0.1922E+02  0.2609E+04  0.1000E+03
     1    52     1     2        0  0.2261E+05  0.4796E-03  0.2579E-01  0.1094E-02
     1    52     1     3        0  0.2343E+00  0.3598E+01  0.0000E+00  0.9517E-08
     1    52     1     4        0  0.1132E+02  0.9802E-04  0.0000E+00  0.9063E-03
     1    52     1     5        0  0.1966E+00  0.1385E-01  0.0000E+00  0.9726E-08
     1    53     1     1        0  0.0000E+00  0.4116E+02  0.1343E+04  0.1000E+03
     1    53     1     2        0  0.1109E+05  0.6581E-03  0.0000E+00  0.8614E-03
     1    53     1     3        0  0.1068E+00  0.3643E+01  0.0000E+00  0.9376E-08
     1    53     1     4        0  0.3401E+01  0.6616E-04  0.0000E+00  0.4054E-03
     1    53     1     5        0  0.4990E-01  0.1249E-01  0.0000E+00  0.3588E-08
     1    54     1     1        0  0.0000E+00  0.9654E+02  0.4651E+03  0.1000E+03
     1    54     1     2        0  0.4077E+04  0.3081E-02  0.0000E+00  0.2121E-03
     1    54     1     3        0  0.1976E-01  0.3126E+01  0.0000E+00  0.2157E-08
     1    54     1     4        0  0.1722E+00  0.6152E-04  0.0000E+00  0.1730E-04
     1    55     1     1        0  0.0000E+00  0.2045E+01  0.1884E+04  0.1000E+03
     1    55     1     2        0  0.1606E+05  0.9971E-04  0.0000E+00  0.1018E-02
     1    55     1     3        0  0.1656E+00  0.3596E+01  0.0000E+00  0.2677E-08
     1    55     1     4        0  0.6180E+01  0.7417E-04  0.0000E+00  0.6298E-03
     1    55     1     5        0  0.1036E+00  0.1518E-01  0.0000E+00  0.6367E-08
     1    56     1     1        0  0.0000E+00  0.1286E+02  0.2711E+04  0.1000E+03
     1    56     1     2        0  0.2321E+05  0.3798E-03  0.0000E+00  0.6790E-03
     1    56     1     3        0  0.1547E+00  0.3773E+01  0.0000E+00  0.6991E-08
     1    56     1     4        0  0.1195E+02  0.4794E-04  0.2408E-01  0.9808E-03
     1    56     1     5        0  0.2158E+00  0.1480E-01  0.0000E+00  0.6332E-08
     1    57     1     1        0  0.0000E+00  0.2655E+02  0.2296E+04  0.1000E+03
     1    57     1     2        0  0.1952E+05  0.6155E-03  0.2752E-01  0.1309E-02
     1    57     1     3        0  0.2453E+00  0.4094E+01  0.0000E+00  0.1002E-07
     1    57     1     4        0  0.8638E+01  0.1231E-03  0.0000E+00  0.8310E-03
     1    57     1     5        0  0.1543E+00  0.1274E-01  0.0000E+00  0.1064E-07
     1    58     1     1        0  0.0000E+00  0.8820E+02  0.8630E+03  0.1000E+03
     1    58     1     2        0  0.6221E+04  0.1849E-02  0.0000E+00  0.3266E-03
     1    58     1     3        0  0.3208E-01  0.6040E+01  0.0000E+00  0.7691E-08
     1    58     1     4        0  0.1479E+01  0.1488E-03  0.0000E+00  0.2095E-03
     1    58     1     5        0  0.1948E-01  0.1805E-01  0.0000E+00  0.1105E-08
     1    59     1     1        0  0.0000E+00  0.2030E+02  0.6632E+03  0.1000E+03
     1    59     1     2        0  0.4342E+04  0.5799E-03  0.0000E+00  0.2772E-03
     1    59     1     3        0  0.2415E-01  0.2828E+01  0.0000E+00  0.3148E-08
     1    59     1     4        0  0.1050E+01  0.3305E-04  0.0000E+00  0.1452E-03
     1    59     1     5        0  0.1073E-01  0.1048E-01  0.0000E+00  0.6633E-09
     1    60     1     1        0  0.0000E+00  0.6371E+01  0.2161E+04  0.1000E+03
     1    60     1     2        0  0.1801E+05  0.9830E-04  0.0000E+00  0.1041E-02
     1    60     1     3        0  0.1872E+00  0.3818E+01  0.0000E+00  0.3391E-08
     1    60     1     4        0  0.8107E+01  0.1105E-03  0.0000E+00  0.7496E-03
     1    60     1     5        0  0.1349E+00  0.1732E-01  0.0000E+00  0.7701E-08
     1    61     1     1        0  0.0000E+00  0.1857E+02  0.2674E+04  0.1000E+03
     1    61     1     2        0  0.2238E+05  0.5570E-03  0.0000E+00  0.7791E-03
     1    61     1     3        0  0.1686E+00  0.4475E+01  0.0000E+00  0.8718E-08
     1    61     1     4        0  0.1192E+02  0.9142E-04  0.2387E-01  0.9908E-03
     1    61     1     5        0  0.2095E+00  0.2040E-01  0.0000E+00  0.7250E-08
     1    62     1     1        0  0.0000E+00  0.3801E+02  0.1998E+04  0.1000E+03
     1    62     1     2        0  0.1644E+05  0.5708E-03  0.2286E-01  0.1235E-02
     1    62     1     3        0  0.2004E+00  0.5736E+01  0.0000E+00  0.8182E-08
     1    62     1     4        0  0.6858E+01  0.1156E-03  0.0000E+00  0.7217E-03
     1    62     1     5        0  0.1147E+00  0.2477E-01  0.0000E+00  0.9016E-08
     1    63     1     1        0  0.0000E+00  0.1000E+03  0.4589E+03  0.1000E+03
     1    63     1     2        0  0.3976E+04  0.3211E-02  0.0000E+00  0.7598E-04
     1    63     1     3        0  0.5074E-02  0.5360E+01  0.0000E+00  0.4893E-08
     1    63     1     4        0  0.5066E+00  0.4360E-04  0.0000E+00  0.5648E-04
     1    63     1     5        0  0.3481E-02  0.2397E-01  0.0000E+00  0.1667E-09
     1    64     1     1        0  0.0000E+00  0.4421E+01  0.1045E+04  0.1000E+03
     1    64     1     2        0  0.7776E+04  0.1516E-03  0.0000E+00  0.2045E-03
     1    64     1     3        0  0.1837E-01  0.3151E+01  0.0000E+00  0.1842E-08
     1    64     1     4        0  0.2167E+01  0.5259E-04  0.0000E+00  0.3697E-03
     1    64     1     5        0  0.2995E-01  0.1456E-01  0.0000E+00  0.7461E-09
     1    65     1     1        0  0.0000E+00  0.1184E+02  0.2316E+04  0.1000E+03
     1    65     1     2        0  0.1926E+05  0.3321E-03  0.2810E-01  0.1294E-02
     1    65     1     3        0  0.2445E+00  0.4443E+01  0.0000E+00  0.4429E-08
     1    65     1     4        0  0.9007E+01  0.1163E-03  0.0000E+00  0.8461E-03
     1    65     1     5        0  0.1590E+00  0.2051E-01  0.0000E+00  0.1044E-07
     1    66     1     1        0  0.0000E+00  0.2456E+02  0.2532E+04  0.1000E+03
     1    66     1     2        0  0.2097E+05  0.6921E-03  0.0000E+00  0.5709E-03
     1    66     1     3        0  0.1167E+00  0.5671E+01  0.0000E+00  0.8223E-08
     1    66     1     4        0  0.1048E+02  0.1135E-03  0.2193E-01  0.9725E-03
     1    66     1     5        0  0.1908E+00  0.2389E-01  0.0000E+00  0.5348E-08
     1    67     1     1        0  0.0000E+00  0.5950E+02  0.1614E+04  0.1000E+03
     1    67     1     2        0  0.1276E+05  0.1296E-02  0.0000E+00  0.1429E-02
     1    67     1     3        0  0.1845E+00  0.9191E+01  0.0000E+00  0.7105E-08
     1    67     1     4        0  0.4480E+01  0.1805E-03  0.0000E+00  0.5894E-03
     1    67     1     5        0  0.7470E-01  0.3720E-01  0.0000E+00  0.8562E-08
     1    68     1     1        0  0.0000E+00  0.3934E+02  0.4439E+03  0.1000E+03
     1    68     1     2        0  0.3791E+04  0.7957E-03  0.0000E+00  0.4402E-04
     1    68     1     3        0  0.4349E-02  0.3054E+00  0.0000E+00  0.2554E-09
     1    69     1     1        0  0.0000E+00  0.3358E+01  0.1421E+04  0.1000E+03
     1    69     1     2        0  0.1105E+05  0.6708E-04  0.0000E+00  0.3094E-03
     1    69     1     3        0  0.3235E-01  0.4234E+01  0.0000E+00  0.1403E-08
     1    69     1     4        0  0.3784E+01  0.9095E-04  0.0000E+00  0.4993E-03
     1    69     1     5        0  0.5703E-01  0.2012E-01  0.0000E+00  0.1575E-08
     1    70     1     1        0  0.0000E+00  0.1643E+02  0.2451E+04  0.1000E+03
     1    70     1     2        0  0.2009E+05  0.4554E-03  0.2844E-01  0.1264E-02
     1    70     1     3        0  0.2446E+00  0.5934E+01  0.0000E+00  0.4494E-08
     1    70     1     4        0  0.1011E+02  0.1526E-03  0.0000E+00  0.9243E-03
     1    70     1     5        0  0.1777E+00  0.3003E-01  0.0000E+00  0.1107E-07
     1    71     1     1        0  0.0000E+00  0.3038E+02  0.2376E+04  0.1000E+03
     1    71     1     2        0  0.1934E+05  0.4262E-03  0.0000E+00  0.5957E-03
     1    71     1     3        0  0.1099E+00  0.8012E+01  0.0000E+00  0.5830E-08
     1    71     1     4        0  0.9507E+01  0.1372E-03  0.0000E+00  0.9295E-03
     1    71     1     5        0  0.1672E+00  0.4062E-01  0.0000E+00  0.5424E-08
     1    72     1     1        0  0.0000E+00  0.9783E+02  0.1248E+04  0.1000E+03
     1    72     1     2        0  0.9260E+04  0.2091E-02  0.0000E+00  0.1263E-02
     1    72     1     3        0  0.1312E+00  0.1730E+02  0.0000E+00  0.4567E-08
     1    72     1     4        0  0.2930E+01  0.3004E-03  0.0000E+00  0.4215E-03
     1    72     1     5        0  0.4288E-01  0.8739E-01  0.0000E+00  0.6017E-08
     1    73     1     1        0  0.0000E+00  0.1943E+02  0.4938E+03  0.1000E+03
     1    73     1     2        0  0.4162E+04  0.5838E-03  0.0000E+00  0.1516E-03
     1    73     1     3        0  0.1330E-01  0.2106E+01  0.0000E+00  0.4733E-09
     1    73     1     4        0  0.1287E+00  0.2656E-04  0.0000E+00  0.1761E-04
     1    74     1     1        0  0.0000E+00  0.7409E+01  0.1699E+04  0.1000E+03
     1    74     1     2        0  0.1354E+05  0.1643E-03  0.0000E+00  0.8828E-03
     1    74     1     3        0  0.1217E+00  0.6146E+01  0.0000E+00  0.1215E-08
     1    74     1     4        0  0.5060E+01  0.1319E-03  0.0000E+00  0.6256E-03
     1    74     1     5        0  0.8563E-01  0.3111E-01  0.0000E+00  0.5210E-08
     1    75     1     1        0  0.0000E+00  0.1878E+02  0.2469E+04  0.1000E+03
     1    75     1     2        0  0.2019E+05  0.4712E-03  0.0000E+00  0.8326E-03
     1    75     1     3        0  0.1600E+00  0.8154E+01  0.0000E+00  0.3325E-08
     1    75     1     4        0  0.1009E+02  0.1691E-03  0.2154E-01  0.9828E-03
     1    75     1     5        0  0.1848E+00  0.4124E-01  0.0000E+00  0.7758E-08
     1    76     1     1        0  0.0000E+00  0.3162E+02  0.2120E+04  0.1000E+03
     1    76     1     2        0  0.1703E+05  0.7940E-03  0.2161E-01  0.1177E-02
     1    76     1     3        0  0.1854E+00  0.1018E+02  0.0000E+00  0.5100E-08
     1    76     1     4        0  0.7613E+01  0.2292E-03  0.0000E+00  0.8545E-03
     1    76     1     5        0  0.1350E+00  0.5022E-01  0.0000E+00  0.9536E-08
     1    77     1     1        0  0.0000E+00  0.8815E+02  0.8162E+03  0.1000E+03
     1    77     1     2        0  0.5242E+04  0.2190E-02  0.0000E+00  0.4170E-03
     1    77     1     3        0  0.3260E-01  0.1567E+02  0.0000E+00  0.2928E-08
     1    77     1     4        0  0.1396E+01  0.2629E-03  0.0000E+00  0.2196E-03
     1    77     1     5        0  0.1730E-01  0.7609E-01  0.0000E+00  0.1387E-08
     1    78     1     1        0  0.0000E+00  0.1982E+02  0.5816E+03  0.1000E+03
     1    78     1     2        0  0.4282E+04  0.5140E-03  0.0000E+00  0.1038E-03
     1    78     1     3        0  0.7376E-02  0.7371E+01  0.0000E+00  0.1010E-08
     1    78     1     4        0  0.7892E+00  0.9930E-04  0.0000E+00  0.1212E-03
     1    78     1     5        0  0.7643E-02  0.3558E-01  0.0000E+00  0.1907E-09
     1    79     1     1        0  0.0000E+00  0.7155E+01  0.1968E+04  0.1000E+03
     1    79     1     2        0  0.1569E+05  0.9457E-04  0.0000E+00  0.7679E-03
     1    79     1     3        0  0.1156E+00  0.9942E+01  0.0000E+00  0.5115E-09
     1    79     1     4        0  0.6683E+01  0.2228E-03  0.0000E+00  0.7465E-03
     1    79     1     5        0  0.1154E+00  0.5207E-01  0.0000E+00  0.5386E-08
     1    80     1     1        0  0.0000E+00  0.1641E+02  0.2463E+04  0.1000E+03
     1    80     1     2        0  0.1987E+05  0.3329E-03  0.2299E-01  0.1065E-02
     1    80     1     3        0  0.1961E+00  0.1042E+02  0.0000E+00  0.1908E-08
     1    80     1     4        0  0.1029E+02  0.3189E-03  0.2159E-01  0.1005E-02
     1    80     1     5        0  0.1841E+00  0.5742E-01  0.0000E+00  0.1003E-07
     1    81     1     1        0  0.0000E+00  0.2415E+02  0.1860E+04  0.1000E+03
     1    81     1     2        0  0.1455E+05  0.6229E-03  0.0000E+00  0.9899E-03
     1    81     1     3        0  0.1366E+00  0.9536E+01  0.0000E+00  0.3311E-08
     1    81     1     4        0  0.6243E+01  0.1634E-03  0.0000E+00  0.7365E-03
     1    81     1     5        0  0.1024E+00  0.5277E-01  0.0000E+00  0.7284E-08
     1    82     1     1        0  0.0000E+00  0.4031E+02  0.4797E+03  0.1000E+03
     1    82     1     2        0  0.4065E+04  0.7291E-03  0.0000E+00  0.1902E-03
     1    82     1     3        0  0.1071E-01  0.5421E+01  0.0000E+00  0.1558E-08
     1    82     1     4        0  0.5711E+00  0.3909E-04  0.0000E+00  0.5693E-04
     1    82     1     5        0  0.3059E-02  0.2930E-01  0.0000E+00  0.3599E-09
     1    83     1     1        0  0.0000E+00  0.1000E+03  0.9386E+03  0.1000E+03
     1    83     1     2        0  0.6432E+04  0.3038E-02  0.0000E+00  0.1832E-03
     1    83     1     3        0  0.1148E-01  0.3803E+02  0.0000E+00  0.2442E-08
     1    83     1     4        0  0.1653E+01  0.4811E-03  0.0000E+00  0.3635E-03
     1    83     1     5        0  0.2429E-01  0.2004E+00  0.0000E+00  0.4210E-09
     1    84     1     1        0  0.0000E+00  0.4846E+01  0.2130E+04  0.1000E+03
     1    84     1     2        0  0.1710E+05  0.1805E-03  0.2254E-01  0.1172E-02
     1    84     1     3        0  0.1914E+00  0.1397E+02  0.0000E+00  0.1138E-08
     1    84     1     4        0  0.7685E+01  0.3183E-03  0.0000E+00  0.8440E-03
     1    84     1     5        0  0.1393E+00  0.7692E-01  0.0000E+00  0.9270E-08
     1    85     1     1        0  0.0000E+00  0.1024E+02  0.2352E+04  0.1000E+03
     1    85     1     2        0  0.1885E+05  0.1775E-03  0.0000E+00  0.6990E-03
     1    85     1     3        0  0.1257E+00  0.9765E+01  0.0000E+00  0.1057E-08
     1    85     1     4        0  0.9514E+01  0.1472E-03  0.0000E+00  0.9853E-03
     1    85     1     5        0  0.1710E+00  0.5433E-01  0.0000E+00  0.6661E-08
     1    86     1     1        0  0.0000E+00  0.1734E+02  0.1517E+04  0.1000E+03
     1    86     1     2        0  0.1145E+05  0.2231E-03  0.0000E+00  0.1342E-02
     1    86     1     3        0  0.1516E+00  0.6295E+01  0.0000E+00  0.2529E-08
     1    86     1     4        0  0.4379E+01  0.9762E-04  0.0000E+00  0.6024E-03
     1    86     1     5        0  0.6811E-01  0.3345E-01  0.0000E+00  0.8160E-08
     1    87     1     1        0  0.0000E+00  0.2921E+02  0.4645E+03  0.1000E+03
     1    87     1     2        0  0.3907E+04  0.9202E-03  0.0000E+00  0.5895E-04
     1    87     1     3        0  0.5068E-02  0.1030E+01  0.0000E+00  0.3427E-09
     1    87     1     4        0  0.4596E-01  0.2301E-05  0.0000E+00  0.1568E-04
     1    88     1     1        0  0.0000E+00  0.1000E+03  0.1296E+04  0.1000E+03
     1    88     1     2        0  0.9579E+04  0.2733E-02  0.0000E+00  0.4338E-03
     1    88     1     3        0  0.4080E-01  0.3238E+02  0.0000E+00  0.3566E-08
     1    88     1     4        0  0.3046E+01  0.3835E-03  0.0000E+00  0.4941E-03
     1    88     1     5        0  0.4863E-01  0.1616E+00  0.0000E+00  0.2060E-08
     1    89     1     1        0  0.0000E+00  0.8918E+01  0.2269E+04  0.1000E+03
     1    89     1     2        0  0.1808E+05  0.3180E-03  0.2252E-01  0.1124E-02
     1    89     1     3        0  0.1900E+00  0.1284E+02  0.0000E+00  0.2248E-08
     1    89     1     4        0  0.8916E+01  0.3235E-03  0.0000E+00  0.9236E-03
     1    89     1     5        0  0.1583E+00  0.7062E-01  0.0000E+00  0.9690E-08
     1    90     1     1        0  0.0000E+00  0.7767E+01  0.2222E+04  0.1000E+03
     1    90     1     2        0  0.1751E+05  0.6847E-04  0.0000E+00  0.7489E-03
     1    90     1     3        0  0.1231E+00  0.7232E+01  0.0000E+00  0.1332E-08
     1    90     1     4        0  0.8963E+01  0.1884E-03  0.0000E+00  0.9431E-03
     1    90     1     5        0  0.1516E+00  0.4194E-01  0.0000E+00  0.6823E-08
     1    91     1     1        0  0.0000E+00  0.1665E+02  0.1183E+04  0.1000E+03
     1    91     1     2        0  0.8313E+04  0.4814E-03  0.0000E+00  0.1187E-02
     1    91     1     3        0  0.1088E+00  0.4006E+01  0.0000E+00  0.4157E-08
     1    91     1     4        0  0.3058E+01  0.8883E-04  0.0000E+00  0.4362E-03
     1    91     1     5        0  0.3946E-01  0.2252E-01  0.0000E+00  0.5696E-08
     1    92     1     1        0  0.0000E+00  0.3183E+02  0.4994E+03  0.1000E+03
     1    92     1     2        0  0.4137E+04  0.9066E-03  0.0000E+00  0.1471E-03
     1    92     1     3        0  0.1178E-01  0.6264E+00  0.0000E+00  0.1121E-08
     1    93     1     1        0  0.0000E+00  0.1000E+03  0.1567E+04  0.1000E+03
     1    93     1     2        0  0.1201E+05  0.3393E-02  0.0000E+00  0.9090E-03
     1    93     1     3        0  0.1074E+00  0.2890E+02  0.0000E+00  0.5796E-08
     1    93     1     4        0  0.4330E+01  0.6285E-03  0.0000E+00  0.6200E-03
     1    93     1     5        0  0.7493E-01  0.1570E+00  0.0000E+00  0.5326E-08
     1    94     1     1        0  0.0000E+00  0.6011E+01  0.2305E+04  0.1000E+03
     1    94     1     2        0  0.1835E+05  0.3276E-03  0.0000E+00  0.8101E-03
     1    94     1     3        0  0.1388E+00  0.8714E+01  0.0000E+00  0.2957E-08
     1    94     1     4        0  0.9380E+01  0.2110E-03  0.1983E-01  0.9828E-03
     1    94     1     5        0  0.1667E+00  0.5046E-01  0.0000E+00  0.7493E-08
     1    95     1     1        0  0.0000E+00  0.9279E+01  0.1999E+04  0.1000E+03
     1    95     1     2        0  0.1553E+05  0.1600E-03  0.1998E-01  0.1204E-02
     1    95     1     3        0  0.1680E+00  0.5004E+01  0.0000E+00  0.3042E-08
     1    95     1     4        0  0.7532E+01  0.8997E-04  0.0000E+00  0.8717E-03
     1    95     1     5        0  0.1237E+00  0.2816E-01  0.0000E+00  0.9854E-08
     1    96     1     1        0  0.0000E+00  0.1966E+02  0.7876E+03  0.1000E+03
     1    96     1     2        0  0.4730E+04  0.3741E-03  0.0000E+00  0.4292E-03
     1    96     1     3        0  0.3237E-01  0.2459E+01  0.0000E+00  0.5308E-08
     1    96     1     4        0  0.1554E+01  0.4256E-04  0.0000E+00  0.2293E-03
     1    96     1     5        0  0.1622E-01  0.1217E-01  0.0000E+00  0.1466E-08
     1    97     1     1        0  0.0000E+00  0.4516E+02  0.5183E+03  0.1000E+03
     1    97     1     2        0  0.4200E+04  0.1231E-02  0.0000E+00  0.2334E-03
     1    97     1     3        0  0.1662E-01  0.2844E+01  0.0000E+00  0.4345E-08
     1    97     1     4        0  0.5856E+00  0.4710E-04  0.0000E+00  0.1038E-03
     1    97     1     5        0  0.5755E-02  0.1288E-01  0.0000E+00  0.3918E-09
     1    98     1     1        0  0.0000E+00  0.4511E+02  0.1828E+04  0.1000E+03
     1    98     1     2        0  0.1410E+05  0.1669E-02  0.0000E+00  0.8767E-03
     1    98     1     3        0  0.1189E+00  0.1501E+02  0.0000E+00  0.5914E-08
     1    98     1     4        0  0.6021E+01  0.1795E-03  0.0000E+00  0.7418E-03
     1    98     1     5        0  0.1025E+00  0.7786E-01  0.0000E+00  0.6123E-08
     1    99     1     1        0  0.0000E+00  0.2296E+01  0.2314E+04  0.1000E+03
     1    99     1     2        0  0.1815E+05  0.4561E-04  0.0000E+00  0.9551E-03
     1    99     1     3        0  0.1585E+00  0.5979E+01  0.0000E+00  0.1997E-08
     1    99     1     4        0  0.9924E+01  0.1382E-03  0.2006E-01  0.1012E-02
     1    99     1     5        0  0.1672E+00  0.3526E-01  0.0000E+00  0.8978E-08
     1   100     1     1        0  0.0000E+00  0.1294E+02  0.1763E+04  0.1000E+03
     1   100     1     2        0  0.1329E+05  0.3269E-03  0.0000E+00  0.1121E-02
     1   100     1     3        0  0.1401E+00  0.3783E+01  0.0000E+00  0.5637E-08
     1   100     1     4        0  0.6337E+01  0.8139E-04  0.0000E+00  0.7486E-03
     1   100     1     5        0  0.9432E-01  0.2201E-01  0.0000E+00  0.8231E-08
     1   101     1     1        0  0.0000E+00  0.2575E+02  0.4838E+03  0.1000E+03
     1   101     1     2        0  0.4009E+04  0.4538E-03  0.0000E+00  0.1825E-03
     1   101     1     3        0  0.1014E-01  0.1650E+01  0.0000E+00  0.5233E-08
     1   101     1     4        0  0.6653E+00  0.1710E-04  0.0000E+00  0.5895E-04
     1   101     1     5        0  0.2919E-02  0.8632E-02  0.0000E+00  0.4057E-09
     1   102     1     1        0  0.0000E+00  0.1000E+03  0.8601E+03  0.1000E+03
     1   102     1     2        0  0.5502E+04  0.2935E-02  0.0000E+00  0.3361E-03
     1   102     1     3        0  0.1820E-01  0.9310E+01  0.0000E+00  0.9866E-08
     1   102     1     4        0  0.1430E+01  0.8149E-04  0.0000E+00  0.3573E-03
     1   102     1     5        0  0.2042E-01  0.4790E-01  0.0000E+00  0.7507E-09
     1   103     1     1        0  0.0000E+00  0.1490E+02  0.1996E+04  0.1000E+03
     1   103     1     2        0  0.1550E+05  0.4760E-03  0.2046E-01  0.1158E-02
     1   103     1     3        0  0.1694E+00  0.7425E+01  0.0000E+00  0.4635E-08
     1   103     1     4        0  0.7322E+01  0.1495E-03  0.0000E+00  0.8406E-03
     1   103     1     5        0  0.1251E+00  0.4307E-01  0.0000E+00  0.9103E-08
     1   104     1     1        0  0.0000E+00  0.6399E+01  0.2225E+04  0.1000E+03
     1   104     1     2        0  0.1729E+05  0.6990E-04  0.0000E+00  0.7139E-03
     1   104     1     3        0  0.1162E+00  0.4448E+01  0.0000E+00  0.3755E-08
     1   104     1     4        0  0.9435E+01  0.8141E-04  0.0000E+00  0.9930E-03
     1   104     1     5        0  0.1564E+00  0.2616E-01  0.0000E+00  0.6824E-08
     1   105     1     1        0  0.0000E+00  0.1759E+02  0.1452E+04  0.1000E+03
     1   105     1     2        0  0.1050E+05  0.3296E-03  0.0000E+00  0.1344E-02
     1   105     1     3        0  0.1410E+00  0.2947E+01  0.0000E+00  0.7487E-08
     1   105     1     4        0  0.4399E+01  0.8329E-04  0.0000E+00  0.6094E-03
     1   105     1     5        0  0.6325E-01  0.1480E-01  0.0000E+00  0.8200E-08
     1   106     1     1        0  0.0000E+00  0.3736E+02  0.4692E+03  0.1000E+03
     1   106     1     2        0  0.3849E+04  0.1127E-02  0.0000E+00  0.5656E-04
     1   106     1     3        0  0.4558E-02  0.6624E+00  0.0000E+00  0.1102E-08
     1   107     1     1        0  0.0000E+00  0.1000E+03  0.1203E+04  0.1000E+03
     1   107     1     2        0  0.8465E+04  0.3081E-02  0.0000E+00  0.3430E-03
     1   107     1     3        0  0.2716E-01  0.1479E+02  0.0000E+00  0.8199E-08
     1   107     1     4        0  0.2834E+01  0.1936E-03  0.0000E+00  0.4878E-03
     1   107     1     5        0  0.4232E-01  0.7071E-01  0.0000E+00  0.1573E-08
     1   108     1     1        0  0.0000E+00  0.3171E+01  0.2138E+04  0.1000E+03
     1   108     1     2        0  0.1651E+05  0.1303E-03  0.2228E-01  0.1190E-02
     1   108     1     3        0  0.1829E+00  0.5113E+01  0.0000E+00  0.2775E-08
     1   108     1     4        0  0.8756E+01  0.8439E-04  0.0000E+00  0.9212E-03
     1   108     1     5        0  0.1433E+00  0.2992E-01  0.0000E+00  0.1020E-07
     1   109     1     1        0  0.0000E+00  0.1156E+02  0.2112E+04  0.1000E+03
     1   109     1     2        0  0.1608E+05  0.2846E-03  0.0000E+00  0.6819E-03
     1   109     1     3        0  0.1032E+00  0.3748E+01  0.0000E+00  0.7100E-08
     1   109     1     4        0  0.8896E+01  0.7860E-04  0.0000E+00  0.9516E-03
     1   109     1     5        0  0.1393E+00  0.2232E-01  0.0000E+00  0.6270E-08
     1   110     1     1        0  0.0000E+00  0.2404E+02  0.1140E+04  0.1000E+03
     1   110     1     2        0  0.7646E+04  0.4062E-03  0.0000E+00  0.1303E-02
     1   110     1     3        0  0.1094E+00  0.2637E+01  0.0000E+00  0.1004E-07
     1   110     1     4        0  0.2978E+01  0.6217E-04  0.0000E+00  0.4489E-03
     1   110     1     5        0  0.3695E-01  0.1379E-01  0.0000E+00  0.6205E-08
     1   111     1     1        0  0.0000E+00  0.7249E+02  0.4966E+03  0.1000E+03
     1   111     1     2        0  0.4003E+04  0.1730E-02  0.0000E+00  0.1416E-03
     1   111     1     3        0  0.1012E-01  0.9693E+00  0.0000E+00  0.1614E-08
     1   112     1     1        0  0.0000E+00  0.2283E+02  0.1469E+04  0.1000E+03
     1   112     1     2        0  0.1081E+05  0.7896E-03  0.0000E+00  0.8718E-03
     1   112     1     3        0  0.9271E-01  0.6036E+01  0.0000E+00  0.6444E-08
     1   112     1     4        0  0.4269E+01  0.9383E-04  0.0000E+00  0.6133E-03
     1   112     1     5        0  0.6655E-01  0.3408E-01  0.0000E+00  0.5022E-08
     1   113     1     1        0  0.0000E+00  0.4884E+01  0.2187E+04  0.1000E+03
     1   113     1     2        0  0.1685E+05  0.6033E-04  0.0000E+00  0.8478E-03
     1   113     1     3        0  0.1325E+00  0.4126E+01  0.0000E+00  0.4235E-08
     1   113     1     4        0  0.9282E+01  0.9071E-04  0.0000E+00  0.9812E-03
     1   113     1     5        0  0.1521E+00  0.2472E-01  0.0000E+00  0.7785E-08
     1   114     1     1        0  0.0000E+00  0.1672E+02  0.1913E+04  0.1000E+03
     1   114     1     2        0  0.1433E+05  0.5489E-03  0.1874E-01  0.1156E-02
     1   114     1     3        0  0.1529E+00  0.3338E+01  0.0000E+00  0.1065E-07
     1   114     1     4        0  0.7214E+01  0.6939E-04  0.0000E+00  0.8806E-03
     1   114     1     5        0  0.1145E+00  0.1725E-01  0.0000E+00  0.9428E-08
     1   115     1     1        0  0.0000E+00  0.3454E+02  0.7714E+03  0.1000E+03
     1   115     1     2        0  0.4399E+04  0.5903E-03  0.0000E+00  0.5932E-03
     1   115     1     3        0  0.3902E-01  0.2389E+01  0.0000E+00  0.1002E-07
     1   115     1     4        0  0.1439E+01  0.4283E-04  0.0000E+00  0.2413E-03
     1   115     1     5        0  0.1554E-01  0.1025E-01  0.0000E+00  0.1981E-08
     1   116     1     1        0  0.0000E+00  0.1000E+03  0.5034E+03  0.1000E+03
     1   116     1     2        0  0.4036E+04  0.2241E-02  0.0000E+00  0.2581E-03
     1   116     1     3        0  0.1711E-01  0.5895E+01  0.0000E+00  0.5022E-08
     1   116     1     4        0  0.5891E+00  0.1064E-03  0.0000E+00  0.8966E-04
     1   116     1     5        0  0.4419E-02  0.2685E-01  0.0000E+00  0.4146E-09
     1   117     1     1        0  0.0000E+00  0.5100E+01  0.1725E+04  0.1000E+03
     1   117     1     2        0  0.1285E+05  0.1853E-03  0.0000E+00  0.8817E-03
     1   117     1     3        0  0.1085E+00  0.4426E+01  0.0000E+00  0.2977E-08
     1   117     1     4        0  0.6014E+01  0.8253E-04  0.0000E+00  0.7357E-03
     1   117     1     5        0  0.9229E-01  0.2551E-01  0.0000E+00  0.6085E-08
     1   118     1     1        0  0.0000E+00  0.1071E+02  0.2205E+04  0.1000E+03
     1   118     1     2        0  0.1678E+05  0.2567E-03  0.0000E+00  0.9459E-03
     1   118     1     3        0  0.1441E+00  0.3824E+01  0.0000E+00  0.7300E-08
     1   118     1     4        0  0.9637E+01  0.6889E-04  0.1897E-01  0.1015E-02
     1   118     1     5        0  0.1537E+00  0.2326E-01  0.0000E+00  0.8848E-08
     1   119     1     1        0  0.0000E+00  0.2307E+02  0.1696E+04  0.1000E+03
     1   119     1     2        0  0.1233E+05  0.6458E-03  0.0000E+00  0.1154E-02
     1   119     1     3        0  0.1359E+00  0.3435E+01  0.0000E+00  0.1225E-07
     1   119     1     4        0  0.5859E+01  0.7695E-04  0.0000E+00  0.7620E-03
     1   119     1     5        0  0.8807E-01  0.1864E-01  0.0000E+00  0.8338E-08
     1   120     1     1        0  0.0000E+00  0.6036E+02  0.4808E+03  0.1000E+03
     1   120     1     2        0  0.3875E+04  0.1842E-02  0.0000E+00  0.2299E-03
     1   120     1     3        0  0.1123E-01  0.2693E+01  0.0000E+00  0.8178E-08
     1   120     1     4        0  0.5636E+00  0.3462E-04  0.0000E+00  0.6449E-04
     1   120     1     5        0  0.2969E-02  0.1378E-01  0.0000E+00  0.4960E-09
     1   121     1     1        0  0.0000E+00  0.3190E+02  0.7992E+03  0.1000E+03
     1   121     1     2        0  0.4809E+04  0.9890E-03  0.0000E+00  0.2708E-03
     1   121     1     3        0  0.1370E-01  0.4487E+01  0.0000E+00  0.7345E-08
     1   121     1     4        0  0.1494E+01  0.8317E-04  0.0000E+00  0.3396E-03
     1   121     1     5        0  0.1745E-01  0.2500E-01  0.0000E+00  0.5268E-09
     1   122     1     1        0  0.0000E+00  0.3542E+01  0.1897E+04  0.1000E+03
     1   122     1     2        0  0.1427E+05  0.5881E-04  0.1870E-01  0.1111E-02
     1   122     1     3        0  0.1506E+00  0.3932E+01  0.0000E+00  0.3629E-08
     1   122     1     4        0  0.7197E+01  0.8086E-04  0.0000E+00  0.8357E-03
     1   122     1     5        0  0.1140E+00  0.2392E-01  0.0000E+00  0.8652E-08
     1   123     1     1        0  0.0000E+00  0.1598E+02  0.2134E+04  0.1000E+03
     1   123     1     2        0  0.1608E+05  0.2929E-03  0.0000E+00  0.7640E-03
     1   123     1     3        0  0.1138E+00  0.3797E+01  0.0000E+00  0.7296E-08
     1   123     1     4        0  0.8783E+01  0.7706E-04  0.0000E+00  0.9972E-03
     1   123     1     5        0  0.1450E+00  0.2092E-01  0.0000E+00  0.7187E-08
     1   124     1     1        0  0.0000E+00  0.3223E+02  0.1408E+04  0.1000E+03
     1   124     1     2        0  0.9822E+04  0.9190E-03  0.0000E+00  0.1333E-02
     1   124     1     3        0  0.1298E+00  0.3800E+01  0.0000E+00  0.1222E-07
     1   124     1     4        0  0.3977E+01  0.6069E-04  0.0000E+00  0.6204E-03
     1   124     1     5        0  0.5985E-01  0.1788E-01  0.0000E+00  0.7990E-08
     1   125     1     1        0  0.0000E+00  0.1000E+03  0.4674E+03  0.1000E+03
     1   125     1     2        0  0.3738E+04  0.2264E-02  0.0000E+00  0.5508E-04
     1   125     1     3        0  0.4074E-02  0.1175E+01  0.0000E+00  0.1261E-08
     1   125     1     4        0  0.4127E-01  0.5617E-05  0.0000E+00  0.1790E-04
     1   126     1     1        0  0.0000E+00  0.8375E+01  0.1130E+04  0.1000E+03
     1   126     1     2        0  0.7646E+04  0.1828E-03  0.0000E+00  0.3045E-03
     1   126     1     3        0  0.2149E-01  0.3776E+01  0.0000E+00  0.2856E-08
     1   126     1     4        0  0.2862E+01  0.6089E-04  0.0000E+00  0.4803E-03
     1   126     1     5        0  0.3750E-01  0.2137E-01  0.0000E+00  0.1380E-08
     1   127     1     1        0  0.0000E+00  0.9661E+01  0.2041E+04  0.1000E+03
     1   127     1     2        0  0.1534E+05  0.1630E-03  0.2186E-01  0.1205E-02
     1   127     1     3        0  0.1750E+00  0.4026E+01  0.0000E+00  0.4980E-08
     1   127     1     4        0  0.8301E+01  0.8226E-04  0.0000E+00  0.9172E-03
     1   127     1     5        0  0.1320E+00  0.2478E-01  0.0000E+00  0.1023E-07
     1   128     1     1        0  0.0000E+00  0.2184E+02  0.2033E+04  0.1000E+03
     1   128     1     2        0  0.1506E+05  0.5444E-03  0.0000E+00  0.6698E-03
     1   128     1     3        0  0.9582E-01  0.4314E+01  0.0000E+00  0.1021E-07
     1   128     1     4        0  0.8047E+01  0.1158E-03  0.0000E+00  0.9569E-03
     1   128     1     5        0  0.1304E+00  0.2496E-01  0.0000E+00  0.6090E-08
     1   129     1     1        0  0.0000E+00  0.4996E+02  0.1112E+04  0.1000E+03
     1   129     1     2        0  0.7220E+04  0.1138E-02  0.0000E+00  0.1342E-02
     1   129     1     3        0  0.1051E+00  0.5252E+01  0.0000E+00  0.9259E-08
     1   129     1     4        0  0.2625E+01  0.1525E-03  0.0000E+00  0.4657E-03
     1   129     1     5        0  0.3553E-01  0.2878E-01  0.0000E+00  0.6466E-08
     1   130     1     1        0  0.0000E+00  0.5288E+02  0.4908E+03  0.1000E+03
     1   130     1     2        0  0.3870E+04  0.1318E-02  0.0000E+00  0.1069E-03
     1   130     1     3        0  0.7334E-02  0.1924E+01  0.0000E+00  0.8790E-09
     1   130     1     4        0  0.7135E-01  0.2936E-04  0.0000E+00  0.1853E-04
     1   131     1     1        0  0.0000E+00  0.1321E+01  0.1394E+04  0.1000E+03
     1   131     1     2        0  0.9956E+04  0.5396E-05  0.0000E+00  0.8483E-03
     1   131     1     3        0  0.8393E-01  0.3830E+01  0.0000E+00  0.2281E-08
     1   131     1     4        0  0.4109E+01  0.6695E-04  0.0000E+00  0.6053E-03
     1   131     1     5        0  0.6034E-01  0.2319E-01  0.0000E+00  0.4788E-08
     1   132     1     1        0  0.0000E+00  0.1469E+02  0.2099E+04  0.1000E+03
     1   132     1     2        0  0.1579E+05  0.3690E-03  0.0000E+00  0.8702E-03
     1   132     1     3        0  0.1266E+00  0.4446E+01  0.0000E+00  0.5859E-08
     1   132     1     4        0  0.8457E+01  0.7427E-04  0.0000E+00  0.9778E-03
     1   132     1     5        0  0.1416E+00  0.2606E-01  0.0000E+00  0.7851E-08
     1   133     1     1        0  0.0000E+00  0.2892E+02  0.1852E+04  0.1000E+03
     1   133     1     2        0  0.1352E+05  0.7360E-03  0.0000E+00  0.1120E-02
     1   133     1     3        0  0.1400E+00  0.5263E+01  0.0000E+00  0.1069E-07
     1   133     1     4        0  0.6526E+01  0.1269E-03  0.0000E+00  0.8871E-03
     1   133     1     5        0  0.1085E+00  0.2802E-01  0.0000E+00  0.9156E-08
     1   134     1     1        0  0.0000E+00  0.1000E+03  0.7634E+03  0.1000E+03
     1   134     1     2        0  0.4237E+04  0.2223E-02  0.0000E+00  0.5865E-03
     1   134     1     3        0  0.3710E-01  0.9131E+01  0.0000E+00  0.7355E-08
     1   134     1     4        0  0.1292E+01  0.1094E-03  0.0000E+00  0.2558E-03
     1   134     1     5        0  0.1542E-01  0.4808E-01  0.0000E+00  0.2029E-08
     1   135     1     1        0  0.0000E+00  0.1643E+02  0.4955E+03  0.1000E+03
     1   135     1     2        0  0.3902E+04  0.6087E-03  0.0000E+00  0.1977E-03
     1   135     1     3        0  0.1428E-01  0.2873E+01  0.0000E+00  0.2016E-08
     1   135     1     4        0  0.5871E+00  0.3549E-04  0.0000E+00  0.7719E-04
     1   135     1     5        0  0.3448E-02  0.1603E-01  0.0000E+00  0.3858E-09
     1   136     1     1        0  0.0000E+00  0.7453E+01  0.1645E+04  0.1000E+03
     1   136     1     2        0  0.1199E+05  0.1845E-03  0.0000E+00  0.9082E-03
     1   136     1     3        0  0.1054E+00  0.4481E+01  0.0000E+00  0.3080E-08
     1   136     1     4        0  0.5509E+01  0.9895E-04  0.0000E+00  0.7283E-03
     1   136     1     5        0  0.8502E-01  0.2757E-01  0.0000E+00  0.6153E-08
     1   137     1     1        0  0.0000E+00  0.1939E+02  0.2124E+04  0.1000E+03
     1   137     1     2        0  0.1586E+05  0.4927E-03  0.0000E+00  0.9123E-03
     1   137     1     3        0  0.1307E+00  0.5502E+01  0.0000E+00  0.6622E-08
     1   137     1     4        0  0.8622E+01  0.1120E-03  0.1820E-01  0.1017E-02
     1   137     1     5        0  0.1447E+00  0.3388E-01  0.0000E+00  0.8456E-08
     1   138     1     1        0  0.0000E+00  0.3795E+02  0.1648E+04  0.1000E+03
     1   138     1     2        0  0.1174E+05  0.5765E-03  0.0000E+00  0.1185E-02
     1   138     1     3        0  0.1310E+00  0.7227E+01  0.0000E+00  0.7032E-08
     1   138     1     4        0  0.5292E+01  0.1164E-03  0.0000E+00  0.7731E-03
     1   138     1     5        0  0.8447E-01  0.4315E-01  0.0000E+00  0.8731E-08
     1   139     1     1        0  0.0000E+00  0.1000E+03  0.4752E+03  0.1000E+03
     1   139     1     2        0  0.3768E+04  0.2667E-02  0.0000E+00  0.1525E-03
     1   139     1     3        0  0.7696E-02  0.7857E+01  0.0000E+00  0.4372E-08
     1   139     1     4        0  0.5071E+00  0.1260E-03  0.0000E+00  0.7326E-04
     1   139     1     5        0  0.3205E-02  0.4745E-01  0.0000E+00  0.3779E-09
     1   140     1     1        0  0.0000E+00  0.5085E+01  0.7498E+03  0.1000E+03
     1   140     1     2        0  0.4322E+04  0.2452E-03  0.0000E+00  0.1344E-03
     1   140     1     3        0  0.7517E-02  0.3885E+01  0.0000E+00  0.1649E-08
     1   140     1     4        0  0.1348E+01  0.5791E-04  0.0000E+00  0.3143E-03
     1   140     1     5        0  0.1529E-01  0.2342E-01  0.0000E+00  0.4045E-09
     1   141     1     1        0  0.0000E+00  0.1151E+02  0.1821E+04  0.1000E+03
     1   141     1     2        0  0.1345E+05  0.1999E-03  0.0000E+00  0.1070E-02
     1   141     1     3        0  0.1377E+00  0.5633E+01  0.0000E+00  0.2539E-08
     1   141     1     4        0  0.6404E+01  0.1018E-03  0.0000E+00  0.8297E-03
     1   141     1     5        0  0.1065E+00  0.3473E-01  0.0000E+00  0.8232E-08
     1   142     1     1        0  0.0000E+00  0.2308E+02  0.2066E+04  0.1000E+03
     1   142     1     2        0  0.1532E+05  0.5357E-03  0.0000E+00  0.8080E-03
     1   142     1     3        0  0.1136E+00  0.7010E+01  0.0000E+00  0.5806E-08
     1   142     1     4        0  0.7978E+01  0.1025E-03  0.0000E+00  0.9999E-03
     1   142     1     5        0  0.1380E+00  0.4192E-01  0.0000E+00  0.7514E-08
     1   143     1     1        0  0.0000E+00  0.4627E+02  0.1377E+04  0.1000E+03
     1   143     1     2        0  0.9448E+04  0.1125E-02  0.0000E+00  0.1271E-02
     1   143     1     3        0  0.1176E+00  0.9533E+01  0.0000E+00  0.6526E-08
     1   143     1     4        0  0.3734E+01  0.2101E-03  0.0000E+00  0.6318E-03
     1   143     1     5        0  0.5830E-01  0.5531E-01  0.0000E+00  0.7926E-08
     1   144     1     1        0  0.0000E+00  0.9389E+02  0.4631E+03  0.1000E+03
     1   144     1     2        0  0.3660E+04  0.2083E-02  0.0000E+00  0.5278E-04
     1   144     1     3        0  0.3437E-02  0.3102E+01  0.0000E+00  0.6020E-09
     1   144     1     4        0  0.5176E-01  0.5100E-05  0.0000E+00  0.1899E-04
     1   145     1     1        0  0.0000E+00  0.1545E+01  0.1072E+04  0.1000E+03
     1   145     1     2        0  0.7085E+04  0.6746E-04  0.0000E+00  0.2538E-03
     1   145     1     3        0  0.1602E-01  0.5936E+01  0.0000E+00  0.6609E-09
     1   145     1     4        0  0.2462E+01  0.1220E-03  0.0000E+00  0.4720E-03
     1   145     1     5        0  0.3411E-01  0.3565E-01  0.0000E+00  0.1137E-08
     1   146     1     1        0  0.0000E+00  0.1349E+02  0.1966E+04  0.1000E+03
     1   146     1     2        0  0.1458E+05  0.3186E-03  0.2132E-01  0.1230E-02
     1   146     1     3        0  0.1686E+00  0.7569E+01  0.0000E+00  0.2405E-08
     1   146     1     4        0  0.7356E+01  0.2129E-03  0.0000E+00  0.9125E-03
     1   146     1     5        0  0.1247E+00  0.4776E-01  0.0000E+00  0.1034E-07
     1   147     1     1        0  0.0000E+00  0.2374E+02  0.1975E+04  0.1000E+03
     1   147     1     2        0  0.1445E+05  0.5661E-03  0.0000E+00  0.6464E-03
     1   147     1     3        0  0.8741E-01  0.8657E+01  0.0000E+00  0.4579E-08
     1   147     1     4        0  0.7412E+01  0.1480E-03  0.0000E+00  0.9611E-03
     1   147     1     5        0  0.1254E+00  0.5491E-01  0.0000E+00  0.5934E-08
     1   148     1     1        0  0.0000E+00  0.4309E+02  0.1094E+04  0.1000E+03
     1   148     1     2        0  0.7016E+04  0.1283E-02  0.0000E+00  0.1380E-02
     1   148     1     3        0  0.1014E+00  0.9647E+01  0.0000E+00  0.5088E-08
     1   148     1     4        0  0.2562E+01  0.2316E-03  0.0000E+00  0.4812E-03
     1   148     1     5        0  0.3516E-01  0.6010E-01  0.0000E+00  0.6872E-08
     1   149     1     1        0  0.0000E+00  0.1000E+03  0.4844E+03  0.1000E+03
     1   149     1     2        0  0.3784E+04  0.2930E-02  0.0000E+00  0.8235E-04
     1   149     1     3        0  0.5428E-02  0.4753E+01  0.0000E+00  0.3273E-09
     1   149     1     4        0  0.3439E-01  0.6805E-04  0.0000E+00  0.1874E-04
     1   150     1     1        0  0.0000E+00  0.2253E+01  0.4779E+03  0.1000E+03
     1   150     1     2        0  0.4197E+03  0.9527E-06  0.0000E+00  0.1540E-04
     1   150     1     3        0  0.5570E-04  0.5745E+00  0.0000E+00  0.4587E-09
